./selective -af -ber 1e-4 
=========================================================================
                          Station A                                 
-------------------------------------------------------------------------
Protocol.lib, version 3.0, Build: Oct 19 2009 (jiangy@public3.bta.net.cn)
Channel: 8000 bps, 270 ms propagation delay, bit error rate 1.0E-04
Log file "./selective-A.log", TCP port 59144, debug mask 0x00
Station A is waiting for station B on TCP port 59144 ... Done.
New epoch: Sun Nov 22 22:24:57 2009
=========================================================================
Designed by JackalDire
3.014 .... 5 packets received, 3765 bps, 47.06%, Err 1 (6.7e-05)
6.225 .... 10 packets received, 3453 bps, 43.16%, Err 4 (1.3e-04)
9.160 .... 14 packets received, 3234 bps, 40.42%, Err 8 (1.8e-04)
11.344 .... 15 packets received, 2780 bps, 34.75%, Err 8 (1.6e-04)
19.239 .... 19 packets received, 2054 bps, 25.68%, Err 9 (1.3e-04)
21.291 .... 25 packets received, 2438 bps, 30.48%, Err 10 (1.2e-04)
27.215 .... 29 packets received, 2206 bps, 27.58%, Err 12 (1.1e-04)
29.367 .... 36 packets received, 2536 bps, 31.70%, Err 13 (1.1e-04)
31.529 .... 41 packets received, 2688 bps, 33.60%, Err 13 (9.5e-05)
34.210 .... 44 packets received, 2657 bps, 33.21%, Err 15 (9.8e-05)
36.380 .... 46 packets received, 2611 bps, 32.63%, Err 15 (9.4e-05)
38.557 .... 51 packets received, 2730 bps, 34.12%, Err 15 (8.8e-05)
43.665 .... 53 packets received, 2503 bps, 31.28%, Err 20 (1.0e-04)
45.860 .... 61 packets received, 2742 bps, 34.27%, Err 20 (9.9e-05)
48.788 .... 66 packets received, 2787 bps, 34.84%, Err 21 (9.7e-05)
51.181 .... 70 packets received, 2817 bps, 35.22%, Err 23 (9.9e-05)
53.872 .... 74 packets received, 2829 bps, 35.36%, Err 25 (1.0e-04)
57.399 .... 76 packets received, 2726 bps, 34.07%, Err 27 (1.1e-04)
59.789 .... 83 packets received, 2857 bps, 35.71%, Err 29 (1.1e-04)
61.907 .... 86 packets received, 2859 bps, 35.73%, Err 32 (1.1e-04)
64.065 .... 93 packets received, 2987 bps, 37.33%, Err 32 (1.1e-04)
66.662 .... 99 packets received, 3055 bps, 38.19%, Err 32 (1.0e-04)
68.811 .... 105 packets received, 3138 bps, 39.23%, Err 32 (1.0e-04)
74.198 .... 107 packets received, 2965 bps, 37.06%, Err 34 (1.0e-04)
77.142 .... 113 packets received, 3011 bps, 37.64%, Err 36 (1.0e-04)
79.562 .... 118 packets received, 3049 bps, 38.11%, Err 36 (1.0e-04)
81.681 .... 122 packets received, 3070 bps, 38.37%, Err 37 (9.9e-05)
84.388 .... 127 packets received, 3093 bps, 38.66%, Err 39 (1.0e-04)
86.804 .... 129 packets received, 3054 bps, 38.17%, Err 40 (1.0e-04)
88.977 .... 135 packets received, 3118 bps, 38.97%, Err 41 (1.0e-04)
91.698 .... 140 packets received, 3137 bps, 39.21%, Err 41 (9.9e-05)
94.100 .... 146 packets received, 3188 bps, 39.84%, Err 42 (9.8e-05)
97.071 .... 151 packets received, 3195 bps, 39.94%, Err 44 (9.8e-05)
101.936 .... 156 packets received, 3143 bps, 39.29%, Err 47 (1.0e-04)
104.608 .... 161 packets received, 3161 bps, 39.51%, Err 48 (1.0e-04)
110.804 .... 165 packets received, 3058 bps, 38.22%, Err 51 (1.0e-04)
114.262 .... 172 packets received, 3091 bps, 38.64%, Err 54 (1.0e-04)
116.656 .... 176 packets received, 3098 bps, 38.72%, Err 55 (1.0e-04)
119.956 .... 180 packets received, 3081 bps, 38.51%, Err 56 (1.0e-04)
122.376 .... 184 packets received, 3087 bps, 38.58%, Err 58 (1.0e-04)
127.519 .... 187 packets received, 3010 bps, 37.63%, Err 59 (1.0e-04)
129.689 .... 192 packets received, 3039 bps, 37.99%, Err 59 (1.0e-04)
131.838 .... 198 packets received, 3083 bps, 38.53%, Err 60 (1.0e-04)
133.983 .... 204 packets received, 3125 bps, 39.06%, Err 60 (9.9e-05)
146.145 .... 206 packets received, 2893 bps, 36.16%, Err 63 (1.0e-04)
151.552 .... 211 packets received, 2857 bps, 35.71%, Err 66 (1.0e-04)
153.956 .... 215 packets received, 2866 bps, 35.82%, Err 67 (1.0e-04)
156.083 .... 222 packets received, 2918 bps, 36.48%, Err 67 (1.0e-04)
158.245 .... 227 packets received, 2943 bps, 36.79%, Err 67 (9.9e-05)
160.899 .... 232 packets received, 2958 bps, 36.98%, Err 70 (1.0e-04)
163.072 .... 238 packets received, 2994 bps, 37.43%, Err 70 (9.9e-05)
166.321 .... 243 packets received, 2997 bps, 37.47%, Err 71 (9.8e-05)
168.746 .... 251 packets received, 3052 bps, 38.15%, Err 71 (9.7e-05)
174.165 .... 253 packets received, 2980 bps, 37.25%, Err 74 (9.8e-05)
176.300 .... 259 packets received, 3014 bps, 37.67%, Err 75 (9.8e-05)
178.723 .... 262 packets received, 3007 bps, 37.59%, Err 77 (9.9e-05)
182.510 .... 264 packets received, 2967 bps, 37.09%, Err 79 (1.0e-04)
184.608 .... 269 packets received, 2989 bps, 37.36%, Err 82 (1.0e-04)
187.026 .... 272 packets received, 2983 bps, 37.29%, Err 84 (1.0e-04)
189.199 .... 278 packets received, 3014 bps, 37.67%, Err 85 (1.0e-04)
192.432 .... 283 packets received, 3016 bps, 37.71%, Err 86 (1.0e-04)
194.594 .... 287 packets received, 3025 bps, 37.81%, Err 87 (1.0e-04)
196.749 .... 294 packets received, 3065 bps, 38.31%, Err 87 (1.0e-04)
199.165 .... 299 packets received, 3079 bps, 38.49%, Err 87 (1.0e-04)
201.325 .... 305 packets received, 3107 bps, 38.84%, Err 88 (9.9e-05)
203.712 .... 311 packets received, 3131 bps, 39.14%, Err 88 (9.8e-05)
205.888 .... 317 packets received, 3158 bps, 39.47%, Err 89 (9.7e-05)
209.882 .... 322 packets received, 3146 bps, 39.33%, Err 94 (1.0e-04)
212.051 .... 323 packets received, 3124 bps, 39.05%, Err 95 (1.0e-04)
216.102 .... 327 packets received, 3103 bps, 38.79%, Err 98 (1.0e-04)
219.594 .... 334 packets received, 3119 bps, 38.99%, Err 99 (1.0e-04)
223.085 .... 338 packets received, 3107 bps, 38.84%, Err 101 (1.0e-04)
225.250 .... 345 packets received, 3141 bps, 39.26%, Err 101 (1.0e-04)
227.658 .... 351 packets received, 3162 bps, 39.52%, Err 102 (1.0e-04)
229.822 .... 354 packets received, 3159 bps, 39.48%, Err 104 (1.0e-04)
233.048 .... 361 packets received, 3176 bps, 39.71%, Err 106 (1.0e-04)
239.806 .... 367 packets received, 3138 bps, 39.23%, Err 109 (1.0e-04)
241.933 .... 374 packets received, 3170 bps, 39.62%, Err 109 (1.0e-04)
245.452 .... 380 packets received, 3174 bps, 39.68%, Err 111 (1.0e-04)
247.883 .... 383 packets received, 3168 bps, 39.60%, Err 112 (1.0e-04)
251.675 .... 387 packets received, 3153 bps, 39.41%, Err 114 (1.0e-04)
257.332 .... 392 packets received, 3123 bps, 39.04%, Err 117 (1.0e-04)
259.432 .... 398 packets received, 3145 bps, 39.32%, Err 118 (1.0e-04)
261.821 .... 402 packets received, 3148 bps, 39.35%, Err 119 (1.0e-04)
264.241 .... 407 packets received, 3158 bps, 39.47%, Err 122 (1.0e-04)
266.966 .... 409 packets received, 3141 bps, 39.26%, Err 122 (1.0e-04)
269.111 .... 416 packets received, 3169 bps, 39.62%, Err 123 (1.0e-04)
271.490 .... 419 packets received, 3164 bps, 39.55%, Err 124 (1.0e-04)
273.623 .... 426 packets received, 3192 bps, 39.90%, Err 124 (1.0e-04)
276.283 .... 430 packets received, 3191 bps, 39.89%, Err 125 (1.0e-04)
278.463 .... 437 packets received, 3217 bps, 40.22%, Err 125 (1.0e-04)
282.765 .... 442 packets received, 3205 bps, 40.06%, Err 127 (1.0e-04)
284.937 .... 447 packets received, 3216 bps, 40.20%, Err 128 (1.0e-04)
287.325 .... 452 packets received, 3225 bps, 40.31%, Err 128 (9.9e-05)
290.004 .... 459 packets received, 3245 bps, 40.56%, Err 129 (9.9e-05)
295.686 .... 461 packets received, 3196 bps, 39.95%, Err 133 (1.0e-04)
298.865 .... 467 packets received, 3203 bps, 40.04%, Err 138 (1.0e-04)
301.569 .... 470 packets received, 3195 bps, 39.94%, Err 139 (1.0e-04)
304.322 .... 475 packets received, 3200 bps, 40.00%, Err 139 (1.0e-04)
312.958 .... 478 packets received, 3131 bps, 39.14%, Err 143 (1.0e-04)
315.360 .... 482 packets received, 3133 bps, 39.16%, Err 144 (1.0e-04)
317.510 .... 488 packets received, 3151 bps, 39.38%, Err 145 (1.0e-04)
319.902 .... 491 packets received, 3146 bps, 39.33%, Err 146 (1.0e-04)
324.228 .... 497 packets received, 3142 bps, 39.28%, Err 148 (1.0e-04)
326.660 .... 502 packets received, 3150 bps, 39.38%, Err 149 (1.0e-04)
329.366 .... 510 packets received, 3174 bps, 39.68%, Err 149 (1.0e-04)
332.015 .... 515 packets received, 3180 bps, 39.74%, Err 150 (1.0e-04)
334.147 .... 519 packets received, 3184 bps, 39.80%, Err 152 (1.0e-04)
336.338 .... 520 packets received, 3169 bps, 39.61%, Err 153 (1.0e-04)
340.701 .... 526 packets received, 3165 bps, 39.56%, Err 156 (1.0e-04)
343.347 .... 529 packets received, 3158 bps, 39.48%, Err 156 (1.0e-04)
345.765 .... 533 packets received, 3160 bps, 39.50%, Err 159 (1.0e-04)
349.281 .... 535 packets received, 3140 bps, 39.25%, Err 159 (1.0e-04)
351.429 .... 542 packets received, 3161 bps, 39.52%, Err 160 (1.0e-04)
353.808 .... 549 packets received, 3181 bps, 39.76%, Err 162 (1.0e-04)
357.064 .... 555 packets received, 3186 bps, 39.82%, Err 163 (1.0e-04)
359.217 .... 561 packets received, 3201 bps, 40.01%, Err 163 (1.0e-04)
361.397 .... 567 packets received, 3216 bps, 40.20%, Err 164 (1.0e-04)
365.466 .... 568 packets received, 3186 bps, 39.82%, Err 166 (1.0e-04)
369.474 .... 574 packets received, 3184 bps, 39.80%, Err 168 (1.0e-04)
372.499 .... 581 packets received, 3197 bps, 39.96%, Err 168 (1.0e-04)
379.246 .... 586 packets received, 3167 bps, 39.59%, Err 172 (1.0e-04)
381.397 .... 593 packets received, 3187 bps, 39.83%, Err 172 (1.0e-04)
385.415 .... 597 packets received, 3175 bps, 39.68%, Err 175 (1.0e-04)
390.291 .... 599 packets received, 3146 bps, 39.32%, Err 180 (1.0e-04)
395.451 .... 601 packets received, 3115 bps, 38.94%, Err 183 (1.0e-04)
398.413 .... 602 packets received, 3097 bps, 38.71%, Err 183 (1.0e-04)
400.858 .... 606 packets received, 3098 bps, 38.73%, Err 184 (1.0e-04)
405.165 .... 608 packets received, 3076 bps, 38.44%, Err 187 (1.1e-04)
408.134 .... 613 packets received, 3078 bps, 38.48%, Err 190 (1.1e-04)
411.067 .... 619 packets received, 3086 bps, 38.58%, Err 191 (1.1e-04)
413.194 .... 626 packets received, 3105 bps, 38.81%, Err 191 (1.1e-04)
422.167 .... 629 packets received, 3054 bps, 38.17%, Err 196 (1.1e-04)
424.294 .... 636 packets received, 3072 bps, 38.40%, Err 197 (1.1e-04)
426.443 .... 641 packets received, 3081 bps, 38.51%, Err 199 (1.1e-04)
428.601 .... 647 packets received, 3094 bps, 38.67%, Err 199 (1.1e-04)
431.537 .... 652 packets received, 3096 bps, 38.70%, Err 199 (1.0e-04)
433.701 .... 658 packets received, 3109 bps, 38.87%, Err 199 (1.0e-04)
436.363 .... 664 packets received, 3118 bps, 38.98%, Err 200 (1.0e-04)
438.759 .... 669 packets received, 3125 bps, 39.06%, Err 201 (1.0e-04)
441.986 .... 671 packets received, 3111 bps, 38.89%, Err 202 (1.0e-04)
444.957 .... 676 packets received, 3113 bps, 38.92%, Err 203 (1.0e-04)
448.246 .... 680 packets received, 3109 bps, 38.86%, Err 203 (1.0e-04)
450.655 .... 686 packets received, 3120 bps, 38.99%, Err 204 (1.0e-04)
453.385 .... 692 packets received, 3128 bps, 39.10%, Err 205 (1.0e-04)
455.768 .... 698 packets received, 3138 bps, 39.23%, Err 205 (1.0e-04)
458.415 .... 703 packets received, 3143 bps, 39.28%, Err 206 (1.0e-04)
461.628 .... 707 packets received, 3139 bps, 39.23%, Err 208 (1.0e-04)
464.122 .... 714 packets received, 3153 bps, 39.41%, Err 210 (1.0e-04)
470.102 .... 721 packets received, 3143 bps, 39.29%, Err 214 (1.0e-04)
472.249 .... 728 packets received, 3159 bps, 39.49%, Err 215 (1.0e-04)
474.949 .... 734 packets received, 3167 bps, 39.59%, Err 215 (1.0e-04)
477.062 .... 739 packets received, 3174 bps, 39.68%, Err 215 (1.0e-04)
479.232 .... 744 packets received, 3181 bps, 39.77%, Err 216 (1.0e-04)
482.469 .... 749 packets received, 3181 bps, 39.77%, Err 218 (1.0e-04)
490.065 .... 751 packets received, 3140 bps, 39.25%, Err 220 (1.0e-04)
492.460 .... 756 packets received, 3146 bps, 39.32%, Err 222 (1.0e-04)
497.051 .... 762 packets received, 3142 bps, 39.27%, Err 226 (1.0e-04)
499.224 .... 769 packets received, 3157 bps, 39.46%, Err 226 (1.0e-04)
503.508 .... 774 packets received, 3150 bps, 39.38%, Err 227 (1.0e-04)
506.464 .... 778 packets received, 3148 bps, 39.35%, Err 228 (1.0e-04)
509.201 .... 786 packets received, 3163 bps, 39.54%, Err 228 (1.0e-04)
511.331 .... 791 packets received, 3170 bps, 39.62%, Err 228 (1.0e-04)
513.466 .... 797 packets received, 3181 bps, 39.76%, Err 228 (1.0e-04)
515.673 .... 800 packets received, 3179 bps, 39.74%, Err 228 (1.0e-04)
518.627 .... 805 packets received, 3181 bps, 39.76%, Err 229 (1.0e-04)
521.037 .... 810 packets received, 3186 bps, 39.82%, Err 231 (1.0e-04)
524.038 .... 815 packets received, 3187 bps, 39.84%, Err 233 (1.0e-04)
526.736 .... 820 packets received, 3190 bps, 39.88%, Err 234 (1.0e-04)
529.634 .... 825 packets received, 3192 bps, 39.90%, Err 236 (1.0e-04)
532.314 .... 829 packets received, 3191 bps, 39.89%, Err 237 (1.0e-04)
535.271 .... 834 packets received, 3193 bps, 39.91%, Err 238 (1.0e-04)
540.419 .... 839 packets received, 3181 bps, 39.77%, Err 240 (1.0e-04)
542.590 .... 846 packets received, 3195 bps, 39.94%, Err 240 (1.0e-04)
545.281 .... 851 packets received, 3198 bps, 39.97%, Err 241 (1.0e-04)
549.065 .... 852 packets received, 3180 bps, 39.75%, Err 243 (1.0e-04)
551.197 .... 858 packets received, 3190 bps, 39.87%, Err 245 (1.0e-04)
554.405 .... 861 packets received, 3182 bps, 39.78%, Err 247 (1.0e-04)
560.361 .... 865 packets received, 3163 bps, 39.54%, Err 248 (1.0e-04)
563.298 .... 871 packets received, 3168 bps, 39.60%, Err 250 (1.0e-04)
565.436 .... 877 packets received, 3178 bps, 39.73%, Err 250 (1.0e-04)
567.571 .... 882 packets received, 3184 bps, 39.80%, Err 251 (1.0e-04)
570.885 .... 887 packets received, 3184 bps, 39.80%, Err 253 (1.0e-04)
573.041 .... 891 packets received, 3186 bps, 39.82%, Err 256 (1.0e-04)
579.811 .... 893 packets received, 3156 bps, 39.45%, Err 258 (1.0e-04)
581.931 .... 900 packets received, 3169 bps, 39.61%, Err 258 (1.0e-04)
584.607 .... 903 packets received, 3165 bps, 39.56%, Err 259 (1.0e-04)
587.825 .... 910 packets received, 3172 bps, 39.65%, Err 261 (1.0e-04)
589.956 .... 917 packets received, 3185 bps, 39.81%, Err 261 (1.0e-04)
592.409 .... 920 packets received, 3182 bps, 39.78%, Err 263 (1.0e-04)
595.417 .... 924 packets received, 3180 bps, 39.75%, Err 265 (1.0e-04)
598.350 .... 929 packets received, 3181 bps, 39.77%, Err 266 (1.0e-04)
601.594 .... 935 packets received, 3185 bps, 39.81%, Err 268 (1.0e-04)
604.088 .... 937 packets received, 3178 bps, 39.73%, Err 269 (1.0e-04)
607.801 .... 942 packets received, 3176 bps, 39.70%, Err 270 (1.0e-04)
609.945 .... 948 packets received, 3185 bps, 39.81%, Err 271 (1.0e-04)
618.075 .... 949 packets received, 3146 bps, 39.33%, Err 276 (1.0e-04)
620.843 .... 957 packets received, 3158 bps, 39.48%, Err 276 (1.0e-04)
623.110 .... 960 packets received, 3157 bps, 39.46%, Err 278 (1.0e-04)
625.880 .... 967 packets received, 3166 bps, 39.57%, Err 279 (1.0e-04)
629.354 .... 971 packets received, 3161 bps, 39.52%, Err 281 (1.0e-04)
632.361 .... 976 packets received, 3162 bps, 39.53%, Err 281 (1.0e-04)
634.475 .... 981 packets received, 3168 bps, 39.60%, Err 282 (1.0e-04)
637.414 .... 986 packets received, 3169 bps, 39.62%, Err 282 (1.0e-04)
647.155 .... 991 packets received, 3138 bps, 39.22%, Err 285 (1.0e-04)
649.203 .... 997 packets received, 3147 bps, 39.33%, Err 286 (1.0e-04)
652.972 .... 1001 packets received, 3141 bps, 39.26%, Err 288 (1.0e-04)
655.956 .... 1004 packets received, 3136 bps, 39.20%, Err 288 (1.0e-04)
659.448 .... 1009 packets received, 3135 bps, 39.19%, Err 290 (1.0e-04)
661.634 .... 1011 packets received, 3131 bps, 39.14%, Err 292 (1.0e-04)
665.096 .... 1019 packets received, 3139 bps, 39.24%, Err 293 (1.0e-04)
667.563 .... 1023 packets received, 3140 bps, 39.25%, Err 295 (1.0e-04)
669.654 .... 1026 packets received, 3139 bps, 39.24%, Err 296 (1.0e-04)
672.668 .... 1029 packets received, 3134 bps, 39.18%, Err 298 (1.0e-04)
675.922 .... 1032 packets received, 3128 bps, 39.10%, Err 300 (1.0e-04)
678.068 .... 1039 packets received, 3140 bps, 39.24%, Err 300 (1.0e-04)
680.197 .... 1043 packets received, 3142 bps, 39.27%, Err 300 (1.0e-04)
683.117 .... 1046 packets received, 3137 bps, 39.22%, Err 302 (1.0e-04)
685.234 .... 1053 packets received, 3149 bps, 39.36%, Err 302 (1.0e-04)
687.355 .... 1058 packets received, 3154 bps, 39.42%, Err 303 (1.0e-04)
691.947 .... 1060 packets received, 3139 bps, 39.23%, Err 305 (1.0e-04)
691.962 TCP disconnected.
