./selective -a 
=========================================================================
                          Station A                                 
-------------------------------------------------------------------------
Protocol.lib, version 3.0, Build: Oct 19 2009 (jiangy@public3.bta.net.cn)
Channel: 8000 bps, 270 ms propagation delay, bit error rate 1.0E-05
Log file "./selective-A.log", TCP port 59144, debug mask 0x00
Station A is waiting for station B on TCP port 59144 ... Done.
New epoch: Sun Nov 22 22:39:01 2009
=========================================================================
Designed by JackalDire
4.265 .... 5 packets received, 3447 bps, 43.08%, Err 1 (6.7e-05)
6.404 .... 11 packets received, 4409 bps, 55.11%, Err 1 (3.6e-05)
9.088 .... 18 packets received, 4730 bps, 59.12%, Err 2 (4.7e-05)
11.260 .... 25 packets received, 5137 bps, 64.22%, Err 2 (3.5e-05)
13.678 .... 32 packets received, 5292 bps, 66.15%, Err 2 (2.8e-05)
15.839 .... 39 packets received, 5491 bps, 68.64%, Err 2 (2.3e-05)
17.987 .... 46 packets received, 5644 bps, 70.54%, Err 2 (2.0e-05)
20.082 .... 52 packets received, 5668 bps, 70.85%, Err 2 (1.8e-05)
22.241 .... 59 packets received, 5768 bps, 72.11%, Err 2 (1.6e-05)
24.354 .... 66 packets received, 5862 bps, 73.27%, Err 2 (1.4e-05)
26.513 .... 72 packets received, 5847 bps, 73.09%, Err 2 (1.3e-05)
28.692 .... 79 packets received, 5905 bps, 73.82%, Err 2 (1.2e-05)
31.354 .... 86 packets received, 5859 bps, 73.24%, Err 2 (1.1e-05)
33.490 .... 93 packets received, 5916 bps, 73.95%, Err 2 (1.0e-05)
35.941 .... 100 packets received, 5911 bps, 73.89%, Err 2 (9.3e-06)
38.093 .... 107 packets received, 5955 bps, 74.44%, Err 2 (8.7e-06)
40.217 .... 114 packets received, 5998 bps, 74.98%, Err 3 (1.2e-05)
42.882 .... 119 packets received, 5860 bps, 73.25%, Err 3 (1.2e-05)
45.038 .... 126 packets received, 5899 bps, 73.74%, Err 3 (1.1e-05)
47.176 .... 132 packets received, 5892 bps, 73.65%, Err 4 (1.4e-05)
49.353 .... 137 packets received, 5838 bps, 72.98%, Err 4 (1.4e-05)
51.501 .... 143 packets received, 5833 bps, 72.91%, Err 4 (1.3e-05)
53.663 .... 149 packets received, 5827 bps, 72.84%, Err 4 (1.3e-05)
55.780 .... 156 packets received, 5864 bps, 73.30%, Err 4 (1.2e-05)
57.957 .... 163 packets received, 5891 bps, 73.64%, Err 4 (1.2e-05)
60.068 .... 169 packets received, 5889 bps, 73.61%, Err 4 (1.1e-05)
62.172 .... 176 packets received, 5921 bps, 74.01%, Err 4 (1.1e-05)
64.348 .... 183 packets received, 5944 bps, 74.30%, Err 4 (1.0e-05)
66.451 .... 189 packets received, 5941 bps, 74.26%, Err 4 (9.9e-06)
68.597 .... 196 packets received, 5964 bps, 74.55%, Err 4 (9.6e-06)
70.763 .... 203 packets received, 5985 bps, 74.81%, Err 4 (9.3e-06)
72.911 .... 209 packets received, 5977 bps, 74.71%, Err 4 (9.0e-06)
75.040 .... 215 packets received, 5971 bps, 74.63%, Err 4 (8.7e-06)
77.197 .... 221 packets received, 5963 bps, 74.54%, Err 4 (8.5e-06)
79.320 .... 227 packets received, 5958 bps, 74.48%, Err 4 (8.3e-06)
81.743 .... 234 packets received, 5957 bps, 74.46%, Err 4 (8.0e-06)
84.139 .... 241 packets received, 5958 bps, 74.47%, Err 4 (7.8e-06)
86.288 .... 246 packets received, 5928 bps, 74.09%, Err 4 (7.6e-06)
88.967 .... 251 packets received, 5863 bps, 73.29%, Err 5 (9.2e-06)
91.085 .... 257 packets received, 5862 bps, 73.27%, Err 5 (9.1e-06)
93.191 .... 259 packets received, 5772 bps, 72.15%, Err 6 (1.1e-05)
95.347 .... 265 packets received, 5770 bps, 72.13%, Err 6 (1.1e-05)
97.524 .... 271 packets received, 5768 bps, 72.09%, Err 6 (1.0e-05)
99.674 .... 277 packets received, 5766 bps, 72.08%, Err 6 (1.0e-05)
104.531 .... 281 packets received, 5574 bps, 69.68%, Err 6 (1.0e-05)
108.628 .... 282 packets received, 5381 bps, 67.26%, Err 6 (9.9e-06)
112.724 .... 283 packets received, 5201 bps, 65.02%, Err 6 (9.9e-06)
116.900 .... 284 packets received, 5031 bps, 62.89%, Err 6 (9.9e-06)
121.071 .... 285 packets received, 4873 bps, 60.91%, Err 6 (9.8e-06)
125.125 .... 286 packets received, 4730 bps, 59.13%, Err 6 (9.8e-06)
129.252 .... 287 packets received, 4594 bps, 57.42%, Err 6 (9.8e-06)
133.369 .... 288 packets received, 4466 bps, 55.82%, Err 6 (9.7e-06)
137.448 .... 289 packets received, 4347 bps, 54.34%, Err 6 (9.7e-06)
141.618 .... 290 packets received, 4232 bps, 52.91%, Err 6 (9.6e-06)
145.760 .... 291 packets received, 4125 bps, 51.57%, Err 6 (9.6e-06)
149.800 .... 292 packets received, 4027 bps, 50.34%, Err 6 (9.6e-06)
153.933 .... 293 packets received, 3931 bps, 49.14%, Err 6 (9.5e-06)
158.102 .... 294 packets received, 3840 bps, 48.00%, Err 6 (9.5e-06)
162.171 .... 295 packets received, 3755 bps, 46.94%, Err 6 (9.5e-06)
166.267 .... 296 packets received, 3675 bps, 45.93%, Err 6 (9.4e-06)
170.390 .... 297 packets received, 3597 bps, 44.96%, Err 6 (9.4e-06)
174.492 .... 298 packets received, 3524 bps, 44.05%, Err 6 (9.4e-06)
178.507 .... 299 packets received, 3455 bps, 43.19%, Err 6 (9.3e-06)
182.623 .... 300 packets received, 3388 bps, 42.35%, Err 6 (9.3e-06)
186.713 .... 301 packets received, 3325 bps, 41.56%, Err 6 (9.3e-06)
190.773 .... 302 packets received, 3264 bps, 40.80%, Err 6 (9.2e-06)
194.804 .... 303 packets received, 3207 bps, 40.08%, Err 6 (9.2e-06)
198.929 .... 304 packets received, 3150 bps, 39.38%, Err 6 (9.2e-06)
201.063 .... 307 packets received, 3147 bps, 39.34%, Err 7 (1.1e-05)
203.233 .... 314 packets received, 3184 bps, 39.81%, Err 7 (1.0e-05)
205.885 .... 319 packets received, 3193 bps, 39.92%, Err 7 (1.0e-05)
208.003 .... 326 packets received, 3230 bps, 40.37%, Err 7 (1.0e-05)
210.180 .... 333 packets received, 3265 bps, 40.81%, Err 7 (9.8e-06)
212.283 .... 339 packets received, 3291 bps, 41.13%, Err 7 (9.6e-06)
214.416 .... 346 packets received, 3325 bps, 41.56%, Err 7 (9.4e-06)
216.612 .... 353 packets received, 3358 bps, 41.97%, Err 7 (9.2e-06)
218.702 .... 359 packets received, 3382 bps, 42.27%, Err 7 (9.1e-06)
220.834 .... 366 packets received, 3414 bps, 42.68%, Err 7 (8.9e-06)
224.035 .... 373 packets received, 3430 bps, 42.87%, Err 8 (9.9e-06)
226.164 .... 380 packets received, 3461 bps, 43.26%, Err 8 (9.8e-06)
228.312 .... 386 packets received, 3482 bps, 43.53%, Err 8 (9.6e-06)
230.455 .... 391 packets received, 3494 bps, 43.68%, Err 8 (9.5e-06)
232.603 .... 398 packets received, 3524 bps, 44.05%, Err 8 (9.3e-06)
235.045 .... 405 packets received, 3548 bps, 44.35%, Err 8 (9.2e-06)
237.219 .... 411 packets received, 3568 bps, 44.60%, Err 8 (9.0e-06)
239.365 .... 418 packets received, 3596 bps, 44.95%, Err 8 (8.9e-06)
241.529 .... 425 packets received, 3623 bps, 45.29%, Err 8 (8.8e-06)
243.647 .... 431 packets received, 3642 bps, 45.53%, Err 8 (8.6e-06)
245.786 .... 438 packets received, 3669 bps, 45.86%, Err 8 (8.5e-06)
247.937 .... 445 packets received, 3695 bps, 46.19%, Err 8 (8.4e-06)
250.100 .... 451 packets received, 3712 bps, 46.40%, Err 8 (8.3e-06)
252.231 .... 458 packets received, 3738 bps, 46.72%, Err 8 (8.1e-06)
254.395 .... 465 packets received, 3763 bps, 47.03%, Err 8 (8.0e-06)
256.532 .... 471 packets received, 3779 bps, 47.24%, Err 8 (7.9e-06)
259.258 .... 478 packets received, 3795 bps, 47.44%, Err 8 (7.8e-06)
261.619 .... 484 packets received, 3808 bps, 47.60%, Err 8 (7.7e-06)
264.280 .... 490 packets received, 3816 bps, 47.70%, Err 9 (8.5e-06)
266.441 .... 497 packets received, 3839 bps, 47.99%, Err 9 (8.4e-06)
268.590 .... 504 packets received, 3862 bps, 48.27%, Err 9 (8.3e-06)
271.230 .... 508 packets received, 3854 bps, 48.18%, Err 10 (9.1e-06)
273.414 .... 514 packets received, 3868 bps, 48.36%, Err 10 (9.0e-06)
275.564 .... 521 packets received, 3890 bps, 48.63%, Err 10 (8.9e-06)
277.733 .... 527 packets received, 3904 bps, 48.80%, Err 10 (8.8e-06)
279.840 .... 534 packets received, 3926 bps, 49.08%, Err 10 (8.7e-06)
281.988 .... 537 packets received, 3918 bps, 48.98%, Err 11 (9.5e-06)
284.137 .... 543 packets received, 3932 bps, 49.15%, Err 11 (9.4e-06)
286.314 .... 549 packets received, 3945 bps, 49.31%, Err 11 (9.3e-06)
288.469 .... 555 packets received, 3958 bps, 49.48%, Err 11 (9.2e-06)
290.633 .... 562 packets received, 3978 bps, 49.72%, Err 11 (9.1e-06)
292.775 .... 565 packets received, 3970 bps, 49.62%, Err 12 (9.8e-06)
294.906 .... 570 packets received, 3976 bps, 49.70%, Err 12 (9.8e-06)
297.075 .... 577 packets received, 3995 bps, 49.94%, Err 12 (9.6e-06)
299.499 .... 584 packets received, 4011 bps, 50.13%, Err 12 (9.5e-06)
304.323 .... 588 packets received, 3974 bps, 49.67%, Err 12 (9.5e-06)
308.505 .... 589 packets received, 3927 bps, 49.08%, Err 12 (9.5e-06)
312.629 .... 590 packets received, 3881 bps, 48.51%, Err 12 (9.4e-06)
316.660 .... 591 packets received, 3838 bps, 47.97%, Err 12 (9.4e-06)
320.783 .... 592 packets received, 3795 bps, 47.44%, Err 12 (9.4e-06)
324.863 .... 593 packets received, 3753 bps, 46.92%, Err 12 (9.4e-06)
329.011 .... 594 packets received, 3712 bps, 46.40%, Err 12 (9.4e-06)
333.115 .... 595 packets received, 3672 bps, 45.90%, Err 12 (9.4e-06)
337.227 .... 596 packets received, 3633 bps, 45.42%, Err 12 (9.3e-06)
341.338 .... 597 packets received, 3596 bps, 44.94%, Err 12 (9.3e-06)
345.403 .... 598 packets received, 3559 bps, 44.49%, Err 12 (9.3e-06)
349.476 .... 599 packets received, 3523 bps, 44.04%, Err 12 (9.3e-06)
353.598 .... 600 packets received, 3488 bps, 43.60%, Err 12 (9.3e-06)
357.632 .... 601 packets received, 3454 bps, 43.18%, Err 12 (9.3e-06)
361.929 .... 602 packets received, 3419 bps, 42.73%, Err 12 (9.2e-06)
365.931 .... 603 packets received, 3387 bps, 42.33%, Err 12 (9.2e-06)
370.022 .... 604 packets received, 3355 bps, 41.93%, Err 12 (9.2e-06)
374.069 .... 605 packets received, 3324 bps, 41.55%, Err 12 (9.2e-06)
378.168 .... 606 packets received, 3293 bps, 41.16%, Err 12 (9.2e-06)
382.176 .... 607 packets received, 3264 bps, 40.80%, Err 12 (9.2e-06)
386.354 .... 608 packets received, 3234 bps, 40.42%, Err 12 (9.1e-06)
390.402 .... 609 packets received, 3205 bps, 40.07%, Err 12 (9.1e-06)
394.502 .... 610 packets received, 3177 bps, 39.71%, Err 12 (9.1e-06)
398.633 .... 611 packets received, 3149 bps, 39.37%, Err 12 (9.1e-06)
400.806 .... 613 packets received, 3142 bps, 39.28%, Err 12 (9.1e-06)
404.290 .... 619 packets received, 3146 bps, 39.32%, Err 13 (9.7e-06)
407.215 .... 626 packets received, 3158 bps, 39.48%, Err 14 (1.0e-05)
409.380 .... 632 packets received, 3172 bps, 39.65%, Err 14 (1.0e-05)
411.531 .... 638 packets received, 3185 bps, 39.81%, Err 14 (1.0e-05)
413.683 .... 644 packets received, 3198 bps, 39.98%, Err 14 (1.0e-05)
415.831 .... 651 packets received, 3216 bps, 40.20%, Err 14 (9.9e-06)
417.994 .... 658 packets received, 3234 bps, 40.42%, Err 14 (9.8e-06)
420.088 .... 664 packets received, 3247 bps, 40.59%, Err 14 (9.7e-06)
422.267 .... 670 packets received, 3259 bps, 40.74%, Err 14 (9.7e-06)
424.989 .... 677 packets received, 3272 bps, 40.90%, Err 14 (9.6e-06)
427.119 .... 683 packets received, 3285 bps, 41.06%, Err 14 (9.5e-06)
429.283 .... 689 packets received, 3297 bps, 41.21%, Err 14 (9.4e-06)
431.425 .... 696 packets received, 3314 bps, 41.42%, Err 14 (9.3e-06)
434.102 .... 703 packets received, 3327 bps, 41.58%, Err 14 (9.2e-06)
436.278 .... 709 packets received, 3338 bps, 41.73%, Err 15 (9.8e-06)
438.959 .... 714 packets received, 3341 bps, 41.76%, Err 15 (9.7e-06)
441.134 .... 721 packets received, 3357 bps, 41.96%, Err 15 (9.6e-06)
443.283 .... 728 packets received, 3373 bps, 42.17%, Err 15 (9.5e-06)
445.392 .... 734 packets received, 3385 bps, 42.31%, Err 15 (9.4e-06)
447.551 .... 741 packets received, 3401 bps, 42.51%, Err 15 (9.4e-06)
449.685 .... 748 packets received, 3416 bps, 42.71%, Err 15 (9.3e-06)
451.810 .... 754 packets received, 3428 bps, 42.85%, Err 15 (9.2e-06)
453.990 .... 761 packets received, 3443 bps, 43.03%, Err 15 (9.1e-06)
456.121 .... 768 packets received, 3458 bps, 43.23%, Err 15 (9.0e-06)
458.205 .... 774 packets received, 3469 bps, 43.37%, Err 15 (9.0e-06)
460.938 .... 779 packets received, 3471 bps, 43.39%, Err 16 (9.5e-06)
463.062 .... 784 packets received, 3477 bps, 43.46%, Err 16 (9.4e-06)
465.193 .... 791 packets received, 3492 bps, 43.65%, Err 16 (9.4e-06)
468.167 .... 797 packets received, 3496 bps, 43.70%, Err 17 (9.9e-06)
470.350 .... 804 packets received, 3510 bps, 43.88%, Err 17 (9.8e-06)
472.468 .... 811 packets received, 3525 bps, 44.06%, Err 17 (9.7e-06)
474.571 .... 817 packets received, 3535 bps, 44.19%, Err 17 (9.6e-06)
476.758 .... 824 packets received, 3549 bps, 44.37%, Err 17 (9.5e-06)
478.894 .... 831 packets received, 3563 bps, 44.54%, Err 17 (9.5e-06)
482.070 .... 837 packets received, 3565 bps, 44.57%, Err 18 (9.9e-06)
484.214 .... 843 packets received, 3575 bps, 44.69%, Err 18 (9.9e-06)
486.380 .... 849 packets received, 3584 bps, 44.81%, Err 18 (9.8e-06)
488.499 .... 855 packets received, 3594 bps, 44.93%, Err 18 (9.7e-06)
490.655 .... 862 packets received, 3608 bps, 45.09%, Err 18 (9.7e-06)
492.803 .... 869 packets received, 3621 bps, 45.26%, Err 18 (9.6e-06)
495.165 .... 872 packets received, 3616 bps, 45.20%, Err 19 (1.0e-05)
497.372 .... 878 packets received, 3625 bps, 45.31%, Err 19 (1.0e-05)
500.085 .... 885 packets received, 3634 bps, 45.42%, Err 19 (9.9e-06)
504.488 .... 887 packets received, 3610 bps, 45.13%, Err 19 (9.9e-06)
508.541 .... 888 packets received, 3585 bps, 44.82%, Err 19 (9.9e-06)
512.659 .... 889 packets received, 3560 bps, 44.51%, Err 19 (9.9e-06)
516.703 .... 890 packets received, 3536 bps, 44.21%, Err 19 (9.9e-06)
520.781 .... 891 packets received, 3513 bps, 43.91%, Err 19 (9.9e-06)
524.909 .... 892 packets received, 3489 bps, 43.61%, Err 19 (9.8e-06)
529.029 .... 893 packets received, 3465 bps, 43.32%, Err 19 (9.8e-06)
533.104 .... 894 packets received, 3443 bps, 43.03%, Err 19 (9.8e-06)
537.275 .... 895 packets received, 3420 bps, 42.75%, Err 19 (9.8e-06)
541.348 .... 896 packets received, 3398 bps, 42.47%, Err 19 (9.8e-06)
545.481 .... 897 packets received, 3376 bps, 42.20%, Err 19 (9.8e-06)
549.574 .... 898 packets received, 3354 bps, 41.93%, Err 19 (9.8e-06)
553.629 .... 899 packets received, 3333 bps, 41.67%, Err 19 (9.8e-06)
557.749 .... 900 packets received, 3312 bps, 41.40%, Err 19 (9.8e-06)
561.932 .... 901 packets received, 3291 bps, 41.14%, Err 19 (9.7e-06)
566.011 .... 902 packets received, 3271 bps, 40.89%, Err 19 (9.7e-06)
570.083 .... 903 packets received, 3251 bps, 40.64%, Err 19 (9.7e-06)
574.156 .... 904 packets received, 3232 bps, 40.40%, Err 19 (9.7e-06)
578.334 .... 905 packets received, 3212 bps, 40.15%, Err 19 (9.7e-06)
582.434 .... 906 packets received, 3193 bps, 39.91%, Err 19 (9.7e-06)
586.575 .... 907 packets received, 3174 bps, 39.67%, Err 19 (9.7e-06)
590.655 .... 908 packets received, 3155 bps, 39.44%, Err 19 (9.7e-06)
594.788 .... 909 packets received, 3137 bps, 39.21%, Err 19 (9.6e-06)
598.882 .... 910 packets received, 3119 bps, 38.98%, Err 19 (9.6e-06)
601.071 .... 913 packets received, 3118 bps, 38.97%, Err 19 (9.6e-06)
603.236 .... 921 packets received, 3134 bps, 39.17%, Err 19 (9.5e-06)
605.389 .... 929 packets received, 3149 bps, 39.37%, Err 19 (9.4e-06)
607.570 .... 937 packets received, 3165 bps, 39.56%, Err 19 (9.4e-06)
609.737 .... 945 packets received, 3181 bps, 39.76%, Err 19 (9.3e-06)
612.452 .... 952 packets received, 3190 bps, 39.88%, Err 19 (9.2e-06)
614.858 .... 958 packets received, 3198 bps, 39.97%, Err 19 (9.2e-06)
616.985 .... 965 packets received, 3210 bps, 40.12%, Err 19 (9.1e-06)
619.134 .... 972 packets received, 3222 bps, 40.27%, Err 19 (9.0e-06)
621.268 .... 978 packets received, 3231 bps, 40.38%, Err 19 (9.0e-06)
623.391 .... 985 packets received, 3243 bps, 40.53%, Err 19 (8.9e-06)
625.612 .... 992 packets received, 3254 bps, 40.68%, Err 19 (8.9e-06)
627.958 .... 998 packets received, 3262 bps, 40.77%, Err 19 (8.8e-06)
630.121 .... 1004 packets received, 3270 bps, 40.87%, Err 19 (8.7e-06)
632.286 .... 1011 packets received, 3281 bps, 41.02%, Err 19 (8.7e-06)
634.948 .... 1016 packets received, 3284 bps, 41.05%, Err 19 (8.6e-06)
637.049 .... 1023 packets received, 3295 bps, 41.19%, Err 19 (8.6e-06)
639.210 .... 1030 packets received, 3307 bps, 41.33%, Err 19 (8.5e-06)
641.314 .... 1036 packets received, 3315 bps, 41.44%, Err 19 (8.5e-06)
644.017 .... 1041 packets received, 3317 bps, 41.46%, Err 20 (8.9e-06)
646.197 .... 1048 packets received, 3328 bps, 41.60%, Err 20 (8.8e-06)
648.567 .... 1054 packets received, 3335 bps, 41.69%, Err 20 (8.8e-06)
651.266 .... 1059 packets received, 3337 bps, 41.71%, Err 20 (8.7e-06)
653.380 .... 1065 packets received, 3345 bps, 41.81%, Err 20 (8.7e-06)
655.500 .... 1070 packets received, 3350 bps, 41.87%, Err 20 (8.6e-06)
657.933 .... 1077 packets received, 3359 bps, 41.99%, Err 20 (8.6e-06)
660.132 .... 1083 packets received, 3367 bps, 42.08%, Err 20 (8.5e-06)
662.295 .... 1090 packets received, 3377 bps, 42.21%, Err 20 (8.5e-06)
664.716 .... 1097 packets received, 3386 bps, 42.33%, Err 20 (8.4e-06)
666.874 .... 1104 packets received, 3397 bps, 42.46%, Err 20 (8.4e-06)
669.040 .... 1111 packets received, 3407 bps, 42.59%, Err 20 (8.3e-06)
671.179 .... 1117 packets received, 3415 bps, 42.69%, Err 20 (8.3e-06)
673.329 .... 1124 packets received, 3425 bps, 42.82%, Err 20 (8.2e-06)
675.496 .... 1131 packets received, 3436 bps, 42.94%, Err 20 (8.2e-06)
677.874 .... 1137 packets received, 3442 bps, 43.02%, Err 20 (8.1e-06)
680.050 .... 1143 packets received, 3449 bps, 43.11%, Err 20 (8.1e-06)
682.165 .... 1148 packets received, 3453 bps, 43.16%, Err 20 (8.1e-06)
684.269 .... 1155 packets received, 3463 bps, 43.29%, Err 20 (8.0e-06)
687.748 .... 1162 packets received, 3467 bps, 43.33%, Err 21 (8.3e-06)
689.900 .... 1170 packets received, 3480 bps, 43.50%, Err 21 (8.3e-06)
691.997 .... 1176 packets received, 3487 bps, 43.59%, Err 21 (8.3e-06)
694.155 .... 1182 packets received, 3494 bps, 43.67%, Err 22 (8.6e-06)
696.313 .... 1188 packets received, 3501 bps, 43.76%, Err 22 (8.6e-06)
698.473 .... 1194 packets received, 3507 bps, 43.84%, Err 22 (8.5e-06)
704.475 .... 1200 packets received, 3495 bps, 43.69%, Err 22 (8.5e-06)
708.502 .... 1201 packets received, 3478 bps, 43.47%, Err 22 (8.5e-06)
712.709 .... 1202 packets received, 3460 bps, 43.25%, Err 22 (8.5e-06)
716.843 .... 1203 packets received, 3443 bps, 43.04%, Err 22 (8.5e-06)
720.974 .... 1204 packets received, 3426 bps, 42.83%, Err 22 (8.5e-06)
729.966 .... 1205 packets received, 3387 bps, 42.33%, Err 24 (9.2e-06)
733.231 .... 1207 packets received, 3377 bps, 42.22%, Err 24 (9.2e-06)
737.393 .... 1208 packets received, 3361 bps, 42.01%, Err 24 (9.2e-06)
741.455 .... 1209 packets received, 3345 bps, 41.82%, Err 24 (9.2e-06)
745.624 .... 1210 packets received, 3329 bps, 41.62%, Err 24 (9.2e-06)
749.785 .... 1211 packets received, 3314 bps, 41.42%, Err 24 (9.2e-06)
753.835 .... 1212 packets received, 3298 bps, 41.23%, Err 24 (9.2e-06)
757.936 .... 1213 packets received, 3283 bps, 41.04%, Err 24 (9.1e-06)
762.009 .... 1214 packets received, 3268 bps, 40.85%, Err 24 (9.1e-06)
766.035 .... 1215 packets received, 3254 bps, 40.67%, Err 24 (9.1e-06)
770.052 .... 1216 packets received, 3239 bps, 40.49%, Err 24 (9.1e-06)
774.109 .... 1217 packets received, 3225 bps, 40.31%, Err 24 (9.1e-06)
778.246 .... 1218 packets received, 3211 bps, 40.13%, Err 24 (9.1e-06)
782.252 .... 1219 packets received, 3197 bps, 39.96%, Err 24 (9.1e-06)
786.497 .... 1220 packets received, 3182 bps, 39.78%, Err 24 (9.1e-06)
790.542 .... 1221 packets received, 3168 bps, 39.60%, Err 24 (9.1e-06)
794.622 .... 1222 packets received, 3155 bps, 39.43%, Err 24 (9.1e-06)
798.701 .... 1223 packets received, 3141 bps, 39.26%, Err 24 (9.1e-06)
800.814 .... 1225 packets received, 3138 bps, 39.22%, Err 24 (9.0e-06)
802.939 .... 1232 packets received, 3147 bps, 39.34%, Err 24 (9.0e-06)
805.370 .... 1239 packets received, 3156 bps, 39.45%, Err 24 (9.0e-06)
807.559 .... 1244 packets received, 3160 bps, 39.50%, Err 24 (8.9e-06)
809.940 .... 1250 packets received, 3166 bps, 39.57%, Err 24 (8.9e-06)
812.084 .... 1257 packets received, 3175 bps, 39.69%, Err 25 (9.2e-06)
815.043 .... 1262 packets received, 3176 bps, 39.70%, Err 25 (9.1e-06)
817.171 .... 1268 packets received, 3183 bps, 39.79%, Err 26 (9.5e-06)
819.363 .... 1275 packets received, 3192 bps, 39.90%, Err 26 (9.4e-06)
821.453 .... 1281 packets received, 3199 bps, 39.98%, Err 26 (9.4e-06)
823.630 .... 1288 packets received, 3208 bps, 40.10%, Err 26 (9.3e-06)
825.973 .... 1295 packets received, 3216 bps, 40.20%, Err 26 (9.3e-06)
828.124 .... 1300 packets received, 3220 bps, 40.25%, Err 26 (9.2e-06)
830.254 .... 1307 packets received, 3229 bps, 40.36%, Err 26 (9.2e-06)
832.675 .... 1314 packets received, 3237 bps, 40.46%, Err 26 (9.1e-06)
834.806 .... 1321 packets received, 3246 bps, 40.57%, Err 26 (9.1e-06)
836.968 .... 1328 packets received, 3255 bps, 40.68%, Err 26 (9.1e-06)
839.622 .... 1333 packets received, 3256 bps, 40.71%, Err 27 (9.4e-06)
841.772 .... 1340 packets received, 3265 bps, 40.81%, Err 27 (9.3e-06)
843.925 .... 1347 packets received, 3274 bps, 40.92%, Err 27 (9.3e-06)
846.028 .... 1353 packets received, 3280 bps, 41.00%, Err 27 (9.2e-06)
848.220 .... 1360 packets received, 3289 bps, 41.11%, Err 27 (9.2e-06)
850.320 .... 1367 packets received, 3297 bps, 41.22%, Err 27 (9.1e-06)
852.465 .... 1373 packets received, 3304 bps, 41.29%, Err 27 (9.1e-06)
854.627 .... 1380 packets received, 3312 bps, 41.40%, Err 27 (9.0e-06)
856.769 .... 1387 packets received, 3320 bps, 41.51%, Err 27 (9.0e-06)
858.887 .... 1393 packets received, 3327 bps, 41.58%, Err 27 (9.0e-06)
861.034 .... 1400 packets received, 3335 bps, 41.69%, Err 28 (9.2e-06)
864.802 .... 1403 packets received, 3328 bps, 41.59%, Err 30 (9.9e-06)
866.939 .... 1410 packets received, 3336 bps, 41.70%, Err 30 (9.8e-06)
869.381 .... 1417 packets received, 3343 bps, 41.79%, Err 30 (9.8e-06)
872.538 .... 1424 packets received, 3347 bps, 41.84%, Err 31 (1.0e-05)
874.668 .... 1431 packets received, 3356 bps, 41.94%, Err 32 (1.0e-05)
877.354 .... 1436 packets received, 3357 bps, 41.96%, Err 32 (1.0e-05)
880.036 .... 1443 packets received, 3363 bps, 42.04%, Err 32 (1.0e-05)
882.175 .... 1448 packets received, 3367 bps, 42.08%, Err 32 (1.0e-05)
884.297 .... 1455 packets received, 3375 bps, 42.18%, Err 32 (1.0e-05)
886.728 .... 1462 packets received, 3382 bps, 42.27%, Err 32 (1.0e-05)
888.834 .... 1469 packets received, 3390 bps, 42.37%, Err 32 (1.0e-05)
891.016 .... 1476 packets received, 3398 bps, 42.47%, Err 32 (1.0e-05)
893.096 .... 1482 packets received, 3403 bps, 42.54%, Err 32 (9.9e-06)
895.221 .... 1489 packets received, 3411 bps, 42.64%, Err 33 (1.0e-05)
898.208 .... 1494 packets received, 3411 bps, 42.64%, Err 33 (1.0e-05)
900.332 .... 1500 packets received, 3417 bps, 42.71%, Err 33 (1.0e-05)
904.352 .... 1501 packets received, 3404 bps, 42.55%, Err 33 (1.0e-05)
908.380 .... 1502 packets received, 3391 bps, 42.39%, Err 33 (1.0e-05)
912.513 .... 1503 packets received, 3378 bps, 42.23%, Err 33 (1.0e-05)
916.675 .... 1504 packets received, 3365 bps, 42.06%, Err 33 (1.0e-05)
921.713 .... 1505 packets received, 3349 bps, 41.86%, Err 34 (1.0e-05)
924.932 .... 1506 packets received, 3339 bps, 41.74%, Err 34 (1.0e-05)
928.981 .... 1507 packets received, 3327 bps, 41.59%, Err 34 (1.0e-05)
933.021 .... 1508 packets received, 3315 bps, 41.43%, Err 34 (1.0e-05)
937.209 .... 1509 packets received, 3302 bps, 41.28%, Err 34 (1.0e-05)
941.254 .... 1510 packets received, 3290 bps, 41.13%, Err 34 (1.0e-05)
945.453 .... 1511 packets received, 3278 bps, 40.97%, Err 34 (1.0e-05)
949.619 .... 1512 packets received, 3265 bps, 40.82%, Err 34 (1.0e-05)
953.739 .... 1513 packets received, 3253 bps, 40.67%, Err 34 (1.0e-05)
957.811 .... 1514 packets received, 3242 bps, 40.52%, Err 34 (1.0e-05)
961.982 .... 1515 packets received, 3230 bps, 40.37%, Err 34 (1.0e-05)
966.135 .... 1516 packets received, 3218 bps, 40.22%, Err 34 (1.0e-05)
970.228 .... 1517 packets received, 3206 bps, 40.08%, Err 34 (1.0e-05)
974.343 .... 1518 packets received, 3195 bps, 39.94%, Err 34 (1.0e-05)
978.460 .... 1519 packets received, 3184 bps, 39.80%, Err 34 (1.0e-05)
982.582 .... 1520 packets received, 3172 bps, 39.65%, Err 34 (1.0e-05)
986.689 .... 1521 packets received, 3161 bps, 39.51%, Err 34 (1.0e-05)
990.802 .... 1522 packets received, 3150 bps, 39.38%, Err 34 (1.0e-05)
994.930 .... 1523 packets received, 3139 bps, 39.24%, Err 34 (1.0e-05)
999.116 .... 1524 packets received, 3128 bps, 39.10%, Err 34 (1.0e-05)
1001.333 .... 1528 packets received, 3129 bps, 39.12%, Err 34 (1.0e-05)
1003.756 .... 1535 packets received, 3136 bps, 39.20%, Err 34 (1.0e-05)
1005.941 .... 1541 packets received, 3141 bps, 39.27%, Err 34 (1.0e-05)
1008.102 .... 1547 packets received, 3147 bps, 39.34%, Err 34 (1.0e-05)
1010.423 .... 1554 packets received, 3154 bps, 39.42%, Err 34 (1.0e-05)
1012.563 .... 1558 packets received, 3155 bps, 39.44%, Err 35 (1.0e-05)
1014.675 .... 1565 packets received, 3163 bps, 39.53%, Err 35 (1.0e-05)
1016.840 .... 1568 packets received, 3162 bps, 39.53%, Err 36 (1.1e-05)
1019.002 .... 1576 packets received, 3171 bps, 39.64%, Err 36 (1.0e-05)
1021.137 .... 1582 packets received, 3177 bps, 39.71%, Err 36 (1.0e-05)
1023.283 .... 1589 packets received, 3184 bps, 39.80%, Err 36 (1.0e-05)
1025.445 .... 1596 packets received, 3192 bps, 39.89%, Err 36 (1.0e-05)
1027.579 .... 1602 packets received, 3197 bps, 39.96%, Err 36 (1.0e-05)
1029.748 .... 1609 packets received, 3204 bps, 40.05%, Err 36 (1.0e-05)
1031.883 .... 1616 packets received, 3211 bps, 40.14%, Err 36 (1.0e-05)
1033.997 .... 1621 packets received, 3215 bps, 40.18%, Err 36 (1.0e-05)
1036.162 .... 1628 packets received, 3222 bps, 40.27%, Err 36 (1.0e-05)
1039.663 .... 1634 packets received, 3223 bps, 40.28%, Err 37 (1.0e-05)
1041.784 .... 1640 packets received, 3228 bps, 40.35%, Err 37 (1.0e-05)
1043.914 .... 1646 packets received, 3233 bps, 40.42%, Err 37 (1.0e-05)
1046.321 .... 1652 packets received, 3238 bps, 40.47%, Err 37 (1.0e-05)
1048.474 .... 1658 packets received, 3243 bps, 40.53%, Err 37 (1.0e-05)
1050.620 .... 1664 packets received, 3248 bps, 40.60%, Err 37 (1.0e-05)
1052.753 .... 1671 packets received, 3255 bps, 40.68%, Err 37 (1.0e-05)
1054.904 .... 1678 packets received, 3262 bps, 40.77%, Err 37 (1.0e-05)
1058.377 .... 1684 packets received, 3263 bps, 40.78%, Err 38 (1.0e-05)
1060.484 .... 1690 packets received, 3268 bps, 40.85%, Err 38 (1.0e-05)
1062.651 .... 1697 packets received, 3275 bps, 40.93%, Err 38 (1.0e-05)
1065.052 .... 1700 packets received, 3273 bps, 40.91%, Err 39 (1.1e-05)
1067.234 .... 1706 packets received, 3278 bps, 40.97%, Err 39 (1.0e-05)
1069.402 .... 1713 packets received, 3285 bps, 41.06%, Err 39 (1.0e-05)
1071.548 .... 1719 packets received, 3289 bps, 41.12%, Err 39 (1.0e-05)
1073.668 .... 1726 packets received, 3296 bps, 41.20%, Err 39 (1.0e-05)
1076.108 .... 1730 packets received, 3296 bps, 41.21%, Err 40 (1.1e-05)
1078.275 .... 1738 packets received, 3305 bps, 41.31%, Err 40 (1.1e-05)
1080.417 .... 1744 packets received, 3310 bps, 41.37%, Err 40 (1.1e-05)
1082.600 .... 1751 packets received, 3316 bps, 41.46%, Err 40 (1.0e-05)
1084.718 .... 1758 packets received, 3323 bps, 41.54%, Err 40 (1.0e-05)
1086.820 .... 1764 packets received, 3328 bps, 41.60%, Err 40 (1.0e-05)
1088.978 .... 1771 packets received, 3335 bps, 41.68%, Err 40 (1.0e-05)
1092.149 .... 1778 packets received, 3338 bps, 41.73%, Err 41 (1.1e-05)
1094.294 .... 1785 packets received, 3345 bps, 41.81%, Err 41 (1.1e-05)
1096.717 .... 1792 packets received, 3350 bps, 41.88%, Err 41 (1.1e-05)
1098.868 .... 1799 packets received, 3357 bps, 41.96%, Err 41 (1.0e-05)
1104.656 .... 1805 packets received, 3350 bps, 41.88%, Err 41 (1.0e-05)
1108.827 .... 1806 packets received, 3340 bps, 41.74%, Err 41 (1.0e-05)
1112.926 .... 1807 packets received, 3329 bps, 41.61%, Err 41 (1.0e-05)
1116.971 .... 1808 packets received, 3319 bps, 41.49%, Err 41 (1.0e-05)
1121.084 .... 1809 packets received, 3309 bps, 41.36%, Err 41 (1.0e-05)
1125.210 .... 1810 packets received, 3298 bps, 41.23%, Err 41 (1.0e-05)
1129.247 .... 1811 packets received, 3288 bps, 41.10%, Err 41 (1.0e-05)
1133.435 .... 1812 packets received, 3278 bps, 40.97%, Err 41 (1.0e-05)
1137.485 .... 1813 packets received, 3268 bps, 40.85%, Err 41 (1.0e-05)
1141.641 .... 1814 packets received, 3258 bps, 40.72%, Err 41 (1.0e-05)
1145.730 .... 1815 packets received, 3248 bps, 40.60%, Err 41 (1.0e-05)
1149.792 .... 1816 packets received, 3238 bps, 40.48%, Err 41 (1.0e-05)
1153.795 .... 1817 packets received, 3229 bps, 40.36%, Err 41 (1.0e-05)
1157.881 .... 1818 packets received, 3219 bps, 40.24%, Err 41 (1.0e-05)
1161.950 .... 1819 packets received, 3210 bps, 40.12%, Err 41 (1.0e-05)
1166.134 .... 1820 packets received, 3200 bps, 40.00%, Err 41 (1.0e-05)
1170.329 .... 1821 packets received, 3190 bps, 39.88%, Err 41 (1.0e-05)
1174.422 .... 1822 packets received, 3181 bps, 39.76%, Err 41 (1.0e-05)
1178.564 .... 1823 packets received, 3171 bps, 39.64%, Err 41 (1.0e-05)
1182.674 .... 1824 packets received, 3162 bps, 39.53%, Err 41 (1.0e-05)
1186.837 .... 1825 packets received, 3153 bps, 39.41%, Err 41 (1.0e-05)
1190.894 .... 1826 packets received, 3144 bps, 39.30%, Err 41 (1.0e-05)
1194.954 .... 1827 packets received, 3135 bps, 39.18%, Err 41 (1.0e-05)
1199.037 .... 1828 packets received, 3126 bps, 39.07%, Err 41 (1.0e-05)
1201.078 .... 1831 packets received, 3125 bps, 39.07%, Err 41 (1.0e-05)
1203.323 .... 1838 packets received, 3132 bps, 39.14%, Err 41 (1.0e-05)
1207.024 .... 1844 packets received, 3132 bps, 39.15%, Err 42 (1.0e-05)
1209.146 .... 1851 packets received, 3139 bps, 39.23%, Err 42 (1.0e-05)
1211.306 .... 1858 packets received, 3145 bps, 39.31%, Err 42 (1.0e-05)
1213.429 .... 1864 packets received, 3149 bps, 39.37%, Err 42 (1.0e-05)
1215.667 .... 1870 packets received, 3154 bps, 39.42%, Err 42 (1.0e-05)
1217.783 .... 1877 packets received, 3160 bps, 39.50%, Err 42 (1.0e-05)
1220.093 .... 1884 packets received, 3166 bps, 39.57%, Err 42 (1.0e-05)
1222.286 .... 1891 packets received, 3172 bps, 39.65%, Err 42 (1.0e-05)
1224.415 .... 1898 packets received, 3178 bps, 39.73%, Err 42 (1.0e-05)
1226.516 .... 1904 packets received, 3183 bps, 39.78%, Err 42 (1.0e-05)
1228.713 .... 1911 packets received, 3189 bps, 39.86%, Err 42 (1.0e-05)
1230.793 .... 1918 packets received, 3195 bps, 39.94%, Err 42 (1.0e-05)
1232.888 .... 1924 packets received, 3199 bps, 39.99%, Err 42 (1.0e-05)
1235.108 .... 1931 packets received, 3205 bps, 40.07%, Err 42 (1.0e-05)
1237.224 .... 1938 packets received, 3211 bps, 40.14%, Err 42 (1.0e-05)
1239.273 .... 1944 packets received, 3216 bps, 40.20%, Err 42 (9.9e-06)
1241.948 .... 1950 packets received, 3219 bps, 40.24%, Err 43 (1.0e-05)
1244.082 .... 1957 packets received, 3225 bps, 40.31%, Err 43 (1.0e-05)
1246.804 .... 1964 packets received, 3229 bps, 40.37%, Err 43 (1.0e-05)
1248.950 .... 1971 packets received, 3235 bps, 40.44%, Err 43 (1.0e-05)
1251.094 .... 1978 packets received, 3241 bps, 40.52%, Err 43 (1.0e-05)
1253.230 .... 1984 packets received, 3246 bps, 40.57%, Err 43 (1.0e-05)
1255.400 .... 1991 packets received, 3251 bps, 40.64%, Err 43 (9.9e-06)
1257.527 .... 1998 packets received, 3257 bps, 40.72%, Err 43 (9.9e-06)
1259.628 .... 2004 packets received, 3262 bps, 40.77%, Err 43 (9.9e-06)
1261.780 .... 2011 packets received, 3267 bps, 40.84%, Err 43 (9.8e-06)
1264.428 .... 2016 packets received, 3269 bps, 40.86%, Err 44 (1.0e-05)
1266.588 .... 2024 packets received, 3276 bps, 40.95%, Err 44 (1.0e-05)
1269.230 .... 2028 packets received, 3276 bps, 40.95%, Err 45 (1.0e-05)
1271.438 .... 2034 packets received, 3280 bps, 41.00%, Err 45 (1.0e-05)
1273.591 .... 2041 packets received, 3285 bps, 41.07%, Err 45 (1.0e-05)
1275.760 .... 2047 packets received, 3289 bps, 41.12%, Err 45 (1.0e-05)
1277.934 .... 2053 packets received, 3293 bps, 41.17%, Err 45 (1.0e-05)
1280.065 .... 2059 packets received, 3298 bps, 41.22%, Err 45 (1.0e-05)
1282.212 .... 2065 packets received, 3302 bps, 41.27%, Err 45 (1.0e-05)
1284.345 .... 2070 packets received, 3304 bps, 41.30%, Err 46 (1.0e-05)
1286.502 .... 2075 packets received, 3307 bps, 41.33%, Err 46 (1.0e-05)
1288.634 .... 2081 packets received, 3311 bps, 41.38%, Err 46 (1.0e-05)
1290.813 .... 2088 packets received, 3316 bps, 41.45%, Err 46 (1.0e-05)
1292.944 .... 2095 packets received, 3322 bps, 41.52%, Err 46 (1.0e-05)
1295.015 .... 2101 packets received, 3326 bps, 41.57%, Err 46 (1.0e-05)
1297.208 .... 2108 packets received, 3331 bps, 41.64%, Err 46 (1.0e-05)
1299.858 .... 2115 packets received, 3336 bps, 41.70%, Err 46 (1.0e-05)
1304.360 .... 2118 packets received, 3329 bps, 41.61%, Err 46 (1.0e-05)
1308.416 .... 2119 packets received, 3320 bps, 41.50%, Err 46 (1.0e-05)
1312.437 .... 2120 packets received, 3311 bps, 41.39%, Err 46 (1.0e-05)
1316.535 .... 2121 packets received, 3303 bps, 41.28%, Err 46 (1.0e-05)
1320.590 .... 2122 packets received, 3294 bps, 41.18%, Err 46 (1.0e-05)
1324.646 .... 2123 packets received, 3286 bps, 41.07%, Err 46 (1.0e-05)
1328.742 .... 2124 packets received, 3277 bps, 40.96%, Err 46 (1.0e-05)
1332.929 .... 2125 packets received, 3268 bps, 40.85%, Err 46 (1.0e-05)
1336.973 .... 2126 packets received, 3260 bps, 40.75%, Err 46 (1.0e-05)
1341.015 .... 2127 packets received, 3251 bps, 40.64%, Err 46 (9.9e-06)
1345.047 .... 2128 packets received, 3243 bps, 40.54%, Err 46 (9.9e-06)
1349.160 .... 2129 packets received, 3235 bps, 40.44%, Err 46 (9.9e-06)
1353.235 .... 2130 packets received, 3227 bps, 40.33%, Err 46 (9.9e-06)
1357.332 .... 2131 packets received, 3218 bps, 40.23%, Err 46 (9.9e-06)
1361.454 .... 2132 packets received, 3210 bps, 40.13%, Err 46 (9.9e-06)
1365.539 .... 2133 packets received, 3202 bps, 40.03%, Err 46 (9.9e-06)
1369.624 .... 2134 packets received, 3194 bps, 39.92%, Err 46 (9.9e-06)
1373.704 .... 2135 packets received, 3186 bps, 39.82%, Err 46 (9.9e-06)
1377.729 .... 2136 packets received, 3178 bps, 39.73%, Err 46 (9.9e-06)
1381.820 .... 2137 packets received, 3170 bps, 39.63%, Err 46 (9.9e-06)
1385.938 .... 2138 packets received, 3162 bps, 39.53%, Err 46 (9.9e-06)
1390.070 .... 2139 packets received, 3154 bps, 39.43%, Err 46 (9.9e-06)
1394.116 .... 2140 packets received, 3147 bps, 39.33%, Err 46 (9.9e-06)
1398.182 .... 2141 packets received, 3139 bps, 39.24%, Err 46 (9.9e-06)
1401.874 .... 2142 packets received, 3132 bps, 39.15%, Err 47 (1.0e-05)
1404.035 .... 2150 packets received, 3139 bps, 39.24%, Err 47 (1.0e-05)
1406.412 .... 2156 packets received, 3142 bps, 39.28%, Err 47 (1.0e-05)
1409.137 .... 2161 packets received, 3144 bps, 39.30%, Err 48 (1.0e-05)
1411.271 .... 2168 packets received, 3149 bps, 39.36%, Err 48 (1.0e-05)
1413.676 .... 2175 packets received, 3154 bps, 39.42%, Err 48 (1.0e-05)
1417.256 .... 2181 packets received, 3155 bps, 39.43%, Err 49 (1.0e-05)
1419.404 .... 2188 packets received, 3160 bps, 39.50%, Err 49 (1.0e-05)
1421.566 .... 2194 packets received, 3164 bps, 39.55%, Err 49 (1.0e-05)
1423.727 .... 2200 packets received, 3168 bps, 39.59%, Err 49 (1.0e-05)
1425.850 .... 2205 packets received, 3170 bps, 39.62%, Err 49 (1.0e-05)
1427.999 .... 2212 packets received, 3175 bps, 39.69%, Err 49 (1.0e-05)
1430.405 .... 2219 packets received, 3180 bps, 39.75%, Err 49 (1.0e-05)
1432.522 .... 2226 packets received, 3185 bps, 39.82%, Err 49 (1.0e-05)
1434.752 .... 2233 packets received, 3190 bps, 39.88%, Err 49 (1.0e-05)
1436.807 .... 2239 packets received, 3194 bps, 39.93%, Err 49 (1.0e-05)
1438.942 .... 2246 packets received, 3200 bps, 39.99%, Err 49 (1.0e-05)
1441.184 .... 2252 packets received, 3203 bps, 40.04%, Err 49 (1.0e-05)
1443.635 .... 2259 packets received, 3208 bps, 40.09%, Err 49 (1.0e-05)
1446.028 .... 2266 packets received, 3212 bps, 40.15%, Err 49 (9.9e-06)
1448.186 .... 2271 packets received, 3214 bps, 40.18%, Err 49 (9.9e-06)
1450.292 .... 2278 packets received, 3220 bps, 40.25%, Err 49 (9.9e-06)
1452.714 .... 2285 packets received, 3224 bps, 40.30%, Err 49 (9.9e-06)
1454.840 .... 2292 packets received, 3229 bps, 40.37%, Err 49 (9.8e-06)
1456.988 .... 2299 packets received, 3234 bps, 40.43%, Err 49 (9.8e-06)
1459.157 .... 2305 packets received, 3238 bps, 40.48%, Err 49 (9.8e-06)
1461.273 .... 2312 packets received, 3243 bps, 40.54%, Err 49 (9.7e-06)
1463.423 .... 2319 packets received, 3248 bps, 40.60%, Err 49 (9.7e-06)
1466.099 .... 2324 packets received, 3249 bps, 40.62%, Err 50 (9.9e-06)
1469.290 .... 2331 packets received, 3252 bps, 40.65%, Err 51 (1.0e-05)
1471.435 .... 2339 packets received, 3258 bps, 40.73%, Err 51 (1.0e-05)
1473.554 .... 2345 packets received, 3262 bps, 40.78%, Err 51 (1.0e-05)
1475.668 .... 2350 packets received, 3264 bps, 40.80%, Err 52 (1.0e-05)
1478.621 .... 2355 packets received, 3265 bps, 40.81%, Err 52 (1.0e-05)
1480.736 .... 2361 packets received, 3268 bps, 40.85%, Err 52 (1.0e-05)
1482.891 .... 2368 packets received, 3273 bps, 40.92%, Err 52 (1.0e-05)
1485.859 .... 2374 packets received, 3275 bps, 40.94%, Err 53 (1.0e-05)
1487.970 .... 2381 packets received, 3280 bps, 41.00%, Err 53 (1.0e-05)
1490.722 .... 2388 packets received, 3284 bps, 41.04%, Err 53 (1.0e-05)
1492.833 .... 2395 packets received, 3289 bps, 41.11%, Err 53 (1.0e-05)
1495.276 .... 2402 packets received, 3293 bps, 41.16%, Err 53 (1.0e-05)
1497.411 .... 2409 packets received, 3298 bps, 41.22%, Err 53 (1.0e-05)
1499.575 .... 2416 packets received, 3302 bps, 41.28%, Err 53 (1.0e-05)
1504.416 .... 2419 packets received, 3296 bps, 41.20%, Err 53 (1.0e-05)
1508.526 .... 2420 packets received, 3288 bps, 41.10%, Err 53 (1.0e-05)
1512.602 .... 2421 packets received, 3281 bps, 41.01%, Err 53 (1.0e-05)
1516.757 .... 2422 packets received, 3273 bps, 40.91%, Err 53 (1.0e-05)
1520.801 .... 2423 packets received, 3266 bps, 40.82%, Err 53 (1.0e-05)
1524.905 .... 2424 packets received, 3258 bps, 40.73%, Err 53 (1.0e-05)
1529.027 .... 2425 packets received, 3251 bps, 40.64%, Err 53 (1.0e-05)
1533.076 .... 2426 packets received, 3244 bps, 40.54%, Err 53 (1.0e-05)
1537.155 .... 2427 packets received, 3236 bps, 40.45%, Err 53 (1.0e-05)
1541.168 .... 2428 packets received, 3229 bps, 40.36%, Err 53 (1.0e-05)
1545.276 .... 2429 packets received, 3222 bps, 40.27%, Err 53 (1.0e-05)
1549.415 .... 2430 packets received, 3215 bps, 40.18%, Err 53 (1.0e-05)
1553.476 .... 2431 packets received, 3208 bps, 40.09%, Err 53 (1.0e-05)
1557.510 .... 2432 packets received, 3201 bps, 40.01%, Err 53 (1.0e-05)
1561.598 .... 2433 packets received, 3193 bps, 39.92%, Err 53 (1.0e-05)
1565.914 .... 2434 packets received, 3186 bps, 39.82%, Err 53 (1.0e-05)
1570.116 .... 2435 packets received, 3179 bps, 39.73%, Err 53 (1.0e-05)
1574.145 .... 2436 packets received, 3172 bps, 39.65%, Err 53 (1.0e-05)
1579.750 .... 2437 packets received, 3162 bps, 39.52%, Err 54 (1.0e-05)
1582.229 .... 2438 packets received, 3158 bps, 39.48%, Err 54 (1.0e-05)
1586.293 .... 2439 packets received, 3151 bps, 39.39%, Err 54 (1.0e-05)
1590.484 .... 2440 packets received, 3144 bps, 39.31%, Err 54 (1.0e-05)
1594.538 .... 2441 packets received, 3138 bps, 39.22%, Err 54 (1.0e-05)
1598.744 .... 2442 packets received, 3131 bps, 39.13%, Err 54 (1.0e-05)
1600.814 .... 2444 packets received, 3129 bps, 39.12%, Err 54 (1.0e-05)
1602.944 .... 2450 packets received, 3133 bps, 39.16%, Err 54 (1.0e-05)
1605.063 .... 2456 packets received, 3136 bps, 39.20%, Err 54 (1.0e-05)
1607.225 .... 2463 packets received, 3141 bps, 39.26%, Err 54 (1.0e-05)
1609.363 .... 2469 packets received, 3144 bps, 39.31%, Err 54 (1.0e-05)
1611.486 .... 2476 packets received, 3149 bps, 39.37%, Err 54 (1.0e-05)
1613.680 .... 2483 packets received, 3154 bps, 39.42%, Err 54 (1.0e-05)
1615.791 .... 2489 packets received, 3157 bps, 39.47%, Err 54 (1.0e-05)
1617.909 .... 2496 packets received, 3162 bps, 39.53%, Err 54 (9.9e-06)
1620.055 .... 2503 packets received, 3167 bps, 39.58%, Err 54 (9.9e-06)
1622.188 .... 2509 packets received, 3170 bps, 39.63%, Err 54 (9.9e-06)
1624.351 .... 2516 packets received, 3175 bps, 39.68%, Err 54 (9.9e-06)
1627.831 .... 2522 packets received, 3175 bps, 39.69%, Err 55 (1.0e-05)
1629.952 .... 2528 packets received, 3179 bps, 39.74%, Err 55 (1.0e-05)
1632.114 .... 2531 packets received, 3178 bps, 39.73%, Err 56 (1.0e-05)
1634.271 .... 2537 packets received, 3182 bps, 39.77%, Err 56 (1.0e-05)
1636.462 .... 2543 packets received, 3185 bps, 39.81%, Err 56 (1.0e-05)
1638.547 .... 2549 packets received, 3188 bps, 39.86%, Err 56 (1.0e-05)
1640.729 .... 2556 packets received, 3193 bps, 39.91%, Err 56 (1.0e-05)
1643.106 .... 2562 packets received, 3196 bps, 39.95%, Err 56 (1.0e-05)
1645.283 .... 2569 packets received, 3200 bps, 40.00%, Err 56 (1.0e-05)
1647.372 .... 2575 packets received, 3204 bps, 40.05%, Err 56 (1.0e-05)
1649.518 .... 2580 packets received, 3206 bps, 40.07%, Err 56 (1.0e-05)
1651.644 .... 2586 packets received, 3209 bps, 40.11%, Err 56 (1.0e-05)
1653.748 .... 2593 packets received, 3214 bps, 40.17%, Err 56 (9.9e-06)
1655.914 .... 2600 packets received, 3218 bps, 40.23%, Err 56 (9.9e-06)
1659.088 .... 2606 packets received, 3219 bps, 40.24%, Err 57 (1.0e-05)
1661.248 .... 2614 packets received, 3225 bps, 40.31%, Err 57 (1.0e-05)
1663.382 .... 2620 packets received, 3228 bps, 40.35%, Err 57 (1.0e-05)
1665.578 .... 2627 packets received, 3233 bps, 40.41%, Err 57 (1.0e-05)
1667.703 .... 2634 packets received, 3237 bps, 40.46%, Err 57 (9.9e-06)
1669.762 .... 2640 packets received, 3241 bps, 40.51%, Err 57 (9.9e-06)
1671.985 .... 2647 packets received, 3245 bps, 40.56%, Err 57 (9.9e-06)
1674.118 .... 2654 packets received, 3249 bps, 40.62%, Err 57 (9.9e-06)
1676.158 .... 2660 packets received, 3253 bps, 40.66%, Err 57 (9.9e-06)
1678.401 .... 2667 packets received, 3257 bps, 40.71%, Err 57 (9.8e-06)
1680.507 .... 2674 packets received, 3261 bps, 40.77%, Err 57 (9.8e-06)
1682.567 .... 2680 packets received, 3265 bps, 40.81%, Err 57 (9.8e-06)
1684.777 .... 2687 packets received, 3269 bps, 40.86%, Err 57 (9.8e-06)
1686.908 .... 2694 packets received, 3273 bps, 40.91%, Err 57 (9.7e-06)
1688.971 .... 2700 packets received, 3276 bps, 40.96%, Err 57 (9.7e-06)
1691.198 .... 2707 packets received, 3281 bps, 41.01%, Err 57 (9.7e-06)
1693.307 .... 2714 packets received, 3285 bps, 41.06%, Err 57 (9.7e-06)
1695.380 .... 2720 packets received, 3288 bps, 41.10%, Err 57 (9.6e-06)
1697.578 .... 2727 packets received, 3292 bps, 41.16%, Err 57 (9.6e-06)
1699.670 .... 2734 packets received, 3297 bps, 41.21%, Err 57 (9.6e-06)
1704.541 .... 2737 packets received, 3291 bps, 41.14%, Err 57 (9.6e-06)
1708.614 .... 2738 packets received, 3284 bps, 41.05%, Err 57 (9.6e-06)
1712.723 .... 2739 packets received, 3278 bps, 40.97%, Err 57 (9.6e-06)
1718.337 .... 2740 packets received, 3268 bps, 40.85%, Err 58 (9.7e-06)
1720.967 .... 2741 packets received, 3264 bps, 40.80%, Err 58 (9.7e-06)
1726.685 .... 2742 packets received, 3255 bps, 40.68%, Err 59 (9.9e-06)
1729.137 .... 2743 packets received, 3251 bps, 40.64%, Err 59 (9.9e-06)
1733.176 .... 2744 packets received, 3245 bps, 40.56%, Err 59 (9.9e-06)
1737.235 .... 2745 packets received, 3238 bps, 40.48%, Err 59 (9.9e-06)
1741.384 .... 2746 packets received, 3232 bps, 40.40%, Err 59 (9.9e-06)
1745.601 .... 2747 packets received, 3225 bps, 40.32%, Err 59 (9.9e-06)
1749.680 .... 2748 packets received, 3219 bps, 40.24%, Err 59 (9.9e-06)
1753.801 .... 2749 packets received, 3213 bps, 40.16%, Err 59 (9.9e-06)
1757.886 .... 2750 packets received, 3206 bps, 40.08%, Err 59 (9.9e-06)
1761.969 .... 2751 packets received, 3200 bps, 40.00%, Err 59 (9.9e-06)
1766.110 .... 2752 packets received, 3194 bps, 39.92%, Err 59 (9.9e-06)
1770.200 .... 2753 packets received, 3187 bps, 39.84%, Err 59 (9.9e-06)
1774.322 .... 2754 packets received, 3181 bps, 39.76%, Err 59 (9.8e-06)
1778.433 .... 2755 packets received, 3175 bps, 39.69%, Err 59 (9.8e-06)
1782.505 .... 2756 packets received, 3169 bps, 39.61%, Err 59 (9.8e-06)
1788.030 .... 2757 packets received, 3160 bps, 39.50%, Err 60 (1.0e-05)
1790.674 .... 2758 packets received, 3157 bps, 39.46%, Err 60 (1.0e-05)
1794.701 .... 2759 packets received, 3151 bps, 39.38%, Err 60 (1.0e-05)
1798.866 .... 2760 packets received, 3145 bps, 39.31%, Err 60 (1.0e-05)
1801.075 .... 2763 packets received, 3144 bps, 39.30%, Err 61 (1.0e-05)
1803.243 .... 2770 packets received, 3148 bps, 39.35%, Err 61 (1.0e-05)
1805.392 .... 2775 packets received, 3150 bps, 39.38%, Err 61 (1.0e-05)
1807.498 .... 2782 packets received, 3154 bps, 39.43%, Err 62 (1.0e-05)
1809.701 .... 2787 packets received, 3156 bps, 39.45%, Err 62 (1.0e-05)
1812.054 .... 2794 packets received, 3160 bps, 39.50%, Err 62 (1.0e-05)
1814.203 .... 2801 packets received, 3164 bps, 39.55%, Err 62 (1.0e-05)
1816.367 .... 2808 packets received, 3168 bps, 39.60%, Err 62 (1.0e-05)
1818.485 .... 2814 packets received, 3171 bps, 39.64%, Err 63 (1.0e-05)
1820.638 .... 2819 packets received, 3173 bps, 39.67%, Err 63 (1.0e-05)
1822.758 .... 2825 packets received, 3176 bps, 39.70%, Err 63 (1.0e-05)
1824.901 .... 2832 packets received, 3180 bps, 39.76%, Err 63 (1.0e-05)
1827.048 .... 2839 packets received, 3185 bps, 39.81%, Err 63 (1.0e-05)
1829.167 .... 2845 packets received, 3188 bps, 39.85%, Err 63 (1.0e-05)
1831.316 .... 2852 packets received, 3192 bps, 39.90%, Err 63 (1.0e-05)
1833.435 .... 2859 packets received, 3196 bps, 39.95%, Err 64 (1.0e-05)
1835.552 .... 2865 packets received, 3199 bps, 39.99%, Err 64 (1.0e-05)
1837.719 .... 2872 packets received, 3203 bps, 40.04%, Err 64 (1.0e-05)
1839.840 .... 2879 packets received, 3207 bps, 40.09%, Err 64 (1.0e-05)
1841.947 .... 2885 packets received, 3210 bps, 40.12%, Err 64 (1.0e-05)
1844.111 .... 2892 packets received, 3214 bps, 40.18%, Err 64 (1.0e-05)
1846.224 .... 2899 packets received, 3218 bps, 40.23%, Err 64 (1.0e-05)
1848.375 .... 2904 packets received, 3220 bps, 40.25%, Err 64 (1.0e-05)
1850.512 .... 2909 packets received, 3222 bps, 40.27%, Err 64 (1.0e-05)
1852.948 .... 2916 packets received, 3225 bps, 40.32%, Err 64 (1.0e-05)
1855.064 .... 2923 packets received, 3229 bps, 40.37%, Err 64 (1.0e-05)
1858.032 .... 2929 packets received, 3231 bps, 40.38%, Err 64 (1.0e-05)
1860.164 .... 2936 packets received, 3235 bps, 40.43%, Err 64 (1.0e-05)
1862.314 .... 2943 packets received, 3239 bps, 40.48%, Err 64 (1.0e-05)
1864.463 .... 2949 packets received, 3242 bps, 40.52%, Err 64 (1.0e-05)
1866.658 .... 2955 packets received, 3244 bps, 40.55%, Err 64 (1.0e-05)
1868.804 .... 2962 packets received, 3248 bps, 40.60%, Err 64 (9.9e-06)
1871.229 .... 2969 packets received, 3252 bps, 40.65%, Err 64 (9.9e-06)
1873.346 .... 2976 packets received, 3256 bps, 40.70%, Err 64 (9.9e-06)
1875.507 .... 2983 packets received, 3260 bps, 40.74%, Err 64 (9.9e-06)
1878.474 .... 2988 packets received, 3260 bps, 40.75%, Err 65 (1.0e-05)
1880.633 .... 2994 packets received, 3263 bps, 40.78%, Err 65 (1.0e-05)
1882.775 .... 3000 packets received, 3266 bps, 40.82%, Err 65 (1.0e-05)
1884.913 .... 3006 packets received, 3268 bps, 40.85%, Err 65 (9.9e-06)
1887.092 .... 3013 packets received, 3272 bps, 40.90%, Err 66 (1.0e-05)
1889.209 .... 3020 packets received, 3276 bps, 40.95%, Err 66 (1.0e-05)
1891.586 .... 3026 packets received, 3278 bps, 40.98%, Err 66 (1.0e-05)
1893.693 .... 3031 packets received, 3280 bps, 41.00%, Err 66 (1.0e-05)
1896.387 .... 3037 packets received, 3282 bps, 41.03%, Err 67 (1.0e-05)
1898.505 .... 3044 packets received, 3286 bps, 41.07%, Err 67 (1.0e-05)
1904.468 .... 3051 packets received, 3283 bps, 41.04%, Err 67 (1.0e-05)
1908.518 .... 3052 packets received, 3277 bps, 40.97%, Err 67 (1.0e-05)
1912.682 .... 3053 packets received, 3271 bps, 40.89%, Err 67 (1.0e-05)
1916.757 .... 3054 packets received, 3265 bps, 40.82%, Err 67 (1.0e-05)
1920.900 .... 3055 packets received, 3259 bps, 40.74%, Err 67 (1.0e-05)
1925.003 .... 3056 packets received, 3253 bps, 40.67%, Err 67 (1.0e-05)
1929.075 .... 3057 packets received, 3248 bps, 40.60%, Err 67 (1.0e-05)
1933.205 .... 3058 packets received, 3242 bps, 40.52%, Err 67 (1.0e-05)
1937.553 .... 3059 packets received, 3236 bps, 40.44%, Err 67 (1.0e-05)
1941.820 .... 3060 packets received, 3229 bps, 40.37%, Err 67 (1.0e-05)
1945.926 .... 3061 packets received, 3224 bps, 40.30%, Err 67 (1.0e-05)
1949.970 .... 3062 packets received, 3218 bps, 40.23%, Err 67 (1.0e-05)
1954.094 .... 3063 packets received, 3212 bps, 40.15%, Err 67 (1.0e-05)
1958.274 .... 3064 packets received, 3207 bps, 40.08%, Err 67 (1.0e-05)
1962.454 .... 3065 packets received, 3201 bps, 40.01%, Err 67 (1.0e-05)
1967.267 .... 3066 packets received, 3194 bps, 39.92%, Err 68 (1.0e-05)
1971.404 .... 3067 packets received, 3188 bps, 39.85%, Err 69 (1.0e-05)
1974.684 .... 3068 packets received, 3184 bps, 39.80%, Err 69 (1.0e-05)
1978.758 .... 3069 packets received, 3178 bps, 39.73%, Err 69 (1.0e-05)
1982.861 .... 3070 packets received, 3173 bps, 39.66%, Err 69 (1.0e-05)
1986.982 .... 3071 packets received, 3167 bps, 39.59%, Err 69 (1.0e-05)
1991.161 .... 3072 packets received, 3162 bps, 39.52%, Err 69 (1.0e-05)
1995.282 .... 3073 packets received, 3156 bps, 39.45%, Err 69 (1.0e-05)
1999.488 .... 3074 packets received, 3151 bps, 39.38%, Err 69 (1.0e-05)
