./selective -b 
=========================================================================
                          Station B                                 
-------------------------------------------------------------------------
Protocol.lib, version 3.0, Build: Oct 19 2009 (jiangy@public3.bta.net.cn)
Channel: 8000 bps, 270 ms propagation delay, bit error rate 1.0E-05
Log file "./selective-B.log", TCP port 59144, debug mask 0x00
Station B is connecting station A (TCP port 59144) ... Failed!
Station B is connecting station A (TCP port 59144) ... Failed!
Station B is connecting station A (TCP port 59144) ... Failed!
Station B is connecting station A (TCP port 59144) ... Done.
New epoch: Sun Nov 22 22:39:01 2009
=========================================================================
Designed by JackalDire
2.637 .... 6 packets received, 5663 bps, 70.78%, Err 0 (0.0e+00)
4.799 .... 12 packets received, 5672 bps, 70.90%, Err 0 (0.0e+00)
7.738 .... 16 packets received, 4506 bps, 56.33%, Err 1 (2.4e-05)
9.906 .... 22 packets received, 4773 bps, 59.66%, Err 1 (2.0e-05)
12.045 .... 29 packets received, 5129 bps, 64.12%, Err 1 (1.6e-05)
14.225 .... 35 packets received, 5210 bps, 65.12%, Err 1 (1.3e-05)
16.341 .... 42 packets received, 5418 bps, 67.73%, Err 1 (1.1e-05)
18.529 .... 49 packets received, 5556 bps, 69.45%, Err 1 (9.4e-06)
20.622 .... 55 packets received, 5588 bps, 69.86%, Err 1 (8.3e-06)
22.769 .... 62 packets received, 5693 bps, 71.17%, Err 1 (7.4e-06)
24.899 .... 69 packets received, 5784 bps, 72.30%, Err 1 (6.8e-06)
27.061 .... 75 packets received, 5776 bps, 72.19%, Err 1 (6.1e-06)
30.002 .... 81 packets received, 5616 bps, 70.21%, Err 2 (1.1e-05)
32.148 .... 87 packets received, 5624 bps, 70.30%, Err 2 (1.1e-05)
34.342 .... 94 packets received, 5683 bps, 71.04%, Err 2 (9.9e-06)
36.465 .... 100 packets received, 5689 bps, 71.11%, Err 2 (9.2e-06)
38.614 .... 107 packets received, 5744 bps, 71.80%, Err 2 (8.6e-06)
41.036 .... 112 packets received, 5654 bps, 70.67%, Err 3 (1.2e-05)
43.141 .... 119 packets received, 5711 bps, 71.39%, Err 3 (1.2e-05)
46.666 .... 126 packets received, 5585 bps, 69.82%, Err 4 (1.4e-05)
48.809 .... 132 packets received, 5592 bps, 69.90%, Err 4 (1.4e-05)
50.969 .... 138 packets received, 5596 bps, 69.95%, Err 4 (1.3e-05)
53.122 .... 144 packets received, 5601 bps, 70.01%, Err 4 (1.3e-05)
55.286 .... 151 packets received, 5641 bps, 70.51%, Err 4 (1.2e-05)
57.419 .... 158 packets received, 5682 bps, 71.02%, Err 4 (1.2e-05)
59.520 .... 164 packets received, 5688 bps, 71.09%, Err 4 (1.1e-05)
61.699 .... 171 packets received, 5719 bps, 71.49%, Err 4 (1.1e-05)
63.802 .... 178 packets received, 5756 bps, 71.95%, Err 4 (1.0e-05)
65.928 .... 184 packets received, 5756 bps, 71.96%, Err 4 (1.0e-05)
68.093 .... 191 packets received, 5784 bps, 72.30%, Err 4 (9.7e-06)
70.230 .... 198 packets received, 5813 bps, 72.66%, Err 4 (9.4e-06)
72.363 .... 204 packets received, 5811 bps, 72.64%, Err 4 (9.1e-06)
76.394 .... 208 packets received, 5610 bps, 70.13%, Err 6 (1.3e-05)
78.525 .... 215 packets received, 5641 bps, 70.51%, Err 6 (1.3e-05)
80.941 .... 222 packets received, 5650 bps, 70.62%, Err 6 (1.2e-05)
84.150 .... 229 packets received, 5604 bps, 70.05%, Err 7 (1.4e-05)
86.271 .... 236 packets received, 5633 bps, 70.41%, Err 7 (1.3e-05)
88.708 .... 243 packets received, 5640 bps, 70.50%, Err 7 (1.3e-05)
90.888 .... 249 packets received, 5640 bps, 70.50%, Err 7 (1.3e-05)
92.960 .... 253 packets received, 5602 bps, 70.02%, Err 7 (1.2e-05)
95.129 .... 259 packets received, 5603 bps, 70.04%, Err 7 (1.2e-05)
97.249 .... 264 packets received, 5586 bps, 69.83%, Err 7 (1.2e-05)
99.361 .... 271 packets received, 5612 bps, 70.15%, Err 7 (1.2e-05)
101.870 .... 277 packets received, 5594 bps, 69.93%, Err 7 (1.1e-05)
104.016 .... 283 packets received, 5597 bps, 69.96%, Err 7 (1.1e-05)
106.714 .... 289 packets received, 5571 bps, 69.63%, Err 7 (1.1e-05)
108.877 .... 295 packets received, 5573 bps, 69.66%, Err 7 (1.1e-05)
111.034 .... 301 packets received, 5575 bps, 69.69%, Err 7 (1.1e-05)
113.258 .... 306 packets received, 5556 bps, 69.45%, Err 7 (1.0e-05)
115.433 .... 312 packets received, 5558 bps, 69.47%, Err 7 (1.0e-05)
117.608 .... 318 packets received, 5560 bps, 69.50%, Err 7 (1.0e-05)
120.086 .... 323 packets received, 5530 bps, 69.13%, Err 7 (9.8e-06)
122.235 .... 329 packets received, 5533 bps, 69.17%, Err 7 (9.7e-06)
124.928 .... 334 packets received, 5496 bps, 68.70%, Err 8 (1.1e-05)
127.091 .... 340 packets received, 5499 bps, 68.74%, Err 8 (1.1e-05)
129.785 .... 346 packets received, 5480 bps, 68.49%, Err 8 (1.0e-05)
131.956 .... 352 packets received, 5483 bps, 68.53%, Err 8 (1.0e-05)
134.113 .... 358 packets received, 5486 bps, 68.57%, Err 9 (1.1e-05)
136.578 .... 363 packets received, 5462 bps, 68.27%, Err 9 (1.1e-05)
138.727 .... 369 packets received, 5466 bps, 68.32%, Err 9 (1.1e-05)
140.875 .... 375 packets received, 5470 bps, 68.37%, Err 9 (1.1e-05)
143.175 .... 380 packets received, 5453 bps, 68.17%, Err 9 (1.1e-05)
145.308 .... 386 packets received, 5458 bps, 68.22%, Err 9 (1.1e-05)
147.956 .... 392 packets received, 5443 bps, 68.04%, Err 9 (1.0e-05)
150.095 .... 398 packets received, 5448 bps, 68.09%, Err 9 (1.0e-05)
152.268 .... 404 packets received, 5450 bps, 68.13%, Err 9 (1.0e-05)
154.467 .... 409 packets received, 5439 bps, 67.99%, Err 9 (1.0e-05)
156.645 .... 415 packets received, 5442 bps, 68.02%, Err 9 (9.9e-06)
158.813 .... 421 packets received, 5445 bps, 68.06%, Err 9 (9.8e-06)
161.548 .... 426 packets received, 5416 bps, 67.70%, Err 10 (1.1e-05)
163.710 .... 432 packets received, 5420 bps, 67.75%, Err 10 (1.1e-05)
167.825 .... 438 packets received, 5360 bps, 67.00%, Err 11 (1.1e-05)
169.969 .... 444 packets received, 5365 bps, 67.06%, Err 11 (1.1e-05)
172.565 .... 450 packets received, 5355 bps, 66.94%, Err 11 (1.1e-05)
174.710 .... 456 packets received, 5360 bps, 67.00%, Err 11 (1.1e-05)
176.886 .... 462 packets received, 5363 bps, 67.04%, Err 11 (1.1e-05)
179.052 .... 467 packets received, 5355 bps, 66.94%, Err 11 (1.1e-05)
181.199 .... 473 packets received, 5360 bps, 67.00%, Err 11 (1.1e-05)
183.359 .... 479 packets received, 5364 bps, 67.05%, Err 11 (1.1e-05)
185.787 .... 485 packets received, 5360 bps, 67.00%, Err 11 (1.0e-05)
188.268 .... 491 packets received, 5354 bps, 66.93%, Err 11 (1.0e-05)
190.413 .... 497 packets received, 5359 bps, 66.98%, Err 11 (1.0e-05)
192.951 .... 503 packets received, 5352 bps, 66.90%, Err 11 (1.0e-05)
195.094 .... 509 packets received, 5356 bps, 66.95%, Err 11 (9.9e-06)
197.301 .... 515 packets received, 5358 bps, 66.98%, Err 11 (9.8e-06)
199.475 .... 520 packets received, 5351 bps, 66.89%, Err 11 (9.7e-06)
201.608 .... 526 packets received, 5356 bps, 66.95%, Err 11 (9.6e-06)
204.034 .... 531 packets received, 5342 bps, 66.78%, Err 12 (1.0e-05)
206.134 .... 538 packets received, 5357 bps, 66.97%, Err 12 (1.0e-05)
208.551 .... 545 packets received, 5364 bps, 67.05%, Err 12 (1.0e-05)
210.715 .... 552 packets received, 5377 bps, 67.21%, Err 12 (1.0e-05)
212.848 .... 559 packets received, 5390 bps, 67.38%, Err 12 (9.9e-06)
214.951 .... 565 packets received, 5395 bps, 67.44%, Err 12 (9.7e-06)
217.157 .... 572 packets received, 5406 bps, 67.58%, Err 12 (9.6e-06)
219.278 .... 579 packets received, 5419 bps, 67.74%, Err 12 (9.5e-06)
221.354 .... 585 packets received, 5424 bps, 67.80%, Err 12 (9.4e-06)
224.049 .... 592 packets received, 5423 bps, 67.78%, Err 12 (9.3e-06)
226.165 .... 597 packets received, 5417 bps, 67.72%, Err 12 (9.2e-06)
228.572 .... 601 packets received, 5396 bps, 67.45%, Err 13 (9.9e-06)
230.744 .... 609 packets received, 5416 bps, 67.70%, Err 14 (1.1e-05)
232.871 .... 615 packets received, 5420 bps, 67.74%, Err 14 (1.0e-05)
235.026 .... 618 packets received, 5396 bps, 67.45%, Err 15 (1.1e-05)
237.191 .... 624 packets received, 5398 bps, 67.48%, Err 15 (1.1e-05)
239.350 .... 631 packets received, 5410 bps, 67.62%, Err 15 (1.1e-05)
241.498 .... 637 packets received, 5412 bps, 67.66%, Err 15 (1.1e-05)
243.622 .... 644 packets received, 5424 bps, 67.80%, Err 15 (1.1e-05)
245.802 .... 651 packets received, 5434 bps, 67.93%, Err 15 (1.1e-05)
247.922 .... 657 packets received, 5437 bps, 67.97%, Err 15 (1.0e-05)
250.056 .... 664 packets received, 5448 bps, 68.11%, Err 15 (1.0e-05)
252.234 .... 671 packets received, 5458 bps, 68.23%, Err 15 (1.0e-05)
254.384 .... 677 packets received, 5460 bps, 68.26%, Err 15 (1.0e-05)
256.507 .... 684 packets received, 5471 bps, 68.39%, Err 16 (1.1e-05)
259.488 .... 689 packets received, 5448 bps, 68.10%, Err 16 (1.1e-05)
261.618 .... 695 packets received, 5450 bps, 68.13%, Err 16 (1.1e-05)
263.732 .... 701 packets received, 5453 bps, 68.17%, Err 16 (1.0e-05)
265.901 .... 706 packets received, 5447 bps, 68.09%, Err 16 (1.0e-05)
268.051 .... 712 packets received, 5449 bps, 68.12%, Err 16 (1.0e-05)
270.168 .... 719 packets received, 5460 bps, 68.25%, Err 16 (1.0e-05)
272.353 .... 725 packets received, 5461 bps, 68.26%, Err 16 (1.0e-05)
274.528 .... 732 packets received, 5470 bps, 68.38%, Err 16 (1.0e-05)
276.673 .... 738 packets received, 5472 bps, 68.40%, Err 16 (1.0e-05)
278.791 .... 745 packets received, 5482 bps, 68.52%, Err 16 (9.9e-06)
280.940 .... 752 packets received, 5491 bps, 68.64%, Err 16 (9.8e-06)
283.388 .... 757 packets received, 5480 bps, 68.50%, Err 16 (9.7e-06)
285.780 .... 763 packets received, 5477 bps, 68.46%, Err 16 (9.7e-06)
287.930 .... 770 packets received, 5486 bps, 68.57%, Err 16 (9.6e-06)
290.093 .... 777 packets received, 5494 bps, 68.68%, Err 16 (9.5e-06)
292.471 .... 783 packets received, 5492 bps, 68.65%, Err 16 (9.4e-06)
294.644 .... 789 packets received, 5493 bps, 68.66%, Err 16 (9.3e-06)
296.819 .... 796 packets received, 5501 bps, 68.76%, Err 16 (9.3e-06)
298.966 .... 802 packets received, 5502 bps, 68.78%, Err 16 (9.2e-06)
301.414 .... 809 packets received, 5505 bps, 68.82%, Err 16 (9.1e-06)
303.578 .... 815 packets received, 5507 bps, 68.83%, Err 16 (9.1e-06)
305.724 .... 821 packets received, 5508 bps, 68.85%, Err 16 (9.0e-06)
308.170 .... 827 packets received, 5504 bps, 68.80%, Err 16 (8.9e-06)
310.332 .... 833 packets received, 5506 bps, 68.82%, Err 16 (8.9e-06)
312.587 .... 839 packets received, 5505 bps, 68.81%, Err 16 (8.8e-06)
315.053 .... 843 packets received, 5488 bps, 68.60%, Err 17 (9.3e-06)
317.204 .... 850 packets received, 5496 bps, 68.70%, Err 17 (9.2e-06)
319.379 .... 856 packets received, 5497 bps, 68.71%, Err 17 (9.2e-06)
322.261 .... 861 packets received, 5480 bps, 68.50%, Err 18 (9.6e-06)
324.665 .... 867 packets received, 5477 bps, 68.46%, Err 19 (1.0e-05)
326.823 .... 873 packets received, 5478 bps, 68.48%, Err 19 (1.0e-05)
329.559 .... 879 packets received, 5470 bps, 68.38%, Err 19 (1.0e-05)
331.739 .... 885 packets received, 5471 bps, 68.39%, Err 19 (9.9e-06)
334.467 .... 891 packets received, 5463 bps, 68.29%, Err 19 (9.8e-06)
337.156 .... 896 packets received, 5450 bps, 68.13%, Err 20 (1.0e-05)
339.333 .... 903 packets received, 5457 bps, 68.22%, Err 20 (1.0e-05)
341.505 .... 906 packets received, 5441 bps, 68.01%, Err 21 (1.1e-05)
343.673 .... 913 packets received, 5448 bps, 68.10%, Err 21 (1.1e-05)
345.935 .... 919 packets received, 5448 bps, 68.10%, Err 21 (1.1e-05)
348.077 .... 925 packets received, 5450 bps, 68.12%, Err 22 (1.1e-05)
350.767 .... 931 packets received, 5443 bps, 68.04%, Err 22 (1.1e-05)
352.926 .... 937 packets received, 5445 bps, 68.06%, Err 22 (1.1e-05)
355.100 .... 943 packets received, 5446 bps, 68.07%, Err 22 (1.1e-05)
359.242 .... 949 packets received, 5417 bps, 67.71%, Err 23 (1.1e-05)
361.392 .... 955 packets received, 5419 bps, 67.74%, Err 23 (1.1e-05)
363.554 .... 961 packets received, 5421 bps, 67.76%, Err 23 (1.1e-05)
366.004 .... 966 packets received, 5412 bps, 67.65%, Err 23 (1.1e-05)
368.159 .... 972 packets received, 5414 bps, 67.67%, Err 23 (1.1e-05)
370.561 .... 978 packets received, 5412 bps, 67.65%, Err 23 (1.1e-05)
373.040 .... 984 packets received, 5409 bps, 67.61%, Err 23 (1.1e-05)
375.220 .... 990 packets received, 5410 bps, 67.63%, Err 23 (1.1e-05)
377.391 .... 996 packets received, 5412 bps, 67.65%, Err 23 (1.1e-05)
379.570 .... 1002 packets received, 5413 bps, 67.66%, Err 23 (1.1e-05)
381.719 .... 1008 packets received, 5415 bps, 67.68%, Err 23 (1.1e-05)
383.893 .... 1014 packets received, 5416 bps, 67.70%, Err 23 (1.0e-05)
386.207 .... 1020 packets received, 5415 bps, 67.69%, Err 23 (1.0e-05)
388.385 .... 1026 packets received, 5417 bps, 67.71%, Err 23 (1.0e-05)
390.669 .... 1032 packets received, 5417 bps, 67.71%, Err 23 (1.0e-05)
392.815 .... 1038 packets received, 5418 bps, 67.73%, Err 23 (1.0e-05)
395.044 .... 1044 packets received, 5419 bps, 67.73%, Err 23 (1.0e-05)
397.630 .... 1050 packets received, 5414 bps, 67.68%, Err 23 (1.0e-05)
399.815 .... 1056 packets received, 5416 bps, 67.69%, Err 23 (1.0e-05)
403.484 .... 1063 packets received, 5402 bps, 67.52%, Err 24 (1.0e-05)
405.617 .... 1070 packets received, 5409 bps, 67.61%, Err 24 (1.0e-05)
408.588 .... 1076 packets received, 5399 bps, 67.49%, Err 25 (1.1e-05)
410.986 .... 1082 packets received, 5398 bps, 67.47%, Err 25 (1.1e-05)
413.136 .... 1089 packets received, 5404 bps, 67.56%, Err 25 (1.1e-05)
415.297 .... 1096 packets received, 5411 bps, 67.64%, Err 25 (1.1e-05)
417.447 .... 1102 packets received, 5412 bps, 67.66%, Err 25 (1.0e-05)
420.391 .... 1108 packets received, 5404 bps, 67.55%, Err 26 (1.1e-05)
423.604 .... 1113 packets received, 5387 bps, 67.34%, Err 27 (1.1e-05)
426.041 .... 1121 packets received, 5395 bps, 67.43%, Err 27 (1.1e-05)
428.481 .... 1127 packets received, 5393 bps, 67.41%, Err 27 (1.1e-05)
430.616 .... 1134 packets received, 5399 bps, 67.49%, Err 27 (1.1e-05)
432.793 .... 1141 packets received, 5405 bps, 67.56%, Err 27 (1.1e-05)
436.004 .... 1146 packets received, 5389 bps, 67.36%, Err 28 (1.1e-05)
438.152 .... 1152 packets received, 5390 bps, 67.38%, Err 28 (1.1e-05)
440.297 .... 1157 packets received, 5387 bps, 67.34%, Err 28 (1.1e-05)
442.731 .... 1164 packets received, 5390 bps, 67.38%, Err 28 (1.1e-05)
444.854 .... 1171 packets received, 5397 bps, 67.46%, Err 28 (1.1e-05)
447.016 .... 1178 packets received, 5403 bps, 67.53%, Err 28 (1.1e-05)
449.147 .... 1184 packets received, 5404 bps, 67.55%, Err 28 (1.1e-05)
451.263 .... 1191 packets received, 5411 bps, 67.63%, Err 29 (1.1e-05)
453.441 .... 1198 packets received, 5416 bps, 67.71%, Err 29 (1.1e-05)
455.559 .... 1204 packets received, 5418 bps, 67.73%, Err 29 (1.1e-05)
457.672 .... 1211 packets received, 5425 bps, 67.81%, Err 29 (1.1e-05)
459.882 .... 1218 packets received, 5430 bps, 67.87%, Err 29 (1.1e-05)
462.257 .... 1223 packets received, 5424 bps, 67.80%, Err 29 (1.1e-05)
464.398 .... 1230 packets received, 5430 bps, 67.87%, Err 29 (1.1e-05)
466.818 .... 1237 packets received, 5432 bps, 67.90%, Err 29 (1.1e-05)
468.964 .... 1242 packets received, 5429 bps, 67.87%, Err 29 (1.1e-05)
471.084 .... 1249 packets received, 5435 bps, 67.94%, Err 29 (1.1e-05)
473.503 .... 1256 packets received, 5438 bps, 67.97%, Err 29 (1.1e-05)
475.635 .... 1263 packets received, 5444 bps, 68.04%, Err 29 (1.1e-05)
477.826 .... 1270 packets received, 5449 bps, 68.11%, Err 29 (1.1e-05)
479.941 .... 1276 packets received, 5450 bps, 68.13%, Err 29 (1.0e-05)
482.073 .... 1282 packets received, 5452 bps, 68.15%, Err 29 (1.0e-05)
484.254 .... 1288 packets received, 5452 bps, 68.16%, Err 29 (1.0e-05)
486.356 .... 1293 packets received, 5450 bps, 68.12%, Err 29 (1.0e-05)
488.523 .... 1300 packets received, 5455 bps, 68.19%, Err 29 (1.0e-05)
490.655 .... 1306 packets received, 5456 bps, 68.21%, Err 29 (1.0e-05)
492.773 .... 1313 packets received, 5462 bps, 68.28%, Err 29 (1.0e-05)
494.950 .... 1320 packets received, 5467 bps, 68.34%, Err 29 (1.0e-05)
497.402 .... 1326 packets received, 5465 bps, 68.31%, Err 31 (1.1e-05)
500.629 .... 1331 packets received, 5450 bps, 68.12%, Err 31 (1.1e-05)
502.785 .... 1337 packets received, 5451 bps, 68.14%, Err 31 (1.1e-05)
505.023 .... 1343 packets received, 5451 bps, 68.14%, Err 31 (1.1e-05)
507.679 .... 1349 packets received, 5447 bps, 68.09%, Err 31 (1.1e-05)
509.858 .... 1355 packets received, 5448 bps, 68.10%, Err 31 (1.1e-05)
512.054 .... 1361 packets received, 5448 bps, 68.10%, Err 31 (1.1e-05)
514.200 .... 1367 packets received, 5450 bps, 68.12%, Err 32 (1.1e-05)
516.725 .... 1373 packets received, 5447 bps, 68.08%, Err 32 (1.1e-05)
518.904 .... 1379 packets received, 5448 bps, 68.09%, Err 32 (1.1e-05)
521.313 .... 1385 packets received, 5446 bps, 68.07%, Err 32 (1.1e-05)
523.822 .... 1391 packets received, 5443 bps, 68.04%, Err 32 (1.1e-05)
526.519 .... 1398 packets received, 5443 bps, 68.03%, Err 32 (1.1e-05)
528.678 .... 1404 packets received, 5444 bps, 68.05%, Err 32 (1.1e-05)
530.866 .... 1410 packets received, 5444 bps, 68.05%, Err 32 (1.0e-05)
533.013 .... 1415 packets received, 5442 bps, 68.02%, Err 33 (1.1e-05)
535.280 .... 1420 packets received, 5438 bps, 67.97%, Err 33 (1.1e-05)
537.457 .... 1426 packets received, 5439 bps, 67.98%, Err 33 (1.1e-05)
539.597 .... 1432 packets received, 5440 bps, 68.00%, Err 33 (1.1e-05)
541.883 .... 1437 packets received, 5436 bps, 67.95%, Err 33 (1.1e-05)
544.059 .... 1443 packets received, 5437 bps, 67.96%, Err 33 (1.1e-05)
546.231 .... 1449 packets received, 5437 bps, 67.97%, Err 33 (1.1e-05)
548.714 .... 1454 packets received, 5431 bps, 67.89%, Err 33 (1.0e-05)
550.859 .... 1460 packets received, 5433 bps, 67.91%, Err 33 (1.0e-05)
553.015 .... 1466 packets received, 5434 bps, 67.92%, Err 33 (1.0e-05)
555.286 .... 1471 packets received, 5430 bps, 67.87%, Err 33 (1.0e-05)
557.430 .... 1477 packets received, 5431 bps, 67.89%, Err 33 (1.0e-05)
559.952 .... 1483 packets received, 5429 bps, 67.86%, Err 33 (1.0e-05)
562.116 .... 1489 packets received, 5429 bps, 67.87%, Err 33 (1.0e-05)
564.303 .... 1495 packets received, 5430 bps, 67.88%, Err 33 (1.0e-05)
566.554 .... 1500 packets received, 5427 bps, 67.83%, Err 33 (1.0e-05)
568.727 .... 1506 packets received, 5428 bps, 67.84%, Err 33 (1.0e-05)
570.874 .... 1512 packets received, 5429 bps, 67.86%, Err 33 (1.0e-05)
573.367 .... 1517 packets received, 5423 bps, 67.79%, Err 33 (1.0e-05)
575.522 .... 1523 packets received, 5424 bps, 67.80%, Err 33 (1.0e-05)
577.683 .... 1528 packets received, 5421 bps, 67.77%, Err 34 (1.0e-05)
579.855 .... 1533 packets received, 5419 bps, 67.73%, Err 34 (1.0e-05)
582.029 .... 1539 packets received, 5420 bps, 67.75%, Err 34 (1.0e-05)
584.194 .... 1545 packets received, 5421 bps, 67.76%, Err 34 (1.0e-05)
586.408 .... 1551 packets received, 5421 bps, 67.76%, Err 34 (1.0e-05)
588.734 .... 1557 packets received, 5421 bps, 67.76%, Err 34 (1.0e-05)
590.897 .... 1563 packets received, 5422 bps, 67.77%, Err 34 (1.0e-05)
593.088 .... 1569 packets received, 5422 bps, 67.78%, Err 34 (1.0e-05)
595.332 .... 1575 packets received, 5422 bps, 67.78%, Err 34 (1.0e-05)
597.472 .... 1581 packets received, 5424 bps, 67.79%, Err 34 (1.0e-05)
600.172 .... 1587 packets received, 5420 bps, 67.75%, Err 34 (9.9e-06)
602.176 .... 1594 packets received, 5425 bps, 67.82%, Err 34 (9.9e-06)
604.340 .... 1602 packets received, 5433 bps, 67.91%, Err 34 (9.8e-06)
606.495 .... 1610 packets received, 5441 bps, 68.01%, Err 34 (9.8e-06)
608.650 .... 1618 packets received, 5448 bps, 68.11%, Err 34 (9.7e-06)
611.091 .... 1623 packets received, 5443 bps, 68.04%, Err 35 (1.0e-05)
613.238 .... 1629 packets received, 5444 bps, 68.06%, Err 35 (9.9e-06)
615.401 .... 1635 packets received, 5445 bps, 68.07%, Err 35 (9.9e-06)
617.525 .... 1641 packets received, 5446 bps, 68.08%, Err 35 (9.9e-06)
619.662 .... 1648 packets received, 5451 bps, 68.13%, Err 35 (9.8e-06)
621.842 .... 1655 packets received, 5455 bps, 68.18%, Err 35 (9.8e-06)
623.936 .... 1661 packets received, 5456 bps, 68.20%, Err 35 (9.8e-06)
626.145 .... 1668 packets received, 5460 bps, 68.25%, Err 35 (9.7e-06)
628.249 .... 1671 packets received, 5451 bps, 68.14%, Err 36 (1.0e-05)
630.414 .... 1676 packets received, 5449 bps, 68.11%, Err 36 (9.9e-06)
633.078 .... 1682 packets received, 5445 bps, 68.07%, Err 37 (1.0e-05)
635.176 .... 1689 packets received, 5450 bps, 68.12%, Err 37 (1.0e-05)
637.596 .... 1696 packets received, 5452 bps, 68.15%, Err 37 (1.0e-05)
639.744 .... 1703 packets received, 5456 bps, 68.20%, Err 37 (1.0e-05)
641.882 .... 1710 packets received, 5460 bps, 68.25%, Err 37 (1.0e-05)
644.258 .... 1713 packets received, 5449 bps, 68.12%, Err 38 (1.0e-05)
646.737 .... 1721 packets received, 5454 bps, 68.17%, Err 38 (1.0e-05)
649.358 .... 1726 packets received, 5448 bps, 68.09%, Err 39 (1.0e-05)
651.512 .... 1733 packets received, 5452 bps, 68.14%, Err 40 (1.1e-05)
654.194 .... 1738 packets received, 5445 bps, 68.06%, Err 40 (1.1e-05)
657.646 .... 1745 packets received, 5438 bps, 67.98%, Err 41 (1.1e-05)
659.873 .... 1751 packets received, 5438 bps, 67.98%, Err 41 (1.1e-05)
662.021 .... 1758 packets received, 5442 bps, 68.03%, Err 41 (1.1e-05)
664.175 .... 1764 packets received, 5443 bps, 68.04%, Err 41 (1.1e-05)
666.338 .... 1771 packets received, 5447 bps, 68.09%, Err 41 (1.1e-05)
668.493 .... 1778 packets received, 5451 bps, 68.14%, Err 41 (1.1e-05)
670.632 .... 1784 packets received, 5452 bps, 68.15%, Err 41 (1.1e-05)
672.778 .... 1791 packets received, 5456 bps, 68.20%, Err 41 (1.1e-05)
674.954 .... 1798 packets received, 5459 bps, 68.24%, Err 41 (1.1e-05)
678.126 .... 1804 packets received, 5452 bps, 68.15%, Err 42 (1.1e-05)
680.279 .... 1810 packets received, 5453 bps, 68.16%, Err 42 (1.1e-05)
682.440 .... 1816 packets received, 5454 bps, 68.17%, Err 42 (1.1e-05)
684.542 .... 1822 packets received, 5455 bps, 68.18%, Err 42 (1.1e-05)
686.705 .... 1829 packets received, 5458 bps, 68.23%, Err 42 (1.1e-05)
689.368 .... 1835 packets received, 5455 bps, 68.19%, Err 42 (1.1e-05)
691.457 .... 1842 packets received, 5459 bps, 68.24%, Err 42 (1.1e-05)
694.679 .... 1848 packets received, 5452 bps, 68.15%, Err 43 (1.1e-05)
696.860 .... 1855 packets received, 5455 bps, 68.19%, Err 43 (1.1e-05)
699.008 .... 1860 packets received, 5453 bps, 68.16%, Err 43 (1.1e-05)
701.749 .... 1867 packets received, 5452 bps, 68.15%, Err 43 (1.1e-05)
703.892 .... 1873 packets received, 5453 bps, 68.16%, Err 43 (1.1e-05)
706.662 .... 1879 packets received, 5449 bps, 68.11%, Err 43 (1.1e-05)
708.819 .... 1885 packets received, 5450 bps, 68.12%, Err 43 (1.1e-05)
711.558 .... 1891 packets received, 5446 bps, 68.08%, Err 43 (1.1e-05)
713.771 .... 1897 packets received, 5447 bps, 68.08%, Err 43 (1.0e-05)
716.524 .... 1903 packets received, 5443 bps, 68.03%, Err 43 (1.0e-05)
718.683 .... 1909 packets received, 5444 bps, 68.04%, Err 43 (1.0e-05)
721.514 .... 1915 packets received, 5439 bps, 67.99%, Err 43 (1.0e-05)
723.680 .... 1921 packets received, 5440 bps, 68.00%, Err 43 (1.0e-05)
727.483 .... 1927 packets received, 5428 bps, 67.85%, Err 44 (1.1e-05)
729.749 .... 1935 packets received, 5434 bps, 67.92%, Err 44 (1.1e-05)
731.916 .... 1941 packets received, 5435 bps, 67.93%, Err 44 (1.0e-05)
734.102 .... 1947 packets received, 5435 bps, 67.94%, Err 44 (1.0e-05)
736.572 .... 1952 packets received, 5431 bps, 67.89%, Err 44 (1.0e-05)
738.707 .... 1958 packets received, 5432 bps, 67.90%, Err 44 (1.0e-05)
740.861 .... 1964 packets received, 5433 bps, 67.91%, Err 44 (1.0e-05)
743.129 .... 1969 packets received, 5430 bps, 67.87%, Err 44 (1.0e-05)
745.275 .... 1975 packets received, 5431 bps, 67.88%, Err 44 (1.0e-05)
747.804 .... 1981 packets received, 5429 bps, 67.86%, Err 44 (1.0e-05)
749.953 .... 1987 packets received, 5430 bps, 67.87%, Err 44 (1.0e-05)
752.353 .... 1990 packets received, 5420 bps, 67.75%, Err 47 (1.1e-05)
755.081 .... 1995 packets received, 5414 bps, 67.68%, Err 47 (1.1e-05)
757.243 .... 2001 packets received, 5415 bps, 67.69%, Err 47 (1.1e-05)
760.096 .... 2006 packets received, 5408 bps, 67.60%, Err 48 (1.1e-05)
762.253 .... 2012 packets received, 5409 bps, 67.61%, Err 48 (1.1e-05)
764.990 .... 2018 packets received, 5406 bps, 67.57%, Err 48 (1.1e-05)
770.666 .... 2023 packets received, 5379 bps, 67.24%, Err 50 (1.1e-05)
772.825 .... 2030 packets received, 5383 bps, 67.28%, Err 50 (1.1e-05)
775.301 .... 2035 packets received, 5379 bps, 67.23%, Err 50 (1.1e-05)
777.459 .... 2041 packets received, 5380 bps, 67.25%, Err 50 (1.1e-05)
779.581 .... 2046 packets received, 5378 bps, 67.23%, Err 50 (1.1e-05)
782.044 .... 2051 packets received, 5374 bps, 67.18%, Err 51 (1.1e-05)
784.232 .... 2056 packets received, 5372 bps, 67.15%, Err 51 (1.1e-05)
786.388 .... 2062 packets received, 5373 bps, 67.17%, Err 52 (1.2e-05)
788.670 .... 2068 packets received, 5373 bps, 67.17%, Err 52 (1.2e-05)
790.815 .... 2074 packets received, 5374 bps, 67.18%, Err 52 (1.2e-05)
792.976 .... 2080 packets received, 5375 bps, 67.19%, Err 52 (1.2e-05)
795.172 .... 2086 packets received, 5376 bps, 67.20%, Err 52 (1.2e-05)
797.834 .... 2092 packets received, 5373 bps, 67.16%, Err 52 (1.1e-05)
799.983 .... 2098 packets received, 5374 bps, 67.18%, Err 52 (1.1e-05)
802.168 .... 2105 packets received, 5377 bps, 67.22%, Err 52 (1.1e-05)
804.304 .... 2111 packets received, 5378 bps, 67.23%, Err 52 (1.1e-05)
806.421 .... 2114 packets received, 5372 bps, 67.15%, Err 53 (1.2e-05)
808.583 .... 2121 packets received, 5375 bps, 67.19%, Err 53 (1.2e-05)
811.018 .... 2127 packets received, 5374 bps, 67.18%, Err 53 (1.1e-05)
813.169 .... 2133 packets received, 5375 bps, 67.19%, Err 53 (1.1e-05)
815.347 .... 2139 packets received, 5376 bps, 67.20%, Err 53 (1.1e-05)
817.460 .... 2144 packets received, 5374 bps, 67.18%, Err 53 (1.1e-05)
819.599 .... 2151 packets received, 5378 bps, 67.22%, Err 53 (1.1e-05)
821.986 .... 2158 packets received, 5380 bps, 67.25%, Err 53 (1.1e-05)
824.107 .... 2165 packets received, 5383 bps, 67.29%, Err 53 (1.1e-05)
826.242 .... 2168 packets received, 5377 bps, 67.21%, Err 54 (1.1e-05)
828.386 .... 2176 packets received, 5383 bps, 67.28%, Err 54 (1.1e-05)
830.528 .... 2182 packets received, 5384 bps, 67.30%, Err 54 (1.1e-05)
832.678 .... 2189 packets received, 5387 bps, 67.34%, Err 54 (1.1e-05)
834.821 .... 2196 packets received, 5390 bps, 67.38%, Err 54 (1.1e-05)
836.941 .... 2202 packets received, 5391 bps, 67.39%, Err 54 (1.1e-05)
839.088 .... 2209 packets received, 5395 bps, 67.43%, Err 54 (1.1e-05)
841.227 .... 2214 packets received, 5393 bps, 67.41%, Err 54 (1.1e-05)
843.389 .... 2220 packets received, 5394 bps, 67.42%, Err 54 (1.1e-05)
845.504 .... 2227 packets received, 5397 bps, 67.47%, Err 54 (1.1e-05)
847.671 .... 2234 packets received, 5400 bps, 67.50%, Err 54 (1.1e-05)
849.772 .... 2240 packets received, 5401 bps, 67.52%, Err 54 (1.1e-05)
851.917 .... 2247 packets received, 5405 bps, 67.56%, Err 54 (1.1e-05)
854.092 .... 2254 packets received, 5408 bps, 67.60%, Err 54 (1.1e-05)
856.227 .... 2260 packets received, 5409 bps, 67.61%, Err 54 (1.1e-05)
858.348 .... 2267 packets received, 5412 bps, 67.65%, Err 54 (1.1e-05)
860.514 .... 2274 packets received, 5415 bps, 67.69%, Err 54 (1.1e-05)
862.921 .... 2280 packets received, 5414 bps, 67.68%, Err 54 (1.1e-05)
865.035 .... 2286 packets received, 5415 bps, 67.69%, Err 54 (1.1e-05)
867.473 .... 2292 packets received, 5414 bps, 67.68%, Err 54 (1.1e-05)
869.626 .... 2299 packets received, 5417 bps, 67.71%, Err 54 (1.1e-05)
872.012 .... 2306 packets received, 5419 bps, 67.73%, Err 54 (1.1e-05)
874.411 .... 2311 packets received, 5416 bps, 67.69%, Err 54 (1.1e-05)
876.542 .... 2317 packets received, 5416 bps, 67.71%, Err 54 (1.1e-05)
878.684 .... 2322 packets received, 5415 bps, 67.69%, Err 55 (1.1e-05)
881.364 .... 2327 packets received, 5410 bps, 67.63%, Err 55 (1.1e-05)
883.550 .... 2334 packets received, 5413 bps, 67.66%, Err 55 (1.1e-05)
885.664 .... 2341 packets received, 5416 bps, 67.70%, Err 55 (1.1e-05)
887.784 .... 2347 packets received, 5417 bps, 67.71%, Err 55 (1.1e-05)
889.961 .... 2354 packets received, 5420 bps, 67.75%, Err 55 (1.1e-05)
892.077 .... 2361 packets received, 5423 bps, 67.79%, Err 55 (1.1e-05)
894.168 .... 2367 packets received, 5424 bps, 67.80%, Err 55 (1.1e-05)
896.356 .... 2373 packets received, 5425 bps, 67.81%, Err 55 (1.1e-05)
898.513 .... 2379 packets received, 5425 bps, 67.82%, Err 55 (1.1e-05)
900.612 .... 2384 packets received, 5424 bps, 67.80%, Err 55 (1.1e-05)
902.800 .... 2390 packets received, 5425 bps, 67.81%, Err 55 (1.1e-05)
904.883 .... 2395 packets received, 5423 bps, 67.79%, Err 55 (1.1e-05)
907.436 .... 2401 packets received, 5422 bps, 67.77%, Err 55 (1.1e-05)
909.612 .... 2407 packets received, 5422 bps, 67.78%, Err 55 (1.1e-05)
911.766 .... 2413 packets received, 5423 bps, 67.79%, Err 55 (1.1e-05)
913.965 .... 2419 packets received, 5423 bps, 67.79%, Err 55 (1.1e-05)
919.399 .... 2424 packets received, 5402 bps, 67.53%, Err 57 (1.1e-05)
921.453 .... 2431 packets received, 5406 bps, 67.57%, Err 57 (1.1e-05)
923.907 .... 2437 packets received, 5405 bps, 67.56%, Err 57 (1.1e-05)
926.069 .... 2443 packets received, 5405 bps, 67.57%, Err 57 (1.1e-05)
928.238 .... 2449 packets received, 5406 bps, 67.58%, Err 57 (1.1e-05)
930.416 .... 2455 packets received, 5407 bps, 67.58%, Err 57 (1.1e-05)
932.573 .... 2461 packets received, 5407 bps, 67.59%, Err 57 (1.1e-05)
934.739 .... 2467 packets received, 5408 bps, 67.60%, Err 57 (1.1e-05)
937.081 .... 2473 packets received, 5407 bps, 67.59%, Err 57 (1.1e-05)
939.263 .... 2478 packets received, 5406 bps, 67.57%, Err 58 (1.1e-05)
941.405 .... 2480 packets received, 5398 bps, 67.47%, Err 59 (1.1e-05)
944.142 .... 2488 packets received, 5400 bps, 67.49%, Err 59 (1.1e-05)
946.262 .... 2493 packets received, 5398 bps, 67.48%, Err 59 (1.1e-05)
948.426 .... 2499 packets received, 5399 bps, 67.49%, Err 59 (1.1e-05)
950.912 .... 2504 packets received, 5396 bps, 67.44%, Err 60 (1.1e-05)
953.056 .... 2510 packets received, 5396 bps, 67.45%, Err 60 (1.1e-05)
955.081 .... 2515 packets received, 5396 bps, 67.44%, Err 60 (1.1e-05)
957.540 .... 2520 packets received, 5392 bps, 67.41%, Err 60 (1.1e-05)
959.715 .... 2526 packets received, 5393 bps, 67.41%, Err 60 (1.1e-05)
962.518 .... 2532 packets received, 5390 bps, 67.38%, Err 60 (1.1e-05)
964.679 .... 2538 packets received, 5391 bps, 67.38%, Err 60 (1.1e-05)
967.429 .... 2544 packets received, 5388 bps, 67.35%, Err 60 (1.1e-05)
969.588 .... 2550 packets received, 5389 bps, 67.36%, Err 60 (1.1e-05)
972.391 .... 2556 packets received, 5386 bps, 67.32%, Err 61 (1.1e-05)
974.551 .... 2562 packets received, 5387 bps, 67.33%, Err 61 (1.1e-05)
977.275 .... 2568 packets received, 5384 bps, 67.30%, Err 61 (1.1e-05)
979.527 .... 2574 packets received, 5384 bps, 67.30%, Err 61 (1.1e-05)
981.699 .... 2577 packets received, 5379 bps, 67.23%, Err 62 (1.1e-05)
984.481 .... 2585 packets received, 5380 bps, 67.25%, Err 62 (1.1e-05)
986.614 .... 2591 packets received, 5381 bps, 67.26%, Err 62 (1.1e-05)
988.872 .... 2597 packets received, 5381 bps, 67.26%, Err 62 (1.1e-05)
991.034 .... 2603 packets received, 5382 bps, 67.27%, Err 62 (1.1e-05)
993.230 .... 2609 packets received, 5382 bps, 67.28%, Err 62 (1.1e-05)
996.398 .... 2615 packets received, 5377 bps, 67.22%, Err 63 (1.1e-05)
998.561 .... 2622 packets received, 5380 bps, 67.25%, Err 63 (1.1e-05)
1001.096 .... 2627 packets received, 5377 bps, 67.21%, Err 63 (1.1e-05)
1003.217 .... 2634 packets received, 5380 bps, 67.25%, Err 63 (1.1e-05)
1006.405 .... 2640 packets received, 5375 bps, 67.18%, Err 64 (1.1e-05)
1008.551 .... 2647 packets received, 5378 bps, 67.22%, Err 64 (1.1e-05)
1010.956 .... 2654 packets received, 5379 bps, 67.24%, Err 64 (1.1e-05)
1013.072 .... 2660 packets received, 5380 bps, 67.25%, Err 64 (1.1e-05)
1015.223 .... 2665 packets received, 5379 bps, 67.23%, Err 64 (1.1e-05)
1017.371 .... 2672 packets received, 5381 bps, 67.27%, Err 64 (1.1e-05)
1019.537 .... 2677 packets received, 5380 bps, 67.25%, Err 64 (1.1e-05)
1021.670 .... 2683 packets received, 5381 bps, 67.26%, Err 64 (1.1e-05)
1023.817 .... 2690 packets received, 5383 bps, 67.29%, Err 64 (1.1e-05)
1025.979 .... 2697 packets received, 5386 bps, 67.33%, Err 64 (1.1e-05)
1028.127 .... 2703 packets received, 5387 bps, 67.33%, Err 64 (1.1e-05)
1030.244 .... 2710 packets received, 5390 bps, 67.37%, Err 64 (1.1e-05)
1032.690 .... 2714 packets received, 5385 bps, 67.31%, Err 66 (1.1e-05)
1034.795 .... 2719 packets received, 5384 bps, 67.30%, Err 66 (1.1e-05)
1036.922 .... 2726 packets received, 5386 bps, 67.33%, Err 66 (1.1e-05)
1039.389 .... 2732 packets received, 5386 bps, 67.32%, Err 66 (1.1e-05)
1041.770 .... 2738 packets received, 5385 bps, 67.31%, Err 66 (1.1e-05)
1043.894 .... 2744 packets received, 5386 bps, 67.32%, Err 67 (1.1e-05)
1046.056 .... 2748 packets received, 5383 bps, 67.28%, Err 67 (1.1e-05)
1048.476 .... 2754 packets received, 5382 bps, 67.27%, Err 67 (1.1e-05)
1050.634 .... 2761 packets received, 5384 bps, 67.31%, Err 67 (1.1e-05)
1052.785 .... 2768 packets received, 5387 bps, 67.34%, Err 67 (1.1e-05)
1054.873 .... 2774 packets received, 5388 bps, 67.35%, Err 67 (1.1e-05)
1057.038 .... 2781 packets received, 5391 bps, 67.38%, Err 67 (1.1e-05)
1059.418 .... 2787 packets received, 5390 bps, 67.38%, Err 67 (1.1e-05)
1061.553 .... 2793 packets received, 5391 bps, 67.38%, Err 67 (1.1e-05)
1063.711 .... 2799 packets received, 5391 bps, 67.39%, Err 68 (1.1e-05)
1066.165 .... 2806 packets received, 5392 bps, 67.41%, Err 68 (1.1e-05)
1068.319 .... 2813 packets received, 5395 bps, 67.44%, Err 68 (1.1e-05)
1070.453 .... 2819 packets received, 5396 bps, 67.45%, Err 68 (1.1e-05)
1072.604 .... 2826 packets received, 5398 bps, 67.48%, Err 68 (1.1e-05)
1074.766 .... 2833 packets received, 5401 bps, 67.51%, Err 68 (1.1e-05)
1077.741 .... 2840 packets received, 5399 bps, 67.49%, Err 68 (1.1e-05)
1079.881 .... 2847 packets received, 5402 bps, 67.52%, Err 68 (1.1e-05)
1082.061 .... 2854 packets received, 5404 bps, 67.55%, Err 68 (1.1e-05)
1084.151 .... 2860 packets received, 5405 bps, 67.56%, Err 68 (1.1e-05)
1086.286 .... 2867 packets received, 5408 bps, 67.59%, Err 68 (1.1e-05)
1088.444 .... 2874 packets received, 5410 bps, 67.62%, Err 68 (1.1e-05)
1090.547 .... 2880 packets received, 5411 bps, 67.64%, Err 68 (1.1e-05)
1092.681 .... 2886 packets received, 5412 bps, 67.64%, Err 68 (1.1e-05)
1094.842 .... 2891 packets received, 5410 bps, 67.63%, Err 68 (1.1e-05)
1097.264 .... 2898 packets received, 5411 bps, 67.64%, Err 68 (1.1e-05)
1099.367 .... 2905 packets received, 5414 bps, 67.67%, Err 68 (1.1e-05)
1102.088 .... 2912 packets received, 5414 bps, 67.67%, Err 68 (1.1e-05)
1104.237 .... 2918 packets received, 5414 bps, 67.68%, Err 68 (1.1e-05)
1106.838 .... 2924 packets received, 5413 bps, 67.66%, Err 68 (1.1e-05)
1108.997 .... 2930 packets received, 5413 bps, 67.66%, Err 68 (1.1e-05)
1111.154 .... 2936 packets received, 5414 bps, 67.67%, Err 68 (1.1e-05)
1113.465 .... 2941 packets received, 5412 bps, 67.65%, Err 68 (1.1e-05)
1115.643 .... 2947 packets received, 5412 bps, 67.65%, Err 68 (1.1e-05)
1117.810 .... 2953 packets received, 5413 bps, 67.66%, Err 68 (1.1e-05)
1120.288 .... 2958 packets received, 5410 bps, 67.62%, Err 68 (1.1e-05)
1122.436 .... 2964 packets received, 5410 bps, 67.63%, Err 68 (1.1e-05)
1124.872 .... 2970 packets received, 5410 bps, 67.62%, Err 68 (1.1e-05)
1127.038 .... 2976 packets received, 5410 bps, 67.63%, Err 68 (1.1e-05)
1129.262 .... 2982 packets received, 5410 bps, 67.63%, Err 68 (1.1e-05)
1131.376 .... 2988 packets received, 5411 bps, 67.64%, Err 68 (1.1e-05)
1133.975 .... 2993 packets received, 5408 bps, 67.60%, Err 68 (1.1e-05)
1136.148 .... 2999 packets received, 5408 bps, 67.60%, Err 68 (1.0e-05)
1138.290 .... 3001 packets received, 5402 bps, 67.52%, Err 69 (1.1e-05)
1141.823 .... 3009 packets received, 5399 bps, 67.49%, Err 70 (1.1e-05)
1145.629 .... 3017 packets received, 5396 bps, 67.44%, Err 71 (1.1e-05)
1147.785 .... 3024 packets received, 5398 bps, 67.47%, Err 71 (1.1e-05)
1150.339 .... 3029 packets received, 5395 bps, 67.44%, Err 71 (1.1e-05)
1152.509 .... 3035 packets received, 5395 bps, 67.44%, Err 71 (1.1e-05)
1155.247 .... 3041 packets received, 5393 bps, 67.42%, Err 71 (1.1e-05)
1157.399 .... 3047 packets received, 5394 bps, 67.42%, Err 71 (1.1e-05)
1160.064 .... 3053 packets received, 5392 bps, 67.40%, Err 72 (1.1e-05)
1162.223 .... 3059 packets received, 5393 bps, 67.41%, Err 72 (1.1e-05)
1164.358 .... 3065 packets received, 5393 bps, 67.42%, Err 72 (1.1e-05)
1166.666 .... 3070 packets received, 5391 bps, 67.39%, Err 72 (1.1e-05)
1168.844 .... 3076 packets received, 5392 bps, 67.40%, Err 72 (1.1e-05)
1171.003 .... 3082 packets received, 5392 bps, 67.40%, Err 72 (1.1e-05)
1173.487 .... 3087 packets received, 5390 bps, 67.37%, Err 72 (1.1e-05)
1175.630 .... 3093 packets received, 5390 bps, 67.38%, Err 72 (1.1e-05)
1177.764 .... 3099 packets received, 5391 bps, 67.39%, Err 72 (1.1e-05)
1180.150 .... 3104 packets received, 5389 bps, 67.36%, Err 72 (1.1e-05)
1182.295 .... 3110 packets received, 5389 bps, 67.37%, Err 72 (1.1e-05)
1184.877 .... 3116 packets received, 5388 bps, 67.35%, Err 72 (1.1e-05)
1187.049 .... 3122 packets received, 5388 bps, 67.36%, Err 72 (1.1e-05)
1189.738 .... 3127 packets received, 5385 bps, 67.31%, Err 73 (1.1e-05)
1192.461 .... 3135 packets received, 5386 bps, 67.33%, Err 73 (1.1e-05)
1194.614 .... 3141 packets received, 5387 bps, 67.34%, Err 73 (1.1e-05)
1197.123 .... 3147 packets received, 5386 bps, 67.32%, Err 73 (1.1e-05)
1199.269 .... 3153 packets received, 5386 bps, 67.33%, Err 73 (1.1e-05)
1201.448 .... 3159 packets received, 5387 bps, 67.34%, Err 73 (1.1e-05)
1203.496 .... 3165 packets received, 5388 bps, 67.35%, Err 73 (1.1e-05)
1205.694 .... 3172 packets received, 5390 bps, 67.38%, Err 73 (1.1e-05)
1207.826 .... 3177 packets received, 5389 bps, 67.36%, Err 73 (1.1e-05)
1209.957 .... 3184 packets received, 5391 bps, 67.39%, Err 73 (1.1e-05)
1212.386 .... 3191 packets received, 5392 bps, 67.41%, Err 73 (1.1e-05)
1214.490 .... 3194 packets received, 5388 bps, 67.35%, Err 74 (1.1e-05)
1216.703 .... 3202 packets received, 5392 bps, 67.40%, Err 74 (1.1e-05)
1219.047 .... 3209 packets received, 5393 bps, 67.41%, Err 74 (1.1e-05)
1221.170 .... 3216 packets received, 5396 bps, 67.44%, Err 74 (1.1e-05)
1223.350 .... 3223 packets received, 5398 bps, 67.47%, Err 74 (1.1e-05)
1225.451 .... 3229 packets received, 5398 bps, 67.48%, Err 74 (1.1e-05)
1227.569 .... 3236 packets received, 5401 bps, 67.51%, Err 74 (1.1e-05)
1229.779 .... 3243 packets received, 5403 bps, 67.53%, Err 74 (1.1e-05)
1231.842 .... 3249 packets received, 5404 bps, 67.55%, Err 74 (1.1e-05)
1233.945 .... 3256 packets received, 5406 bps, 67.58%, Err 74 (1.1e-05)
1236.184 .... 3263 packets received, 5408 bps, 67.60%, Err 74 (1.0e-05)
1238.208 .... 3269 packets received, 5409 bps, 67.61%, Err 74 (1.0e-05)
1240.333 .... 3276 packets received, 5411 bps, 67.64%, Err 74 (1.0e-05)
1242.497 .... 3281 packets received, 5410 bps, 67.63%, Err 74 (1.0e-05)
1245.468 .... 3287 packets received, 5407 bps, 67.59%, Err 75 (1.1e-05)
1247.614 .... 3292 packets received, 5406 bps, 67.57%, Err 75 (1.1e-05)
1249.706 .... 3299 packets received, 5408 bps, 67.60%, Err 75 (1.1e-05)
1252.165 .... 3306 packets received, 5409 bps, 67.61%, Err 75 (1.1e-05)
1254.286 .... 3313 packets received, 5411 bps, 67.64%, Err 75 (1.0e-05)
1256.464 .... 3320 packets received, 5414 bps, 67.67%, Err 75 (1.0e-05)
1258.546 .... 3326 packets received, 5414 bps, 67.68%, Err 75 (1.0e-05)
1260.697 .... 3333 packets received, 5416 bps, 67.71%, Err 75 (1.0e-05)
1262.861 .... 3340 packets received, 5419 bps, 67.73%, Err 75 (1.0e-05)
1264.966 .... 3346 packets received, 5419 bps, 67.74%, Err 75 (1.0e-05)
1267.131 .... 3352 packets received, 5420 bps, 67.75%, Err 75 (1.0e-05)
1269.251 .... 3358 packets received, 5420 bps, 67.75%, Err 75 (1.0e-05)
1271.461 .... 3364 packets received, 5421 bps, 67.76%, Err 75 (1.0e-05)
1273.591 .... 3371 packets received, 5423 bps, 67.78%, Err 75 (1.0e-05)
1276.825 .... 3377 packets received, 5419 bps, 67.73%, Err 76 (1.0e-05)
1279.272 .... 3385 packets received, 5421 bps, 67.76%, Err 76 (1.0e-05)
1281.649 .... 3391 packets received, 5421 bps, 67.76%, Err 76 (1.0e-05)
1284.097 .... 3396 packets received, 5418 bps, 67.73%, Err 76 (1.0e-05)
1286.225 .... 3401 packets received, 5417 bps, 67.72%, Err 76 (1.0e-05)
1288.375 .... 3408 packets received, 5419 bps, 67.74%, Err 76 (1.0e-05)
1290.768 .... 3415 packets received, 5420 bps, 67.75%, Err 76 (1.0e-05)
1292.883 .... 3422 packets received, 5423 bps, 67.78%, Err 76 (1.0e-05)
1295.076 .... 3429 packets received, 5424 bps, 67.81%, Err 76 (1.0e-05)
1297.148 .... 3435 packets received, 5425 bps, 67.82%, Err 77 (1.0e-05)
1300.398 .... 3440 packets received, 5420 bps, 67.75%, Err 77 (1.0e-05)
1302.562 .... 3446 packets received, 5420 bps, 67.75%, Err 77 (1.0e-05)
1304.893 .... 3452 packets received, 5420 bps, 67.75%, Err 77 (1.0e-05)
1307.514 .... 3458 packets received, 5418 bps, 67.73%, Err 77 (1.0e-05)
1309.691 .... 3464 packets received, 5419 bps, 67.73%, Err 78 (1.0e-05)
1311.849 .... 3470 packets received, 5419 bps, 67.74%, Err 78 (1.0e-05)
1314.053 .... 3476 packets received, 5419 bps, 67.74%, Err 79 (1.1e-05)
1316.208 .... 3482 packets received, 5420 bps, 67.75%, Err 79 (1.1e-05)
1318.654 .... 3488 packets received, 5419 bps, 67.74%, Err 79 (1.0e-05)
1320.806 .... 3494 packets received, 5420 bps, 67.74%, Err 79 (1.0e-05)
1323.010 .... 3500 packets received, 5420 bps, 67.75%, Err 79 (1.0e-05)
1325.169 .... 3506 packets received, 5420 bps, 67.75%, Err 79 (1.0e-05)
1327.877 .... 3512 packets received, 5419 bps, 67.73%, Err 79 (1.0e-05)
1330.023 .... 3518 packets received, 5419 bps, 67.74%, Err 79 (1.0e-05)
1332.148 .... 3524 packets received, 5420 bps, 67.74%, Err 79 (1.0e-05)
1334.463 .... 3529 packets received, 5418 bps, 67.72%, Err 79 (1.0e-05)
1336.578 .... 3534 packets received, 5417 bps, 67.71%, Err 80 (1.0e-05)
1339.161 .... 3540 packets received, 5416 bps, 67.70%, Err 80 (1.0e-05)
1341.334 .... 3546 packets received, 5416 bps, 67.70%, Err 80 (1.0e-05)
1343.493 .... 3552 packets received, 5416 bps, 67.71%, Err 80 (1.0e-05)
1345.583 .... 3557 packets received, 5416 bps, 67.70%, Err 80 (1.0e-05)
1348.138 .... 3563 packets received, 5415 bps, 67.68%, Err 80 (1.0e-05)
1350.303 .... 3569 packets received, 5415 bps, 67.69%, Err 80 (1.0e-05)
1352.465 .... 3575 packets received, 5415 bps, 67.69%, Err 80 (1.0e-05)
1354.625 .... 3581 packets received, 5416 bps, 67.70%, Err 80 (1.0e-05)
1356.788 .... 3587 packets received, 5416 bps, 67.70%, Err 80 (1.0e-05)
1358.931 .... 3592 packets received, 5415 bps, 67.69%, Err 80 (1.0e-05)
1361.102 .... 3598 packets received, 5416 bps, 67.70%, Err 80 (1.0e-05)
1363.265 .... 3604 packets received, 5416 bps, 67.70%, Err 80 (1.0e-05)
1365.514 .... 3610 packets received, 5416 bps, 67.70%, Err 80 (1.0e-05)
1367.714 .... 3616 packets received, 5416 bps, 67.71%, Err 80 (1.0e-05)
1369.852 .... 3622 packets received, 5417 bps, 67.71%, Err 80 (1.0e-05)
1372.057 .... 3628 packets received, 5417 bps, 67.71%, Err 80 (1.0e-05)
1374.250 .... 3634 packets received, 5417 bps, 67.72%, Err 80 (1.0e-05)
1376.825 .... 3640 packets received, 5416 bps, 67.70%, Err 80 (1.0e-05)
1378.840 .... 3644 packets received, 5414 bps, 67.68%, Err 81 (1.0e-05)
1380.999 .... 3651 packets received, 5416 bps, 67.70%, Err 81 (1.0e-05)
1383.970 .... 3657 packets received, 5413 bps, 67.67%, Err 82 (1.0e-05)
1386.482 .... 3665 packets received, 5415 bps, 67.69%, Err 82 (1.0e-05)
1388.656 .... 3671 packets received, 5416 bps, 67.70%, Err 82 (1.0e-05)
1390.845 .... 3677 packets received, 5416 bps, 67.70%, Err 82 (1.0e-05)
1393.302 .... 3682 packets received, 5414 bps, 67.67%, Err 82 (1.0e-05)
1395.435 .... 3688 packets received, 5414 bps, 67.68%, Err 82 (1.0e-05)
1397.579 .... 3694 packets received, 5415 bps, 67.69%, Err 82 (1.0e-05)
1400.831 .... 3699 packets received, 5410 bps, 67.62%, Err 82 (1.0e-05)
1404.018 .... 3704 packets received, 5405 bps, 67.56%, Err 83 (1.0e-05)
1406.465 .... 3712 packets received, 5407 bps, 67.59%, Err 83 (1.0e-05)
1409.143 .... 3719 packets received, 5407 bps, 67.59%, Err 83 (1.0e-05)
1411.286 .... 3724 packets received, 5406 bps, 67.57%, Err 83 (1.0e-05)
1413.418 .... 3731 packets received, 5408 bps, 67.60%, Err 83 (1.0e-05)
1415.816 .... 3738 packets received, 5409 bps, 67.61%, Err 83 (1.0e-05)
1418.050 .... 3744 packets received, 5409 bps, 67.61%, Err 83 (1.0e-05)
1420.225 .... 3751 packets received, 5411 bps, 67.64%, Err 84 (1.0e-05)
1423.440 .... 3756 packets received, 5406 bps, 67.57%, Err 84 (1.0e-05)
1425.574 .... 3762 packets received, 5406 bps, 67.58%, Err 84 (1.0e-05)
1427.770 .... 3769 packets received, 5408 bps, 67.60%, Err 84 (1.0e-05)
1429.857 .... 3775 packets received, 5409 bps, 67.61%, Err 84 (1.0e-05)
1432.080 .... 3782 packets received, 5410 bps, 67.63%, Err 84 (1.0e-05)
1434.212 .... 3789 packets received, 5412 bps, 67.65%, Err 84 (1.0e-05)
1436.259 .... 3795 packets received, 5413 bps, 67.66%, Err 84 (1.0e-05)
1439.754 .... 3802 packets received, 5410 bps, 67.62%, Err 85 (1.0e-05)
1441.980 .... 3808 packets received, 5410 bps, 67.63%, Err 85 (1.0e-05)
1444.169 .... 3815 packets received, 5412 bps, 67.65%, Err 85 (1.0e-05)
1446.301 .... 3821 packets received, 5412 bps, 67.65%, Err 86 (1.0e-05)
1448.475 .... 3826 packets received, 5411 bps, 67.64%, Err 86 (1.0e-05)
1450.577 .... 3832 packets received, 5412 bps, 67.65%, Err 86 (1.0e-05)
1452.740 .... 3839 packets received, 5414 bps, 67.67%, Err 86 (1.0e-05)
1454.862 .... 3846 packets received, 5416 bps, 67.70%, Err 86 (1.0e-05)
1456.997 .... 3852 packets received, 5416 bps, 67.70%, Err 86 (1.0e-05)
1459.147 .... 3859 packets received, 5418 bps, 67.73%, Err 86 (1.0e-05)
1461.293 .... 3866 packets received, 5420 bps, 67.75%, Err 86 (1.0e-05)
1463.428 .... 3872 packets received, 5420 bps, 67.76%, Err 86 (1.0e-05)
1465.559 .... 3879 packets received, 5422 bps, 67.78%, Err 86 (1.0e-05)
1467.723 .... 3884 packets received, 5421 bps, 67.77%, Err 86 (1.0e-05)
1469.835 .... 3890 packets received, 5422 bps, 67.77%, Err 86 (1.0e-05)
1471.983 .... 3896 packets received, 5422 bps, 67.78%, Err 86 (1.0e-05)
1474.618 .... 3901 packets received, 5420 bps, 67.74%, Err 87 (1.0e-05)
1476.766 .... 3907 packets received, 5420 bps, 67.75%, Err 87 (1.0e-05)
1478.932 .... 3913 packets received, 5420 bps, 67.75%, Err 87 (1.0e-05)
1481.023 .... 3918 packets received, 5420 bps, 67.75%, Err 87 (1.0e-05)
1483.142 .... 3925 packets received, 5422 bps, 67.77%, Err 87 (1.0e-05)
1485.327 .... 3932 packets received, 5423 bps, 67.79%, Err 87 (1.0e-05)
1487.449 .... 3937 packets received, 5422 bps, 67.78%, Err 87 (1.0e-05)
1490.980 .... 3943 packets received, 5418 bps, 67.72%, Err 88 (1.0e-05)
1493.121 .... 3950 packets received, 5420 bps, 67.75%, Err 88 (1.0e-05)
1495.262 .... 3957 packets received, 5421 bps, 67.77%, Err 89 (1.0e-05)
1497.381 .... 3963 packets received, 5422 bps, 67.77%, Err 89 (1.0e-05)
1499.501 .... 3970 packets received, 5424 bps, 67.80%, Err 89 (1.0e-05)
1501.740 .... 3976 packets received, 5424 bps, 67.80%, Err 89 (1.0e-05)
1503.916 .... 3982 packets received, 5424 bps, 67.80%, Err 89 (1.0e-05)
1506.095 .... 3988 packets received, 5425 bps, 67.81%, Err 89 (1.0e-05)
1508.391 .... 3993 packets received, 5423 bps, 67.79%, Err 90 (1.0e-05)
1510.556 .... 3999 packets received, 5423 bps, 67.79%, Err 90 (1.0e-05)
1512.839 .... 4005 packets received, 5423 bps, 67.79%, Err 90 (1.0e-05)
1514.984 .... 4011 packets received, 5424 bps, 67.80%, Err 90 (1.0e-05)
1517.298 .... 4017 packets received, 5424 bps, 67.80%, Err 90 (1.0e-05)
1519.827 .... 4023 packets received, 5423 bps, 67.78%, Err 90 (1.0e-05)
1521.972 .... 4029 packets received, 5423 bps, 67.79%, Err 90 (1.0e-05)
1524.145 .... 4035 packets received, 5424 bps, 67.79%, Err 90 (1.0e-05)
1526.308 .... 4041 packets received, 5424 bps, 67.80%, Err 90 (1.0e-05)
1528.464 .... 4047 packets received, 5424 bps, 67.80%, Err 90 (1.0e-05)
1530.587 .... 4052 packets received, 5423 bps, 67.79%, Err 91 (1.0e-05)
1534.427 .... 4055 packets received, 5414 bps, 67.67%, Err 92 (1.1e-05)
1536.556 .... 4062 packets received, 5416 bps, 67.70%, Err 93 (1.1e-05)
1538.961 .... 4067 packets received, 5414 bps, 67.67%, Err 93 (1.1e-05)
1541.121 .... 4072 packets received, 5413 bps, 67.66%, Err 93 (1.1e-05)
1543.234 .... 4077 packets received, 5412 bps, 67.65%, Err 93 (1.1e-05)
1545.620 .... 4082 packets received, 5410 bps, 67.63%, Err 93 (1.1e-05)
1548.031 .... 4088 packets received, 5410 bps, 67.62%, Err 94 (1.1e-05)
1550.190 .... 4094 packets received, 5410 bps, 67.63%, Err 94 (1.1e-05)
1552.575 .... 4099 packets received, 5409 bps, 67.61%, Err 94 (1.1e-05)
1555.238 .... 4104 packets received, 5406 bps, 67.57%, Err 94 (1.1e-05)
1557.388 .... 4109 packets received, 5405 bps, 67.56%, Err 94 (1.1e-05)
1560.337 .... 4114 packets received, 5401 bps, 67.52%, Err 95 (1.1e-05)
1562.393 .... 4121 packets received, 5403 bps, 67.54%, Err 95 (1.1e-05)
1564.933 .... 4127 packets received, 5403 bps, 67.53%, Err 95 (1.1e-05)
1567.095 .... 4133 packets received, 5403 bps, 67.54%, Err 95 (1.1e-05)
1569.243 .... 4139 packets received, 5403 bps, 67.54%, Err 95 (1.1e-05)
1571.602 .... 4145 packets received, 5403 bps, 67.54%, Err 95 (1.1e-05)
1573.765 .... 4151 packets received, 5403 bps, 67.54%, Err 95 (1.1e-05)
1575.923 .... 4157 packets received, 5404 bps, 67.55%, Err 95 (1.1e-05)
1578.455 .... 4161 packets received, 5400 bps, 67.50%, Err 96 (1.1e-05)
1581.129 .... 4169 packets received, 5402 bps, 67.52%, Err 96 (1.1e-05)
1583.825 .... 4173 packets received, 5398 bps, 67.47%, Err 97 (1.1e-05)
1586.307 .... 4181 packets received, 5399 bps, 67.49%, Err 97 (1.1e-05)
1589.025 .... 4186 packets received, 5397 bps, 67.46%, Err 98 (1.1e-05)
1591.760 .... 4194 packets received, 5398 bps, 67.47%, Err 98 (1.1e-05)
1593.908 .... 4200 packets received, 5398 bps, 67.48%, Err 98 (1.1e-05)
1597.761 .... 4206 packets received, 5393 bps, 67.41%, Err 99 (1.1e-05)
1600.255 .... 4214 packets received, 5395 bps, 67.43%, Err 99 (1.1e-05)
1602.400 .... 4220 packets received, 5395 bps, 67.44%, Err 99 (1.1e-05)
1604.523 .... 4226 packets received, 5396 bps, 67.44%, Err 99 (1.1e-05)
1606.678 .... 4233 packets received, 5397 bps, 67.47%, Err 99 (1.1e-05)
1608.830 .... 4239 packets received, 5398 bps, 67.47%, Err 99 (1.1e-05)
1610.963 .... 4246 packets received, 5399 bps, 67.49%, Err 99 (1.1e-05)
1613.132 .... 4253 packets received, 5401 bps, 67.51%, Err 99 (1.1e-05)
1615.250 .... 4259 packets received, 5402 bps, 67.52%, Err 99 (1.1e-05)
1617.359 .... 4266 packets received, 5403 bps, 67.54%, Err 99 (1.1e-05)
1619.523 .... 4273 packets received, 5405 bps, 67.56%, Err 99 (1.1e-05)
1621.667 .... 4279 packets received, 5405 bps, 67.57%, Err 99 (1.1e-05)
1623.771 .... 4286 packets received, 5407 bps, 67.59%, Err 99 (1.1e-05)
1625.955 .... 4292 packets received, 5408 bps, 67.60%, Err 99 (1.1e-05)
1628.107 .... 4298 packets received, 5408 bps, 67.60%, Err 99 (1.1e-05)
1630.200 .... 4303 packets received, 5407 bps, 67.59%, Err 99 (1.1e-05)
1632.346 .... 4309 packets received, 5408 bps, 67.60%, Err 99 (1.1e-05)
1634.817 .... 4315 packets received, 5407 bps, 67.59%, Err 99 (1.1e-05)
1636.995 .... 4321 packets received, 5407 bps, 67.59%, Err 99 (1.1e-05)
1639.085 .... 4327 packets received, 5408 bps, 67.60%, Err 100 (1.1e-05)
1642.069 .... 4332 packets received, 5404 bps, 67.56%, Err 100 (1.1e-05)
1644.157 .... 4339 packets received, 5406 bps, 67.58%, Err 100 (1.1e-05)
1646.593 .... 4344 packets received, 5405 bps, 67.56%, Err 101 (1.1e-05)
1648.708 .... 4351 packets received, 5406 bps, 67.58%, Err 101 (1.1e-05)
1651.096 .... 4358 packets received, 5407 bps, 67.59%, Err 101 (1.1e-05)
1653.230 .... 4365 packets received, 5409 bps, 67.61%, Err 101 (1.1e-05)
1655.377 .... 4372 packets received, 5410 bps, 67.63%, Err 101 (1.1e-05)
1657.496 .... 4378 packets received, 5411 bps, 67.64%, Err 101 (1.1e-05)
1659.632 .... 4382 packets received, 5409 bps, 67.61%, Err 102 (1.1e-05)
1661.766 .... 4390 packets received, 5412 bps, 67.65%, Err 102 (1.1e-05)
1663.916 .... 4396 packets received, 5412 bps, 67.65%, Err 102 (1.1e-05)
1666.043 .... 4403 packets received, 5414 bps, 67.67%, Err 102 (1.1e-05)
1668.236 .... 4410 packets received, 5415 bps, 67.69%, Err 102 (1.1e-05)
1670.299 .... 4416 packets received, 5416 bps, 67.70%, Err 102 (1.1e-05)
1672.417 .... 4423 packets received, 5418 bps, 67.72%, Err 102 (1.1e-05)
1674.654 .... 4430 packets received, 5419 bps, 67.74%, Err 102 (1.1e-05)
1676.695 .... 4436 packets received, 5420 bps, 67.75%, Err 102 (1.1e-05)
1678.827 .... 4443 packets received, 5422 bps, 67.77%, Err 102 (1.1e-05)
1681.042 .... 4450 packets received, 5423 bps, 67.79%, Err 102 (1.1e-05)
1683.103 .... 4456 packets received, 5424 bps, 67.79%, Err 102 (1.1e-05)
1685.218 .... 4463 packets received, 5425 bps, 67.82%, Err 102 (1.1e-05)
1687.456 .... 4470 packets received, 5427 bps, 67.83%, Err 102 (1.1e-05)
1689.513 .... 4476 packets received, 5427 bps, 67.84%, Err 102 (1.0e-05)
1691.630 .... 4483 packets received, 5429 bps, 67.86%, Err 102 (1.0e-05)
1693.848 .... 4490 packets received, 5430 bps, 67.88%, Err 102 (1.0e-05)
1695.922 .... 4496 packets received, 5431 bps, 67.89%, Err 102 (1.0e-05)
1698.037 .... 4503 packets received, 5433 bps, 67.91%, Err 102 (1.0e-05)
1700.208 .... 4510 packets received, 5434 bps, 67.93%, Err 102 (1.0e-05)
1702.380 .... 4516 packets received, 5434 bps, 67.93%, Err 102 (1.0e-05)
1704.726 .... 4522 packets received, 5434 bps, 67.93%, Err 102 (1.0e-05)
1706.869 .... 4528 packets received, 5434 bps, 67.93%, Err 102 (1.0e-05)
1709.145 .... 4534 packets received, 5434 bps, 67.93%, Err 102 (1.0e-05)
1711.636 .... 4540 packets received, 5434 bps, 67.92%, Err 102 (1.0e-05)
1714.300 .... 4547 packets received, 5434 bps, 67.92%, Err 102 (1.0e-05)
1716.446 .... 4553 packets received, 5434 bps, 67.92%, Err 102 (1.0e-05)
1718.625 .... 4559 packets received, 5434 bps, 67.93%, Err 102 (1.0e-05)
1721.516 .... 4565 packets received, 5432 bps, 67.90%, Err 102 (1.0e-05)
1723.696 .... 4571 packets received, 5432 bps, 67.91%, Err 102 (1.0e-05)
1726.419 .... 4577 packets received, 5431 bps, 67.89%, Err 102 (1.0e-05)
1728.583 .... 4583 packets received, 5431 bps, 67.89%, Err 102 (1.0e-05)
1731.320 .... 4589 packets received, 5430 bps, 67.87%, Err 102 (1.0e-05)
1733.466 .... 4595 packets received, 5430 bps, 67.88%, Err 102 (1.0e-05)
1736.235 .... 4601 packets received, 5429 bps, 67.86%, Err 103 (1.0e-05)
1738.410 .... 4606 packets received, 5428 bps, 67.85%, Err 103 (1.0e-05)
1740.562 .... 4612 packets received, 5428 bps, 67.85%, Err 103 (1.0e-05)
1743.299 .... 4618 packets received, 5427 bps, 67.83%, Err 103 (1.0e-05)
1745.445 .... 4624 packets received, 5427 bps, 67.84%, Err 103 (1.0e-05)
1747.776 .... 4630 packets received, 5427 bps, 67.83%, Err 103 (1.0e-05)
1749.908 .... 4636 packets received, 5427 bps, 67.84%, Err 103 (1.0e-05)
1752.081 .... 4642 packets received, 5427 bps, 67.84%, Err 103 (1.0e-05)
1754.342 .... 4648 packets received, 5427 bps, 67.84%, Err 103 (1.0e-05)
1756.486 .... 4654 packets received, 5428 bps, 67.85%, Err 103 (1.0e-05)
1759.145 .... 4660 packets received, 5427 bps, 67.83%, Err 103 (1.0e-05)
1761.291 .... 4666 packets received, 5427 bps, 67.84%, Err 103 (1.0e-05)
1764.395 .... 4672 packets received, 5424 bps, 67.80%, Err 104 (1.0e-05)
1766.538 .... 4680 packets received, 5427 bps, 67.84%, Err 104 (1.0e-05)
1769.165 .... 4686 packets received, 5426 bps, 67.82%, Err 104 (1.0e-05)
1771.342 .... 4692 packets received, 5426 bps, 67.83%, Err 104 (1.0e-05)
1773.499 .... 4698 packets received, 5427 bps, 67.83%, Err 104 (1.0e-05)
1775.861 .... 4704 packets received, 5426 bps, 67.83%, Err 104 (1.0e-05)
1778.021 .... 4710 packets received, 5427 bps, 67.83%, Err 104 (1.0e-05)
1780.185 .... 4716 packets received, 5427 bps, 67.84%, Err 104 (1.0e-05)
1782.414 .... 4722 packets received, 5427 bps, 67.84%, Err 104 (1.0e-05)
1784.695 .... 4728 packets received, 5427 bps, 67.84%, Err 105 (1.0e-05)
1786.852 .... 4734 packets received, 5427 bps, 67.84%, Err 105 (1.0e-05)
1789.404 .... 4739 packets received, 5425 bps, 67.82%, Err 105 (1.0e-05)
1791.479 .... 4744 packets received, 5425 bps, 67.81%, Err 105 (1.0e-05)
1793.650 .... 4750 packets received, 5425 bps, 67.81%, Err 105 (1.0e-05)
1796.131 .... 4755 packets received, 5423 bps, 67.79%, Err 105 (1.0e-05)
1798.289 .... 4761 packets received, 5424 bps, 67.79%, Err 105 (1.0e-05)
1801.102 .... 4767 packets received, 5422 bps, 67.77%, Err 105 (1.0e-05)
1803.769 .... 4773 packets received, 5421 bps, 67.76%, Err 106 (1.0e-05)
1805.920 .... 4781 packets received, 5423 bps, 67.79%, Err 106 (1.0e-05)
1808.040 .... 4787 packets received, 5424 bps, 67.80%, Err 106 (1.0e-05)
1810.234 .... 4792 packets received, 5423 bps, 67.79%, Err 106 (1.0e-05)
1812.374 .... 4799 packets received, 5424 bps, 67.80%, Err 106 (1.0e-05)
1814.738 .... 4806 packets received, 5425 bps, 67.81%, Err 106 (1.0e-05)
1816.884 .... 4813 packets received, 5427 bps, 67.83%, Err 106 (1.0e-05)
1819.014 .... 4819 packets received, 5427 bps, 67.84%, Err 106 (1.0e-05)
1821.175 .... 4824 packets received, 5426 bps, 67.83%, Err 106 (1.0e-05)
1823.293 .... 4830 packets received, 5427 bps, 67.83%, Err 106 (1.0e-05)
1825.426 .... 4837 packets received, 5428 bps, 67.85%, Err 106 (1.0e-05)
1827.594 .... 4844 packets received, 5430 bps, 67.87%, Err 106 (1.0e-05)
1829.703 .... 4850 packets received, 5430 bps, 67.88%, Err 106 (1.0e-05)
1831.821 .... 4857 packets received, 5432 bps, 67.89%, Err 106 (1.0e-05)
1833.980 .... 4864 packets received, 5433 bps, 67.91%, Err 106 (1.0e-05)
1836.085 .... 4870 packets received, 5433 bps, 67.92%, Err 106 (1.0e-05)
1838.221 .... 4877 packets received, 5435 bps, 67.94%, Err 106 (1.0e-05)
1840.387 .... 4884 packets received, 5436 bps, 67.95%, Err 106 (1.0e-05)
1842.493 .... 4890 packets received, 5437 bps, 67.96%, Err 106 (1.0e-05)
1844.623 .... 4897 packets received, 5438 bps, 67.98%, Err 106 (1.0e-05)
1847.826 .... 4904 packets received, 5437 bps, 67.96%, Err 107 (1.0e-05)
1849.972 .... 4911 packets received, 5438 bps, 67.98%, Err 107 (1.0e-05)
1852.398 .... 4918 packets received, 5439 bps, 67.98%, Err 107 (1.0e-05)
1854.562 .... 4925 packets received, 5440 bps, 68.00%, Err 107 (1.0e-05)
1857.486 .... 4931 packets received, 5438 bps, 67.98%, Err 108 (1.0e-05)
1859.643 .... 4938 packets received, 5440 bps, 67.99%, Err 108 (1.0e-05)
1861.778 .... 4945 packets received, 5441 bps, 68.01%, Err 108 (1.0e-05)
1864.178 .... 4948 packets received, 5437 bps, 67.97%, Err 109 (1.0e-05)
1866.384 .... 4954 packets received, 5437 bps, 67.97%, Err 109 (1.0e-05)
1868.562 .... 4961 packets received, 5439 bps, 67.98%, Err 109 (1.0e-05)
1870.685 .... 4967 packets received, 5439 bps, 67.99%, Err 109 (1.0e-05)
1872.801 .... 4974 packets received, 5441 bps, 68.01%, Err 109 (1.0e-05)
1874.963 .... 4981 packets received, 5442 bps, 68.03%, Err 109 (1.0e-05)
1877.124 .... 4987 packets received, 5442 bps, 68.03%, Err 109 (1.0e-05)
1879.847 .... 4994 packets received, 5442 bps, 68.03%, Err 109 (1.0e-05)
1882.235 .... 5000 packets received, 5442 bps, 68.02%, Err 109 (1.0e-05)
1884.369 .... 5007 packets received, 5443 bps, 68.04%, Err 109 (1.0e-05)
1886.546 .... 5014 packets received, 5444 bps, 68.06%, Err 109 (1.0e-05)
1888.650 .... 5020 packets received, 5445 bps, 68.06%, Err 109 (1.0e-05)
1891.601 .... 5027 packets received, 5444 bps, 68.05%, Err 110 (1.0e-05)
1893.681 .... 5034 packets received, 5446 bps, 68.07%, Err 110 (1.0e-05)
1896.377 .... 5041 packets received, 5445 bps, 68.07%, Err 110 (1.0e-05)
1898.507 .... 5046 packets received, 5445 bps, 68.06%, Err 110 (1.0e-05)
1900.654 .... 5053 packets received, 5446 bps, 68.08%, Err 110 (1.0e-05)
1902.849 .... 5059 packets received, 5446 bps, 68.08%, Err 110 (1.0e-05)
1905.013 .... 5064 packets received, 5445 bps, 68.07%, Err 110 (1.0e-05)
1907.176 .... 5070 packets received, 5446 bps, 68.07%, Err 110 (1.0e-05)
1909.338 .... 5076 packets received, 5446 bps, 68.07%, Err 110 (1.0e-05)
1911.847 .... 5081 packets received, 5444 bps, 68.05%, Err 110 (1.0e-05)
1914.008 .... 5087 packets received, 5444 bps, 68.06%, Err 110 (1.0e-05)
1916.152 .... 5093 packets received, 5445 bps, 68.06%, Err 110 (1.0e-05)
1918.375 .... 5098 packets received, 5444 bps, 68.05%, Err 110 (1.0e-05)
1920.535 .... 5104 packets received, 5444 bps, 68.05%, Err 110 (9.9e-06)
1923.075 .... 5110 packets received, 5443 bps, 68.04%, Err 110 (9.9e-06)
1926.036 .... 5115 packets received, 5440 bps, 68.00%, Err 111 (1.0e-05)
1928.513 .... 5123 packets received, 5442 bps, 68.02%, Err 111 (1.0e-05)
1930.673 .... 5129 packets received, 5442 bps, 68.03%, Err 111 (1.0e-05)
1932.825 .... 5134 packets received, 5441 bps, 68.02%, Err 112 (1.0e-05)
1935.378 .... 5140 packets received, 5440 bps, 68.01%, Err 112 (1.0e-05)
1937.537 .... 5146 packets received, 5441 bps, 68.01%, Err 112 (1.0e-05)
1939.720 .... 5152 packets received, 5441 bps, 68.01%, Err 112 (1.0e-05)
1941.851 .... 5158 packets received, 5441 bps, 68.02%, Err 112 (1.0e-05)
1944.011 .... 5163 packets received, 5440 bps, 68.01%, Err 112 (1.0e-05)
1946.169 .... 5169 packets received, 5441 bps, 68.01%, Err 112 (1.0e-05)
1948.356 .... 5175 packets received, 5441 bps, 68.01%, Err 112 (1.0e-05)
1952.717 .... 5176 packets received, 5430 bps, 67.87%, Err 114 (1.0e-05)
1955.445 .... 5184 packets received, 5431 bps, 67.88%, Err 114 (1.0e-05)
1957.588 .... 5190 packets received, 5431 bps, 67.89%, Err 114 (1.0e-05)
1959.611 .... 5195 packets received, 5431 bps, 67.88%, Err 114 (1.0e-05)
1962.096 .... 5200 packets received, 5429 bps, 67.86%, Err 114 (1.0e-05)
1964.269 .... 5206 packets received, 5429 bps, 67.87%, Err 114 (1.0e-05)
1967.808 .... 5212 packets received, 5426 bps, 67.82%, Err 114 (1.0e-05)
1969.950 .... 5218 packets received, 5426 bps, 67.83%, Err 114 (1.0e-05)
1972.202 .... 5221 packets received, 5423 bps, 67.79%, Err 114 (1.0e-05)
1974.361 .... 5227 packets received, 5423 bps, 67.79%, Err 114 (1.0e-05)
1977.128 .... 5232 packets received, 5421 bps, 67.76%, Err 115 (1.0e-05)
1979.273 .... 5238 packets received, 5421 bps, 67.76%, Err 115 (1.0e-05)
1982.014 .... 5244 packets received, 5420 bps, 67.75%, Err 115 (1.0e-05)
1984.165 .... 5250 packets received, 5420 bps, 67.75%, Err 115 (1.0e-05)
1986.937 .... 5256 packets received, 5419 bps, 67.73%, Err 116 (1.0e-05)
1989.095 .... 5262 packets received, 5419 bps, 67.74%, Err 116 (1.0e-05)
1991.709 .... 5268 packets received, 5418 bps, 67.73%, Err 116 (1.0e-05)
1993.896 .... 5274 packets received, 5418 bps, 67.73%, Err 116 (1.0e-05)
1996.061 .... 5280 packets received, 5419 bps, 67.73%, Err 116 (1.0e-05)
1998.546 .... 5285 packets received, 5417 bps, 67.71%, Err 116 (1.0e-05)
2000.706 .... 5291 packets received, 5417 bps, 67.72%, Err 116 (1.0e-05)
2001.150 TCP disconnected.
