./gobackn -af -ber 1e-4 -port 1240 -log gafb.log 
=========================================================================
                          Station A                                 
-------------------------------------------------------------------------
Protocol.lib, version 3.0, Build: Oct 19 2009 (jiangy@public3.bta.net.cn)
Channel: 8000 bps, 270 ms propagation delay, bit error rate 1.0E-04
Log file "gafb.log", TCP port 1240, debug mask 0x00
Station A is waiting for station B on TCP port 1240 ... Done.
New epoch: Sun Nov 22 11:53:04 2009
=========================================================================
Designed by JackalDire
3.735 .... 7 packets received, 4171 bps, 52.14%, Err 4 (1.4e-04)
6.122 .... 10 packets received, 3516 bps, 43.96%, Err 6 (1.2e-04)
8.754 .... 14 packets received, 3391 bps, 42.38%, Err 7 (1.0e-04)
10.869 .... 16 packets received, 3100 bps, 38.75%, Err 9 (1.0e-04)
12.969 .... 18 packets received, 2909 bps, 36.37%, Err 11 (1.1e-04)
16.149 .... 24 packets received, 3101 bps, 38.76%, Err 13 (1.0e-04)
19.344 .... 30 packets received, 3226 bps, 40.32%, Err 15 (9.7e-05)
23.840 .... 35 packets received, 3045 bps, 38.06%, Err 21 (1.1e-04)
27.282 .... 42 packets received, 3188 bps, 39.85%, Err 23 (1.1e-04)
29.395 .... 44 packets received, 3097 bps, 38.71%, Err 25 (1.1e-04)
31.527 .... 46 packets received, 3017 bps, 37.71%, Err 28 (1.1e-04)
33.622 .... 48 packets received, 2950 bps, 36.87%, Err 28 (1.0e-04)
35.739 .... 50 packets received, 2889 bps, 36.12%, Err 32 (1.1e-04)
38.930 .... 56 packets received, 2969 bps, 37.11%, Err 32 (1.0e-04)
42.117 .... 62 packets received, 3036 bps, 37.95%, Err 35 (1.0e-04)
45.535 .... 63 packets received, 2852 bps, 35.65%, Err 39 (1.1e-04)
48.726 .... 69 packets received, 2918 bps, 36.47%, Err 40 (1.0e-04)
51.921 .... 75 packets received, 2975 bps, 37.19%, Err 41 (9.9e-05)
55.105 .... 81 packets received, 3027 bps, 37.83%, Err 42 (9.5e-05)
58.274 .... 87 packets received, 3073 bps, 38.42%, Err 47 (1.0e-04)
60.904 .... 91 packets received, 3075 bps, 38.44%, Err 49 (1.0e-04)
63.568 .... 95 packets received, 3075 bps, 38.44%, Err 52 (1.0e-04)
66.736 .... 101 packets received, 3113 bps, 38.92%, Err 55 (1.0e-04)
69.111 .... 104 packets received, 3095 bps, 38.69%, Err 57 (1.0e-04)
72.282 .... 110 packets received, 3130 bps, 39.12%, Err 59 (1.0e-04)
75.474 .... 116 packets received, 3160 bps, 39.50%, Err 60 (9.9e-05)
80.222 .... 122 packets received, 3126 bps, 39.08%, Err 63 (9.8e-05)
82.607 .... 125 packets received, 3110 bps, 38.88%, Err 67 (1.0e-04)
84.734 .... 127 packets received, 3080 bps, 38.50%, Err 67 (9.9e-05)
88.184 .... 134 packets received, 3123 bps, 39.03%, Err 70 (9.9e-05)
90.301 .... 136 packets received, 3095 bps, 38.68%, Err 72 (1.0e-04)
93.476 .... 142 packets received, 3121 bps, 39.01%, Err 73 (9.8e-05)
96.667 .... 148 packets received, 3145 bps, 39.32%, Err 75 (9.7e-05)
99.570 .... 153 packets received, 3156 bps, 39.46%, Err 78 (9.8e-05)
101.704 .... 155 packets received, 3130 bps, 39.13%, Err 81 (1.0e-04)
103.801 .... 157 packets received, 3107 bps, 38.83%, Err 85 (1.0e-04)
105.930 .... 159 packets received, 3083 bps, 38.53%, Err 86 (1.0e-04)
108.821 .... 164 packets received, 3095 bps, 38.69%, Err 87 (1.0e-04)
111.209 .... 167 packets received, 3084 bps, 38.55%, Err 89 (1.0e-04)
114.385 .... 173 packets received, 3106 bps, 38.82%, Err 89 (9.7e-05)
116.480 .... 175 packets received, 3085 bps, 38.56%, Err 90 (9.7e-05)
119.399 .... 180 packets received, 3095 bps, 38.69%, Err 94 (9.8e-05)
121.529 .... 182 packets received, 3075 bps, 38.43%, Err 99 (1.0e-04)
124.944 .... 183 packets received, 3007 bps, 37.58%, Err 103 (1.0e-04)
127.863 .... 188 packets received, 3018 bps, 37.73%, Err 107 (1.0e-04)
131.038 .... 194 packets received, 3039 bps, 37.99%, Err 108 (1.0e-04)
133.407 .... 197 packets received, 3031 bps, 37.89%, Err 110 (1.0e-04)
135.794 .... 200 packets received, 3023 bps, 37.79%, Err 114 (1.0e-04)
139.518 .... 202 packets received, 2972 bps, 37.14%, Err 117 (1.0e-04)
142.938 .... 203 packets received, 2915 bps, 36.43%, Err 120 (1.0e-04)
145.583 .... 207 packets received, 2918 bps, 36.47%, Err 123 (1.1e-04)
147.712 .... 209 packets received, 2904 bps, 36.30%, Err 124 (1.0e-04)
153.001 .... 217 packets received, 2910 bps, 36.38%, Err 128 (1.0e-04)
155.130 .... 219 packets received, 2897 bps, 36.21%, Err 129 (1.0e-04)
157.246 .... 221 packets received, 2884 bps, 36.05%, Err 129 (1.0e-04)
160.429 .... 227 packets received, 2903 bps, 36.29%, Err 131 (1.0e-04)
162.542 .... 229 packets received, 2891 bps, 36.13%, Err 132 (1.0e-04)
164.653 .... 231 packets received, 2878 bps, 35.98%, Err 134 (1.0e-04)
166.754 .... 233 packets received, 2867 bps, 35.83%, Err 134 (1.0e-04)
169.946 .... 239 packets received, 2885 bps, 36.07%, Err 136 (1.0e-04)
172.061 .... 241 packets received, 2874 bps, 35.92%, Err 137 (1.0e-04)
174.449 .... 244 packets received, 2869 bps, 35.87%, Err 141 (1.0e-04)
176.564 .... 246 packets received, 2858 bps, 35.73%, Err 144 (1.0e-04)
180.821 .... 250 packets received, 2836 bps, 35.45%, Err 149 (1.0e-04)
184.258 .... 257 packets received, 2861 bps, 35.76%, Err 151 (1.0e-04)
186.371 .... 259 packets received, 2851 bps, 35.63%, Err 153 (1.0e-04)
189.013 .... 263 packets received, 2854 bps, 35.68%, Err 154 (1.0e-04)
194.023 .... 270 packets received, 2854 bps, 35.68%, Err 159 (1.0e-04)
196.153 .... 272 packets received, 2844 bps, 35.55%, Err 159 (1.0e-04)
198.540 .... 275 packets received, 2841 bps, 35.51%, Err 162 (1.0e-04)
200.653 .... 277 packets received, 2831 bps, 35.39%, Err 162 (1.0e-04)
203.557 .... 282 packets received, 2841 bps, 35.52%, Err 163 (1.0e-04)
206.180 .... 286 packets received, 2845 bps, 35.56%, Err 168 (1.0e-04)
208.307 .... 288 packets received, 2836 bps, 35.44%, Err 168 (1.0e-04)
211.210 .... 293 packets received, 2845 bps, 35.56%, Err 169 (1.0e-04)
213.597 .... 296 packets received, 2842 bps, 35.53%, Err 172 (1.0e-04)
216.502 .... 301 packets received, 2851 bps, 35.64%, Err 174 (1.0e-04)
219.694 .... 307 packets received, 2866 bps, 35.82%, Err 176 (1.0e-04)
221.825 .... 309 packets received, 2857 bps, 35.71%, Err 180 (1.0e-04)
224.211 .... 312 packets received, 2854 bps, 35.67%, Err 184 (1.0e-04)
226.326 .... 314 packets received, 2845 bps, 35.56%, Err 189 (1.0e-04)
228.698 .... 317 packets received, 2842 bps, 35.53%, Err 192 (1.0e-04)
231.875 .... 323 packets received, 2857 bps, 35.71%, Err 196 (1.1e-04)
234.766 .... 328 packets received, 2865 bps, 35.81%, Err 199 (1.1e-04)
237.153 .... 331 packets received, 2862 bps, 35.78%, Err 200 (1.1e-04)
239.265 .... 333 packets received, 2854 bps, 35.67%, Err 203 (1.1e-04)
241.379 .... 335 packets received, 2846 bps, 35.57%, Err 206 (1.1e-04)
243.507 .... 337 packets received, 2838 bps, 35.47%, Err 207 (1.1e-04)
245.617 .... 339 packets received, 2830 bps, 35.38%, Err 209 (1.1e-04)
248.823 .... 345 packets received, 2843 bps, 35.54%, Err 210 (1.1e-04)
251.969 .... 351 packets received, 2856 bps, 35.70%, Err 212 (1.1e-04)
254.887 .... 356 packets received, 2864 bps, 35.80%, Err 214 (1.0e-04)
257.792 .... 361 packets received, 2871 bps, 35.89%, Err 215 (1.0e-04)
260.971 .... 367 packets received, 2883 bps, 36.04%, Err 216 (1.0e-04)
263.599 .... 371 packets received, 2886 bps, 36.07%, Err 218 (1.0e-04)
267.569 .... 374 packets received, 2866 bps, 35.82%, Err 222 (1.0e-04)
270.759 .... 380 packets received, 2877 bps, 35.97%, Err 224 (1.0e-04)
273.401 .... 384 packets received, 2880 bps, 36.00%, Err 228 (1.0e-04)
275.513 .... 386 packets received, 2872 bps, 35.91%, Err 229 (1.0e-04)
278.702 .... 392 packets received, 2884 bps, 36.05%, Err 229 (1.0e-04)
282.131 .... 399 packets received, 2899 bps, 36.24%, Err 231 (1.0e-04)
288.482 .... 405 packets received, 2878 bps, 35.98%, Err 238 (1.0e-04)
291.638 .... 411 packets received, 2889 bps, 36.11%, Err 239 (1.0e-04)
293.785 .... 413 packets received, 2882 bps, 36.02%, Err 241 (1.0e-04)
296.956 .... 419 packets received, 2893 bps, 36.16%, Err 241 (1.0e-04)
299.314 .... 422 packets received, 2890 bps, 36.13%, Err 242 (1.0e-04)
302.776 .... 429 packets received, 2905 bps, 36.31%, Err 242 (1.0e-04)
305.135 .... 432 packets received, 2902 bps, 36.28%, Err 244 (1.0e-04)
308.068 .... 437 packets received, 2908 bps, 36.35%, Err 246 (1.0e-04)
311.243 .... 443 packets received, 2918 bps, 36.47%, Err 247 (9.9e-05)
314.944 .... 445 packets received, 2896 bps, 36.21%, Err 251 (1.0e-04)
317.615 .... 449 packets received, 2898 bps, 36.22%, Err 254 (1.0e-04)
320.246 .... 453 packets received, 2900 bps, 36.25%, Err 257 (1.0e-04)
322.882 .... 457 packets received, 2901 bps, 36.27%, Err 259 (1.0e-04)
325.024 .... 459 packets received, 2895 bps, 36.19%, Err 260 (1.0e-04)
327.931 .... 464 packets received, 2900 bps, 36.26%, Err 263 (1.0e-04)
331.624 .... 466 packets received, 2880 bps, 36.01%, Err 266 (1.0e-04)
334.287 .... 470 packets received, 2882 bps, 36.03%, Err 267 (1.0e-04)
336.671 .... 473 packets received, 2880 bps, 36.00%, Err 269 (1.0e-04)
339.043 .... 476 packets received, 2878 bps, 35.97%, Err 271 (1.0e-04)
342.492 .... 483 packets received, 2891 bps, 36.13%, Err 275 (1.0e-04)
345.685 .... 489 packets received, 2900 bps, 36.24%, Err 276 (1.0e-04)
351.773 .... 494 packets received, 2878 bps, 35.98%, Err 282 (1.0e-04)
355.727 .... 497 packets received, 2864 bps, 35.80%, Err 288 (1.0e-04)
359.162 .... 504 packets received, 2876 bps, 35.95%, Err 289 (1.0e-04)
362.080 .... 509 packets received, 2881 bps, 36.02%, Err 291 (1.0e-04)
364.194 .... 511 packets received, 2876 bps, 35.95%, Err 292 (1.0e-04)
367.377 .... 517 packets received, 2884 bps, 36.06%, Err 294 (1.0e-04)
372.666 .... 519 packets received, 2854 bps, 35.68%, Err 299 (1.0e-04)
374.776 .... 521 packets received, 2849 bps, 35.62%, Err 302 (1.0e-04)
379.549 .... 527 packets received, 2846 bps, 35.57%, Err 303 (1.0e-04)
382.210 .... 531 packets received, 2847 bps, 35.59%, Err 305 (1.0e-04)
385.356 .... 537 packets received, 2856 bps, 35.70%, Err 305 (9.9e-05)
389.054 .... 539 packets received, 2839 bps, 35.49%, Err 312 (1.0e-04)
391.449 .... 542 packets received, 2838 bps, 35.47%, Err 313 (1.0e-04)
393.812 .... 545 packets received, 2836 bps, 35.45%, Err 315 (1.0e-04)
395.943 .... 547 packets received, 2831 bps, 35.39%, Err 317 (1.0e-04)
400.193 .... 551 packets received, 2822 bps, 35.27%, Err 321 (1.0e-04)
404.148 .... 554 packets received, 2809 bps, 35.12%, Err 326 (1.0e-04)
406.263 .... 556 packets received, 2805 bps, 35.06%, Err 329 (1.0e-04)
409.181 .... 561 packets received, 2810 bps, 35.12%, Err 331 (1.0e-04)
411.278 .... 569 packets received, 2835 bps, 35.44%, Err 331 (1.0e-04)
416.556 .... 577 packets received, 2839 bps, 35.49%, Err 337 (1.0e-04)
419.477 .... 582 packets received, 2844 bps, 35.54%, Err 340 (1.0e-04)
421.576 .... 584 packets received, 2839 bps, 35.49%, Err 342 (1.0e-04)
425.028 .... 585 packets received, 2821 bps, 35.26%, Err 344 (1.0e-04)
429.237 .... 589 packets received, 2812 bps, 35.15%, Err 348 (1.0e-04)
432.686 .... 596 packets received, 2823 bps, 35.29%, Err 351 (1.0e-04)
436.136 .... 597 packets received, 2805 bps, 35.07%, Err 354 (1.0e-04)
439.037 .... 602 packets received, 2810 bps, 35.13%, Err 356 (1.0e-04)
441.422 .... 605 packets received, 2809 bps, 35.11%, Err 358 (1.0e-04)
444.096 .... 609 packets received, 2810 bps, 35.13%, Err 361 (1.0e-04)
447.284 .... 615 packets received, 2818 bps, 35.22%, Err 362 (1.0e-04)
450.458 .... 621 packets received, 2825 bps, 35.32%, Err 362 (1.0e-04)
453.358 .... 626 packets received, 2830 bps, 35.37%, Err 363 (1.0e-04)
456.790 .... 633 packets received, 2840 bps, 35.50%, Err 365 (1.0e-04)
459.173 .... 636 packets received, 2839 bps, 35.48%, Err 369 (1.0e-04)
462.882 .... 638 packets received, 2825 bps, 35.31%, Err 372 (1.0e-04)
465.797 .... 643 packets received, 2829 bps, 35.36%, Err 375 (1.0e-04)
469.503 .... 651 packets received, 2842 bps, 35.52%, Err 376 (1.0e-04)
472.406 .... 656 packets received, 2846 bps, 35.57%, Err 379 (1.0e-04)
474.523 .... 658 packets received, 2842 bps, 35.52%, Err 379 (1.0e-04)
479.292 .... 664 packets received, 2839 bps, 35.49%, Err 381 (9.9e-05)
483.518 .... 668 packets received, 2831 bps, 35.39%, Err 383 (9.9e-05)
485.644 .... 670 packets received, 2827 bps, 35.34%, Err 389 (1.0e-04)
488.013 .... 673 packets received, 2826 bps, 35.33%, Err 396 (1.0e-04)
490.126 .... 675 packets received, 2822 bps, 35.28%, Err 400 (1.0e-04)
492.252 .... 677 packets received, 2818 bps, 35.23%, Err 400 (1.0e-04)
494.622 .... 680 packets received, 2817 bps, 35.22%, Err 402 (1.0e-04)
497.802 .... 686 packets received, 2824 bps, 35.30%, Err 402 (1.0e-04)
502.555 .... 692 packets received, 2822 bps, 35.27%, Err 405 (1.0e-04)
505.456 .... 697 packets received, 2826 bps, 35.32%, Err 408 (1.0e-04)
508.900 .... 704 packets received, 2835 bps, 35.44%, Err 411 (1.0e-04)
512.062 .... 710 packets received, 2841 bps, 35.52%, Err 414 (1.0e-04)
515.248 .... 716 packets received, 2848 bps, 35.59%, Err 415 (1.0e-04)
518.426 .... 722 packets received, 2854 bps, 35.67%, Err 415 (1.0e-04)
521.071 .... 726 packets received, 2855 bps, 35.69%, Err 417 (1.0e-04)
523.470 .... 729 packets received, 2854 bps, 35.67%, Err 420 (1.0e-04)
525.581 .... 731 packets received, 2850 bps, 35.63%, Err 423 (1.0e-04)
528.758 .... 737 packets received, 2856 bps, 35.70%, Err 423 (1.0e-04)
531.948 .... 743 packets received, 2862 bps, 35.78%, Err 426 (1.0e-04)
535.110 .... 749 packets received, 2868 bps, 35.85%, Err 428 (1.0e-04)
537.221 .... 751 packets received, 2865 bps, 35.81%, Err 429 (1.0e-04)
543.312 .... 756 packets received, 2851 bps, 35.64%, Err 438 (1.0e-04)
546.490 .... 762 packets received, 2857 bps, 35.71%, Err 438 (1.0e-04)
549.682 .... 768 packets received, 2863 bps, 35.79%, Err 441 (1.0e-04)
552.313 .... 772 packets received, 2864 bps, 35.80%, Err 444 (1.0e-04)
555.492 .... 778 packets received, 2870 bps, 35.87%, Err 446 (1.0e-04)
557.589 .... 786 packets received, 2888 bps, 36.11%, Err 446 (1.0e-04)
559.719 .... 788 packets received, 2885 bps, 36.06%, Err 449 (1.0e-04)
562.364 .... 792 packets received, 2886 bps, 36.07%, Err 450 (1.0e-04)
565.024 .... 796 packets received, 2887 bps, 36.08%, Err 453 (1.0e-04)
567.671 .... 800 packets received, 2888 bps, 36.10%, Err 456 (1.0e-04)
569.786 .... 802 packets received, 2884 bps, 36.05%, Err 458 (1.0e-04)
572.188 .... 805 packets received, 2883 bps, 36.03%, Err 460 (1.0e-04)
574.301 .... 813 packets received, 2901 bps, 36.26%, Err 460 (1.0e-04)
576.414 .... 815 packets received, 2897 bps, 36.21%, Err 460 (1.0e-04)
579.344 .... 820 packets received, 2900 bps, 36.25%, Err 462 (1.0e-04)
581.433 .... 822 packets received, 2897 bps, 36.21%, Err 463 (1.0e-04)
583.828 .... 825 packets received, 2895 bps, 36.19%, Err 465 (1.0e-04)
585.956 .... 827 packets received, 2892 bps, 36.15%, Err 466 (9.9e-05)
588.071 .... 829 packets received, 2889 bps, 36.11%, Err 468 (9.9e-05)
591.522 .... 836 packets received, 2896 bps, 36.20%, Err 471 (1.0e-04)
594.685 .... 842 packets received, 2901 bps, 36.26%, Err 477 (1.0e-04)
597.330 .... 846 packets received, 2902 bps, 36.28%, Err 479 (1.0e-04)
600.497 .... 852 packets received, 2907 bps, 36.34%, Err 482 (1.0e-04)
604.191 .... 860 packets received, 2917 bps, 36.46%, Err 485 (1.0e-04)
607.386 .... 866 packets received, 2921 bps, 36.52%, Err 485 (1.0e-04)
610.040 .... 870 packets received, 2922 bps, 36.53%, Err 489 (1.0e-04)
612.169 .... 872 packets received, 2919 bps, 36.48%, Err 490 (1.0e-04)
615.590 .... 873 packets received, 2906 bps, 36.32%, Err 493 (1.0e-04)
618.511 .... 878 packets received, 2909 bps, 36.36%, Err 495 (1.0e-04)
621.414 .... 883 packets received, 2912 bps, 36.39%, Err 497 (1.0e-04)
624.045 .... 887 packets received, 2912 bps, 36.40%, Err 501 (1.0e-04)
626.175 .... 895 packets received, 2929 bps, 36.61%, Err 503 (1.0e-04)
628.295 .... 897 packets received, 2925 bps, 36.57%, Err 505 (1.0e-04)
631.471 .... 903 packets received, 2930 bps, 36.63%, Err 505 (1.0e-04)
634.360 .... 908 packets received, 2933 bps, 36.66%, Err 506 (1.0e-04)
636.474 .... 910 packets received, 2930 bps, 36.62%, Err 509 (1.0e-04)
639.668 .... 916 packets received, 2934 bps, 36.68%, Err 510 (1.0e-04)
643.363 .... 918 packets received, 2924 bps, 36.54%, Err 516 (1.0e-04)
646.803 .... 919 packets received, 2911 bps, 36.39%, Err 517 (1.0e-04)
649.445 .... 923 packets received, 2912 bps, 36.40%, Err 520 (1.0e-04)
651.559 .... 925 packets received, 2909 bps, 36.36%, Err 521 (1.0e-04)
653.672 .... 927 packets received, 2906 bps, 36.32%, Err 523 (1.0e-04)
656.057 .... 930 packets received, 2904 bps, 36.31%, Err 525 (1.0e-04)
659.767 .... 932 packets received, 2894 bps, 36.18%, Err 528 (1.0e-04)
662.942 .... 938 packets received, 2899 bps, 36.24%, Err 531 (1.0e-04)
666.114 .... 944 packets received, 2904 bps, 36.30%, Err 532 (1.0e-04)
668.227 .... 946 packets received, 2901 bps, 36.26%, Err 535 (1.0e-04)
670.340 .... 948 packets received, 2898 bps, 36.22%, Err 536 (1.0e-04)
673.257 .... 953 packets received, 2900 bps, 36.25%, Err 539 (1.0e-04)
675.627 .... 956 packets received, 2899 bps, 36.24%, Err 541 (1.0e-04)
680.403 .... 962 packets received, 2897 bps, 36.21%, Err 544 (1.0e-04)
682.765 .... 965 packets received, 2896 bps, 36.20%, Err 545 (1.0e-04)
687.001 .... 969 packets received, 2890 bps, 36.12%, Err 551 (1.0e-04)
689.112 .... 977 packets received, 2905 bps, 36.31%, Err 552 (1.0e-04)
691.499 .... 980 packets received, 2904 bps, 36.30%, Err 553 (1.0e-04)
693.624 .... 982 packets received, 2901 bps, 36.26%, Err 557 (1.0e-04)
695.721 .... 984 packets received, 2898 bps, 36.22%, Err 559 (1.0e-04)
698.379 .... 988 packets received, 2899 bps, 36.23%, Err 562 (1.0e-04)
702.087 .... 996 packets received, 2907 bps, 36.33%, Err 563 (1.0e-04)
704.440 .... 999 packets received, 2906 bps, 36.32%, Err 564 (1.0e-04)
707.632 .... 1005 packets received, 2910 bps, 36.37%, Err 565 (1.0e-04)
709.734 .... 1007 packets received, 2907 bps, 36.34%, Err 567 (1.0e-04)
712.379 .... 1011 packets received, 2908 bps, 36.35%, Err 570 (1.0e-04)
714.505 .... 1019 packets received, 2922 bps, 36.52%, Err 570 (1.0e-04)
717.150 .... 1023 packets received, 2923 bps, 36.53%, Err 572 (1.0e-04)
719.249 .... 1025 packets received, 2920 bps, 36.50%, Err 574 (1.0e-04)
721.877 .... 1029 packets received, 2921 bps, 36.51%, Err 575 (1.0e-04)
725.598 .... 1037 packets received, 2928 bps, 36.60%, Err 577 (9.9e-05)
731.948 .... 1043 packets received, 2920 bps, 36.49%, Err 582 (9.9e-05)
735.135 .... 1049 packets received, 2924 bps, 36.54%, Err 584 (9.9e-05)
737.234 .... 1051 packets received, 2921 bps, 36.51%, Err 586 (9.9e-05)
740.414 .... 1057 packets received, 2925 bps, 36.56%, Err 590 (1.0e-04)
742.809 .... 1060 packets received, 2924 bps, 36.55%, Err 592 (1.0e-04)
745.974 .... 1066 packets received, 2928 bps, 36.60%, Err 593 (9.9e-05)
749.139 .... 1072 packets received, 2932 bps, 36.65%, Err 596 (9.9e-05)
751.252 .... 1074 packets received, 2929 bps, 36.61%, Err 597 (9.9e-05)
753.897 .... 1078 packets received, 2930 bps, 36.62%, Err 600 (9.9e-05)
756.287 .... 1081 packets received, 2928 bps, 36.61%, Err 604 (1.0e-04)
759.449 .... 1087 packets received, 2932 bps, 36.66%, Err 605 (1.0e-04)
762.902 .... 1088 packets received, 2922 bps, 36.52%, Err 608 (1.0e-04)
765.551 .... 1092 packets received, 2922 bps, 36.53%, Err 610 (1.0e-04)
769.769 .... 1096 packets received, 2917 bps, 36.46%, Err 615 (1.0e-04)
773.480 .... 1104 packets received, 2924 bps, 36.55%, Err 619 (1.0e-04)
775.608 .... 1106 packets received, 2922 bps, 36.52%, Err 621 (1.0e-04)
777.705 .... 1108 packets received, 2919 bps, 36.49%, Err 621 (1.0e-04)
780.353 .... 1112 packets received, 2920 bps, 36.49%, Err 626 (1.0e-04)
782.723 .... 1115 packets received, 2919 bps, 36.48%, Err 629 (1.0e-04)
786.155 .... 1122 packets received, 2924 bps, 36.55%, Err 634 (1.0e-04)
789.057 .... 1127 packets received, 2926 bps, 36.58%, Err 635 (1.0e-04)
792.224 .... 1133 packets received, 2930 bps, 36.63%, Err 637 (1.0e-04)
795.416 .... 1139 packets received, 2934 bps, 36.67%, Err 638 (1.0e-04)
797.773 .... 1142 packets received, 2933 bps, 36.66%, Err 639 (1.0e-04)
800.950 .... 1148 packets received, 2936 bps, 36.71%, Err 641 (1.0e-04)
804.113 .... 1154 packets received, 2940 bps, 36.75%, Err 643 (1.0e-04)
807.291 .... 1160 packets received, 2944 bps, 36.80%, Err 643 (1.0e-04)
809.398 .... 1162 packets received, 2941 bps, 36.77%, Err 644 (9.9e-05)
812.047 .... 1166 packets received, 2942 bps, 36.77%, Err 647 (1.0e-04)
814.433 .... 1169 packets received, 2941 bps, 36.76%, Err 651 (1.0e-04)
819.708 .... 1177 packets received, 2942 bps, 36.77%, Err 657 (1.0e-04)
823.663 .... 1180 packets received, 2935 bps, 36.69%, Err 662 (1.0e-04)
828.941 .... 1188 packets received, 2936 bps, 36.70%, Err 664 (1.0e-04)
831.616 .... 1192 packets received, 2937 bps, 36.71%, Err 668 (1.0e-04)
834.778 .... 1198 packets received, 2940 bps, 36.75%, Err 670 (1.0e-04)
838.204 .... 1205 packets received, 2945 bps, 36.82%, Err 672 (1.0e-04)
840.318 .... 1213 packets received, 2957 bps, 36.97%, Err 672 (1.0e-04)
842.431 .... 1221 packets received, 2969 bps, 37.12%, Err 673 (1.0e-04)
846.142 .... 1223 packets received, 2961 bps, 37.01%, Err 679 (1.0e-04)
848.271 .... 1225 packets received, 2959 bps, 36.98%, Err 681 (1.0e-04)
850.631 .... 1228 packets received, 2958 bps, 36.97%, Err 685 (1.0e-04)
853.826 .... 1234 packets received, 2961 bps, 37.01%, Err 686 (1.0e-04)
856.988 .... 1240 packets received, 2964 bps, 37.05%, Err 686 (1.0e-04)
860.166 .... 1246 packets received, 2968 bps, 37.10%, Err 688 (1.0e-04)
862.808 .... 1250 packets received, 2968 bps, 37.10%, Err 691 (1.0e-04)
865.965 .... 1256 packets received, 2971 bps, 37.14%, Err 695 (1.0e-04)
868.074 .... 1258 packets received, 2969 bps, 37.11%, Err 695 (1.0e-04)
872.574 .... 1263 packets received, 2965 bps, 37.07%, Err 696 (1.0e-04)
876.298 .... 1271 packets received, 2971 bps, 37.14%, Err 697 (9.9e-05)
878.929 .... 1275 packets received, 2972 bps, 37.15%, Err 699 (9.9e-05)
881.846 .... 1280 packets received, 2974 bps, 37.17%, Err 702 (1.0e-04)
886.599 .... 1286 packets received, 2972 bps, 37.14%, Err 705 (9.9e-05)
889.241 .... 1290 packets received, 2972 bps, 37.15%, Err 710 (1.0e-04)
891.618 .... 1293 packets received, 2971 bps, 37.14%, Err 712 (1.0e-04)
894.018 .... 1296 packets received, 2970 bps, 37.12%, Err 714 (1.0e-04)
897.210 .... 1302 packets received, 2973 bps, 37.16%, Err 719 (1.0e-04)
899.849 .... 1306 packets received, 2973 bps, 37.17%, Err 721 (1.0e-04)
901.947 .... 1308 packets received, 2971 bps, 37.14%, Err 724 (1.0e-04)
905.390 .... 1315 packets received, 2976 bps, 37.19%, Err 726 (1.0e-04)
907.773 .... 1318 packets received, 2974 bps, 37.18%, Err 729 (1.0e-04)
909.914 .... 1320 packets received, 2972 bps, 37.15%, Err 730 (1.0e-04)
912.025 .... 1328 packets received, 2983 bps, 37.29%, Err 732 (1.0e-04)
914.137 .... 1330 packets received, 2981 bps, 37.26%, Err 732 (1.0e-04)
918.617 .... 1335 packets received, 2977 bps, 37.22%, Err 736 (1.0e-04)
921.515 .... 1340 packets received, 2979 bps, 37.24%, Err 739 (1.0e-04)
923.624 .... 1342 packets received, 2977 bps, 37.21%, Err 740 (1.0e-04)
926.814 .... 1348 packets received, 2980 bps, 37.25%, Err 743 (1.0e-04)
929.197 .... 1351 packets received, 2979 bps, 37.23%, Err 744 (1.0e-04)
932.628 .... 1358 packets received, 2983 bps, 37.29%, Err 747 (1.0e-04)
934.740 .... 1360 packets received, 2981 bps, 37.26%, Err 751 (1.0e-04)
937.915 .... 1366 packets received, 2984 bps, 37.30%, Err 751 (1.0e-04)
940.545 .... 1370 packets received, 2984 bps, 37.30%, Err 753 (1.0e-04)
943.720 .... 1376 packets received, 2987 bps, 37.34%, Err 755 (1.0e-04)
945.848 .... 1378 packets received, 2985 bps, 37.31%, Err 757 (1.0e-04)
948.496 .... 1382 packets received, 2985 bps, 37.31%, Err 760 (1.0e-04)
952.188 .... 1384 packets received, 2978 bps, 37.22%, Err 764 (1.0e-04)
954.316 .... 1386 packets received, 2975 bps, 37.19%, Err 764 (1.0e-04)
957.250 .... 1391 packets received, 2977 bps, 37.21%, Err 765 (1.0e-04)
959.603 .... 1394 packets received, 2976 bps, 37.20%, Err 766 (1.0e-04)
962.780 .... 1400 packets received, 2979 bps, 37.24%, Err 767 (1.0e-04)
964.906 .... 1402 packets received, 2977 bps, 37.21%, Err 769 (1.0e-04)
967.787 .... 1407 packets received, 2978 bps, 37.23%, Err 771 (1.0e-04)
971.767 .... 1410 packets received, 2972 bps, 37.16%, Err 777 (1.0e-04)
975.203 .... 1417 packets received, 2977 bps, 37.21%, Err 778 (1.0e-04)
982.108 .... 1425 packets received, 2972 bps, 37.16%, Err 782 (1.0e-04)
984.480 .... 1428 packets received, 2972 bps, 37.14%, Err 785 (1.0e-04)
989.757 .... 1430 packets received, 2960 bps, 37.00%, Err 793 (1.0e-04)
992.144 .... 1433 packets received, 2959 bps, 36.99%, Err 795 (1.0e-04)
997.422 .... 1441 packets received, 2960 bps, 37.00%, Err 798 (1.0e-04)
1000.888 .... 1448 packets received, 2964 bps, 37.05%, Err 801 (1.0e-04)
1003.535 .... 1452 packets received, 2964 bps, 37.05%, Err 802 (1.0e-04)
1006.167 .... 1456 packets received, 2964 bps, 37.06%, Err 804 (1.0e-04)
1009.603 .... 1463 packets received, 2969 bps, 37.11%, Err 807 (1.0e-04)
1011.975 .... 1466 packets received, 2968 bps, 37.10%, Err 810 (1.0e-04)
1014.364 .... 1469 packets received, 2967 bps, 37.08%, Err 812 (1.0e-04)
1016.751 .... 1472 packets received, 2966 bps, 37.07%, Err 814 (1.0e-04)
1019.945 .... 1478 packets received, 2969 bps, 37.11%, Err 816 (1.0e-04)
1022.850 .... 1483 packets received, 2970 bps, 37.13%, Err 819 (1.0e-04)
1024.963 .... 1491 packets received, 2980 bps, 37.25%, Err 819 (1.0e-04)
1028.675 .... 1493 packets received, 2973 bps, 37.17%, Err 823 (1.0e-04)
1030.773 .... 1501 packets received, 2983 bps, 37.29%, Err 824 (1.0e-04)
1032.900 .... 1503 packets received, 2981 bps, 37.26%, Err 826 (1.0e-04)
1034.998 .... 1505 packets received, 2979 bps, 37.24%, Err 829 (1.0e-04)
1037.644 .... 1509 packets received, 2979 bps, 37.24%, Err 831 (1.0e-04)
1040.837 .... 1515 packets received, 2982 bps, 37.27%, Err 833 (1.0e-04)
1044.029 .... 1521 packets received, 2984 bps, 37.31%, Err 834 (1.0e-04)
1046.932 .... 1526 packets received, 2986 bps, 37.32%, Err 839 (1.0e-04)
1049.836 .... 1531 packets received, 2987 bps, 37.34%, Err 841 (1.0e-04)
1053.027 .... 1537 packets received, 2990 bps, 37.38%, Err 843 (1.0e-04)
1057.800 .... 1543 packets received, 2988 bps, 37.35%, Err 850 (1.0e-04)
1059.912 .... 1545 packets received, 2986 bps, 37.33%, Err 852 (1.0e-04)
1062.571 .... 1549 packets received, 2986 bps, 37.33%, Err 854 (1.0e-04)
1065.748 .... 1555 packets received, 2989 bps, 37.36%, Err 855 (1.0e-04)
1068.377 .... 1559 packets received, 2989 bps, 37.37%, Err 857 (1.0e-04)
1073.147 .... 1565 packets received, 2987 bps, 37.34%, Err 860 (1.0e-04)
1076.581 .... 1572 packets received, 2991 bps, 37.39%, Err 864 (1.0e-04)
1078.694 .... 1580 packets received, 3001 bps, 37.51%, Err 864 (1.0e-04)
1081.855 .... 1586 packets received, 3003 bps, 37.54%, Err 866 (1.0e-04)
1083.983 .... 1588 packets received, 3001 bps, 37.51%, Err 867 (1.0e-04)
1087.151 .... 1594 packets received, 3004 bps, 37.55%, Err 867 (1.0e-04)
1089.795 .... 1598 packets received, 3004 bps, 37.55%, Err 870 (1.0e-04)
1092.441 .... 1602 packets received, 3004 bps, 37.55%, Err 872 (1.0e-04)
1094.812 .... 1605 packets received, 3003 bps, 37.54%, Err 875 (1.0e-04)
1096.925 .... 1607 packets received, 3001 bps, 37.51%, Err 876 (1.0e-04)
1099.051 .... 1609 packets received, 2999 bps, 37.49%, Err 877 (1.0e-04)
1102.500 .... 1616 packets received, 3003 bps, 37.53%, Err 882 (1.0e-04)
1104.611 .... 1618 packets received, 3001 bps, 37.51%, Err 885 (1.0e-04)
1108.074 .... 1625 packets received, 3004 bps, 37.55%, Err 887 (1.0e-04)
1110.690 .... 1629 packets received, 3005 bps, 37.56%, Err 888 (1.0e-04)
1113.882 .... 1635 packets received, 3007 bps, 37.59%, Err 890 (1.0e-04)
1117.316 .... 1636 packets received, 3000 bps, 37.49%, Err 894 (1.0e-04)
1120.493 .... 1642 packets received, 3002 bps, 37.52%, Err 895 (1.0e-04)
1122.607 .... 1644 packets received, 3000 bps, 37.50%, Err 898 (1.0e-04)
1125.784 .... 1650 packets received, 3002 bps, 37.53%, Err 900 (1.0e-04)
1129.491 .... 1658 packets received, 3007 bps, 37.59%, Err 902 (1.0e-04)
1132.927 .... 1665 packets received, 3011 bps, 37.63%, Err 904 (1.0e-04)
1136.362 .... 1666 packets received, 3003 bps, 37.54%, Err 908 (1.0e-04)
1138.489 .... 1668 packets received, 3001 bps, 37.52%, Err 911 (1.0e-04)
1144.569 .... 1673 packets received, 2994 bps, 37.43%, Err 917 (1.0e-04)
1148.535 .... 1676 packets received, 2989 bps, 37.37%, Err 920 (1.0e-04)
1150.890 .... 1679 packets received, 2989 bps, 37.36%, Err 921 (1.0e-04)
1153.033 .... 1681 packets received, 2987 bps, 37.33%, Err 923 (1.0e-04)
1157.000 .... 1684 packets received, 2982 bps, 37.27%, Err 926 (1.0e-04)
1160.704 .... 1692 packets received, 2986 bps, 37.33%, Err 928 (1.0e-04)
1163.877 .... 1698 packets received, 2989 bps, 37.36%, Err 929 (1.0e-04)
1166.503 .... 1702 packets received, 2989 bps, 37.36%, Err 934 (1.0e-04)
1168.630 .... 1704 packets received, 2987 bps, 37.34%, Err 936 (1.0e-04)
1171.549 .... 1709 packets received, 2988 bps, 37.35%, Err 937 (1.0e-04)
1173.938 .... 1712 packets received, 2987 bps, 37.34%, Err 939 (1.0e-04)
1177.086 .... 1718 packets received, 2990 bps, 37.37%, Err 942 (1.0e-04)
1179.988 .... 1723 packets received, 2991 bps, 37.39%, Err 943 (1.0e-04)
1182.362 .... 1726 packets received, 2990 bps, 37.38%, Err 947 (1.0e-04)
1185.554 .... 1732 packets received, 2993 bps, 37.41%, Err 949 (1.0e-04)
1188.718 .... 1738 packets received, 2995 bps, 37.44%, Err 952 (1.0e-04)
1191.913 .... 1744 packets received, 2997 bps, 37.47%, Err 954 (1.0e-04)
1194.009 .... 1746 packets received, 2996 bps, 37.44%, Err 956 (1.0e-04)
1197.173 .... 1752 packets received, 2998 bps, 37.47%, Err 957 (1.0e-04)
1203.014 .... 1756 packets received, 2990 bps, 37.38%, Err 964 (1.0e-04)
1205.111 .... 1758 packets received, 2988 bps, 37.35%, Err 966 (1.0e-04)
1207.241 .... 1760 packets received, 2986 bps, 37.33%, Err 968 (1.0e-04)
1209.341 .... 1762 packets received, 2985 bps, 37.31%, Err 968 (1.0e-04)
1212.259 .... 1767 packets received, 2986 bps, 37.32%, Err 969 (1.0e-04)
1214.389 .... 1769 packets received, 2984 bps, 37.30%, Err 971 (1.0e-04)
1216.503 .... 1771 packets received, 2982 bps, 37.28%, Err 972 (1.0e-04)
1220.728 .... 1775 packets received, 2979 bps, 37.23%, Err 977 (1.0e-04)
1222.859 .... 1777 packets received, 2977 bps, 37.21%, Err 978 (1.0e-04)
1225.496 .... 1781 packets received, 2977 bps, 37.21%, Err 980 (1.0e-04)
1227.626 .... 1783 packets received, 2975 bps, 37.19%, Err 982 (1.0e-04)
1230.551 .... 1788 packets received, 2976 bps, 37.21%, Err 983 (1.0e-04)
1232.664 .... 1796 packets received, 2985 bps, 37.31%, Err 987 (1.0e-04)
1234.774 .... 1798 packets received, 2983 bps, 37.29%, Err 988 (1.0e-04)
1237.159 .... 1801 packets received, 2982 bps, 37.28%, Err 990 (1.0e-04)
1239.291 .... 1803 packets received, 2980 bps, 37.25%, Err 993 (1.0e-04)
1242.717 .... 1810 packets received, 2984 bps, 37.29%, Err 995 (1.0e-04)
1244.821 .... 1818 packets received, 2992 bps, 37.40%, Err 995 (1.0e-04)
1247.728 .... 1823 packets received, 2993 bps, 37.41%, Err 998 (1.0e-04)
1251.958 .... 1827 packets received, 2989 bps, 37.37%, Err 1004 (1.0e-04)
1255.687 .... 1829 packets received, 2984 bps, 37.30%, Err 1008 (1.0e-04)
1259.125 .... 1830 packets received, 2977 bps, 37.22%, Err 1012 (1.0e-04)
1262.299 .... 1836 packets received, 2979 bps, 37.24%, Err 1013 (1.0e-04)
1264.681 .... 1839 packets received, 2979 bps, 37.23%, Err 1014 (1.0e-04)
1267.586 .... 1844 packets received, 2980 bps, 37.25%, Err 1015 (1.0e-04)
1269.698 .... 1846 packets received, 2978 bps, 37.23%, Err 1018 (1.0e-04)
1272.083 .... 1849 packets received, 2978 bps, 37.22%, Err 1019 (1.0e-04)
1277.382 .... 1857 packets received, 2978 bps, 37.22%, Err 1021 (1.0e-04)
1279.507 .... 1859 packets received, 2976 bps, 37.20%, Err 1024 (1.0e-04)
1282.941 .... 1860 packets received, 2970 bps, 37.12%, Err 1027 (1.0e-04)
1285.053 .... 1862 packets received, 2968 bps, 37.10%, Err 1028 (1.0e-04)
1287.694 .... 1866 packets received, 2968 bps, 37.11%, Err 1030 (1.0e-04)
1290.077 .... 1869 packets received, 2968 bps, 37.10%, Err 1033 (1.0e-04)
1292.205 .... 1871 packets received, 2966 bps, 37.08%, Err 1034 (1.0e-04)
1295.383 .... 1877 packets received, 2968 bps, 37.10%, Err 1036 (1.0e-04)
1300.151 .... 1883 packets received, 2967 bps, 37.08%, Err 1040 (1.0e-04)
1306.241 .... 1888 packets received, 2961 bps, 37.01%, Err 1046 (1.0e-04)
1309.434 .... 1894 packets received, 2963 bps, 37.04%, Err 1047 (1.0e-04)
1311.789 .... 1897 packets received, 2962 bps, 37.03%, Err 1053 (1.0e-04)
1314.717 .... 1902 packets received, 2964 bps, 37.04%, Err 1055 (1.0e-04)
1317.101 .... 1905 packets received, 2963 bps, 37.04%, Err 1058 (1.0e-04)
1319.733 .... 1909 packets received, 2963 bps, 37.04%, Err 1059 (1.0e-04)
1322.923 .... 1915 packets received, 2965 bps, 37.07%, Err 1059 (1.0e-04)
1326.080 .... 1921 packets received, 2967 bps, 37.09%, Err 1060 (1.0e-04)
1328.463 .... 1924 packets received, 2967 bps, 37.08%, Err 1063 (1.0e-04)
1333.216 .... 1930 packets received, 2965 bps, 37.07%, Err 1067 (1.0e-04)
1336.390 .... 1936 packets received, 2968 bps, 37.09%, Err 1069 (1.0e-04)
1338.518 .... 1938 packets received, 2966 bps, 37.07%, Err 1070 (1.0e-04)
1340.633 .... 1946 packets received, 2973 bps, 37.17%, Err 1071 (1.0e-04)
1342.743 .... 1948 packets received, 2972 bps, 37.15%, Err 1074 (1.0e-04)
1344.853 .... 1956 packets received, 2979 bps, 37.24%, Err 1074 (1.0e-04)
1348.809 .... 1959 packets received, 2975 bps, 37.19%, Err 1078 (1.0e-04)
1351.196 .... 1962 packets received, 2974 bps, 37.18%, Err 1080 (1.0e-04)
1353.564 .... 1965 packets received, 2974 bps, 37.17%, Err 1081 (1.0e-04)
1355.678 .... 1967 packets received, 2972 bps, 37.15%, Err 1083 (1.0e-04)
1358.851 .... 1973 packets received, 2974 bps, 37.18%, Err 1085 (1.0e-04)
1360.962 .... 1975 packets received, 2973 bps, 37.16%, Err 1088 (1.0e-04)
1363.088 .... 1977 packets received, 2971 bps, 37.14%, Err 1092 (1.0e-04)
1368.106 .... 1978 packets received, 2962 bps, 37.02%, Err 1095 (1.0e-04)
1372.629 .... 1983 packets received, 2959 bps, 36.99%, Err 1099 (1.0e-04)
1375.801 .... 1989 packets received, 2961 bps, 37.02%, Err 1101 (1.0e-04)
1378.957 .... 1995 packets received, 2964 bps, 37.04%, Err 1103 (1.0e-04)
1381.069 .... 1997 packets received, 2962 bps, 37.03%, Err 1105 (1.0e-04)
1383.208 .... 1999 packets received, 2960 bps, 37.00%, Err 1106 (1.0e-04)
1385.580 .... 2002 packets received, 2960 bps, 37.00%, Err 1108 (1.0e-04)
1388.497 .... 2007 packets received, 2961 bps, 37.01%, Err 1111 (1.0e-04)
1390.609 .... 2009 packets received, 2959 bps, 36.99%, Err 1112 (1.0e-04)
1394.060 .... 2016 packets received, 2962 bps, 37.03%, Err 1113 (1.0e-04)
1396.173 .... 2018 packets received, 2961 bps, 37.01%, Err 1117 (1.0e-04)
1399.592 .... 2019 packets received, 2955 bps, 36.94%, Err 1121 (1.0e-04)
1403.313 .... 2021 packets received, 2950 bps, 36.88%, Err 1123 (1.0e-04)
1406.503 .... 2027 packets received, 2952 bps, 36.90%, Err 1126 (1.0e-04)
1409.132 .... 2031 packets received, 2952 bps, 36.91%, Err 1128 (1.0e-04)
1412.033 .... 2036 packets received, 2954 bps, 36.92%, Err 1130 (1.0e-04)
1414.951 .... 2041 packets received, 2955 bps, 36.93%, Err 1132 (1.0e-04)
1417.852 .... 2046 packets received, 2956 bps, 36.95%, Err 1135 (1.0e-04)
1421.028 .... 2052 packets received, 2958 bps, 36.97%, Err 1135 (1.0e-04)
1423.410 .... 2055 packets received, 2957 bps, 36.97%, Err 1138 (1.0e-04)
1425.520 .... 2057 packets received, 2956 bps, 36.95%, Err 1139 (1.0e-04)
1427.919 .... 2060 packets received, 2955 bps, 36.94%, Err 1141 (1.0e-04)
1430.020 .... 2062 packets received, 2954 bps, 36.92%, Err 1142 (1.0e-04)
1432.934 .... 2067 packets received, 2955 bps, 36.94%, Err 1144 (1.0e-04)
1436.639 .... 2075 packets received, 2959 bps, 36.98%, Err 1146 (1.0e-04)
1438.769 .... 2077 packets received, 2957 bps, 36.96%, Err 1151 (1.0e-04)
1442.472 .... 2079 packets received, 2952 bps, 36.90%, Err 1155 (1.0e-04)
1444.856 .... 2082 packets received, 2952 bps, 36.90%, Err 1158 (1.0e-04)
1448.544 .... 2084 packets received, 2947 bps, 36.84%, Err 1159 (1.0e-04)
1453.328 .... 2090 packets received, 2946 bps, 36.82%, Err 1163 (1.0e-04)
1456.489 .... 2096 packets received, 2948 bps, 36.85%, Err 1165 (1.0e-04)
1458.871 .... 2099 packets received, 2947 bps, 36.84%, Err 1168 (1.0e-04)
1461.013 .... 2101 packets received, 2946 bps, 36.82%, Err 1169 (1.0e-04)
1463.397 .... 2104 packets received, 2945 bps, 36.81%, Err 1172 (1.0e-04)
1466.297 .... 2109 packets received, 2946 bps, 36.83%, Err 1176 (1.0e-04)
1469.475 .... 2115 packets received, 2948 bps, 36.85%, Err 1177 (1.0e-04)
1471.587 .... 2117 packets received, 2947 bps, 36.84%, Err 1181 (1.0e-04)
1473.972 .... 2120 packets received, 2946 bps, 36.83%, Err 1183 (1.0e-04)
1477.953 .... 2123 packets received, 2942 bps, 36.78%, Err 1189 (1.0e-04)
1481.407 .... 2124 packets received, 2937 bps, 36.71%, Err 1192 (1.0e-04)
1483.532 .... 2132 packets received, 2944 bps, 36.80%, Err 1193 (1.0e-04)
1485.643 .... 2134 packets received, 2942 bps, 36.78%, Err 1193 (1.0e-04)
1488.013 .... 2137 packets received, 2942 bps, 36.77%, Err 1196 (1.0e-04)
1490.397 .... 2140 packets received, 2941 bps, 36.77%, Err 1199 (1.0e-04)
1493.602 .... 2146 packets received, 2943 bps, 36.79%, Err 1199 (1.0e-04)
1495.972 .... 2149 packets received, 2943 bps, 36.78%, Err 1200 (1.0e-04)
1499.402 .... 2156 packets received, 2945 bps, 36.82%, Err 1201 (1.0e-04)
1501.771 .... 2159 packets received, 2945 bps, 36.81%, Err 1204 (1.0e-04)
1503.882 .... 2161 packets received, 2943 bps, 36.79%, Err 1207 (1.0e-04)
1506.008 .... 2163 packets received, 2942 bps, 36.78%, Err 1208 (1.0e-04)
1508.119 .... 2171 packets received, 2949 bps, 36.86%, Err 1208 (1.0e-04)
1510.229 .... 2173 packets received, 2947 bps, 36.84%, Err 1209 (1.0e-04)
1512.354 .... 2181 packets received, 2954 bps, 36.93%, Err 1210 (1.0e-04)
1514.465 .... 2183 packets received, 2953 bps, 36.91%, Err 1211 (1.0e-04)
1516.579 .... 2185 packets received, 2951 bps, 36.89%, Err 1212 (1.0e-04)
1518.950 .... 2188 packets received, 2951 bps, 36.88%, Err 1215 (1.0e-04)
1522.409 .... 2189 packets received, 2945 bps, 36.82%, Err 1221 (1.0e-04)
1525.054 .... 2193 packets received, 2946 bps, 36.82%, Err 1227 (1.0e-04)
1527.179 .... 2195 packets received, 2944 bps, 36.80%, Err 1229 (1.0e-04)
1530.093 .... 2200 packets received, 2945 bps, 36.82%, Err 1231 (1.0e-04)
1533.800 .... 2202 packets received, 2941 bps, 36.76%, Err 1235 (1.0e-04)
1536.157 .... 2205 packets received, 2940 bps, 36.75%, Err 1237 (1.0e-04)
1539.377 .... 2211 packets received, 2942 bps, 36.78%, Err 1239 (1.0e-04)
1544.134 .... 2217 packets received, 2941 bps, 36.76%, Err 1242 (1.0e-04)
1546.488 .... 2220 packets received, 2940 bps, 36.76%, Err 1244 (1.0e-04)
1551.272 .... 2226 packets received, 2939 bps, 36.74%, Err 1247 (1.0e-04)
1553.369 .... 2234 packets received, 2946 bps, 36.82%, Err 1247 (1.0e-04)
1555.499 .... 2236 packets received, 2945 bps, 36.81%, Err 1249 (1.0e-04)
1557.615 .... 2238 packets received, 2943 bps, 36.79%, Err 1252 (1.0e-04)
1560.545 .... 2243 packets received, 2944 bps, 36.80%, Err 1254 (1.0e-04)
1563.977 .... 2244 packets received, 2939 bps, 36.74%, Err 1256 (1.0e-04)
1567.139 .... 2250 packets received, 2941 bps, 36.76%, Err 1258 (1.0e-04)
1570.845 .... 2258 packets received, 2944 bps, 36.81%, Err 1258 (1.0e-04)
1573.761 .... 2263 packets received, 2945 bps, 36.82%, Err 1261 (1.0e-04)
1577.210 .... 2264 packets received, 2940 bps, 36.75%, Err 1263 (1.0e-04)
1580.129 .... 2269 packets received, 2941 bps, 36.77%, Err 1265 (1.0e-04)
1583.308 .... 2275 packets received, 2943 bps, 36.79%, Err 1266 (1.0e-04)
1585.676 .... 2278 packets received, 2943 bps, 36.78%, Err 1268 (1.0e-04)
1587.794 .... 2280 packets received, 2941 bps, 36.77%, Err 1268 (1.0e-04)
1593.077 .... 2288 packets received, 2942 bps, 36.77%, Err 1274 (1.0e-04)
1596.522 .... 2289 packets received, 2937 bps, 36.71%, Err 1275 (1.0e-04)
1600.491 .... 2292 packets received, 2933 bps, 36.67%, Err 1282 (1.0e-04)
1604.194 .... 2300 packets received, 2937 bps, 36.71%, Err 1284 (1.0e-04)
1607.359 .... 2306 packets received, 2939 bps, 36.73%, Err 1286 (1.0e-04)
1609.749 .... 2309 packets received, 2938 bps, 36.73%, Err 1289 (1.0e-04)
1611.860 .... 2311 packets received, 2937 bps, 36.71%, Err 1290 (1.0e-04)
1614.760 .... 2316 packets received, 2938 bps, 36.72%, Err 1292 (1.0e-04)
1619.533 .... 2322 packets received, 2937 bps, 36.71%, Err 1297 (1.0e-04)
1621.660 .... 2324 packets received, 2936 bps, 36.69%, Err 1297 (1.0e-04)
1624.060 .... 2327 packets received, 2935 bps, 36.69%, Err 1298 (1.0e-04)
1626.432 .... 2330 packets received, 2934 bps, 36.68%, Err 1301 (1.0e-04)
1628.793 .... 2333 packets received, 2934 bps, 36.67%, Err 1303 (1.0e-04)
1631.969 .... 2339 packets received, 2936 bps, 36.70%, Err 1306 (1.0e-04)
1635.680 .... 2341 packets received, 2932 bps, 36.65%, Err 1309 (1.0e-04)
1638.064 .... 2344 packets received, 2931 bps, 36.64%, Err 1312 (1.0e-04)
1640.179 .... 2346 packets received, 2930 bps, 36.62%, Err 1314 (1.0e-04)
1642.824 .... 2350 packets received, 2930 bps, 36.63%, Err 1319 (1.0e-04)
1646.534 .... 2352 packets received, 2926 bps, 36.58%, Err 1321 (1.0e-04)
1648.644 .... 2354 packets received, 2925 bps, 36.56%, Err 1322 (1.0e-04)
1651.558 .... 2359 packets received, 2926 bps, 36.57%, Err 1323 (1.0e-04)
1654.750 .... 2365 packets received, 2928 bps, 36.59%, Err 1325 (1.0e-04)
1659.502 .... 2371 packets received, 2927 bps, 36.58%, Err 1326 (1.0e-04)
1663.221 .... 2379 packets received, 2930 bps, 36.62%, Err 1328 (1.0e-04)
1665.332 .... 2381 packets received, 2929 bps, 36.61%, Err 1331 (1.0e-04)
1668.762 .... 2388 packets received, 2931 bps, 36.64%, Err 1332 (1.0e-04)
1671.146 .... 2391 packets received, 2931 bps, 36.63%, Err 1333 (1.0e-04)
1674.304 .... 2397 packets received, 2933 bps, 36.66%, Err 1336 (1.0e-04)
1676.445 .... 2399 packets received, 2931 bps, 36.64%, Err 1339 (1.0e-04)
1679.070 .... 2403 packets received, 2932 bps, 36.64%, Err 1342 (1.0e-04)
1681.182 .... 2405 packets received, 2930 bps, 36.63%, Err 1345 (1.0e-04)
1683.583 .... 2408 packets received, 2930 bps, 36.62%, Err 1348 (1.0e-04)
1686.485 .... 2413 packets received, 2931 bps, 36.63%, Err 1350 (1.0e-04)
1689.133 .... 2417 packets received, 2931 bps, 36.64%, Err 1351 (1.0e-04)
1692.031 .... 2422 packets received, 2932 bps, 36.65%, Err 1355 (1.0e-04)
1695.722 .... 2424 packets received, 2928 bps, 36.60%, Err 1359 (1.0e-04)
1699.442 .... 2426 packets received, 2924 bps, 36.55%, Err 1363 (1.0e-04)
1701.823 .... 2429 packets received, 2924 bps, 36.55%, Err 1365 (1.0e-04)
1703.932 .... 2431 packets received, 2922 bps, 36.53%, Err 1366 (1.0e-04)
1706.058 .... 2433 packets received, 2921 bps, 36.51%, Err 1367 (1.0e-04)
1708.441 .... 2436 packets received, 2921 bps, 36.51%, Err 1368 (1.0e-04)
1710.551 .... 2438 packets received, 2919 bps, 36.49%, Err 1371 (1.0e-04)
1712.676 .... 2440 packets received, 2918 bps, 36.48%, Err 1372 (1.0e-04)
1715.575 .... 2445 packets received, 2919 bps, 36.49%, Err 1375 (1.0e-04)
1718.748 .... 2451 packets received, 2921 bps, 36.51%, Err 1380 (1.0e-04)
1722.450 .... 2453 packets received, 2917 bps, 36.46%, Err 1386 (1.0e-04)
1724.831 .... 2456 packets received, 2917 bps, 36.46%, Err 1392 (1.0e-04)
1728.535 .... 2458 packets received, 2913 bps, 36.41%, Err 1395 (1.0e-04)
1730.918 .... 2461 packets received, 2912 bps, 36.40%, Err 1397 (1.0e-04)
1737.274 .... 2467 packets received, 2909 bps, 36.36%, Err 1400 (1.0e-04)
1739.914 .... 2471 packets received, 2909 bps, 36.36%, Err 1403 (1.0e-04)
1743.358 .... 2478 packets received, 2912 bps, 36.39%, Err 1405 (1.0e-04)
1745.742 .... 2481 packets received, 2911 bps, 36.39%, Err 1406 (1.0e-04)
1748.918 .... 2487 packets received, 2913 bps, 36.41%, Err 1408 (1.0e-04)
1751.044 .... 2495 packets received, 2919 bps, 36.48%, Err 1408 (1.0e-04)
1754.218 .... 2501 packets received, 2920 bps, 36.50%, Err 1408 (1.0e-04)
1756.329 .... 2509 packets received, 2926 bps, 36.58%, Err 1408 (1.0e-04)
1758.426 .... 2511 packets received, 2925 bps, 36.56%, Err 1408 (1.0e-04)
1761.600 .... 2517 packets received, 2927 bps, 36.58%, Err 1409 (1.0e-04)
1763.711 .... 2519 packets received, 2926 bps, 36.57%, Err 1411 (1.0e-04)
1766.094 .... 2522 packets received, 2925 bps, 36.56%, Err 1412 (1.0e-04)
1768.463 .... 2525 packets received, 2925 bps, 36.56%, Err 1415 (1.0e-04)
1770.849 .... 2528 packets received, 2924 bps, 36.55%, Err 1417 (1.0e-04)
1773.778 .... 2533 packets received, 2925 bps, 36.56%, Err 1419 (1.0e-04)
1775.875 .... 2535 packets received, 2924 bps, 36.55%, Err 1421 (1.0e-04)
1778.003 .... 2537 packets received, 2923 bps, 36.53%, Err 1421 (1.0e-04)
1781.983 .... 2540 packets received, 2920 bps, 36.50%, Err 1425 (1.0e-04)
1784.079 .... 2548 packets received, 2925 bps, 36.57%, Err 1425 (1.0e-04)
1786.191 .... 2550 packets received, 2924 bps, 36.55%, Err 1428 (1.0e-04)
1788.304 .... 2552 packets received, 2923 bps, 36.54%, Err 1431 (1.0e-04)
1791.494 .... 2558 packets received, 2925 bps, 36.56%, Err 1433 (1.0e-04)
1794.927 .... 2565 packets received, 2927 bps, 36.59%, Err 1437 (1.0e-04)
1797.555 .... 2569 packets received, 2927 bps, 36.59%, Err 1439 (1.0e-04)
1799.941 .... 2572 packets received, 2927 bps, 36.59%, Err 1442 (1.0e-04)
1802.053 .... 2580 packets received, 2933 bps, 36.66%, Err 1443 (1.0e-04)
1804.165 .... 2582 packets received, 2931 bps, 36.64%, Err 1447 (1.0e-04)
1806.262 .... 2584 packets received, 2930 bps, 36.63%, Err 1448 (1.0e-04)
1810.531 .... 2588 packets received, 2928 bps, 36.60%, Err 1450 (1.0e-04)
1812.658 .... 2590 packets received, 2927 bps, 36.58%, Err 1452 (1.0e-04)
1817.394 .... 2596 packets received, 2926 bps, 36.57%, Err 1458 (1.0e-04)
1823.227 .... 2600 packets received, 2921 bps, 36.51%, Err 1463 (1.0e-04)
1825.886 .... 2604 packets received, 2921 bps, 36.52%, Err 1466 (1.0e-04)
1829.608 .... 2606 packets received, 2918 bps, 36.47%, Err 1470 (1.0e-04)
1832.508 .... 2611 packets received, 2919 bps, 36.48%, Err 1472 (1.0e-04)
1835.698 .... 2617 packets received, 2920 bps, 36.50%, Err 1473 (1.0e-04)
1837.792 .... 2619 packets received, 2919 bps, 36.49%, Err 1475 (1.0e-04)
1840.722 .... 2624 packets received, 2920 bps, 36.50%, Err 1476 (1.0e-04)
1844.425 .... 2626 packets received, 2916 bps, 36.45%, Err 1481 (1.0e-04)
1846.793 .... 2629 packets received, 2916 bps, 36.45%, Err 1483 (1.0e-04)
1849.982 .... 2635 packets received, 2918 bps, 36.47%, Err 1485 (1.0e-04)
1852.091 .... 2637 packets received, 2916 bps, 36.46%, Err 1488 (1.0e-04)
1855.278 .... 2643 packets received, 2918 bps, 36.48%, Err 1491 (1.0e-04)
1859.238 .... 2646 packets received, 2915 bps, 36.44%, Err 1495 (1.0e-04)
1861.348 .... 2648 packets received, 2914 bps, 36.43%, Err 1497 (1.0e-04)
1864.512 .... 2654 packets received, 2916 bps, 36.45%, Err 1499 (1.0e-04)
1866.637 .... 2656 packets received, 2915 bps, 36.43%, Err 1501 (1.0e-04)
1868.747 .... 2664 packets received, 2920 bps, 36.50%, Err 1501 (1.0e-04)
1872.434 .... 2666 packets received, 2916 bps, 36.46%, Err 1506 (1.0e-04)
1874.545 .... 2668 packets received, 2915 bps, 36.44%, Err 1509 (1.0e-04)
1876.655 .... 2670 packets received, 2914 bps, 36.43%, Err 1510 (1.0e-04)
1884.881 .... 2677 packets received, 2909 bps, 36.36%, Err 1519 (1.0e-04)
1889.637 .... 2683 packets received, 2908 bps, 36.35%, Err 1523 (1.0e-04)
1896.271 .... 2690 packets received, 2906 bps, 36.32%, Err 1528 (1.0e-04)
1899.953 .... 2698 packets received, 2909 bps, 36.36%, Err 1534 (1.0e-04)
1902.093 .... 2700 packets received, 2908 bps, 36.34%, Err 1535 (1.0e-04)
1904.476 .... 2703 packets received, 2907 bps, 36.34%, Err 1536 (1.0e-04)
1906.572 .... 2705 packets received, 2906 bps, 36.33%, Err 1539 (1.0e-04)
1910.034 .... 2712 packets received, 2908 bps, 36.35%, Err 1540 (1.0e-04)
1912.133 .... 2714 packets received, 2907 bps, 36.34%, Err 1541 (1.0e-04)
1915.050 .... 2719 packets received, 2908 bps, 36.35%, Err 1541 (1.0e-04)
1917.406 .... 2722 packets received, 2908 bps, 36.35%, Err 1544 (1.0e-04)
1920.609 .... 2728 packets received, 2909 bps, 36.37%, Err 1546 (1.0e-04)
1923.783 .... 2734 packets received, 2911 bps, 36.39%, Err 1548 (1.0e-04)
1925.911 .... 2736 packets received, 2910 bps, 36.37%, Err 1549 (1.0e-04)
1928.553 .... 2740 packets received, 2910 bps, 36.38%, Err 1550 (1.0e-04)
1931.741 .... 2746 packets received, 2912 bps, 36.40%, Err 1552 (1.0e-04)
1933.855 .... 2748 packets received, 2911 bps, 36.38%, Err 1554 (1.0e-04)
1937.301 .... 2755 packets received, 2913 bps, 36.41%, Err 1556 (1.0e-04)
1942.045 .... 2761 packets received, 2912 bps, 36.40%, Err 1563 (1.0e-04)
1944.962 .... 2766 packets received, 2913 bps, 36.41%, Err 1565 (1.0e-04)
1950.251 .... 2768 packets received, 2907 bps, 36.34%, Err 1570 (1.0e-04)
1953.973 .... 2770 packets received, 2904 bps, 36.30%, Err 1572 (1.0e-04)
1957.165 .... 2776 packets received, 2905 bps, 36.32%, Err 1572 (1.0e-04)
1959.807 .... 2780 packets received, 2906 bps, 36.32%, Err 1578 (1.0e-04)
1961.922 .... 2782 packets received, 2904 bps, 36.31%, Err 1579 (1.0e-04)
1965.360 .... 2789 packets received, 2907 bps, 36.33%, Err 1581 (1.0e-04)
1970.128 .... 2795 packets received, 2906 bps, 36.32%, Err 1582 (1.0e-04)
1973.281 .... 2801 packets received, 2907 bps, 36.34%, Err 1584 (1.0e-04)
1976.715 .... 2808 packets received, 2910 bps, 36.37%, Err 1587 (1.0e-04)
1979.889 .... 2814 packets received, 2911 bps, 36.39%, Err 1587 (1.0e-04)
1983.063 .... 2820 packets received, 2913 bps, 36.41%, Err 1587 (1.0e-04)
1986.252 .... 2826 packets received, 2914 bps, 36.43%, Err 1589 (1.0e-04)
1988.362 .... 2828 packets received, 2913 bps, 36.42%, Err 1592 (1.0e-04)
1990.472 .... 2830 packets received, 2912 bps, 36.40%, Err 1593 (1.0e-04)
1995.254 .... 2836 packets received, 2911 bps, 36.39%, Err 1596 (1.0e-04)
1998.688 .... 2843 packets received, 2914 bps, 36.42%, Err 1601 (1.0e-04)
2000.799 .... 2845 packets received, 2913 bps, 36.41%, Err 1601 (1.0e-04)
2003.989 .... 2851 packets received, 2914 bps, 36.43%, Err 1604 (1.0e-04)
2007.174 .... 2857 packets received, 2916 bps, 36.44%, Err 1606 (1.0e-04)
2009.819 .... 2861 packets received, 2916 bps, 36.45%, Err 1608 (1.0e-04)
2011.919 .... 2863 packets received, 2915 bps, 36.43%, Err 1611 (1.0e-04)
2015.658 .... 2865 packets received, 2911 bps, 36.39%, Err 1617 (1.0e-04)
2017.770 .... 2873 packets received, 2916 bps, 36.46%, Err 1618 (1.0e-04)
2019.886 .... 2875 packets received, 2915 bps, 36.44%, Err 1619 (1.0e-04)
2022.529 .... 2879 packets received, 2916 bps, 36.45%, Err 1621 (1.0e-04)
2025.687 .... 2885 packets received, 2917 bps, 36.47%, Err 1622 (1.0e-04)
2029.394 .... 2893 packets received, 2920 bps, 36.50%, Err 1623 (1.0e-04)
2032.308 .... 2898 packets received, 2921 bps, 36.51%, Err 1628 (1.0e-04)
2034.418 .... 2900 packets received, 2920 bps, 36.50%, Err 1632 (1.0e-04)
2037.622 .... 2906 packets received, 2921 bps, 36.52%, Err 1634 (1.0e-04)
2039.733 .... 2908 packets received, 2920 bps, 36.50%, Err 1636 (1.0e-04)
2042.893 .... 2914 packets received, 2922 bps, 36.52%, Err 1637 (1.0e-04)
2046.611 .... 2916 packets received, 2918 bps, 36.48%, Err 1638 (1.0e-04)
2049.769 .... 2922 packets received, 2920 bps, 36.50%, Err 1640 (1.0e-04)
2051.895 .... 2924 packets received, 2919 bps, 36.49%, Err 1641 (1.0e-04)
2054.004 .... 2926 packets received, 2918 bps, 36.47%, Err 1645 (1.0e-04)
2057.180 .... 2932 packets received, 2919 bps, 36.49%, Err 1647 (1.0e-04)
2060.869 .... 2940 packets received, 2922 bps, 36.53%, Err 1650 (1.0e-04)
2062.995 .... 2942 packets received, 2921 bps, 36.51%, Err 1652 (1.0e-04)
2065.124 .... 2944 packets received, 2920 bps, 36.50%, Err 1655 (1.0e-04)
2068.829 .... 2952 packets received, 2923 bps, 36.53%, Err 1657 (1.0e-04)
2070.955 .... 2954 packets received, 2922 bps, 36.52%, Err 1659 (1.0e-04)
2075.727 .... 2960 packets received, 2921 bps, 36.51%, Err 1662 (1.0e-04)
2078.110 .... 2963 packets received, 2920 bps, 36.51%, Err 1665 (1.0e-04)
2080.223 .... 2971 packets received, 2925 bps, 36.57%, Err 1665 (1.0e-04)
2082.333 .... 2973 packets received, 2924 bps, 36.56%, Err 1668 (1.0e-04)
2087.350 .... 2980 packets received, 2924 bps, 36.55%, Err 1673 (1.0e-04)
2089.460 .... 2982 packets received, 2923 bps, 36.54%, Err 1676 (1.0e-04)
2091.571 .... 2984 packets received, 2922 bps, 36.53%, Err 1678 (1.0e-04)
2093.696 .... 2986 packets received, 2921 bps, 36.52%, Err 1678 (1.0e-04)
2096.338 .... 2990 packets received, 2921 bps, 36.52%, Err 1681 (1.0e-04)
2100.307 .... 2993 packets received, 2919 bps, 36.49%, Err 1686 (1.0e-04)
2104.011 .... 2995 packets received, 2916 bps, 36.45%, Err 1691 (1.0e-04)
2107.718 .... 2997 packets received, 2912 bps, 36.41%, Err 1697 (1.0e-04)
2110.617 .... 3002 packets received, 2913 bps, 36.42%, Err 1699 (1.0e-04)
2113.804 .... 3008 packets received, 2915 bps, 36.43%, Err 1700 (1.0e-04)
2116.976 .... 3014 packets received, 2916 bps, 36.45%, Err 1700 (1.0e-04)
2119.345 .... 3017 packets received, 2916 bps, 36.45%, Err 1702 (1.0e-04)
2122.533 .... 3023 packets received, 2917 bps, 36.47%, Err 1703 (1.0e-04)
2125.722 .... 3029 packets received, 2919 bps, 36.48%, Err 1704 (1.0e-04)
