./gobackn -bfu -port 1238 -log nbfu.log 
=========================================================================
                          Station B                                 
-------------------------------------------------------------------------
Protocol.lib, version 3.0, Build: Oct 19 2009 (jiangy@public3.bta.net.cn)
Channel: 8000 bps, 270 ms propagation delay, bit error rate 0
Log file "nbfu.log", TCP port 1238, debug mask 0x00
Station B is connecting station A (TCP port 1238) ... Done.
New epoch: Sun Nov 22 11:48:43 2009
=========================================================================
Designed by JackalDire
2.406 .... 8 packets received, 7706 bps, 96.33%, Err 0 (0.0e+00)
4.523 .... 16 packets received, 7723 bps, 96.54%, Err 0 (0.0e+00)
6.637 .... 24 packets received, 7732 bps, 96.65%, Err 0 (0.0e+00)
8.737 .... 32 packets received, 7749 bps, 96.87%, Err 0 (0.0e+00)
10.852 .... 40 packets received, 7749 bps, 96.86%, Err 0 (0.0e+00)
12.970 .... 48 packets received, 7747 bps, 96.83%, Err 0 (0.0e+00)
15.078 .... 56 packets received, 7750 bps, 96.88%, Err 0 (0.0e+00)
17.193 .... 64 packets received, 7750 bps, 96.87%, Err 0 (0.0e+00)
19.294 .... 72 packets received, 7755 bps, 96.94%, Err 0 (0.0e+00)
21.405 .... 80 packets received, 7756 bps, 96.95%, Err 0 (0.0e+00)
23.525 .... 88 packets received, 7753 bps, 96.92%, Err 0 (0.0e+00)
25.625 .... 96 packets received, 7757 bps, 96.97%, Err 0 (0.0e+00)
27.736 .... 104 packets received, 7758 bps, 96.97%, Err 0 (0.0e+00)
29.848 .... 112 packets received, 7758 bps, 96.97%, Err 0 (0.0e+00)
31.961 .... 120 packets received, 7757 bps, 96.97%, Err 0 (0.0e+00)
34.093 .... 128 packets received, 7753 bps, 96.91%, Err 0 (0.0e+00)
36.192 .... 136 packets received, 7756 bps, 96.95%, Err 0 (0.0e+00)
38.313 .... 144 packets received, 7754 bps, 96.93%, Err 0 (0.0e+00)
40.425 .... 152 packets received, 7754 bps, 96.93%, Err 0 (0.0e+00)
42.523 .... 160 packets received, 7757 bps, 96.96%, Err 0 (0.0e+00)
44.634 .... 168 packets received, 7757 bps, 96.97%, Err 0 (0.0e+00)
46.765 .... 176 packets received, 7754 bps, 96.93%, Err 0 (0.0e+00)
48.880 .... 184 packets received, 7754 bps, 96.92%, Err 0 (0.0e+00)
50.996 .... 192 packets received, 7753 bps, 96.92%, Err 0 (0.0e+00)
53.097 .... 200 packets received, 7755 bps, 96.94%, Err 0 (0.0e+00)
55.212 .... 208 packets received, 7755 bps, 96.93%, Err 0 (0.0e+00)
57.311 .... 216 packets received, 7757 bps, 96.96%, Err 0 (0.0e+00)
59.443 .... 224 packets received, 7754 bps, 96.93%, Err 0 (0.0e+00)
61.521 .... 232 packets received, 7758 bps, 96.98%, Err 0 (0.0e+00)
63.651 .... 240 packets received, 7756 bps, 96.95%, Err 0 (0.0e+00)
65.781 .... 248 packets received, 7754 bps, 96.93%, Err 0 (0.0e+00)
67.882 .... 256 packets received, 7756 bps, 96.94%, Err 0 (0.0e+00)
69.983 .... 264 packets received, 7757 bps, 96.96%, Err 0 (0.0e+00)
72.114 .... 272 packets received, 7755 bps, 96.93%, Err 0 (0.0e+00)
74.215 .... 280 packets received, 7756 bps, 96.95%, Err 0 (0.0e+00)
76.315 .... 288 packets received, 7757 bps, 96.97%, Err 0 (0.0e+00)
78.430 .... 296 packets received, 7757 bps, 96.96%, Err 0 (0.0e+00)
80.545 .... 304 packets received, 7757 bps, 96.96%, Err 0 (0.0e+00)
82.660 .... 312 packets received, 7756 bps, 96.96%, Err 0 (0.0e+00)
84.761 .... 320 packets received, 7757 bps, 96.97%, Err 0 (0.0e+00)
86.876 .... 328 packets received, 7757 bps, 96.97%, Err 0 (0.0e+00)
88.988 .... 336 packets received, 7757 bps, 96.97%, Err 0 (0.0e+00)
91.117 .... 344 packets received, 7756 bps, 96.95%, Err 0 (0.0e+00)
93.230 .... 352 packets received, 7756 bps, 96.95%, Err 0 (0.0e+00)
95.328 .... 360 packets received, 7757 bps, 96.96%, Err 0 (0.0e+00)
97.454 .... 368 packets received, 7756 bps, 96.95%, Err 0 (0.0e+00)
99.566 .... 376 packets received, 7756 bps, 96.95%, Err 0 (0.0e+00)
101.666 .... 384 packets received, 7757 bps, 96.96%, Err 0 (0.0e+00)
103.772 .... 392 packets received, 7757 bps, 96.97%, Err 0 (0.0e+00)
105.885 .... 400 packets received, 7757 bps, 96.97%, Err 0 (0.0e+00)
108.014 .... 408 packets received, 7756 bps, 96.95%, Err 0 (0.0e+00)
110.112 .... 416 packets received, 7757 bps, 96.96%, Err 0 (0.0e+00)
112.227 .... 424 packets received, 7757 bps, 96.96%, Err 0 (0.0e+00)
114.340 .... 432 packets received, 7757 bps, 96.96%, Err 0 (0.0e+00)
116.452 .... 440 packets received, 7757 bps, 96.96%, Err 0 (0.0e+00)
118.568 .... 448 packets received, 7757 bps, 96.96%, Err 0 (0.0e+00)
120.689 .... 456 packets received, 7756 bps, 96.95%, Err 0 (0.0e+00)
122.775 .... 464 packets received, 7758 bps, 96.97%, Err 0 (0.0e+00)
124.902 .... 472 packets received, 7757 bps, 96.96%, Err 0 (0.0e+00)
127.013 .... 480 packets received, 7757 bps, 96.96%, Err 0 (0.0e+00)
129.123 .... 488 packets received, 7757 bps, 96.96%, Err 0 (0.0e+00)
131.233 .... 496 packets received, 7757 bps, 96.96%, Err 0 (0.0e+00)
133.347 .... 504 packets received, 7757 bps, 96.96%, Err 0 (0.0e+00)
135.447 .... 512 packets received, 7758 bps, 96.97%, Err 0 (0.0e+00)
137.582 .... 520 packets received, 7756 bps, 96.95%, Err 0 (0.0e+00)
139.679 .... 528 packets received, 7757 bps, 96.96%, Err 0 (0.0e+00)
141.797 .... 536 packets received, 7757 bps, 96.96%, Err 0 (0.0e+00)
143.907 .... 544 packets received, 7757 bps, 96.96%, Err 0 (0.0e+00)
146.034 .... 552 packets received, 7756 bps, 96.95%, Err 0 (0.0e+00)
148.137 .... 560 packets received, 7757 bps, 96.96%, Err 0 (0.0e+00)
150.234 .... 568 packets received, 7757 bps, 96.97%, Err 0 (0.0e+00)
152.354 .... 576 packets received, 7757 bps, 96.96%, Err 0 (0.0e+00)
154.469 .... 584 packets received, 7757 bps, 96.96%, Err 0 (0.0e+00)
156.573 .... 592 packets received, 7757 bps, 96.97%, Err 0 (0.0e+00)
158.684 .... 600 packets received, 7757 bps, 96.97%, Err 0 (0.0e+00)
160.795 .... 608 packets received, 7757 bps, 96.97%, Err 0 (0.0e+00)
162.922 .... 616 packets received, 7757 bps, 96.96%, Err 0 (0.0e+00)
165.034 .... 624 packets received, 7757 bps, 96.96%, Err 0 (0.0e+00)
167.146 .... 632 packets received, 7757 bps, 96.96%, Err 0 (0.0e+00)
169.256 .... 640 packets received, 7757 bps, 96.96%, Err 0 (0.0e+00)
171.366 .... 648 packets received, 7757 bps, 96.96%, Err 0 (0.0e+00)
173.475 .... 656 packets received, 7757 bps, 96.96%, Err 0 (0.0e+00)
175.587 .... 664 packets received, 7757 bps, 96.96%, Err 0 (0.0e+00)
177.701 .... 672 packets received, 7757 bps, 96.96%, Err 0 (0.0e+00)
179.813 .... 680 packets received, 7757 bps, 96.96%, Err 0 (0.0e+00)
181.925 .... 688 packets received, 7757 bps, 96.96%, Err 0 (0.0e+00)
184.038 .... 696 packets received, 7757 bps, 96.96%, Err 0 (0.0e+00)
186.148 .... 704 packets received, 7757 bps, 96.96%, Err 0 (0.0e+00)
188.275 .... 712 packets received, 7756 bps, 96.96%, Err 0 (0.0e+00)
190.386 .... 720 packets received, 7757 bps, 96.96%, Err 0 (0.0e+00)
192.485 .... 728 packets received, 7757 bps, 96.96%, Err 0 (0.0e+00)
194.599 .... 736 packets received, 7757 bps, 96.96%, Err 0 (0.0e+00)
196.697 .... 744 packets received, 7758 bps, 96.97%, Err 0 (0.0e+00)
198.809 .... 752 packets received, 7758 bps, 96.97%, Err 0 (0.0e+00)
200.939 .... 760 packets received, 7757 bps, 96.96%, Err 0 (0.0e+00)
203.054 .... 768 packets received, 7757 bps, 96.96%, Err 0 (0.0e+00)
205.168 .... 776 packets received, 7757 bps, 96.96%, Err 0 (0.0e+00)
207.279 .... 784 packets received, 7757 bps, 96.96%, Err 0 (0.0e+00)
209.393 .... 792 packets received, 7757 bps, 96.96%, Err 0 (0.0e+00)
211.491 .... 800 packets received, 7757 bps, 96.96%, Err 0 (0.0e+00)
213.608 .... 808 packets received, 7757 bps, 96.96%, Err 0 (0.0e+00)
215.718 .... 816 packets received, 7757 bps, 96.96%, Err 0 (0.0e+00)
217.832 .... 824 packets received, 7757 bps, 96.96%, Err 0 (0.0e+00)
219.944 .... 832 packets received, 7757 bps, 96.96%, Err 0 (0.0e+00)
222.058 .... 840 packets received, 7757 bps, 96.96%, Err 0 (0.0e+00)
224.169 .... 848 packets received, 7757 bps, 96.96%, Err 0 (0.0e+00)
226.280 .... 856 packets received, 7757 bps, 96.96%, Err 0 (0.0e+00)
228.392 .... 864 packets received, 7757 bps, 96.96%, Err 0 (0.0e+00)
230.505 .... 872 packets received, 7757 bps, 96.96%, Err 0 (0.0e+00)
232.620 .... 880 packets received, 7757 bps, 96.96%, Err 0 (0.0e+00)
234.735 .... 888 packets received, 7757 bps, 96.96%, Err 0 (0.0e+00)
236.835 .... 896 packets received, 7757 bps, 96.97%, Err 0 (0.0e+00)
238.935 .... 904 packets received, 7758 bps, 96.97%, Err 0 (0.0e+00)
241.066 .... 912 packets received, 7757 bps, 96.96%, Err 0 (0.0e+00)
243.182 .... 920 packets received, 7757 bps, 96.96%, Err 0 (0.0e+00)
245.299 .... 928 packets received, 7757 bps, 96.96%, Err 0 (0.0e+00)
247.384 .... 936 packets received, 7758 bps, 96.97%, Err 0 (0.0e+00)
249.488 .... 944 packets received, 7758 bps, 96.97%, Err 0 (0.0e+00)
251.619 .... 952 packets received, 7757 bps, 96.97%, Err 0 (0.0e+00)
253.733 .... 960 packets received, 7757 bps, 96.96%, Err 0 (0.0e+00)
255.832 .... 968 packets received, 7758 bps, 96.97%, Err 0 (0.0e+00)
257.962 .... 976 packets received, 7757 bps, 96.96%, Err 0 (0.0e+00)
260.063 .... 984 packets received, 7757 bps, 96.97%, Err 0 (0.0e+00)
262.179 .... 992 packets received, 7757 bps, 96.97%, Err 0 (0.0e+00)
264.294 .... 1000 packets received, 7757 bps, 96.96%, Err 0 (0.0e+00)
266.393 .... 1008 packets received, 7758 bps, 96.97%, Err 0 (0.0e+00)
268.522 .... 1016 packets received, 7757 bps, 96.96%, Err 0 (0.0e+00)
270.622 .... 1024 packets received, 7757 bps, 96.97%, Err 0 (0.0e+00)
272.737 .... 1032 packets received, 7757 bps, 96.97%, Err 0 (0.0e+00)
274.867 .... 1040 packets received, 7757 bps, 96.96%, Err 0 (0.0e+00)
276.951 .... 1048 packets received, 7758 bps, 96.97%, Err 0 (0.0e+00)
279.070 .... 1056 packets received, 7757 bps, 96.97%, Err 0 (0.0e+00)
281.195 .... 1064 packets received, 7757 bps, 96.96%, Err 0 (0.0e+00)
283.298 .... 1072 packets received, 7757 bps, 96.97%, Err 0 (0.0e+00)
285.413 .... 1080 packets received, 7757 bps, 96.97%, Err 0 (0.0e+00)
287.531 .... 1088 packets received, 7757 bps, 96.96%, Err 0 (0.0e+00)
289.648 .... 1096 packets received, 7757 bps, 96.96%, Err 0 (0.0e+00)
291.744 .... 1104 packets received, 7757 bps, 96.97%, Err 0 (0.0e+00)
293.860 .... 1112 packets received, 7757 bps, 96.97%, Err 0 (0.0e+00)
295.962 .... 1120 packets received, 7758 bps, 96.97%, Err 0 (0.0e+00)
298.082 .... 1128 packets received, 7757 bps, 96.97%, Err 0 (0.0e+00)
300.208 .... 1136 packets received, 7757 bps, 96.96%, Err 0 (0.0e+00)
302.311 .... 1144 packets received, 7757 bps, 96.96%, Err 0 (0.0e+00)
304.408 .... 1152 packets received, 7758 bps, 96.97%, Err 0 (0.0e+00)
306.520 .... 1160 packets received, 7758 bps, 96.97%, Err 0 (0.0e+00)
308.631 .... 1168 packets received, 7758 bps, 96.97%, Err 0 (0.0e+00)
310.762 .... 1176 packets received, 7757 bps, 96.96%, Err 0 (0.0e+00)
312.861 .... 1184 packets received, 7757 bps, 96.97%, Err 0 (0.0e+00)
314.987 .... 1192 packets received, 7757 bps, 96.96%, Err 0 (0.0e+00)
317.108 .... 1200 packets received, 7757 bps, 96.96%, Err 0 (0.0e+00)
319.198 .... 1208 packets received, 7757 bps, 96.97%, Err 0 (0.0e+00)
321.325 .... 1216 packets received, 7757 bps, 96.96%, Err 0 (0.0e+00)
323.441 .... 1224 packets received, 7757 bps, 96.96%, Err 0 (0.0e+00)
325.541 .... 1232 packets received, 7757 bps, 96.97%, Err 0 (0.0e+00)
327.645 .... 1240 packets received, 7757 bps, 96.97%, Err 0 (0.0e+00)
329.773 .... 1248 packets received, 7757 bps, 96.96%, Err 0 (0.0e+00)
331.869 .... 1256 packets received, 7757 bps, 96.97%, Err 0 (0.0e+00)
333.997 .... 1264 packets received, 7757 bps, 96.96%, Err 0 (0.0e+00)
336.094 .... 1272 packets received, 7757 bps, 96.97%, Err 0 (0.0e+00)
338.206 .... 1280 packets received, 7757 bps, 96.97%, Err 0 (0.0e+00)
340.333 .... 1288 packets received, 7757 bps, 96.96%, Err 0 (0.0e+00)
342.431 .... 1296 packets received, 7757 bps, 96.97%, Err 0 (0.0e+00)
344.560 .... 1304 packets received, 7757 bps, 96.96%, Err 0 (0.0e+00)
346.672 .... 1312 packets received, 7757 bps, 96.96%, Err 0 (0.0e+00)
348.769 .... 1320 packets received, 7757 bps, 96.97%, Err 0 (0.0e+00)
350.881 .... 1328 packets received, 7757 bps, 96.97%, Err 0 (0.0e+00)
352.991 .... 1336 packets received, 7757 bps, 96.97%, Err 0 (0.0e+00)
355.118 .... 1344 packets received, 7757 bps, 96.96%, Err 0 (0.0e+00)
357.231 .... 1352 packets received, 7757 bps, 96.96%, Err 0 (0.0e+00)
359.328 .... 1360 packets received, 7757 bps, 96.97%, Err 0 (0.0e+00)
361.440 .... 1368 packets received, 7757 bps, 96.97%, Err 0 (0.0e+00)
363.570 .... 1376 packets received, 7757 bps, 96.96%, Err 0 (0.0e+00)
365.667 .... 1384 packets received, 7757 bps, 96.97%, Err 0 (0.0e+00)
367.797 .... 1392 packets received, 7757 bps, 96.96%, Err 0 (0.0e+00)
369.881 .... 1400 packets received, 7758 bps, 96.97%, Err 0 (0.0e+00)
372.011 .... 1408 packets received, 7757 bps, 96.96%, Err 0 (0.0e+00)
374.124 .... 1416 packets received, 7757 bps, 96.96%, Err 0 (0.0e+00)
376.234 .... 1424 packets received, 7757 bps, 96.97%, Err 0 (0.0e+00)
378.345 .... 1432 packets received, 7757 bps, 96.97%, Err 0 (0.0e+00)
380.456 .... 1440 packets received, 7757 bps, 96.97%, Err 0 (0.0e+00)
382.567 .... 1448 packets received, 7757 bps, 96.97%, Err 0 (0.0e+00)
384.664 .... 1456 packets received, 7758 bps, 96.97%, Err 0 (0.0e+00)
386.780 .... 1464 packets received, 7757 bps, 96.97%, Err 0 (0.0e+00)
388.908 .... 1472 packets received, 7757 bps, 96.96%, Err 0 (0.0e+00)
391.020 .... 1480 packets received, 7757 bps, 96.96%, Err 0 (0.0e+00)
393.130 .... 1488 packets received, 7757 bps, 96.97%, Err 0 (0.0e+00)
395.242 .... 1496 packets received, 7757 bps, 96.97%, Err 0 (0.0e+00)
397.342 .... 1504 packets received, 7757 bps, 96.97%, Err 0 (0.0e+00)
399.455 .... 1512 packets received, 7757 bps, 96.97%, Err 0 (0.0e+00)
401.567 .... 1520 packets received, 7757 bps, 96.97%, Err 0 (0.0e+00)
403.680 .... 1528 packets received, 7757 bps, 96.97%, Err 0 (0.0e+00)
405.793 .... 1536 packets received, 7757 bps, 96.97%, Err 0 (0.0e+00)
407.906 .... 1544 packets received, 7757 bps, 96.97%, Err 0 (0.0e+00)
410.020 .... 1552 packets received, 7757 bps, 96.97%, Err 0 (0.0e+00)
412.132 .... 1560 packets received, 7757 bps, 96.97%, Err 0 (0.0e+00)
414.245 .... 1568 packets received, 7757 bps, 96.97%, Err 0 (0.0e+00)
416.358 .... 1576 packets received, 7757 bps, 96.97%, Err 0 (0.0e+00)
418.474 .... 1584 packets received, 7757 bps, 96.97%, Err 0 (0.0e+00)
420.587 .... 1592 packets received, 7757 bps, 96.97%, Err 0 (0.0e+00)
422.697 .... 1600 packets received, 7757 bps, 96.97%, Err 0 (0.0e+00)
424.811 .... 1608 packets received, 7757 bps, 96.97%, Err 0 (0.0e+00)
426.924 .... 1616 packets received, 7757 bps, 96.97%, Err 0 (0.0e+00)
429.023 .... 1624 packets received, 7757 bps, 96.97%, Err 0 (0.0e+00)
431.136 .... 1632 packets received, 7757 bps, 96.97%, Err 0 (0.0e+00)
433.255 .... 1640 packets received, 7757 bps, 96.97%, Err 0 (0.0e+00)
435.366 .... 1648 packets received, 7757 bps, 96.97%, Err 0 (0.0e+00)
437.473 .... 1656 packets received, 7757 bps, 96.97%, Err 0 (0.0e+00)
439.602 .... 1664 packets received, 7757 bps, 96.96%, Err 0 (0.0e+00)
441.700 .... 1672 packets received, 7757 bps, 96.97%, Err 0 (0.0e+00)
443.813 .... 1680 packets received, 7757 bps, 96.97%, Err 0 (0.0e+00)
445.927 .... 1688 packets received, 7757 bps, 96.97%, Err 0 (0.0e+00)
448.040 .... 1696 packets received, 7757 bps, 96.97%, Err 0 (0.0e+00)
450.141 .... 1704 packets received, 7757 bps, 96.97%, Err 0 (0.0e+00)
452.254 .... 1712 packets received, 7757 bps, 96.97%, Err 0 (0.0e+00)
454.383 .... 1720 packets received, 7757 bps, 96.96%, Err 0 (0.0e+00)
456.483 .... 1728 packets received, 7757 bps, 96.97%, Err 0 (0.0e+00)
458.597 .... 1736 packets received, 7757 bps, 96.97%, Err 0 (0.0e+00)
460.710 .... 1744 packets received, 7757 bps, 96.97%, Err 0 (0.0e+00)
462.808 .... 1752 packets received, 7758 bps, 96.97%, Err 0 (0.0e+00)
464.937 .... 1760 packets received, 7757 bps, 96.97%, Err 0 (0.0e+00)
467.037 .... 1768 packets received, 7757 bps, 96.97%, Err 0 (0.0e+00)
469.153 .... 1776 packets received, 7757 bps, 96.97%, Err 0 (0.0e+00)
471.283 .... 1784 packets received, 7757 bps, 96.96%, Err 0 (0.0e+00)
473.381 .... 1792 packets received, 7757 bps, 96.97%, Err 0 (0.0e+00)
475.480 .... 1800 packets received, 7758 bps, 96.97%, Err 0 (0.0e+00)
477.609 .... 1808 packets received, 7757 bps, 96.97%, Err 0 (0.0e+00)
479.722 .... 1816 packets received, 7757 bps, 96.97%, Err 0 (0.0e+00)
481.820 .... 1824 packets received, 7758 bps, 96.97%, Err 0 (0.0e+00)
483.936 .... 1832 packets received, 7757 bps, 96.97%, Err 0 (0.0e+00)
486.048 .... 1840 packets received, 7757 bps, 96.97%, Err 0 (0.0e+00)
488.162 .... 1848 packets received, 7757 bps, 96.97%, Err 0 (0.0e+00)
490.276 .... 1856 packets received, 7757 bps, 96.97%, Err 0 (0.0e+00)
492.404 .... 1864 packets received, 7757 bps, 96.96%, Err 0 (0.0e+00)
494.503 .... 1872 packets received, 7757 bps, 96.97%, Err 0 (0.0e+00)
496.602 .... 1880 packets received, 7758 bps, 96.97%, Err 0 (0.0e+00)
498.715 .... 1888 packets received, 7758 bps, 96.97%, Err 0 (0.0e+00)
500.828 .... 1896 packets received, 7758 bps, 96.97%, Err 0 (0.0e+00)
502.941 .... 1904 packets received, 7757 bps, 96.97%, Err 0 (0.0e+00)
505.053 .... 1912 packets received, 7757 bps, 96.97%, Err 0 (0.0e+00)
507.165 .... 1920 packets received, 7757 bps, 96.97%, Err 0 (0.0e+00)
509.292 .... 1928 packets received, 7757 bps, 96.97%, Err 0 (0.0e+00)
511.389 .... 1936 packets received, 7757 bps, 96.97%, Err 0 (0.0e+00)
513.515 .... 1944 packets received, 7757 bps, 96.97%, Err 0 (0.0e+00)
515.613 .... 1952 packets received, 7758 bps, 96.97%, Err 0 (0.0e+00)
517.727 .... 1960 packets received, 7757 bps, 96.97%, Err 0 (0.0e+00)
519.842 .... 1968 packets received, 7757 bps, 96.97%, Err 0 (0.0e+00)
521.955 .... 1976 packets received, 7757 bps, 96.97%, Err 0 (0.0e+00)
524.082 .... 1984 packets received, 7757 bps, 96.96%, Err 0 (0.0e+00)
526.183 .... 1992 packets received, 7757 bps, 96.97%, Err 0 (0.0e+00)
528.280 .... 2000 packets received, 7758 bps, 96.97%, Err 0 (0.0e+00)
530.407 .... 2008 packets received, 7757 bps, 96.97%, Err 0 (0.0e+00)
532.523 .... 2016 packets received, 7757 bps, 96.97%, Err 0 (0.0e+00)
534.619 .... 2024 packets received, 7758 bps, 96.97%, Err 0 (0.0e+00)
536.741 .... 2032 packets received, 7757 bps, 96.97%, Err 0 (0.0e+00)
538.855 .... 2040 packets received, 7757 bps, 96.97%, Err 0 (0.0e+00)
540.968 .... 2048 packets received, 7757 bps, 96.97%, Err 0 (0.0e+00)
543.066 .... 2056 packets received, 7758 bps, 96.97%, Err 0 (0.0e+00)
545.183 .... 2064 packets received, 7757 bps, 96.97%, Err 0 (0.0e+00)
547.291 .... 2072 packets received, 7758 bps, 96.97%, Err 0 (0.0e+00)
549.420 .... 2080 packets received, 7757 bps, 96.97%, Err 0 (0.0e+00)
551.524 .... 2088 packets received, 7757 bps, 96.97%, Err 0 (0.0e+00)
553.646 .... 2096 packets received, 7757 bps, 96.97%, Err 0 (0.0e+00)
555.758 .... 2104 packets received, 7757 bps, 96.97%, Err 0 (0.0e+00)
557.861 .... 2112 packets received, 7757 bps, 96.97%, Err 0 (0.0e+00)
559.979 .... 2120 packets received, 7757 bps, 96.97%, Err 0 (0.0e+00)
562.083 .... 2128 packets received, 7757 bps, 96.97%, Err 0 (0.0e+00)
564.200 .... 2136 packets received, 7757 bps, 96.97%, Err 0 (0.0e+00)
566.303 .... 2144 packets received, 7757 bps, 96.97%, Err 0 (0.0e+00)
568.430 .... 2152 packets received, 7757 bps, 96.97%, Err 0 (0.0e+00)
570.526 .... 2160 packets received, 7757 bps, 96.97%, Err 0 (0.0e+00)
572.637 .... 2168 packets received, 7758 bps, 96.97%, Err 0 (0.0e+00)
574.765 .... 2176 packets received, 7757 bps, 96.97%, Err 0 (0.0e+00)
576.863 .... 2184 packets received, 7757 bps, 96.97%, Err 0 (0.0e+00)
578.990 .... 2192 packets received, 7757 bps, 96.97%, Err 0 (0.0e+00)
581.094 .... 2200 packets received, 7757 bps, 96.97%, Err 0 (0.0e+00)
583.180 .... 2208 packets received, 7758 bps, 96.97%, Err 0 (0.0e+00)
585.320 .... 2216 packets received, 7757 bps, 96.97%, Err 0 (0.0e+00)
587.416 .... 2224 packets received, 7758 bps, 96.97%, Err 0 (0.0e+00)
589.531 .... 2232 packets received, 7758 bps, 96.97%, Err 0 (0.0e+00)
591.659 .... 2240 packets received, 7757 bps, 96.97%, Err 0 (0.0e+00)
593.773 .... 2248 packets received, 7757 bps, 96.97%, Err 0 (0.0e+00)
595.888 .... 2256 packets received, 7757 bps, 96.97%, Err 0 (0.0e+00)
597.999 .... 2264 packets received, 7757 bps, 96.97%, Err 0 (0.0e+00)
600.096 .... 2272 packets received, 7757 bps, 96.97%, Err 0 (0.0e+00)
602.225 .... 2280 packets received, 7757 bps, 96.97%, Err 0 (0.0e+00)
604.328 .... 2288 packets received, 7757 bps, 96.97%, Err 0 (0.0e+00)
606.442 .... 2296 packets received, 7757 bps, 96.97%, Err 0 (0.0e+00)
608.550 .... 2304 packets received, 7757 bps, 96.97%, Err 0 (0.0e+00)
610.660 .... 2312 packets received, 7757 bps, 96.97%, Err 0 (0.0e+00)
612.773 .... 2320 packets received, 7757 bps, 96.97%, Err 0 (0.0e+00)
614.887 .... 2328 packets received, 7757 bps, 96.97%, Err 0 (0.0e+00)
616.987 .... 2336 packets received, 7758 bps, 96.97%, Err 0 (0.0e+00)
619.112 .... 2344 packets received, 7757 bps, 96.97%, Err 0 (0.0e+00)
621.225 .... 2352 packets received, 7757 bps, 96.97%, Err 0 (0.0e+00)
623.338 .... 2360 packets received, 7757 bps, 96.97%, Err 0 (0.0e+00)
625.453 .... 2368 packets received, 7757 bps, 96.97%, Err 0 (0.0e+00)
627.568 .... 2376 packets received, 7757 bps, 96.97%, Err 0 (0.0e+00)
629.669 .... 2384 packets received, 7757 bps, 96.97%, Err 0 (0.0e+00)
631.766 .... 2392 packets received, 7758 bps, 96.97%, Err 0 (0.0e+00)
633.895 .... 2400 packets received, 7757 bps, 96.97%, Err 0 (0.0e+00)
636.004 .... 2408 packets received, 7757 bps, 96.97%, Err 0 (0.0e+00)
638.121 .... 2416 packets received, 7757 bps, 96.97%, Err 0 (0.0e+00)
640.233 .... 2424 packets received, 7757 bps, 96.97%, Err 0 (0.0e+00)
642.331 .... 2432 packets received, 7758 bps, 96.97%, Err 0 (0.0e+00)
644.442 .... 2440 packets received, 7758 bps, 96.97%, Err 0 (0.0e+00)
646.569 .... 2448 packets received, 7757 bps, 96.97%, Err 0 (0.0e+00)
648.683 .... 2456 packets received, 7757 bps, 96.97%, Err 0 (0.0e+00)
650.777 .... 2464 packets received, 7758 bps, 96.97%, Err 0 (0.0e+00)
652.879 .... 2472 packets received, 7758 bps, 96.97%, Err 0 (0.0e+00)
655.025 .... 2480 packets received, 7757 bps, 96.97%, Err 0 (0.0e+00)
657.141 .... 2488 packets received, 7757 bps, 96.97%, Err 0 (0.0e+00)
659.245 .... 2496 packets received, 7757 bps, 96.97%, Err 0 (0.0e+00)
661.361 .... 2504 packets received, 7757 bps, 96.97%, Err 0 (0.0e+00)
663.460 .... 2512 packets received, 7757 bps, 96.97%, Err 0 (0.0e+00)
665.559 .... 2520 packets received, 7758 bps, 96.97%, Err 0 (0.0e+00)
667.688 .... 2528 packets received, 7757 bps, 96.97%, Err 0 (0.0e+00)
669.801 .... 2536 packets received, 7757 bps, 96.97%, Err 0 (0.0e+00)
671.899 .... 2544 packets received, 7758 bps, 96.97%, Err 0 (0.0e+00)
674.011 .... 2552 packets received, 7758 bps, 96.97%, Err 0 (0.0e+00)
676.126 .... 2560 packets received, 7758 bps, 96.97%, Err 0 (0.0e+00)
678.256 .... 2568 packets received, 7757 bps, 96.97%, Err 0 (0.0e+00)
680.370 .... 2576 packets received, 7757 bps, 96.97%, Err 0 (0.0e+00)
682.485 .... 2584 packets received, 7757 bps, 96.97%, Err 0 (0.0e+00)
684.568 .... 2592 packets received, 7758 bps, 96.97%, Err 0 (0.0e+00)
686.681 .... 2600 packets received, 7758 bps, 96.97%, Err 0 (0.0e+00)
688.810 .... 2608 packets received, 7757 bps, 96.97%, Err 0 (0.0e+00)
690.920 .... 2616 packets received, 7757 bps, 96.97%, Err 0 (0.0e+00)
693.018 .... 2624 packets received, 7758 bps, 96.97%, Err 0 (0.0e+00)
695.129 .... 2632 packets received, 7758 bps, 96.97%, Err 0 (0.0e+00)
697.241 .... 2640 packets received, 7758 bps, 96.97%, Err 0 (0.0e+00)
699.369 .... 2648 packets received, 7757 bps, 96.97%, Err 0 (0.0e+00)
701.480 .... 2656 packets received, 7757 bps, 96.97%, Err 0 (0.0e+00)
703.596 .... 2664 packets received, 7757 bps, 96.97%, Err 0 (0.0e+00)
705.692 .... 2672 packets received, 7758 bps, 96.97%, Err 0 (0.0e+00)
707.805 .... 2680 packets received, 7758 bps, 96.97%, Err 0 (0.0e+00)
709.934 .... 2688 packets received, 7757 bps, 96.97%, Err 0 (0.0e+00)
712.033 .... 2696 packets received, 7757 bps, 96.97%, Err 0 (0.0e+00)
714.145 .... 2704 packets received, 7757 bps, 96.97%, Err 0 (0.0e+00)
716.257 .... 2712 packets received, 7757 bps, 96.97%, Err 0 (0.0e+00)
718.367 .... 2720 packets received, 7758 bps, 96.97%, Err 0 (0.0e+00)
720.492 .... 2728 packets received, 7757 bps, 96.97%, Err 0 (0.0e+00)
722.605 .... 2736 packets received, 7757 bps, 96.97%, Err 0 (0.0e+00)
724.716 .... 2744 packets received, 7757 bps, 96.97%, Err 0 (0.0e+00)
726.827 .... 2752 packets received, 7757 bps, 96.97%, Err 0 (0.0e+00)
728.939 .... 2760 packets received, 7757 bps, 96.97%, Err 0 (0.0e+00)
731.050 .... 2768 packets received, 7757 bps, 96.97%, Err 0 (0.0e+00)
733.162 .... 2776 packets received, 7757 bps, 96.97%, Err 0 (0.0e+00)
735.279 .... 2784 packets received, 7757 bps, 96.97%, Err 0 (0.0e+00)
737.367 .... 2792 packets received, 7758 bps, 96.97%, Err 0 (0.0e+00)
739.479 .... 2800 packets received, 7758 bps, 96.97%, Err 0 (0.0e+00)
741.598 .... 2808 packets received, 7758 bps, 96.97%, Err 0 (0.0e+00)
743.724 .... 2816 packets received, 7757 bps, 96.97%, Err 0 (0.0e+00)
745.837 .... 2824 packets received, 7757 bps, 96.97%, Err 0 (0.0e+00)
747.949 .... 2832 packets received, 7757 bps, 96.97%, Err 0 (0.0e+00)
750.063 .... 2840 packets received, 7757 bps, 96.97%, Err 0 (0.0e+00)
752.170 .... 2848 packets received, 7757 bps, 96.97%, Err 0 (0.0e+00)
754.285 .... 2856 packets received, 7757 bps, 96.97%, Err 0 (0.0e+00)
756.384 .... 2864 packets received, 7757 bps, 96.97%, Err 0 (0.0e+00)
758.498 .... 2872 packets received, 7757 bps, 96.97%, Err 0 (0.0e+00)
760.608 .... 2880 packets received, 7757 bps, 96.97%, Err 0 (0.0e+00)
762.733 .... 2888 packets received, 7757 bps, 96.97%, Err 0 (0.0e+00)
764.843 .... 2896 packets received, 7757 bps, 96.97%, Err 0 (0.0e+00)
766.955 .... 2904 packets received, 7757 bps, 96.97%, Err 0 (0.0e+00)
769.049 .... 2912 packets received, 7758 bps, 96.97%, Err 0 (0.0e+00)
771.162 .... 2920 packets received, 7758 bps, 96.97%, Err 0 (0.0e+00)
773.284 .... 2928 packets received, 7757 bps, 96.97%, Err 0 (0.0e+00)
775.396 .... 2936 packets received, 7757 bps, 96.97%, Err 0 (0.0e+00)
777.505 .... 2944 packets received, 7757 bps, 96.97%, Err 0 (0.0e+00)
779.615 .... 2952 packets received, 7758 bps, 96.97%, Err 0 (0.0e+00)
781.726 .... 2960 packets received, 7758 bps, 96.97%, Err 0 (0.0e+00)
783.837 .... 2968 packets received, 7758 bps, 96.97%, Err 0 (0.0e+00)
785.948 .... 2976 packets received, 7758 bps, 96.97%, Err 0 (0.0e+00)
788.059 .... 2984 packets received, 7758 bps, 96.97%, Err 0 (0.0e+00)
790.172 .... 2992 packets received, 7758 bps, 96.97%, Err 0 (0.0e+00)
792.285 .... 3000 packets received, 7758 bps, 96.97%, Err 0 (0.0e+00)
794.396 .... 3008 packets received, 7758 bps, 96.97%, Err 0 (0.0e+00)
796.524 .... 3016 packets received, 7757 bps, 96.97%, Err 0 (0.0e+00)
798.623 .... 3024 packets received, 7758 bps, 96.97%, Err 0 (0.0e+00)
800.753 .... 3032 packets received, 7757 bps, 96.97%, Err 0 (0.0e+00)
802.865 .... 3040 packets received, 7757 bps, 96.97%, Err 0 (0.0e+00)
804.961 .... 3048 packets received, 7757 bps, 96.97%, Err 0 (0.0e+00)
807.072 .... 3056 packets received, 7757 bps, 96.97%, Err 0 (0.0e+00)
809.198 .... 3064 packets received, 7757 bps, 96.97%, Err 0 (0.0e+00)
811.310 .... 3072 packets received, 7757 bps, 96.97%, Err 0 (0.0e+00)
813.405 .... 3080 packets received, 7758 bps, 96.97%, Err 0 (0.0e+00)
815.533 .... 3088 packets received, 7757 bps, 96.97%, Err 0 (0.0e+00)
817.632 .... 3096 packets received, 7757 bps, 96.97%, Err 0 (0.0e+00)
819.760 .... 3104 packets received, 7757 bps, 96.97%, Err 0 (0.0e+00)
821.860 .... 3112 packets received, 7757 bps, 96.97%, Err 0 (0.0e+00)
823.972 .... 3120 packets received, 7757 bps, 96.97%, Err 0 (0.0e+00)
826.100 .... 3128 packets received, 7757 bps, 96.97%, Err 0 (0.0e+00)
828.197 .... 3136 packets received, 7757 bps, 96.97%, Err 0 (0.0e+00)
830.310 .... 3144 packets received, 7757 bps, 96.97%, Err 0 (0.0e+00)
832.422 .... 3152 packets received, 7757 bps, 96.97%, Err 0 (0.0e+00)
834.534 .... 3160 packets received, 7757 bps, 96.97%, Err 0 (0.0e+00)
836.636 .... 3168 packets received, 7758 bps, 96.97%, Err 0 (0.0e+00)
838.774 .... 3176 packets received, 7757 bps, 96.97%, Err 0 (0.0e+00)
840.876 .... 3184 packets received, 7757 bps, 96.97%, Err 0 (0.0e+00)
842.971 .... 3192 packets received, 7758 bps, 96.97%, Err 0 (0.0e+00)
845.086 .... 3200 packets received, 7758 bps, 96.97%, Err 0 (0.0e+00)
847.209 .... 3208 packets received, 7757 bps, 96.97%, Err 0 (0.0e+00)
849.322 .... 3216 packets received, 7757 bps, 96.97%, Err 0 (0.0e+00)
851.420 .... 3224 packets received, 7758 bps, 96.97%, Err 0 (0.0e+00)
853.534 .... 3232 packets received, 7758 bps, 96.97%, Err 0 (0.0e+00)
855.649 .... 3240 packets received, 7757 bps, 96.97%, Err 0 (0.0e+00)
857.780 .... 3248 packets received, 7757 bps, 96.97%, Err 0 (0.0e+00)
859.886 .... 3256 packets received, 7757 bps, 96.97%, Err 0 (0.0e+00)
861.984 .... 3264 packets received, 7758 bps, 96.97%, Err 0 (0.0e+00)
864.112 .... 3272 packets received, 7757 bps, 96.97%, Err 0 (0.0e+00)
866.212 .... 3280 packets received, 7757 bps, 96.97%, Err 0 (0.0e+00)
868.325 .... 3288 packets received, 7757 bps, 96.97%, Err 0 (0.0e+00)
870.441 .... 3296 packets received, 7757 bps, 96.97%, Err 0 (0.0e+00)
872.546 .... 3304 packets received, 7757 bps, 96.97%, Err 0 (0.0e+00)
874.674 .... 3312 packets received, 7757 bps, 96.97%, Err 0 (0.0e+00)
876.773 .... 3320 packets received, 7757 bps, 96.97%, Err 0 (0.0e+00)
878.873 .... 3328 packets received, 7758 bps, 96.97%, Err 0 (0.0e+00)
880.986 .... 3336 packets received, 7758 bps, 96.97%, Err 0 (0.0e+00)
883.114 .... 3344 packets received, 7757 bps, 96.97%, Err 0 (0.0e+00)
885.213 .... 3352 packets received, 7758 bps, 96.97%, Err 0 (0.0e+00)
887.327 .... 3360 packets received, 7758 bps, 96.97%, Err 0 (0.0e+00)
889.447 .... 3368 packets received, 7757 bps, 96.97%, Err 0 (0.0e+00)
891.559 .... 3376 packets received, 7757 bps, 96.97%, Err 0 (0.0e+00)
893.672 .... 3384 packets received, 7757 bps, 96.97%, Err 0 (0.0e+00)
895.786 .... 3392 packets received, 7757 bps, 96.97%, Err 0 (0.0e+00)
897.901 .... 3400 packets received, 7757 bps, 96.97%, Err 0 (0.0e+00)
900.014 .... 3408 packets received, 7757 bps, 96.97%, Err 0 (0.0e+00)
902.128 .... 3416 packets received, 7757 bps, 96.97%, Err 0 (0.0e+00)
904.226 .... 3424 packets received, 7757 bps, 96.97%, Err 0 (0.0e+00)
906.353 .... 3432 packets received, 7757 bps, 96.97%, Err 0 (0.0e+00)
908.441 .... 3440 packets received, 7758 bps, 96.97%, Err 0 (0.0e+00)
910.553 .... 3448 packets received, 7758 bps, 96.97%, Err 0 (0.0e+00)
912.671 .... 3456 packets received, 7758 bps, 96.97%, Err 0 (0.0e+00)
914.797 .... 3464 packets received, 7757 bps, 96.97%, Err 0 (0.0e+00)
916.910 .... 3472 packets received, 7757 bps, 96.97%, Err 0 (0.0e+00)
919.007 .... 3480 packets received, 7758 bps, 96.97%, Err 0 (0.0e+00)
921.119 .... 3488 packets received, 7758 bps, 96.97%, Err 0 (0.0e+00)
923.245 .... 3496 packets received, 7757 bps, 96.97%, Err 0 (0.0e+00)
925.341 .... 3504 packets received, 7758 bps, 96.97%, Err 0 (0.0e+00)
927.467 .... 3512 packets received, 7757 bps, 96.97%, Err 0 (0.0e+00)
929.582 .... 3520 packets received, 7757 bps, 96.97%, Err 0 (0.0e+00)
931.693 .... 3528 packets received, 7757 bps, 96.97%, Err 0 (0.0e+00)
933.790 .... 3536 packets received, 7758 bps, 96.97%, Err 0 (0.0e+00)
935.910 .... 3544 packets received, 7757 bps, 96.97%, Err 0 (0.0e+00)
938.013 .... 3552 packets received, 7758 bps, 96.97%, Err 0 (0.0e+00)
940.141 .... 3560 packets received, 7757 bps, 96.97%, Err 0 (0.0e+00)
942.254 .... 3568 packets received, 7757 bps, 96.97%, Err 0 (0.0e+00)
944.357 .... 3576 packets received, 7757 bps, 96.97%, Err 0 (0.0e+00)
946.468 .... 3584 packets received, 7757 bps, 96.97%, Err 0 (0.0e+00)
948.577 .... 3592 packets received, 7758 bps, 96.97%, Err 0 (0.0e+00)
950.688 .... 3600 packets received, 7758 bps, 96.97%, Err 0 (0.0e+00)
952.805 .... 3608 packets received, 7757 bps, 96.97%, Err 0 (0.0e+00)
954.917 .... 3616 packets received, 7757 bps, 96.97%, Err 0 (0.0e+00)
957.014 .... 3624 packets received, 7758 bps, 96.97%, Err 0 (0.0e+00)
959.142 .... 3632 packets received, 7757 bps, 96.97%, Err 0 (0.0e+00)
961.252 .... 3640 packets received, 7757 bps, 96.97%, Err 0 (0.0e+00)
963.363 .... 3648 packets received, 7757 bps, 96.97%, Err 0 (0.0e+00)
965.489 .... 3656 packets received, 7757 bps, 96.97%, Err 0 (0.0e+00)
967.585 .... 3664 packets received, 7758 bps, 96.97%, Err 0 (0.0e+00)
969.713 .... 3672 packets received, 7757 bps, 96.97%, Err 0 (0.0e+00)
971.810 .... 3680 packets received, 7757 bps, 96.97%, Err 0 (0.0e+00)
973.924 .... 3688 packets received, 7757 bps, 96.97%, Err 0 (0.0e+00)
976.037 .... 3696 packets received, 7757 bps, 96.97%, Err 0 (0.0e+00)
978.150 .... 3704 packets received, 7757 bps, 96.97%, Err 0 (0.0e+00)
980.266 .... 3712 packets received, 7757 bps, 96.97%, Err 0 (0.0e+00)
982.378 .... 3720 packets received, 7757 bps, 96.97%, Err 0 (0.0e+00)
984.499 .... 3728 packets received, 7757 bps, 96.97%, Err 0 (0.0e+00)
986.583 .... 3736 packets received, 7758 bps, 96.97%, Err 0 (0.0e+00)
988.700 .... 3744 packets received, 7758 bps, 96.97%, Err 0 (0.0e+00)
990.821 .... 3752 packets received, 7757 bps, 96.97%, Err 0 (0.0e+00)
992.933 .... 3760 packets received, 7757 bps, 96.97%, Err 0 (0.0e+00)
995.044 .... 3768 packets received, 7757 bps, 96.97%, Err 0 (0.0e+00)
997.158 .... 3776 packets received, 7757 bps, 96.97%, Err 0 (0.0e+00)
999.271 .... 3784 packets received, 7757 bps, 96.97%, Err 0 (0.0e+00)
1001.383 .... 3792 packets received, 7757 bps, 96.97%, Err 0 (0.0e+00)
1003.485 .... 3800 packets received, 7758 bps, 96.97%, Err 0 (0.0e+00)
1005.612 .... 3808 packets received, 7757 bps, 96.97%, Err 0 (0.0e+00)
1007.726 .... 3816 packets received, 7757 bps, 96.97%, Err 0 (0.0e+00)
1009.839 .... 3824 packets received, 7757 bps, 96.97%, Err 0 (0.0e+00)
1011.950 .... 3832 packets received, 7757 bps, 96.97%, Err 0 (0.0e+00)
1014.061 .... 3840 packets received, 7757 bps, 96.97%, Err 0 (0.0e+00)
1016.171 .... 3848 packets received, 7757 bps, 96.97%, Err 0 (0.0e+00)
1018.282 .... 3856 packets received, 7757 bps, 96.97%, Err 0 (0.0e+00)
1020.397 .... 3864 packets received, 7757 bps, 96.97%, Err 0 (0.0e+00)
1022.508 .... 3872 packets received, 7757 bps, 96.97%, Err 0 (0.0e+00)
1024.607 .... 3880 packets received, 7758 bps, 96.97%, Err 0 (0.0e+00)
1026.722 .... 3888 packets received, 7758 bps, 96.97%, Err 0 (0.0e+00)
1028.838 .... 3896 packets received, 7757 bps, 96.97%, Err 0 (0.0e+00)
1030.936 .... 3904 packets received, 7758 bps, 96.97%, Err 0 (0.0e+00)
1033.050 .... 3912 packets received, 7758 bps, 96.97%, Err 0 (0.0e+00)
1035.165 .... 3920 packets received, 7758 bps, 96.97%, Err 0 (0.0e+00)
1037.291 .... 3928 packets received, 7757 bps, 96.97%, Err 0 (0.0e+00)
1039.390 .... 3936 packets received, 7758 bps, 96.97%, Err 0 (0.0e+00)
1041.505 .... 3944 packets received, 7758 bps, 96.97%, Err 0 (0.0e+00)
1043.633 .... 3952 packets received, 7757 bps, 96.97%, Err 0 (0.0e+00)
1045.729 .... 3960 packets received, 7758 bps, 96.97%, Err 0 (0.0e+00)
1047.841 .... 3968 packets received, 7758 bps, 96.97%, Err 0 (0.0e+00)
1049.954 .... 3976 packets received, 7758 bps, 96.97%, Err 0 (0.0e+00)
1052.066 .... 3984 packets received, 7758 bps, 96.97%, Err 0 (0.0e+00)
1054.194 .... 3992 packets received, 7757 bps, 96.97%, Err 0 (0.0e+00)
1056.287 .... 4000 packets received, 7758 bps, 96.97%, Err 0 (0.0e+00)
1058.399 .... 4008 packets received, 7758 bps, 96.97%, Err 0 (0.0e+00)
1060.511 .... 4016 packets received, 7758 bps, 96.97%, Err 0 (0.0e+00)
1062.622 .... 4024 packets received, 7758 bps, 96.97%, Err 0 (0.0e+00)
1064.748 .... 4032 packets received, 7757 bps, 96.97%, Err 0 (0.0e+00)
1066.847 .... 4040 packets received, 7758 bps, 96.97%, Err 0 (0.0e+00)
1068.976 .... 4048 packets received, 7757 bps, 96.97%, Err 0 (0.0e+00)
1071.075 .... 4056 packets received, 7757 bps, 96.97%, Err 0 (0.0e+00)
1073.202 .... 4064 packets received, 7757 bps, 96.97%, Err 0 (0.0e+00)
1075.297 .... 4072 packets received, 7758 bps, 96.97%, Err 0 (0.0e+00)
1077.410 .... 4080 packets received, 7758 bps, 96.97%, Err 0 (0.0e+00)
1079.537 .... 4088 packets received, 7757 bps, 96.97%, Err 0 (0.0e+00)
1081.651 .... 4096 packets received, 7757 bps, 96.97%, Err 0 (0.0e+00)
1083.765 .... 4104 packets received, 7757 bps, 96.97%, Err 0 (0.0e+00)
1085.865 .... 4112 packets received, 7757 bps, 96.97%, Err 0 (0.0e+00)
1087.979 .... 4120 packets received, 7757 bps, 96.97%, Err 0 (0.0e+00)
1090.077 .... 4128 packets received, 7758 bps, 96.97%, Err 0 (0.0e+00)
1092.190 .... 4136 packets received, 7758 bps, 96.97%, Err 0 (0.0e+00)
1094.316 .... 4144 packets received, 7757 bps, 96.97%, Err 0 (0.0e+00)
1096.438 .... 4152 packets received, 7757 bps, 96.97%, Err 0 (0.0e+00)
1098.535 .... 4160 packets received, 7757 bps, 96.97%, Err 0 (0.0e+00)
1100.634 .... 4168 packets received, 7758 bps, 96.97%, Err 0 (0.0e+00)
1102.763 .... 4176 packets received, 7757 bps, 96.97%, Err 0 (0.0e+00)
1104.861 .... 4184 packets received, 7758 bps, 96.97%, Err 0 (0.0e+00)
1106.975 .... 4192 packets received, 7758 bps, 96.97%, Err 0 (0.0e+00)
1109.106 .... 4200 packets received, 7757 bps, 96.97%, Err 0 (0.0e+00)
1111.204 .... 4208 packets received, 7757 bps, 96.97%, Err 0 (0.0e+00)
1113.321 .... 4216 packets received, 7757 bps, 96.97%, Err 0 (0.0e+00)
1115.431 .... 4224 packets received, 7757 bps, 96.97%, Err 0 (0.0e+00)
1117.542 .... 4232 packets received, 7757 bps, 96.97%, Err 0 (0.0e+00)
1119.654 .... 4240 packets received, 7757 bps, 96.97%, Err 0 (0.0e+00)
1121.767 .... 4248 packets received, 7757 bps, 96.97%, Err 0 (0.0e+00)
1123.877 .... 4256 packets received, 7757 bps, 96.97%, Err 0 (0.0e+00)
1125.987 .... 4264 packets received, 7757 bps, 96.97%, Err 0 (0.0e+00)
1128.113 .... 4272 packets received, 7757 bps, 96.97%, Err 0 (0.0e+00)
1130.223 .... 4280 packets received, 7757 bps, 96.97%, Err 0 (0.0e+00)
1132.317 .... 4288 packets received, 7758 bps, 96.97%, Err 0 (0.0e+00)
1134.445 .... 4296 packets received, 7757 bps, 96.97%, Err 0 (0.0e+00)
1136.555 .... 4304 packets received, 7757 bps, 96.97%, Err 0 (0.0e+00)
1138.665 .... 4312 packets received, 7757 bps, 96.97%, Err 0 (0.0e+00)
1140.777 .... 4320 packets received, 7757 bps, 96.97%, Err 0 (0.0e+00)
1142.886 .... 4328 packets received, 7757 bps, 96.97%, Err 0 (0.0e+00)
1144.995 .... 4336 packets received, 7758 bps, 96.97%, Err 0 (0.0e+00)
1147.112 .... 4344 packets received, 7757 bps, 96.97%, Err 0 (0.0e+00)
1149.215 .... 4352 packets received, 7758 bps, 96.97%, Err 0 (0.0e+00)
1151.331 .... 4360 packets received, 7758 bps, 96.97%, Err 0 (0.0e+00)
1153.449 .... 4368 packets received, 7757 bps, 96.97%, Err 0 (0.0e+00)
1155.552 .... 4376 packets received, 7758 bps, 96.97%, Err 0 (0.0e+00)
1157.664 .... 4384 packets received, 7758 bps, 96.97%, Err 0 (0.0e+00)
1159.781 .... 4392 packets received, 7757 bps, 96.97%, Err 0 (0.0e+00)
1161.899 .... 4400 packets received, 7757 bps, 96.97%, Err 0 (0.0e+00)
1164.004 .... 4408 packets received, 7757 bps, 96.97%, Err 0 (0.0e+00)
1166.131 .... 4416 packets received, 7757 bps, 96.97%, Err 0 (0.0e+00)
1168.242 .... 4424 packets received, 7757 bps, 96.97%, Err 0 (0.0e+00)
1170.338 .... 4432 packets received, 7758 bps, 96.97%, Err 0 (0.0e+00)
1172.450 .... 4440 packets received, 7758 bps, 96.97%, Err 0 (0.0e+00)
1174.563 .... 4448 packets received, 7758 bps, 96.97%, Err 0 (0.0e+00)
1176.680 .... 4456 packets received, 7757 bps, 96.97%, Err 0 (0.0e+00)
1178.778 .... 4464 packets received, 7758 bps, 96.97%, Err 0 (0.0e+00)
1180.892 .... 4472 packets received, 7758 bps, 96.97%, Err 0 (0.0e+00)
1183.022 .... 4480 packets received, 7757 bps, 96.97%, Err 0 (0.0e+00)
1185.132 .... 4488 packets received, 7757 bps, 96.97%, Err 0 (0.0e+00)
1187.245 .... 4496 packets received, 7757 bps, 96.97%, Err 0 (0.0e+00)
1189.343 .... 4504 packets received, 7758 bps, 96.97%, Err 0 (0.0e+00)
1191.470 .... 4512 packets received, 7757 bps, 96.97%, Err 0 (0.0e+00)
1193.582 .... 4520 packets received, 7757 bps, 96.97%, Err 0 (0.0e+00)
1195.695 .... 4528 packets received, 7757 bps, 96.97%, Err 0 (0.0e+00)
1197.807 .... 4536 packets received, 7757 bps, 96.97%, Err 0 (0.0e+00)
1199.905 .... 4544 packets received, 7758 bps, 96.97%, Err 0 (0.0e+00)
1202.022 .... 4552 packets received, 7757 bps, 96.97%, Err 0 (0.0e+00)
1204.136 .... 4560 packets received, 7757 bps, 96.97%, Err 0 (0.0e+00)
1206.252 .... 4568 packets received, 7757 bps, 96.97%, Err 0 (0.0e+00)
1208.363 .... 4576 packets received, 7757 bps, 96.97%, Err 0 (0.0e+00)
1210.473 .... 4584 packets received, 7757 bps, 96.97%, Err 0 (0.0e+00)
1212.586 .... 4592 packets received, 7757 bps, 96.97%, Err 0 (0.0e+00)
1214.699 .... 4600 packets received, 7757 bps, 96.97%, Err 0 (0.0e+00)
1216.811 .... 4608 packets received, 7757 bps, 96.97%, Err 0 (0.0e+00)
1218.923 .... 4616 packets received, 7757 bps, 96.97%, Err 0 (0.0e+00)
1221.019 .... 4624 packets received, 7758 bps, 96.97%, Err 0 (0.0e+00)
1223.139 .... 4632 packets received, 7758 bps, 96.97%, Err 0 (0.0e+00)
1225.253 .... 4640 packets received, 7757 bps, 96.97%, Err 0 (0.0e+00)
1227.352 .... 4648 packets received, 7758 bps, 96.97%, Err 0 (0.0e+00)
1229.469 .... 4656 packets received, 7758 bps, 96.97%, Err 0 (0.0e+00)
1231.582 .... 4664 packets received, 7758 bps, 96.97%, Err 0 (0.0e+00)
1233.710 .... 4672 packets received, 7757 bps, 96.97%, Err 0 (0.0e+00)
1235.823 .... 4680 packets received, 7757 bps, 96.97%, Err 0 (0.0e+00)
1237.938 .... 4688 packets received, 7757 bps, 96.97%, Err 0 (0.0e+00)
1240.041 .... 4696 packets received, 7757 bps, 96.97%, Err 0 (0.0e+00)
1242.159 .... 4704 packets received, 7757 bps, 96.97%, Err 0 (0.0e+00)
1244.264 .... 4712 packets received, 7757 bps, 96.97%, Err 0 (0.0e+00)
1246.377 .... 4720 packets received, 7757 bps, 96.97%, Err 0 (0.0e+00)
1248.491 .... 4728 packets received, 7757 bps, 96.97%, Err 0 (0.0e+00)
1250.605 .... 4736 packets received, 7757 bps, 96.97%, Err 0 (0.0e+00)
1252.704 .... 4744 packets received, 7758 bps, 96.97%, Err 0 (0.0e+00)
1254.816 .... 4752 packets received, 7758 bps, 96.97%, Err 0 (0.0e+00)
1256.932 .... 4760 packets received, 7758 bps, 96.97%, Err 0 (0.0e+00)
1259.044 .... 4768 packets received, 7758 bps, 96.97%, Err 0 (0.0e+00)
1261.158 .... 4776 packets received, 7757 bps, 96.97%, Err 0 (0.0e+00)
1263.273 .... 4784 packets received, 7757 bps, 96.97%, Err 0 (0.0e+00)
1265.387 .... 4792 packets received, 7757 bps, 96.97%, Err 0 (0.0e+00)
1267.501 .... 4800 packets received, 7757 bps, 96.97%, Err 0 (0.0e+00)
1269.615 .... 4808 packets received, 7757 bps, 96.97%, Err 0 (0.0e+00)
1271.727 .... 4816 packets received, 7757 bps, 96.97%, Err 0 (0.0e+00)
1273.843 .... 4824 packets received, 7757 bps, 96.97%, Err 0 (0.0e+00)
1275.941 .... 4832 packets received, 7757 bps, 96.97%, Err 0 (0.0e+00)
1278.055 .... 4840 packets received, 7757 bps, 96.97%, Err 0 (0.0e+00)
1280.154 .... 4848 packets received, 7758 bps, 96.97%, Err 0 (0.0e+00)
1282.269 .... 4856 packets received, 7758 bps, 96.97%, Err 0 (0.0e+00)
1284.382 .... 4864 packets received, 7758 bps, 96.97%, Err 0 (0.0e+00)
1286.496 .... 4872 packets received, 7758 bps, 96.97%, Err 0 (0.0e+00)
1288.610 .... 4880 packets received, 7758 bps, 96.97%, Err 0 (0.0e+00)
1290.739 .... 4888 packets received, 7757 bps, 96.97%, Err 0 (0.0e+00)
1292.850 .... 4896 packets received, 7757 bps, 96.97%, Err 0 (0.0e+00)
1294.960 .... 4904 packets received, 7757 bps, 96.97%, Err 0 (0.0e+00)
1297.056 .... 4912 packets received, 7758 bps, 96.97%, Err 0 (0.0e+00)
1299.167 .... 4920 packets received, 7758 bps, 96.97%, Err 0 (0.0e+00)
1301.279 .... 4928 packets received, 7758 bps, 96.97%, Err 0 (0.0e+00)
1303.389 .... 4936 packets received, 7758 bps, 96.97%, Err 0 (0.0e+00)
1305.501 .... 4944 packets received, 7758 bps, 96.97%, Err 0 (0.0e+00)
1307.614 .... 4952 packets received, 7758 bps, 96.97%, Err 0 (0.0e+00)
1309.727 .... 4960 packets received, 7758 bps, 96.97%, Err 0 (0.0e+00)
1311.839 .... 4968 packets received, 7758 bps, 96.97%, Err 0 (0.0e+00)
1313.951 .... 4976 packets received, 7758 bps, 96.97%, Err 0 (0.0e+00)
1316.064 .... 4984 packets received, 7758 bps, 96.97%, Err 0 (0.0e+00)
1318.193 .... 4992 packets received, 7757 bps, 96.97%, Err 0 (0.0e+00)
1320.304 .... 5000 packets received, 7757 bps, 96.97%, Err 0 (0.0e+00)
1322.401 .... 5008 packets received, 7758 bps, 96.97%, Err 0 (0.0e+00)
1324.514 .... 5016 packets received, 7758 bps, 96.97%, Err 0 (0.0e+00)
1326.626 .... 5024 packets received, 7758 bps, 96.97%, Err 0 (0.0e+00)
1328.739 .... 5032 packets received, 7758 bps, 96.97%, Err 0 (0.0e+00)
1330.851 .... 5040 packets received, 7758 bps, 96.97%, Err 0 (0.0e+00)
1332.976 .... 5048 packets received, 7757 bps, 96.97%, Err 0 (0.0e+00)
1335.086 .... 5056 packets received, 7757 bps, 96.97%, Err 0 (0.0e+00)
1337.198 .... 5064 packets received, 7757 bps, 96.97%, Err 0 (0.0e+00)
1339.308 .... 5072 packets received, 7757 bps, 96.97%, Err 0 (0.0e+00)
1341.420 .... 5080 packets received, 7757 bps, 96.97%, Err 0 (0.0e+00)
1343.532 .... 5088 packets received, 7757 bps, 96.97%, Err 0 (0.0e+00)
1345.646 .... 5096 packets received, 7757 bps, 96.97%, Err 0 (0.0e+00)
1347.755 .... 5104 packets received, 7757 bps, 96.97%, Err 0 (0.0e+00)
1349.868 .... 5112 packets received, 7757 bps, 96.97%, Err 0 (0.0e+00)
1351.981 .... 5120 packets received, 7757 bps, 96.97%, Err 0 (0.0e+00)
1354.095 .... 5128 packets received, 7757 bps, 96.97%, Err 0 (0.0e+00)
1356.193 .... 5136 packets received, 7758 bps, 96.97%, Err 0 (0.0e+00)
1358.319 .... 5144 packets received, 7757 bps, 96.97%, Err 0 (0.0e+00)
1360.430 .... 5152 packets received, 7757 bps, 96.97%, Err 0 (0.0e+00)
1362.541 .... 5160 packets received, 7757 bps, 96.97%, Err 0 (0.0e+00)
1364.653 .... 5168 packets received, 7757 bps, 96.97%, Err 0 (0.0e+00)
1366.749 .... 5176 packets received, 7758 bps, 96.97%, Err 0 (0.0e+00)
1368.876 .... 5184 packets received, 7757 bps, 96.97%, Err 0 (0.0e+00)
1370.990 .... 5192 packets received, 7757 bps, 96.97%, Err 0 (0.0e+00)
1373.089 .... 5200 packets received, 7758 bps, 96.97%, Err 0 (0.0e+00)
1375.201 .... 5208 packets received, 7758 bps, 96.97%, Err 0 (0.0e+00)
1377.328 .... 5216 packets received, 7757 bps, 96.97%, Err 0 (0.0e+00)
1379.440 .... 5224 packets received, 7757 bps, 96.97%, Err 0 (0.0e+00)
1381.554 .... 5232 packets received, 7757 bps, 96.97%, Err 0 (0.0e+00)
1383.668 .... 5240 packets received, 7757 bps, 96.97%, Err 0 (0.0e+00)
1385.751 .... 5248 packets received, 7758 bps, 96.97%, Err 0 (0.0e+00)
1387.876 .... 5256 packets received, 7758 bps, 96.97%, Err 0 (0.0e+00)
1390.001 .... 5264 packets received, 7757 bps, 96.97%, Err 0 (0.0e+00)
1392.110 .... 5272 packets received, 7757 bps, 96.97%, Err 0 (0.0e+00)
1394.221 .... 5280 packets received, 7757 bps, 96.97%, Err 0 (0.0e+00)
1396.333 .... 5288 packets received, 7757 bps, 96.97%, Err 0 (0.0e+00)
1398.445 .... 5296 packets received, 7757 bps, 96.97%, Err 0 (0.0e+00)
1400.542 .... 5304 packets received, 7758 bps, 96.97%, Err 0 (0.0e+00)
1402.670 .... 5312 packets received, 7757 bps, 96.97%, Err 0 (0.0e+00)
1404.767 .... 5320 packets received, 7758 bps, 96.97%, Err 0 (0.0e+00)
1406.892 .... 5328 packets received, 7757 bps, 96.97%, Err 0 (0.0e+00)
1408.988 .... 5336 packets received, 7758 bps, 96.97%, Err 0 (0.0e+00)
1411.115 .... 5344 packets received, 7757 bps, 96.97%, Err 0 (0.0e+00)
1413.212 .... 5352 packets received, 7758 bps, 96.97%, Err 0 (0.0e+00)
1415.341 .... 5360 packets received, 7757 bps, 96.97%, Err 0 (0.0e+00)
1417.453 .... 5368 packets received, 7757 bps, 96.97%, Err 0 (0.0e+00)
1419.550 .... 5376 packets received, 7758 bps, 96.97%, Err 0 (0.0e+00)
1421.678 .... 5384 packets received, 7757 bps, 96.97%, Err 0 (0.0e+00)
1423.776 .... 5392 packets received, 7758 bps, 96.97%, Err 0 (0.0e+00)
1425.890 .... 5400 packets received, 7758 bps, 96.97%, Err 0 (0.0e+00)
1428.004 .... 5408 packets received, 7758 bps, 96.97%, Err 0 (0.0e+00)
1430.131 .... 5416 packets received, 7757 bps, 96.97%, Err 0 (0.0e+00)
1432.245 .... 5424 packets received, 7757 bps, 96.97%, Err 0 (0.0e+00)
1434.330 .... 5432 packets received, 7758 bps, 96.97%, Err 0 (0.0e+00)
1436.443 .... 5440 packets received, 7758 bps, 96.97%, Err 0 (0.0e+00)
1438.557 .... 5448 packets received, 7758 bps, 96.97%, Err 0 (0.0e+00)
1440.669 .... 5456 packets received, 7758 bps, 96.97%, Err 0 (0.0e+00)
1442.783 .... 5464 packets received, 7758 bps, 96.97%, Err 0 (0.0e+00)
1444.911 .... 5472 packets received, 7757 bps, 96.97%, Err 0 (0.0e+00)
1447.026 .... 5480 packets received, 7757 bps, 96.97%, Err 0 (0.0e+00)
1449.125 .... 5488 packets received, 7758 bps, 96.97%, Err 0 (0.0e+00)
1451.240 .... 5496 packets received, 7757 bps, 96.97%, Err 0 (0.0e+00)
1453.338 .... 5504 packets received, 7758 bps, 96.97%, Err 0 (0.0e+00)
1455.451 .... 5512 packets received, 7758 bps, 96.97%, Err 0 (0.0e+00)
1457.565 .... 5520 packets received, 7758 bps, 96.97%, Err 0 (0.0e+00)
1459.679 .... 5528 packets received, 7758 bps, 96.97%, Err 0 (0.0e+00)
1461.792 .... 5536 packets received, 7758 bps, 96.97%, Err 0 (0.0e+00)
1463.907 .... 5544 packets received, 7758 bps, 96.97%, Err 0 (0.0e+00)
1466.021 .... 5552 packets received, 7758 bps, 96.97%, Err 0 (0.0e+00)
1468.134 .... 5560 packets received, 7758 bps, 96.97%, Err 0 (0.0e+00)
1470.234 .... 5568 packets received, 7758 bps, 96.97%, Err 0 (0.0e+00)
1472.348 .... 5576 packets received, 7758 bps, 96.97%, Err 0 (0.0e+00)
1474.461 .... 5584 packets received, 7758 bps, 96.97%, Err 0 (0.0e+00)
1476.591 .... 5592 packets received, 7757 bps, 96.97%, Err 0 (0.0e+00)
1478.688 .... 5600 packets received, 7758 bps, 96.97%, Err 0 (0.0e+00)
1480.815 .... 5608 packets received, 7757 bps, 96.97%, Err 0 (0.0e+00)
1482.914 .... 5616 packets received, 7758 bps, 96.97%, Err 0 (0.0e+00)
1485.023 .... 5624 packets received, 7758 bps, 96.97%, Err 0 (0.0e+00)
1487.150 .... 5632 packets received, 7757 bps, 96.97%, Err 0 (0.0e+00)
1489.259 .... 5640 packets received, 7757 bps, 96.97%, Err 0 (0.0e+00)
1491.358 .... 5648 packets received, 7758 bps, 96.97%, Err 0 (0.0e+00)
1493.469 .... 5656 packets received, 7758 bps, 96.97%, Err 0 (0.0e+00)
1495.584 .... 5664 packets received, 7758 bps, 96.97%, Err 0 (0.0e+00)
1497.710 .... 5672 packets received, 7757 bps, 96.97%, Err 0 (0.0e+00)
1499.809 .... 5680 packets received, 7758 bps, 96.97%, Err 0 (0.0e+00)
1501.251 TCP Disconnected.
