./gobackn -af -port 1237 -log naf.log 
=========================================================================
                          Station A                                 
-------------------------------------------------------------------------
Protocol.lib, version 3.0, Build: Oct 19 2009 (jiangy@public3.bta.net.cn)
Channel: 8000 bps, 270 ms propagation delay, bit error rate 1.0E-05
Log file "naf.log", TCP port 1237, debug mask 0x00
Station A is waiting for station B on TCP port 1237 ... Done.
New epoch: Sun Nov 22 11:45:55 2009
=========================================================================
Designed by JackalDire
2.401 .... 8 packets received, 7765 bps, 97.06%, Err 0 (0.0e+00)
6.093 .... 16 packets received, 5648 bps, 70.60%, Err 1 (2.1e-05)
8.211 .... 24 packets received, 6206 bps, 77.58%, Err 1 (1.5e-05)
10.332 .... 32 packets received, 6527 bps, 81.59%, Err 1 (1.2e-05)
12.447 .... 40 packets received, 6739 bps, 84.24%, Err 1 (1.0e-05)
14.546 .... 48 packets received, 6896 bps, 86.20%, Err 1 (8.6e-06)
16.661 .... 56 packets received, 7006 bps, 87.57%, Err 1 (7.5e-06)
18.775 .... 64 packets received, 7091 bps, 88.64%, Err 1 (6.7e-06)
20.889 .... 72 packets received, 7159 bps, 89.48%, Err 1 (6.0e-06)
23.004 .... 80 packets received, 7213 bps, 90.17%, Err 1 (5.4e-06)
26.442 .... 87 packets received, 6813 bps, 85.17%, Err 1 (4.7e-06)
28.545 .... 95 packets received, 6886 bps, 86.08%, Err 1 (4.4e-06)
30.658 .... 103 packets received, 6946 bps, 86.83%, Err 1 (4.1e-06)
33.564 .... 108 packets received, 6648 bps, 83.09%, Err 2 (7.5e-06)
35.678 .... 116 packets received, 6713 bps, 83.92%, Err 2 (7.0e-06)
37.776 .... 124 packets received, 6775 bps, 84.68%, Err 3 (9.9e-06)
39.908 .... 132 packets received, 6824 bps, 85.30%, Err 3 (9.4e-06)
41.987 .... 140 packets received, 6876 bps, 85.96%, Err 3 (8.9e-06)
44.116 .... 148 packets received, 6916 bps, 86.45%, Err 3 (8.5e-06)
46.232 .... 156 packets received, 6954 bps, 86.93%, Err 3 (8.1e-06)
48.344 .... 164 packets received, 6990 bps, 87.37%, Err 3 (7.8e-06)
50.462 .... 172 packets received, 7021 bps, 87.76%, Err 3 (7.4e-06)
52.581 .... 180 packets received, 7050 bps, 88.12%, Err 3 (7.1e-06)
54.681 .... 188 packets received, 7079 bps, 88.49%, Err 3 (6.9e-06)
56.797 .... 196 packets received, 7104 bps, 88.80%, Err 3 (6.6e-06)
59.950 .... 202 packets received, 6934 bps, 86.68%, Err 3 (6.3e-06)
62.067 .... 210 packets received, 6962 bps, 87.02%, Err 3 (6.0e-06)
64.180 .... 218 packets received, 6988 bps, 87.35%, Err 3 (5.8e-06)
67.358 .... 224 packets received, 6840 bps, 85.50%, Err 3 (5.6e-06)
69.987 .... 228 packets received, 6700 bps, 83.75%, Err 4 (7.1e-06)
72.105 .... 230 packets received, 6559 bps, 81.99%, Err 5 (8.7e-06)
75.821 .... 238 packets received, 6453 bps, 80.67%, Err 5 (8.2e-06)
78.973 .... 244 packets received, 6351 bps, 79.39%, Err 5 (7.9e-06)
82.167 .... 250 packets received, 6253 bps, 78.17%, Err 5 (7.6e-06)
85.329 .... 256 packets received, 6165 bps, 77.07%, Err 5 (7.3e-06)
88.493 .... 262 packets received, 6083 bps, 76.04%, Err 7 (9.9e-06)
91.657 .... 268 packets received, 6007 bps, 75.09%, Err 7 (9.6e-06)
94.831 .... 274 packets received, 5936 bps, 74.20%, Err 7 (9.2e-06)
97.991 .... 280 packets received, 5869 bps, 73.37%, Err 7 (8.9e-06)
101.151 .... 286 packets received, 5807 bps, 72.59%, Err 7 (8.7e-06)
103.281 .... 294 packets received, 5846 bps, 73.08%, Err 7 (8.5e-06)
105.921 .... 298 packets received, 5778 bps, 72.22%, Err 8 (9.4e-06)
108.022 .... 306 packets received, 5817 bps, 72.71%, Err 8 (9.3e-06)
110.132 .... 314 packets received, 5855 bps, 73.18%, Err 8 (9.1e-06)
112.249 .... 322 packets received, 5890 bps, 73.63%, Err 8 (8.9e-06)
114.360 .... 330 packets received, 5925 bps, 74.06%, Err 8 (8.7e-06)
116.472 .... 338 packets received, 5958 bps, 74.48%, Err 8 (8.6e-06)
118.584 .... 346 packets received, 5990 bps, 74.88%, Err 8 (8.4e-06)
121.773 .... 352 packets received, 5934 bps, 74.18%, Err 8 (8.2e-06)
124.945 .... 358 packets received, 5882 bps, 73.52%, Err 9 (9.0e-06)
128.132 .... 364 packets received, 5831 bps, 72.89%, Err 9 (8.8e-06)
131.305 .... 370 packets received, 5784 bps, 72.30%, Err 9 (8.6e-06)
134.221 .... 375 packets received, 5734 bps, 71.68%, Err 10 (9.3e-06)
137.394 .... 381 packets received, 5691 bps, 71.14%, Err 10 (9.1e-06)
140.310 .... 386 packets received, 5646 bps, 70.57%, Err 11 (9.8e-06)
142.438 .... 394 packets received, 5677 bps, 70.96%, Err 11 (9.7e-06)
144.547 .... 402 packets received, 5707 bps, 71.34%, Err 11 (9.5e-06)
146.657 .... 410 packets received, 5737 bps, 71.71%, Err 12 (1.0e-05)
148.780 .... 412 packets received, 5682 bps, 71.03%, Err 12 (1.0e-05)
150.891 .... 420 packets received, 5712 bps, 71.39%, Err 12 (9.9e-06)
152.987 .... 428 packets received, 5740 bps, 71.76%, Err 12 (9.8e-06)
155.113 .... 436 packets received, 5767 bps, 72.09%, Err 12 (9.7e-06)
157.223 .... 444 packets received, 5794 bps, 72.43%, Err 12 (9.5e-06)
159.334 .... 452 packets received, 5820 bps, 72.76%, Err 12 (9.4e-06)
161.431 .... 460 packets received, 5846 bps, 73.08%, Err 12 (9.3e-06)
163.542 .... 468 packets received, 5871 bps, 73.39%, Err 12 (9.2e-06)
165.957 .... 471 packets received, 5823 bps, 72.78%, Err 12 (9.0e-06)
168.319 .... 474 packets received, 5777 bps, 72.22%, Err 13 (9.7e-06)
171.508 .... 480 packets received, 5741 bps, 71.77%, Err 13 (9.5e-06)
173.878 .... 483 packets received, 5698 bps, 71.23%, Err 14 (1.0e-05)
176.007 .... 485 packets received, 5653 bps, 70.66%, Err 15 (1.1e-05)
178.120 .... 493 packets received, 5678 bps, 70.97%, Err 15 (1.1e-05)
180.766 .... 497 packets received, 5640 bps, 70.50%, Err 15 (1.0e-05)
183.960 .... 503 packets received, 5609 bps, 70.11%, Err 15 (1.0e-05)
187.149 .... 509 packets received, 5579 bps, 69.73%, Err 15 (1.0e-05)
190.332 .... 515 packets received, 5550 bps, 69.37%, Err 15 (9.9e-06)
193.518 .... 521 packets received, 5522 bps, 69.03%, Err 15 (9.7e-06)
196.709 .... 527 packets received, 5495 bps, 68.69%, Err 16 (1.0e-05)
199.874 .... 533 packets received, 5469 bps, 68.37%, Err 16 (1.0e-05)
203.053 .... 539 packets received, 5444 bps, 68.05%, Err 16 (9.9e-06)
206.245 .... 545 packets received, 5419 bps, 67.74%, Err 16 (9.7e-06)
209.423 .... 551 packets received, 5396 bps, 67.45%, Err 16 (9.6e-06)
212.619 .... 557 packets received, 5373 bps, 67.16%, Err 16 (9.4e-06)
215.785 .... 563 packets received, 5351 bps, 66.88%, Err 18 (1.0e-05)
217.915 .... 565 packets received, 5317 bps, 66.46%, Err 18 (1.0e-05)
220.838 .... 570 packets received, 5293 bps, 66.16%, Err 19 (1.1e-05)
224.262 .... 577 packets received, 5276 bps, 65.95%, Err 19 (1.1e-05)
227.169 .... 582 packets received, 5254 bps, 65.67%, Err 20 (1.1e-05)
230.596 .... 589 packets received, 5238 bps, 65.47%, Err 20 (1.1e-05)
233.756 .... 595 packets received, 5219 bps, 65.24%, Err 21 (1.1e-05)
236.919 .... 601 packets received, 5202 bps, 65.02%, Err 21 (1.1e-05)
240.114 .... 607 packets received, 5184 bps, 64.79%, Err 21 (1.1e-05)
243.280 .... 613 packets received, 5167 bps, 64.58%, Err 21 (1.1e-05)
246.447 .... 619 packets received, 5150 bps, 64.38%, Err 21 (1.1e-05)
249.640 .... 625 packets received, 5133 bps, 64.17%, Err 21 (1.1e-05)
252.807 .... 631 packets received, 5118 bps, 63.97%, Err 21 (1.0e-05)
255.999 .... 637 packets received, 5102 bps, 63.77%, Err 21 (1.0e-05)
259.162 .... 643 packets received, 5087 bps, 63.59%, Err 21 (1.0e-05)
262.340 .... 649 packets received, 5072 bps, 63.40%, Err 21 (1.0e-05)
265.517 .... 655 packets received, 5058 bps, 63.22%, Err 21 (9.9e-06)
268.680 .... 661 packets received, 5044 bps, 63.05%, Err 21 (9.8e-06)
271.866 .... 667 packets received, 5030 bps, 62.87%, Err 21 (9.7e-06)
275.039 .... 673 packets received, 5017 bps, 62.71%, Err 21 (9.5e-06)
278.228 .... 679 packets received, 5003 bps, 62.54%, Err 21 (9.4e-06)
281.399 .... 685 packets received, 4991 bps, 62.38%, Err 21 (9.3e-06)
286.173 .... 691 packets received, 4950 bps, 61.88%, Err 22 (9.6e-06)
289.878 .... 699 packets received, 4943 bps, 61.79%, Err 22 (9.5e-06)
293.054 .... 705 packets received, 4932 bps, 61.65%, Err 22 (9.4e-06)
296.244 .... 711 packets received, 4920 bps, 61.50%, Err 22 (9.3e-06)
299.420 .... 717 packets received, 4909 bps, 61.36%, Err 22 (9.2e-06)
302.615 .... 723 packets received, 4898 bps, 61.22%, Err 22 (9.1e-06)
305.799 .... 729 packets received, 4887 bps, 61.09%, Err 22 (9.0e-06)
308.992 .... 735 packets received, 4876 bps, 60.95%, Err 22 (8.9e-06)
312.159 .... 741 packets received, 4866 bps, 60.83%, Err 22 (8.8e-06)
314.270 .... 749 packets received, 4886 bps, 61.07%, Err 22 (8.8e-06)
316.378 .... 757 packets received, 4905 bps, 61.31%, Err 22 (8.7e-06)
318.507 .... 765 packets received, 4923 bps, 61.54%, Err 22 (8.6e-06)
320.605 .... 773 packets received, 4942 bps, 61.78%, Err 22 (8.6e-06)
323.240 .... 777 packets received, 4927 bps, 61.59%, Err 23 (8.9e-06)
326.964 .... 785 packets received, 4921 bps, 61.52%, Err 24 (9.2e-06)
330.122 .... 791 packets received, 4912 bps, 61.39%, Err 24 (9.1e-06)
334.880 .... 797 packets received, 4878 bps, 60.98%, Err 25 (9.3e-06)
336.992 .... 805 packets received, 4896 bps, 61.21%, Err 25 (9.3e-06)
339.634 .... 809 packets received, 4882 bps, 61.03%, Err 25 (9.2e-06)
341.749 .... 811 packets received, 4864 bps, 60.80%, Err 26 (9.5e-06)
343.861 .... 819 packets received, 4882 bps, 61.03%, Err 27 (9.8e-06)
345.960 .... 821 packets received, 4864 bps, 60.80%, Err 27 (9.8e-06)
349.134 .... 827 packets received, 4855 bps, 60.69%, Err 27 (9.7e-06)
352.053 .... 832 packets received, 4844 bps, 60.55%, Err 28 (9.9e-06)
354.695 .... 836 packets received, 4831 bps, 60.39%, Err 29 (1.0e-05)
358.144 .... 843 packets received, 4825 bps, 60.31%, Err 29 (1.0e-05)
361.321 .... 849 packets received, 4816 bps, 60.20%, Err 29 (1.0e-05)
364.515 .... 855 packets received, 4808 bps, 60.09%, Err 29 (9.9e-06)
367.691 .... 861 packets received, 4799 bps, 59.99%, Err 29 (9.9e-06)
370.887 .... 867 packets received, 4791 bps, 59.89%, Err 30 (1.0e-05)
374.064 .... 873 packets received, 4783 bps, 59.79%, Err 30 (1.0e-05)
377.244 .... 879 packets received, 4776 bps, 59.70%, Err 30 (9.9e-06)
380.436 .... 885 packets received, 4768 bps, 59.60%, Err 30 (9.9e-06)
382.541 .... 893 packets received, 4784 bps, 59.81%, Err 30 (9.8e-06)
384.661 .... 901 packets received, 4801 bps, 60.01%, Err 30 (9.7e-06)
386.759 .... 909 packets received, 4817 bps, 60.21%, Err 30 (9.7e-06)
388.871 .... 917 packets received, 4833 bps, 60.41%, Err 30 (9.6e-06)
391.775 .... 922 packets received, 4823 bps, 60.29%, Err 32 (1.0e-05)
395.225 .... 929 packets received, 4817 bps, 60.22%, Err 32 (1.0e-05)
398.404 .... 935 packets received, 4810 bps, 60.12%, Err 32 (1.0e-05)
400.763 .... 938 packets received, 4797 bps, 59.96%, Err 33 (1.0e-05)
403.421 .... 942 packets received, 4786 bps, 59.82%, Err 34 (1.1e-05)
405.535 .... 950 packets received, 4801 bps, 60.01%, Err 34 (1.0e-05)
407.910 .... 953 packets received, 4788 bps, 59.85%, Err 34 (1.0e-05)
411.076 .... 959 packets received, 4781 bps, 59.76%, Err 34 (1.0e-05)
414.219 .... 965 packets received, 4775 bps, 59.68%, Err 34 (1.0e-05)
417.416 .... 971 packets received, 4767 bps, 59.59%, Err 34 (1.0e-05)
420.596 .... 977 packets received, 4761 bps, 59.51%, Err 34 (1.0e-05)
423.773 .... 983 packets received, 4754 bps, 59.42%, Err 34 (1.0e-05)
426.953 .... 989 packets received, 4747 bps, 59.34%, Err 34 (1.0e-05)
430.120 .... 995 packets received, 4741 bps, 59.26%, Err 35 (1.0e-05)
433.283 .... 1001 packets received, 4735 bps, 59.18%, Err 35 (1.0e-05)
436.492 .... 1007 packets received, 4728 bps, 59.10%, Err 35 (1.0e-05)
441.239 .... 1013 packets received, 4705 bps, 58.81%, Err 36 (1.0e-05)
443.643 .... 1016 packets received, 4693 bps, 58.67%, Err 37 (1.0e-05)
446.781 .... 1022 packets received, 4688 bps, 58.60%, Err 38 (1.1e-05)
448.922 .... 1030 packets received, 4702 bps, 58.77%, Err 38 (1.1e-05)
451.298 .... 1033 packets received, 4691 bps, 58.64%, Err 39 (1.1e-05)
454.464 .... 1039 packets received, 4685 bps, 58.56%, Err 39 (1.1e-05)
457.648 .... 1045 packets received, 4679 bps, 58.49%, Err 39 (1.1e-05)
460.801 .... 1051 packets received, 4674 bps, 58.43%, Err 39 (1.1e-05)
463.718 .... 1056 packets received, 4667 bps, 58.33%, Err 40 (1.1e-05)
467.133 .... 1063 packets received, 4663 bps, 58.29%, Err 40 (1.1e-05)
470.312 .... 1069 packets received, 4658 bps, 58.22%, Err 40 (1.1e-05)
472.408 .... 1071 packets received, 4646 bps, 58.07%, Err 41 (1.1e-05)
475.842 .... 1078 packets received, 4642 bps, 58.03%, Err 42 (1.1e-05)
477.971 .... 1086 packets received, 4656 bps, 58.20%, Err 42 (1.1e-05)
480.086 .... 1094 packets received, 4670 bps, 58.37%, Err 42 (1.1e-05)
483.239 .... 1100 packets received, 4665 bps, 58.31%, Err 43 (1.1e-05)
485.345 .... 1108 packets received, 4678 bps, 58.48%, Err 43 (1.1e-05)
487.463 .... 1116 packets received, 4692 bps, 58.64%, Err 43 (1.1e-05)
490.896 .... 1123 packets received, 4688 bps, 58.60%, Err 44 (1.1e-05)
492.993 .... 1131 packets received, 4701 bps, 58.76%, Err 44 (1.1e-05)
495.126 .... 1139 packets received, 4714 bps, 58.93%, Err 44 (1.1e-05)
497.231 .... 1147 packets received, 4727 bps, 59.09%, Err 44 (1.1e-05)
499.322 .... 1155 packets received, 4740 bps, 59.25%, Err 44 (1.1e-05)
501.451 .... 1163 packets received, 4753 bps, 59.41%, Err 44 (1.1e-05)
503.563 .... 1165 packets received, 4741 bps, 59.26%, Err 45 (1.1e-05)
505.678 .... 1173 packets received, 4753 bps, 59.42%, Err 45 (1.1e-05)
507.792 .... 1181 packets received, 4766 bps, 59.57%, Err 45 (1.1e-05)
509.907 .... 1189 packets received, 4778 bps, 59.73%, Err 45 (1.1e-05)
512.018 .... 1191 packets received, 4767 bps, 59.58%, Err 45 (1.1e-05)
514.129 .... 1193 packets received, 4755 bps, 59.44%, Err 46 (1.1e-05)
517.838 .... 1201 packets received, 4753 bps, 59.41%, Err 46 (1.1e-05)
521.017 .... 1207 packets received, 4747 bps, 59.34%, Err 47 (1.1e-05)
523.129 .... 1215 packets received, 4759 bps, 59.49%, Err 47 (1.1e-05)
525.227 .... 1223 packets received, 4771 bps, 59.64%, Err 47 (1.1e-05)
527.353 .... 1231 packets received, 4783 bps, 59.79%, Err 47 (1.1e-05)
529.454 .... 1239 packets received, 4795 bps, 59.94%, Err 47 (1.1e-05)
531.569 .... 1247 packets received, 4807 bps, 60.09%, Err 47 (1.1e-05)
533.680 .... 1255 packets received, 4819 bps, 60.23%, Err 47 (1.1e-05)
537.371 .... 1263 packets received, 4816 bps, 60.20%, Err 48 (1.1e-05)
539.481 .... 1271 packets received, 4828 bps, 60.35%, Err 48 (1.1e-05)
541.607 .... 1279 packets received, 4839 bps, 60.49%, Err 48 (1.1e-05)
543.703 .... 1287 packets received, 4850 bps, 60.63%, Err 48 (1.1e-05)
545.815 .... 1295 packets received, 4862 bps, 60.77%, Err 48 (1.1e-05)
547.928 .... 1303 packets received, 4873 bps, 60.91%, Err 48 (1.1e-05)
550.043 .... 1311 packets received, 4884 bps, 61.05%, Err 48 (1.1e-05)
552.161 .... 1319 packets received, 4895 bps, 61.19%, Err 48 (1.1e-05)
554.279 .... 1327 packets received, 4906 bps, 61.32%, Err 48 (1.1e-05)
556.376 .... 1335 packets received, 4917 bps, 61.46%, Err 48 (1.1e-05)
558.504 .... 1343 packets received, 4927 bps, 61.59%, Err 48 (1.1e-05)
561.419 .... 1348 packets received, 4920 bps, 61.50%, Err 48 (1.1e-05)
564.597 .... 1354 packets received, 4914 bps, 61.42%, Err 48 (1.1e-05)
567.774 .... 1360 packets received, 4908 bps, 61.35%, Err 48 (1.1e-05)
569.886 .... 1362 packets received, 4897 bps, 61.21%, Err 49 (1.1e-05)
573.078 .... 1368 packets received, 4891 bps, 61.14%, Err 50 (1.1e-05)
576.256 .... 1374 packets received, 4886 bps, 61.07%, Err 50 (1.1e-05)
579.433 .... 1380 packets received, 4880 bps, 61.00%, Err 50 (1.1e-05)
582.625 .... 1386 packets received, 4874 bps, 60.93%, Err 50 (1.1e-05)
585.259 .... 1390 packets received, 4866 bps, 60.83%, Err 51 (1.1e-05)
588.441 .... 1396 packets received, 4861 bps, 60.76%, Err 51 (1.1e-05)
591.618 .... 1402 packets received, 4856 bps, 60.70%, Err 51 (1.1e-05)
594.794 .... 1408 packets received, 4850 bps, 60.63%, Err 51 (1.1e-05)
597.988 .... 1414 packets received, 4845 bps, 60.56%, Err 52 (1.1e-05)
600.103 .... 1416 packets received, 4835 bps, 60.43%, Err 52 (1.1e-05)
603.281 .... 1422 packets received, 4830 bps, 60.37%, Err 52 (1.1e-05)
606.187 .... 1427 packets received, 4823 bps, 60.29%, Err 53 (1.1e-05)
609.608 .... 1434 packets received, 4820 bps, 60.25%, Err 53 (1.1e-05)
611.996 .... 1437 packets received, 4811 bps, 60.14%, Err 54 (1.1e-05)
614.094 .... 1445 packets received, 4821 bps, 60.27%, Err 54 (1.1e-05)
616.223 .... 1447 packets received, 4811 bps, 60.14%, Err 55 (1.1e-05)
619.128 .... 1452 packets received, 4805 bps, 60.07%, Err 55 (1.1e-05)
622.292 .... 1458 packets received, 4801 bps, 60.01%, Err 55 (1.1e-05)
625.472 .... 1464 packets received, 4796 bps, 59.95%, Err 55 (1.1e-05)
628.650 .... 1470 packets received, 4791 bps, 59.89%, Err 55 (1.1e-05)
631.827 .... 1476 packets received, 4787 bps, 59.83%, Err 55 (1.1e-05)
634.991 .... 1482 packets received, 4782 bps, 59.78%, Err 55 (1.1e-05)
638.172 .... 1488 packets received, 4777 bps, 59.72%, Err 55 (1.1e-05)
641.350 .... 1494 packets received, 4773 bps, 59.66%, Err 55 (1.1e-05)
644.529 .... 1500 packets received, 4768 bps, 59.61%, Err 56 (1.1e-05)
647.691 .... 1506 packets received, 4764 bps, 59.55%, Err 56 (1.1e-05)
650.885 .... 1512 packets received, 4760 bps, 59.50%, Err 56 (1.1e-05)
654.048 .... 1518 packets received, 4755 bps, 59.44%, Err 56 (1.1e-05)
657.212 .... 1524 packets received, 4751 bps, 59.39%, Err 56 (1.1e-05)
659.857 .... 1528 packets received, 4745 bps, 59.31%, Err 57 (1.1e-05)
663.050 .... 1534 packets received, 4740 bps, 59.25%, Err 57 (1.1e-05)
666.229 .... 1540 packets received, 4736 bps, 59.20%, Err 57 (1.1e-05)
669.390 .... 1546 packets received, 4732 bps, 59.15%, Err 58 (1.1e-05)
671.503 .... 1548 packets received, 4723 bps, 59.04%, Err 58 (1.1e-05)
673.645 .... 1556 packets received, 4733 bps, 59.16%, Err 58 (1.1e-05)
675.756 .... 1558 packets received, 4724 bps, 59.05%, Err 58 (1.1e-05)
678.645 .... 1563 packets received, 4719 bps, 58.99%, Err 58 (1.1e-05)
681.820 .... 1569 packets received, 4715 bps, 58.94%, Err 58 (1.1e-05)
684.997 .... 1575 packets received, 4711 bps, 58.89%, Err 58 (1.1e-05)
687.112 .... 1583 packets received, 4720 bps, 59.00%, Err 59 (1.1e-05)
689.211 .... 1585 packets received, 4712 bps, 58.90%, Err 59 (1.1e-05)
692.644 .... 1592 packets received, 4709 bps, 58.86%, Err 60 (1.1e-05)
695.819 .... 1598 packets received, 4705 bps, 58.82%, Err 60 (1.1e-05)
698.991 .... 1604 packets received, 4702 bps, 58.77%, Err 60 (1.1e-05)
702.161 .... 1610 packets received, 4698 bps, 58.72%, Err 60 (1.1e-05)
705.336 .... 1616 packets received, 4694 bps, 58.68%, Err 61 (1.1e-05)
708.497 .... 1622 packets received, 4691 bps, 58.63%, Err 61 (1.1e-05)
711.669 .... 1628 packets received, 4687 bps, 58.59%, Err 61 (1.1e-05)
714.841 .... 1634 packets received, 4683 bps, 58.54%, Err 61 (1.1e-05)
718.030 .... 1640 packets received, 4680 bps, 58.49%, Err 61 (1.1e-05)
721.206 .... 1646 packets received, 4676 bps, 58.45%, Err 61 (1.1e-05)
724.382 .... 1652 packets received, 4672 bps, 58.41%, Err 61 (1.1e-05)
727.557 .... 1658 packets received, 4669 bps, 58.36%, Err 61 (1.0e-05)
730.751 .... 1664 packets received, 4665 bps, 58.32%, Err 61 (1.0e-05)
733.938 .... 1670 packets received, 4662 bps, 58.27%, Err 61 (1.0e-05)
737.118 .... 1676 packets received, 4658 bps, 58.23%, Err 61 (1.0e-05)
740.294 .... 1682 packets received, 4655 bps, 58.19%, Err 61 (1.0e-05)
743.482 .... 1688 packets received, 4652 bps, 58.14%, Err 61 (1.0e-05)
746.646 .... 1694 packets received, 4648 bps, 58.10%, Err 61 (1.0e-05)
749.837 .... 1700 packets received, 4645 bps, 58.06%, Err 61 (1.0e-05)
751.948 .... 1708 packets received, 4654 bps, 58.17%, Err 61 (1.0e-05)
754.076 .... 1716 packets received, 4662 bps, 58.28%, Err 61 (1.0e-05)
756.190 .... 1724 packets received, 4671 bps, 58.39%, Err 61 (1.0e-05)
758.275 .... 1732 packets received, 4680 bps, 58.50%, Err 61 (1.0e-05)
760.404 .... 1740 packets received, 4688 bps, 58.60%, Err 61 (1.0e-05)
762.505 .... 1748 packets received, 4697 bps, 58.71%, Err 61 (1.0e-05)
764.632 .... 1756 packets received, 4705 bps, 58.81%, Err 61 (1.0e-05)
767.017 .... 1759 packets received, 4698 bps, 58.73%, Err 61 (9.9e-06)
770.179 .... 1765 packets received, 4695 bps, 58.69%, Err 61 (9.9e-06)
773.374 .... 1771 packets received, 4692 bps, 58.65%, Err 62 (1.0e-05)
776.550 .... 1777 packets received, 4688 bps, 58.60%, Err 62 (1.0e-05)
779.740 .... 1783 packets received, 4685 bps, 58.56%, Err 63 (1.0e-05)
782.111 .... 1786 packets received, 4678 bps, 58.48%, Err 64 (1.0e-05)
785.305 .... 1792 packets received, 4675 bps, 58.44%, Err 64 (1.0e-05)
787.691 .... 1795 packets received, 4669 bps, 58.36%, Err 65 (1.0e-05)
791.399 .... 1803 packets received, 4668 bps, 58.34%, Err 65 (1.0e-05)
794.594 .... 1809 packets received, 4664 bps, 58.30%, Err 66 (1.0e-05)
797.791 .... 1815 packets received, 4661 bps, 58.26%, Err 66 (1.0e-05)
800.952 .... 1821 packets received, 4658 bps, 58.22%, Err 66 (1.0e-05)
804.141 .... 1827 packets received, 4655 bps, 58.18%, Err 66 (1.0e-05)
807.322 .... 1833 packets received, 4652 bps, 58.14%, Err 67 (1.0e-05)
810.513 .... 1839 packets received, 4648 bps, 58.11%, Err 67 (1.0e-05)
813.687 .... 1845 packets received, 4645 bps, 58.07%, Err 67 (1.0e-05)
816.880 .... 1851 packets received, 4642 bps, 58.03%, Err 67 (1.0e-05)
820.069 .... 1857 packets received, 4639 bps, 57.99%, Err 67 (1.0e-05)
823.241 .... 1863 packets received, 4636 bps, 57.95%, Err 67 (1.0e-05)
826.436 .... 1869 packets received, 4633 bps, 57.92%, Err 67 (1.0e-05)
829.604 .... 1875 packets received, 4630 bps, 57.88%, Err 67 (1.0e-05)
831.719 .... 1883 packets received, 4638 bps, 57.98%, Err 67 (1.0e-05)
833.833 .... 1891 packets received, 4646 bps, 58.08%, Err 67 (1.0e-05)
835.932 .... 1899 packets received, 4654 bps, 58.18%, Err 67 (1.0e-05)
838.044 .... 1907 packets received, 4662 bps, 58.27%, Err 67 (1.0e-05)
840.172 .... 1915 packets received, 4670 bps, 58.37%, Err 67 (1.0e-05)
842.803 .... 1919 packets received, 4665 bps, 58.31%, Err 68 (1.0e-05)
844.932 .... 1927 packets received, 4672 bps, 58.40%, Err 68 (1.0e-05)
847.062 .... 1929 packets received, 4665 bps, 58.32%, Err 68 (1.0e-05)
849.953 .... 1934 packets received, 4662 bps, 58.27%, Err 69 (1.0e-05)
853.146 .... 1940 packets received, 4659 bps, 58.23%, Err 69 (1.0e-05)
856.322 .... 1946 packets received, 4656 bps, 58.20%, Err 70 (1.0e-05)
859.499 .... 1952 packets received, 4653 bps, 58.16%, Err 70 (1.0e-05)
862.689 .... 1958 packets received, 4650 bps, 58.12%, Err 70 (1.0e-05)
867.458 .... 1964 packets received, 4638 bps, 57.98%, Err 73 (1.1e-05)
871.170 .... 1972 packets received, 4637 bps, 57.97%, Err 73 (1.0e-05)
874.330 .... 1978 packets received, 4635 bps, 57.93%, Err 73 (1.0e-05)
877.524 .... 1984 packets received, 4632 bps, 57.90%, Err 73 (1.0e-05)
880.702 .... 1990 packets received, 4629 bps, 57.86%, Err 73 (1.0e-05)
883.893 .... 1996 packets received, 4626 bps, 57.83%, Err 73 (1.0e-05)
887.067 .... 2002 packets received, 4624 bps, 57.79%, Err 73 (1.0e-05)
890.258 .... 2008 packets received, 4621 bps, 57.76%, Err 73 (1.0e-05)
893.446 .... 2014 packets received, 4618 bps, 57.73%, Err 73 (1.0e-05)
896.622 .... 2020 packets received, 4615 bps, 57.69%, Err 73 (1.0e-05)
899.799 .... 2026 packets received, 4613 bps, 57.66%, Err 73 (1.0e-05)
902.979 .... 2032 packets received, 4610 bps, 57.63%, Err 73 (1.0e-05)
906.188 .... 2038 packets received, 4607 bps, 57.59%, Err 73 (1.0e-05)
909.368 .... 2044 packets received, 4605 bps, 57.56%, Err 73 (1.0e-05)
912.543 .... 2050 packets received, 4602 bps, 57.53%, Err 73 (1.0e-05)
915.721 .... 2056 packets received, 4600 bps, 57.50%, Err 73 (1.0e-05)
918.903 .... 2062 packets received, 4597 bps, 57.46%, Err 73 (9.9e-06)
921.009 .... 2064 packets received, 4591 bps, 57.39%, Err 74 (1.0e-05)
924.721 .... 2072 packets received, 4590 bps, 57.38%, Err 74 (1.0e-05)
929.474 .... 2078 packets received, 4580 bps, 57.25%, Err 75 (1.0e-05)
931.585 .... 2086 packets received, 4587 bps, 57.34%, Err 76 (1.0e-05)
934.213 .... 2090 packets received, 4583 bps, 57.29%, Err 76 (1.0e-05)
936.315 .... 2092 packets received, 4577 bps, 57.22%, Err 77 (1.0e-05)
938.444 .... 2100 packets received, 4584 bps, 57.30%, Err 78 (1.0e-05)
940.573 .... 2102 packets received, 4578 bps, 57.23%, Err 79 (1.0e-05)
943.732 .... 2108 packets received, 4576 bps, 57.20%, Err 79 (1.0e-05)
946.909 .... 2114 packets received, 4574 bps, 57.17%, Err 79 (1.0e-05)
950.086 .... 2120 packets received, 4571 bps, 57.14%, Err 79 (1.0e-05)
953.275 .... 2126 packets received, 4569 bps, 57.11%, Err 79 (1.0e-05)
956.465 .... 2132 packets received, 4566 bps, 57.08%, Err 79 (1.0e-05)
959.657 .... 2138 packets received, 4564 bps, 57.05%, Err 79 (1.0e-05)
962.818 .... 2144 packets received, 4562 bps, 57.02%, Err 79 (1.0e-05)
964.945 .... 2152 packets received, 4569 bps, 57.11%, Err 79 (1.0e-05)
967.056 .... 2160 packets received, 4576 bps, 57.20%, Err 79 (1.0e-05)
969.181 .... 2168 packets received, 4583 bps, 57.28%, Err 79 (1.0e-05)
971.278 .... 2170 packets received, 4577 bps, 57.21%, Err 79 (1.0e-05)
974.471 .... 2176 packets received, 4575 bps, 57.18%, Err 80 (1.0e-05)
977.634 .... 2182 packets received, 4572 bps, 57.15%, Err 82 (1.0e-05)
980.811 .... 2188 packets received, 4570 bps, 57.13%, Err 82 (1.0e-05)
983.990 .... 2194 packets received, 4568 bps, 57.10%, Err 83 (1.1e-05)
987.182 .... 2200 packets received, 4565 bps, 57.07%, Err 83 (1.1e-05)
990.347 .... 2206 packets received, 4563 bps, 57.04%, Err 84 (1.1e-05)
992.443 .... 2208 packets received, 4558 bps, 56.97%, Err 84 (1.1e-05)
996.152 .... 2216 packets received, 4557 bps, 56.97%, Err 85 (1.1e-05)
999.318 .... 2222 packets received, 4555 bps, 56.94%, Err 85 (1.1e-05)
1002.495 .... 2228 packets received, 4553 bps, 56.91%, Err 85 (1.1e-05)
1005.688 .... 2234 packets received, 4551 bps, 56.88%, Err 85 (1.1e-05)
1008.845 .... 2240 packets received, 4549 bps, 56.86%, Err 85 (1.1e-05)
1012.026 .... 2246 packets received, 4546 bps, 56.83%, Err 85 (1.0e-05)
1015.212 .... 2252 packets received, 4544 bps, 56.80%, Err 85 (1.0e-05)
1019.968 .... 2258 packets received, 4535 bps, 56.69%, Err 86 (1.1e-05)
1023.695 .... 2266 packets received, 4535 bps, 56.68%, Err 86 (1.1e-05)
1026.845 .... 2272 packets received, 4533 bps, 56.66%, Err 86 (1.0e-05)
1030.029 .... 2278 packets received, 4531 bps, 56.63%, Err 88 (1.1e-05)
1033.206 .... 2284 packets received, 4529 bps, 56.61%, Err 88 (1.1e-05)
1036.353 .... 2290 packets received, 4527 bps, 56.58%, Err 88 (1.1e-05)
1039.542 .... 2296 packets received, 4525 bps, 56.56%, Err 89 (1.1e-05)
1042.690 .... 2302 packets received, 4523 bps, 56.53%, Err 89 (1.1e-05)
1045.884 .... 2308 packets received, 4521 bps, 56.51%, Err 90 (1.1e-05)
1049.061 .... 2314 packets received, 4519 bps, 56.48%, Err 90 (1.1e-05)
1052.239 .... 2320 packets received, 4517 bps, 56.46%, Err 90 (1.1e-05)
1055.403 .... 2326 packets received, 4515 bps, 56.44%, Err 90 (1.1e-05)
1058.571 .... 2332 packets received, 4513 bps, 56.41%, Err 90 (1.1e-05)
1061.748 .... 2338 packets received, 4511 bps, 56.39%, Err 90 (1.1e-05)
1064.927 .... 2344 packets received, 4509 bps, 56.36%, Err 90 (1.1e-05)
1068.106 .... 2350 packets received, 4507 bps, 56.34%, Err 90 (1.1e-05)
1072.865 .... 2356 packets received, 4499 bps, 56.23%, Err 91 (1.1e-05)
1074.992 .... 2364 packets received, 4505 bps, 56.31%, Err 91 (1.1e-05)
1077.353 .... 2367 packets received, 4501 bps, 56.26%, Err 91 (1.1e-05)
1080.528 .... 2373 packets received, 4499 bps, 56.24%, Err 91 (1.1e-05)
1082.645 .... 2375 packets received, 4494 bps, 56.17%, Err 92 (1.1e-05)
1084.758 .... 2383 packets received, 4500 bps, 56.25%, Err 92 (1.1e-05)
1086.870 .... 2385 packets received, 4495 bps, 56.19%, Err 93 (1.1e-05)
1090.031 .... 2391 packets received, 4494 bps, 56.17%, Err 93 (1.1e-05)
1093.189 .... 2397 packets received, 4492 bps, 56.15%, Err 94 (1.1e-05)
1095.300 .... 2399 packets received, 4487 bps, 56.09%, Err 94 (1.1e-05)
1097.413 .... 2407 packets received, 4493 bps, 56.16%, Err 94 (1.1e-05)
1099.526 .... 2409 packets received, 4488 bps, 56.10%, Err 94 (1.1e-05)
1104.285 .... 2415 packets received, 4480 bps, 56.00%, Err 95 (1.1e-05)
1106.408 .... 2423 packets received, 4486 bps, 56.08%, Err 95 (1.1e-05)
1109.042 .... 2427 packets received, 4483 bps, 56.04%, Err 95 (1.1e-05)
1112.204 .... 2433 packets received, 4481 bps, 56.02%, Err 95 (1.1e-05)
1114.315 .... 2441 packets received, 4487 bps, 56.09%, Err 95 (1.1e-05)
1116.427 .... 2449 packets received, 4494 bps, 56.17%, Err 95 (1.1e-05)
1118.537 .... 2457 packets received, 4500 bps, 56.25%, Err 95 (1.1e-05)
1120.653 .... 2465 packets received, 4506 bps, 56.32%, Err 95 (1.1e-05)
1122.762 .... 2473 packets received, 4512 bps, 56.40%, Err 95 (1.1e-05)
1124.888 .... 2481 packets received, 4518 bps, 56.48%, Err 95 (1.1e-05)
1126.999 .... 2489 packets received, 4524 bps, 56.55%, Err 95 (1.1e-05)
1129.096 .... 2497 packets received, 4530 bps, 56.63%, Err 95 (1.1e-05)
1131.208 .... 2505 packets received, 4536 bps, 56.70%, Err 95 (1.0e-05)
1133.318 .... 2513 packets received, 4542 bps, 56.78%, Err 95 (1.0e-05)
1135.446 .... 2521 packets received, 4548 bps, 56.85%, Err 95 (1.0e-05)
1137.560 .... 2529 packets received, 4554 bps, 56.93%, Err 95 (1.0e-05)
1139.677 .... 2537 packets received, 4560 bps, 57.00%, Err 95 (1.0e-05)
1141.789 .... 2545 packets received, 4566 bps, 57.08%, Err 95 (1.0e-05)
1143.901 .... 2553 packets received, 4572 bps, 57.15%, Err 95 (1.0e-05)
1146.013 .... 2561 packets received, 4578 bps, 57.22%, Err 95 (1.0e-05)
1148.114 .... 2569 packets received, 4584 bps, 57.30%, Err 95 (1.0e-05)
1150.226 .... 2571 packets received, 4579 bps, 57.24%, Err 95 (1.0e-05)
1152.331 .... 2579 packets received, 4585 bps, 57.31%, Err 95 (1.0e-05)
1154.446 .... 2587 packets received, 4591 bps, 57.38%, Err 96 (1.0e-05)
1156.559 .... 2589 packets received, 4586 bps, 57.32%, Err 96 (1.0e-05)
1160.012 .... 2596 packets received, 4584 bps, 57.30%, Err 96 (1.0e-05)
1163.181 .... 2602 packets received, 4582 bps, 57.28%, Err 96 (1.0e-05)
1166.343 .... 2608 packets received, 4581 bps, 57.26%, Err 96 (1.0e-05)
1169.505 .... 2614 packets received, 4579 bps, 57.23%, Err 96 (1.0e-05)
1172.675 .... 2620 packets received, 4577 bps, 57.21%, Err 96 (1.0e-05)
1175.855 .... 2626 packets received, 4575 bps, 57.19%, Err 96 (1.0e-05)
1179.021 .... 2632 packets received, 4573 bps, 57.16%, Err 96 (1.0e-05)
1182.198 .... 2638 packets received, 4571 bps, 57.14%, Err 96 (1.0e-05)
1185.348 .... 2644 packets received, 4569 bps, 57.12%, Err 96 (1.0e-05)
1188.515 .... 2650 packets received, 4567 bps, 57.09%, Err 96 (1.0e-05)
1191.674 .... 2656 packets received, 4566 bps, 57.07%, Err 96 (1.0e-05)
1194.860 .... 2662 packets received, 4564 bps, 57.05%, Err 96 (1.0e-05)
1198.038 .... 2668 packets received, 4562 bps, 57.02%, Err 96 (1.0e-05)
1201.217 .... 2674 packets received, 4560 bps, 57.00%, Err 96 (1.0e-05)
1204.396 .... 2680 packets received, 4558 bps, 56.98%, Err 96 (1.0e-05)
1207.575 .... 2686 packets received, 4556 bps, 56.96%, Err 96 (9.9e-06)
1210.478 .... 2691 packets received, 4554 bps, 56.92%, Err 97 (1.0e-05)
1213.653 .... 2697 packets received, 4552 bps, 56.90%, Err 97 (1.0e-05)
1216.829 .... 2703 packets received, 4550 bps, 56.88%, Err 97 (1.0e-05)
1220.006 .... 2709 packets received, 4549 bps, 56.86%, Err 97 (9.9e-06)
1223.199 .... 2715 packets received, 4547 bps, 56.84%, Err 97 (9.9e-06)
1226.362 .... 2721 packets received, 4545 bps, 56.81%, Err 97 (9.9e-06)
1229.525 .... 2727 packets received, 4543 bps, 56.79%, Err 98 (1.0e-05)
1232.718 .... 2733 packets received, 4542 bps, 56.77%, Err 98 (9.9e-06)
1235.880 .... 2739 packets received, 4540 bps, 56.75%, Err 99 (1.0e-05)
1239.052 .... 2745 packets received, 4538 bps, 56.73%, Err 99 (1.0e-05)
1242.247 .... 2751 packets received, 4536 bps, 56.71%, Err 99 (1.0e-05)
1245.397 .... 2757 packets received, 4535 bps, 56.69%, Err 100 (1.0e-05)
1248.602 .... 2763 packets received, 4533 bps, 56.66%, Err 100 (1.0e-05)
1251.780 .... 2769 packets received, 4531 bps, 56.64%, Err 100 (1.0e-05)
1256.543 .... 2775 packets received, 4524 bps, 56.55%, Err 101 (1.0e-05)
1260.266 .... 2783 packets received, 4524 bps, 56.54%, Err 101 (1.0e-05)
1263.158 .... 2788 packets received, 4521 bps, 56.52%, Err 103 (1.0e-05)
1265.791 .... 2792 packets received, 4518 bps, 56.48%, Err 104 (1.0e-05)
1269.225 .... 2799 packets received, 4517 bps, 56.47%, Err 105 (1.0e-05)
1272.926 .... 2807 packets received, 4517 bps, 56.46%, Err 105 (1.0e-05)
1276.089 .... 2813 packets received, 4516 bps, 56.45%, Err 105 (1.0e-05)
1279.265 .... 2819 packets received, 4514 bps, 56.43%, Err 105 (1.0e-05)
1282.420 .... 2825 packets received, 4512 bps, 56.41%, Err 106 (1.0e-05)
1285.596 .... 2831 packets received, 4511 bps, 56.39%, Err 106 (1.0e-05)
1288.772 .... 2837 packets received, 4509 bps, 56.37%, Err 106 (1.0e-05)
1291.930 .... 2843 packets received, 4508 bps, 56.35%, Err 106 (1.0e-05)
1294.056 .... 2851 packets received, 4513 bps, 56.41%, Err 106 (1.0e-05)
1296.151 .... 2859 packets received, 4518 bps, 56.48%, Err 106 (1.0e-05)
1299.339 .... 2865 packets received, 4517 bps, 56.46%, Err 107 (1.0e-05)
1301.453 .... 2873 packets received, 4522 bps, 56.53%, Err 107 (1.0e-05)
1303.565 .... 2881 packets received, 4527 bps, 56.59%, Err 107 (1.0e-05)
1305.677 .... 2889 packets received, 4533 bps, 56.66%, Err 107 (1.0e-05)
1307.779 .... 2897 packets received, 4538 bps, 56.72%, Err 107 (1.0e-05)
1309.889 .... 2905 packets received, 4543 bps, 56.79%, Err 107 (1.0e-05)
1312.000 .... 2913 packets received, 4548 bps, 56.85%, Err 107 (1.0e-05)
1314.118 .... 2921 packets received, 4553 bps, 56.92%, Err 107 (1.0e-05)
1316.236 .... 2929 packets received, 4558 bps, 56.98%, Err 107 (1.0e-05)
1318.347 .... 2937 packets received, 4564 bps, 57.04%, Err 107 (1.0e-05)
1320.448 .... 2945 packets received, 4569 bps, 57.11%, Err 107 (1.0e-05)
1322.562 .... 2953 packets received, 4574 bps, 57.17%, Err 107 (1.0e-05)
1324.675 .... 2961 packets received, 4579 bps, 57.24%, Err 107 (1.0e-05)
1326.772 .... 2969 packets received, 4584 bps, 57.30%, Err 107 (1.0e-05)
1328.909 .... 2977 packets received, 4589 bps, 57.36%, Err 107 (1.0e-05)
1331.017 .... 2985 packets received, 4594 bps, 57.42%, Err 107 (1.0e-05)
1333.127 .... 2993 packets received, 4599 bps, 57.49%, Err 107 (1.0e-05)
1335.224 .... 3001 packets received, 4604 bps, 57.55%, Err 107 (1.0e-05)
1337.335 .... 3009 packets received, 4609 bps, 57.61%, Err 107 (1.0e-05)
1339.447 .... 3017 packets received, 4614 bps, 57.67%, Err 107 (1.0e-05)
1341.558 .... 3025 packets received, 4619 bps, 57.74%, Err 107 (1.0e-05)
1343.691 .... 3033 packets received, 4624 bps, 57.80%, Err 107 (1.0e-05)
1345.786 .... 3041 packets received, 4629 bps, 57.86%, Err 107 (9.9e-06)
1347.896 .... 3049 packets received, 4634 bps, 57.92%, Err 107 (9.9e-06)
1350.542 .... 3053 packets received, 4631 bps, 57.88%, Err 109 (1.0e-05)
1354.246 .... 3061 packets received, 4630 bps, 57.88%, Err 109 (1.0e-05)
1357.419 .... 3067 packets received, 4628 bps, 57.85%, Err 109 (1.0e-05)
1360.593 .... 3073 packets received, 4627 bps, 57.83%, Err 109 (1.0e-05)
1363.765 .... 3079 packets received, 4625 bps, 57.81%, Err 110 (1.0e-05)
1368.518 .... 3085 packets received, 4618 bps, 57.72%, Err 111 (1.0e-05)
1370.617 .... 3093 packets received, 4623 bps, 57.78%, Err 111 (1.0e-05)
1373.259 .... 3097 packets received, 4620 bps, 57.75%, Err 111 (1.0e-05)
1376.432 .... 3103 packets received, 4618 bps, 57.72%, Err 111 (1.0e-05)
1379.608 .... 3109 packets received, 4616 bps, 57.70%, Err 112 (1.0e-05)
1382.768 .... 3115 packets received, 4615 bps, 57.68%, Err 112 (1.0e-05)
1385.947 .... 3121 packets received, 4613 bps, 57.66%, Err 112 (1.0e-05)
1389.106 .... 3127 packets received, 4611 bps, 57.64%, Err 112 (1.0e-05)
1392.281 .... 3133 packets received, 4610 bps, 57.62%, Err 112 (1.0e-05)
1395.459 .... 3139 packets received, 4608 bps, 57.60%, Err 112 (1.0e-05)
1398.625 .... 3145 packets received, 4606 bps, 57.58%, Err 112 (1.0e-05)
1401.817 .... 3151 packets received, 4604 bps, 57.56%, Err 114 (1.0e-05)
1404.995 .... 3157 packets received, 4603 bps, 57.53%, Err 114 (1.0e-05)
1408.179 .... 3163 packets received, 4601 bps, 57.51%, Err 115 (1.0e-05)
1411.376 .... 3169 packets received, 4599 bps, 57.49%, Err 115 (1.0e-05)
1414.549 .... 3175 packets received, 4598 bps, 57.47%, Err 115 (1.0e-05)
1417.738 .... 3181 packets received, 4596 bps, 57.45%, Err 115 (1.0e-05)
1420.931 .... 3187 packets received, 4594 bps, 57.43%, Err 115 (1.0e-05)
1424.110 .... 3193 packets received, 4593 bps, 57.41%, Err 115 (1.0e-05)
1427.303 .... 3199 packets received, 4591 bps, 57.39%, Err 115 (1.0e-05)
1430.466 .... 3205 packets received, 4590 bps, 57.37%, Err 115 (1.0e-05)
1433.661 .... 3211 packets received, 4588 bps, 57.35%, Err 116 (1.0e-05)
1436.855 .... 3217 packets received, 4586 bps, 57.33%, Err 116 (1.0e-05)
1440.031 .... 3223 packets received, 4585 bps, 57.31%, Err 117 (1.0e-05)
1442.131 .... 3231 packets received, 4589 bps, 57.37%, Err 117 (1.0e-05)
1444.230 .... 3239 packets received, 4594 bps, 57.43%, Err 117 (1.0e-05)
1446.359 .... 3247 packets received, 4599 bps, 57.48%, Err 117 (1.0e-05)
1448.473 .... 3255 packets received, 4603 bps, 57.54%, Err 117 (1.0e-05)
1450.588 .... 3263 packets received, 4608 bps, 57.60%, Err 117 (1.0e-05)
1452.701 .... 3271 packets received, 4612 bps, 57.65%, Err 117 (1.0e-05)
1454.815 .... 3279 packets received, 4617 bps, 57.71%, Err 117 (1.0e-05)
1456.899 .... 3287 packets received, 4622 bps, 57.77%, Err 117 (1.0e-05)
1459.029 .... 3295 packets received, 4626 bps, 57.83%, Err 117 (1.0e-05)
1462.190 .... 3301 packets received, 4624 bps, 57.81%, Err 118 (1.0e-05)
1464.318 .... 3309 packets received, 4629 bps, 57.86%, Err 118 (1.0e-05)
1466.417 .... 3317 packets received, 4633 bps, 57.92%, Err 118 (1.0e-05)
1468.514 .... 3325 packets received, 4638 bps, 57.97%, Err 118 (1.0e-05)
1471.966 .... 3332 packets received, 4637 bps, 57.96%, Err 118 (1.0e-05)
1474.611 .... 3336 packets received, 4634 bps, 57.93%, Err 119 (1.0e-05)
1478.304 .... 3344 packets received, 4634 bps, 57.92%, Err 120 (1.0e-05)
1481.479 .... 3350 packets received, 4632 bps, 57.90%, Err 121 (1.0e-05)
1484.673 .... 3356 packets received, 4630 bps, 57.88%, Err 121 (1.0e-05)
1487.833 .... 3362 packets received, 4629 bps, 57.86%, Err 121 (1.0e-05)
1491.008 .... 3368 packets received, 4627 bps, 57.84%, Err 121 (1.0e-05)
1494.186 .... 3374 packets received, 4625 bps, 57.82%, Err 121 (1.0e-05)
1497.362 .... 3380 packets received, 4624 bps, 57.80%, Err 121 (1.0e-05)
1500.535 .... 3386 packets received, 4622 bps, 57.78%, Err 122 (1.0e-05)
1503.724 .... 3392 packets received, 4621 bps, 57.76%, Err 122 (1.0e-05)
1506.367 .... 3396 packets received, 4618 bps, 57.72%, Err 124 (1.0e-05)
1508.493 .... 3398 packets received, 4614 bps, 57.68%, Err 124 (1.0e-05)
1510.605 .... 3406 packets received, 4619 bps, 57.73%, Err 124 (1.0e-05)
1512.718 .... 3408 packets received, 4615 bps, 57.69%, Err 124 (1.0e-05)
1516.424 .... 3416 packets received, 4614 bps, 57.68%, Err 125 (1.0e-05)
1519.600 .... 3422 packets received, 4613 bps, 57.66%, Err 126 (1.0e-05)
1523.296 .... 3430 packets received, 4612 bps, 57.65%, Err 126 (1.0e-05)
1525.423 .... 3438 packets received, 4617 bps, 57.71%, Err 126 (1.0e-05)
1527.534 .... 3446 packets received, 4621 bps, 57.76%, Err 126 (1.0e-05)
1529.644 .... 3454 packets received, 4625 bps, 57.82%, Err 126 (1.0e-05)
1531.757 .... 3462 packets received, 4630 bps, 57.87%, Err 127 (1.0e-05)
1533.854 .... 3470 packets received, 4634 bps, 57.93%, Err 127 (1.0e-05)
1535.964 .... 3478 packets received, 4638 bps, 57.98%, Err 127 (1.0e-05)
1538.093 .... 3486 packets received, 4643 bps, 58.03%, Err 127 (1.0e-05)
1540.192 .... 3494 packets received, 4647 bps, 58.09%, Err 127 (1.0e-05)
1542.305 .... 3502 packets received, 4651 bps, 58.14%, Err 127 (1.0e-05)
1544.417 .... 3510 packets received, 4655 bps, 58.19%, Err 127 (1.0e-05)
1546.802 .... 3513 packets received, 4652 bps, 58.15%, Err 128 (1.0e-05)
1548.915 .... 3521 packets received, 4656 bps, 58.20%, Err 128 (1.0e-05)
1551.014 .... 3529 packets received, 4661 bps, 58.26%, Err 128 (1.0e-05)
1553.128 .... 3537 packets received, 4665 bps, 58.31%, Err 128 (1.0e-05)
1555.253 .... 3545 packets received, 4669 bps, 58.36%, Err 128 (1.0e-05)
1557.364 .... 3553 packets received, 4673 bps, 58.42%, Err 128 (1.0e-05)
1559.474 .... 3561 packets received, 4677 bps, 58.47%, Err 128 (1.0e-05)
1561.584 .... 3569 packets received, 4682 bps, 58.52%, Err 128 (1.0e-05)
1563.695 .... 3577 packets received, 4686 bps, 58.57%, Err 128 (1.0e-05)
1565.822 .... 3579 packets received, 4682 bps, 58.52%, Err 128 (1.0e-05)
1568.739 .... 3584 packets received, 4680 bps, 58.50%, Err 129 (1.0e-05)
1571.931 .... 3590 packets received, 4678 bps, 58.48%, Err 131 (1.0e-05)
1575.119 .... 3596 packets received, 4676 bps, 58.46%, Err 131 (1.0e-05)
1578.309 .... 3602 packets received, 4675 bps, 58.43%, Err 131 (1.0e-05)
1581.485 .... 3608 packets received, 4673 bps, 58.41%, Err 131 (1.0e-05)
1584.679 .... 3614 packets received, 4672 bps, 58.39%, Err 131 (1.0e-05)
1587.854 .... 3620 packets received, 4670 bps, 58.37%, Err 131 (1.0e-05)
1591.031 .... 3626 packets received, 4668 bps, 58.35%, Err 132 (1.0e-05)
1594.224 .... 3632 packets received, 4667 bps, 58.33%, Err 132 (1.0e-05)
1597.386 .... 3638 packets received, 4665 bps, 58.31%, Err 132 (1.0e-05)
1600.595 .... 3644 packets received, 4663 bps, 58.29%, Err 132 (1.0e-05)
1603.759 .... 3650 packets received, 4662 bps, 58.27%, Err 132 (1.0e-05)
1606.937 .... 3656 packets received, 4660 bps, 58.25%, Err 133 (1.0e-05)
1609.049 .... 3658 packets received, 4657 bps, 58.21%, Err 134 (1.0e-05)
1612.258 .... 3664 packets received, 4655 bps, 58.19%, Err 134 (1.0e-05)
1615.406 .... 3670 packets received, 4654 bps, 58.17%, Err 134 (1.0e-05)
1618.570 .... 3676 packets received, 4652 bps, 58.15%, Err 134 (1.0e-05)
1621.764 .... 3682 packets received, 4651 bps, 58.13%, Err 134 (1.0e-05)
1624.926 .... 3688 packets received, 4649 bps, 58.11%, Err 134 (1.0e-05)
1628.074 .... 3694 packets received, 4648 bps, 58.10%, Err 135 (1.0e-05)
1630.188 .... 3696 packets received, 4644 bps, 58.05%, Err 135 (1.0e-05)
1632.304 .... 3704 packets received, 4648 bps, 58.10%, Err 135 (1.0e-05)
1634.416 .... 3706 packets received, 4645 bps, 58.06%, Err 135 (1.0e-05)
1637.595 .... 3712 packets received, 4643 bps, 58.04%, Err 136 (1.0e-05)
1639.968 .... 3715 packets received, 4640 bps, 58.00%, Err 137 (1.0e-05)
1643.131 .... 3721 packets received, 4639 bps, 57.98%, Err 137 (1.0e-05)
1645.245 .... 3729 packets received, 4643 bps, 58.03%, Err 137 (1.0e-05)
1647.358 .... 3737 packets received, 4647 bps, 58.08%, Err 137 (1.0e-05)
1649.470 .... 3745 packets received, 4651 bps, 58.13%, Err 137 (1.0e-05)
1651.585 .... 3753 packets received, 4655 bps, 58.18%, Err 137 (1.0e-05)
1653.691 .... 3761 packets received, 4659 bps, 58.23%, Err 138 (1.0e-05)
1655.805 .... 3769 packets received, 4663 bps, 58.28%, Err 138 (1.0e-05)
1657.913 .... 3777 packets received, 4667 bps, 58.33%, Err 138 (1.0e-05)
1660.296 .... 3780 packets received, 4664 bps, 58.29%, Err 138 (1.0e-05)
1662.408 .... 3788 packets received, 4667 bps, 58.34%, Err 138 (1.0e-05)
1664.497 .... 3796 packets received, 4671 bps, 58.39%, Err 138 (1.0e-05)
1667.698 .... 3802 packets received, 4670 bps, 58.37%, Err 138 (1.0e-05)
1669.811 .... 3810 packets received, 4674 bps, 58.42%, Err 138 (1.0e-05)
1671.909 .... 3818 packets received, 4678 bps, 58.47%, Err 138 (1.0e-05)
1675.342 .... 3825 packets received, 4677 bps, 58.46%, Err 139 (1.0e-05)
1677.430 .... 3833 packets received, 4681 bps, 58.51%, Err 139 (1.0e-05)
1679.575 .... 3841 packets received, 4684 bps, 58.55%, Err 139 (1.0e-05)
1681.689 .... 3843 packets received, 4681 bps, 58.51%, Err 139 (1.0e-05)
1683.807 .... 3851 packets received, 4685 bps, 58.56%, Err 139 (1.0e-05)
1687.488 .... 3859 packets received, 4684 bps, 58.55%, Err 140 (1.0e-05)
1689.606 .... 3867 packets received, 4688 bps, 58.60%, Err 140 (1.0e-05)
