./gobackn -au -port 1236 -log nau.log 
=========================================================================
                          Station A                                 
-------------------------------------------------------------------------
Protocol.lib, version 3.0, Build: Oct 19 2009 (jiangy@public3.bta.net.cn)
Channel: 8000 bps, 270 ms propagation delay, bit error rate 0
Log file "nau.log", TCP port 1236, debug mask 0x00
Station A is waiting for station B on TCP port 1236 ... Done.
New epoch: Sun Nov 22 11:41:54 2009
=========================================================================
Designed by JackalDire
3.425 .... 8 packets received, 7765 bps, 97.06%, Err 0 (0.0e+00)
5.548 .... 16 packets received, 7741 bps, 96.76%, Err 0 (0.0e+00)
7.658 .... 24 packets received, 7749 bps, 96.86%, Err 0 (0.0e+00)
9.767 .... 32 packets received, 7754 bps, 96.92%, Err 0 (0.0e+00)
11.878 .... 40 packets received, 7755 bps, 96.94%, Err 0 (0.0e+00)
13.991 .... 48 packets received, 7755 bps, 96.94%, Err 0 (0.0e+00)
16.102 .... 56 packets received, 7756 bps, 96.95%, Err 0 (0.0e+00)
18.203 .... 64 packets received, 7761 bps, 97.02%, Err 0 (0.0e+00)
20.319 .... 72 packets received, 7759 bps, 96.99%, Err 0 (0.0e+00)
22.431 .... 80 packets received, 7759 bps, 96.99%, Err 0 (0.0e+00)
24.543 .... 88 packets received, 7759 bps, 96.99%, Err 0 (0.0e+00)
26.655 .... 96 packets received, 7759 bps, 96.99%, Err 0 (0.0e+00)
28.787 .... 104 packets received, 7753 bps, 96.91%, Err 0 (0.0e+00)
30.880 .... 112 packets received, 7758 bps, 96.98%, Err 0 (0.0e+00)
32.996 .... 120 packets received, 7757 bps, 96.97%, Err 0 (0.0e+00)
35.105 .... 128 packets received, 7758 bps, 96.98%, Err 0 (0.0e+00)
37.214 .... 136 packets received, 7759 bps, 96.98%, Err 0 (0.0e+00)
39.325 .... 144 packets received, 7759 bps, 96.99%, Err 0 (0.0e+00)
41.439 .... 152 packets received, 7758 bps, 96.98%, Err 0 (0.0e+00)
43.564 .... 160 packets received, 7756 bps, 96.95%, Err 0 (0.0e+00)
45.661 .... 168 packets received, 7759 bps, 96.98%, Err 0 (0.0e+00)
47.778 .... 176 packets received, 7758 bps, 96.97%, Err 0 (0.0e+00)
49.880 .... 184 packets received, 7759 bps, 96.99%, Err 0 (0.0e+00)
52.008 .... 192 packets received, 7757 bps, 96.96%, Err 0 (0.0e+00)
54.119 .... 200 packets received, 7757 bps, 96.96%, Err 0 (0.0e+00)
56.214 .... 208 packets received, 7759 bps, 96.99%, Err 0 (0.0e+00)
58.340 .... 216 packets received, 7757 bps, 96.97%, Err 0 (0.0e+00)
60.451 .... 224 packets received, 7758 bps, 96.97%, Err 0 (0.0e+00)
62.568 .... 232 packets received, 7757 bps, 96.96%, Err 0 (0.0e+00)
64.680 .... 240 packets received, 7757 bps, 96.96%, Err 0 (0.0e+00)
66.777 .... 248 packets received, 7759 bps, 96.98%, Err 0 (0.0e+00)
68.891 .... 256 packets received, 7758 bps, 96.98%, Err 0 (0.0e+00)
71.020 .... 264 packets received, 7757 bps, 96.96%, Err 0 (0.0e+00)
73.119 .... 272 packets received, 7758 bps, 96.98%, Err 0 (0.0e+00)
75.233 .... 280 packets received, 7758 bps, 96.97%, Err 0 (0.0e+00)
77.363 .... 288 packets received, 7756 bps, 96.95%, Err 0 (0.0e+00)
79.462 .... 296 packets received, 7757 bps, 96.97%, Err 0 (0.0e+00)
81.568 .... 304 packets received, 7758 bps, 96.97%, Err 0 (0.0e+00)
83.684 .... 312 packets received, 7757 bps, 96.97%, Err 0 (0.0e+00)
85.796 .... 320 packets received, 7757 bps, 96.97%, Err 0 (0.0e+00)
87.900 .... 328 packets received, 7758 bps, 96.98%, Err 0 (0.0e+00)
90.029 .... 336 packets received, 7757 bps, 96.96%, Err 0 (0.0e+00)
92.140 .... 344 packets received, 7757 bps, 96.96%, Err 0 (0.0e+00)
94.250 .... 352 packets received, 7757 bps, 96.96%, Err 0 (0.0e+00)
96.364 .... 360 packets received, 7757 bps, 96.96%, Err 0 (0.0e+00)
98.474 .... 368 packets received, 7757 bps, 96.96%, Err 0 (0.0e+00)
100.571 .... 376 packets received, 7758 bps, 96.98%, Err 0 (0.0e+00)
104.619 .... 377 packets received, 7474 bps, 93.43%, Err 0 (0.0e+00)
108.702 .... 378 packets received, 7209 bps, 90.11%, Err 0 (0.0e+00)
112.851 .... 379 packets received, 6959 bps, 86.99%, Err 0 (0.0e+00)
116.932 .... 380 packets received, 6731 bps, 84.14%, Err 0 (0.0e+00)
120.970 .... 381 packets received, 6521 bps, 81.51%, Err 0 (0.0e+00)
125.166 .... 382 packets received, 6317 bps, 78.96%, Err 0 (0.0e+00)
129.272 .... 383 packets received, 6130 bps, 76.63%, Err 0 (0.0e+00)
133.375 .... 384 packets received, 5955 bps, 74.44%, Err 0 (0.0e+00)
137.426 .... 385 packets received, 5793 bps, 72.41%, Err 0 (0.0e+00)
141.552 .... 386 packets received, 5637 bps, 70.46%, Err 0 (0.0e+00)
145.622 .... 387 packets received, 5492 bps, 68.65%, Err 0 (0.0e+00)
149.795 .... 388 packets received, 5352 bps, 66.90%, Err 0 (0.0e+00)
153.846 .... 389 packets received, 5223 bps, 65.29%, Err 0 (0.0e+00)
157.902 .... 390 packets received, 5101 bps, 63.76%, Err 0 (0.0e+00)
162.006 .... 391 packets received, 4983 bps, 62.29%, Err 0 (0.0e+00)
166.197 .... 392 packets received, 4869 bps, 60.86%, Err 0 (0.0e+00)
170.250 .... 393 packets received, 4764 bps, 59.55%, Err 0 (0.0e+00)
174.422 .... 394 packets received, 4661 bps, 58.27%, Err 0 (0.0e+00)
178.540 .... 395 packets received, 4565 bps, 57.06%, Err 0 (0.0e+00)
182.709 .... 396 packets received, 4471 bps, 55.89%, Err 0 (0.0e+00)
186.777 .... 397 packets received, 4384 bps, 54.80%, Err 0 (0.0e+00)
190.988 .... 398 packets received, 4297 bps, 53.72%, Err 0 (0.0e+00)
195.167 .... 399 packets received, 4215 bps, 52.69%, Err 0 (0.0e+00)
199.223 .... 400 packets received, 4139 bps, 51.74%, Err 0 (0.0e+00)
201.332 .... 404 packets received, 4137 bps, 51.71%, Err 0 (0.0e+00)
203.700 .... 407 packets received, 4119 bps, 51.48%, Err 0 (0.0e+00)
206.888 .... 413 packets received, 4114 bps, 51.43%, Err 0 (0.0e+00)
210.045 .... 419 packets received, 4111 bps, 51.39%, Err 0 (0.0e+00)
213.222 .... 425 packets received, 4107 bps, 51.34%, Err 0 (0.0e+00)
216.385 .... 431 packets received, 4104 bps, 51.30%, Err 0 (0.0e+00)
219.544 .... 437 packets received, 4101 bps, 51.26%, Err 0 (0.0e+00)
221.672 .... 445 packets received, 4136 bps, 51.70%, Err 0 (0.0e+00)
223.783 .... 453 packets received, 4170 bps, 52.13%, Err 0 (0.0e+00)
225.894 .... 461 packets received, 4204 bps, 52.55%, Err 0 (0.0e+00)
228.004 .... 469 packets received, 4237 bps, 52.96%, Err 0 (0.0e+00)
230.114 .... 477 packets received, 4270 bps, 53.37%, Err 0 (0.0e+00)
232.225 .... 485 packets received, 4302 bps, 53.77%, Err 0 (0.0e+00)
234.335 .... 493 packets received, 4333 bps, 54.16%, Err 0 (0.0e+00)
236.448 .... 501 packets received, 4364 bps, 54.55%, Err 0 (0.0e+00)
238.564 .... 509 packets received, 4394 bps, 54.92%, Err 0 (0.0e+00)
240.667 .... 517 packets received, 4424 bps, 55.30%, Err 0 (0.0e+00)
242.793 .... 525 packets received, 4453 bps, 55.66%, Err 0 (0.0e+00)
244.905 .... 533 packets received, 4481 bps, 56.02%, Err 0 (0.0e+00)
247.018 .... 541 packets received, 4509 bps, 56.37%, Err 0 (0.0e+00)
249.119 .... 549 packets received, 4537 bps, 56.72%, Err 0 (0.0e+00)
251.226 .... 557 packets received, 4565 bps, 57.06%, Err 0 (0.0e+00)
253.340 .... 565 packets received, 4591 bps, 57.39%, Err 0 (0.0e+00)
255.455 .... 573 packets received, 4618 bps, 57.72%, Err 0 (0.0e+00)
257.569 .... 581 packets received, 4643 bps, 58.04%, Err 0 (0.0e+00)
259.668 .... 589 packets received, 4669 bps, 58.36%, Err 0 (0.0e+00)
261.798 .... 597 packets received, 4694 bps, 58.67%, Err 0 (0.0e+00)
263.912 .... 605 packets received, 4718 bps, 58.98%, Err 0 (0.0e+00)
266.012 .... 613 packets received, 4743 bps, 59.29%, Err 0 (0.0e+00)
268.131 .... 621 packets received, 4767 bps, 59.58%, Err 0 (0.0e+00)
270.244 .... 629 packets received, 4790 bps, 59.88%, Err 0 (0.0e+00)
272.358 .... 637 packets received, 4813 bps, 60.16%, Err 0 (0.0e+00)
274.476 .... 645 packets received, 4836 bps, 60.45%, Err 0 (0.0e+00)
276.572 .... 653 packets received, 4859 bps, 60.73%, Err 0 (0.0e+00)
278.697 .... 661 packets received, 4880 bps, 61.00%, Err 0 (0.0e+00)
280.792 .... 669 packets received, 4902 bps, 61.28%, Err 0 (0.0e+00)
282.919 .... 677 packets received, 4924 bps, 61.54%, Err 0 (0.0e+00)
285.018 .... 685 packets received, 4945 bps, 61.81%, Err 0 (0.0e+00)
287.141 .... 693 packets received, 4965 bps, 62.07%, Err 0 (0.0e+00)
289.256 .... 701 packets received, 4986 bps, 62.32%, Err 0 (0.0e+00)
291.355 .... 709 packets received, 5006 bps, 62.58%, Err 0 (0.0e+00)
293.474 .... 717 packets received, 5026 bps, 62.83%, Err 0 (0.0e+00)
295.589 .... 725 packets received, 5046 bps, 63.07%, Err 0 (0.0e+00)
297.706 .... 733 packets received, 5065 bps, 63.31%, Err 0 (0.0e+00)
299.807 .... 741 packets received, 5084 bps, 63.55%, Err 0 (0.0e+00)
304.360 .... 744 packets received, 5028 bps, 62.85%, Err 0 (0.0e+00)
308.556 .... 745 packets received, 4966 bps, 62.08%, Err 0 (0.0e+00)
312.625 .... 746 packets received, 4908 bps, 61.35%, Err 0 (0.0e+00)
316.631 .... 747 packets received, 4852 bps, 60.65%, Err 0 (0.0e+00)
320.854 .... 748 packets received, 4794 bps, 59.93%, Err 0 (0.0e+00)
325.062 .... 749 packets received, 4738 bps, 59.23%, Err 0 (0.0e+00)
329.196 .... 750 packets received, 4685 bps, 58.56%, Err 0 (0.0e+00)
333.295 .... 751 packets received, 4633 bps, 57.91%, Err 0 (0.0e+00)
337.415 .... 752 packets received, 4582 bps, 57.28%, Err 0 (0.0e+00)
341.482 .... 753 packets received, 4533 bps, 56.67%, Err 0 (0.0e+00)
345.560 .... 754 packets received, 4486 bps, 56.07%, Err 0 (0.0e+00)
349.751 .... 755 packets received, 4438 bps, 55.47%, Err 0 (0.0e+00)
353.911 .... 756 packets received, 4391 bps, 54.89%, Err 0 (0.0e+00)
358.055 .... 757 packets received, 4346 bps, 54.32%, Err 0 (0.0e+00)
362.198 .... 758 packets received, 4302 bps, 53.77%, Err 0 (0.0e+00)
366.355 .... 759 packets received, 4258 bps, 53.23%, Err 0 (0.0e+00)
370.526 .... 760 packets received, 4216 bps, 52.70%, Err 0 (0.0e+00)
374.669 .... 761 packets received, 4174 bps, 52.18%, Err 0 (0.0e+00)
378.749 .... 762 packets received, 4135 bps, 51.68%, Err 0 (0.0e+00)
382.921 .... 763 packets received, 4095 bps, 51.19%, Err 0 (0.0e+00)
387.004 .... 764 packets received, 4057 bps, 50.71%, Err 0 (0.0e+00)
391.087 .... 765 packets received, 4020 bps, 50.24%, Err 0 (0.0e+00)
395.216 .... 766 packets received, 3983 bps, 49.78%, Err 0 (0.0e+00)
399.362 .... 767 packets received, 3946 bps, 49.33%, Err 0 (0.0e+00)
401.596 .... 772 packets received, 3950 bps, 49.37%, Err 0 (0.0e+00)
403.691 .... 780 packets received, 3970 bps, 49.63%, Err 0 (0.0e+00)
405.803 .... 788 packets received, 3990 bps, 49.87%, Err 0 (0.0e+00)
407.916 .... 796 packets received, 4009 bps, 50.12%, Err 0 (0.0e+00)
410.045 .... 804 packets received, 4029 bps, 50.36%, Err 0 (0.0e+00)
412.143 .... 812 packets received, 4048 bps, 50.60%, Err 0 (0.0e+00)
414.255 .... 820 packets received, 4067 bps, 50.84%, Err 0 (0.0e+00)
416.369 .... 828 packets received, 4086 bps, 51.07%, Err 0 (0.0e+00)
418.491 .... 836 packets received, 4104 bps, 51.30%, Err 0 (0.0e+00)
420.603 .... 844 packets received, 4122 bps, 51.53%, Err 0 (0.0e+00)
422.705 .... 852 packets received, 4141 bps, 51.76%, Err 0 (0.0e+00)
424.833 .... 860 packets received, 4159 bps, 51.98%, Err 0 (0.0e+00)
426.946 .... 868 packets received, 4177 bps, 52.21%, Err 0 (0.0e+00)
429.054 .... 876 packets received, 4194 bps, 52.43%, Err 0 (0.0e+00)
431.165 .... 884 packets received, 4212 bps, 52.65%, Err 0 (0.0e+00)
433.273 .... 892 packets received, 4229 bps, 52.86%, Err 0 (0.0e+00)
435.384 .... 900 packets received, 4246 bps, 53.08%, Err 0 (0.0e+00)
437.510 .... 908 packets received, 4263 bps, 53.29%, Err 0 (0.0e+00)
439.608 .... 916 packets received, 4280 bps, 53.50%, Err 0 (0.0e+00)
441.721 .... 924 packets received, 4297 bps, 53.71%, Err 0 (0.0e+00)
443.838 .... 932 packets received, 4313 bps, 53.92%, Err 0 (0.0e+00)
445.937 .... 940 packets received, 4330 bps, 54.12%, Err 0 (0.0e+00)
448.066 .... 948 packets received, 4346 bps, 54.32%, Err 0 (0.0e+00)
450.165 .... 956 packets received, 4362 bps, 54.53%, Err 0 (0.0e+00)
452.280 .... 964 packets received, 4378 bps, 54.72%, Err 0 (0.0e+00)
454.395 .... 972 packets received, 4394 bps, 54.92%, Err 0 (0.0e+00)
456.511 .... 980 packets received, 4409 bps, 55.11%, Err 0 (0.0e+00)
458.627 .... 988 packets received, 4425 bps, 55.31%, Err 0 (0.0e+00)
460.742 .... 996 packets received, 4440 bps, 55.50%, Err 0 (0.0e+00)
462.827 .... 1004 packets received, 4455 bps, 55.69%, Err 0 (0.0e+00)
464.942 .... 1012 packets received, 4470 bps, 55.88%, Err 0 (0.0e+00)
467.058 .... 1020 packets received, 4485 bps, 56.07%, Err 0 (0.0e+00)
469.174 .... 1028 packets received, 4500 bps, 56.25%, Err 0 (0.0e+00)
471.281 .... 1036 packets received, 4515 bps, 56.43%, Err 0 (0.0e+00)
473.396 .... 1044 packets received, 4529 bps, 56.61%, Err 0 (0.0e+00)
475.512 .... 1052 packets received, 4543 bps, 56.79%, Err 0 (0.0e+00)
477.615 .... 1060 packets received, 4558 bps, 56.97%, Err 0 (0.0e+00)
479.744 .... 1068 packets received, 4572 bps, 57.15%, Err 0 (0.0e+00)
481.845 .... 1076 packets received, 4586 bps, 57.32%, Err 0 (0.0e+00)
483.946 .... 1084 packets received, 4600 bps, 57.50%, Err 0 (0.0e+00)
486.061 .... 1092 packets received, 4614 bps, 57.67%, Err 0 (0.0e+00)
488.191 .... 1100 packets received, 4627 bps, 57.84%, Err 0 (0.0e+00)
490.306 .... 1108 packets received, 4641 bps, 58.01%, Err 0 (0.0e+00)
492.422 .... 1116 packets received, 4654 bps, 58.17%, Err 0 (0.0e+00)
494.521 .... 1124 packets received, 4667 bps, 58.34%, Err 0 (0.0e+00)
496.634 .... 1132 packets received, 4680 bps, 58.51%, Err 0 (0.0e+00)
498.732 .... 1140 packets received, 4694 bps, 58.67%, Err 0 (0.0e+00)
504.664 .... 1148 packets received, 4671 bps, 58.39%, Err 0 (0.0e+00)
508.701 .... 1149 packets received, 4638 bps, 57.97%, Err 0 (0.0e+00)
512.726 .... 1150 packets received, 4605 bps, 57.57%, Err 0 (0.0e+00)
516.859 .... 1151 packets received, 4572 bps, 57.15%, Err 0 (0.0e+00)
520.932 .... 1152 packets received, 4540 bps, 56.76%, Err 0 (0.0e+00)
525.017 .... 1153 packets received, 4509 bps, 56.36%, Err 0 (0.0e+00)
529.160 .... 1154 packets received, 4477 bps, 55.97%, Err 0 (0.0e+00)
533.272 .... 1155 packets received, 4447 bps, 55.58%, Err 0 (0.0e+00)
537.309 .... 1156 packets received, 4417 bps, 55.21%, Err 0 (0.0e+00)
541.371 .... 1157 packets received, 4388 bps, 54.84%, Err 0 (0.0e+00)
545.435 .... 1158 packets received, 4359 bps, 54.48%, Err 0 (0.0e+00)
549.462 .... 1159 packets received, 4330 bps, 54.13%, Err 0 (0.0e+00)
553.604 .... 1160 packets received, 4302 bps, 53.77%, Err 0 (0.0e+00)
557.778 .... 1161 packets received, 4273 bps, 53.41%, Err 0 (0.0e+00)
561.863 .... 1162 packets received, 4245 bps, 53.07%, Err 0 (0.0e+00)
565.912 .... 1163 packets received, 4219 bps, 52.73%, Err 0 (0.0e+00)
570.035 .... 1164 packets received, 4192 bps, 52.40%, Err 0 (0.0e+00)
574.164 .... 1165 packets received, 4165 bps, 52.06%, Err 0 (0.0e+00)
578.396 .... 1166 packets received, 4138 bps, 51.73%, Err 0 (0.0e+00)
582.672 .... 1167 packets received, 4111 bps, 51.39%, Err 0 (0.0e+00)
586.844 .... 1168 packets received, 4085 bps, 51.07%, Err 0 (0.0e+00)
590.942 .... 1169 packets received, 4060 bps, 50.75%, Err 0 (0.0e+00)
595.148 .... 1170 packets received, 4035 bps, 50.44%, Err 0 (0.0e+00)
599.340 .... 1171 packets received, 4010 bps, 50.13%, Err 0 (0.0e+00)
601.343 .... 1175 packets received, 4010 bps, 50.13%, Err 0 (0.0e+00)
603.726 .... 1178 packets received, 4005 bps, 50.06%, Err 0 (0.0e+00)
606.856 .... 1184 packets received, 4004 bps, 50.06%, Err 0 (0.0e+00)
608.982 .... 1192 packets received, 4017 bps, 50.22%, Err 0 (0.0e+00)
611.111 .... 1200 packets received, 4030 bps, 50.38%, Err 0 (0.0e+00)
613.211 .... 1208 packets received, 4043 bps, 50.54%, Err 0 (0.0e+00)
615.337 .... 1216 packets received, 4056 bps, 50.70%, Err 0 (0.0e+00)
617.450 .... 1224 packets received, 4069 bps, 50.86%, Err 0 (0.0e+00)
619.548 .... 1232 packets received, 4081 bps, 51.02%, Err 0 (0.0e+00)
621.665 .... 1240 packets received, 4094 bps, 51.17%, Err 0 (0.0e+00)
623.763 .... 1248 packets received, 4106 bps, 51.33%, Err 0 (0.0e+00)
625.876 .... 1256 packets received, 4119 bps, 51.48%, Err 0 (0.0e+00)
628.001 .... 1264 packets received, 4131 bps, 51.63%, Err 0 (0.0e+00)
630.114 .... 1272 packets received, 4143 bps, 51.79%, Err 0 (0.0e+00)
632.228 .... 1280 packets received, 4155 bps, 51.94%, Err 0 (0.0e+00)
634.338 .... 1288 packets received, 4167 bps, 52.09%, Err 0 (0.0e+00)
636.450 .... 1296 packets received, 4179 bps, 52.24%, Err 0 (0.0e+00)
638.562 .... 1304 packets received, 4191 bps, 52.39%, Err 0 (0.0e+00)
640.677 .... 1312 packets received, 4203 bps, 52.53%, Err 0 (0.0e+00)
642.792 .... 1320 packets received, 4214 bps, 52.68%, Err 0 (0.0e+00)
644.907 .... 1328 packets received, 4226 bps, 52.82%, Err 0 (0.0e+00)
647.008 .... 1336 packets received, 4238 bps, 52.97%, Err 0 (0.0e+00)
649.108 .... 1344 packets received, 4249 bps, 53.11%, Err 0 (0.0e+00)
651.223 .... 1352 packets received, 4260 bps, 53.26%, Err 0 (0.0e+00)
653.354 .... 1360 packets received, 4272 bps, 53.40%, Err 0 (0.0e+00)
655.470 .... 1368 packets received, 4283 bps, 53.54%, Err 0 (0.0e+00)
657.556 .... 1376 packets received, 4294 bps, 53.68%, Err 0 (0.0e+00)
659.677 .... 1384 packets received, 4305 bps, 53.82%, Err 0 (0.0e+00)
661.805 .... 1392 packets received, 4316 bps, 53.95%, Err 0 (0.0e+00)
663.920 .... 1400 packets received, 4327 bps, 54.09%, Err 0 (0.0e+00)
666.019 .... 1408 packets received, 4338 bps, 54.23%, Err 0 (0.0e+00)
668.134 .... 1416 packets received, 4349 bps, 54.36%, Err 0 (0.0e+00)
670.235 .... 1424 packets received, 4360 bps, 54.50%, Err 0 (0.0e+00)
672.350 .... 1432 packets received, 4370 bps, 54.63%, Err 0 (0.0e+00)
674.449 .... 1440 packets received, 4381 bps, 54.76%, Err 0 (0.0e+00)
676.579 .... 1448 packets received, 4392 bps, 54.90%, Err 0 (0.0e+00)
678.678 .... 1456 packets received, 4402 bps, 55.03%, Err 0 (0.0e+00)
680.808 .... 1464 packets received, 4413 bps, 55.16%, Err 0 (0.0e+00)
682.923 .... 1472 packets received, 4423 bps, 55.29%, Err 0 (0.0e+00)
685.023 .... 1480 packets received, 4433 bps, 55.42%, Err 0 (0.0e+00)
687.138 .... 1488 packets received, 4443 bps, 55.54%, Err 0 (0.0e+00)
689.252 .... 1496 packets received, 4454 bps, 55.67%, Err 0 (0.0e+00)
691.370 .... 1504 packets received, 4464 bps, 55.80%, Err 0 (0.0e+00)
693.469 .... 1512 packets received, 4474 bps, 55.92%, Err 0 (0.0e+00)
695.573 .... 1520 packets received, 4484 bps, 56.05%, Err 0 (0.0e+00)
697.689 .... 1528 packets received, 4494 bps, 56.17%, Err 0 (0.0e+00)
699.810 .... 1536 packets received, 4504 bps, 56.29%, Err 0 (0.0e+00)
704.338 .... 1539 packets received, 4483 bps, 56.04%, Err 0 (0.0e+00)
708.361 .... 1540 packets received, 4461 bps, 55.76%, Err 0 (0.0e+00)
712.434 .... 1541 packets received, 4438 bps, 55.48%, Err 0 (0.0e+00)
716.666 .... 1542 packets received, 4415 bps, 55.18%, Err 0 (0.0e+00)
720.781 .... 1543 packets received, 4392 bps, 54.90%, Err 0 (0.0e+00)
724.846 .... 1544 packets received, 4370 bps, 54.63%, Err 0 (0.0e+00)
728.980 .... 1545 packets received, 4348 bps, 54.35%, Err 0 (0.0e+00)
733.079 .... 1546 packets received, 4327 bps, 54.09%, Err 0 (0.0e+00)
737.195 .... 1547 packets received, 4305 bps, 53.82%, Err 0 (0.0e+00)
741.309 .... 1548 packets received, 4284 bps, 53.55%, Err 0 (0.0e+00)
745.365 .... 1549 packets received, 4264 bps, 53.30%, Err 0 (0.0e+00)
749.390 .... 1550 packets received, 4243 bps, 53.04%, Err 0 (0.0e+00)
753.443 .... 1551 packets received, 4223 bps, 52.79%, Err 0 (0.0e+00)
757.588 .... 1552 packets received, 4203 bps, 52.54%, Err 0 (0.0e+00)
761.654 .... 1553 packets received, 4183 bps, 52.29%, Err 0 (0.0e+00)
765.754 .... 1554 packets received, 4163 bps, 52.04%, Err 0 (0.0e+00)
769.899 .... 1555 packets received, 4144 bps, 51.79%, Err 0 (0.0e+00)
774.073 .... 1556 packets received, 4124 bps, 51.55%, Err 0 (0.0e+00)
778.249 .... 1557 packets received, 4104 bps, 51.30%, Err 0 (0.0e+00)
782.394 .... 1558 packets received, 4085 bps, 51.06%, Err 0 (0.0e+00)
786.479 .... 1559 packets received, 4066 bps, 50.83%, Err 0 (0.0e+00)
790.519 .... 1560 packets received, 4048 bps, 50.60%, Err 0 (0.0e+00)
794.618 .... 1561 packets received, 4030 bps, 50.37%, Err 0 (0.0e+00)
798.744 .... 1562 packets received, 4012 bps, 50.15%, Err 0 (0.0e+00)
800.809 .... 1564 packets received, 4006 bps, 50.08%, Err 0 (0.0e+00)
802.920 .... 1572 packets received, 4016 bps, 50.20%, Err 0 (0.0e+00)
805.033 .... 1580 packets received, 4026 bps, 50.33%, Err 0 (0.0e+00)
807.148 .... 1588 packets received, 4036 bps, 50.45%, Err 0 (0.0e+00)
809.245 .... 1596 packets received, 4046 bps, 50.57%, Err 0 (0.0e+00)
811.371 .... 1604 packets received, 4055 bps, 50.69%, Err 0 (0.0e+00)
813.482 .... 1612 packets received, 4065 bps, 50.81%, Err 0 (0.0e+00)
815.595 .... 1620 packets received, 4074 bps, 50.93%, Err 0 (0.0e+00)
817.708 .... 1628 packets received, 4084 bps, 51.05%, Err 0 (0.0e+00)
819.822 .... 1636 packets received, 4093 bps, 51.17%, Err 0 (0.0e+00)
821.933 .... 1644 packets received, 4103 bps, 51.29%, Err 0 (0.0e+00)
824.045 .... 1652 packets received, 4112 bps, 51.40%, Err 0 (0.0e+00)
826.157 .... 1660 packets received, 4122 bps, 51.52%, Err 0 (0.0e+00)
828.269 .... 1668 packets received, 4131 bps, 51.64%, Err 0 (0.0e+00)
830.368 .... 1676 packets received, 4140 bps, 51.75%, Err 0 (0.0e+00)
832.481 .... 1684 packets received, 4149 bps, 51.87%, Err 0 (0.0e+00)
834.593 .... 1692 packets received, 4159 bps, 51.98%, Err 0 (0.0e+00)
836.708 .... 1700 packets received, 4168 bps, 52.10%, Err 0 (0.0e+00)
838.821 .... 1708 packets received, 4177 bps, 52.21%, Err 0 (0.0e+00)
840.935 .... 1716 packets received, 4186 bps, 52.32%, Err 0 (0.0e+00)
843.049 .... 1724 packets received, 4195 bps, 52.43%, Err 0 (0.0e+00)
845.164 .... 1732 packets received, 4204 bps, 52.54%, Err 0 (0.0e+00)
847.278 .... 1740 packets received, 4212 bps, 52.65%, Err 0 (0.0e+00)
849.392 .... 1748 packets received, 4221 bps, 52.77%, Err 0 (0.0e+00)
851.506 .... 1756 packets received, 4230 bps, 52.87%, Err 0 (0.0e+00)
853.619 .... 1764 packets received, 4239 bps, 52.98%, Err 0 (0.0e+00)
855.732 .... 1772 packets received, 4247 bps, 53.09%, Err 0 (0.0e+00)
857.833 .... 1780 packets received, 4256 bps, 53.20%, Err 0 (0.0e+00)
859.947 .... 1788 packets received, 4265 bps, 53.31%, Err 0 (0.0e+00)
862.060 .... 1796 packets received, 4273 bps, 53.42%, Err 0 (0.0e+00)
864.161 .... 1804 packets received, 4282 bps, 53.52%, Err 0 (0.0e+00)
866.290 .... 1812 packets received, 4290 bps, 53.63%, Err 0 (0.0e+00)
868.388 .... 1820 packets received, 4299 bps, 53.73%, Err 0 (0.0e+00)
870.501 .... 1828 packets received, 4307 bps, 53.84%, Err 0 (0.0e+00)
872.630 .... 1836 packets received, 4315 bps, 53.94%, Err 0 (0.0e+00)
874.743 .... 1844 packets received, 4324 bps, 54.05%, Err 0 (0.0e+00)
876.828 .... 1852 packets received, 4332 bps, 54.15%, Err 0 (0.0e+00)
878.959 .... 1860 packets received, 4340 bps, 54.25%, Err 0 (0.0e+00)
881.073 .... 1868 packets received, 4349 bps, 54.36%, Err 0 (0.0e+00)
883.187 .... 1876 packets received, 4357 bps, 54.46%, Err 0 (0.0e+00)
885.301 .... 1884 packets received, 4365 bps, 54.56%, Err 0 (0.0e+00)
887.414 .... 1892 packets received, 4373 bps, 54.66%, Err 0 (0.0e+00)
889.528 .... 1900 packets received, 4381 bps, 54.76%, Err 0 (0.0e+00)
891.611 .... 1908 packets received, 4389 bps, 54.86%, Err 0 (0.0e+00)
893.741 .... 1916 packets received, 4397 bps, 54.96%, Err 0 (0.0e+00)
895.839 .... 1924 packets received, 4405 bps, 55.06%, Err 0 (0.0e+00)
897.969 .... 1932 packets received, 4413 bps, 55.16%, Err 0 (0.0e+00)
900.067 .... 1940 packets received, 4421 bps, 55.26%, Err 0 (0.0e+00)
904.315 .... 1942 packets received, 4404 bps, 55.06%, Err 0 (0.0e+00)
908.335 .... 1943 packets received, 4387 bps, 54.84%, Err 0 (0.0e+00)
912.385 .... 1944 packets received, 4370 bps, 54.62%, Err 0 (0.0e+00)
916.420 .... 1945 packets received, 4353 bps, 54.41%, Err 0 (0.0e+00)
920.471 .... 1946 packets received, 4336 bps, 54.20%, Err 0 (0.0e+00)
924.580 .... 1947 packets received, 4319 bps, 53.99%, Err 0 (0.0e+00)
928.662 .... 1948 packets received, 4302 bps, 53.78%, Err 0 (0.0e+00)
932.717 .... 1949 packets received, 4286 bps, 53.57%, Err 0 (0.0e+00)
936.726 .... 1950 packets received, 4269 bps, 53.37%, Err 0 (0.0e+00)
940.839 .... 1951 packets received, 4253 bps, 53.16%, Err 0 (0.0e+00)
944.978 .... 1952 packets received, 4236 bps, 52.95%, Err 0 (0.0e+00)
949.030 .... 1953 packets received, 4220 bps, 52.76%, Err 0 (0.0e+00)
953.196 .... 1954 packets received, 4204 bps, 52.55%, Err 0 (0.0e+00)
957.265 .... 1955 packets received, 4188 bps, 52.35%, Err 0 (0.0e+00)
961.513 .... 1956 packets received, 4172 bps, 52.15%, Err 0 (0.0e+00)
965.630 .... 1957 packets received, 4156 bps, 51.95%, Err 0 (0.0e+00)
969.627 .... 1958 packets received, 4141 bps, 51.77%, Err 0 (0.0e+00)
973.702 .... 1959 packets received, 4126 bps, 51.57%, Err 0 (0.0e+00)
977.820 .... 1960 packets received, 4111 bps, 51.38%, Err 0 (0.0e+00)
981.977 .... 1961 packets received, 4095 bps, 51.19%, Err 0 (0.0e+00)
986.091 .... 1962 packets received, 4080 bps, 51.00%, Err 0 (0.0e+00)
990.161 .... 1963 packets received, 4066 bps, 50.82%, Err 0 (0.0e+00)
994.213 .... 1964 packets received, 4051 bps, 50.64%, Err 0 (0.0e+00)
998.253 .... 1965 packets received, 4037 bps, 50.46%, Err 0 (0.0e+00)
1000.546 .... 1966 packets received, 4029 bps, 50.37%, Err 0 (0.0e+00)
1002.648 .... 1974 packets received, 4037 bps, 50.47%, Err 0 (0.0e+00)
1004.772 .... 1982 packets received, 4045 bps, 50.56%, Err 0 (0.0e+00)
1006.884 .... 1990 packets received, 4053 bps, 50.66%, Err 0 (0.0e+00)
1008.981 .... 1998 packets received, 4061 bps, 50.76%, Err 0 (0.0e+00)
1011.094 .... 2006 packets received, 4069 bps, 50.86%, Err 0 (0.0e+00)
1013.206 .... 2014 packets received, 4076 bps, 50.95%, Err 0 (0.0e+00)
1015.322 .... 2022 packets received, 4084 bps, 51.05%, Err 0 (0.0e+00)
1017.439 .... 2030 packets received, 4091 bps, 51.14%, Err 0 (0.0e+00)
1019.553 .... 2038 packets received, 4099 bps, 51.24%, Err 0 (0.0e+00)
1021.671 .... 2046 packets received, 4107 bps, 51.33%, Err 0 (0.0e+00)
1023.773 .... 2054 packets received, 4114 bps, 51.43%, Err 0 (0.0e+00)
1025.886 .... 2062 packets received, 4122 bps, 51.52%, Err 0 (0.0e+00)
1028.013 .... 2070 packets received, 4129 bps, 51.61%, Err 0 (0.0e+00)
1030.113 .... 2078 packets received, 4137 bps, 51.71%, Err 0 (0.0e+00)
1032.211 .... 2086 packets received, 4144 bps, 51.80%, Err 0 (0.0e+00)
1034.322 .... 2094 packets received, 4151 bps, 51.89%, Err 0 (0.0e+00)
1036.451 .... 2102 packets received, 4159 bps, 51.98%, Err 0 (0.0e+00)
1038.563 .... 2110 packets received, 4166 bps, 52.08%, Err 0 (0.0e+00)
1040.675 .... 2118 packets received, 4173 bps, 52.17%, Err 0 (0.0e+00)
1042.788 .... 2126 packets received, 4181 bps, 52.26%, Err 0 (0.0e+00)
1044.882 .... 2134 packets received, 4188 bps, 52.35%, Err 0 (0.0e+00)
1047.001 .... 2142 packets received, 4195 bps, 52.44%, Err 0 (0.0e+00)
1049.112 .... 2150 packets received, 4202 bps, 52.53%, Err 0 (0.0e+00)
1051.239 .... 2158 packets received, 4209 bps, 52.62%, Err 0 (0.0e+00)
1053.351 .... 2166 packets received, 4217 bps, 52.71%, Err 0 (0.0e+00)
1055.463 .... 2174 packets received, 4224 bps, 52.80%, Err 0 (0.0e+00)
1057.576 .... 2182 packets received, 4231 bps, 52.88%, Err 0 (0.0e+00)
1059.681 .... 2190 packets received, 4238 bps, 52.97%, Err 0 (0.0e+00)
1061.784 .... 2198 packets received, 4245 bps, 53.06%, Err 0 (0.0e+00)
1063.889 .... 2206 packets received, 4252 bps, 53.15%, Err 0 (0.0e+00)
1066.019 .... 2214 packets received, 4259 bps, 53.23%, Err 0 (0.0e+00)
1068.139 .... 2222 packets received, 4266 bps, 53.32%, Err 0 (0.0e+00)
1070.239 .... 2230 packets received, 4273 bps, 53.41%, Err 0 (0.0e+00)
1072.339 .... 2238 packets received, 4279 bps, 53.49%, Err 0 (0.0e+00)
1074.452 .... 2246 packets received, 4286 bps, 53.58%, Err 0 (0.0e+00)
1076.567 .... 2254 packets received, 4293 bps, 53.66%, Err 0 (0.0e+00)
1078.695 .... 2262 packets received, 4300 bps, 53.75%, Err 0 (0.0e+00)
1080.792 .... 2270 packets received, 4307 bps, 53.83%, Err 0 (0.0e+00)
1082.905 .... 2278 packets received, 4313 bps, 53.92%, Err 0 (0.0e+00)
1085.019 .... 2286 packets received, 4320 bps, 54.00%, Err 0 (0.0e+00)
1087.149 .... 2294 packets received, 4327 bps, 54.08%, Err 0 (0.0e+00)
1089.234 .... 2302 packets received, 4333 bps, 54.17%, Err 0 (0.0e+00)
1091.347 .... 2310 packets received, 4340 bps, 54.25%, Err 0 (0.0e+00)
1093.462 .... 2318 packets received, 4347 bps, 54.33%, Err 0 (0.0e+00)
1095.574 .... 2326 packets received, 4353 bps, 54.42%, Err 0 (0.0e+00)
1097.702 .... 2334 packets received, 4360 bps, 54.50%, Err 0 (0.0e+00)
1099.814 .... 2342 packets received, 4366 bps, 54.58%, Err 0 (0.0e+00)
1104.351 .... 2345 packets received, 4354 bps, 54.42%, Err 0 (0.0e+00)
1108.508 .... 2346 packets received, 4339 bps, 54.24%, Err 0 (0.0e+00)
1112.549 .... 2347 packets received, 4326 bps, 54.07%, Err 0 (0.0e+00)
1116.600 .... 2348 packets received, 4312 bps, 53.90%, Err 0 (0.0e+00)
1120.685 .... 2349 packets received, 4298 bps, 53.72%, Err 0 (0.0e+00)
1124.800 .... 2350 packets received, 4284 bps, 53.55%, Err 0 (0.0e+00)
1128.824 .... 2351 packets received, 4270 bps, 53.38%, Err 0 (0.0e+00)
1133.109 .... 2352 packets received, 4256 bps, 53.20%, Err 0 (0.0e+00)
1137.283 .... 2353 packets received, 4242 bps, 53.03%, Err 0 (0.0e+00)
1141.338 .... 2354 packets received, 4229 bps, 52.86%, Err 0 (0.0e+00)
1145.482 .... 2355 packets received, 4215 bps, 52.69%, Err 0 (0.0e+00)
1149.615 .... 2356 packets received, 4202 bps, 52.52%, Err 0 (0.0e+00)
1153.715 .... 2357 packets received, 4189 bps, 52.36%, Err 0 (0.0e+00)
1157.855 .... 2358 packets received, 4176 bps, 52.19%, Err 0 (0.0e+00)
1161.960 .... 2359 packets received, 4163 bps, 52.03%, Err 0 (0.0e+00)
1166.087 .... 2360 packets received, 4150 bps, 51.87%, Err 0 (0.0e+00)
1170.137 .... 2361 packets received, 4137 bps, 51.71%, Err 0 (0.0e+00)
1174.360 .... 2362 packets received, 4124 bps, 51.55%, Err 0 (0.0e+00)
1178.412 .... 2363 packets received, 4111 bps, 51.39%, Err 0 (0.0e+00)
1182.502 .... 2364 packets received, 4099 bps, 51.24%, Err 0 (0.0e+00)
1186.550 .... 2365 packets received, 4087 bps, 51.08%, Err 0 (0.0e+00)
1190.662 .... 2366 packets received, 4074 bps, 50.93%, Err 0 (0.0e+00)
1194.669 .... 2367 packets received, 4062 bps, 50.78%, Err 0 (0.0e+00)
1198.813 .... 2368 packets received, 4050 bps, 50.62%, Err 0 (0.0e+00)
1201.074 .... 2371 packets received, 4047 bps, 50.59%, Err 0 (0.0e+00)
1203.184 .... 2379 packets received, 4054 bps, 50.67%, Err 0 (0.0e+00)
1205.297 .... 2387 packets received, 4060 bps, 50.75%, Err 0 (0.0e+00)
1207.410 .... 2395 packets received, 4067 bps, 50.84%, Err 0 (0.0e+00)
1209.524 .... 2403 packets received, 4073 bps, 50.92%, Err 0 (0.0e+00)
1211.637 .... 2411 packets received, 4080 bps, 51.00%, Err 0 (0.0e+00)
1213.748 .... 2419 packets received, 4086 bps, 51.08%, Err 0 (0.0e+00)
1215.844 .... 2427 packets received, 4093 bps, 51.16%, Err 0 (0.0e+00)
1217.957 .... 2435 packets received, 4099 bps, 51.24%, Err 0 (0.0e+00)
1220.068 .... 2443 packets received, 4105 bps, 51.32%, Err 0 (0.0e+00)
1222.177 .... 2451 packets received, 4112 bps, 51.39%, Err 0 (0.0e+00)
1224.290 .... 2459 packets received, 4118 bps, 51.47%, Err 0 (0.0e+00)
1226.404 .... 2467 packets received, 4124 bps, 51.55%, Err 0 (0.0e+00)
1228.532 .... 2475 packets received, 4130 bps, 51.63%, Err 0 (0.0e+00)
1230.647 .... 2483 packets received, 4137 bps, 51.71%, Err 0 (0.0e+00)
1232.745 .... 2491 packets received, 4143 bps, 51.78%, Err 0 (0.0e+00)
1234.872 .... 2499 packets received, 4149 bps, 51.86%, Err 0 (0.0e+00)
1236.984 .... 2507 packets received, 4155 bps, 51.94%, Err 0 (0.0e+00)
1239.087 .... 2515 packets received, 4161 bps, 52.02%, Err 0 (0.0e+00)
1241.199 .... 2523 packets received, 4167 bps, 52.09%, Err 0 (0.0e+00)
1243.313 .... 2531 packets received, 4174 bps, 52.17%, Err 0 (0.0e+00)
1245.426 .... 2539 packets received, 4180 bps, 52.24%, Err 0 (0.0e+00)
1247.526 .... 2547 packets received, 4186 bps, 52.32%, Err 0 (0.0e+00)
1249.647 .... 2555 packets received, 4192 bps, 52.40%, Err 0 (0.0e+00)
1251.742 .... 2563 packets received, 4198 bps, 52.47%, Err 0 (0.0e+00)
1253.874 .... 2571 packets received, 4204 bps, 52.55%, Err 0 (0.0e+00)
1255.971 .... 2579 packets received, 4210 bps, 52.62%, Err 0 (0.0e+00)
1258.091 .... 2587 packets received, 4216 bps, 52.70%, Err 0 (0.0e+00)
1260.202 .... 2595 packets received, 4222 bps, 52.77%, Err 0 (0.0e+00)
1262.313 .... 2603 packets received, 4228 bps, 52.84%, Err 0 (0.0e+00)
1264.427 .... 2611 packets received, 4233 bps, 52.92%, Err 0 (0.0e+00)
1266.539 .... 2619 packets received, 4239 bps, 52.99%, Err 0 (0.0e+00)
1268.658 .... 2627 packets received, 4245 bps, 53.06%, Err 0 (0.0e+00)
1270.771 .... 2635 packets received, 4251 bps, 53.14%, Err 0 (0.0e+00)
1272.868 .... 2643 packets received, 4257 bps, 53.21%, Err 0 (0.0e+00)
1274.974 .... 2651 packets received, 4263 bps, 53.28%, Err 0 (0.0e+00)
1277.088 .... 2659 packets received, 4268 bps, 53.36%, Err 0 (0.0e+00)
1279.204 .... 2667 packets received, 4274 bps, 53.43%, Err 0 (0.0e+00)
1281.333 .... 2675 packets received, 4280 bps, 53.50%, Err 0 (0.0e+00)
1283.446 .... 2683 packets received, 4286 bps, 53.57%, Err 0 (0.0e+00)
1285.560 .... 2691 packets received, 4291 bps, 53.64%, Err 0 (0.0e+00)
1287.660 .... 2699 packets received, 4297 bps, 53.71%, Err 0 (0.0e+00)
1289.772 .... 2707 packets received, 4303 bps, 53.78%, Err 0 (0.0e+00)
1291.885 .... 2715 packets received, 4308 bps, 53.86%, Err 0 (0.0e+00)
1293.984 .... 2723 packets received, 4314 bps, 53.93%, Err 0 (0.0e+00)
1296.114 .... 2731 packets received, 4320 bps, 54.00%, Err 0 (0.0e+00)
1298.230 .... 2739 packets received, 4325 bps, 54.07%, Err 0 (0.0e+00)
1300.344 .... 2747 packets received, 4331 bps, 54.14%, Err 0 (0.0e+00)
1304.552 .... 2749 packets received, 4320 bps, 54.00%, Err 0 (0.0e+00)
1308.662 .... 2750 packets received, 4308 bps, 53.85%, Err 0 (0.0e+00)
1312.787 .... 2751 packets received, 4296 bps, 53.70%, Err 0 (0.0e+00)
1316.863 .... 2752 packets received, 4284 bps, 53.55%, Err 0 (0.0e+00)
1321.055 .... 2753 packets received, 4272 bps, 53.40%, Err 0 (0.0e+00)
1325.215 .... 2754 packets received, 4260 bps, 53.25%, Err 0 (0.0e+00)
1329.339 .... 2755 packets received, 4249 bps, 53.11%, Err 0 (0.0e+00)
1333.396 .... 2756 packets received, 4237 bps, 52.96%, Err 0 (0.0e+00)
1337.463 .... 2757 packets received, 4226 bps, 52.82%, Err 0 (0.0e+00)
1341.509 .... 2758 packets received, 4215 bps, 52.68%, Err 0 (0.0e+00)
1345.578 .... 2759 packets received, 4203 bps, 52.54%, Err 0 (0.0e+00)
1349.642 .... 2760 packets received, 4192 bps, 52.40%, Err 0 (0.0e+00)
1353.731 .... 2761 packets received, 4181 bps, 52.26%, Err 0 (0.0e+00)
1357.834 .... 2762 packets received, 4170 bps, 52.12%, Err 0 (0.0e+00)
1362.001 .... 2763 packets received, 4159 bps, 51.98%, Err 0 (0.0e+00)
1366.187 .... 2764 packets received, 4147 bps, 51.84%, Err 0 (0.0e+00)
1370.280 .... 2765 packets received, 4136 bps, 51.71%, Err 0 (0.0e+00)
1374.469 .... 2766 packets received, 4125 bps, 51.57%, Err 0 (0.0e+00)
1378.597 .... 2767 packets received, 4114 bps, 51.43%, Err 0 (0.0e+00)
1382.669 .... 2768 packets received, 4104 bps, 51.30%, Err 0 (0.0e+00)
1386.815 .... 2769 packets received, 4093 bps, 51.16%, Err 0 (0.0e+00)
1390.966 .... 2770 packets received, 4082 bps, 51.03%, Err 0 (0.0e+00)
1395.127 .... 2771 packets received, 4072 bps, 50.89%, Err 0 (0.0e+00)
1399.244 .... 2772 packets received, 4061 bps, 50.76%, Err 0 (0.0e+00)
1401.325 .... 2776 packets received, 4061 bps, 50.76%, Err 0 (0.0e+00)
1403.710 .... 2779 packets received, 4058 bps, 50.73%, Err 0 (0.0e+00)
1406.873 .... 2785 packets received, 4058 bps, 50.72%, Err 0 (0.0e+00)
1410.049 .... 2791 packets received, 4058 bps, 50.72%, Err 0 (0.0e+00)
1413.220 .... 2797 packets received, 4057 bps, 50.71%, Err 0 (0.0e+00)
1416.384 .... 2803 packets received, 4057 bps, 50.71%, Err 0 (0.0e+00)
1418.486 .... 2811 packets received, 4062 bps, 50.78%, Err 0 (0.0e+00)
1420.614 .... 2819 packets received, 4068 bps, 50.85%, Err 0 (0.0e+00)
1422.711 .... 2827 packets received, 4073 bps, 50.92%, Err 0 (0.0e+00)
1424.837 .... 2835 packets received, 4079 bps, 50.98%, Err 0 (0.0e+00)
1426.948 .... 2843 packets received, 4084 bps, 51.05%, Err 0 (0.0e+00)
1429.053 .... 2851 packets received, 4090 bps, 51.12%, Err 0 (0.0e+00)
1431.151 .... 2859 packets received, 4095 bps, 51.19%, Err 0 (0.0e+00)
1433.282 .... 2867 packets received, 4100 bps, 51.25%, Err 0 (0.0e+00)
1435.382 .... 2875 packets received, 4106 bps, 51.32%, Err 0 (0.0e+00)
1437.498 .... 2883 packets received, 4111 bps, 51.39%, Err 0 (0.0e+00)
1439.598 .... 2891 packets received, 4117 bps, 51.46%, Err 0 (0.0e+00)
1441.724 .... 2899 packets received, 4122 bps, 51.52%, Err 0 (0.0e+00)
1443.835 .... 2907 packets received, 4127 bps, 51.59%, Err 0 (0.0e+00)
1445.946 .... 2915 packets received, 4132 bps, 51.66%, Err 0 (0.0e+00)
1448.057 .... 2923 packets received, 4138 bps, 51.72%, Err 0 (0.0e+00)
1450.176 .... 2931 packets received, 4143 bps, 51.79%, Err 0 (0.0e+00)
1452.290 .... 2939 packets received, 4148 bps, 51.85%, Err 0 (0.0e+00)
1454.388 .... 2947 packets received, 4154 bps, 51.92%, Err 0 (0.0e+00)
1456.501 .... 2955 packets received, 4159 bps, 51.99%, Err 0 (0.0e+00)
1458.615 .... 2963 packets received, 4164 bps, 52.05%, Err 0 (0.0e+00)
1460.731 .... 2971 packets received, 4169 bps, 52.12%, Err 0 (0.0e+00)
1462.844 .... 2979 packets received, 4174 bps, 52.18%, Err 0 (0.0e+00)
1464.960 .... 2987 packets received, 4180 bps, 52.24%, Err 0 (0.0e+00)
1467.058 .... 2995 packets received, 4185 bps, 52.31%, Err 0 (0.0e+00)
1469.172 .... 3003 packets received, 4190 bps, 52.37%, Err 0 (0.0e+00)
1471.300 .... 3011 packets received, 4195 bps, 52.44%, Err 0 (0.0e+00)
1473.399 .... 3019 packets received, 4200 bps, 52.50%, Err 0 (0.0e+00)
1475.513 .... 3027 packets received, 4205 bps, 52.56%, Err 0 (0.0e+00)
1477.641 .... 3035 packets received, 4210 bps, 52.63%, Err 0 (0.0e+00)
1479.755 .... 3043 packets received, 4215 bps, 52.69%, Err 0 (0.0e+00)
1481.839 .... 3051 packets received, 4220 bps, 52.76%, Err 0 (0.0e+00)
1483.953 .... 3059 packets received, 4225 bps, 52.82%, Err 0 (0.0e+00)
1486.083 .... 3067 packets received, 4230 bps, 52.88%, Err 0 (0.0e+00)
1488.196 .... 3075 packets received, 4235 bps, 52.94%, Err 0 (0.0e+00)
1490.293 .... 3083 packets received, 4240 bps, 53.01%, Err 0 (0.0e+00)
1492.421 .... 3091 packets received, 4245 bps, 53.07%, Err 0 (0.0e+00)
1494.533 .... 3099 packets received, 4250 bps, 53.13%, Err 0 (0.0e+00)
1496.631 .... 3107 packets received, 4255 bps, 53.19%, Err 0 (0.0e+00)
1498.743 .... 3115 packets received, 4260 bps, 53.25%, Err 0 (0.0e+00)
1504.420 .... 3122 packets received, 4254 bps, 53.17%, Err 0 (0.0e+00)
1508.476 .... 3123 packets received, 4244 bps, 53.05%, Err 0 (0.0e+00)
1512.697 .... 3124 packets received, 4233 bps, 52.91%, Err 0 (0.0e+00)
1516.755 .... 3125 packets received, 4223 bps, 52.79%, Err 0 (0.0e+00)
1520.772 .... 3126 packets received, 4213 bps, 52.67%, Err 0 (0.0e+00)
1524.902 .... 3127 packets received, 4203 bps, 52.54%, Err 0 (0.0e+00)
1528.922 .... 3128 packets received, 4194 bps, 52.42%, Err 0 (0.0e+00)
1533.037 .... 3129 packets received, 4184 bps, 52.30%, Err 0 (0.0e+00)
1537.223 .... 3130 packets received, 4174 bps, 52.17%, Err 0 (0.0e+00)
1541.424 .... 3131 packets received, 4164 bps, 52.04%, Err 0 (0.0e+00)
1545.538 .... 3132 packets received, 4154 bps, 51.92%, Err 0 (0.0e+00)
1549.614 .... 3133 packets received, 4144 bps, 51.80%, Err 0 (0.0e+00)
1553.722 .... 3134 packets received, 4135 bps, 51.68%, Err 0 (0.0e+00)
1557.774 .... 3135 packets received, 4125 bps, 51.56%, Err 0 (0.0e+00)
1561.876 .... 3136 packets received, 4116 bps, 51.44%, Err 0 (0.0e+00)
1565.936 .... 3137 packets received, 4106 bps, 51.33%, Err 0 (0.0e+00)
1570.076 .... 3138 packets received, 4097 bps, 51.21%, Err 0 (0.0e+00)
1574.173 .... 3139 packets received, 4087 bps, 51.09%, Err 0 (0.0e+00)
1578.316 .... 3140 packets received, 4078 bps, 50.97%, Err 0 (0.0e+00)
1582.432 .... 3141 packets received, 4068 bps, 50.86%, Err 0 (0.0e+00)
1586.568 .... 3142 packets received, 4059 bps, 50.74%, Err 0 (0.0e+00)
1590.589 .... 3143 packets received, 4050 bps, 50.63%, Err 0 (0.0e+00)
1594.729 .... 3144 packets received, 4041 bps, 50.51%, Err 0 (0.0e+00)
1598.903 .... 3145 packets received, 4032 bps, 50.40%, Err 0 (0.0e+00)
1601.088 .... 3148 packets received, 4030 bps, 50.38%, Err 0 (0.0e+00)
1603.197 .... 3156 packets received, 4035 bps, 50.44%, Err 0 (0.0e+00)
1605.305 .... 3164 packets received, 4040 bps, 50.50%, Err 0 (0.0e+00)
1607.414 .... 3172 packets received, 4045 bps, 50.56%, Err 0 (0.0e+00)
1609.523 .... 3180 packets received, 4050 bps, 50.62%, Err 0 (0.0e+00)
1611.632 .... 3188 packets received, 4054 bps, 50.68%, Err 0 (0.0e+00)
1613.743 .... 3196 packets received, 4059 bps, 50.74%, Err 0 (0.0e+00)
1615.853 .... 3204 packets received, 4064 bps, 50.80%, Err 0 (0.0e+00)
1617.950 .... 3212 packets received, 4069 bps, 50.86%, Err 0 (0.0e+00)
1620.077 .... 3220 packets received, 4074 bps, 50.92%, Err 0 (0.0e+00)
1622.192 .... 3228 packets received, 4079 bps, 50.98%, Err 0 (0.0e+00)
1624.301 .... 3236 packets received, 4083 bps, 51.04%, Err 0 (0.0e+00)
1626.429 .... 3244 packets received, 4088 bps, 51.10%, Err 0 (0.0e+00)
1628.541 .... 3252 packets received, 4093 bps, 51.16%, Err 0 (0.0e+00)
1630.653 .... 3260 packets received, 4098 bps, 51.22%, Err 0 (0.0e+00)
1632.750 .... 3268 packets received, 4102 bps, 51.28%, Err 0 (0.0e+00)
1634.876 .... 3276 packets received, 4107 bps, 51.34%, Err 0 (0.0e+00)
1636.992 .... 3284 packets received, 4112 bps, 51.40%, Err 0 (0.0e+00)
1639.092 .... 3292 packets received, 4117 bps, 51.46%, Err 0 (0.0e+00)
1641.205 .... 3300 packets received, 4121 bps, 51.52%, Err 0 (0.0e+00)
1643.303 .... 3308 packets received, 4126 bps, 51.57%, Err 0 (0.0e+00)
1645.416 .... 3316 packets received, 4131 bps, 51.63%, Err 0 (0.0e+00)
1647.532 .... 3324 packets received, 4135 bps, 51.69%, Err 0 (0.0e+00)
1649.649 .... 3332 packets received, 4140 bps, 51.75%, Err 0 (0.0e+00)
1651.768 .... 3340 packets received, 4145 bps, 51.81%, Err 0 (0.0e+00)
1653.887 .... 3348 packets received, 4149 bps, 51.86%, Err 0 (0.0e+00)
1656.000 .... 3356 packets received, 4154 bps, 51.92%, Err 0 (0.0e+00)
1658.114 .... 3364 packets received, 4158 bps, 51.98%, Err 0 (0.0e+00)
1660.213 .... 3372 packets received, 4163 bps, 52.04%, Err 0 (0.0e+00)
1662.326 .... 3380 packets received, 4167 bps, 52.09%, Err 0 (0.0e+00)
1664.440 .... 3388 packets received, 4172 bps, 52.15%, Err 0 (0.0e+00)
1666.556 .... 3396 packets received, 4177 bps, 52.21%, Err 0 (0.0e+00)
1668.668 .... 3404 packets received, 4181 bps, 52.26%, Err 0 (0.0e+00)
1670.782 .... 3412 packets received, 4186 bps, 52.32%, Err 0 (0.0e+00)
1672.882 .... 3420 packets received, 4190 bps, 52.38%, Err 0 (0.0e+00)
1674.996 .... 3428 packets received, 4195 bps, 52.43%, Err 0 (0.0e+00)
1677.109 .... 3436 packets received, 4199 bps, 52.49%, Err 0 (0.0e+00)
1679.223 .... 3444 packets received, 4204 bps, 52.55%, Err 0 (0.0e+00)
1681.336 .... 3452 packets received, 4208 bps, 52.60%, Err 0 (0.0e+00)
1683.451 .... 3460 packets received, 4213 bps, 52.66%, Err 0 (0.0e+00)
1685.549 .... 3468 packets received, 4217 bps, 52.71%, Err 0 (0.0e+00)
1687.678 .... 3476 packets received, 4221 bps, 52.77%, Err 0 (0.0e+00)
1689.777 .... 3484 packets received, 4226 bps, 52.82%, Err 0 (0.0e+00)
1691.907 .... 3492 packets received, 4230 bps, 52.88%, Err 0 (0.0e+00)
1693.990 .... 3500 packets received, 4235 bps, 52.93%, Err 0 (0.0e+00)
1696.104 .... 3508 packets received, 4239 bps, 52.99%, Err 0 (0.0e+00)
1698.234 .... 3516 packets received, 4243 bps, 53.04%, Err 0 (0.0e+00)
1700.347 .... 3524 packets received, 4248 bps, 53.10%, Err 0 (0.0e+00)
1704.276 .... 3525 packets received, 4239 bps, 52.99%, Err 0 (0.0e+00)
1708.417 .... 3526 packets received, 4230 bps, 52.88%, Err 0 (0.0e+00)
1712.585 .... 3527 packets received, 4221 bps, 52.76%, Err 0 (0.0e+00)
1716.681 .... 3528 packets received, 4212 bps, 52.65%, Err 0 (0.0e+00)
1720.792 .... 3529 packets received, 4203 bps, 52.54%, Err 0 (0.0e+00)
1724.828 .... 3530 packets received, 4195 bps, 52.43%, Err 0 (0.0e+00)
1728.939 .... 3531 packets received, 4186 bps, 52.32%, Err 0 (0.0e+00)
1733.052 .... 3532 packets received, 4177 bps, 52.21%, Err 0 (0.0e+00)
1737.208 .... 3533 packets received, 4168 bps, 52.10%, Err 0 (0.0e+00)
1741.277 .... 3534 packets received, 4160 bps, 52.00%, Err 0 (0.0e+00)
1745.453 .... 3535 packets received, 4151 bps, 51.89%, Err 0 (0.0e+00)
1749.552 .... 3536 packets received, 4142 bps, 51.78%, Err 0 (0.0e+00)
1753.679 .... 3537 packets received, 4134 bps, 51.67%, Err 0 (0.0e+00)
1757.772 .... 3538 packets received, 4125 bps, 51.57%, Err 0 (0.0e+00)
1761.883 .... 3539 packets received, 4117 bps, 51.46%, Err 0 (0.0e+00)
1766.024 .... 3540 packets received, 4108 bps, 51.35%, Err 0 (0.0e+00)
1770.195 .... 3541 packets received, 4100 bps, 51.25%, Err 0 (0.0e+00)
1774.383 .... 3542 packets received, 4091 bps, 51.14%, Err 0 (0.0e+00)
1778.462 .... 3543 packets received, 4083 bps, 51.04%, Err 0 (0.0e+00)
1782.667 .... 3544 packets received, 4074 bps, 50.93%, Err 0 (0.0e+00)
1786.765 .... 3545 packets received, 4066 bps, 50.83%, Err 0 (0.0e+00)
1790.911 .... 3546 packets received, 4058 bps, 50.73%, Err 0 (0.0e+00)
1794.994 .... 3547 packets received, 4050 bps, 50.62%, Err 0 (0.0e+00)
1799.016 .... 3548 packets received, 4042 bps, 50.52%, Err 0 (0.0e+00)
1801.080 .... 3551 packets received, 4041 bps, 50.51%, Err 0 (0.0e+00)
1803.190 .... 3559 packets received, 4045 bps, 50.56%, Err 0 (0.0e+00)
1805.302 .... 3567 packets received, 4049 bps, 50.62%, Err 0 (0.0e+00)
1807.399 .... 3575 packets received, 4054 bps, 50.67%, Err 0 (0.0e+00)
1809.511 .... 3583 packets received, 4058 bps, 50.73%, Err 0 (0.0e+00)
1811.624 .... 3591 packets received, 4062 bps, 50.78%, Err 0 (0.0e+00)
1813.736 .... 3599 packets received, 4067 bps, 50.83%, Err 0 (0.0e+00)
1815.846 .... 3607 packets received, 4071 bps, 50.89%, Err 0 (0.0e+00)
1817.957 .... 3615 packets received, 4075 bps, 50.94%, Err 0 (0.0e+00)
1820.069 .... 3623 packets received, 4080 bps, 51.00%, Err 0 (0.0e+00)
1822.182 .... 3631 packets received, 4084 bps, 51.05%, Err 0 (0.0e+00)
1824.310 .... 3639 packets received, 4088 bps, 51.10%, Err 0 (0.0e+00)
1826.408 .... 3647 packets received, 4092 bps, 51.16%, Err 0 (0.0e+00)
1828.534 .... 3655 packets received, 4097 bps, 51.21%, Err 0 (0.0e+00)
1830.645 .... 3663 packets received, 4101 bps, 51.26%, Err 0 (0.0e+00)
1832.756 .... 3671 packets received, 4105 bps, 51.31%, Err 0 (0.0e+00)
1834.866 .... 3679 packets received, 4109 bps, 51.37%, Err 0 (0.0e+00)
1836.962 .... 3687 packets received, 4114 bps, 51.42%, Err 0 (0.0e+00)
1839.074 .... 3695 packets received, 4118 bps, 51.47%, Err 0 (0.0e+00)
1841.186 .... 3703 packets received, 4122 bps, 51.52%, Err 0 (0.0e+00)
1843.299 .... 3711 packets received, 4126 bps, 51.58%, Err 0 (0.0e+00)
1845.413 .... 3719 packets received, 4130 bps, 51.63%, Err 0 (0.0e+00)
1847.542 .... 3727 packets received, 4134 bps, 51.68%, Err 0 (0.0e+00)
1849.654 .... 3735 packets received, 4138 bps, 51.73%, Err 0 (0.0e+00)
1851.753 .... 3743 packets received, 4143 bps, 51.78%, Err 0 (0.0e+00)
1853.866 .... 3751 packets received, 4147 bps, 51.83%, Err 0 (0.0e+00)
1855.980 .... 3759 packets received, 4151 bps, 51.89%, Err 0 (0.0e+00)
1858.079 .... 3767 packets received, 4155 bps, 51.94%, Err 0 (0.0e+00)
1860.209 .... 3775 packets received, 4159 bps, 51.99%, Err 0 (0.0e+00)
1862.323 .... 3783 packets received, 4163 bps, 52.04%, Err 0 (0.0e+00)
1864.433 .... 3791 packets received, 4167 bps, 52.09%, Err 0 (0.0e+00)
1866.543 .... 3799 packets received, 4171 bps, 52.14%, Err 0 (0.0e+00)
1868.657 .... 3807 packets received, 4175 bps, 52.19%, Err 0 (0.0e+00)
1870.770 .... 3815 packets received, 4179 bps, 52.24%, Err 0 (0.0e+00)
1872.867 .... 3823 packets received, 4183 bps, 52.29%, Err 0 (0.0e+00)
1874.980 .... 3831 packets received, 4187 bps, 52.34%, Err 0 (0.0e+00)
1877.091 .... 3839 packets received, 4191 bps, 52.39%, Err 0 (0.0e+00)
1879.219 .... 3847 packets received, 4195 bps, 52.44%, Err 0 (0.0e+00)
1881.316 .... 3855 packets received, 4199 bps, 52.49%, Err 0 (0.0e+00)
1883.446 .... 3863 packets received, 4203 bps, 52.54%, Err 0 (0.0e+00)
1885.560 .... 3871 packets received, 4207 bps, 52.59%, Err 0 (0.0e+00)
1887.673 .... 3879 packets received, 4211 bps, 52.64%, Err 0 (0.0e+00)
1889.785 .... 3887 packets received, 4215 bps, 52.69%, Err 0 (0.0e+00)
1891.898 .... 3895 packets received, 4219 bps, 52.74%, Err 0 (0.0e+00)
1893.992 .... 3903 packets received, 4223 bps, 52.79%, Err 0 (0.0e+00)
1896.107 .... 3911 packets received, 4227 bps, 52.84%, Err 0 (0.0e+00)
1898.222 .... 3919 packets received, 4231 bps, 52.89%, Err 0 (0.0e+00)
1900.326 .... 3927 packets received, 4235 bps, 52.94%, Err 0 (0.0e+00)
1904.304 .... 3928 packets received, 4227 bps, 52.84%, Err 0 (0.0e+00)
1908.415 .... 3929 packets received, 4219 bps, 52.74%, Err 0 (0.0e+00)
1912.529 .... 3930 packets received, 4211 bps, 52.64%, Err 0 (0.0e+00)
1916.585 .... 3931 packets received, 4203 bps, 52.54%, Err 0 (0.0e+00)
1920.772 .... 3932 packets received, 4195 bps, 52.44%, Err 0 (0.0e+00)
1924.900 .... 3933 packets received, 4187 bps, 52.34%, Err 0 (0.0e+00)
1928.988 .... 3934 packets received, 4180 bps, 52.24%, Err 0 (0.0e+00)
1933.072 .... 3935 packets received, 4172 bps, 52.15%, Err 0 (0.0e+00)
1937.103 .... 3936 packets received, 4164 bps, 52.05%, Err 0 (0.0e+00)
1941.293 .... 3937 packets received, 4156 bps, 51.95%, Err 0 (0.0e+00)
1945.420 .... 3938 packets received, 4148 bps, 51.86%, Err 0 (0.0e+00)
1949.575 .... 3939 packets received, 4141 bps, 51.76%, Err 0 (0.0e+00)
1953.723 .... 3940 packets received, 4133 bps, 51.66%, Err 0 (0.0e+00)
1957.786 .... 3941 packets received, 4125 bps, 51.57%, Err 0 (0.0e+00)
1961.911 .... 3942 packets received, 4118 bps, 51.47%, Err 0 (0.0e+00)
1966.174 .... 3943 packets received, 4110 bps, 51.37%, Err 0 (0.0e+00)
1970.424 .... 3944 packets received, 4102 bps, 51.28%, Err 0 (0.0e+00)
1974.444 .... 3945 packets received, 4095 bps, 51.18%, Err 0 (0.0e+00)
1978.645 .... 3946 packets received, 4087 bps, 51.09%, Err 0 (0.0e+00)
1982.715 .... 3947 packets received, 4080 bps, 51.00%, Err 0 (0.0e+00)
1986.857 .... 3948 packets received, 4072 bps, 50.90%, Err 0 (0.0e+00)
1990.943 .... 3949 packets received, 4065 bps, 50.81%, Err 0 (0.0e+00)
1995.145 .... 3950 packets received, 4057 bps, 50.72%, Err 0 (0.0e+00)
1999.210 .... 3951 packets received, 4050 bps, 50.63%, Err 0 (0.0e+00)
2001.353 .... 3955 packets received, 4050 bps, 50.62%, Err 0 (0.0e+00)
2003.450 .... 3963 packets received, 4054 bps, 50.67%, Err 0 (0.0e+00)
2005.563 .... 3971 packets received, 4058 bps, 50.72%, Err 0 (0.0e+00)
2007.674 .... 3979 packets received, 4062 bps, 50.77%, Err 0 (0.0e+00)
2009.786 .... 3987 packets received, 4065 bps, 50.82%, Err 0 (0.0e+00)
2011.896 .... 3995 packets received, 4069 bps, 50.87%, Err 0 (0.0e+00)
2014.007 .... 4003 packets received, 4073 bps, 50.92%, Err 0 (0.0e+00)
2016.135 .... 4011 packets received, 4077 bps, 50.96%, Err 0 (0.0e+00)
2018.231 .... 4019 packets received, 4081 bps, 51.01%, Err 0 (0.0e+00)
2020.344 .... 4027 packets received, 4085 bps, 51.06%, Err 0 (0.0e+00)
2022.454 .... 4035 packets received, 4089 bps, 51.11%, Err 0 (0.0e+00)
2024.567 .... 4043 packets received, 4092 bps, 51.16%, Err 0 (0.0e+00)
2026.692 .... 4051 packets received, 4096 bps, 51.20%, Err 0 (0.0e+00)
2028.787 .... 4059 packets received, 4100 bps, 51.25%, Err 0 (0.0e+00)
2030.901 .... 4067 packets received, 4104 bps, 51.30%, Err 0 (0.0e+00)
2033.016 .... 4075 packets received, 4108 bps, 51.35%, Err 0 (0.0e+00)
2035.126 .... 4083 packets received, 4111 bps, 51.39%, Err 0 (0.0e+00)
2037.243 .... 4091 packets received, 4115 bps, 51.44%, Err 0 (0.0e+00)
2039.355 .... 4099 packets received, 4119 bps, 51.49%, Err 0 (0.0e+00)
2041.465 .... 4107 packets received, 4123 bps, 51.54%, Err 0 (0.0e+00)
2043.576 .... 4115 packets received, 4127 bps, 51.58%, Err 0 (0.0e+00)
2045.703 .... 4123 packets received, 4130 bps, 51.63%, Err 0 (0.0e+00)
2047.815 .... 4131 packets received, 4134 bps, 51.68%, Err 0 (0.0e+00)
2049.910 .... 4139 packets received, 4138 bps, 51.72%, Err 0 (0.0e+00)
2052.039 .... 4147 packets received, 4141 bps, 51.77%, Err 0 (0.0e+00)
2054.151 .... 4155 packets received, 4145 bps, 51.82%, Err 0 (0.0e+00)
2056.249 .... 4163 packets received, 4149 bps, 51.86%, Err 0 (0.0e+00)
2058.376 .... 4171 packets received, 4153 bps, 51.91%, Err 0 (0.0e+00)
2060.487 .... 4179 packets received, 4156 bps, 51.95%, Err 0 (0.0e+00)
2062.598 .... 4187 packets received, 4160 bps, 52.00%, Err 0 (0.0e+00)
2064.714 .... 4195 packets received, 4164 bps, 52.05%, Err 0 (0.0e+00)
2066.826 .... 4203 packets received, 4167 bps, 52.09%, Err 0 (0.0e+00)
2068.938 .... 4211 packets received, 4171 bps, 52.14%, Err 0 (0.0e+00)
2071.035 .... 4219 packets received, 4175 bps, 52.18%, Err 0 (0.0e+00)
2073.161 .... 4227 packets received, 4178 bps, 52.23%, Err 0 (0.0e+00)
2075.257 .... 4235 packets received, 4182 bps, 52.28%, Err 0 (0.0e+00)
2077.369 .... 4243 packets received, 4186 bps, 52.32%, Err 0 (0.0e+00)
2079.481 .... 4251 packets received, 4189 bps, 52.37%, Err 0 (0.0e+00)
2081.594 .... 4259 packets received, 4193 bps, 52.41%, Err 0 (0.0e+00)
2083.721 .... 4267 packets received, 4196 bps, 52.46%, Err 0 (0.0e+00)
2085.832 .... 4275 packets received, 4200 bps, 52.50%, Err 0 (0.0e+00)
2087.944 .... 4283 packets received, 4204 bps, 52.55%, Err 0 (0.0e+00)
2090.056 .... 4291 packets received, 4207 bps, 52.59%, Err 0 (0.0e+00)
2092.142 .... 4299 packets received, 4211 bps, 52.64%, Err 0 (0.0e+00)
2094.254 .... 4307 packets received, 4215 bps, 52.68%, Err 0 (0.0e+00)
2096.379 .... 4315 packets received, 4218 bps, 52.73%, Err 0 (0.0e+00)
2098.505 .... 4323 packets received, 4222 bps, 52.77%, Err 0 (0.0e+00)
2104.319 .... 4331 packets received, 4218 bps, 52.72%, Err 0 (0.0e+00)
2108.402 .... 4332 packets received, 4211 bps, 52.63%, Err 0 (0.0e+00)
2112.484 .... 4333 packets received, 4203 bps, 52.54%, Err 0 (0.0e+00)
2116.593 .... 4334 packets received, 4196 bps, 52.45%, Err 0 (0.0e+00)
2120.736 .... 4335 packets received, 4189 bps, 52.36%, Err 0 (0.0e+00)
2124.831 .... 4336 packets received, 4182 bps, 52.27%, Err 0 (0.0e+00)
2128.876 .... 4337 packets received, 4175 bps, 52.19%, Err 0 (0.0e+00)
2132.991 .... 4338 packets received, 4168 bps, 52.10%, Err 0 (0.0e+00)
2137.115 .... 4339 packets received, 4161 bps, 52.01%, Err 0 (0.0e+00)
2141.136 .... 4340 packets received, 4154 bps, 51.92%, Err 0 (0.0e+00)
2145.280 .... 4341 packets received, 4147 bps, 51.83%, Err 0 (0.0e+00)
2149.357 .... 4342 packets received, 4140 bps, 51.75%, Err 0 (0.0e+00)
2153.497 .... 4343 packets received, 4133 bps, 51.66%, Err 0 (0.0e+00)
2157.565 .... 4344 packets received, 4126 bps, 51.57%, Err 0 (0.0e+00)
2161.653 .... 4345 packets received, 4119 bps, 51.49%, Err 0 (0.0e+00)
2165.738 .... 4346 packets received, 4112 bps, 51.40%, Err 0 (0.0e+00)
2169.879 .... 4347 packets received, 4105 bps, 51.32%, Err 0 (0.0e+00)
2173.943 .... 4348 packets received, 4099 bps, 51.23%, Err 0 (0.0e+00)
2178.083 .... 4349 packets received, 4092 bps, 51.15%, Err 0 (0.0e+00)
2182.207 .... 4350 packets received, 4085 bps, 51.06%, Err 0 (0.0e+00)
2186.349 .... 4351 packets received, 4078 bps, 50.98%, Err 0 (0.0e+00)
2190.475 .... 4352 packets received, 4071 bps, 50.89%, Err 0 (0.0e+00)
2194.509 .... 4353 packets received, 4065 bps, 50.81%, Err 0 (0.0e+00)
2198.561 .... 4354 packets received, 4058 bps, 50.73%, Err 0 (0.0e+00)
2200.808 .... 4356 packets received, 4056 bps, 50.70%, Err 0 (0.0e+00)
2202.919 .... 4364 packets received, 4060 bps, 50.74%, Err 0 (0.0e+00)
2205.031 .... 4372 packets received, 4063 bps, 50.79%, Err 0 (0.0e+00)
2207.145 .... 4380 packets received, 4067 bps, 50.83%, Err 0 (0.0e+00)
2209.255 .... 4388 packets received, 4070 bps, 50.88%, Err 0 (0.0e+00)
2211.366 .... 4396 packets received, 4074 bps, 50.92%, Err 0 (0.0e+00)
2213.477 .... 4404 packets received, 4077 bps, 50.96%, Err 0 (0.0e+00)
2215.592 .... 4412 packets received, 4081 bps, 51.01%, Err 0 (0.0e+00)
2217.703 .... 4420 packets received, 4084 bps, 51.05%, Err 0 (0.0e+00)
2219.814 .... 4428 packets received, 4088 bps, 51.10%, Err 0 (0.0e+00)
2221.925 .... 4436 packets received, 4091 bps, 51.14%, Err 0 (0.0e+00)
2224.038 .... 4444 packets received, 4095 bps, 51.18%, Err 0 (0.0e+00)
2226.163 .... 4452 packets received, 4098 bps, 51.23%, Err 0 (0.0e+00)
2228.259 .... 4460 packets received, 4102 bps, 51.27%, Err 0 (0.0e+00)
2230.368 .... 4468 packets received, 4105 bps, 51.31%, Err 0 (0.0e+00)
2232.483 .... 4476 packets received, 4109 bps, 51.36%, Err 0 (0.0e+00)
2234.593 .... 4484 packets received, 4112 bps, 51.40%, Err 0 (0.0e+00)
2236.718 .... 4492 packets received, 4115 bps, 51.44%, Err 0 (0.0e+00)
2238.817 .... 4500 packets received, 4119 bps, 51.49%, Err 0 (0.0e+00)
2240.942 .... 4508 packets received, 4122 bps, 51.53%, Err 0 (0.0e+00)
2243.039 .... 4516 packets received, 4126 bps, 51.57%, Err 0 (0.0e+00)
2245.170 .... 4524 packets received, 4129 bps, 51.61%, Err 0 (0.0e+00)
2247.283 .... 4532 packets received, 4133 bps, 51.66%, Err 0 (0.0e+00)
2249.394 .... 4540 packets received, 4136 bps, 51.70%, Err 0 (0.0e+00)
2251.492 .... 4548 packets received, 4139 bps, 51.74%, Err 0 (0.0e+00)
2253.610 .... 4556 packets received, 4143 bps, 51.78%, Err 0 (0.0e+00)
2255.719 .... 4564 packets received, 4146 bps, 51.83%, Err 0 (0.0e+00)
2257.828 .... 4572 packets received, 4150 bps, 51.87%, Err 0 (0.0e+00)
2259.953 .... 4580 packets received, 4153 bps, 51.91%, Err 0 (0.0e+00)
2262.065 .... 4588 packets received, 4156 bps, 51.95%, Err 0 (0.0e+00)
2264.174 .... 4596 packets received, 4160 bps, 52.00%, Err 0 (0.0e+00)
2266.283 .... 4604 packets received, 4163 bps, 52.04%, Err 0 (0.0e+00)
2268.395 .... 4612 packets received, 4166 bps, 52.08%, Err 0 (0.0e+00)
2270.505 .... 4620 packets received, 4170 bps, 52.12%, Err 0 (0.0e+00)
2272.614 .... 4628 packets received, 4173 bps, 52.16%, Err 0 (0.0e+00)
2274.741 .... 4636 packets received, 4176 bps, 52.20%, Err 0 (0.0e+00)
2276.854 .... 4644 packets received, 4180 bps, 52.25%, Err 0 (0.0e+00)
2278.964 .... 4652 packets received, 4183 bps, 52.29%, Err 0 (0.0e+00)
2281.075 .... 4660 packets received, 4186 bps, 52.33%, Err 0 (0.0e+00)
2283.185 .... 4668 packets received, 4190 bps, 52.37%, Err 0 (0.0e+00)
2285.296 .... 4676 packets received, 4193 bps, 52.41%, Err 0 (0.0e+00)
2287.391 .... 4684 packets received, 4196 bps, 52.45%, Err 0 (0.0e+00)
2289.518 .... 4692 packets received, 4199 bps, 52.49%, Err 0 (0.0e+00)
2291.630 .... 4700 packets received, 4203 bps, 52.53%, Err 0 (0.0e+00)
2293.744 .... 4708 packets received, 4206 bps, 52.58%, Err 0 (0.0e+00)
2295.854 .... 4716 packets received, 4209 bps, 52.62%, Err 0 (0.0e+00)
2297.972 .... 4724 packets received, 4213 bps, 52.66%, Err 0 (0.0e+00)
2300.084 .... 4732 packets received, 4216 bps, 52.70%, Err 0 (0.0e+00)
2304.427 .... 4734 packets received, 4210 bps, 52.62%, Err 0 (0.0e+00)
2308.538 .... 4735 packets received, 4203 bps, 52.54%, Err 0 (0.0e+00)
2312.649 .... 4736 packets received, 4196 bps, 52.46%, Err 0 (0.0e+00)
2316.682 .... 4737 packets received, 4190 bps, 52.37%, Err 0 (0.0e+00)
2320.761 .... 4738 packets received, 4184 bps, 52.29%, Err 0 (0.0e+00)
2324.789 .... 4739 packets received, 4177 bps, 52.21%, Err 0 (0.0e+00)
2328.916 .... 4740 packets received, 4171 bps, 52.13%, Err 0 (0.0e+00)
2333.075 .... 4741 packets received, 4164 bps, 52.05%, Err 0 (0.0e+00)
2337.123 .... 4742 packets received, 4158 bps, 51.97%, Err 0 (0.0e+00)
2341.172 .... 4743 packets received, 4151 bps, 51.89%, Err 0 (0.0e+00)
2345.204 .... 4744 packets received, 4145 bps, 51.81%, Err 0 (0.0e+00)
2349.303 .... 4745 packets received, 4139 bps, 51.73%, Err 0 (0.0e+00)
2353.413 .... 4746 packets received, 4132 bps, 51.65%, Err 0 (0.0e+00)
2357.508 .... 4747 packets received, 4126 bps, 51.58%, Err 0 (0.0e+00)
2361.617 .... 4748 packets received, 4120 bps, 51.50%, Err 0 (0.0e+00)
2365.724 .... 4749 packets received, 4113 bps, 51.42%, Err 0 (0.0e+00)
2369.832 .... 4750 packets received, 4107 bps, 51.34%, Err 0 (0.0e+00)
2374.061 .... 4751 packets received, 4101 bps, 51.26%, Err 0 (0.0e+00)
2378.092 .... 4752 packets received, 4095 bps, 51.18%, Err 0 (0.0e+00)
2382.263 .... 4753 packets received, 4088 bps, 51.10%, Err 0 (0.0e+00)
2386.327 .... 4754 packets received, 4082 bps, 51.03%, Err 0 (0.0e+00)
2390.434 .... 4755 packets received, 4076 bps, 50.95%, Err 0 (0.0e+00)
2394.496 .... 4756 packets received, 4070 bps, 50.88%, Err 0 (0.0e+00)
2398.588 .... 4757 packets received, 4064 bps, 50.80%, Err 0 (0.0e+00)
2400.801 .... 4759 packets received, 4062 bps, 50.77%, Err 0 (0.0e+00)
2402.912 .... 4767 packets received, 4065 bps, 50.81%, Err 0 (0.0e+00)
2405.037 .... 4775 packets received, 4068 bps, 50.85%, Err 0 (0.0e+00)
2407.148 .... 4783 packets received, 4072 bps, 50.89%, Err 0 (0.0e+00)
2409.258 .... 4791 packets received, 4075 bps, 50.94%, Err 0 (0.0e+00)
2411.368 .... 4799 packets received, 4078 bps, 50.98%, Err 0 (0.0e+00)
2413.478 .... 4807 packets received, 4081 bps, 51.02%, Err 0 (0.0e+00)
2415.590 .... 4815 packets received, 4085 bps, 51.06%, Err 0 (0.0e+00)
2417.717 .... 4823 packets received, 4088 bps, 51.10%, Err 0 (0.0e+00)
2419.814 .... 4831 packets received, 4091 bps, 51.14%, Err 0 (0.0e+00)
2421.939 .... 4839 packets received, 4094 bps, 51.18%, Err 0 (0.0e+00)
2424.050 .... 4847 packets received, 4097 bps, 51.22%, Err 0 (0.0e+00)
2426.162 .... 4855 packets received, 4100 bps, 51.26%, Err 0 (0.0e+00)
2428.274 .... 4863 packets received, 4104 bps, 51.30%, Err 0 (0.0e+00)
2430.386 .... 4871 packets received, 4107 bps, 51.34%, Err 0 (0.0e+00)
2432.499 .... 4879 packets received, 4110 bps, 51.38%, Err 0 (0.0e+00)
2434.609 .... 4887 packets received, 4113 bps, 51.41%, Err 0 (0.0e+00)
2436.721 .... 4895 packets received, 4116 bps, 51.45%, Err 0 (0.0e+00)
2438.830 .... 4903 packets received, 4120 bps, 51.49%, Err 0 (0.0e+00)
2440.939 .... 4911 packets received, 4123 bps, 51.53%, Err 0 (0.0e+00)
2443.049 .... 4919 packets received, 4126 bps, 51.57%, Err 0 (0.0e+00)
2445.161 .... 4927 packets received, 4129 bps, 51.61%, Err 0 (0.0e+00)
2447.273 .... 4935 packets received, 4132 bps, 51.65%, Err 0 (0.0e+00)
2449.385 .... 4943 packets received, 4135 bps, 51.69%, Err 0 (0.0e+00)
2451.497 .... 4951 packets received, 4138 bps, 51.73%, Err 0 (0.0e+00)
2453.608 .... 4959 packets received, 4141 bps, 51.77%, Err 0 (0.0e+00)
2455.720 .... 4967 packets received, 4145 bps, 51.81%, Err 0 (0.0e+00)
2457.833 .... 4975 packets received, 4148 bps, 51.85%, Err 0 (0.0e+00)
2459.945 .... 4983 packets received, 4151 bps, 51.88%, Err 0 (0.0e+00)
2462.041 .... 4991 packets received, 4154 bps, 51.92%, Err 0 (0.0e+00)
2464.153 .... 4999 packets received, 4157 bps, 51.96%, Err 0 (0.0e+00)
2466.279 .... 5007 packets received, 4160 bps, 52.00%, Err 0 (0.0e+00)
2468.391 .... 5015 packets received, 4163 bps, 52.04%, Err 0 (0.0e+00)
2470.488 .... 5023 packets received, 4166 bps, 52.08%, Err 0 (0.0e+00)
2472.615 .... 5031 packets received, 4169 bps, 52.12%, Err 0 (0.0e+00)
2474.727 .... 5039 packets received, 4172 bps, 52.15%, Err 0 (0.0e+00)
2476.839 .... 5047 packets received, 4175 bps, 52.19%, Err 0 (0.0e+00)
2478.937 .... 5055 packets received, 4178 bps, 52.23%, Err 0 (0.0e+00)
2481.062 .... 5063 packets received, 4181 bps, 52.27%, Err 0 (0.0e+00)
2483.160 .... 5071 packets received, 4185 bps, 52.31%, Err 0 (0.0e+00)
2485.286 .... 5079 packets received, 4188 bps, 52.34%, Err 0 (0.0e+00)
2487.396 .... 5087 packets received, 4191 bps, 52.38%, Err 0 (0.0e+00)
2489.506 .... 5095 packets received, 4194 bps, 52.42%, Err 0 (0.0e+00)
2491.632 .... 5103 packets received, 4197 bps, 52.46%, Err 0 (0.0e+00)
2493.744 .... 5111 packets received, 4200 bps, 52.50%, Err 0 (0.0e+00)
2495.856 .... 5119 packets received, 4203 bps, 52.53%, Err 0 (0.0e+00)
2497.968 .... 5127 packets received, 4206 bps, 52.57%, Err 0 (0.0e+00)
2500.080 .... 5135 packets received, 4209 bps, 52.61%, Err 0 (0.0e+00)
2504.467 .... 5137 packets received, 4203 bps, 52.54%, Err 0 (0.0e+00)
2508.552 .... 5138 packets received, 4197 bps, 52.46%, Err 0 (0.0e+00)
2512.740 .... 5139 packets received, 4191 bps, 52.38%, Err 0 (0.0e+00)
2516.823 .... 5140 packets received, 4185 bps, 52.31%, Err 0 (0.0e+00)
2521.009 .... 5141 packets received, 4179 bps, 52.23%, Err 0 (0.0e+00)
2525.224 .... 5142 packets received, 4172 bps, 52.16%, Err 0 (0.0e+00)
2529.341 .... 5143 packets received, 4166 bps, 52.08%, Err 0 (0.0e+00)
2533.451 .... 5144 packets received, 4160 bps, 52.01%, Err 0 (0.0e+00)
2537.700 .... 5145 packets received, 4154 bps, 51.93%, Err 0 (0.0e+00)
2541.827 .... 5146 packets received, 4148 bps, 51.85%, Err 0 (0.0e+00)
2545.996 .... 5147 packets received, 4142 bps, 51.78%, Err 0 (0.0e+00)
2550.180 .... 5148 packets received, 4136 bps, 51.70%, Err 0 (0.0e+00)
2554.289 .... 5149 packets received, 4131 bps, 51.63%, Err 0 (0.0e+00)
2558.325 .... 5150 packets received, 4125 bps, 51.56%, Err 0 (0.0e+00)
2562.342 .... 5151 packets received, 4119 bps, 51.49%, Err 0 (0.0e+00)
2566.452 .... 5152 packets received, 4113 bps, 51.42%, Err 0 (0.0e+00)
2570.636 .... 5153 packets received, 4107 bps, 51.34%, Err 0 (0.0e+00)
2574.734 .... 5154 packets received, 4102 bps, 51.27%, Err 0 (0.0e+00)
2578.844 .... 5155 packets received, 4096 bps, 51.20%, Err 0 (0.0e+00)
2582.924 .... 5156 packets received, 4090 bps, 51.13%, Err 0 (0.0e+00)
2587.018 .... 5157 packets received, 4085 bps, 51.06%, Err 0 (0.0e+00)
2591.113 .... 5158 packets received, 4079 bps, 50.99%, Err 0 (0.0e+00)
2595.132 .... 5159 packets received, 4073 bps, 50.92%, Err 0 (0.0e+00)
2599.180 .... 5160 packets received, 4068 bps, 50.85%, Err 0 (0.0e+00)
2601.335 .... 5164 packets received, 4068 bps, 50.85%, Err 0 (0.0e+00)
2603.723 .... 5167 packets received, 4066 bps, 50.83%, Err 0 (0.0e+00)
2606.879 .... 5173 packets received, 4066 bps, 50.83%, Err 0 (0.0e+00)
2610.051 .... 5179 packets received, 4066 bps, 50.82%, Err 0 (0.0e+00)
2613.209 .... 5185 packets received, 4066 bps, 50.82%, Err 0 (0.0e+00)
2616.382 .... 5191 packets received, 4065 bps, 50.82%, Err 0 (0.0e+00)
2619.558 .... 5197 packets received, 4065 bps, 50.81%, Err 0 (0.0e+00)
2622.719 .... 5203 packets received, 4065 bps, 50.81%, Err 0 (0.0e+00)
2624.828 .... 5211 packets received, 4068 bps, 50.85%, Err 0 (0.0e+00)
2626.940 .... 5219 packets received, 4071 bps, 50.89%, Err 0 (0.0e+00)
2629.056 .... 5227 packets received, 4074 bps, 50.92%, Err 0 (0.0e+00)
2631.169 .... 5235 packets received, 4077 bps, 50.96%, Err 0 (0.0e+00)
2633.279 .... 5243 packets received, 4080 bps, 51.00%, Err 0 (0.0e+00)
2635.390 .... 5251 packets received, 4083 bps, 51.03%, Err 0 (0.0e+00)
2637.501 .... 5259 packets received, 4086 bps, 51.07%, Err 0 (0.0e+00)
2639.612 .... 5267 packets received, 4089 bps, 51.11%, Err 0 (0.0e+00)
2641.725 .... 5275 packets received, 4091 bps, 51.14%, Err 0 (0.0e+00)
2643.847 .... 5283 packets received, 4094 bps, 51.18%, Err 0 (0.0e+00)
2645.942 .... 5291 packets received, 4097 bps, 51.22%, Err 0 (0.0e+00)
2648.070 .... 5299 packets received, 4100 bps, 51.25%, Err 0 (0.0e+00)
2650.180 .... 5307 packets received, 4103 bps, 51.29%, Err 0 (0.0e+00)
2652.289 .... 5315 packets received, 4106 bps, 51.33%, Err 0 (0.0e+00)
2654.400 .... 5323 packets received, 4109 bps, 51.36%, Err 0 (0.0e+00)
2656.509 .... 5331 packets received, 4112 bps, 51.40%, Err 0 (0.0e+00)
2658.620 .... 5339 packets received, 4115 bps, 51.43%, Err 0 (0.0e+00)
2660.735 .... 5347 packets received, 4118 bps, 51.47%, Err 0 (0.0e+00)
2662.849 .... 5355 packets received, 4121 bps, 51.51%, Err 0 (0.0e+00)
2664.963 .... 5363 packets received, 4123 bps, 51.54%, Err 0 (0.0e+00)
2667.060 .... 5371 packets received, 4126 bps, 51.58%, Err 0 (0.0e+00)
2669.185 .... 5379 packets received, 4129 bps, 51.62%, Err 0 (0.0e+00)
