./gobackn -bf -ber 1e-4 -port 1240 -log nbfb.log 
=========================================================================
                          Station B                                 
-------------------------------------------------------------------------
Protocol.lib, version 3.0, Build: Oct 19 2009 (jiangy@public3.bta.net.cn)
Channel: 8000 bps, 270 ms propagation delay, bit error rate 1.0E-04
Log file "nbfb.log", TCP port 1240, debug mask 0x00
Station B is connecting station A (TCP port 1240) ... Done.
New epoch: Sun Nov 22 11:53:04 2009
=========================================================================
Designed by JackalDire
2.405 .... 2 packets received, 1931 bps, 24.14%, Err 2 (1.1e-04)
6.111 .... 4 packets received, 1406 bps, 17.57%, Err 8 (1.6e-04)
8.244 .... 6 packets received, 1544 bps, 19.30%, Err 9 (1.4e-04)
11.402 .... 12 packets received, 2210 bps, 27.63%, Err 11 (1.2e-04)
14.597 .... 18 packets received, 2576 bps, 32.19%, Err 15 (1.3e-04)
17.751 .... 24 packets received, 2814 bps, 35.17%, Err 18 (1.3e-04)
19.876 .... 26 packets received, 2718 bps, 33.97%, Err 20 (1.3e-04)
23.059 .... 32 packets received, 2878 bps, 35.97%, Err 21 (1.1e-04)
28.084 .... 39 packets received, 2873 bps, 35.91%, Err 24 (1.1e-04)
30.722 .... 43 packets received, 2893 bps, 36.17%, Err 26 (1.1e-04)
36.260 .... 46 packets received, 2619 bps, 32.73%, Err 32 (1.1e-04)
38.924 .... 50 packets received, 2650 bps, 33.13%, Err 33 (1.1e-04)
42.086 .... 56 packets received, 2744 bps, 34.30%, Err 35 (1.0e-04)
45.534 .... 57 packets received, 2580 bps, 32.25%, Err 40 (1.1e-04)
47.647 .... 59 packets received, 2551 bps, 31.89%, Err 42 (1.1e-04)
49.777 .... 61 packets received, 2524 bps, 31.55%, Err 43 (1.1e-04)
52.937 .... 67 packets received, 2606 bps, 32.58%, Err 44 (1.0e-04)
55.576 .... 71 packets received, 2630 bps, 32.87%, Err 47 (1.1e-04)
60.613 .... 78 packets received, 2648 bps, 33.10%, Err 49 (1.0e-04)
64.285 .... 86 packets received, 2752 bps, 34.40%, Err 51 (9.9e-05)
66.422 .... 88 packets received, 2725 bps, 34.06%, Err 53 (1.0e-04)
69.841 .... 95 packets received, 2797 bps, 34.96%, Err 55 (9.8e-05)
73.012 .... 101 packets received, 2844 bps, 35.55%, Err 59 (1.0e-04)
76.450 .... 108 packets received, 2904 bps, 36.30%, Err 61 (1.0e-04)
79.613 .... 114 packets received, 2943 bps, 36.79%, Err 66 (1.0e-04)
82.000 .... 117 packets received, 2932 bps, 36.65%, Err 69 (1.1e-04)
84.111 .... 119 packets received, 2907 bps, 36.34%, Err 69 (1.0e-04)
87.043 .... 124 packets received, 2927 bps, 36.59%, Err 71 (1.0e-04)
89.933 .... 129 packets received, 2947 bps, 36.84%, Err 73 (1.0e-04)
92.063 .... 131 packets received, 2923 bps, 36.54%, Err 76 (1.0e-04)
94.980 .... 136 packets received, 2941 bps, 36.77%, Err 77 (1.0e-04)
97.365 .... 139 packets received, 2932 bps, 36.65%, Err 78 (1.0e-04)
99.491 .... 141 packets received, 2911 bps, 36.38%, Err 80 (1.0e-04)
105.580 .... 146 packets received, 2840 bps, 35.50%, Err 86 (1.0e-04)
108.775 .... 152 packets received, 2869 bps, 35.87%, Err 87 (1.0e-04)
111.407 .... 156 packets received, 2875 bps, 35.94%, Err 90 (1.0e-04)
115.098 .... 158 packets received, 2818 bps, 35.23%, Err 92 (1.0e-04)
118.806 .... 160 packets received, 2765 bps, 34.56%, Err 98 (1.0e-04)
123.556 .... 166 packets received, 2758 bps, 34.47%, Err 105 (1.1e-04)
126.746 .... 172 packets received, 2785 bps, 34.82%, Err 108 (1.1e-04)
129.932 .... 178 packets received, 2812 bps, 35.15%, Err 109 (1.0e-04)
132.044 .... 180 packets received, 2798 bps, 34.97%, Err 111 (1.1e-04)
134.156 .... 182 packets received, 2784 bps, 34.80%, Err 112 (1.0e-04)
136.555 .... 185 packets received, 2780 bps, 34.75%, Err 115 (1.1e-04)
140.779 .... 189 packets received, 2755 bps, 34.44%, Err 119 (1.1e-04)
143.954 .... 195 packets received, 2780 bps, 34.75%, Err 120 (1.0e-04)
148.712 .... 201 packets received, 2773 bps, 34.67%, Err 122 (1.0e-04)
153.999 .... 209 packets received, 2785 bps, 34.81%, Err 124 (1.0e-04)
156.643 .... 213 packets received, 2790 bps, 34.87%, Err 125 (1.0e-04)
159.547 .... 218 packets received, 2803 bps, 35.04%, Err 129 (1.0e-04)
163.256 .... 220 packets received, 2765 bps, 34.56%, Err 132 (1.0e-04)
165.657 .... 223 packets received, 2762 bps, 34.52%, Err 135 (1.0e-04)
167.772 .... 225 packets received, 2751 bps, 34.39%, Err 136 (1.0e-04)
170.678 .... 230 packets received, 2764 bps, 34.56%, Err 138 (1.0e-04)
173.308 .... 234 packets received, 2770 bps, 34.62%, Err 140 (1.0e-04)
177.035 .... 236 packets received, 2735 bps, 34.18%, Err 142 (1.0e-04)
180.761 .... 244 packets received, 2769 bps, 34.61%, Err 144 (1.0e-04)
183.923 .... 250 packets received, 2788 bps, 34.85%, Err 145 (9.9e-05)
187.073 .... 256 packets received, 2807 bps, 35.09%, Err 146 (9.8e-05)
189.196 .... 264 packets received, 2862 bps, 35.78%, Err 146 (9.6e-05)
191.604 .... 267 packets received, 2858 bps, 35.73%, Err 148 (9.7e-05)
193.977 .... 270 packets received, 2855 bps, 35.69%, Err 149 (9.6e-05)
196.625 .... 274 packets received, 2858 bps, 35.73%, Err 153 (9.7e-05)
198.737 .... 276 packets received, 2848 bps, 35.60%, Err 153 (9.6e-05)
201.124 .... 279 packets received, 2845 bps, 35.56%, Err 155 (9.6e-05)
203.223 .... 281 packets received, 2836 bps, 35.45%, Err 156 (9.6e-05)
205.611 .... 284 packets received, 2833 bps, 35.41%, Err 157 (9.5e-05)
210.358 .... 290 packets received, 2827 bps, 35.34%, Err 161 (9.6e-05)
213.004 .... 294 packets received, 2831 bps, 35.38%, Err 165 (9.7e-05)
215.103 .... 296 packets received, 2822 bps, 35.27%, Err 170 (9.9e-05)
217.764 .... 300 packets received, 2825 bps, 35.31%, Err 172 (9.9e-05)
220.668 .... 305 packets received, 2834 bps, 35.43%, Err 174 (9.9e-05)
223.847 .... 311 packets received, 2849 bps, 35.61%, Err 175 (9.8e-05)
227.816 .... 314 packets received, 2826 bps, 35.33%, Err 181 (9.9e-05)
230.462 .... 318 packets received, 2829 bps, 35.37%, Err 185 (1.0e-04)
234.705 .... 322 packets received, 2813 bps, 35.16%, Err 187 (1.0e-04)
238.958 .... 326 packets received, 2797 bps, 34.97%, Err 190 (9.9e-05)
243.701 .... 332 packets received, 2793 bps, 34.92%, Err 192 (9.8e-05)
247.425 .... 340 packets received, 2818 bps, 35.22%, Err 193 (9.8e-05)
251.649 .... 344 packets received, 2803 bps, 35.03%, Err 196 (9.7e-05)
254.826 .... 350 packets received, 2816 bps, 35.20%, Err 199 (9.8e-05)
263.036 .... 357 packets received, 2783 bps, 34.78%, Err 205 (9.7e-05)
266.211 .... 363 packets received, 2796 bps, 34.94%, Err 205 (9.6e-05)
269.111 .... 368 packets received, 2804 bps, 35.04%, Err 209 (9.7e-05)
271.236 .... 370 packets received, 2797 bps, 34.96%, Err 213 (9.8e-05)
274.146 .... 375 packets received, 2804 bps, 35.05%, Err 215 (9.8e-05)
279.451 .... 377 packets received, 2766 bps, 34.57%, Err 224 (1.0e-04)
282.097 .... 381 packets received, 2769 bps, 34.61%, Err 226 (1.0e-04)
284.213 .... 383 packets received, 2763 bps, 34.53%, Err 227 (1.0e-04)
286.596 .... 386 packets received, 2761 bps, 34.51%, Err 230 (1.0e-04)
288.710 .... 388 packets received, 2755 bps, 34.44%, Err 231 (1.0e-04)
291.620 .... 393 packets received, 2763 bps, 34.53%, Err 233 (1.0e-04)
296.648 .... 394 packets received, 2723 bps, 34.03%, Err 239 (1.0e-04)
298.778 .... 396 packets received, 2717 bps, 33.96%, Err 242 (1.0e-04)
300.893 .... 398 packets received, 2712 bps, 33.89%, Err 244 (1.0e-04)
303.795 .... 403 packets received, 2719 bps, 33.99%, Err 245 (1.0e-04)
306.983 .... 409 packets received, 2731 bps, 34.14%, Err 246 (1.0e-04)
310.157 .... 415 packets received, 2743 bps, 34.29%, Err 248 (1.0e-04)
312.269 .... 417 packets received, 2737 bps, 34.22%, Err 250 (1.0e-04)
314.388 .... 419 packets received, 2732 bps, 34.15%, Err 252 (1.0e-04)
317.024 .... 423 packets received, 2735 bps, 34.19%, Err 253 (1.0e-04)
321.020 .... 426 packets received, 2720 bps, 34.00%, Err 258 (1.0e-04)
327.892 .... 434 packets received, 2713 bps, 33.91%, Err 263 (1.0e-04)
330.025 .... 436 packets received, 2708 bps, 33.85%, Err 265 (1.0e-04)
332.932 .... 441 packets received, 2715 bps, 33.94%, Err 266 (1.0e-04)
336.109 .... 447 packets received, 2726 bps, 34.07%, Err 269 (1.0e-04)
338.221 .... 449 packets received, 2721 bps, 34.01%, Err 272 (1.0e-04)
340.334 .... 451 packets received, 2716 bps, 33.95%, Err 274 (1.0e-04)
343.511 .... 457 packets received, 2727 bps, 34.09%, Err 277 (1.0e-04)
348.264 .... 463 packets received, 2725 bps, 34.06%, Err 279 (1.0e-04)
351.440 .... 469 packets received, 2735 bps, 34.19%, Err 281 (1.0e-04)
353.568 .... 471 packets received, 2730 bps, 34.13%, Err 283 (1.0e-04)
356.457 .... 476 packets received, 2737 bps, 34.21%, Err 287 (1.0e-04)
358.584 .... 478 packets received, 2732 bps, 34.15%, Err 289 (1.0e-04)
360.697 .... 486 packets received, 2762 bps, 34.52%, Err 289 (1.0e-04)
363.068 .... 489 packets received, 2761 bps, 34.51%, Err 291 (1.0e-04)
366.233 .... 495 packets received, 2770 bps, 34.63%, Err 293 (1.0e-04)
371.541 .... 497 packets received, 2742 bps, 34.27%, Err 301 (1.0e-04)
373.901 .... 500 packets received, 2741 bps, 34.26%, Err 303 (1.0e-04)
376.550 .... 504 packets received, 2743 bps, 34.29%, Err 307 (1.0e-04)
378.678 .... 506 packets received, 2739 bps, 34.23%, Err 309 (1.0e-04)
382.103 .... 513 packets received, 2752 bps, 34.40%, Err 310 (1.0e-04)
384.504 .... 516 packets received, 2750 bps, 34.38%, Err 313 (1.0e-04)
387.150 .... 520 packets received, 2753 bps, 34.41%, Err 315 (1.0e-04)
389.237 .... 522 packets received, 2749 bps, 34.36%, Err 318 (1.0e-04)
391.373 .... 524 packets received, 2744 bps, 34.30%, Err 320 (1.0e-04)
394.802 .... 525 packets received, 2725 bps, 34.07%, Err 323 (1.0e-04)
397.698 .... 530 packets received, 2731 bps, 34.14%, Err 325 (1.0e-04)
400.878 .... 536 packets received, 2740 bps, 34.25%, Err 326 (1.0e-04)
403.008 .... 538 packets received, 2736 bps, 34.20%, Err 327 (1.0e-04)
406.703 .... 546 packets received, 2751 bps, 34.39%, Err 329 (1.0e-04)
409.865 .... 552 packets received, 2760 bps, 34.50%, Err 331 (1.0e-04)
411.962 .... 560 packets received, 2786 bps, 34.82%, Err 331 (1.0e-04)
414.076 .... 562 packets received, 2782 bps, 34.77%, Err 333 (1.0e-04)
418.838 .... 568 packets received, 2779 bps, 34.74%, Err 338 (1.0e-04)
420.937 .... 570 packets received, 2775 bps, 34.69%, Err 340 (1.0e-04)
426.486 .... 573 packets received, 2753 bps, 34.42%, Err 348 (1.0e-04)
430.194 .... 575 packets received, 2739 bps, 34.24%, Err 350 (1.0e-04)
433.917 .... 583 packets received, 2753 bps, 34.42%, Err 352 (1.0e-04)
436.819 .... 588 packets received, 2759 bps, 34.48%, Err 354 (1.0e-04)
438.915 .... 590 packets received, 2755 bps, 34.43%, Err 356 (1.0e-04)
442.625 .... 598 packets received, 2769 bps, 34.61%, Err 357 (1.0e-04)
445.798 .... 604 packets received, 2777 bps, 34.71%, Err 359 (1.0e-04)
447.925 .... 606 packets received, 2773 bps, 34.66%, Err 360 (1.0e-04)
452.682 .... 612 packets received, 2771 bps, 34.63%, Err 367 (1.0e-04)
455.876 .... 618 packets received, 2778 bps, 34.73%, Err 368 (1.0e-04)
457.988 .... 620 packets received, 2774 bps, 34.68%, Err 369 (1.0e-04)
461.681 .... 628 packets received, 2787 bps, 34.84%, Err 370 (1.0e-04)
465.402 .... 636 packets received, 2800 bps, 35.01%, Err 373 (1.0e-04)
468.579 .... 642 packets received, 2808 bps, 35.10%, Err 374 (1.0e-04)
471.209 .... 646 packets received, 2809 bps, 35.12%, Err 378 (1.0e-04)
473.338 .... 648 packets received, 2805 bps, 35.07%, Err 379 (1.0e-04)
479.950 .... 649 packets received, 2771 bps, 34.64%, Err 390 (1.0e-04)
482.077 .... 651 packets received, 2767 bps, 34.59%, Err 390 (1.0e-04)
485.770 .... 659 packets received, 2780 bps, 34.75%, Err 392 (1.0e-04)
489.479 .... 667 packets received, 2792 bps, 34.90%, Err 392 (1.0e-04)
492.663 .... 673 packets received, 2799 bps, 34.99%, Err 396 (1.0e-04)
494.771 .... 675 packets received, 2796 bps, 34.95%, Err 399 (1.0e-04)
498.481 .... 677 packets received, 2783 bps, 34.79%, Err 403 (1.0e-04)
500.608 .... 679 packets received, 2779 bps, 34.74%, Err 406 (1.0e-04)
502.719 .... 681 packets received, 2776 bps, 34.70%, Err 407 (1.0e-04)
504.846 .... 683 packets received, 2772 bps, 34.65%, Err 407 (1.0e-04)
508.550 .... 685 packets received, 2760 bps, 34.50%, Err 410 (1.0e-04)
511.454 .... 690 packets received, 2764 bps, 34.56%, Err 413 (1.0e-04)
513.570 .... 698 packets received, 2785 bps, 34.81%, Err 414 (1.0e-04)
515.697 .... 700 packets received, 2781 bps, 34.77%, Err 416 (1.0e-04)
519.388 .... 708 packets received, 2793 bps, 34.92%, Err 418 (1.0e-04)
522.289 .... 713 packets received, 2797 bps, 34.97%, Err 419 (1.0e-04)
527.059 .... 719 packets received, 2795 bps, 34.94%, Err 424 (1.0e-04)
529.172 .... 721 packets received, 2792 bps, 34.90%, Err 424 (1.0e-04)
532.348 .... 727 packets received, 2798 bps, 34.98%, Err 427 (1.0e-04)
534.460 .... 729 packets received, 2795 bps, 34.94%, Err 428 (1.0e-04)
536.574 .... 731 packets received, 2792 bps, 34.89%, Err 429 (1.0e-04)
538.688 .... 733 packets received, 2788 bps, 34.85%, Err 431 (1.0e-04)
541.622 .... 738 packets received, 2792 bps, 34.90%, Err 433 (1.0e-04)
543.990 .... 741 packets received, 2791 bps, 34.89%, Err 439 (1.0e-04)
546.629 .... 745 packets received, 2793 bps, 34.91%, Err 441 (1.0e-04)
548.755 .... 753 packets received, 2812 bps, 35.15%, Err 441 (1.0e-04)
550.868 .... 755 packets received, 2808 bps, 35.10%, Err 441 (1.0e-04)
552.982 .... 757 packets received, 2805 bps, 35.06%, Err 444 (1.0e-04)
555.340 .... 760 packets received, 2804 bps, 35.05%, Err 446 (1.0e-04)
557.467 .... 768 packets received, 2823 bps, 35.29%, Err 447 (1.0e-04)
561.164 .... 770 packets received, 2812 bps, 35.14%, Err 451 (1.0e-04)
563.534 .... 773 packets received, 2811 bps, 35.13%, Err 452 (1.0e-04)
566.453 .... 778 packets received, 2814 bps, 35.18%, Err 453 (1.0e-04)
568.585 .... 780 packets received, 2811 bps, 35.14%, Err 456 (1.0e-04)
572.020 .... 787 packets received, 2819 bps, 35.24%, Err 456 (1.0e-04)
574.407 .... 790 packets received, 2818 bps, 35.23%, Err 459 (1.0e-04)
576.810 .... 793 packets received, 2817 bps, 35.21%, Err 463 (1.0e-04)
579.982 .... 799 packets received, 2823 bps, 35.28%, Err 464 (1.0e-04)
582.625 .... 803 packets received, 2824 bps, 35.30%, Err 467 (1.0e-04)
588.961 .... 809 packets received, 2815 bps, 35.18%, Err 474 (1.0e-04)
592.413 .... 816 packets received, 2822 bps, 35.28%, Err 475 (1.0e-04)
595.060 .... 820 packets received, 2824 bps, 35.29%, Err 480 (1.0e-04)
598.232 .... 826 packets received, 2829 bps, 35.36%, Err 481 (1.0e-04)
600.604 .... 829 packets received, 2828 bps, 35.35%, Err 482 (1.0e-04)
603.246 .... 833 packets received, 2829 bps, 35.37%, Err 486 (1.0e-04)
605.363 .... 835 packets received, 2826 bps, 35.33%, Err 488 (1.0e-04)
608.540 .... 841 packets received, 2832 bps, 35.40%, Err 490 (1.0e-04)
614.876 .... 847 packets received, 2822 bps, 35.28%, Err 494 (1.0e-04)
618.329 .... 854 packets received, 2830 bps, 35.37%, Err 495 (1.0e-04)
621.247 .... 859 packets received, 2833 bps, 35.41%, Err 497 (1.0e-04)
624.425 .... 865 packets received, 2838 bps, 35.48%, Err 499 (1.0e-04)
627.331 .... 870 packets received, 2842 bps, 35.52%, Err 500 (1.0e-04)
630.528 .... 876 packets received, 2847 bps, 35.58%, Err 503 (1.0e-04)
634.497 .... 879 packets received, 2838 bps, 35.48%, Err 506 (1.0e-04)
637.676 .... 885 packets received, 2844 bps, 35.54%, Err 506 (9.9e-05)
642.435 .... 891 packets received, 2842 bps, 35.52%, Err 510 (9.9e-05)
645.065 .... 895 packets received, 2843 bps, 35.53%, Err 513 (9.9e-05)
648.779 .... 897 packets received, 2833 bps, 35.41%, Err 518 (1.0e-04)
652.210 .... 898 packets received, 2821 bps, 35.26%, Err 522 (1.0e-04)
654.593 .... 901 packets received, 2820 bps, 35.25%, Err 525 (1.0e-04)
657.764 .... 907 packets received, 2825 bps, 35.32%, Err 528 (1.0e-04)
662.012 .... 911 packets received, 2819 bps, 35.24%, Err 531 (1.0e-04)
665.179 .... 917 packets received, 2825 bps, 35.31%, Err 531 (1.0e-04)
668.352 .... 923 packets received, 2830 bps, 35.37%, Err 531 (9.9e-05)
671.529 .... 929 packets received, 2834 bps, 35.43%, Err 531 (9.9e-05)
675.516 .... 932 packets received, 2827 bps, 35.33%, Err 538 (1.0e-04)
677.621 .... 934 packets received, 2824 bps, 35.30%, Err 539 (9.9e-05)
680.269 .... 938 packets received, 2825 bps, 35.31%, Err 543 (1.0e-04)
683.447 .... 944 packets received, 2830 bps, 35.37%, Err 545 (1.0e-04)
688.732 .... 952 packets received, 2832 bps, 35.40%, Err 550 (1.0e-04)
690.857 .... 954 packets received, 2829 bps, 35.37%, Err 553 (1.0e-04)
694.277 .... 955 packets received, 2818 bps, 35.23%, Err 558 (1.0e-04)
697.987 .... 963 packets received, 2827 bps, 35.33%, Err 559 (1.0e-04)
701.419 .... 964 packets received, 2816 bps, 35.20%, Err 563 (1.0e-04)
703.802 .... 967 packets received, 2815 bps, 35.19%, Err 565 (1.0e-04)
706.993 .... 973 packets received, 2820 bps, 35.25%, Err 566 (1.0e-04)
709.628 .... 977 packets received, 2821 bps, 35.26%, Err 568 (1.0e-04)
712.789 .... 983 packets received, 2826 bps, 35.32%, Err 571 (1.0e-04)
715.964 .... 989 packets received, 2830 bps, 35.38%, Err 572 (1.0e-04)
719.158 .... 995 packets received, 2835 bps, 35.43%, Err 574 (1.0e-04)
721.513 .... 998 packets received, 2834 bps, 35.42%, Err 577 (1.0e-04)
723.606 .... 1000 packets received, 2831 bps, 35.39%, Err 579 (1.0e-04)
726.815 .... 1006 packets received, 2836 bps, 35.45%, Err 582 (1.0e-04)
728.926 .... 1008 packets received, 2833 bps, 35.41%, Err 584 (1.0e-04)
731.301 .... 1011 packets received, 2832 bps, 35.40%, Err 586 (1.0e-04)
734.497 .... 1017 packets received, 2837 bps, 35.46%, Err 588 (1.0e-04)
738.438 .... 1020 packets received, 2830 bps, 35.37%, Err 592 (1.0e-04)
741.630 .... 1026 packets received, 2834 bps, 35.43%, Err 593 (1.0e-04)
745.616 .... 1029 packets received, 2827 bps, 35.34%, Err 599 (1.0e-04)
748.262 .... 1033 packets received, 2828 bps, 35.36%, Err 601 (1.0e-04)
750.358 .... 1035 packets received, 2826 bps, 35.32%, Err 603 (1.0e-04)
753.547 .... 1041 packets received, 2830 bps, 35.38%, Err 603 (1.0e-04)
756.181 .... 1045 packets received, 2831 bps, 35.39%, Err 608 (1.0e-04)
758.567 .... 1048 packets received, 2830 bps, 35.38%, Err 611 (1.0e-04)
760.680 .... 1050 packets received, 2828 bps, 35.35%, Err 612 (1.0e-04)
763.318 .... 1054 packets received, 2829 bps, 35.36%, Err 615 (1.0e-04)
766.484 .... 1060 packets received, 2833 bps, 35.42%, Err 616 (1.0e-04)
768.856 .... 1063 packets received, 2833 bps, 35.41%, Err 619 (1.0e-04)
771.519 .... 1067 packets received, 2833 bps, 35.42%, Err 621 (1.0e-04)
773.632 .... 1069 packets received, 2831 bps, 35.39%, Err 622 (1.0e-04)
775.760 .... 1071 packets received, 2828 bps, 35.36%, Err 624 (1.0e-04)
779.462 .... 1073 packets received, 2820 bps, 35.25%, Err 628 (1.0e-04)
782.640 .... 1079 packets received, 2825 bps, 35.31%, Err 628 (1.0e-04)
785.817 .... 1085 packets received, 2829 bps, 35.36%, Err 629 (1.0e-04)
788.721 .... 1090 packets received, 2831 bps, 35.39%, Err 631 (1.0e-04)
791.370 .... 1094 packets received, 2832 bps, 35.40%, Err 634 (1.0e-04)
794.016 .... 1098 packets received, 2833 bps, 35.41%, Err 638 (1.0e-04)
798.791 .... 1104 packets received, 2832 bps, 35.39%, Err 641 (1.0e-04)
801.163 .... 1107 packets received, 2831 bps, 35.39%, Err 643 (1.0e-04)
803.292 .... 1109 packets received, 2828 bps, 35.36%, Err 645 (1.0e-04)
805.923 .... 1113 packets received, 2829 bps, 35.37%, Err 648 (1.0e-04)
809.649 .... 1115 packets received, 2821 bps, 35.27%, Err 652 (1.0e-04)
812.023 .... 1118 packets received, 2821 bps, 35.26%, Err 653 (1.0e-04)
815.201 .... 1124 packets received, 2825 bps, 35.31%, Err 653 (1.0e-04)
820.469 .... 1132 packets received, 2827 bps, 35.33%, Err 656 (1.0e-04)
822.598 .... 1134 packets received, 2824 bps, 35.30%, Err 659 (1.0e-04)
824.713 .... 1136 packets received, 2822 bps, 35.27%, Err 660 (1.0e-04)
827.115 .... 1139 packets received, 2821 bps, 35.27%, Err 664 (1.0e-04)
829.229 .... 1141 packets received, 2819 bps, 35.24%, Err 665 (1.0e-04)
833.975 .... 1147 packets received, 2818 bps, 35.22%, Err 671 (1.0e-04)
836.091 .... 1155 packets received, 2830 bps, 35.38%, Err 671 (1.0e-04)
838.735 .... 1159 packets received, 2831 bps, 35.39%, Err 674 (1.0e-04)
840.849 .... 1167 packets received, 2843 bps, 35.54%, Err 674 (1.0e-04)
842.949 .... 1175 packets received, 2856 bps, 35.70%, Err 674 (1.0e-04)
845.077 .... 1177 packets received, 2853 bps, 35.67%, Err 676 (1.0e-04)
848.757 .... 1185 packets received, 2860 bps, 35.75%, Err 678 (1.0e-04)
850.888 .... 1187 packets received, 2858 bps, 35.72%, Err 681 (1.0e-04)
857.490 .... 1194 packets received, 2853 bps, 35.66%, Err 688 (1.0e-04)
860.405 .... 1199 packets received, 2855 bps, 35.69%, Err 690 (1.0e-04)
864.097 .... 1201 packets received, 2847 bps, 35.59%, Err 695 (1.0e-04)
866.221 .... 1203 packets received, 2845 bps, 35.56%, Err 697 (1.0e-04)
868.345 .... 1205 packets received, 2843 bps, 35.54%, Err 697 (1.0e-04)
871.258 .... 1210 packets received, 2845 bps, 35.56%, Err 699 (1.0e-04)
874.417 .... 1216 packets received, 2849 bps, 35.61%, Err 701 (1.0e-04)
877.619 .... 1222 packets received, 2853 bps, 35.66%, Err 705 (1.0e-04)
879.995 .... 1225 packets received, 2852 bps, 35.65%, Err 707 (1.0e-04)
882.107 .... 1227 packets received, 2850 bps, 35.62%, Err 708 (1.0e-04)
884.237 .... 1229 packets received, 2847 bps, 35.59%, Err 708 (1.0e-04)
887.150 .... 1234 packets received, 2850 bps, 35.62%, Err 710 (1.0e-04)
889.509 .... 1237 packets received, 2849 bps, 35.61%, Err 711 (1.0e-04)
892.682 .... 1243 packets received, 2853 bps, 35.66%, Err 715 (1.0e-04)
895.599 .... 1248 packets received, 2855 bps, 35.68%, Err 719 (1.0e-04)
897.712 .... 1250 packets received, 2853 bps, 35.66%, Err 721 (1.0e-04)
900.626 .... 1255 packets received, 2855 bps, 35.68%, Err 724 (1.0e-04)
902.731 .... 1263 packets received, 2866 bps, 35.83%, Err 725 (1.0e-04)
904.858 .... 1265 packets received, 2864 bps, 35.80%, Err 725 (1.0e-04)
907.242 .... 1268 packets received, 2863 bps, 35.79%, Err 728 (1.0e-04)
910.415 .... 1274 packets received, 2867 bps, 35.83%, Err 729 (1.0e-04)
912.526 .... 1282 packets received, 2878 bps, 35.98%, Err 729 (1.0e-04)
916.223 .... 1284 packets received, 2871 bps, 35.89%, Err 734 (1.0e-04)
919.388 .... 1290 packets received, 2874 bps, 35.93%, Err 736 (1.0e-04)
922.030 .... 1294 packets received, 2875 bps, 35.94%, Err 738 (1.0e-04)
924.141 .... 1296 packets received, 2873 bps, 35.91%, Err 739 (1.0e-04)
926.514 .... 1299 packets received, 2872 bps, 35.90%, Err 742 (1.0e-04)
928.640 .... 1301 packets received, 2870 bps, 35.88%, Err 744 (1.0e-04)
931.555 .... 1306 packets received, 2872 bps, 35.90%, Err 744 (1.0e-04)
935.790 .... 1310 packets received, 2868 bps, 35.85%, Err 748 (1.0e-04)
939.510 .... 1312 packets received, 2861 bps, 35.76%, Err 751 (1.0e-04)
944.013 .... 1317 packets received, 2858 bps, 35.73%, Err 757 (1.0e-04)
946.126 .... 1319 packets received, 2856 bps, 35.70%, Err 758 (1.0e-04)
949.028 .... 1324 packets received, 2858 bps, 35.73%, Err 761 (1.0e-04)
952.219 .... 1330 packets received, 2861 bps, 35.77%, Err 762 (1.0e-04)
955.380 .... 1336 packets received, 2865 bps, 35.81%, Err 764 (1.0e-04)
959.619 .... 1340 packets received, 2861 bps, 35.76%, Err 769 (1.0e-04)
963.084 .... 1341 packets received, 2852 bps, 35.66%, Err 772 (1.0e-04)
965.180 .... 1343 packets received, 2851 bps, 35.63%, Err 772 (1.0e-04)
967.312 .... 1345 packets received, 2848 bps, 35.61%, Err 774 (1.0e-04)
969.442 .... 1347 packets received, 2846 bps, 35.58%, Err 774 (1.0e-04)
971.554 .... 1349 packets received, 2844 bps, 35.56%, Err 777 (1.0e-04)
974.717 .... 1355 packets received, 2848 bps, 35.60%, Err 779 (1.0e-04)
976.847 .... 1357 packets received, 2846 bps, 35.57%, Err 779 (1.0e-04)
980.015 .... 1363 packets received, 2849 bps, 35.61%, Err 784 (1.0e-04)
982.139 .... 1365 packets received, 2847 bps, 35.59%, Err 788 (1.0e-04)
984.237 .... 1367 packets received, 2845 bps, 35.57%, Err 789 (1.0e-04)
987.156 .... 1372 packets received, 2847 bps, 35.59%, Err 790 (1.0e-04)
989.803 .... 1376 packets received, 2848 bps, 35.60%, Err 792 (1.0e-04)
992.965 .... 1382 packets received, 2851 bps, 35.64%, Err 795 (1.0e-04)
995.871 .... 1387 packets received, 2853 bps, 35.66%, Err 797 (1.0e-04)
997.983 .... 1395 packets received, 2864 bps, 35.79%, Err 797 (1.0e-04)
1000.112 .... 1397 packets received, 2862 bps, 35.77%, Err 798 (1.0e-04)
1003.535 .... 1398 packets received, 2854 bps, 35.67%, Err 804 (1.0e-04)
1005.665 .... 1400 packets received, 2852 bps, 35.65%, Err 804 (1.0e-04)
1007.779 .... 1402 packets received, 2850 bps, 35.62%, Err 807 (1.0e-04)
1010.970 .... 1408 packets received, 2853 bps, 35.66%, Err 808 (1.0e-04)
1013.070 .... 1410 packets received, 2851 bps, 35.64%, Err 810 (1.0e-04)
1015.215 .... 1412 packets received, 2849 bps, 35.62%, Err 812 (1.0e-04)
1018.393 .... 1418 packets received, 2852 bps, 35.66%, Err 815 (1.0e-04)
1020.493 .... 1420 packets received, 2851 bps, 35.63%, Err 815 (1.0e-04)
1022.607 .... 1422 packets received, 2849 bps, 35.61%, Err 818 (1.0e-04)
1026.318 .... 1424 packets received, 2842 bps, 35.53%, Err 825 (1.0e-04)
1028.964 .... 1428 packets received, 2843 bps, 35.54%, Err 826 (1.0e-04)
1033.737 .... 1434 packets received, 2842 bps, 35.52%, Err 827 (1.0e-04)
1036.383 .... 1438 packets received, 2842 bps, 35.53%, Err 828 (1.0e-04)
1038.511 .... 1440 packets received, 2841 bps, 35.51%, Err 831 (1.0e-04)
1040.883 .... 1443 packets received, 2840 bps, 35.50%, Err 834 (1.0e-04)
1042.996 .... 1451 packets received, 2850 bps, 35.62%, Err 834 (1.0e-04)
1045.124 .... 1453 packets received, 2848 bps, 35.60%, Err 836 (1.0e-04)
1048.286 .... 1459 packets received, 2851 bps, 35.64%, Err 839 (1.0e-04)
1051.733 .... 1460 packets received, 2844 bps, 35.55%, Err 843 (1.0e-04)
1054.115 .... 1463 packets received, 2843 bps, 35.54%, Err 847 (1.0e-04)
1057.288 .... 1469 packets received, 2846 bps, 35.58%, Err 848 (1.0e-04)
1059.658 .... 1472 packets received, 2846 bps, 35.57%, Err 852 (1.0e-04)
1061.771 .... 1474 packets received, 2844 bps, 35.55%, Err 852 (1.0e-04)
1064.703 .... 1479 packets received, 2846 bps, 35.57%, Err 854 (1.0e-04)
1067.891 .... 1485 packets received, 2849 bps, 35.61%, Err 854 (1.0e-04)
1070.002 .... 1487 packets received, 2847 bps, 35.59%, Err 857 (1.0e-04)
1075.848 .... 1491 packets received, 2839 bps, 35.49%, Err 861 (1.0e-04)
1077.958 .... 1499 packets received, 2849 bps, 35.61%, Err 861 (1.0e-04)
1081.116 .... 1505 packets received, 2852 bps, 35.65%, Err 867 (1.0e-04)
1083.225 .... 1507 packets received, 2850 bps, 35.62%, Err 870 (1.0e-04)
1086.148 .... 1512 packets received, 2852 bps, 35.65%, Err 871 (1.0e-04)
1088.276 .... 1514 packets received, 2850 bps, 35.62%, Err 873 (1.0e-04)
1090.388 .... 1516 packets received, 2848 bps, 35.60%, Err 873 (1.0e-04)
1092.517 .... 1518 packets received, 2846 bps, 35.58%, Err 874 (1.0e-04)
1095.678 .... 1524 packets received, 2849 bps, 35.62%, Err 876 (1.0e-04)
1099.916 .... 1528 packets received, 2846 bps, 35.57%, Err 880 (1.0e-04)
1103.106 .... 1534 packets received, 2849 bps, 35.61%, Err 882 (1.0e-04)
1105.476 .... 1537 packets received, 2848 bps, 35.60%, Err 885 (1.0e-04)
1109.199 .... 1545 packets received, 2853 bps, 35.67%, Err 888 (1.0e-04)
1113.957 .... 1551 packets received, 2852 bps, 35.65%, Err 893 (1.0e-04)
1117.920 .... 1554 packets received, 2848 bps, 35.60%, Err 898 (1.0e-04)
1120.835 .... 1559 packets received, 2849 bps, 35.62%, Err 901 (1.0e-04)
1122.948 .... 1561 packets received, 2848 bps, 35.60%, Err 901 (1.0e-04)
1125.864 .... 1566 packets received, 2849 bps, 35.62%, Err 901 (1.0e-04)
1128.233 .... 1569 packets received, 2849 bps, 35.61%, Err 904 (1.0e-04)
1131.954 .... 1577 packets received, 2854 bps, 35.67%, Err 905 (1.0e-04)
1134.614 .... 1581 packets received, 2854 bps, 35.68%, Err 906 (1.0e-04)
1137.258 .... 1585 packets received, 2855 bps, 35.69%, Err 911 (1.0e-04)
1140.981 .... 1587 packets received, 2849 bps, 35.62%, Err 913 (1.0e-04)
1143.094 .... 1589 packets received, 2848 bps, 35.60%, Err 916 (1.0e-04)
1145.192 .... 1591 packets received, 2846 bps, 35.57%, Err 918 (1.0e-04)
1147.304 .... 1593 packets received, 2844 bps, 35.55%, Err 920 (1.0e-04)
1149.705 .... 1596 packets received, 2844 bps, 35.55%, Err 921 (1.0e-04)
1153.398 .... 1604 packets received, 2849 bps, 35.61%, Err 922 (1.0e-04)
1156.302 .... 1609 packets received, 2851 bps, 35.63%, Err 925 (1.0e-04)
1158.414 .... 1611 packets received, 2849 bps, 35.61%, Err 927 (1.0e-04)
1161.863 .... 1618 packets received, 2853 bps, 35.66%, Err 928 (1.0e-04)
1167.156 .... 1620 packets received, 2843 bps, 35.54%, Err 940 (1.0e-04)
1169.267 .... 1622 packets received, 2842 bps, 35.52%, Err 941 (1.0e-04)
1172.173 .... 1627 packets received, 2843 bps, 35.54%, Err 944 (1.0e-04)
1180.642 .... 1629 packets received, 2826 bps, 35.33%, Err 950 (1.0e-04)
1183.562 .... 1634 packets received, 2828 bps, 35.35%, Err 951 (1.0e-04)
1188.338 .... 1640 packets received, 2827 bps, 35.34%, Err 954 (1.0e-04)
1190.453 .... 1648 packets received, 2836 bps, 35.45%, Err 954 (1.0e-04)
1193.082 .... 1652 packets received, 2836 bps, 35.46%, Err 956 (1.0e-04)
1196.275 .... 1658 packets received, 2839 bps, 35.49%, Err 959 (1.0e-04)
1199.166 .... 1663 packets received, 2841 bps, 35.51%, Err 961 (1.0e-04)
1202.344 .... 1669 packets received, 2844 bps, 35.54%, Err 961 (1.0e-04)
1204.731 .... 1672 packets received, 2843 bps, 35.54%, Err 966 (1.0e-04)
1207.347 .... 1676 packets received, 2844 bps, 35.55%, Err 968 (1.0e-04)
1209.463 .... 1678 packets received, 2842 bps, 35.53%, Err 970 (1.0e-04)
1212.640 .... 1684 packets received, 2845 bps, 35.56%, Err 973 (1.0e-04)
1216.350 .... 1692 packets received, 2850 bps, 35.62%, Err 976 (1.0e-04)
1219.540 .... 1698 packets received, 2852 bps, 35.65%, Err 979 (1.0e-04)
1224.293 .... 1704 packets received, 2851 bps, 35.64%, Err 982 (1.0e-04)
1227.467 .... 1710 packets received, 2854 bps, 35.67%, Err 984 (1.0e-04)
1230.645 .... 1716 packets received, 2856 bps, 35.70%, Err 984 (1.0e-04)
1232.756 .... 1718 packets received, 2855 bps, 35.69%, Err 986 (1.0e-04)
1235.420 .... 1722 packets received, 2855 bps, 35.69%, Err 988 (1.0e-04)
1238.594 .... 1728 packets received, 2858 bps, 35.72%, Err 991 (1.0e-04)
1242.321 .... 1730 packets received, 2853 bps, 35.66%, Err 994 (1.0e-04)
1244.441 .... 1738 packets received, 2861 bps, 35.76%, Err 994 (1.0e-04)
1246.540 .... 1740 packets received, 2859 bps, 35.74%, Err 999 (1.0e-04)
1248.658 .... 1742 packets received, 2858 bps, 35.72%, Err 1000 (1.0e-04)
1251.577 .... 1747 packets received, 2859 bps, 35.74%, Err 1001 (1.0e-04)
1254.746 .... 1753 packets received, 2862 bps, 35.77%, Err 1002 (1.0e-04)
1257.375 .... 1757 packets received, 2862 bps, 35.78%, Err 1006 (1.0e-04)
1259.492 .... 1759 packets received, 2861 bps, 35.76%, Err 1008 (1.0e-04)
1262.405 .... 1764 packets received, 2862 bps, 35.78%, Err 1011 (1.0e-04)
1267.171 .... 1770 packets received, 2861 bps, 35.77%, Err 1013 (1.0e-04)
1271.133 .... 1773 packets received, 2857 bps, 35.72%, Err 1017 (1.0e-04)
1274.290 .... 1779 packets received, 2860 bps, 35.75%, Err 1019 (1.0e-04)
1276.693 .... 1782 packets received, 2859 bps, 35.74%, Err 1021 (1.0e-04)
1280.127 .... 1789 packets received, 2863 bps, 35.78%, Err 1022 (1.0e-04)
1286.202 .... 1794 packets received, 2857 bps, 35.71%, Err 1032 (1.0e-04)
1288.330 .... 1796 packets received, 2856 bps, 35.70%, Err 1032 (1.0e-04)
1293.613 .... 1804 packets received, 2857 bps, 35.71%, Err 1035 (1.0e-04)
1296.527 .... 1809 packets received, 2858 bps, 35.73%, Err 1037 (1.0e-04)
1298.910 .... 1812 packets received, 2858 bps, 35.72%, Err 1038 (1.0e-04)
1302.091 .... 1818 packets received, 2860 bps, 35.75%, Err 1041 (1.0e-04)
1306.052 .... 1821 packets received, 2856 bps, 35.70%, Err 1047 (1.0e-04)
1310.832 .... 1827 packets received, 2855 bps, 35.69%, Err 1050 (1.0e-04)
1313.989 .... 1833 packets received, 2858 bps, 35.72%, Err 1052 (1.0e-04)
1316.102 .... 1835 packets received, 2856 bps, 35.70%, Err 1053 (1.0e-04)
1318.486 .... 1838 packets received, 2856 bps, 35.69%, Err 1054 (1.0e-04)
1323.270 .... 1844 packets received, 2855 bps, 35.68%, Err 1058 (1.0e-04)
1328.569 .... 1846 packets received, 2846 bps, 35.58%, Err 1063 (1.0e-04)
1330.684 .... 1848 packets received, 2845 bps, 35.56%, Err 1065 (1.0e-04)
1333.845 .... 1854 packets received, 2847 bps, 35.59%, Err 1068 (1.0e-04)
1335.958 .... 1856 packets received, 2846 bps, 35.57%, Err 1070 (1.0e-04)
1339.132 .... 1862 packets received, 2848 bps, 35.60%, Err 1073 (1.0e-04)
1341.243 .... 1870 packets received, 2856 bps, 35.70%, Err 1073 (1.0e-04)
1343.354 .... 1872 packets received, 2855 bps, 35.68%, Err 1074 (1.0e-04)
1345.725 .... 1875 packets received, 2854 bps, 35.68%, Err 1075 (1.0e-04)
1351.041 .... 1877 packets received, 2846 bps, 35.57%, Err 1081 (1.0e-04)
1355.538 .... 1882 packets received, 2844 bps, 35.55%, Err 1085 (1.0e-04)
1360.033 .... 1887 packets received, 2842 bps, 35.53%, Err 1092 (1.0e-04)
1364.273 .... 1891 packets received, 2839 bps, 35.49%, Err 1096 (1.0e-04)
1366.903 .... 1895 packets received, 2840 bps, 35.50%, Err 1101 (1.0e-04)
1369.015 .... 1897 packets received, 2838 bps, 35.48%, Err 1106 (1.0e-04)
1371.919 .... 1902 packets received, 2840 bps, 35.50%, Err 1106 (1.0e-04)
1375.627 .... 1904 packets received, 2835 bps, 35.44%, Err 1111 (1.0e-04)
1379.090 .... 1905 packets received, 2830 bps, 35.37%, Err 1115 (1.0e-04)
1381.202 .... 1913 packets received, 2837 bps, 35.46%, Err 1115 (1.0e-04)
1384.637 .... 1914 packets received, 2832 bps, 35.39%, Err 1117 (1.0e-04)
1388.349 .... 1922 packets received, 2836 bps, 35.45%, Err 1117 (1.0e-04)
1390.719 .... 1925 packets received, 2835 bps, 35.44%, Err 1120 (1.0e-04)
1393.892 .... 1931 packets received, 2838 bps, 35.47%, Err 1121 (1.0e-04)
1398.665 .... 1937 packets received, 2837 bps, 35.46%, Err 1127 (1.0e-04)
1401.293 .... 1941 packets received, 2837 bps, 35.47%, Err 1130 (1.0e-04)
1403.389 .... 1943 packets received, 2836 bps, 35.45%, Err 1130 (1.0e-04)
1406.306 .... 1948 packets received, 2837 bps, 35.47%, Err 1131 (1.0e-04)
1409.481 .... 1954 packets received, 2840 bps, 35.50%, Err 1135 (1.0e-04)
1412.398 .... 1959 packets received, 2841 bps, 35.51%, Err 1137 (1.0e-04)
1415.544 .... 1965 packets received, 2844 bps, 35.54%, Err 1138 (1.0e-04)
1417.668 .... 1967 packets received, 2842 bps, 35.53%, Err 1140 (1.0e-04)
1420.308 .... 1971 packets received, 2843 bps, 35.53%, Err 1143 (1.0e-04)
1422.436 .... 1979 packets received, 2850 bps, 35.62%, Err 1143 (1.0e-04)
1424.533 .... 1981 packets received, 2849 bps, 35.61%, Err 1146 (1.0e-04)
1429.559 .... 1988 packets received, 2849 bps, 35.61%, Err 1152 (1.0e-04)
1434.327 .... 1994 packets received, 2848 bps, 35.60%, Err 1156 (1.0e-04)
1437.515 .... 2000 packets received, 2850 bps, 35.62%, Err 1158 (1.0e-04)
1442.269 .... 2006 packets received, 2849 bps, 35.61%, Err 1161 (1.0e-04)
1445.444 .... 2012 packets received, 2851 bps, 35.64%, Err 1162 (1.0e-04)
1447.556 .... 2014 packets received, 2850 bps, 35.62%, Err 1163 (1.0e-04)
1450.471 .... 2019 packets received, 2851 bps, 35.64%, Err 1164 (1.0e-04)
1456.821 .... 2025 packets received, 2847 bps, 35.59%, Err 1170 (1.0e-04)
1460.255 .... 2032 packets received, 2850 bps, 35.63%, Err 1172 (1.0e-04)
1464.764 .... 2037 packets received, 2849 bps, 35.61%, Err 1176 (1.0e-04)
1467.409 .... 2041 packets received, 2849 bps, 35.61%, Err 1179 (1.0e-04)
1469.521 .... 2043 packets received, 2848 bps, 35.60%, Err 1181 (1.0e-04)
1472.701 .... 2049 packets received, 2850 bps, 35.62%, Err 1186 (1.0e-04)
1475.881 .... 2055 packets received, 2852 bps, 35.65%, Err 1189 (1.0e-04)
1477.995 .... 2057 packets received, 2851 bps, 35.64%, Err 1190 (1.0e-04)
1481.152 .... 2063 packets received, 2853 bps, 35.66%, Err 1190 (1.0e-04)
1484.342 .... 2069 packets received, 2855 bps, 35.69%, Err 1193 (1.0e-04)
1486.453 .... 2071 packets received, 2854 bps, 35.67%, Err 1195 (1.0e-04)
1489.389 .... 2076 packets received, 2855 bps, 35.69%, Err 1197 (1.0e-04)
1491.491 .... 2078 packets received, 2854 bps, 35.67%, Err 1199 (1.0e-04)
1493.617 .... 2080 packets received, 2853 bps, 35.66%, Err 1202 (1.0e-04)
1495.989 .... 2083 packets received, 2852 bps, 35.65%, Err 1203 (1.0e-04)
1498.635 .... 2087 packets received, 2853 bps, 35.66%, Err 1205 (1.0e-04)
1503.386 .... 2093 packets received, 2852 bps, 35.65%, Err 1209 (1.0e-04)
1507.881 .... 2098 packets received, 2850 bps, 35.63%, Err 1211 (1.0e-04)
1511.077 .... 2104 packets received, 2852 bps, 35.65%, Err 1211 (1.0e-04)
1513.189 .... 2112 packets received, 2859 bps, 35.74%, Err 1212 (1.0e-04)
1515.300 .... 2114 packets received, 2858 bps, 35.72%, Err 1212 (1.0e-04)
1517.395 .... 2116 packets received, 2856 bps, 35.71%, Err 1214 (1.0e-04)
1520.597 .... 2122 packets received, 2859 bps, 35.73%, Err 1216 (1.0e-04)
1522.964 .... 2125 packets received, 2858 bps, 35.73%, Err 1218 (1.0e-04)
1526.941 .... 2128 packets received, 2855 bps, 35.68%, Err 1223 (1.0e-04)
1529.055 .... 2130 packets received, 2853 bps, 35.67%, Err 1226 (1.0e-04)
1531.719 .... 2134 packets received, 2854 bps, 35.67%, Err 1227 (1.0e-04)
1534.879 .... 2140 packets received, 2856 bps, 35.70%, Err 1229 (1.0e-04)
1537.006 .... 2142 packets received, 2855 bps, 35.68%, Err 1230 (1.0e-04)
1540.430 .... 2149 packets received, 2858 bps, 35.72%, Err 1232 (1.0e-04)
1542.813 .... 2152 packets received, 2857 bps, 35.71%, Err 1235 (1.0e-04)
1544.924 .... 2154 packets received, 2856 bps, 35.70%, Err 1238 (1.0e-04)
1548.645 .... 2162 packets received, 2860 bps, 35.75%, Err 1239 (1.0e-04)
1553.399 .... 2168 packets received, 2859 bps, 35.74%, Err 1247 (1.0e-04)
1555.783 .... 2171 packets received, 2858 bps, 35.73%, Err 1248 (1.0e-04)
1558.957 .... 2177 packets received, 2860 bps, 35.76%, Err 1250 (1.0e-04)
1563.728 .... 2183 packets received, 2860 bps, 35.74%, Err 1253 (1.0e-04)
1566.916 .... 2189 packets received, 2862 bps, 35.77%, Err 1254 (1.0e-04)
1571.673 .... 2195 packets received, 2861 bps, 35.76%, Err 1256 (1.0e-04)
1574.593 .... 2200 packets received, 2862 bps, 35.77%, Err 1258 (1.0e-04)
1576.694 .... 2202 packets received, 2861 bps, 35.76%, Err 1260 (1.0e-04)
1578.807 .... 2204 packets received, 2860 bps, 35.74%, Err 1263 (1.0e-04)
1581.192 .... 2207 packets received, 2859 bps, 35.74%, Err 1266 (1.0e-04)
1584.629 .... 2208 packets received, 2854 bps, 35.68%, Err 1268 (1.0e-04)
1587.546 .... 2213 packets received, 2855 bps, 35.69%, Err 1270 (1.0e-04)
1590.733 .... 2219 packets received, 2857 bps, 35.72%, Err 1273 (1.0e-04)
1593.910 .... 2225 packets received, 2859 bps, 35.74%, Err 1276 (1.0e-04)
1596.809 .... 2230 packets received, 2861 bps, 35.76%, Err 1281 (1.0e-04)
1599.985 .... 2236 packets received, 2863 bps, 35.78%, Err 1282 (1.0e-04)
1603.161 .... 2242 packets received, 2865 bps, 35.81%, Err 1286 (1.0e-04)
1606.610 .... 2243 packets received, 2860 bps, 35.75%, Err 1289 (1.0e-04)
1608.726 .... 2251 packets received, 2866 bps, 35.83%, Err 1289 (1.0e-04)
1610.837 .... 2253 packets received, 2865 bps, 35.81%, Err 1289 (1.0e-04)
1614.819 .... 2256 packets received, 2862 bps, 35.77%, Err 1296 (1.0e-04)
1618.510 .... 2264 packets received, 2865 bps, 35.82%, Err 1298 (1.0e-04)
1621.682 .... 2270 packets received, 2867 bps, 35.84%, Err 1301 (1.0e-04)
1628.291 .... 2271 packets received, 2857 bps, 35.71%, Err 1306 (1.0e-04)
1631.480 .... 2277 packets received, 2859 bps, 35.74%, Err 1309 (1.0e-04)
1633.589 .... 2279 packets received, 2858 bps, 35.72%, Err 1311 (1.0e-04)
1636.491 .... 2284 packets received, 2859 bps, 35.74%, Err 1313 (1.0e-04)
1639.678 .... 2290 packets received, 2861 bps, 35.76%, Err 1315 (1.0e-04)
1642.849 .... 2296 packets received, 2863 bps, 35.78%, Err 1317 (1.0e-04)
1646.022 .... 2302 packets received, 2865 bps, 35.81%, Err 1319 (1.0e-04)
1648.651 .... 2306 packets received, 2865 bps, 35.81%, Err 1322 (1.0e-04)
1652.098 .... 2307 packets received, 2860 bps, 35.75%, Err 1324 (1.0e-04)
1654.754 .... 2311 packets received, 2861 bps, 35.76%, Err 1326 (1.0e-04)
1658.186 .... 2318 packets received, 2863 bps, 35.79%, Err 1328 (1.0e-04)
1661.086 .... 2323 packets received, 2865 bps, 35.81%, Err 1332 (1.0e-04)
1663.210 .... 2325 packets received, 2863 bps, 35.79%, Err 1333 (1.0e-04)
1666.126 .... 2330 packets received, 2865 bps, 35.81%, Err 1334 (1.0e-04)
1669.557 .... 2337 packets received, 2867 bps, 35.84%, Err 1336 (1.0e-04)
1671.925 .... 2340 packets received, 2867 bps, 35.84%, Err 1337 (1.0e-04)
1676.693 .... 2346 packets received, 2866 bps, 35.83%, Err 1340 (1.0e-04)
1680.415 .... 2348 packets received, 2862 bps, 35.78%, Err 1345 (1.0e-04)
1683.846 .... 2355 packets received, 2865 bps, 35.81%, Err 1346 (1.0e-04)
1689.650 .... 2359 packets received, 2860 bps, 35.75%, Err 1353 (1.0e-04)
1691.781 .... 2361 packets received, 2859 bps, 35.73%, Err 1355 (1.0e-04)
1694.424 .... 2365 packets received, 2859 bps, 35.74%, Err 1356 (1.0e-04)
1697.087 .... 2369 packets received, 2859 bps, 35.74%, Err 1359 (1.0e-04)
1700.259 .... 2375 packets received, 2861 bps, 35.77%, Err 1361 (1.0e-04)
1703.422 .... 2381 packets received, 2863 bps, 35.79%, Err 1363 (1.0e-04)
1707.645 .... 2385 packets received, 2861 bps, 35.76%, Err 1367 (1.0e-04)
1710.018 .... 2388 packets received, 2860 bps, 35.76%, Err 1370 (1.0e-04)
1714.781 .... 2394 packets received, 2860 bps, 35.75%, Err 1373 (1.0e-04)
1716.891 .... 2402 packets received, 2866 bps, 35.82%, Err 1373 (1.0e-04)
1719.531 .... 2406 packets received, 2866 bps, 35.83%, Err 1375 (1.0e-04)
1721.911 .... 2409 packets received, 2866 bps, 35.82%, Err 1377 (1.0e-04)
1724.022 .... 2411 packets received, 2865 bps, 35.81%, Err 1377 (1.0e-04)
1726.404 .... 2414 packets received, 2864 bps, 35.80%, Err 1381 (1.0e-04)
1729.575 .... 2420 packets received, 2866 bps, 35.83%, Err 1384 (1.0e-04)
1732.472 .... 2425 packets received, 2867 bps, 35.84%, Err 1386 (1.0e-04)
1735.131 .... 2429 packets received, 2867 bps, 35.84%, Err 1390 (1.0e-04)
1739.090 .... 2432 packets received, 2864 bps, 35.81%, Err 1394 (1.0e-04)
1741.992 .... 2437 packets received, 2866 bps, 35.82%, Err 1395 (1.0e-04)
1744.116 .... 2439 packets received, 2864 bps, 35.81%, Err 1398 (1.0e-04)
1746.243 .... 2441 packets received, 2863 bps, 35.79%, Err 1401 (1.0e-04)
1748.340 .... 2443 packets received, 2862 bps, 35.78%, Err 1401 (1.0e-04)
1750.467 .... 2451 packets received, 2868 bps, 35.85%, Err 1401 (1.0e-04)
1753.383 .... 2456 packets received, 2869 bps, 35.86%, Err 1405 (1.0e-04)
1755.479 .... 2464 packets received, 2875 bps, 35.94%, Err 1406 (1.0e-04)
1760.766 .... 2466 packets received, 2869 bps, 35.86%, Err 1414 (1.0e-04)
1763.149 .... 2469 packets received, 2868 bps, 35.85%, Err 1418 (1.0e-04)
1767.917 .... 2475 packets received, 2868 bps, 35.84%, Err 1420 (1.0e-04)
1770.012 .... 2477 packets received, 2866 bps, 35.83%, Err 1422 (1.0e-04)
1772.942 .... 2482 packets received, 2868 bps, 35.84%, Err 1425 (1.0e-04)
1775.070 .... 2484 packets received, 2866 bps, 35.83%, Err 1426 (1.0e-04)
1779.309 .... 2488 packets received, 2864 bps, 35.80%, Err 1429 (1.0e-04)
1782.727 .... 2495 packets received, 2867 bps, 35.83%, Err 1431 (1.0e-04)
1785.112 .... 2498 packets received, 2866 bps, 35.83%, Err 1432 (1.0e-04)
1788.805 .... 2506 packets received, 2870 bps, 35.87%, Err 1435 (1.0e-04)
1792.497 .... 2508 packets received, 2866 bps, 35.82%, Err 1437 (1.0e-04)
1794.897 .... 2511 packets received, 2866 bps, 35.82%, Err 1441 (1.0e-04)
1797.510 .... 2515 packets received, 2866 bps, 35.82%, Err 1442 (1.0e-04)
1800.686 .... 2521 packets received, 2868 bps, 35.85%, Err 1444 (1.0e-04)
1804.925 .... 2525 packets received, 2866 bps, 35.82%, Err 1446 (1.0e-04)
1807.553 .... 2529 packets received, 2866 bps, 35.82%, Err 1448 (1.0e-04)
1810.743 .... 2535 packets received, 2868 bps, 35.85%, Err 1451 (1.0e-04)
1812.841 .... 2537 packets received, 2867 bps, 35.83%, Err 1452 (1.0e-04)
1815.239 .... 2540 packets received, 2866 bps, 35.83%, Err 1455 (1.0e-04)
1817.364 .... 2542 packets received, 2865 bps, 35.81%, Err 1455 (1.0e-04)
1820.265 .... 2547 packets received, 2866 bps, 35.83%, Err 1458 (1.0e-04)
1822.893 .... 2551 packets received, 2866 bps, 35.83%, Err 1463 (1.0e-04)
1825.294 .... 2554 packets received, 2866 bps, 35.83%, Err 1465 (1.0e-04)
1827.406 .... 2556 packets received, 2865 bps, 35.81%, Err 1466 (1.0e-04)
1830.824 .... 2557 packets received, 2861 bps, 35.76%, Err 1468 (1.0e-04)
1836.138 .... 2565 packets received, 2861 bps, 35.77%, Err 1471 (1.0e-04)
1838.251 .... 2567 packets received, 2860 bps, 35.75%, Err 1471 (1.0e-04)
1841.696 .... 2574 packets received, 2863 bps, 35.78%, Err 1473 (1.0e-04)
1845.402 .... 2576 packets received, 2859 bps, 35.74%, Err 1477 (1.0e-04)
1848.315 .... 2581 packets received, 2860 bps, 35.75%, Err 1480 (1.0e-04)
1851.760 .... 2582 packets received, 2856 bps, 35.70%, Err 1484 (1.0e-04)
1858.104 .... 2588 packets received, 2853 bps, 35.66%, Err 1490 (1.0e-04)
1863.412 .... 2590 packets received, 2847 bps, 35.59%, Err 1493 (1.0e-04)
1866.576 .... 2596 packets received, 2849 bps, 35.61%, Err 1495 (1.0e-04)
1869.752 .... 2602 packets received, 2850 bps, 35.63%, Err 1498 (1.0e-04)
1873.458 .... 2604 packets received, 2847 bps, 35.59%, Err 1505 (1.0e-04)
1875.569 .... 2606 packets received, 2846 bps, 35.58%, Err 1505 (1.0e-04)
1878.470 .... 2611 packets received, 2847 bps, 35.59%, Err 1506 (1.0e-04)
1881.659 .... 2617 packets received, 2849 bps, 35.61%, Err 1509 (1.0e-04)
1883.769 .... 2619 packets received, 2848 bps, 35.60%, Err 1509 (1.0e-04)
1886.672 .... 2624 packets received, 2849 bps, 35.61%, Err 1509 (1.0e-04)
1889.865 .... 2630 packets received, 2850 bps, 35.63%, Err 1510 (1.0e-04)
1893.039 .... 2636 packets received, 2852 bps, 35.65%, Err 1513 (1.0e-04)
1897.509 .... 2641 packets received, 2851 bps, 35.64%, Err 1516 (1.0e-04)
1905.736 .... 2648 packets received, 2846 bps, 35.58%, Err 1525 (1.0e-04)
1907.846 .... 2650 packets received, 2845 bps, 35.56%, Err 1526 (1.0e-04)
1910.231 .... 2653 packets received, 2845 bps, 35.56%, Err 1529 (1.0e-04)
1912.346 .... 2655 packets received, 2844 bps, 35.55%, Err 1529 (1.0e-04)
1914.459 .... 2657 packets received, 2843 bps, 35.53%, Err 1531 (1.0e-04)
1916.569 .... 2665 packets received, 2848 bps, 35.60%, Err 1532 (1.0e-04)
1918.681 .... 2667 packets received, 2847 bps, 35.59%, Err 1535 (1.0e-04)
1921.080 .... 2670 packets received, 2847 bps, 35.59%, Err 1536 (1.0e-04)
1924.767 .... 2678 packets received, 2850 bps, 35.62%, Err 1539 (1.0e-04)
1927.403 .... 2682 packets received, 2850 bps, 35.63%, Err 1542 (1.0e-04)
1929.786 .... 2685 packets received, 2850 bps, 35.62%, Err 1544 (1.0e-04)
1932.991 .... 2691 packets received, 2852 bps, 35.64%, Err 1548 (1.0e-04)
1936.695 .... 2693 packets received, 2848 bps, 35.60%, Err 1553 (1.0e-04)
1938.821 .... 2701 packets received, 2854 bps, 35.67%, Err 1554 (1.0e-04)
1942.510 .... 2703 packets received, 2850 bps, 35.63%, Err 1557 (1.0e-04)
1947.263 .... 2709 packets received, 2850 bps, 35.62%, Err 1558 (1.0e-04)
1949.911 .... 2713 packets received, 2850 bps, 35.62%, Err 1561 (1.0e-04)
1953.591 .... 2715 packets received, 2847 bps, 35.58%, Err 1564 (1.0e-04)
1958.352 .... 2721 packets received, 2846 bps, 35.57%, Err 1567 (1.0e-04)
1961.010 .... 2725 packets received, 2846 bps, 35.58%, Err 1569 (1.0e-04)
1963.396 .... 2728 packets received, 2846 bps, 35.57%, Err 1572 (1.0e-04)
1965.782 .... 2731 packets received, 2846 bps, 35.57%, Err 1574 (1.0e-04)
1968.701 .... 2736 packets received, 2847 bps, 35.58%, Err 1576 (1.0e-04)
1970.801 .... 2738 packets received, 2846 bps, 35.57%, Err 1578 (1.0e-04)
1972.910 .... 2740 packets received, 2845 bps, 35.56%, Err 1578 (1.0e-04)
1976.635 .... 2742 packets received, 2841 bps, 35.52%, Err 1581 (1.0e-04)
1979.266 .... 2746 packets received, 2842 bps, 35.52%, Err 1583 (1.0e-04)
1984.034 .... 2752 packets received, 2841 bps, 35.51%, Err 1586 (1.0e-04)
1987.195 .... 2758 packets received, 2843 bps, 35.53%, Err 1588 (1.0e-04)
1989.310 .... 2760 packets received, 2842 bps, 35.52%, Err 1592 (1.0e-04)
1991.436 .... 2762 packets received, 2841 bps, 35.51%, Err 1592 (1.0e-04)
1994.095 .... 2766 packets received, 2841 bps, 35.51%, Err 1596 (1.0e-04)
1996.206 .... 2768 packets received, 2840 bps, 35.50%, Err 1597 (1.0e-04)
1999.656 .... 2775 packets received, 2842 bps, 35.53%, Err 1600 (1.0e-04)
2001.772 .... 2777 packets received, 2842 bps, 35.52%, Err 1600 (1.0e-04)
2006.539 .... 2783 packets received, 2841 bps, 35.51%, Err 1603 (1.0e-04)
2010.229 .... 2785 packets received, 2838 bps, 35.47%, Err 1607 (1.0e-04)
2013.406 .... 2791 packets received, 2839 bps, 35.49%, Err 1613 (1.0e-04)
2017.116 .... 2793 packets received, 2836 bps, 35.45%, Err 1616 (1.0e-04)
2019.502 .... 2796 packets received, 2836 bps, 35.45%, Err 1618 (1.0e-04)
2022.143 .... 2800 packets received, 2836 bps, 35.45%, Err 1621 (1.0e-04)
2024.800 .... 2804 packets received, 2837 bps, 35.46%, Err 1623 (1.0e-04)
2026.915 .... 2806 packets received, 2836 bps, 35.44%, Err 1624 (1.0e-04)
2029.820 .... 2811 packets received, 2837 bps, 35.46%, Err 1625 (1.0e-04)
2032.207 .... 2814 packets received, 2836 bps, 35.45%, Err 1627 (1.0e-04)
2035.380 .... 2820 packets received, 2838 bps, 35.47%, Err 1628 (1.0e-04)
2038.550 .... 2826 packets received, 2839 bps, 35.49%, Err 1629 (1.0e-04)
2041.753 .... 2832 packets received, 2841 bps, 35.51%, Err 1631 (1.0e-04)
2044.364 .... 2836 packets received, 2841 bps, 35.52%, Err 1635 (1.0e-04)
2049.419 .... 2837 packets received, 2835 bps, 35.44%, Err 1641 (1.0e-04)
2054.186 .... 2843 packets received, 2835 bps, 35.44%, Err 1644 (1.0e-04)
2056.296 .... 2845 packets received, 2834 bps, 35.42%, Err 1645 (1.0e-04)
2058.680 .... 2848 packets received, 2834 bps, 35.42%, Err 1648 (1.0e-04)
2063.956 .... 2856 packets received, 2834 bps, 35.43%, Err 1655 (1.0e-04)
2066.346 .... 2859 packets received, 2834 bps, 35.43%, Err 1656 (1.0e-04)
2069.807 .... 2866 packets received, 2836 bps, 35.45%, Err 1657 (1.0e-04)
2072.976 .... 2872 packets received, 2838 bps, 35.47%, Err 1662 (1.0e-04)
2075.087 .... 2874 packets received, 2837 bps, 35.46%, Err 1664 (1.0e-04)
2078.267 .... 2880 packets received, 2838 bps, 35.48%, Err 1665 (1.0e-04)
2083.034 .... 2886 packets received, 2838 bps, 35.47%, Err 1666 (1.0e-04)
2085.173 .... 2888 packets received, 2837 bps, 35.46%, Err 1668 (1.0e-04)
2089.924 .... 2894 packets received, 2836 bps, 35.45%, Err 1671 (1.0e-04)
2093.628 .... 2902 packets received, 2839 bps, 35.49%, Err 1671 (1.0e-04)
2096.010 .... 2905 packets received, 2839 bps, 35.49%, Err 1673 (1.0e-04)
2098.124 .... 2907 packets received, 2838 bps, 35.47%, Err 1677 (1.0e-04)
2101.555 .... 2908 packets received, 2834 bps, 35.43%, Err 1680 (1.0e-04)
2104.713 .... 2914 packets received, 2836 bps, 35.45%, Err 1682 (1.0e-04)
2108.679 .... 2917 packets received, 2833 bps, 35.42%, Err 1687 (1.0e-04)
2111.064 .... 2920 packets received, 2833 bps, 35.41%, Err 1689 (1.0e-04)
2114.238 .... 2926 packets received, 2835 bps, 35.43%, Err 1691 (1.0e-04)
2116.347 .... 2928 packets received, 2834 bps, 35.42%, Err 1694 (1.0e-04)
2118.473 .... 2930 packets received, 2833 bps, 35.41%, Err 1694 (1.0e-04)
2120.586 .... 2932 packets received, 2832 bps, 35.40%, Err 1695 (1.0e-04)
2123.768 .... 2938 packets received, 2834 bps, 35.42%, Err 1697 (1.0e-04)
2130.114 .... 2944 packets received, 2831 bps, 35.39%, Err 1705 (1.0e-04)
2132.513 .... 2947 packets received, 2831 bps, 35.38%, Err 1708 (1.0e-04)
2134.624 .... 2949 packets received, 2830 bps, 35.37%, Err 1709 (1.0e-04)
2137.543 .... 2954 packets received, 2831 bps, 35.38%, Err 1711 (1.0e-04)
2140.702 .... 2960 packets received, 2832 bps, 35.40%, Err 1711 (1.0e-04)
2142.812 .... 2962 packets received, 2831 bps, 35.39%, Err 1715 (1.0e-04)
2144.927 .... 2964 packets received, 2830 bps, 35.38%, Err 1719 (1.0e-04)
2147.056 .... 2966 packets received, 2830 bps, 35.37%, Err 1719 (1.0e-04)
2150.487 .... 2973 packets received, 2832 bps, 35.40%, Err 1725 (1.0e-04)
2153.645 .... 2979 packets received, 2833 bps, 35.42%, Err 1727 (1.0e-04)
2156.822 .... 2985 packets received, 2835 bps, 35.43%, Err 1728 (1.0e-04)
2159.729 .... 2990 packets received, 2836 bps, 35.45%, Err 1729 (1.0e-04)
2162.905 .... 2996 packets received, 2837 bps, 35.47%, Err 1731 (1.0e-04)
2165.020 .... 2998 packets received, 2836 bps, 35.45%, Err 1732 (1.0e-04)
2167.935 .... 3003 packets received, 2837 bps, 35.47%, Err 1735 (1.0e-04)
2171.121 .... 3009 packets received, 2839 bps, 35.48%, Err 1737 (1.0e-04)
2174.796 .... 3011 packets received, 2836 bps, 35.45%, Err 1740 (1.0e-04)
2177.714 .... 3016 packets received, 2837 bps, 35.46%, Err 1741 (1.0e-04)
2181.162 .... 3023 packets received, 2839 bps, 35.49%, Err 1742 (1.0e-04)
2185.143 .... 3026 packets received, 2836 bps, 35.46%, Err 1746 (1.0e-04)
2187.255 .... 3034 packets received, 2841 bps, 35.52%, Err 1746 (1.0e-04)
2189.641 .... 3037 packets received, 2841 bps, 35.51%, Err 1749 (1.0e-04)
2193.349 .... 3039 packets received, 2838 bps, 35.47%, Err 1755 (1.0e-04)
2196.508 .... 3045 packets received, 2839 bps, 35.49%, Err 1756 (1.0e-04)
2198.894 .... 3048 packets received, 2839 bps, 35.49%, Err 1760 (1.0e-04)
2205.275 .... 3054 packets received, 2837 bps, 35.46%, Err 1764 (1.0e-04)
2207.631 .... 3057 packets received, 2836 bps, 35.45%, Err 1766 (1.0e-04)
2210.822 .... 3063 packets received, 2838 bps, 35.47%, Err 1768 (1.0e-04)
2213.737 .... 3068 packets received, 2839 bps, 35.48%, Err 1773 (1.0e-04)
2216.913 .... 3074 packets received, 2840 bps, 35.50%, Err 1775 (1.0e-04)
2219.026 .... 3076 packets received, 2839 bps, 35.49%, Err 1779 (1.0e-04)
2224.341 .... 3078 packets received, 2834 bps, 35.43%, Err 1783 (1.0e-04)
2226.984 .... 3082 packets received, 2835 bps, 35.43%, Err 1786 (1.0e-04)
2230.159 .... 3088 packets received, 2836 bps, 35.45%, Err 1788 (1.0e-04)
2232.252 .... 3090 packets received, 2835 bps, 35.44%, Err 1790 (1.0e-04)
2235.697 .... 3097 packets received, 2837 bps, 35.47%, Err 1792 (1.0e-04)
2238.080 .... 3100 packets received, 2837 bps, 35.46%, Err 1794 (1.0e-04)
2240.996 .... 3105 packets received, 2838 bps, 35.47%, Err 1796 (1.0e-04)
2243.107 .... 3107 packets received, 2837 bps, 35.46%, Err 1796 (1.0e-04)
2245.490 .... 3110 packets received, 2837 bps, 35.46%, Err 1797 (1.0e-04)
2250.255 .... 3116 packets received, 2836 bps, 35.45%, Err 1804 (1.0e-04)
2253.973 .... 3124 packets received, 2839 bps, 35.49%, Err 1804 (1.0e-04)
2257.146 .... 3130 packets received, 2840 bps, 35.50%, Err 1805 (1.0e-04)
2260.850 .... 3132 packets received, 2837 bps, 35.47%, Err 1808 (1.0e-04)
2263.218 .... 3135 packets received, 2837 bps, 35.47%, Err 1811 (1.0e-04)
2266.421 .... 3141 packets received, 2839 bps, 35.48%, Err 1813 (1.0e-04)
2268.790 .... 3144 packets received, 2838 bps, 35.48%, Err 1816 (1.0e-04)
2270.913 .... 3146 packets received, 2838 bps, 35.47%, Err 1817 (1.0e-04)
2274.098 .... 3152 packets received, 2839 bps, 35.49%, Err 1820 (1.0e-04)
2279.396 .... 3154 packets received, 2834 bps, 35.43%, Err 1828 (1.0e-04)
2282.567 .... 3160 packets received, 2836 bps, 35.45%, Err 1829 (1.0e-04)
2284.691 .... 3162 packets received, 2835 bps, 35.43%, Err 1831 (1.0e-04)
2286.815 .... 3164 packets received, 2834 bps, 35.42%, Err 1832 (1.0e-04)
2288.924 .... 3172 packets received, 2838 bps, 35.48%, Err 1832 (1.0e-04)
2291.048 .... 3174 packets received, 2838 bps, 35.47%, Err 1834 (1.0e-04)
2294.236 .... 3180 packets received, 2839 bps, 35.49%, Err 1838 (1.0e-04)
2299.263 .... 3181 packets received, 2834 bps, 35.42%, Err 1841 (1.0e-04)
2302.433 .... 3187 packets received, 2835 bps, 35.44%, Err 1842 (1.0e-04)
2304.545 .... 3189 packets received, 2834 bps, 35.43%, Err 1844 (1.0e-04)
2307.444 .... 3194 packets received, 2835 bps, 35.44%, Err 1846 (1.0e-04)
2311.147 .... 3202 packets received, 2838 bps, 35.47%, Err 1850 (1.0e-04)
2313.257 .... 3204 packets received, 2837 bps, 35.46%, Err 1851 (1.0e-04)
2316.961 .... 3206 packets received, 2834 bps, 35.43%, Err 1853 (1.0e-04)
2320.148 .... 3212 packets received, 2836 bps, 35.44%, Err 1856 (1.0e-04)
2323.836 .... 3214 packets received, 2833 bps, 35.41%, Err 1860 (1.0e-04)
2325.961 .... 3216 packets received, 2832 bps, 35.40%, Err 1861 (1.0e-04)
2329.132 .... 3222 packets received, 2833 bps, 35.42%, Err 1864 (1.0e-04)
2331.257 .... 3224 packets received, 2833 bps, 35.41%, Err 1865 (1.0e-04)
2333.367 .... 3232 packets received, 2837 bps, 35.46%, Err 1865 (1.0e-04)
2337.070 .... 3234 packets received, 2834 bps, 35.43%, Err 1868 (1.0e-04)
2339.437 .... 3237 packets received, 2834 bps, 35.43%, Err 1872 (1.0e-04)
2341.806 .... 3240 packets received, 2834 bps, 35.42%, Err 1874 (1.0e-04)
2344.190 .... 3243 packets received, 2834 bps, 35.42%, Err 1876 (1.0e-04)
2346.332 .... 3245 packets received, 2833 bps, 35.41%, Err 1877 (1.0e-04)
2349.261 .... 3250 packets received, 2834 bps, 35.42%, Err 1880 (1.0e-04)
2351.371 .... 3252 packets received, 2833 bps, 35.41%, Err 1882 (1.0e-04)
2353.481 .... 3254 packets received, 2832 bps, 35.40%, Err 1882 (1.0e-04)
2357.200 .... 3256 packets received, 2829 bps, 35.37%, Err 1888 (1.0e-04)
2359.829 .... 3260 packets received, 2830 bps, 35.37%, Err 1890 (1.0e-04)
2363.034 .... 3266 packets received, 2831 bps, 35.39%, Err 1891 (1.0e-04)
2366.208 .... 3272 packets received, 2832 bps, 35.40%, Err 1892 (1.0e-04)
2368.320 .... 3274 packets received, 2832 bps, 35.39%, Err 1893 (1.0e-04)
2371.238 .... 3279 packets received, 2832 bps, 35.40%, Err 1896 (1.0e-04)
2373.335 .... 3281 packets received, 2832 bps, 35.39%, Err 1901 (1.0e-04)
2376.526 .... 3287 packets received, 2833 bps, 35.41%, Err 1902 (1.0e-04)
2378.623 .... 3289 packets received, 2832 bps, 35.40%, Err 1908 (1.0e-04)
2381.540 .... 3294 packets received, 2833 bps, 35.41%, Err 1911 (1.0e-04)
2385.263 .... 3296 packets received, 2830 bps, 35.38%, Err 1914 (1.0e-04)
2388.697 .... 3297 packets received, 2827 bps, 35.34%, Err 1917 (1.0e-04)
2393.710 .... 3304 packets received, 2827 bps, 35.34%, Err 1922 (1.0e-04)
2396.385 .... 3308 packets received, 2827 bps, 35.34%, Err 1923 (1.0e-04)
2398.496 .... 3316 packets received, 2832 bps, 35.40%, Err 1923 (1.0e-04)
2402.188 .... 3318 packets received, 2829 bps, 35.36%, Err 1926 (1.0e-04)
2405.896 .... 3326 packets received, 2832 bps, 35.39%, Err 1926 (1.0e-04)
2408.539 .... 3330 packets received, 2832 bps, 35.40%, Err 1928 (1.0e-04)
2410.666 .... 3332 packets received, 2831 bps, 35.39%, Err 1930 (1.0e-04)
2412.793 .... 3334 packets received, 2830 bps, 35.38%, Err 1932 (1.0e-04)
2414.892 .... 3336 packets received, 2829 bps, 35.37%, Err 1933 (1.0e-04)
2418.079 .... 3342 packets received, 2831 bps, 35.39%, Err 1934 (1.0e-04)
2420.448 .... 3345 packets received, 2831 bps, 35.38%, Err 1938 (1.0e-04)
2423.652 .... 3351 packets received, 2832 bps, 35.40%, Err 1938 (1.0e-04)
2426.279 .... 3355 packets received, 2832 bps, 35.40%, Err 1941 (1.0e-04)
2428.405 .... 3357 packets received, 2831 bps, 35.39%, Err 1943 (1.0e-04)
2430.531 .... 3359 packets received, 2831 bps, 35.38%, Err 1945 (1.0e-04)
2434.234 .... 3361 packets received, 2828 bps, 35.35%, Err 1948 (1.0e-04)
2436.360 .... 3363 packets received, 2827 bps, 35.34%, Err 1949 (1.0e-04)
2439.275 .... 3368 packets received, 2828 bps, 35.35%, Err 1951 (1.0e-04)
2444.556 .... 3370 packets received, 2824 bps, 35.30%, Err 1961 (1.0e-04)
2447.728 .... 3376 packets received, 2825 bps, 35.31%, Err 1962 (1.0e-04)
2450.900 .... 3382 packets received, 2826 bps, 35.33%, Err 1962 (1.0e-04)
2458.843 .... 3388 packets received, 2822 bps, 35.28%, Err 1973 (1.0e-04)
2462.519 .... 3396 packets received, 2825 bps, 35.31%, Err 1975 (1.0e-04)
2464.647 .... 3404 packets received, 2829 bps, 35.36%, Err 1975 (1.0e-04)
2466.758 .... 3406 packets received, 2828 bps, 35.35%, Err 1976 (1.0e-04)
2468.869 .... 3408 packets received, 2827 bps, 35.34%, Err 1977 (1.0e-04)
2470.993 .... 3410 packets received, 2827 bps, 35.33%, Err 1979 (1.0e-04)
2473.633 .... 3414 packets received, 2827 bps, 35.34%, Err 1980 (1.0e-04)
2476.835 .... 3420 packets received, 2828 bps, 35.35%, Err 1982 (1.0e-04)
2478.945 .... 3422 packets received, 2827 bps, 35.34%, Err 1982 (1.0e-04)
2482.148 .... 3428 packets received, 2829 bps, 35.36%, Err 1983 (1.0e-04)
2485.318 .... 3434 packets received, 2830 bps, 35.38%, Err 1984 (1.0e-04)
2488.490 .... 3440 packets received, 2831 bps, 35.39%, Err 1985 (1.0e-04)
2491.662 .... 3446 packets received, 2833 bps, 35.41%, Err 1989 (1.0e-04)
2493.770 .... 3448 packets received, 2832 bps, 35.40%, Err 1991 (1.0e-04)
2499.870 .... 3453 packets received, 2829 bps, 35.36%, Err 1999 (1.0e-04)
2502.253 .... 3456 packets received, 2829 bps, 35.36%, Err 2002 (1.0e-04)
2506.731 .... 3461 packets received, 2828 bps, 35.35%, Err 2006 (1.0e-04)
2508.856 .... 3463 packets received, 2827 bps, 35.34%, Err 2007 (1.0e-04)
2510.967 .... 3465 packets received, 2826 bps, 35.33%, Err 2009 (1.0e-04)
2513.350 .... 3468 packets received, 2826 bps, 35.33%, Err 2011 (1.0e-04)
2515.990 .... 3472 packets received, 2827 bps, 35.33%, Err 2014 (1.0e-04)
2518.646 .... 3476 packets received, 2827 bps, 35.33%, Err 2016 (1.0e-04)
2521.832 .... 3482 packets received, 2828 bps, 35.35%, Err 2019 (1.0e-04)
2525.003 .... 3488 packets received, 2829 bps, 35.37%, Err 2019 (1.0e-04)
2528.192 .... 3494 packets received, 2831 bps, 35.38%, Err 2021 (1.0e-04)
2531.362 .... 3500 packets received, 2832 bps, 35.40%, Err 2025 (1.0e-04)
2534.534 .... 3506 packets received, 2833 bps, 35.42%, Err 2028 (1.0e-04)
2539.027 .... 3511 packets received, 2832 bps, 35.40%, Err 2032 (1.0e-04)
2543.536 .... 3516 packets received, 2831 bps, 35.39%, Err 2036 (1.0e-04)
2547.239 .... 3518 packets received, 2829 bps, 35.36%, Err 2041 (1.0e-04)
2550.957 .... 3520 packets received, 2826 bps, 35.33%, Err 2044 (1.0e-04)
2553.600 .... 3524 packets received, 2827 bps, 35.33%, Err 2048 (1.0e-04)
2555.710 .... 3526 packets received, 2826 bps, 35.32%, Err 2049 (1.0e-04)
2557.835 .... 3528 packets received, 2825 bps, 35.31%, Err 2051 (1.0e-04)
2560.750 .... 3533 packets received, 2826 bps, 35.32%, Err 2053 (1.0e-04)
2562.859 .... 3535 packets received, 2825 bps, 35.31%, Err 2055 (1.0e-04)
2565.499 .... 3539 packets received, 2825 bps, 35.32%, Err 2058 (1.0e-04)
2568.943 .... 3540 packets received, 2822 bps, 35.28%, Err 2060 (1.0e-04)
2573.722 .... 3546 packets received, 2822 bps, 35.27%, Err 2064 (1.0e-04)
2576.897 .... 3552 packets received, 2823 bps, 35.29%, Err 2070 (1.0e-04)
2579.282 .... 3555 packets received, 2823 bps, 35.29%, Err 2072 (1.0e-04)
2582.456 .... 3561 packets received, 2824 bps, 35.30%, Err 2073 (1.0e-04)
2585.356 .... 3566 packets received, 2825 bps, 35.31%, Err 2075 (1.0e-04)
2587.466 .... 3568 packets received, 2824 bps, 35.31%, Err 2076 (1.0e-04)
2589.607 .... 3570 packets received, 2824 bps, 35.30%, Err 2080 (1.0e-04)
2592.750 .... 3576 packets received, 2825 bps, 35.31%, Err 2082 (1.0e-04)
2595.939 .... 3582 packets received, 2826 bps, 35.33%, Err 2082 (1.0e-04)
2599.095 .... 3588 packets received, 2828 bps, 35.34%, Err 2083 (1.0e-04)
2602.287 .... 3594 packets received, 2829 bps, 35.36%, Err 2084 (1.0e-04)
