./gobackn -bu -port 1236 -log nbu.log 
=========================================================================
                          Station B                                 
-------------------------------------------------------------------------
Protocol.lib, version 3.0, Build: Oct 19 2009 (jiangy@public3.bta.net.cn)
Channel: 8000 bps, 270 ms propagation delay, bit error rate 0
Log file "nbu.log", TCP port 1236, debug mask 0x00
Station B is connecting station A (TCP port 1236) ... Done.
New epoch: Sun Nov 22 11:41:54 2009
=========================================================================
Designed by JackalDire
2.575 .... 8 packets received, 7732 bps, 96.65%, Err 0 (0.0e+00)
4.699 .... 16 packets received, 7723 bps, 96.54%, Err 0 (0.0e+00)
6.795 .... 24 packets received, 7754 bps, 96.92%, Err 0 (0.0e+00)
8.903 .... 32 packets received, 7758 bps, 96.98%, Err 0 (0.0e+00)
11.012 .... 40 packets received, 7761 bps, 97.01%, Err 0 (0.0e+00)
13.125 .... 48 packets received, 7759 bps, 96.99%, Err 0 (0.0e+00)
15.239 .... 56 packets received, 7758 bps, 96.98%, Err 0 (0.0e+00)
17.365 .... 64 packets received, 7752 bps, 96.90%, Err 0 (0.0e+00)
19.477 .... 72 packets received, 7752 bps, 96.90%, Err 0 (0.0e+00)
21.587 .... 80 packets received, 7754 bps, 96.92%, Err 0 (0.0e+00)
23.699 .... 88 packets received, 7754 bps, 96.93%, Err 0 (0.0e+00)
25.799 .... 96 packets received, 7758 bps, 96.97%, Err 0 (0.0e+00)
27.916 .... 104 packets received, 7756 bps, 96.96%, Err 0 (0.0e+00)
30.045 .... 112 packets received, 7752 bps, 96.90%, Err 0 (0.0e+00)
32.155 .... 120 packets received, 7753 bps, 96.91%, Err 0 (0.0e+00)
34.264 .... 128 packets received, 7754 bps, 96.92%, Err 0 (0.0e+00)
36.374 .... 136 packets received, 7755 bps, 96.93%, Err 0 (0.0e+00)
38.487 .... 144 packets received, 7755 bps, 96.93%, Err 0 (0.0e+00)
40.599 .... 152 packets received, 7755 bps, 96.93%, Err 0 (0.0e+00)
42.712 .... 160 packets received, 7755 bps, 96.93%, Err 0 (0.0e+00)
44.816 .... 168 packets received, 7756 bps, 96.95%, Err 0 (0.0e+00)
46.932 .... 176 packets received, 7756 bps, 96.94%, Err 0 (0.0e+00)
49.042 .... 184 packets received, 7756 bps, 96.95%, Err 0 (0.0e+00)
51.142 .... 192 packets received, 7758 bps, 96.97%, Err 0 (0.0e+00)
53.257 .... 200 packets received, 7757 bps, 96.97%, Err 0 (0.0e+00)
55.377 .... 208 packets received, 7756 bps, 96.95%, Err 0 (0.0e+00)
57.489 .... 216 packets received, 7756 bps, 96.95%, Err 0 (0.0e+00)
59.590 .... 224 packets received, 7758 bps, 96.97%, Err 0 (0.0e+00)
61.702 .... 232 packets received, 7758 bps, 96.97%, Err 0 (0.0e+00)
63.814 .... 240 packets received, 7758 bps, 96.97%, Err 0 (0.0e+00)
65.941 .... 248 packets received, 7756 bps, 96.95%, Err 0 (0.0e+00)
68.055 .... 256 packets received, 7756 bps, 96.95%, Err 0 (0.0e+00)
70.153 .... 264 packets received, 7757 bps, 96.97%, Err 0 (0.0e+00)
72.267 .... 272 packets received, 7757 bps, 96.97%, Err 0 (0.0e+00)
74.397 .... 280 packets received, 7755 bps, 96.94%, Err 0 (0.0e+00)
76.496 .... 288 packets received, 7757 bps, 96.96%, Err 0 (0.0e+00)
78.595 .... 296 packets received, 7758 bps, 96.98%, Err 0 (0.0e+00)
80.727 .... 304 packets received, 7756 bps, 96.95%, Err 0 (0.0e+00)
82.819 .... 312 packets received, 7758 bps, 96.98%, Err 0 (0.0e+00)
84.943 .... 320 packets received, 7757 bps, 96.96%, Err 0 (0.0e+00)
87.056 .... 328 packets received, 7757 bps, 96.96%, Err 0 (0.0e+00)
89.169 .... 336 packets received, 7757 bps, 96.96%, Err 0 (0.0e+00)
91.279 .... 344 packets received, 7757 bps, 96.96%, Err 0 (0.0e+00)
93.389 .... 352 packets received, 7757 bps, 96.96%, Err 0 (0.0e+00)
95.499 .... 360 packets received, 7757 bps, 96.97%, Err 0 (0.0e+00)
97.608 .... 368 packets received, 7758 bps, 96.97%, Err 0 (0.0e+00)
99.735 .... 376 packets received, 7756 bps, 96.96%, Err 0 (0.0e+00)
101.847 .... 384 packets received, 7756 bps, 96.96%, Err 0 (0.0e+00)
103.954 .... 392 packets received, 7757 bps, 96.96%, Err 0 (0.0e+00)
106.064 .... 400 packets received, 7757 bps, 96.96%, Err 0 (0.0e+00)
108.171 .... 408 packets received, 7757 bps, 96.97%, Err 0 (0.0e+00)
110.298 .... 416 packets received, 7756 bps, 96.95%, Err 0 (0.0e+00)
112.395 .... 424 packets received, 7757 bps, 96.97%, Err 0 (0.0e+00)
114.506 .... 432 packets received, 7757 bps, 96.97%, Err 0 (0.0e+00)
116.629 .... 440 packets received, 7757 bps, 96.96%, Err 0 (0.0e+00)
118.751 .... 448 packets received, 7756 bps, 96.95%, Err 0 (0.0e+00)
120.864 .... 456 packets received, 7756 bps, 96.95%, Err 0 (0.0e+00)
122.964 .... 464 packets received, 7757 bps, 96.96%, Err 0 (0.0e+00)
125.075 .... 472 packets received, 7757 bps, 96.96%, Err 0 (0.0e+00)
127.187 .... 480 packets received, 7757 bps, 96.96%, Err 0 (0.0e+00)
129.291 .... 488 packets received, 7757 bps, 96.97%, Err 0 (0.0e+00)
131.415 .... 496 packets received, 7757 bps, 96.96%, Err 0 (0.0e+00)
133.525 .... 504 packets received, 7757 bps, 96.96%, Err 0 (0.0e+00)
135.643 .... 512 packets received, 7756 bps, 96.96%, Err 0 (0.0e+00)
137.732 .... 520 packets received, 7758 bps, 96.97%, Err 0 (0.0e+00)
139.865 .... 528 packets received, 7757 bps, 96.96%, Err 0 (0.0e+00)
141.965 .... 536 packets received, 7757 bps, 96.97%, Err 0 (0.0e+00)
144.088 .... 544 packets received, 7757 bps, 96.96%, Err 0 (0.0e+00)
146.199 .... 552 packets received, 7757 bps, 96.96%, Err 0 (0.0e+00)
148.312 .... 560 packets received, 7757 bps, 96.96%, Err 0 (0.0e+00)
150.406 .... 568 packets received, 7758 bps, 96.97%, Err 0 (0.0e+00)
152.537 .... 576 packets received, 7757 bps, 96.96%, Err 0 (0.0e+00)
154.647 .... 584 packets received, 7757 bps, 96.96%, Err 0 (0.0e+00)
156.756 .... 592 packets received, 7757 bps, 96.96%, Err 0 (0.0e+00)
158.866 .... 600 packets received, 7757 bps, 96.96%, Err 0 (0.0e+00)
160.974 .... 608 packets received, 7757 bps, 96.97%, Err 0 (0.0e+00)
163.097 .... 616 packets received, 7757 bps, 96.96%, Err 0 (0.0e+00)
165.211 .... 624 packets received, 7757 bps, 96.96%, Err 0 (0.0e+00)
167.319 .... 632 packets received, 7757 bps, 96.96%, Err 0 (0.0e+00)
169.418 .... 640 packets received, 7757 bps, 96.97%, Err 0 (0.0e+00)
171.531 .... 648 packets received, 7757 bps, 96.97%, Err 0 (0.0e+00)
173.655 .... 656 packets received, 7757 bps, 96.96%, Err 0 (0.0e+00)
175.769 .... 664 packets received, 7757 bps, 96.96%, Err 0 (0.0e+00)
177.890 .... 672 packets received, 7756 bps, 96.96%, Err 0 (0.0e+00)
179.984 .... 680 packets received, 7757 bps, 96.97%, Err 0 (0.0e+00)
182.109 .... 688 packets received, 7757 bps, 96.96%, Err 0 (0.0e+00)
184.194 .... 696 packets received, 7758 bps, 96.97%, Err 0 (0.0e+00)
186.322 .... 704 packets received, 7757 bps, 96.96%, Err 0 (0.0e+00)
188.434 .... 712 packets received, 7757 bps, 96.96%, Err 0 (0.0e+00)
190.532 .... 720 packets received, 7758 bps, 96.97%, Err 0 (0.0e+00)
192.663 .... 728 packets received, 7757 bps, 96.96%, Err 0 (0.0e+00)
194.757 .... 736 packets received, 7758 bps, 96.97%, Err 0 (0.0e+00)
196.883 .... 744 packets received, 7757 bps, 96.96%, Err 0 (0.0e+00)
198.992 .... 752 packets received, 7757 bps, 96.97%, Err 0 (0.0e+00)
202.710 .... 760 packets received, 7696 bps, 96.20%, Err 0 (0.0e+00)
205.885 .... 766 packets received, 7637 bps, 95.46%, Err 0 (0.0e+00)
209.058 .... 772 packets received, 7579 bps, 94.74%, Err 0 (0.0e+00)
212.265 .... 778 packets received, 7523 bps, 94.03%, Err 0 (0.0e+00)
215.452 .... 784 packets received, 7468 bps, 93.35%, Err 0 (0.0e+00)
218.633 .... 790 packets received, 7416 bps, 92.70%, Err 0 (0.0e+00)
220.743 .... 798 packets received, 7419 bps, 92.74%, Err 0 (0.0e+00)
222.857 .... 806 packets received, 7422 bps, 92.78%, Err 0 (0.0e+00)
224.954 .... 814 packets received, 7426 bps, 92.82%, Err 0 (0.0e+00)
227.078 .... 822 packets received, 7428 bps, 92.86%, Err 0 (0.0e+00)
229.173 .... 830 packets received, 7432 bps, 92.90%, Err 0 (0.0e+00)
231.285 .... 838 packets received, 7435 bps, 92.94%, Err 0 (0.0e+00)
233.410 .... 846 packets received, 7438 bps, 92.97%, Err 0 (0.0e+00)
235.523 .... 854 packets received, 7440 bps, 93.00%, Err 0 (0.0e+00)
237.635 .... 862 packets received, 7443 bps, 93.04%, Err 0 (0.0e+00)
239.736 .... 870 packets received, 7446 bps, 93.08%, Err 0 (0.0e+00)
241.867 .... 878 packets received, 7448 bps, 93.11%, Err 0 (0.0e+00)
243.963 .... 886 packets received, 7452 bps, 93.15%, Err 0 (0.0e+00)
246.075 .... 894 packets received, 7454 bps, 93.18%, Err 0 (0.0e+00)
248.206 .... 902 packets received, 7456 bps, 93.20%, Err 0 (0.0e+00)
250.291 .... 910 packets received, 7460 bps, 93.25%, Err 0 (0.0e+00)
252.412 .... 918 packets received, 7462 bps, 93.27%, Err 0 (0.0e+00)
254.542 .... 926 packets received, 7464 bps, 93.30%, Err 0 (0.0e+00)
256.656 .... 934 packets received, 7466 bps, 93.33%, Err 0 (0.0e+00)
258.740 .... 942 packets received, 7469 bps, 93.37%, Err 0 (0.0e+00)
260.855 .... 950 packets received, 7472 bps, 93.40%, Err 0 (0.0e+00)
262.969 .... 958 packets received, 7474 bps, 93.42%, Err 0 (0.0e+00)
265.099 .... 966 packets received, 7476 bps, 93.45%, Err 0 (0.0e+00)
267.198 .... 974 packets received, 7478 bps, 93.48%, Err 0 (0.0e+00)
269.310 .... 982 packets received, 7480 bps, 93.51%, Err 0 (0.0e+00)
271.421 .... 990 packets received, 7483 bps, 93.53%, Err 0 (0.0e+00)
273.534 .... 998 packets received, 7485 bps, 93.56%, Err 0 (0.0e+00)
275.660 .... 1006 packets received, 7486 bps, 93.58%, Err 0 (0.0e+00)
277.757 .... 1014 packets received, 7489 bps, 93.61%, Err 0 (0.0e+00)
279.871 .... 1022 packets received, 7491 bps, 93.64%, Err 0 (0.0e+00)
281.984 .... 1030 packets received, 7493 bps, 93.66%, Err 0 (0.0e+00)
284.100 .... 1038 packets received, 7495 bps, 93.68%, Err 0 (0.0e+00)
286.205 .... 1046 packets received, 7497 bps, 93.71%, Err 0 (0.0e+00)
288.310 .... 1054 packets received, 7499 bps, 93.74%, Err 0 (0.0e+00)
290.428 .... 1062 packets received, 7501 bps, 93.76%, Err 0 (0.0e+00)
292.544 .... 1070 packets received, 7502 bps, 93.78%, Err 0 (0.0e+00)
294.662 .... 1078 packets received, 7504 bps, 93.80%, Err 0 (0.0e+00)
296.762 .... 1086 packets received, 7506 bps, 93.83%, Err 0 (0.0e+00)
298.894 .... 1094 packets received, 7507 bps, 93.84%, Err 0 (0.0e+00)
300.992 .... 1102 packets received, 7510 bps, 93.87%, Err 0 (0.0e+00)
303.115 .... 1110 packets received, 7511 bps, 93.89%, Err 0 (0.0e+00)
305.226 .... 1118 packets received, 7513 bps, 93.91%, Err 0 (0.0e+00)
307.323 .... 1126 packets received, 7515 bps, 93.94%, Err 0 (0.0e+00)
309.453 .... 1134 packets received, 7516 bps, 93.95%, Err 0 (0.0e+00)
311.548 .... 1142 packets received, 7518 bps, 93.98%, Err 0 (0.0e+00)
313.658 .... 1150 packets received, 7520 bps, 94.00%, Err 0 (0.0e+00)
315.772 .... 1158 packets received, 7521 bps, 94.02%, Err 0 (0.0e+00)
318.696 .... 1163 packets received, 7484 bps, 93.55%, Err 0 (0.0e+00)
320.808 .... 1171 packets received, 7486 bps, 93.58%, Err 0 (0.0e+00)
322.920 .... 1179 packets received, 7488 bps, 93.60%, Err 0 (0.0e+00)
325.031 .... 1187 packets received, 7490 bps, 93.62%, Err 0 (0.0e+00)
327.129 .... 1195 packets received, 7492 bps, 93.65%, Err 0 (0.0e+00)
329.257 .... 1203 packets received, 7493 bps, 93.66%, Err 0 (0.0e+00)
331.355 .... 1211 packets received, 7495 bps, 93.69%, Err 0 (0.0e+00)
333.466 .... 1219 packets received, 7497 bps, 93.71%, Err 0 (0.0e+00)
335.591 .... 1227 packets received, 7498 bps, 93.73%, Err 0 (0.0e+00)
337.700 .... 1235 packets received, 7500 bps, 93.75%, Err 0 (0.0e+00)
339.810 .... 1243 packets received, 7501 bps, 93.77%, Err 0 (0.0e+00)
341.908 .... 1251 packets received, 7503 bps, 93.79%, Err 0 (0.0e+00)
344.038 .... 1259 packets received, 7505 bps, 93.81%, Err 0 (0.0e+00)
346.147 .... 1267 packets received, 7506 bps, 93.83%, Err 0 (0.0e+00)
348.256 .... 1275 packets received, 7508 bps, 93.85%, Err 0 (0.0e+00)
350.366 .... 1283 packets received, 7509 bps, 93.87%, Err 0 (0.0e+00)
352.488 .... 1291 packets received, 7511 bps, 93.88%, Err 0 (0.0e+00)
354.585 .... 1299 packets received, 7512 bps, 93.90%, Err 0 (0.0e+00)
356.710 .... 1307 packets received, 7514 bps, 93.92%, Err 0 (0.0e+00)
358.819 .... 1315 packets received, 7515 bps, 93.94%, Err 0 (0.0e+00)
360.929 .... 1323 packets received, 7517 bps, 93.96%, Err 0 (0.0e+00)
363.039 .... 1331 packets received, 7518 bps, 93.97%, Err 0 (0.0e+00)
365.147 .... 1339 packets received, 7519 bps, 93.99%, Err 0 (0.0e+00)
367.256 .... 1347 packets received, 7521 bps, 94.01%, Err 0 (0.0e+00)
369.381 .... 1355 packets received, 7522 bps, 94.02%, Err 0 (0.0e+00)
371.491 .... 1363 packets received, 7523 bps, 94.04%, Err 0 (0.0e+00)
373.600 .... 1371 packets received, 7525 bps, 94.06%, Err 0 (0.0e+00)
375.709 .... 1379 packets received, 7526 bps, 94.08%, Err 0 (0.0e+00)
377.832 .... 1387 packets received, 7527 bps, 94.09%, Err 0 (0.0e+00)
379.941 .... 1395 packets received, 7529 bps, 94.11%, Err 0 (0.0e+00)
382.049 .... 1403 packets received, 7530 bps, 94.12%, Err 0 (0.0e+00)
384.157 .... 1411 packets received, 7531 bps, 94.14%, Err 0 (0.0e+00)
386.272 .... 1419 packets received, 7532 bps, 94.15%, Err 0 (0.0e+00)
388.398 .... 1427 packets received, 7533 bps, 94.17%, Err 0 (0.0e+00)
390.509 .... 1435 packets received, 7535 bps, 94.18%, Err 0 (0.0e+00)
392.621 .... 1443 packets received, 7536 bps, 94.20%, Err 0 (0.0e+00)
394.731 .... 1451 packets received, 7537 bps, 94.21%, Err 0 (0.0e+00)
396.826 .... 1459 packets received, 7538 bps, 94.23%, Err 0 (0.0e+00)
398.952 .... 1467 packets received, 7539 bps, 94.24%, Err 0 (0.0e+00)
401.049 .... 1475 packets received, 7541 bps, 94.26%, Err 0 (0.0e+00)
403.159 .... 1483 packets received, 7542 bps, 94.27%, Err 0 (0.0e+00)
405.271 .... 1491 packets received, 7543 bps, 94.29%, Err 0 (0.0e+00)
407.398 .... 1499 packets received, 7544 bps, 94.30%, Err 0 (0.0e+00)
409.513 .... 1507 packets received, 7545 bps, 94.31%, Err 0 (0.0e+00)
411.626 .... 1515 packets received, 7546 bps, 94.33%, Err 0 (0.0e+00)
413.723 .... 1523 packets received, 7547 bps, 94.34%, Err 0 (0.0e+00)
415.853 .... 1531 packets received, 7548 bps, 94.35%, Err 0 (0.0e+00)
417.951 .... 1539 packets received, 7549 bps, 94.37%, Err 0 (0.0e+00)
420.064 .... 1547 packets received, 7551 bps, 94.38%, Err 0 (0.0e+00)
422.183 .... 1555 packets received, 7551 bps, 94.39%, Err 0 (0.0e+00)
424.291 .... 1563 packets received, 7553 bps, 94.41%, Err 0 (0.0e+00)
426.402 .... 1571 packets received, 7554 bps, 94.42%, Err 0 (0.0e+00)
428.513 .... 1579 packets received, 7555 bps, 94.43%, Err 0 (0.0e+00)
430.626 .... 1587 packets received, 7556 bps, 94.44%, Err 0 (0.0e+00)
432.722 .... 1595 packets received, 7557 bps, 94.46%, Err 0 (0.0e+00)
434.851 .... 1603 packets received, 7558 bps, 94.47%, Err 0 (0.0e+00)
436.963 .... 1611 packets received, 7558 bps, 94.48%, Err 0 (0.0e+00)
439.061 .... 1619 packets received, 7560 bps, 94.50%, Err 0 (0.0e+00)
441.189 .... 1627 packets received, 7560 bps, 94.50%, Err 0 (0.0e+00)
443.291 .... 1635 packets received, 7561 bps, 94.52%, Err 0 (0.0e+00)
445.420 .... 1643 packets received, 7562 bps, 94.53%, Err 0 (0.0e+00)
447.518 .... 1651 packets received, 7563 bps, 94.54%, Err 0 (0.0e+00)
449.632 .... 1659 packets received, 7564 bps, 94.55%, Err 0 (0.0e+00)
451.747 .... 1667 packets received, 7565 bps, 94.56%, Err 0 (0.0e+00)
453.863 .... 1675 packets received, 7566 bps, 94.57%, Err 0 (0.0e+00)
455.963 .... 1683 packets received, 7567 bps, 94.59%, Err 0 (0.0e+00)
458.078 .... 1691 packets received, 7568 bps, 94.60%, Err 0 (0.0e+00)
460.194 .... 1699 packets received, 7569 bps, 94.61%, Err 0 (0.0e+00)
462.310 .... 1707 packets received, 7569 bps, 94.62%, Err 0 (0.0e+00)
464.410 .... 1715 packets received, 7570 bps, 94.63%, Err 0 (0.0e+00)
466.524 .... 1723 packets received, 7571 bps, 94.64%, Err 0 (0.0e+00)
468.641 .... 1731 packets received, 7572 bps, 94.65%, Err 0 (0.0e+00)
470.749 .... 1739 packets received, 7573 bps, 94.66%, Err 0 (0.0e+00)
472.864 .... 1747 packets received, 7574 bps, 94.67%, Err 0 (0.0e+00)
474.979 .... 1755 packets received, 7574 bps, 94.68%, Err 0 (0.0e+00)
477.096 .... 1763 packets received, 7575 bps, 94.69%, Err 0 (0.0e+00)
479.196 .... 1771 packets received, 7576 bps, 94.70%, Err 0 (0.0e+00)
481.328 .... 1779 packets received, 7577 bps, 94.71%, Err 0 (0.0e+00)
483.413 .... 1787 packets received, 7578 bps, 94.72%, Err 0 (0.0e+00)
485.544 .... 1795 packets received, 7578 bps, 94.73%, Err 0 (0.0e+00)
487.659 .... 1803 packets received, 7579 bps, 94.74%, Err 0 (0.0e+00)
489.758 .... 1811 packets received, 7580 bps, 94.75%, Err 0 (0.0e+00)
491.874 .... 1819 packets received, 7581 bps, 94.76%, Err 0 (0.0e+00)
493.989 .... 1827 packets received, 7581 bps, 94.77%, Err 0 (0.0e+00)
496.087 .... 1835 packets received, 7582 bps, 94.78%, Err 0 (0.0e+00)
498.216 .... 1843 packets received, 7583 bps, 94.79%, Err 0 (0.0e+00)
500.314 .... 1851 packets received, 7584 bps, 94.80%, Err 0 (0.0e+00)
502.443 .... 1859 packets received, 7584 bps, 94.80%, Err 0 (0.0e+00)
504.556 .... 1867 packets received, 7585 bps, 94.81%, Err 0 (0.0e+00)
506.650 .... 1875 packets received, 7586 bps, 94.83%, Err 0 (0.0e+00)
508.777 .... 1883 packets received, 7587 bps, 94.83%, Err 0 (0.0e+00)
510.876 .... 1891 packets received, 7587 bps, 94.84%, Err 0 (0.0e+00)
512.985 .... 1899 packets received, 7588 bps, 94.85%, Err 0 (0.0e+00)
515.113 .... 1907 packets received, 7589 bps, 94.86%, Err 0 (0.0e+00)
517.224 .... 1915 packets received, 7589 bps, 94.87%, Err 0 (0.0e+00)
519.332 .... 1923 packets received, 7590 bps, 94.88%, Err 0 (0.0e+00)
521.444 .... 1931 packets received, 7591 bps, 94.88%, Err 0 (0.0e+00)
523.552 .... 1939 packets received, 7591 bps, 94.89%, Err 0 (0.0e+00)
525.663 .... 1947 packets received, 7592 bps, 94.90%, Err 0 (0.0e+00)
527.769 .... 1955 packets received, 7593 bps, 94.91%, Err 0 (0.0e+00)
529.879 .... 1963 packets received, 7594 bps, 94.92%, Err 0 (0.0e+00)
532.002 .... 1971 packets received, 7594 bps, 94.93%, Err 0 (0.0e+00)
534.114 .... 1979 packets received, 7595 bps, 94.93%, Err 0 (0.0e+00)
536.221 .... 1987 packets received, 7595 bps, 94.94%, Err 0 (0.0e+00)
538.330 .... 1995 packets received, 7596 bps, 94.95%, Err 0 (0.0e+00)
540.454 .... 2003 packets received, 7597 bps, 94.96%, Err 0 (0.0e+00)
542.562 .... 2011 packets received, 7597 bps, 94.97%, Err 0 (0.0e+00)
544.675 .... 2019 packets received, 7598 bps, 94.97%, Err 0 (0.0e+00)
546.773 .... 2027 packets received, 7599 bps, 94.98%, Err 0 (0.0e+00)
548.873 .... 2035 packets received, 7599 bps, 94.99%, Err 0 (0.0e+00)
551.017 .... 2043 packets received, 7600 bps, 95.00%, Err 0 (0.0e+00)
553.128 .... 2051 packets received, 7600 bps, 95.00%, Err 0 (0.0e+00)
555.239 .... 2059 packets received, 7601 bps, 95.01%, Err 0 (0.0e+00)
557.332 .... 2067 packets received, 7602 bps, 95.02%, Err 0 (0.0e+00)
559.442 .... 2075 packets received, 7602 bps, 95.03%, Err 0 (0.0e+00)
561.557 .... 2083 packets received, 7603 bps, 95.04%, Err 0 (0.0e+00)
563.657 .... 2091 packets received, 7604 bps, 95.05%, Err 0 (0.0e+00)
565.800 .... 2099 packets received, 7604 bps, 95.05%, Err 0 (0.0e+00)
567.911 .... 2107 packets received, 7604 bps, 95.05%, Err 0 (0.0e+00)
570.019 .... 2115 packets received, 7605 bps, 95.06%, Err 0 (0.0e+00)
572.127 .... 2123 packets received, 7606 bps, 95.07%, Err 0 (0.0e+00)
574.251 .... 2131 packets received, 7606 bps, 95.08%, Err 0 (0.0e+00)
576.360 .... 2139 packets received, 7607 bps, 95.08%, Err 0 (0.0e+00)
578.468 .... 2147 packets received, 7607 bps, 95.09%, Err 0 (0.0e+00)
580.579 .... 2155 packets received, 7608 bps, 95.10%, Err 0 (0.0e+00)
582.702 .... 2163 packets received, 7608 bps, 95.10%, Err 0 (0.0e+00)
584.796 .... 2171 packets received, 7609 bps, 95.11%, Err 0 (0.0e+00)
586.920 .... 2179 packets received, 7609 bps, 95.12%, Err 0 (0.0e+00)
589.015 .... 2187 packets received, 7610 bps, 95.13%, Err 0 (0.0e+00)
591.139 .... 2195 packets received, 7610 bps, 95.13%, Err 0 (0.0e+00)
593.251 .... 2203 packets received, 7611 bps, 95.14%, Err 0 (0.0e+00)
595.376 .... 2211 packets received, 7611 bps, 95.14%, Err 0 (0.0e+00)
597.471 .... 2219 packets received, 7612 bps, 95.15%, Err 0 (0.0e+00)
599.597 .... 2227 packets received, 7612 bps, 95.15%, Err 0 (0.0e+00)
602.769 .... 2233 packets received, 7593 bps, 94.91%, Err 0 (0.0e+00)
605.957 .... 2239 packets received, 7573 bps, 94.66%, Err 0 (0.0e+00)
608.067 .... 2247 packets received, 7574 bps, 94.67%, Err 0 (0.0e+00)
610.167 .... 2255 packets received, 7574 bps, 94.68%, Err 0 (0.0e+00)
612.297 .... 2263 packets received, 7575 bps, 94.69%, Err 0 (0.0e+00)
614.411 .... 2271 packets received, 7575 bps, 94.69%, Err 0 (0.0e+00)
616.523 .... 2279 packets received, 7576 bps, 94.70%, Err 0 (0.0e+00)
618.620 .... 2287 packets received, 7577 bps, 94.71%, Err 0 (0.0e+00)
620.750 .... 2295 packets received, 7577 bps, 94.72%, Err 0 (0.0e+00)
622.836 .... 2303 packets received, 7578 bps, 94.73%, Err 0 (0.0e+00)
624.964 .... 2311 packets received, 7579 bps, 94.73%, Err 0 (0.0e+00)
627.062 .... 2319 packets received, 7579 bps, 94.74%, Err 0 (0.0e+00)
629.174 .... 2327 packets received, 7580 bps, 94.75%, Err 0 (0.0e+00)
631.301 .... 2335 packets received, 7580 bps, 94.76%, Err 0 (0.0e+00)
633.413 .... 2343 packets received, 7581 bps, 94.76%, Err 0 (0.0e+00)
635.511 .... 2351 packets received, 7582 bps, 94.77%, Err 0 (0.0e+00)
637.625 .... 2359 packets received, 7582 bps, 94.78%, Err 0 (0.0e+00)
639.739 .... 2367 packets received, 7583 bps, 94.79%, Err 0 (0.0e+00)
641.854 .... 2375 packets received, 7583 bps, 94.79%, Err 0 (0.0e+00)
643.966 .... 2383 packets received, 7584 bps, 94.80%, Err 0 (0.0e+00)
646.079 .... 2391 packets received, 7585 bps, 94.81%, Err 0 (0.0e+00)
648.194 .... 2399 packets received, 7585 bps, 94.81%, Err 0 (0.0e+00)
650.294 .... 2407 packets received, 7586 bps, 94.82%, Err 0 (0.0e+00)
652.426 .... 2415 packets received, 7586 bps, 94.83%, Err 0 (0.0e+00)
654.527 .... 2423 packets received, 7587 bps, 94.83%, Err 0 (0.0e+00)
656.627 .... 2431 packets received, 7587 bps, 94.84%, Err 0 (0.0e+00)
658.734 .... 2439 packets received, 7588 bps, 94.85%, Err 0 (0.0e+00)
660.877 .... 2447 packets received, 7588 bps, 94.85%, Err 0 (0.0e+00)
662.992 .... 2455 packets received, 7589 bps, 94.86%, Err 0 (0.0e+00)
665.091 .... 2463 packets received, 7589 bps, 94.87%, Err 0 (0.0e+00)
667.191 .... 2471 packets received, 7590 bps, 94.88%, Err 0 (0.0e+00)
669.322 .... 2479 packets received, 7590 bps, 94.88%, Err 0 (0.0e+00)
671.437 .... 2487 packets received, 7591 bps, 94.89%, Err 0 (0.0e+00)
673.537 .... 2495 packets received, 7592 bps, 94.89%, Err 0 (0.0e+00)
675.651 .... 2503 packets received, 7592 bps, 94.90%, Err 0 (0.0e+00)
677.766 .... 2511 packets received, 7593 bps, 94.91%, Err 0 (0.0e+00)
679.865 .... 2519 packets received, 7593 bps, 94.92%, Err 0 (0.0e+00)
681.995 .... 2527 packets received, 7594 bps, 94.92%, Err 0 (0.0e+00)
684.095 .... 2535 packets received, 7594 bps, 94.93%, Err 0 (0.0e+00)
686.195 .... 2543 packets received, 7595 bps, 94.94%, Err 0 (0.0e+00)
688.324 .... 2551 packets received, 7595 bps, 94.94%, Err 0 (0.0e+00)
690.428 .... 2559 packets received, 7596 bps, 94.95%, Err 0 (0.0e+00)
692.546 .... 2567 packets received, 7596 bps, 94.95%, Err 0 (0.0e+00)
694.661 .... 2575 packets received, 7597 bps, 94.96%, Err 0 (0.0e+00)
696.777 .... 2583 packets received, 7597 bps, 94.96%, Err 0 (0.0e+00)
698.892 .... 2591 packets received, 7598 bps, 94.97%, Err 0 (0.0e+00)
700.995 .... 2599 packets received, 7598 bps, 94.98%, Err 0 (0.0e+00)
703.101 .... 2607 packets received, 7599 bps, 94.98%, Err 0 (0.0e+00)
705.211 .... 2615 packets received, 7599 bps, 94.99%, Err 0 (0.0e+00)
707.323 .... 2623 packets received, 7600 bps, 94.99%, Err 0 (0.0e+00)
709.451 .... 2631 packets received, 7600 bps, 95.00%, Err 0 (0.0e+00)
711.541 .... 2639 packets received, 7601 bps, 95.01%, Err 0 (0.0e+00)
713.665 .... 2647 packets received, 7601 bps, 95.01%, Err 0 (0.0e+00)
715.772 .... 2655 packets received, 7601 bps, 95.02%, Err 0 (0.0e+00)
717.896 .... 2663 packets received, 7602 bps, 95.02%, Err 0 (0.0e+00)
719.992 .... 2671 packets received, 7602 bps, 95.03%, Err 0 (0.0e+00)
722.103 .... 2679 packets received, 7603 bps, 95.04%, Err 0 (0.0e+00)
724.212 .... 2687 packets received, 7603 bps, 95.04%, Err 0 (0.0e+00)
726.342 .... 2695 packets received, 7604 bps, 95.05%, Err 0 (0.0e+00)
728.433 .... 2703 packets received, 7604 bps, 95.05%, Err 0 (0.0e+00)
730.572 .... 2711 packets received, 7604 bps, 95.06%, Err 0 (0.0e+00)
732.670 .... 2719 packets received, 7605 bps, 95.06%, Err 0 (0.0e+00)
734.775 .... 2727 packets received, 7606 bps, 95.07%, Err 0 (0.0e+00)
736.874 .... 2735 packets received, 7606 bps, 95.08%, Err 0 (0.0e+00)
739.017 .... 2743 packets received, 7606 bps, 95.08%, Err 0 (0.0e+00)
741.116 .... 2751 packets received, 7607 bps, 95.08%, Err 0 (0.0e+00)
743.233 .... 2759 packets received, 7607 bps, 95.09%, Err 0 (0.0e+00)
745.346 .... 2767 packets received, 7608 bps, 95.09%, Err 0 (0.0e+00)
747.447 .... 2775 packets received, 7608 bps, 95.10%, Err 0 (0.0e+00)
749.557 .... 2783 packets received, 7609 bps, 95.11%, Err 0 (0.0e+00)
751.666 .... 2791 packets received, 7609 bps, 95.11%, Err 0 (0.0e+00)
753.792 .... 2799 packets received, 7609 bps, 95.12%, Err 0 (0.0e+00)
755.918 .... 2807 packets received, 7610 bps, 95.12%, Err 0 (0.0e+00)
758.028 .... 2815 packets received, 7610 bps, 95.12%, Err 0 (0.0e+00)
760.137 .... 2823 packets received, 7610 bps, 95.13%, Err 0 (0.0e+00)
762.246 .... 2831 packets received, 7611 bps, 95.14%, Err 0 (0.0e+00)
764.357 .... 2839 packets received, 7611 bps, 95.14%, Err 0 (0.0e+00)
766.468 .... 2847 packets received, 7612 bps, 95.15%, Err 0 (0.0e+00)
768.578 .... 2855 packets received, 7612 bps, 95.15%, Err 0 (0.0e+00)
770.702 .... 2863 packets received, 7612 bps, 95.16%, Err 0 (0.0e+00)
772.797 .... 2871 packets received, 7613 bps, 95.16%, Err 0 (0.0e+00)
774.923 .... 2879 packets received, 7613 bps, 95.17%, Err 0 (0.0e+00)
777.034 .... 2887 packets received, 7614 bps, 95.17%, Err 0 (0.0e+00)
779.130 .... 2895 packets received, 7614 bps, 95.18%, Err 0 (0.0e+00)
781.255 .... 2903 packets received, 7614 bps, 95.18%, Err 0 (0.0e+00)
783.351 .... 2911 packets received, 7615 bps, 95.19%, Err 0 (0.0e+00)
785.462 .... 2919 packets received, 7615 bps, 95.19%, Err 0 (0.0e+00)
787.588 .... 2927 packets received, 7616 bps, 95.20%, Err 0 (0.0e+00)
789.699 .... 2935 packets received, 7616 bps, 95.20%, Err 0 (0.0e+00)
791.810 .... 2943 packets received, 7616 bps, 95.20%, Err 0 (0.0e+00)
793.924 .... 2951 packets received, 7617 bps, 95.21%, Err 0 (0.0e+00)
796.035 .... 2959 packets received, 7617 bps, 95.21%, Err 0 (0.0e+00)
798.141 .... 2967 packets received, 7618 bps, 95.22%, Err 0 (0.0e+00)
800.250 .... 2975 packets received, 7618 bps, 95.22%, Err 0 (0.0e+00)
802.361 .... 2983 packets received, 7618 bps, 95.23%, Err 0 (0.0e+00)
804.472 .... 2991 packets received, 7619 bps, 95.23%, Err 0 (0.0e+00)
806.586 .... 2999 packets received, 7619 bps, 95.24%, Err 0 (0.0e+00)
808.713 .... 3007 packets received, 7619 bps, 95.24%, Err 0 (0.0e+00)
810.810 .... 3015 packets received, 7620 bps, 95.25%, Err 0 (0.0e+00)
812.923 .... 3023 packets received, 7620 bps, 95.25%, Err 0 (0.0e+00)
815.036 .... 3031 packets received, 7620 bps, 95.26%, Err 0 (0.0e+00)
817.150 .... 3039 packets received, 7621 bps, 95.26%, Err 0 (0.0e+00)
819.263 .... 3047 packets received, 7621 bps, 95.26%, Err 0 (0.0e+00)
821.375 .... 3055 packets received, 7622 bps, 95.27%, Err 0 (0.0e+00)
823.488 .... 3063 packets received, 7622 bps, 95.27%, Err 0 (0.0e+00)
825.602 .... 3071 packets received, 7622 bps, 95.28%, Err 0 (0.0e+00)
827.717 .... 3079 packets received, 7622 bps, 95.28%, Err 0 (0.0e+00)
829.833 .... 3087 packets received, 7623 bps, 95.29%, Err 0 (0.0e+00)
831.945 .... 3095 packets received, 7623 bps, 95.29%, Err 0 (0.0e+00)
834.056 .... 3103 packets received, 7623 bps, 95.29%, Err 0 (0.0e+00)
836.167 .... 3111 packets received, 7624 bps, 95.30%, Err 0 (0.0e+00)
838.266 .... 3119 packets received, 7624 bps, 95.30%, Err 0 (0.0e+00)
840.380 .... 3127 packets received, 7625 bps, 95.31%, Err 0 (0.0e+00)
842.493 .... 3135 packets received, 7625 bps, 95.31%, Err 0 (0.0e+00)
844.606 .... 3143 packets received, 7625 bps, 95.32%, Err 0 (0.0e+00)
846.716 .... 3151 packets received, 7626 bps, 95.32%, Err 0 (0.0e+00)
848.845 .... 3159 packets received, 7626 bps, 95.32%, Err 0 (0.0e+00)
850.943 .... 3167 packets received, 7626 bps, 95.33%, Err 0 (0.0e+00)
853.056 .... 3175 packets received, 7627 bps, 95.33%, Err 0 (0.0e+00)
855.170 .... 3183 packets received, 7627 bps, 95.34%, Err 0 (0.0e+00)
857.271 .... 3191 packets received, 7627 bps, 95.34%, Err 0 (0.0e+00)
859.394 .... 3199 packets received, 7628 bps, 95.34%, Err 0 (0.0e+00)
861.497 .... 3207 packets received, 7628 bps, 95.35%, Err 0 (0.0e+00)
863.627 .... 3215 packets received, 7628 bps, 95.35%, Err 0 (0.0e+00)
865.742 .... 3223 packets received, 7628 bps, 95.35%, Err 0 (0.0e+00)
867.826 .... 3231 packets received, 7629 bps, 95.36%, Err 0 (0.0e+00)
869.969 .... 3239 packets received, 7629 bps, 95.36%, Err 0 (0.0e+00)
872.067 .... 3247 packets received, 7629 bps, 95.37%, Err 0 (0.0e+00)
874.165 .... 3255 packets received, 7630 bps, 95.37%, Err 0 (0.0e+00)
876.280 .... 3263 packets received, 7630 bps, 95.38%, Err 0 (0.0e+00)
878.412 .... 3271 packets received, 7630 bps, 95.38%, Err 0 (0.0e+00)
880.526 .... 3279 packets received, 7631 bps, 95.38%, Err 0 (0.0e+00)
882.624 .... 3287 packets received, 7631 bps, 95.39%, Err 0 (0.0e+00)
884.738 .... 3295 packets received, 7631 bps, 95.39%, Err 0 (0.0e+00)
886.837 .... 3303 packets received, 7632 bps, 95.40%, Err 0 (0.0e+00)
888.965 .... 3311 packets received, 7632 bps, 95.40%, Err 0 (0.0e+00)
891.079 .... 3319 packets received, 7632 bps, 95.40%, Err 0 (0.0e+00)
893.194 .... 3327 packets received, 7632 bps, 95.40%, Err 0 (0.0e+00)
895.307 .... 3335 packets received, 7633 bps, 95.41%, Err 0 (0.0e+00)
897.421 .... 3343 packets received, 7633 bps, 95.41%, Err 0 (0.0e+00)
899.535 .... 3351 packets received, 7633 bps, 95.41%, Err 0 (0.0e+00)
901.644 .... 3359 packets received, 7634 bps, 95.42%, Err 0 (0.0e+00)
903.753 .... 3367 packets received, 7634 bps, 95.42%, Err 0 (0.0e+00)
905.861 .... 3375 packets received, 7634 bps, 95.43%, Err 0 (0.0e+00)
907.971 .... 3383 packets received, 7634 bps, 95.43%, Err 0 (0.0e+00)
910.367 .... 3386 packets received, 7621 bps, 95.26%, Err 0 (0.0e+00)
912.476 .... 3394 packets received, 7621 bps, 95.27%, Err 0 (0.0e+00)
914.585 .... 3402 packets received, 7622 bps, 95.27%, Err 0 (0.0e+00)
916.680 .... 3410 packets received, 7622 bps, 95.28%, Err 0 (0.0e+00)
918.787 .... 3418 packets received, 7623 bps, 95.28%, Err 0 (0.0e+00)
920.925 .... 3426 packets received, 7623 bps, 95.28%, Err 0 (0.0e+00)
923.032 .... 3434 packets received, 7623 bps, 95.29%, Err 0 (0.0e+00)
925.141 .... 3442 packets received, 7623 bps, 95.29%, Err 0 (0.0e+00)
927.250 .... 3450 packets received, 7624 bps, 95.30%, Err 0 (0.0e+00)
929.375 .... 3458 packets received, 7624 bps, 95.30%, Err 0 (0.0e+00)
931.471 .... 3466 packets received, 7624 bps, 95.30%, Err 0 (0.0e+00)
933.598 .... 3474 packets received, 7625 bps, 95.31%, Err 0 (0.0e+00)
935.700 .... 3482 packets received, 7625 bps, 95.31%, Err 0 (0.0e+00)
937.809 .... 3490 packets received, 7625 bps, 95.32%, Err 0 (0.0e+00)
939.915 .... 3498 packets received, 7626 bps, 95.32%, Err 0 (0.0e+00)
942.035 .... 3506 packets received, 7626 bps, 95.32%, Err 0 (0.0e+00)
944.144 .... 3514 packets received, 7626 bps, 95.33%, Err 0 (0.0e+00)
946.268 .... 3522 packets received, 7626 bps, 95.33%, Err 0 (0.0e+00)
948.376 .... 3530 packets received, 7627 bps, 95.33%, Err 0 (0.0e+00)
950.475 .... 3538 packets received, 7627 bps, 95.34%, Err 0 (0.0e+00)
952.598 .... 3546 packets received, 7627 bps, 95.34%, Err 0 (0.0e+00)
954.699 .... 3554 packets received, 7628 bps, 95.35%, Err 0 (0.0e+00)
956.809 .... 3562 packets received, 7628 bps, 95.35%, Err 0 (0.0e+00)
958.938 .... 3570 packets received, 7628 bps, 95.35%, Err 0 (0.0e+00)
961.045 .... 3578 packets received, 7628 bps, 95.35%, Err 0 (0.0e+00)
963.162 .... 3586 packets received, 7629 bps, 95.36%, Err 0 (0.0e+00)
965.260 .... 3594 packets received, 7629 bps, 95.36%, Err 0 (0.0e+00)
967.366 .... 3602 packets received, 7629 bps, 95.37%, Err 0 (0.0e+00)
969.490 .... 3610 packets received, 7630 bps, 95.37%, Err 0 (0.0e+00)
971.602 .... 3618 packets received, 7630 bps, 95.37%, Err 0 (0.0e+00)
973.701 .... 3626 packets received, 7630 bps, 95.38%, Err 0 (0.0e+00)
975.811 .... 3634 packets received, 7630 bps, 95.38%, Err 0 (0.0e+00)
977.936 .... 3642 packets received, 7631 bps, 95.38%, Err 0 (0.0e+00)
980.043 .... 3650 packets received, 7631 bps, 95.39%, Err 0 (0.0e+00)
982.168 .... 3658 packets received, 7631 bps, 95.39%, Err 0 (0.0e+00)
984.276 .... 3666 packets received, 7631 bps, 95.39%, Err 0 (0.0e+00)
986.385 .... 3674 packets received, 7632 bps, 95.40%, Err 0 (0.0e+00)
988.494 .... 3682 packets received, 7632 bps, 95.40%, Err 0 (0.0e+00)
990.609 .... 3690 packets received, 7632 bps, 95.40%, Err 0 (0.0e+00)
992.726 .... 3698 packets received, 7633 bps, 95.41%, Err 0 (0.0e+00)
994.820 .... 3706 packets received, 7633 bps, 95.41%, Err 0 (0.0e+00)
996.932 .... 3714 packets received, 7633 bps, 95.41%, Err 0 (0.0e+00)
999.047 .... 3722 packets received, 7633 bps, 95.42%, Err 0 (0.0e+00)
1001.161 .... 3730 packets received, 7634 bps, 95.42%, Err 0 (0.0e+00)
1003.274 .... 3738 packets received, 7634 bps, 95.42%, Err 0 (0.0e+00)
1005.389 .... 3746 packets received, 7634 bps, 95.43%, Err 0 (0.0e+00)
1007.501 .... 3754 packets received, 7634 bps, 95.43%, Err 0 (0.0e+00)
1009.613 .... 3762 packets received, 7635 bps, 95.43%, Err 0 (0.0e+00)
1011.727 .... 3770 packets received, 7635 bps, 95.44%, Err 0 (0.0e+00)
1013.842 .... 3778 packets received, 7635 bps, 95.44%, Err 0 (0.0e+00)
1015.956 .... 3786 packets received, 7635 bps, 95.44%, Err 0 (0.0e+00)
1018.067 .... 3794 packets received, 7636 bps, 95.45%, Err 0 (0.0e+00)
1020.192 .... 3802 packets received, 7636 bps, 95.45%, Err 0 (0.0e+00)
1022.279 .... 3810 packets received, 7636 bps, 95.45%, Err 0 (0.0e+00)
1024.396 .... 3818 packets received, 7636 bps, 95.46%, Err 0 (0.0e+00)
1026.509 .... 3826 packets received, 7637 bps, 95.46%, Err 0 (0.0e+00)
1028.622 .... 3834 packets received, 7637 bps, 95.46%, Err 0 (0.0e+00)
1030.751 .... 3842 packets received, 7637 bps, 95.46%, Err 0 (0.0e+00)
1032.864 .... 3850 packets received, 7637 bps, 95.47%, Err 0 (0.0e+00)
1034.961 .... 3858 packets received, 7638 bps, 95.47%, Err 0 (0.0e+00)
1037.058 .... 3866 packets received, 7638 bps, 95.48%, Err 0 (0.0e+00)
1039.186 .... 3874 packets received, 7638 bps, 95.48%, Err 0 (0.0e+00)
1041.284 .... 3882 packets received, 7638 bps, 95.48%, Err 0 (0.0e+00)
1043.408 .... 3890 packets received, 7639 bps, 95.48%, Err 0 (0.0e+00)
1045.536 .... 3898 packets received, 7639 bps, 95.48%, Err 0 (0.0e+00)
1047.638 .... 3906 packets received, 7639 bps, 95.49%, Err 0 (0.0e+00)
1049.735 .... 3914 packets received, 7639 bps, 95.49%, Err 0 (0.0e+00)
1051.862 .... 3922 packets received, 7640 bps, 95.49%, Err 0 (0.0e+00)
1053.974 .... 3930 packets received, 7640 bps, 95.50%, Err 0 (0.0e+00)
1056.070 .... 3938 packets received, 7640 bps, 95.50%, Err 0 (0.0e+00)
1058.187 .... 3946 packets received, 7640 bps, 95.50%, Err 0 (0.0e+00)
1060.309 .... 3954 packets received, 7640 bps, 95.51%, Err 0 (0.0e+00)
1062.424 .... 3962 packets received, 7641 bps, 95.51%, Err 0 (0.0e+00)
1064.527 .... 3970 packets received, 7641 bps, 95.51%, Err 0 (0.0e+00)
1066.629 .... 3978 packets received, 7641 bps, 95.52%, Err 0 (0.0e+00)
1068.763 .... 3986 packets received, 7641 bps, 95.52%, Err 0 (0.0e+00)
1070.878 .... 3994 packets received, 7642 bps, 95.52%, Err 0 (0.0e+00)
1072.978 .... 4002 packets received, 7642 bps, 95.52%, Err 0 (0.0e+00)
1075.092 .... 4010 packets received, 7642 bps, 95.53%, Err 0 (0.0e+00)
1077.205 .... 4018 packets received, 7642 bps, 95.53%, Err 0 (0.0e+00)
1079.318 .... 4026 packets received, 7643 bps, 95.53%, Err 0 (0.0e+00)
1081.430 .... 4034 packets received, 7643 bps, 95.53%, Err 0 (0.0e+00)
1083.544 .... 4042 packets received, 7643 bps, 95.54%, Err 0 (0.0e+00)
1085.658 .... 4050 packets received, 7643 bps, 95.54%, Err 0 (0.0e+00)
1087.758 .... 4058 packets received, 7643 bps, 95.54%, Err 0 (0.0e+00)
1089.871 .... 4066 packets received, 7644 bps, 95.55%, Err 0 (0.0e+00)
1091.971 .... 4074 packets received, 7644 bps, 95.55%, Err 0 (0.0e+00)
1094.099 .... 4082 packets received, 7644 bps, 95.55%, Err 0 (0.0e+00)
1096.212 .... 4090 packets received, 7644 bps, 95.55%, Err 0 (0.0e+00)
1098.325 .... 4098 packets received, 7645 bps, 95.56%, Err 0 (0.0e+00)
1100.436 .... 4106 packets received, 7645 bps, 95.56%, Err 0 (0.0e+00)
1102.545 .... 4114 packets received, 7645 bps, 95.56%, Err 0 (0.0e+00)
1104.670 .... 4122 packets received, 7645 bps, 95.56%, Err 0 (0.0e+00)
1106.779 .... 4130 packets received, 7645 bps, 95.57%, Err 0 (0.0e+00)
1108.873 .... 4138 packets received, 7646 bps, 95.57%, Err 0 (0.0e+00)
1110.981 .... 4146 packets received, 7646 bps, 95.57%, Err 0 (0.0e+00)
1113.095 .... 4154 packets received, 7646 bps, 95.58%, Err 0 (0.0e+00)
1115.205 .... 4162 packets received, 7646 bps, 95.58%, Err 0 (0.0e+00)
1117.329 .... 4170 packets received, 7646 bps, 95.58%, Err 0 (0.0e+00)
1119.440 .... 4178 packets received, 7647 bps, 95.58%, Err 0 (0.0e+00)
1121.565 .... 4186 packets received, 7647 bps, 95.59%, Err 0 (0.0e+00)
1123.675 .... 4194 packets received, 7647 bps, 95.59%, Err 0 (0.0e+00)
1125.787 .... 4202 packets received, 7647 bps, 95.59%, Err 0 (0.0e+00)
1127.897 .... 4210 packets received, 7647 bps, 95.59%, Err 0 (0.0e+00)
1130.009 .... 4218 packets received, 7648 bps, 95.60%, Err 0 (0.0e+00)
1132.121 .... 4226 packets received, 7648 bps, 95.60%, Err 0 (0.0e+00)
1134.232 .... 4234 packets received, 7648 bps, 95.60%, Err 0 (0.0e+00)
1136.342 .... 4242 packets received, 7648 bps, 95.60%, Err 0 (0.0e+00)
1138.452 .... 4250 packets received, 7649 bps, 95.61%, Err 0 (0.0e+00)
1140.548 .... 4258 packets received, 7649 bps, 95.61%, Err 0 (0.0e+00)
1142.674 .... 4266 packets received, 7649 bps, 95.61%, Err 0 (0.0e+00)
1144.784 .... 4274 packets received, 7649 bps, 95.61%, Err 0 (0.0e+00)
1146.898 .... 4282 packets received, 7649 bps, 95.62%, Err 0 (0.0e+00)
1149.010 .... 4290 packets received, 7650 bps, 95.62%, Err 0 (0.0e+00)
1151.120 .... 4298 packets received, 7650 bps, 95.62%, Err 0 (0.0e+00)
1153.245 .... 4306 packets received, 7650 bps, 95.62%, Err 0 (0.0e+00)
1155.337 .... 4314 packets received, 7650 bps, 95.63%, Err 0 (0.0e+00)
1157.445 .... 4322 packets received, 7650 bps, 95.63%, Err 0 (0.0e+00)
1159.570 .... 4330 packets received, 7651 bps, 95.63%, Err 0 (0.0e+00)
1161.674 .... 4338 packets received, 7651 bps, 95.63%, Err 0 (0.0e+00)
1163.784 .... 4346 packets received, 7651 bps, 95.64%, Err 0 (0.0e+00)
1165.903 .... 4354 packets received, 7651 bps, 95.64%, Err 0 (0.0e+00)
1168.027 .... 4362 packets received, 7651 bps, 95.64%, Err 0 (0.0e+00)
1170.122 .... 4370 packets received, 7652 bps, 95.64%, Err 0 (0.0e+00)
1172.248 .... 4378 packets received, 7652 bps, 95.65%, Err 0 (0.0e+00)
1174.344 .... 4386 packets received, 7652 bps, 95.65%, Err 0 (0.0e+00)
1176.469 .... 4394 packets received, 7652 bps, 95.65%, Err 0 (0.0e+00)
1178.564 .... 4402 packets received, 7652 bps, 95.65%, Err 0 (0.0e+00)
1180.693 .... 4410 packets received, 7652 bps, 95.66%, Err 0 (0.0e+00)
1182.805 .... 4418 packets received, 7653 bps, 95.66%, Err 0 (0.0e+00)
1184.913 .... 4426 packets received, 7653 bps, 95.66%, Err 0 (0.0e+00)
1187.036 .... 4434 packets received, 7653 bps, 95.66%, Err 0 (0.0e+00)
1189.144 .... 4442 packets received, 7653 bps, 95.66%, Err 0 (0.0e+00)
1191.253 .... 4450 packets received, 7653 bps, 95.67%, Err 0 (0.0e+00)
1193.360 .... 4458 packets received, 7654 bps, 95.67%, Err 0 (0.0e+00)
1195.470 .... 4466 packets received, 7654 bps, 95.67%, Err 0 (0.0e+00)
1197.592 .... 4474 packets received, 7654 bps, 95.67%, Err 0 (0.0e+00)
1199.699 .... 4482 packets received, 7654 bps, 95.68%, Err 0 (0.0e+00)
1201.811 .... 4490 packets received, 7654 bps, 95.68%, Err 0 (0.0e+00)
1203.924 .... 4498 packets received, 7654 bps, 95.68%, Err 0 (0.0e+00)
1206.037 .... 4506 packets received, 7655 bps, 95.68%, Err 0 (0.0e+00)
1208.147 .... 4514 packets received, 7655 bps, 95.69%, Err 0 (0.0e+00)
1210.256 .... 4522 packets received, 7655 bps, 95.69%, Err 0 (0.0e+00)
1212.366 .... 4530 packets received, 7655 bps, 95.69%, Err 0 (0.0e+00)
1214.492 .... 4538 packets received, 7655 bps, 95.69%, Err 0 (0.0e+00)
1216.589 .... 4546 packets received, 7656 bps, 95.69%, Err 0 (0.0e+00)
1218.715 .... 4554 packets received, 7656 bps, 95.70%, Err 0 (0.0e+00)
1220.826 .... 4562 packets received, 7656 bps, 95.70%, Err 0 (0.0e+00)
1222.921 .... 4570 packets received, 7656 bps, 95.70%, Err 0 (0.0e+00)
1225.051 .... 4578 packets received, 7656 bps, 95.70%, Err 0 (0.0e+00)
1227.148 .... 4586 packets received, 7656 bps, 95.71%, Err 0 (0.0e+00)
1229.278 .... 4594 packets received, 7657 bps, 95.71%, Err 0 (0.0e+00)
1231.392 .... 4602 packets received, 7657 bps, 95.71%, Err 0 (0.0e+00)
1233.504 .... 4610 packets received, 7657 bps, 95.71%, Err 0 (0.0e+00)
1235.588 .... 4618 packets received, 7657 bps, 95.72%, Err 0 (0.0e+00)
1237.715 .... 4626 packets received, 7657 bps, 95.72%, Err 0 (0.0e+00)
1239.827 .... 4634 packets received, 7657 bps, 95.72%, Err 0 (0.0e+00)
1241.939 .... 4642 packets received, 7658 bps, 95.72%, Err 0 (0.0e+00)
1244.051 .... 4650 packets received, 7658 bps, 95.72%, Err 0 (0.0e+00)
1246.165 .... 4658 packets received, 7658 bps, 95.72%, Err 0 (0.0e+00)
1248.281 .... 4666 packets received, 7658 bps, 95.73%, Err 0 (0.0e+00)
1250.393 .... 4674 packets received, 7658 bps, 95.73%, Err 0 (0.0e+00)
1252.494 .... 4682 packets received, 7659 bps, 95.73%, Err 0 (0.0e+00)
1254.613 .... 4690 packets received, 7659 bps, 95.73%, Err 0 (0.0e+00)
1256.730 .... 4698 packets received, 7659 bps, 95.73%, Err 0 (0.0e+00)
1258.832 .... 4706 packets received, 7659 bps, 95.74%, Err 0 (0.0e+00)
1260.944 .... 4714 packets received, 7659 bps, 95.74%, Err 0 (0.0e+00)
1263.058 .... 4722 packets received, 7659 bps, 95.74%, Err 0 (0.0e+00)
1265.157 .... 4730 packets received, 7660 bps, 95.74%, Err 0 (0.0e+00)
1267.269 .... 4738 packets received, 7660 bps, 95.75%, Err 0 (0.0e+00)
1269.387 .... 4746 packets received, 7660 bps, 95.75%, Err 0 (0.0e+00)
1271.515 .... 4754 packets received, 7660 bps, 95.75%, Err 0 (0.0e+00)
1273.628 .... 4762 packets received, 7660 bps, 95.75%, Err 0 (0.0e+00)
1275.730 .... 4770 packets received, 7660 bps, 95.75%, Err 0 (0.0e+00)
1277.850 .... 4778 packets received, 7660 bps, 95.75%, Err 0 (0.0e+00)
1279.964 .... 4786 packets received, 7661 bps, 95.76%, Err 0 (0.0e+00)
1282.078 .... 4794 packets received, 7661 bps, 95.76%, Err 0 (0.0e+00)
1284.177 .... 4802 packets received, 7661 bps, 95.76%, Err 0 (0.0e+00)
1286.290 .... 4810 packets received, 7661 bps, 95.76%, Err 0 (0.0e+00)
1288.405 .... 4818 packets received, 7661 bps, 95.77%, Err 0 (0.0e+00)
1290.517 .... 4826 packets received, 7661 bps, 95.77%, Err 0 (0.0e+00)
1292.616 .... 4834 packets received, 7662 bps, 95.77%, Err 0 (0.0e+00)
1294.744 .... 4842 packets received, 7662 bps, 95.77%, Err 0 (0.0e+00)
1296.859 .... 4850 packets received, 7662 bps, 95.77%, Err 0 (0.0e+00)
1298.960 .... 4858 packets received, 7662 bps, 95.78%, Err 0 (0.0e+00)
1301.074 .... 4866 packets received, 7662 bps, 95.78%, Err 0 (0.0e+00)
1303.185 .... 4874 packets received, 7662 bps, 95.78%, Err 0 (0.0e+00)
1305.295 .... 4882 packets received, 7663 bps, 95.78%, Err 0 (0.0e+00)
1307.405 .... 4890 packets received, 7663 bps, 95.78%, Err 0 (0.0e+00)
1309.515 .... 4898 packets received, 7663 bps, 95.79%, Err 0 (0.0e+00)
1311.623 .... 4906 packets received, 7663 bps, 95.79%, Err 0 (0.0e+00)
1313.745 .... 4914 packets received, 7663 bps, 95.79%, Err 0 (0.0e+00)
1315.855 .... 4922 packets received, 7663 bps, 95.79%, Err 0 (0.0e+00)
1317.970 .... 4930 packets received, 7663 bps, 95.79%, Err 0 (0.0e+00)
1320.082 .... 4938 packets received, 7664 bps, 95.79%, Err 0 (0.0e+00)
1322.194 .... 4946 packets received, 7664 bps, 95.80%, Err 0 (0.0e+00)
1324.319 .... 4954 packets received, 7664 bps, 95.80%, Err 0 (0.0e+00)
1326.428 .... 4962 packets received, 7664 bps, 95.80%, Err 0 (0.0e+00)
1328.515 .... 4970 packets received, 7664 bps, 95.80%, Err 0 (0.0e+00)
1330.646 .... 4978 packets received, 7664 bps, 95.80%, Err 0 (0.0e+00)
1332.756 .... 4986 packets received, 7664 bps, 95.81%, Err 0 (0.0e+00)
1334.866 .... 4994 packets received, 7665 bps, 95.81%, Err 0 (0.0e+00)
1336.977 .... 5002 packets received, 7665 bps, 95.81%, Err 0 (0.0e+00)
1339.088 .... 5010 packets received, 7665 bps, 95.81%, Err 0 (0.0e+00)
1341.196 .... 5018 packets received, 7665 bps, 95.81%, Err 0 (0.0e+00)
1343.319 .... 5026 packets received, 7665 bps, 95.81%, Err 0 (0.0e+00)
1345.426 .... 5034 packets received, 7665 bps, 95.82%, Err 0 (0.0e+00)
1347.545 .... 5042 packets received, 7665 bps, 95.82%, Err 0 (0.0e+00)
1349.645 .... 5050 packets received, 7666 bps, 95.82%, Err 0 (0.0e+00)
1351.761 .... 5058 packets received, 7666 bps, 95.82%, Err 0 (0.0e+00)
1353.871 .... 5066 packets received, 7666 bps, 95.82%, Err 0 (0.0e+00)
1355.986 .... 5074 packets received, 7666 bps, 95.83%, Err 0 (0.0e+00)
1358.098 .... 5082 packets received, 7666 bps, 95.83%, Err 0 (0.0e+00)
1360.207 .... 5090 packets received, 7666 bps, 95.83%, Err 0 (0.0e+00)
1362.333 .... 5098 packets received, 7666 bps, 95.83%, Err 0 (0.0e+00)
1364.440 .... 5106 packets received, 7667 bps, 95.83%, Err 0 (0.0e+00)
1366.549 .... 5114 packets received, 7667 bps, 95.83%, Err 0 (0.0e+00)
1368.657 .... 5122 packets received, 7667 bps, 95.84%, Err 0 (0.0e+00)
1370.766 .... 5130 packets received, 7667 bps, 95.84%, Err 0 (0.0e+00)
1372.876 .... 5138 packets received, 7667 bps, 95.84%, Err 0 (0.0e+00)
1374.985 .... 5146 packets received, 7667 bps, 95.84%, Err 0 (0.0e+00)
1377.095 .... 5154 packets received, 7668 bps, 95.84%, Err 0 (0.0e+00)
1379.208 .... 5162 packets received, 7668 bps, 95.85%, Err 0 (0.0e+00)
1381.334 .... 5170 packets received, 7668 bps, 95.85%, Err 0 (0.0e+00)
1383.428 .... 5178 packets received, 7668 bps, 95.85%, Err 0 (0.0e+00)
1385.554 .... 5186 packets received, 7668 bps, 95.85%, Err 0 (0.0e+00)
1387.667 .... 5194 packets received, 7668 bps, 95.85%, Err 0 (0.0e+00)
1389.780 .... 5202 packets received, 7668 bps, 95.85%, Err 0 (0.0e+00)
1391.892 .... 5210 packets received, 7668 bps, 95.85%, Err 0 (0.0e+00)
1393.989 .... 5218 packets received, 7669 bps, 95.86%, Err 0 (0.0e+00)
1396.100 .... 5226 packets received, 7669 bps, 95.86%, Err 0 (0.0e+00)
1398.214 .... 5234 packets received, 7669 bps, 95.86%, Err 0 (0.0e+00)
1400.338 .... 5242 packets received, 7669 bps, 95.86%, Err 0 (0.0e+00)
1402.724 .... 5245 packets received, 7660 bps, 95.75%, Err 0 (0.0e+00)
1405.915 .... 5251 packets received, 7652 bps, 95.65%, Err 0 (0.0e+00)
1409.091 .... 5257 packets received, 7643 bps, 95.54%, Err 0 (0.0e+00)
1412.284 .... 5263 packets received, 7635 bps, 95.43%, Err 0 (0.0e+00)
1415.464 .... 5269 packets received, 7626 bps, 95.33%, Err 0 (0.0e+00)
1417.577 .... 5277 packets received, 7626 bps, 95.33%, Err 0 (0.0e+00)
1419.689 .... 5285 packets received, 7626 bps, 95.33%, Err 0 (0.0e+00)
1421.814 .... 5293 packets received, 7627 bps, 95.33%, Err 0 (0.0e+00)
1423.912 .... 5301 packets received, 7627 bps, 95.34%, Err 0 (0.0e+00)
1426.028 .... 5309 packets received, 7627 bps, 95.34%, Err 0 (0.0e+00)
1428.127 .... 5317 packets received, 7627 bps, 95.34%, Err 0 (0.0e+00)
1430.254 .... 5325 packets received, 7627 bps, 95.34%, Err 0 (0.0e+00)
1432.369 .... 5333 packets received, 7628 bps, 95.34%, Err 0 (0.0e+00)
1434.484 .... 5341 packets received, 7628 bps, 95.35%, Err 0 (0.0e+00)
1436.575 .... 5349 packets received, 7628 bps, 95.35%, Err 0 (0.0e+00)
1438.688 .... 5357 packets received, 7628 bps, 95.35%, Err 0 (0.0e+00)
1440.803 .... 5365 packets received, 7628 bps, 95.35%, Err 0 (0.0e+00)
1442.917 .... 5373 packets received, 7629 bps, 95.36%, Err 0 (0.0e+00)
1445.032 .... 5381 packets received, 7629 bps, 95.36%, Err 0 (0.0e+00)
1447.159 .... 5389 packets received, 7629 bps, 95.36%, Err 0 (0.0e+00)
1449.264 .... 5397 packets received, 7629 bps, 95.36%, Err 0 (0.0e+00)
1451.362 .... 5405 packets received, 7629 bps, 95.37%, Err 0 (0.0e+00)
1453.491 .... 5413 packets received, 7629 bps, 95.37%, Err 0 (0.0e+00)
1455.601 .... 5421 packets received, 7630 bps, 95.37%, Err 0 (0.0e+00)
1457.712 .... 5429 packets received, 7630 bps, 95.37%, Err 0 (0.0e+00)
1459.817 .... 5437 packets received, 7630 bps, 95.38%, Err 0 (0.0e+00)
1461.931 .... 5445 packets received, 7630 bps, 95.38%, Err 0 (0.0e+00)
1464.031 .... 5453 packets received, 7630 bps, 95.38%, Err 0 (0.0e+00)
1466.162 .... 5461 packets received, 7631 bps, 95.38%, Err 0 (0.0e+00)
1468.274 .... 5469 packets received, 7631 bps, 95.38%, Err 0 (0.0e+00)
1470.389 .... 5477 packets received, 7631 bps, 95.39%, Err 0 (0.0e+00)
1472.502 .... 5485 packets received, 7631 bps, 95.39%, Err 0 (0.0e+00)
1474.615 .... 5493 packets received, 7631 bps, 95.39%, Err 0 (0.0e+00)
1476.714 .... 5501 packets received, 7631 bps, 95.39%, Err 0 (0.0e+00)
1478.827 .... 5509 packets received, 7632 bps, 95.40%, Err 0 (0.0e+00)
1480.942 .... 5517 packets received, 7632 bps, 95.40%, Err 0 (0.0e+00)
1483.041 .... 5525 packets received, 7632 bps, 95.40%, Err 0 (0.0e+00)
1485.170 .... 5533 packets received, 7632 bps, 95.40%, Err 0 (0.0e+00)
1487.284 .... 5541 packets received, 7632 bps, 95.40%, Err 0 (0.0e+00)
1489.396 .... 5549 packets received, 7633 bps, 95.41%, Err 0 (0.0e+00)
1491.494 .... 5557 packets received, 7633 bps, 95.41%, Err 0 (0.0e+00)
1493.621 .... 5565 packets received, 7633 bps, 95.41%, Err 0 (0.0e+00)
1495.734 .... 5573 packets received, 7633 bps, 95.41%, Err 0 (0.0e+00)
1497.832 .... 5581 packets received, 7633 bps, 95.42%, Err 0 (0.0e+00)
1499.957 .... 5589 packets received, 7633 bps, 95.42%, Err 0 (0.0e+00)
1502.055 .... 5597 packets received, 7634 bps, 95.42%, Err 0 (0.0e+00)
1504.155 .... 5605 packets received, 7634 bps, 95.42%, Err 0 (0.0e+00)
1506.287 .... 5613 packets received, 7634 bps, 95.42%, Err 0 (0.0e+00)
1508.385 .... 5621 packets received, 7634 bps, 95.43%, Err 0 (0.0e+00)
1510.497 .... 5629 packets received, 7634 bps, 95.43%, Err 0 (0.0e+00)
1512.605 .... 5637 packets received, 7635 bps, 95.43%, Err 0 (0.0e+00)
1514.735 .... 5645 packets received, 7635 bps, 95.43%, Err 0 (0.0e+00)
1516.831 .... 5653 packets received, 7635 bps, 95.44%, Err 0 (0.0e+00)
1518.941 .... 5661 packets received, 7635 bps, 95.44%, Err 0 (0.0e+00)
1521.068 .... 5669 packets received, 7635 bps, 95.44%, Err 0 (0.0e+00)
1523.176 .... 5677 packets received, 7635 bps, 95.44%, Err 0 (0.0e+00)
1525.291 .... 5685 packets received, 7636 bps, 95.44%, Err 0 (0.0e+00)
1527.399 .... 5693 packets received, 7636 bps, 95.45%, Err 0 (0.0e+00)
1529.513 .... 5701 packets received, 7636 bps, 95.45%, Err 0 (0.0e+00)
1531.623 .... 5709 packets received, 7636 bps, 95.45%, Err 0 (0.0e+00)
1533.748 .... 5717 packets received, 7636 bps, 95.45%, Err 0 (0.0e+00)
1535.856 .... 5725 packets received, 7636 bps, 95.45%, Err 0 (0.0e+00)
1537.965 .... 5733 packets received, 7636 bps, 95.46%, Err 0 (0.0e+00)
1540.058 .... 5741 packets received, 7637 bps, 95.46%, Err 0 (0.0e+00)
1542.170 .... 5749 packets received, 7637 bps, 95.46%, Err 0 (0.0e+00)
1544.293 .... 5757 packets received, 7637 bps, 95.46%, Err 0 (0.0e+00)
1546.404 .... 5765 packets received, 7637 bps, 95.47%, Err 0 (0.0e+00)
1548.517 .... 5773 packets received, 7637 bps, 95.47%, Err 0 (0.0e+00)
1550.631 .... 5781 packets received, 7638 bps, 95.47%, Err 0 (0.0e+00)
1552.741 .... 5789 packets received, 7638 bps, 95.47%, Err 0 (0.0e+00)
1554.860 .... 5797 packets received, 7638 bps, 95.47%, Err 0 (0.0e+00)
1556.961 .... 5805 packets received, 7638 bps, 95.48%, Err 0 (0.0e+00)
1559.089 .... 5813 packets received, 7638 bps, 95.48%, Err 0 (0.0e+00)
1561.203 .... 5821 packets received, 7638 bps, 95.48%, Err 0 (0.0e+00)
1563.319 .... 5829 packets received, 7638 bps, 95.48%, Err 0 (0.0e+00)
1565.417 .... 5837 packets received, 7639 bps, 95.48%, Err 0 (0.0e+00)
1567.529 .... 5845 packets received, 7639 bps, 95.49%, Err 0 (0.0e+00)
1569.636 .... 5853 packets received, 7639 bps, 95.49%, Err 0 (0.0e+00)
1571.746 .... 5861 packets received, 7639 bps, 95.49%, Err 0 (0.0e+00)
1573.863 .... 5869 packets received, 7639 bps, 95.49%, Err 0 (0.0e+00)
1575.981 .... 5877 packets received, 7639 bps, 95.49%, Err 0 (0.0e+00)
1578.090 .... 5885 packets received, 7640 bps, 95.49%, Err 0 (0.0e+00)
1580.214 .... 5893 packets received, 7640 bps, 95.50%, Err 0 (0.0e+00)
1582.310 .... 5901 packets received, 7640 bps, 95.50%, Err 0 (0.0e+00)
1584.421 .... 5909 packets received, 7640 bps, 95.50%, Err 0 (0.0e+00)
1586.530 .... 5917 packets received, 7640 bps, 95.50%, Err 0 (0.0e+00)
1588.658 .... 5925 packets received, 7640 bps, 95.50%, Err 0 (0.0e+00)
1590.768 .... 5933 packets received, 7641 bps, 95.51%, Err 0 (0.0e+00)
1592.878 .... 5941 packets received, 7641 bps, 95.51%, Err 0 (0.0e+00)
1594.988 .... 5949 packets received, 7641 bps, 95.51%, Err 0 (0.0e+00)
1597.098 .... 5957 packets received, 7641 bps, 95.51%, Err 0 (0.0e+00)
1599.222 .... 5965 packets received, 7641 bps, 95.51%, Err 0 (0.0e+00)
1601.316 .... 5973 packets received, 7641 bps, 95.52%, Err 0 (0.0e+00)
1603.425 .... 5981 packets received, 7642 bps, 95.52%, Err 0 (0.0e+00)
1605.535 .... 5989 packets received, 7642 bps, 95.52%, Err 0 (0.0e+00)
1607.660 .... 5997 packets received, 7642 bps, 95.52%, Err 0 (0.0e+00)
1609.772 .... 6005 packets received, 7642 bps, 95.52%, Err 0 (0.0e+00)
1611.884 .... 6013 packets received, 7642 bps, 95.53%, Err 0 (0.0e+00)
1613.994 .... 6021 packets received, 7642 bps, 95.53%, Err 0 (0.0e+00)
1616.107 .... 6029 packets received, 7642 bps, 95.53%, Err 0 (0.0e+00)
1618.221 .... 6037 packets received, 7643 bps, 95.53%, Err 0 (0.0e+00)
1620.332 .... 6045 packets received, 7643 bps, 95.53%, Err 0 (0.0e+00)
1622.442 .... 6053 packets received, 7643 bps, 95.54%, Err 0 (0.0e+00)
1624.552 .... 6061 packets received, 7643 bps, 95.54%, Err 0 (0.0e+00)
1626.662 .... 6069 packets received, 7643 bps, 95.54%, Err 0 (0.0e+00)
1628.773 .... 6077 packets received, 7643 bps, 95.54%, Err 0 (0.0e+00)
1630.884 .... 6085 packets received, 7643 bps, 95.54%, Err 0 (0.0e+00)
1632.992 .... 6093 packets received, 7644 bps, 95.55%, Err 0 (0.0e+00)
1635.120 .... 6101 packets received, 7644 bps, 95.55%, Err 0 (0.0e+00)
1637.220 .... 6109 packets received, 7644 bps, 95.55%, Err 0 (0.0e+00)
1639.340 .... 6117 packets received, 7644 bps, 95.55%, Err 0 (0.0e+00)
1641.451 .... 6125 packets received, 7644 bps, 95.55%, Err 0 (0.0e+00)
1643.561 .... 6133 packets received, 7644 bps, 95.55%, Err 0 (0.0e+00)
1645.660 .... 6141 packets received, 7645 bps, 95.56%, Err 0 (0.0e+00)
1647.776 .... 6149 packets received, 7645 bps, 95.56%, Err 0 (0.0e+00)
1649.895 .... 6157 packets received, 7645 bps, 95.56%, Err 0 (0.0e+00)
1652.000 .... 6165 packets received, 7645 bps, 95.56%, Err 0 (0.0e+00)
1654.115 .... 6173 packets received, 7645 bps, 95.56%, Err 0 (0.0e+00)
1656.244 .... 6181 packets received, 7645 bps, 95.56%, Err 0 (0.0e+00)
1658.358 .... 6189 packets received, 7645 bps, 95.57%, Err 0 (0.0e+00)
1660.457 .... 6197 packets received, 7645 bps, 95.57%, Err 0 (0.0e+00)
1662.584 .... 6205 packets received, 7646 bps, 95.57%, Err 0 (0.0e+00)
1664.669 .... 6213 packets received, 7646 bps, 95.57%, Err 0 (0.0e+00)
1666.784 .... 6221 packets received, 7646 bps, 95.57%, Err 0 (0.0e+00)
1668.911 .... 6229 packets received, 7646 bps, 95.57%, Err 0 (0.0e+00)
1671.010 .... 6237 packets received, 7646 bps, 95.58%, Err 0 (0.0e+00)
1673.140 .... 6245 packets received, 7646 bps, 95.58%, Err 0 (0.0e+00)
1675.239 .... 6253 packets received, 7646 bps, 95.58%, Err 0 (0.0e+00)
1677.353 .... 6261 packets received, 7647 bps, 95.58%, Err 0 (0.0e+00)
1679.451 .... 6269 packets received, 7647 bps, 95.58%, Err 0 (0.0e+00)
1681.564 .... 6277 packets received, 7647 bps, 95.59%, Err 0 (0.0e+00)
1683.694 .... 6285 packets received, 7647 bps, 95.59%, Err 0 (0.0e+00)
1685.793 .... 6293 packets received, 7647 bps, 95.59%, Err 0 (0.0e+00)
1687.906 .... 6301 packets received, 7647 bps, 95.59%, Err 0 (0.0e+00)
1690.021 .... 6309 packets received, 7647 bps, 95.59%, Err 0 (0.0e+00)
1692.150 .... 6317 packets received, 7647 bps, 95.59%, Err 0 (0.0e+00)
1694.264 .... 6325 packets received, 7648 bps, 95.60%, Err 0 (0.0e+00)
1696.347 .... 6333 packets received, 7648 bps, 95.60%, Err 0 (0.0e+00)
1698.478 .... 6341 packets received, 7648 bps, 95.60%, Err 0 (0.0e+00)
1700.589 .... 6349 packets received, 7648 bps, 95.60%, Err 0 (0.0e+00)
1702.697 .... 6357 packets received, 7648 bps, 95.60%, Err 0 (0.0e+00)
1704.820 .... 6365 packets received, 7648 bps, 95.60%, Err 0 (0.0e+00)
1706.930 .... 6373 packets received, 7648 bps, 95.61%, Err 0 (0.0e+00)
1709.038 .... 6381 packets received, 7649 bps, 95.61%, Err 0 (0.0e+00)
1711.133 .... 6389 packets received, 7649 bps, 95.61%, Err 0 (0.0e+00)
1713.256 .... 6397 packets received, 7649 bps, 95.61%, Err 0 (0.0e+00)
1715.367 .... 6405 packets received, 7649 bps, 95.61%, Err 0 (0.0e+00)
1717.475 .... 6413 packets received, 7649 bps, 95.62%, Err 0 (0.0e+00)
1719.597 .... 6421 packets received, 7649 bps, 95.62%, Err 0 (0.0e+00)
1721.704 .... 6429 packets received, 7649 bps, 95.62%, Err 0 (0.0e+00)
1723.827 .... 6437 packets received, 7650 bps, 95.62%, Err 0 (0.0e+00)
1725.921 .... 6445 packets received, 7650 bps, 95.62%, Err 0 (0.0e+00)
1728.045 .... 6453 packets received, 7650 bps, 95.62%, Err 0 (0.0e+00)
1730.139 .... 6461 packets received, 7650 bps, 95.63%, Err 0 (0.0e+00)
1732.278 .... 6469 packets received, 7650 bps, 95.63%, Err 0 (0.0e+00)
1734.387 .... 6477 packets received, 7650 bps, 95.63%, Err 0 (0.0e+00)
1736.495 .... 6485 packets received, 7650 bps, 95.63%, Err 0 (0.0e+00)
1738.589 .... 6493 packets received, 7651 bps, 95.63%, Err 0 (0.0e+00)
1740.715 .... 6501 packets received, 7651 bps, 95.63%, Err 0 (0.0e+00)
1742.811 .... 6509 packets received, 7651 bps, 95.64%, Err 0 (0.0e+00)
1744.952 .... 6517 packets received, 7651 bps, 95.64%, Err 0 (0.0e+00)
1747.063 .... 6525 packets received, 7651 bps, 95.64%, Err 0 (0.0e+00)
1749.157 .... 6533 packets received, 7651 bps, 95.64%, Err 0 (0.0e+00)
1751.268 .... 6541 packets received, 7651 bps, 95.64%, Err 0 (0.0e+00)
1753.377 .... 6549 packets received, 7651 bps, 95.64%, Err 0 (0.0e+00)
1755.501 .... 6557 packets received, 7652 bps, 95.64%, Err 0 (0.0e+00)
1757.611 .... 6565 packets received, 7652 bps, 95.65%, Err 0 (0.0e+00)
1759.719 .... 6573 packets received, 7652 bps, 95.65%, Err 0 (0.0e+00)
1761.828 .... 6581 packets received, 7652 bps, 95.65%, Err 0 (0.0e+00)
1763.935 .... 6589 packets received, 7652 bps, 95.65%, Err 0 (0.0e+00)
1766.058 .... 6597 packets received, 7652 bps, 95.65%, Err 0 (0.0e+00)
1768.169 .... 6605 packets received, 7652 bps, 95.65%, Err 0 (0.0e+00)
1770.280 .... 6613 packets received, 7652 bps, 95.66%, Err 0 (0.0e+00)
1772.390 .... 6621 packets received, 7653 bps, 95.66%, Err 0 (0.0e+00)
1774.515 .... 6629 packets received, 7653 bps, 95.66%, Err 0 (0.0e+00)
1776.626 .... 6637 packets received, 7653 bps, 95.66%, Err 0 (0.0e+00)
1778.735 .... 6645 packets received, 7653 bps, 95.66%, Err 0 (0.0e+00)
1780.830 .... 6653 packets received, 7653 bps, 95.66%, Err 0 (0.0e+00)
1782.955 .... 6661 packets received, 7653 bps, 95.66%, Err 0 (0.0e+00)
1785.050 .... 6669 packets received, 7653 bps, 95.67%, Err 0 (0.0e+00)
1787.191 .... 6677 packets received, 7653 bps, 95.67%, Err 0 (0.0e+00)
1789.301 .... 6685 packets received, 7653 bps, 95.67%, Err 0 (0.0e+00)
1791.413 .... 6693 packets received, 7654 bps, 95.67%, Err 0 (0.0e+00)
1793.521 .... 6701 packets received, 7654 bps, 95.67%, Err 0 (0.0e+00)
1795.631 .... 6709 packets received, 7654 bps, 95.67%, Err 0 (0.0e+00)
1797.726 .... 6717 packets received, 7654 bps, 95.68%, Err 0 (0.0e+00)
1799.850 .... 6725 packets received, 7654 bps, 95.68%, Err 0 (0.0e+00)
1801.961 .... 6733 packets received, 7654 bps, 95.68%, Err 0 (0.0e+00)
1804.087 .... 6741 packets received, 7654 bps, 95.68%, Err 0 (0.0e+00)
1806.184 .... 6749 packets received, 7655 bps, 95.68%, Err 0 (0.0e+00)
1808.311 .... 6757 packets received, 7655 bps, 95.68%, Err 0 (0.0e+00)
1810.408 .... 6765 packets received, 7655 bps, 95.68%, Err 0 (0.0e+00)
1812.521 .... 6773 packets received, 7655 bps, 95.69%, Err 0 (0.0e+00)
1814.631 .... 6781 packets received, 7655 bps, 95.69%, Err 0 (0.0e+00)
1816.757 .... 6789 packets received, 7655 bps, 95.69%, Err 0 (0.0e+00)
1818.868 .... 6797 packets received, 7655 bps, 95.69%, Err 0 (0.0e+00)
1820.981 .... 6805 packets received, 7655 bps, 95.69%, Err 0 (0.0e+00)
1823.094 .... 6813 packets received, 7655 bps, 95.69%, Err 0 (0.0e+00)
1825.208 .... 6821 packets received, 7656 bps, 95.69%, Err 0 (0.0e+00)
1827.305 .... 6829 packets received, 7656 bps, 95.70%, Err 0 (0.0e+00)
1829.416 .... 6837 packets received, 7656 bps, 95.70%, Err 0 (0.0e+00)
1831.529 .... 6845 packets received, 7656 bps, 95.70%, Err 0 (0.0e+00)
1833.642 .... 6853 packets received, 7656 bps, 95.70%, Err 0 (0.0e+00)
1835.757 .... 6861 packets received, 7656 bps, 95.70%, Err 0 (0.0e+00)
1837.869 .... 6869 packets received, 7656 bps, 95.70%, Err 0 (0.0e+00)
1839.983 .... 6877 packets received, 7656 bps, 95.70%, Err 0 (0.0e+00)
1842.097 .... 6885 packets received, 7656 bps, 95.71%, Err 0 (0.0e+00)
1844.212 .... 6893 packets received, 7657 bps, 95.71%, Err 0 (0.0e+00)
1846.310 .... 6901 packets received, 7657 bps, 95.71%, Err 0 (0.0e+00)
1848.423 .... 6909 packets received, 7657 bps, 95.71%, Err 0 (0.0e+00)
1850.551 .... 6917 packets received, 7657 bps, 95.71%, Err 0 (0.0e+00)
1852.664 .... 6925 packets received, 7657 bps, 95.71%, Err 0 (0.0e+00)
1854.748 .... 6933 packets received, 7657 bps, 95.72%, Err 0 (0.0e+00)
1856.862 .... 6941 packets received, 7657 bps, 95.72%, Err 0 (0.0e+00)
1858.977 .... 6949 packets received, 7657 bps, 95.72%, Err 0 (0.0e+00)
1861.107 .... 6957 packets received, 7658 bps, 95.72%, Err 0 (0.0e+00)
1863.204 .... 6965 packets received, 7658 bps, 95.72%, Err 0 (0.0e+00)
1865.317 .... 6973 packets received, 7658 bps, 95.72%, Err 0 (0.0e+00)
1867.432 .... 6981 packets received, 7658 bps, 95.72%, Err 0 (0.0e+00)
1869.545 .... 6989 packets received, 7658 bps, 95.72%, Err 0 (0.0e+00)
1871.660 .... 6997 packets received, 7658 bps, 95.73%, Err 0 (0.0e+00)
1873.775 .... 7005 packets received, 7658 bps, 95.73%, Err 0 (0.0e+00)
1875.887 .... 7013 packets received, 7658 bps, 95.73%, Err 0 (0.0e+00)
1878.002 .... 7021 packets received, 7658 bps, 95.73%, Err 0 (0.0e+00)
1880.116 .... 7029 packets received, 7659 bps, 95.73%, Err 0 (0.0e+00)
1882.213 .... 7037 packets received, 7659 bps, 95.73%, Err 0 (0.0e+00)
1884.343 .... 7045 packets received, 7659 bps, 95.73%, Err 0 (0.0e+00)
1886.427 .... 7053 packets received, 7659 bps, 95.74%, Err 0 (0.0e+00)
1888.540 .... 7061 packets received, 7659 bps, 95.74%, Err 0 (0.0e+00)
1890.652 .... 7069 packets received, 7659 bps, 95.74%, Err 0 (0.0e+00)
1892.768 .... 7077 packets received, 7659 bps, 95.74%, Err 0 (0.0e+00)
1894.903 .... 7085 packets received, 7659 bps, 95.74%, Err 0 (0.0e+00)
1897.002 .... 7093 packets received, 7659 bps, 95.74%, Err 0 (0.0e+00)
1899.110 .... 7101 packets received, 7660 bps, 95.74%, Err 0 (0.0e+00)
1901.237 .... 7109 packets received, 7660 bps, 95.75%, Err 0 (0.0e+00)
1903.331 .... 7117 packets received, 7660 bps, 95.75%, Err 0 (0.0e+00)
1905.449 .... 7125 packets received, 7660 bps, 95.75%, Err 0 (0.0e+00)
1907.558 .... 7133 packets received, 7660 bps, 95.75%, Err 0 (0.0e+00)
1909.667 .... 7141 packets received, 7660 bps, 95.75%, Err 0 (0.0e+00)
1911.785 .... 7149 packets received, 7660 bps, 95.75%, Err 0 (0.0e+00)
1913.890 .... 7157 packets received, 7660 bps, 95.75%, Err 0 (0.0e+00)
1916.016 .... 7165 packets received, 7660 bps, 95.75%, Err 0 (0.0e+00)
1918.129 .... 7173 packets received, 7660 bps, 95.76%, Err 0 (0.0e+00)
1920.240 .... 7181 packets received, 7661 bps, 95.76%, Err 0 (0.0e+00)
1922.339 .... 7189 packets received, 7661 bps, 95.76%, Err 0 (0.0e+00)
1924.449 .... 7197 packets received, 7661 bps, 95.76%, Err 0 (0.0e+00)
1926.561 .... 7205 packets received, 7661 bps, 95.76%, Err 0 (0.0e+00)
1928.685 .... 7213 packets received, 7661 bps, 95.76%, Err 0 (0.0e+00)
1930.804 .... 7221 packets received, 7661 bps, 95.76%, Err 0 (0.0e+00)
1932.905 .... 7229 packets received, 7661 bps, 95.77%, Err 0 (0.0e+00)
1935.007 .... 7237 packets received, 7661 bps, 95.77%, Err 0 (0.0e+00)
1937.131 .... 7245 packets received, 7661 bps, 95.77%, Err 0 (0.0e+00)
1939.243 .... 7253 packets received, 7662 bps, 95.77%, Err 0 (0.0e+00)
1941.345 .... 7261 packets received, 7662 bps, 95.77%, Err 0 (0.0e+00)
1943.468 .... 7269 packets received, 7662 bps, 95.77%, Err 0 (0.0e+00)
1945.581 .... 7277 packets received, 7662 bps, 95.77%, Err 0 (0.0e+00)
1947.680 .... 7285 packets received, 7662 bps, 95.78%, Err 0 (0.0e+00)
1949.789 .... 7293 packets received, 7662 bps, 95.78%, Err 0 (0.0e+00)
1951.900 .... 7301 packets received, 7662 bps, 95.78%, Err 0 (0.0e+00)
1954.025 .... 7309 packets received, 7662 bps, 95.78%, Err 0 (0.0e+00)
1956.137 .... 7317 packets received, 7662 bps, 95.78%, Err 0 (0.0e+00)
1958.245 .... 7325 packets received, 7663 bps, 95.78%, Err 0 (0.0e+00)
1960.353 .... 7333 packets received, 7663 bps, 95.78%, Err 0 (0.0e+00)
1962.477 .... 7341 packets received, 7663 bps, 95.78%, Err 0 (0.0e+00)
1964.589 .... 7349 packets received, 7663 bps, 95.78%, Err 0 (0.0e+00)
1966.702 .... 7357 packets received, 7663 bps, 95.79%, Err 0 (0.0e+00)
1968.809 .... 7365 packets received, 7663 bps, 95.79%, Err 0 (0.0e+00)
1970.920 .... 7373 packets received, 7663 bps, 95.79%, Err 0 (0.0e+00)
1973.031 .... 7381 packets received, 7663 bps, 95.79%, Err 0 (0.0e+00)
1975.156 .... 7389 packets received, 7663 bps, 95.79%, Err 0 (0.0e+00)
1977.262 .... 7397 packets received, 7663 bps, 95.79%, Err 0 (0.0e+00)
1979.373 .... 7405 packets received, 7664 bps, 95.79%, Err 0 (0.0e+00)
1981.484 .... 7413 packets received, 7664 bps, 95.80%, Err 0 (0.0e+00)
1983.591 .... 7421 packets received, 7664 bps, 95.80%, Err 0 (0.0e+00)
1985.718 .... 7429 packets received, 7664 bps, 95.80%, Err 0 (0.0e+00)
1987.827 .... 7437 packets received, 7664 bps, 95.80%, Err 0 (0.0e+00)
1989.935 .... 7445 packets received, 7664 bps, 95.80%, Err 0 (0.0e+00)
1992.043 .... 7453 packets received, 7664 bps, 95.80%, Err 0 (0.0e+00)
1994.154 .... 7461 packets received, 7664 bps, 95.80%, Err 0 (0.0e+00)
1996.265 .... 7469 packets received, 7664 bps, 95.80%, Err 0 (0.0e+00)
1998.387 .... 7477 packets received, 7664 bps, 95.80%, Err 0 (0.0e+00)
2000.497 .... 7485 packets received, 7664 bps, 95.81%, Err 0 (0.0e+00)
2002.599 .... 7493 packets received, 7665 bps, 95.81%, Err 0 (0.0e+00)
2004.710 .... 7501 packets received, 7665 bps, 95.81%, Err 0 (0.0e+00)
2006.836 .... 7509 packets received, 7665 bps, 95.81%, Err 0 (0.0e+00)
2008.945 .... 7517 packets received, 7665 bps, 95.81%, Err 0 (0.0e+00)
2011.057 .... 7525 packets received, 7665 bps, 95.81%, Err 0 (0.0e+00)
2013.166 .... 7533 packets received, 7665 bps, 95.81%, Err 0 (0.0e+00)
2015.279 .... 7541 packets received, 7665 bps, 95.81%, Err 0 (0.0e+00)
2017.383 .... 7549 packets received, 7665 bps, 95.82%, Err 0 (0.0e+00)
2019.498 .... 7557 packets received, 7665 bps, 95.82%, Err 0 (0.0e+00)
2021.617 .... 7565 packets received, 7665 bps, 95.82%, Err 0 (0.0e+00)
2023.726 .... 7573 packets received, 7666 bps, 95.82%, Err 0 (0.0e+00)
2025.843 .... 7581 packets received, 7666 bps, 95.82%, Err 0 (0.0e+00)
2027.951 .... 7589 packets received, 7666 bps, 95.82%, Err 0 (0.0e+00)
2030.064 .... 7597 packets received, 7666 bps, 95.82%, Err 0 (0.0e+00)
2032.176 .... 7605 packets received, 7666 bps, 95.82%, Err 0 (0.0e+00)
2034.289 .... 7613 packets received, 7666 bps, 95.83%, Err 0 (0.0e+00)
2036.399 .... 7621 packets received, 7666 bps, 95.83%, Err 0 (0.0e+00)
2038.513 .... 7629 packets received, 7666 bps, 95.83%, Err 0 (0.0e+00)
2040.624 .... 7637 packets received, 7666 bps, 95.83%, Err 0 (0.0e+00)
2042.737 .... 7645 packets received, 7666 bps, 95.83%, Err 0 (0.0e+00)
2044.850 .... 7653 packets received, 7666 bps, 95.83%, Err 0 (0.0e+00)
2046.963 .... 7661 packets received, 7667 bps, 95.83%, Err 0 (0.0e+00)
2049.075 .... 7669 packets received, 7667 bps, 95.83%, Err 0 (0.0e+00)
2051.171 .... 7677 packets received, 7667 bps, 95.84%, Err 0 (0.0e+00)
2053.284 .... 7685 packets received, 7667 bps, 95.84%, Err 0 (0.0e+00)
2055.413 .... 7693 packets received, 7667 bps, 95.84%, Err 0 (0.0e+00)
2057.510 .... 7701 packets received, 7667 bps, 95.84%, Err 0 (0.0e+00)
2059.621 .... 7709 packets received, 7667 bps, 95.84%, Err 0 (0.0e+00)
2061.733 .... 7717 packets received, 7667 bps, 95.84%, Err 0 (0.0e+00)
2063.844 .... 7725 packets received, 7667 bps, 95.84%, Err 0 (0.0e+00)
2065.960 .... 7733 packets received, 7667 bps, 95.84%, Err 0 (0.0e+00)
2068.073 .... 7741 packets received, 7668 bps, 95.84%, Err 0 (0.0e+00)
2070.184 .... 7749 packets received, 7668 bps, 95.85%, Err 0 (0.0e+00)
2072.295 .... 7757 packets received, 7668 bps, 95.85%, Err 0 (0.0e+00)
2074.406 .... 7765 packets received, 7668 bps, 95.85%, Err 0 (0.0e+00)
2076.533 .... 7773 packets received, 7668 bps, 95.85%, Err 0 (0.0e+00)
2078.630 .... 7781 packets received, 7668 bps, 95.85%, Err 0 (0.0e+00)
2080.757 .... 7789 packets received, 7668 bps, 95.85%, Err 0 (0.0e+00)
2082.856 .... 7797 packets received, 7668 bps, 95.85%, Err 0 (0.0e+00)
2084.967 .... 7805 packets received, 7668 bps, 95.85%, Err 0 (0.0e+00)
2087.078 .... 7813 packets received, 7668 bps, 95.85%, Err 0 (0.0e+00)
2089.190 .... 7821 packets received, 7668 bps, 95.86%, Err 0 (0.0e+00)
2091.308 .... 7829 packets received, 7669 bps, 95.86%, Err 0 (0.0e+00)
2093.418 .... 7837 packets received, 7669 bps, 95.86%, Err 0 (0.0e+00)
2095.528 .... 7845 packets received, 7669 bps, 95.86%, Err 0 (0.0e+00)
2097.652 .... 7853 packets received, 7669 bps, 95.86%, Err 0 (0.0e+00)
2099.751 .... 7861 packets received, 7669 bps, 95.86%, Err 0 (0.0e+00)
2101.873 .... 7869 packets received, 7669 bps, 95.86%, Err 0 (0.0e+00)
2103.985 .... 7877 packets received, 7669 bps, 95.86%, Err 0 (0.0e+00)
2106.354 .... 7880 packets received, 7663 bps, 95.79%, Err 0 (0.0e+00)
2108.476 .... 7888 packets received, 7663 bps, 95.79%, Err 0 (0.0e+00)
2110.584 .... 7896 packets received, 7664 bps, 95.79%, Err 0 (0.0e+00)
2112.707 .... 7904 packets received, 7664 bps, 95.79%, Err 0 (0.0e+00)
2114.817 .... 7912 packets received, 7664 bps, 95.80%, Err 0 (0.0e+00)
2116.925 .... 7920 packets received, 7664 bps, 95.80%, Err 0 (0.0e+00)
2119.034 .... 7928 packets received, 7664 bps, 95.80%, Err 0 (0.0e+00)
2121.142 .... 7936 packets received, 7664 bps, 95.80%, Err 0 (0.0e+00)
2123.264 .... 7944 packets received, 7664 bps, 95.80%, Err 0 (0.0e+00)
2125.372 .... 7952 packets received, 7664 bps, 95.80%, Err 0 (0.0e+00)
2127.480 .... 7960 packets received, 7664 bps, 95.80%, Err 0 (0.0e+00)
2129.602 .... 7968 packets received, 7664 bps, 95.80%, Err 0 (0.0e+00)
2131.710 .... 7976 packets received, 7664 bps, 95.81%, Err 0 (0.0e+00)
2133.819 .... 7984 packets received, 7665 bps, 95.81%, Err 0 (0.0e+00)
2135.928 .... 7992 packets received, 7665 bps, 95.81%, Err 0 (0.0e+00)
2138.025 .... 8000 packets received, 7665 bps, 95.81%, Err 0 (0.0e+00)
2140.165 .... 8008 packets received, 7665 bps, 95.81%, Err 0 (0.0e+00)
2142.273 .... 8016 packets received, 7665 bps, 95.81%, Err 0 (0.0e+00)
2144.381 .... 8024 packets received, 7665 bps, 95.81%, Err 0 (0.0e+00)
2146.489 .... 8032 packets received, 7665 bps, 95.81%, Err 0 (0.0e+00)
2148.611 .... 8040 packets received, 7665 bps, 95.81%, Err 0 (0.0e+00)
2150.706 .... 8048 packets received, 7665 bps, 95.82%, Err 0 (0.0e+00)
2152.817 .... 8056 packets received, 7665 bps, 95.82%, Err 0 (0.0e+00)
2154.925 .... 8064 packets received, 7665 bps, 95.82%, Err 0 (0.0e+00)
2157.036 .... 8072 packets received, 7666 bps, 95.82%, Err 0 (0.0e+00)
2159.160 .... 8080 packets received, 7666 bps, 95.82%, Err 0 (0.0e+00)
2161.286 .... 8088 packets received, 7666 bps, 95.82%, Err 0 (0.0e+00)
2163.395 .... 8096 packets received, 7666 bps, 95.82%, Err 0 (0.0e+00)
2165.504 .... 8104 packets received, 7666 bps, 95.82%, Err 0 (0.0e+00)
2167.611 .... 8112 packets received, 7666 bps, 95.82%, Err 0 (0.0e+00)
2169.718 .... 8120 packets received, 7666 bps, 95.83%, Err 0 (0.0e+00)
2171.824 .... 8128 packets received, 7666 bps, 95.83%, Err 0 (0.0e+00)
2173.946 .... 8136 packets received, 7666 bps, 95.83%, Err 0 (0.0e+00)
2176.052 .... 8144 packets received, 7666 bps, 95.83%, Err 0 (0.0e+00)
2178.159 .... 8152 packets received, 7666 bps, 95.83%, Err 0 (0.0e+00)
2180.268 .... 8160 packets received, 7667 bps, 95.83%, Err 0 (0.0e+00)
2182.391 .... 8168 packets received, 7667 bps, 95.83%, Err 0 (0.0e+00)
2184.499 .... 8176 packets received, 7667 bps, 95.83%, Err 0 (0.0e+00)
2186.622 .... 8184 packets received, 7667 bps, 95.83%, Err 0 (0.0e+00)
2188.721 .... 8192 packets received, 7667 bps, 95.84%, Err 0 (0.0e+00)
2190.847 .... 8200 packets received, 7667 bps, 95.84%, Err 0 (0.0e+00)
2192.954 .... 8208 packets received, 7667 bps, 95.84%, Err 0 (0.0e+00)
2195.069 .... 8216 packets received, 7667 bps, 95.84%, Err 0 (0.0e+00)
2197.178 .... 8224 packets received, 7667 bps, 95.84%, Err 0 (0.0e+00)
2199.285 .... 8232 packets received, 7667 bps, 95.84%, Err 0 (0.0e+00)
2201.409 .... 8240 packets received, 7667 bps, 95.84%, Err 0 (0.0e+00)
2203.519 .... 8248 packets received, 7667 bps, 95.84%, Err 0 (0.0e+00)
2205.635 .... 8256 packets received, 7668 bps, 95.84%, Err 0 (0.0e+00)
2207.747 .... 8264 packets received, 7668 bps, 95.85%, Err 0 (0.0e+00)
2209.858 .... 8272 packets received, 7668 bps, 95.85%, Err 0 (0.0e+00)
2211.969 .... 8280 packets received, 7668 bps, 95.85%, Err 0 (0.0e+00)
2214.081 .... 8288 packets received, 7668 bps, 95.85%, Err 0 (0.0e+00)
2216.194 .... 8296 packets received, 7668 bps, 95.85%, Err 0 (0.0e+00)
2218.304 .... 8304 packets received, 7668 bps, 95.85%, Err 0 (0.0e+00)
2220.417 .... 8312 packets received, 7668 bps, 95.85%, Err 0 (0.0e+00)
2222.532 .... 8320 packets received, 7668 bps, 95.85%, Err 0 (0.0e+00)
2224.644 .... 8328 packets received, 7668 bps, 95.85%, Err 0 (0.0e+00)
2226.755 .... 8336 packets received, 7668 bps, 95.85%, Err 0 (0.0e+00)
2228.865 .... 8344 packets received, 7668 bps, 95.86%, Err 0 (0.0e+00)
2230.975 .... 8352 packets received, 7669 bps, 95.86%, Err 0 (0.0e+00)
2233.089 .... 8360 packets received, 7669 bps, 95.86%, Err 0 (0.0e+00)
2235.199 .... 8368 packets received, 7669 bps, 95.86%, Err 0 (0.0e+00)
2237.311 .... 8376 packets received, 7669 bps, 95.86%, Err 0 (0.0e+00)
2239.409 .... 8384 packets received, 7669 bps, 95.86%, Err 0 (0.0e+00)
2241.535 .... 8392 packets received, 7669 bps, 95.86%, Err 0 (0.0e+00)
2243.632 .... 8400 packets received, 7669 bps, 95.86%, Err 0 (0.0e+00)
2245.748 .... 8408 packets received, 7669 bps, 95.86%, Err 0 (0.0e+00)
2247.860 .... 8416 packets received, 7669 bps, 95.87%, Err 0 (0.0e+00)
2249.971 .... 8424 packets received, 7669 bps, 95.87%, Err 0 (0.0e+00)
2252.096 .... 8432 packets received, 7669 bps, 95.87%, Err 0 (0.0e+00)
2254.196 .... 8440 packets received, 7670 bps, 95.87%, Err 0 (0.0e+00)
2256.324 .... 8448 packets received, 7670 bps, 95.87%, Err 0 (0.0e+00)
2258.435 .... 8456 packets received, 7670 bps, 95.87%, Err 0 (0.0e+00)
2260.546 .... 8464 packets received, 7670 bps, 95.87%, Err 0 (0.0e+00)
2262.647 .... 8472 packets received, 7670 bps, 95.87%, Err 0 (0.0e+00)
2264.758 .... 8480 packets received, 7670 bps, 95.87%, Err 0 (0.0e+00)
2266.870 .... 8488 packets received, 7670 bps, 95.88%, Err 0 (0.0e+00)
2268.983 .... 8496 packets received, 7670 bps, 95.88%, Err 0 (0.0e+00)
2271.094 .... 8504 packets received, 7670 bps, 95.88%, Err 0 (0.0e+00)
2273.222 .... 8512 packets received, 7670 bps, 95.88%, Err 0 (0.0e+00)
2275.319 .... 8520 packets received, 7670 bps, 95.88%, Err 0 (0.0e+00)
2277.446 .... 8528 packets received, 7670 bps, 95.88%, Err 0 (0.0e+00)
2279.547 .... 8536 packets received, 7670 bps, 95.88%, Err 0 (0.0e+00)
2281.658 .... 8544 packets received, 7671 bps, 95.88%, Err 0 (0.0e+00)
2283.772 .... 8552 packets received, 7671 bps, 95.88%, Err 0 (0.0e+00)
2285.888 .... 8560 packets received, 7671 bps, 95.88%, Err 0 (0.0e+00)
2287.998 .... 8568 packets received, 7671 bps, 95.88%, Err 0 (0.0e+00)
2290.111 .... 8576 packets received, 7671 bps, 95.89%, Err 0 (0.0e+00)
2292.222 .... 8584 packets received, 7671 bps, 95.89%, Err 0 (0.0e+00)
2294.333 .... 8592 packets received, 7671 bps, 95.89%, Err 0 (0.0e+00)
2296.443 .... 8600 packets received, 7671 bps, 95.89%, Err 0 (0.0e+00)
2298.555 .... 8608 packets received, 7671 bps, 95.89%, Err 0 (0.0e+00)
2300.666 .... 8616 packets received, 7671 bps, 95.89%, Err 0 (0.0e+00)
2302.772 .... 8624 packets received, 7671 bps, 95.89%, Err 0 (0.0e+00)
2304.886 .... 8632 packets received, 7671 bps, 95.89%, Err 0 (0.0e+00)
2306.993 .... 8640 packets received, 7672 bps, 95.89%, Err 0 (0.0e+00)
2309.101 .... 8648 packets received, 7672 bps, 95.90%, Err 0 (0.0e+00)
2311.225 .... 8656 packets received, 7672 bps, 95.90%, Err 0 (0.0e+00)
2313.332 .... 8664 packets received, 7672 bps, 95.90%, Err 0 (0.0e+00)
2315.439 .... 8672 packets received, 7672 bps, 95.90%, Err 0 (0.0e+00)
2317.555 .... 8680 packets received, 7672 bps, 95.90%, Err 0 (0.0e+00)
2319.677 .... 8688 packets received, 7672 bps, 95.90%, Err 0 (0.0e+00)
2321.785 .... 8696 packets received, 7672 bps, 95.90%, Err 0 (0.0e+00)
2323.892 .... 8704 packets received, 7672 bps, 95.90%, Err 0 (0.0e+00)
2326.806 .... 8709 packets received, 7667 bps, 95.84%, Err 0 (0.0e+00)
2328.918 .... 8717 packets received, 7667 bps, 95.84%, Err 0 (0.0e+00)
2331.026 .... 8725 packets received, 7667 bps, 95.84%, Err 0 (0.0e+00)
2333.149 .... 8733 packets received, 7667 bps, 95.84%, Err 0 (0.0e+00)
2335.256 .... 8741 packets received, 7667 bps, 95.84%, Err 0 (0.0e+00)
2337.379 .... 8749 packets received, 7667 bps, 95.84%, Err 0 (0.0e+00)
2339.487 .... 8757 packets received, 7667 bps, 95.84%, Err 0 (0.0e+00)
2341.595 .... 8765 packets received, 7668 bps, 95.84%, Err 0 (0.0e+00)
2343.716 .... 8773 packets received, 7668 bps, 95.84%, Err 0 (0.0e+00)
2345.823 .... 8781 packets received, 7668 bps, 95.85%, Err 0 (0.0e+00)
2347.925 .... 8789 packets received, 7668 bps, 95.85%, Err 0 (0.0e+00)
2350.032 .... 8797 packets received, 7668 bps, 95.85%, Err 0 (0.0e+00)
2352.146 .... 8805 packets received, 7668 bps, 95.85%, Err 0 (0.0e+00)
2354.258 .... 8813 packets received, 7668 bps, 95.85%, Err 0 (0.0e+00)
2356.381 .... 8821 packets received, 7668 bps, 95.85%, Err 0 (0.0e+00)
2358.491 .... 8829 packets received, 7668 bps, 95.85%, Err 0 (0.0e+00)
2360.589 .... 8837 packets received, 7668 bps, 95.85%, Err 0 (0.0e+00)
2362.712 .... 8845 packets received, 7668 bps, 95.85%, Err 0 (0.0e+00)
2364.818 .... 8853 packets received, 7668 bps, 95.86%, Err 0 (0.0e+00)
2366.940 .... 8861 packets received, 7668 bps, 95.86%, Err 0 (0.0e+00)
2369.046 .... 8869 packets received, 7669 bps, 95.86%, Err 0 (0.0e+00)
2371.156 .... 8877 packets received, 7669 bps, 95.86%, Err 0 (0.0e+00)
2373.279 .... 8885 packets received, 7669 bps, 95.86%, Err 0 (0.0e+00)
2375.386 .... 8893 packets received, 7669 bps, 95.86%, Err 0 (0.0e+00)
2377.493 .... 8901 packets received, 7669 bps, 95.86%, Err 0 (0.0e+00)
2379.602 .... 8909 packets received, 7669 bps, 95.86%, Err 0 (0.0e+00)
2381.723 .... 8917 packets received, 7669 bps, 95.86%, Err 0 (0.0e+00)
2383.830 .... 8925 packets received, 7669 bps, 95.86%, Err 0 (0.0e+00)
2385.939 .... 8933 packets received, 7669 bps, 95.87%, Err 0 (0.0e+00)
2388.061 .... 8941 packets received, 7669 bps, 95.87%, Err 0 (0.0e+00)
2390.168 .... 8949 packets received, 7669 bps, 95.87%, Err 0 (0.0e+00)
2392.274 .... 8957 packets received, 7669 bps, 95.87%, Err 0 (0.0e+00)
2394.396 .... 8965 packets received, 7669 bps, 95.87%, Err 0 (0.0e+00)
2396.503 .... 8973 packets received, 7670 bps, 95.87%, Err 0 (0.0e+00)
2398.610 .... 8981 packets received, 7670 bps, 95.87%, Err 0 (0.0e+00)
2400.733 .... 8989 packets received, 7670 bps, 95.87%, Err 0 (0.0e+00)
2402.842 .... 8997 packets received, 7670 bps, 95.87%, Err 0 (0.0e+00)
2404.951 .... 9005 packets received, 7670 bps, 95.87%, Err 0 (0.0e+00)
2407.060 .... 9013 packets received, 7670 bps, 95.87%, Err 0 (0.0e+00)
2409.170 .... 9021 packets received, 7670 bps, 95.88%, Err 0 (0.0e+00)
2411.281 .... 9029 packets received, 7670 bps, 95.88%, Err 0 (0.0e+00)
2413.390 .... 9037 packets received, 7670 bps, 95.88%, Err 0 (0.0e+00)
2415.500 .... 9045 packets received, 7670 bps, 95.88%, Err 0 (0.0e+00)
2417.626 .... 9053 packets received, 7670 bps, 95.88%, Err 0 (0.0e+00)
2419.723 .... 9061 packets received, 7670 bps, 95.88%, Err 0 (0.0e+00)
2421.849 .... 9069 packets received, 7671 bps, 95.88%, Err 0 (0.0e+00)
2423.960 .... 9077 packets received, 7671 bps, 95.88%, Err 0 (0.0e+00)
2426.071 .... 9085 packets received, 7671 bps, 95.88%, Err 0 (0.0e+00)
2428.183 .... 9093 packets received, 7671 bps, 95.88%, Err 0 (0.0e+00)
2430.310 .... 9101 packets received, 7671 bps, 95.88%, Err 0 (0.0e+00)
2432.408 .... 9109 packets received, 7671 bps, 95.89%, Err 0 (0.0e+00)
2434.518 .... 9117 packets received, 7671 bps, 95.89%, Err 0 (0.0e+00)
2436.631 .... 9125 packets received, 7671 bps, 95.89%, Err 0 (0.0e+00)
2438.743 .... 9133 packets received, 7671 bps, 95.89%, Err 0 (0.0e+00)
2440.853 .... 9141 packets received, 7671 bps, 95.89%, Err 0 (0.0e+00)
2442.963 .... 9149 packets received, 7671 bps, 95.89%, Err 0 (0.0e+00)
2445.074 .... 9157 packets received, 7671 bps, 95.89%, Err 0 (0.0e+00)
2447.187 .... 9165 packets received, 7671 bps, 95.89%, Err 0 (0.0e+00)
2449.297 .... 9173 packets received, 7672 bps, 95.89%, Err 0 (0.0e+00)
2451.407 .... 9181 packets received, 7672 bps, 95.89%, Err 0 (0.0e+00)
2453.532 .... 9189 packets received, 7672 bps, 95.90%, Err 0 (0.0e+00)
2455.629 .... 9197 packets received, 7672 bps, 95.90%, Err 0 (0.0e+00)
2457.742 .... 9205 packets received, 7672 bps, 95.90%, Err 0 (0.0e+00)
2459.869 .... 9213 packets received, 7672 bps, 95.90%, Err 0 (0.0e+00)
2461.965 .... 9221 packets received, 7672 bps, 95.90%, Err 0 (0.0e+00)
2464.077 .... 9229 packets received, 7672 bps, 95.90%, Err 0 (0.0e+00)
2466.188 .... 9237 packets received, 7672 bps, 95.90%, Err 0 (0.0e+00)
2468.315 .... 9245 packets received, 7672 bps, 95.90%, Err 0 (0.0e+00)
2470.427 .... 9253 packets received, 7672 bps, 95.90%, Err 0 (0.0e+00)
2472.539 .... 9261 packets received, 7672 bps, 95.90%, Err 0 (0.0e+00)
2474.636 .... 9269 packets received, 7672 bps, 95.91%, Err 0 (0.0e+00)
2476.748 .... 9277 packets received, 7672 bps, 95.91%, Err 0 (0.0e+00)
2478.875 .... 9285 packets received, 7673 bps, 95.91%, Err 0 (0.0e+00)
2480.972 .... 9293 packets received, 7673 bps, 95.91%, Err 0 (0.0e+00)
2483.099 .... 9301 packets received, 7673 bps, 95.91%, Err 0 (0.0e+00)
2485.208 .... 9309 packets received, 7673 bps, 95.91%, Err 0 (0.0e+00)
2487.333 .... 9317 packets received, 7673 bps, 95.91%, Err 0 (0.0e+00)
2489.445 .... 9325 packets received, 7673 bps, 95.91%, Err 0 (0.0e+00)
2491.541 .... 9333 packets received, 7673 bps, 95.91%, Err 0 (0.0e+00)
2493.653 .... 9341 packets received, 7673 bps, 95.91%, Err 0 (0.0e+00)
2495.764 .... 9349 packets received, 7673 bps, 95.91%, Err 0 (0.0e+00)
2497.877 .... 9357 packets received, 7673 bps, 95.91%, Err 0 (0.0e+00)
2499.988 .... 9365 packets received, 7673 bps, 95.92%, Err 0 (0.0e+00)
2502.099 .... 9373 packets received, 7673 bps, 95.92%, Err 0 (0.0e+00)
2504.209 .... 9381 packets received, 7673 bps, 95.92%, Err 0 (0.0e+00)
2506.320 .... 9389 packets received, 7673 bps, 95.92%, Err 0 (0.0e+00)
2508.430 .... 9397 packets received, 7674 bps, 95.92%, Err 0 (0.0e+00)
2510.540 .... 9405 packets received, 7674 bps, 95.92%, Err 0 (0.0e+00)
2512.665 .... 9413 packets received, 7674 bps, 95.92%, Err 0 (0.0e+00)
2514.774 .... 9421 packets received, 7674 bps, 95.92%, Err 0 (0.0e+00)
2516.884 .... 9429 packets received, 7674 bps, 95.92%, Err 0 (0.0e+00)
2519.008 .... 9437 packets received, 7674 bps, 95.92%, Err 0 (0.0e+00)
2521.100 .... 9445 packets received, 7674 bps, 95.92%, Err 0 (0.0e+00)
2523.223 .... 9453 packets received, 7674 bps, 95.93%, Err 0 (0.0e+00)
2525.345 .... 9461 packets received, 7674 bps, 95.93%, Err 0 (0.0e+00)
2527.452 .... 9469 packets received, 7674 bps, 95.93%, Err 0 (0.0e+00)
2529.560 .... 9477 packets received, 7674 bps, 95.93%, Err 0 (0.0e+00)
2531.671 .... 9485 packets received, 7674 bps, 95.93%, Err 0 (0.0e+00)
2533.785 .... 9493 packets received, 7674 bps, 95.93%, Err 0 (0.0e+00)
2535.908 .... 9501 packets received, 7674 bps, 95.93%, Err 0 (0.0e+00)
2538.018 .... 9509 packets received, 7674 bps, 95.93%, Err 0 (0.0e+00)
2540.126 .... 9517 packets received, 7675 bps, 95.93%, Err 0 (0.0e+00)
2542.234 .... 9525 packets received, 7675 bps, 95.93%, Err 0 (0.0e+00)
2544.356 .... 9533 packets received, 7675 bps, 95.93%, Err 0 (0.0e+00)
2546.464 .... 9541 packets received, 7675 bps, 95.93%, Err 0 (0.0e+00)
2548.571 .... 9549 packets received, 7675 bps, 95.94%, Err 0 (0.0e+00)
2550.678 .... 9557 packets received, 7675 bps, 95.94%, Err 0 (0.0e+00)
2552.791 .... 9565 packets received, 7675 bps, 95.94%, Err 0 (0.0e+00)
2554.898 .... 9573 packets received, 7675 bps, 95.94%, Err 0 (0.0e+00)
2557.005 .... 9581 packets received, 7675 bps, 95.94%, Err 0 (0.0e+00)
2559.119 .... 9589 packets received, 7675 bps, 95.94%, Err 0 (0.0e+00)
2561.240 .... 9597 packets received, 7675 bps, 95.94%, Err 0 (0.0e+00)
2563.351 .... 9605 packets received, 7675 bps, 95.94%, Err 0 (0.0e+00)
2565.460 .... 9613 packets received, 7675 bps, 95.94%, Err 0 (0.0e+00)
2567.582 .... 9621 packets received, 7675 bps, 95.94%, Err 0 (0.0e+00)
2569.688 .... 9629 packets received, 7676 bps, 95.94%, Err 0 (0.0e+00)
2571.802 .... 9637 packets received, 7676 bps, 95.94%, Err 0 (0.0e+00)
2573.911 .... 9645 packets received, 7676 bps, 95.95%, Err 0 (0.0e+00)
2576.035 .... 9653 packets received, 7676 bps, 95.95%, Err 0 (0.0e+00)
2578.142 .... 9661 packets received, 7676 bps, 95.95%, Err 0 (0.0e+00)
2580.250 .... 9669 packets received, 7676 bps, 95.95%, Err 0 (0.0e+00)
2582.362 .... 9677 packets received, 7676 bps, 95.95%, Err 0 (0.0e+00)
2584.486 .... 9685 packets received, 7676 bps, 95.95%, Err 0 (0.0e+00)
2586.594 .... 9693 packets received, 7676 bps, 95.95%, Err 0 (0.0e+00)
2588.687 .... 9701 packets received, 7676 bps, 95.95%, Err 0 (0.0e+00)
