./gobackn -b -port 1234 -log nb.log 
=========================================================================
                          Station B                                 
-------------------------------------------------------------------------
Protocol.lib, version 3.0, Build: Oct 19 2009 (jiangy@public3.bta.net.cn)
Channel: 8000 bps, 270 ms propagation delay, bit error rate 1.0E-05
Log file "nb.log", TCP port 1234, debug mask 0x00
Station B is connecting station A (TCP port 1234) ... Done.
New epoch: Sun Nov 22 11:35:32 2009
=========================================================================
Designed by JackalDire
2.604 .... 8 packets received, 7670 bps, 95.88%, Err 0 (0.0e+00)
4.715 .... 16 packets received, 7716 bps, 96.44%, Err 0 (0.0e+00)
7.068 .... 19 packets received, 5896 bps, 73.70%, Err 1 (1.8e-05)
9.179 .... 27 packets received, 6348 bps, 79.35%, Err 1 (1.4e-05)
11.290 .... 35 packets received, 6624 bps, 82.79%, Err 1 (1.1e-05)
13.402 .... 43 packets received, 6809 bps, 85.11%, Err 1 (9.5e-06)
16.849 .... 50 packets received, 6251 bps, 78.14%, Err 2 (1.5e-05)
18.959 .... 58 packets received, 6424 bps, 80.30%, Err 2 (1.3e-05)
21.056 .... 66 packets received, 6565 bps, 82.07%, Err 2 (1.2e-05)
24.503 .... 73 packets received, 6221 bps, 77.76%, Err 4 (2.1e-05)
26.613 .... 81 packets received, 6345 bps, 79.31%, Err 4 (1.9e-05)
28.724 .... 89 packets received, 6451 bps, 80.63%, Err 4 (1.8e-05)
32.417 .... 97 packets received, 6218 bps, 77.72%, Err 6 (2.3e-05)
34.537 .... 105 packets received, 6312 bps, 78.90%, Err 6 (2.2e-05)
36.649 .... 113 packets received, 6396 bps, 79.95%, Err 6 (2.1e-05)
39.021 .... 116 packets received, 6162 bps, 77.03%, Err 6 (1.9e-05)
41.132 .... 124 packets received, 6245 bps, 78.06%, Err 6 (1.8e-05)
43.243 .... 132 packets received, 6320 bps, 79.00%, Err 6 (1.7e-05)
45.353 .... 140 packets received, 6388 bps, 79.85%, Err 6 (1.7e-05)
47.462 .... 148 packets received, 6450 bps, 80.62%, Err 6 (1.6e-05)
49.579 .... 156 packets received, 6505 bps, 81.32%, Err 6 (1.5e-05)
51.690 .... 164 packets received, 6557 bps, 81.96%, Err 6 (1.5e-05)
53.800 .... 172 packets received, 6605 bps, 82.56%, Err 6 (1.4e-05)
56.448 .... 176 packets received, 6439 bps, 80.49%, Err 8 (1.8e-05)
58.551 .... 184 packets received, 6488 bps, 81.10%, Err 8 (1.7e-05)
60.659 .... 192 packets received, 6533 bps, 81.66%, Err 8 (1.7e-05)
62.791 .... 200 packets received, 6572 bps, 82.15%, Err 9 (1.8e-05)
64.906 .... 202 packets received, 6420 bps, 80.25%, Err 9 (1.7e-05)
67.008 .... 210 packets received, 6463 bps, 80.79%, Err 9 (1.7e-05)
70.171 .... 216 packets received, 6346 bps, 79.33%, Err 9 (1.6e-05)
72.284 .... 224 packets received, 6388 bps, 79.85%, Err 9 (1.6e-05)
74.425 .... 226 packets received, 6258 bps, 78.23%, Err 9 (1.5e-05)
77.599 .... 232 packets received, 6160 bps, 77.00%, Err 9 (1.5e-05)
80.779 .... 238 packets received, 6069 bps, 75.87%, Err 9 (1.4e-05)
83.972 .... 244 packets received, 5984 bps, 74.80%, Err 9 (1.3e-05)
87.146 .... 250 packets received, 5907 bps, 73.84%, Err 9 (1.3e-05)
90.336 .... 256 packets received, 5834 bps, 72.92%, Err 9 (1.2e-05)
93.526 .... 262 packets received, 5766 bps, 72.08%, Err 9 (1.2e-05)
96.698 .... 268 packets received, 5704 bps, 71.30%, Err 9 (1.2e-05)
99.892 .... 274 packets received, 5644 bps, 70.55%, Err 9 (1.1e-05)
102.001 .... 282 packets received, 5688 bps, 71.10%, Err 9 (1.1e-05)
104.112 .... 290 packets received, 5730 bps, 71.63%, Err 9 (1.1e-05)
106.225 .... 298 packets received, 5771 bps, 72.14%, Err 9 (1.1e-05)
108.340 .... 306 packets received, 5810 bps, 72.62%, Err 9 (1.0e-05)
110.450 .... 314 packets received, 5847 bps, 73.09%, Err 9 (1.0e-05)
112.559 .... 322 packets received, 5883 bps, 73.54%, Err 9 (1.0e-05)
114.670 .... 330 packets received, 5918 bps, 73.97%, Err 9 (9.8e-06)
116.778 .... 338 packets received, 5952 bps, 74.39%, Err 9 (9.7e-06)
118.904 .... 346 packets received, 5983 bps, 74.79%, Err 9 (9.5e-06)
121.002 .... 354 packets received, 6015 bps, 75.19%, Err 9 (9.3e-06)
123.111 .... 362 packets received, 6045 bps, 75.56%, Err 9 (9.2e-06)
125.232 .... 370 packets received, 6074 bps, 75.92%, Err 9 (9.0e-06)
127.339 .... 378 packets received, 6102 bps, 76.27%, Err 9 (8.8e-06)
129.446 .... 386 packets received, 6129 bps, 76.61%, Err 9 (8.7e-06)
131.573 .... 394 packets received, 6155 bps, 76.93%, Err 9 (8.6e-06)
133.683 .... 396 packets received, 6088 bps, 76.10%, Err 10 (9.4e-06)
135.778 .... 404 packets received, 6115 bps, 76.43%, Err 10 (9.2e-06)
137.901 .... 412 packets received, 6140 bps, 76.74%, Err 10 (9.1e-06)
140.010 .... 420 packets received, 6164 bps, 77.05%, Err 10 (8.9e-06)
142.134 .... 428 packets received, 6187 bps, 77.34%, Err 11 (9.7e-06)
144.244 .... 430 packets received, 6125 bps, 76.56%, Err 11 (9.5e-06)
146.356 .... 438 packets received, 6149 bps, 76.86%, Err 11 (9.4e-06)
148.469 .... 446 packets received, 6172 bps, 77.15%, Err 11 (9.3e-06)
150.588 .... 454 packets received, 6194 bps, 77.42%, Err 11 (9.1e-06)
152.698 .... 462 packets received, 6215 bps, 77.69%, Err 11 (9.0e-06)
154.808 .... 464 packets received, 6157 bps, 76.96%, Err 12 (9.7e-06)
156.917 .... 472 packets received, 6179 bps, 77.23%, Err 12 (9.6e-06)
159.040 .... 480 packets received, 6199 bps, 77.49%, Err 12 (9.4e-06)
161.139 .... 488 packets received, 6220 bps, 77.75%, Err 12 (9.3e-06)
163.261 .... 496 packets received, 6240 bps, 78.00%, Err 12 (9.2e-06)
165.371 .... 504 packets received, 6259 bps, 78.24%, Err 12 (9.1e-06)
168.008 .... 508 packets received, 6210 bps, 77.62%, Err 13 (9.7e-06)
170.118 .... 516 packets received, 6229 bps, 77.86%, Err 13 (9.6e-06)
172.226 .... 524 packets received, 6248 bps, 78.10%, Err 13 (9.4e-06)
174.333 .... 532 packets received, 6267 bps, 78.33%, Err 13 (9.3e-06)
176.456 .... 540 packets received, 6284 bps, 78.55%, Err 13 (9.2e-06)
178.565 .... 548 packets received, 6302 bps, 78.77%, Err 13 (9.1e-06)
180.677 .... 556 packets received, 6319 bps, 78.98%, Err 13 (9.0e-06)
183.316 .... 560 packets received, 6272 bps, 78.40%, Err 14 (9.6e-06)
185.424 .... 568 packets received, 6289 bps, 78.62%, Err 14 (9.4e-06)
187.532 .... 576 packets received, 6306 bps, 78.83%, Err 14 (9.3e-06)
189.643 .... 584 packets received, 6322 bps, 79.03%, Err 14 (9.2e-06)
191.768 .... 592 packets received, 6338 bps, 79.22%, Err 14 (9.1e-06)
194.136 .... 595 packets received, 6292 bps, 78.65%, Err 15 (9.7e-06)
197.325 .... 601 packets received, 6252 bps, 78.16%, Err 15 (9.5e-06)
199.422 .... 609 packets received, 6269 bps, 78.36%, Err 15 (9.4e-06)
201.549 .... 617 packets received, 6284 bps, 78.55%, Err 15 (9.3e-06)
203.659 .... 625 packets received, 6299 bps, 78.74%, Err 15 (9.2e-06)
205.769 .... 633 packets received, 6315 bps, 78.93%, Err 15 (9.1e-06)
207.884 .... 641 packets received, 6329 bps, 79.11%, Err 15 (9.0e-06)
209.997 .... 649 packets received, 6344 bps, 79.29%, Err 15 (8.9e-06)
212.098 .... 657 packets received, 6358 bps, 79.47%, Err 15 (8.8e-06)
214.214 .... 665 packets received, 6372 bps, 79.65%, Err 15 (8.8e-06)
216.318 .... 673 packets received, 6385 bps, 79.82%, Err 15 (8.7e-06)
218.442 .... 675 packets received, 6342 bps, 79.28%, Err 15 (8.6e-06)
221.631 .... 681 packets received, 6306 bps, 78.83%, Err 15 (8.5e-06)
224.805 .... 687 packets received, 6272 bps, 78.40%, Err 15 (8.3e-06)
227.994 .... 693 packets received, 6238 bps, 77.97%, Err 15 (8.2e-06)
231.170 .... 699 packets received, 6205 bps, 77.56%, Err 15 (8.1e-06)
234.356 .... 705 packets received, 6173 bps, 77.17%, Err 15 (8.0e-06)
237.528 .... 711 packets received, 6142 bps, 76.78%, Err 15 (7.9e-06)
240.717 .... 717 packets received, 6112 bps, 76.40%, Err 15 (7.8e-06)
242.832 .... 719 packets received, 6076 bps, 75.95%, Err 16 (8.2e-06)
246.009 .... 725 packets received, 6047 bps, 75.59%, Err 16 (8.1e-06)
248.658 .... 729 packets received, 6016 bps, 75.19%, Err 17 (8.6e-06)
251.576 .... 734 packets received, 5986 bps, 74.83%, Err 19 (9.4e-06)
253.686 .... 742 packets received, 6001 bps, 75.02%, Err 19 (9.4e-06)
255.781 .... 744 packets received, 5968 bps, 74.60%, Err 20 (9.8e-06)
258.694 .... 749 packets received, 5940 bps, 74.25%, Err 20 (9.7e-06)
261.854 .... 755 packets received, 5916 bps, 73.94%, Err 20 (9.6e-06)
265.028 .... 761 packets received, 5891 bps, 73.64%, Err 20 (9.4e-06)
267.402 .... 764 packets received, 5862 bps, 73.27%, Err 21 (9.8e-06)
269.529 .... 772 packets received, 5876 bps, 73.45%, Err 21 (9.7e-06)
271.647 .... 774 packets received, 5845 bps, 73.07%, Err 21 (9.7e-06)
274.550 .... 779 packets received, 5821 bps, 72.76%, Err 21 (9.6e-06)
277.764 .... 785 packets received, 5798 bps, 72.47%, Err 21 (9.5e-06)
280.394 .... 789 packets received, 5772 bps, 72.16%, Err 22 (9.8e-06)
283.593 .... 795 packets received, 5751 bps, 71.88%, Err 22 (9.7e-06)
288.356 .... 801 packets received, 5698 bps, 71.23%, Err 23 (1.0e-05)
290.470 .... 809 packets received, 5713 bps, 71.41%, Err 23 (9.9e-06)
292.573 .... 811 packets received, 5686 bps, 71.08%, Err 23 (9.8e-06)
295.750 .... 817 packets received, 5667 bps, 70.83%, Err 23 (9.7e-06)
298.901 .... 823 packets received, 5648 bps, 70.60%, Err 23 (9.6e-06)
302.072 .... 829 packets received, 5629 bps, 70.37%, Err 25 (1.0e-05)
304.180 .... 837 packets received, 5644 bps, 70.55%, Err 25 (1.0e-05)
306.302 .... 845 packets received, 5658 bps, 70.73%, Err 25 (1.0e-05)
309.472 .... 851 packets received, 5640 bps, 70.50%, Err 25 (1.0e-05)
311.595 .... 859 packets received, 5654 bps, 70.68%, Err 25 (1.0e-05)
313.703 .... 867 packets received, 5669 bps, 70.86%, Err 25 (1.0e-05)
315.812 .... 875 packets received, 5683 bps, 71.03%, Err 25 (9.9e-06)
317.935 .... 883 packets received, 5696 bps, 71.20%, Err 25 (9.8e-06)
320.043 .... 891 packets received, 5710 bps, 71.37%, Err 25 (9.8e-06)
322.151 .... 899 packets received, 5723 bps, 71.54%, Err 25 (9.7e-06)
324.274 .... 907 packets received, 5737 bps, 71.71%, Err 25 (9.6e-06)
326.367 .... 915 packets received, 5750 bps, 71.88%, Err 25 (9.6e-06)
328.478 .... 923 packets received, 5763 bps, 72.04%, Err 25 (9.5e-06)
331.374 .... 928 packets received, 5743 bps, 71.79%, Err 26 (9.8e-06)
335.092 .... 936 packets received, 5729 bps, 71.61%, Err 27 (1.0e-05)
338.264 .... 942 packets received, 5711 bps, 71.39%, Err 27 (1.0e-05)
340.374 .... 950 packets received, 5724 bps, 71.55%, Err 27 (9.9e-06)
342.470 .... 958 packets received, 5737 bps, 71.71%, Err 27 (9.9e-06)
344.610 .... 966 packets received, 5749 bps, 71.86%, Err 27 (9.8e-06)
346.706 .... 974 packets received, 5761 bps, 72.02%, Err 27 (9.7e-06)
349.093 .... 977 packets received, 5739 bps, 71.74%, Err 28 (1.0e-05)
351.219 .... 985 packets received, 5751 bps, 71.89%, Err 28 (1.0e-05)
353.571 .... 988 packets received, 5730 bps, 71.63%, Err 29 (1.0e-05)
355.683 .... 996 packets received, 5742 bps, 71.78%, Err 29 (1.0e-05)
357.809 .... 1004 packets received, 5754 bps, 71.93%, Err 29 (1.0e-05)
359.904 .... 1012 packets received, 5766 bps, 72.08%, Err 29 (1.0e-05)
362.043 .... 1020 packets received, 5777 bps, 72.22%, Err 29 (1.0e-05)
364.142 .... 1028 packets received, 5789 bps, 72.36%, Err 29 (1.0e-05)
366.266 .... 1036 packets received, 5800 bps, 72.50%, Err 29 (9.9e-06)
368.374 .... 1044 packets received, 5812 bps, 72.64%, Err 29 (9.8e-06)
370.482 .... 1052 packets received, 5823 bps, 72.78%, Err 29 (9.8e-06)
372.592 .... 1060 packets received, 5834 bps, 72.92%, Err 29 (9.7e-06)
374.700 .... 1068 packets received, 5845 bps, 73.06%, Err 30 (1.0e-05)
376.810 .... 1076 packets received, 5855 bps, 73.19%, Err 30 (1.0e-05)
378.938 .... 1084 packets received, 5866 bps, 73.32%, Err 30 (9.9e-06)
381.047 .... 1092 packets received, 5876 bps, 73.45%, Err 31 (1.0e-05)
383.154 .... 1094 packets received, 5855 bps, 73.18%, Err 31 (1.0e-05)
385.263 .... 1102 packets received, 5865 bps, 73.31%, Err 31 (1.0e-05)
387.371 .... 1110 packets received, 5876 bps, 73.44%, Err 32 (1.0e-05)
389.495 .... 1112 packets received, 5854 bps, 73.18%, Err 32 (1.0e-05)
391.603 .... 1120 packets received, 5864 bps, 73.30%, Err 32 (1.0e-05)
395.038 .... 1127 packets received, 5850 bps, 73.12%, Err 33 (1.0e-05)
398.468 .... 1134 packets received, 5835 bps, 72.94%, Err 34 (1.1e-05)
400.582 .... 1142 packets received, 5845 bps, 73.07%, Err 34 (1.1e-05)
402.701 .... 1150 packets received, 5855 bps, 73.19%, Err 34 (1.1e-05)
404.815 .... 1158 packets received, 5865 bps, 73.32%, Err 34 (1.1e-05)
407.704 .... 1163 packets received, 5849 bps, 73.11%, Err 35 (1.1e-05)
409.829 .... 1171 packets received, 5858 bps, 73.23%, Err 35 (1.1e-05)
411.935 .... 1179 packets received, 5868 bps, 73.35%, Err 35 (1.1e-05)
414.035 .... 1181 packets received, 5848 bps, 73.10%, Err 35 (1.1e-05)
416.146 .... 1189 packets received, 5858 bps, 73.23%, Err 35 (1.1e-05)
418.273 .... 1197 packets received, 5867 bps, 73.34%, Err 35 (1.0e-05)
420.374 .... 1205 packets received, 5877 bps, 73.46%, Err 35 (1.0e-05)
423.298 .... 1210 packets received, 5861 bps, 73.26%, Err 35 (1.0e-05)
425.396 .... 1218 packets received, 5870 bps, 73.38%, Err 35 (1.0e-05)
427.515 .... 1226 packets received, 5880 bps, 73.49%, Err 35 (1.0e-05)
429.611 .... 1234 packets received, 5889 bps, 73.61%, Err 35 (1.0e-05)
431.740 .... 1242 packets received, 5898 bps, 73.72%, Err 35 (1.0e-05)
433.858 .... 1250 packets received, 5907 bps, 73.84%, Err 35 (1.0e-05)
435.969 .... 1258 packets received, 5916 bps, 73.95%, Err 35 (1.0e-05)
438.079 .... 1266 packets received, 5925 bps, 74.06%, Err 35 (1.0e-05)
440.180 .... 1274 packets received, 5934 bps, 74.17%, Err 35 (9.9e-06)
442.293 .... 1282 packets received, 5942 bps, 74.28%, Err 35 (9.9e-06)
444.404 .... 1290 packets received, 5951 bps, 74.39%, Err 35 (9.8e-06)
446.529 .... 1298 packets received, 5960 bps, 74.49%, Err 35 (9.8e-06)
448.640 .... 1306 packets received, 5968 bps, 74.60%, Err 35 (9.8e-06)
450.754 .... 1314 packets received, 5976 bps, 74.70%, Err 35 (9.7e-06)
452.868 .... 1322 packets received, 5985 bps, 74.81%, Err 35 (9.7e-06)
454.967 .... 1330 packets received, 5993 bps, 74.91%, Err 35 (9.6e-06)
457.599 .... 1334 packets received, 5976 bps, 74.71%, Err 36 (9.8e-06)
459.713 .... 1342 packets received, 5985 bps, 74.81%, Err 36 (9.8e-06)
461.827 .... 1350 packets received, 5993 bps, 74.91%, Err 36 (9.7e-06)
463.946 .... 1358 packets received, 6001 bps, 75.01%, Err 36 (9.7e-06)
466.057 .... 1366 packets received, 6009 bps, 75.11%, Err 36 (9.7e-06)
468.168 .... 1374 packets received, 6017 bps, 75.21%, Err 36 (9.6e-06)
470.280 .... 1382 packets received, 6024 bps, 75.31%, Err 36 (9.6e-06)
472.391 .... 1384 packets received, 6006 bps, 75.08%, Err 36 (9.5e-06)
474.511 .... 1392 packets received, 6014 bps, 75.17%, Err 36 (9.5e-06)
476.623 .... 1400 packets received, 6022 bps, 75.27%, Err 36 (9.4e-06)
478.721 .... 1408 packets received, 6029 bps, 75.37%, Err 36 (9.4e-06)
480.823 .... 1416 packets received, 6037 bps, 75.46%, Err 36 (9.4e-06)
482.951 .... 1424 packets received, 6044 bps, 75.56%, Err 36 (9.3e-06)
485.048 .... 1432 packets received, 6052 bps, 75.65%, Err 36 (9.3e-06)
487.160 .... 1440 packets received, 6060 bps, 75.74%, Err 36 (9.2e-06)
489.277 .... 1448 packets received, 6067 bps, 75.83%, Err 36 (9.2e-06)
491.402 .... 1456 packets received, 6074 bps, 75.92%, Err 36 (9.2e-06)
493.505 .... 1464 packets received, 6081 bps, 76.02%, Err 36 (9.1e-06)
495.632 .... 1472 packets received, 6088 bps, 76.10%, Err 37 (9.3e-06)
497.742 .... 1474 packets received, 6071 bps, 75.88%, Err 37 (9.3e-06)
499.854 .... 1482 packets received, 6078 bps, 75.97%, Err 37 (9.3e-06)
501.965 .... 1490 packets received, 6085 bps, 76.06%, Err 37 (9.2e-06)
504.074 .... 1492 packets received, 6067 bps, 75.84%, Err 38 (9.4e-06)
506.179 .... 1500 packets received, 6075 bps, 75.93%, Err 38 (9.4e-06)
508.306 .... 1508 packets received, 6081 bps, 76.02%, Err 38 (9.3e-06)
510.416 .... 1516 packets received, 6088 bps, 76.11%, Err 38 (9.3e-06)
512.528 .... 1524 packets received, 6095 bps, 76.19%, Err 39 (9.5e-06)
514.628 .... 1532 packets received, 6102 bps, 76.28%, Err 39 (9.5e-06)
516.741 .... 1540 packets received, 6109 bps, 76.36%, Err 39 (9.4e-06)
518.872 .... 1548 packets received, 6116 bps, 76.44%, Err 39 (9.4e-06)
520.975 .... 1556 packets received, 6122 bps, 76.53%, Err 39 (9.4e-06)
523.096 .... 1564 packets received, 6129 bps, 76.61%, Err 39 (9.3e-06)
525.208 .... 1566 packets received, 6112 bps, 76.40%, Err 40 (9.5e-06)
527.318 .... 1574 packets received, 6119 bps, 76.48%, Err 40 (9.5e-06)
529.429 .... 1582 packets received, 6125 bps, 76.56%, Err 40 (9.4e-06)
532.346 .... 1587 packets received, 6111 bps, 76.38%, Err 42 (9.9e-06)
535.512 .... 1593 packets received, 6098 bps, 76.22%, Err 42 (9.8e-06)
538.428 .... 1598 packets received, 6084 bps, 76.04%, Err 42 (9.8e-06)
540.797 .... 1601 packets received, 6068 bps, 75.85%, Err 43 (9.9e-06)
542.907 .... 1609 packets received, 6075 bps, 75.94%, Err 43 (9.9e-06)
545.018 .... 1617 packets received, 6081 bps, 76.02%, Err 43 (9.9e-06)
547.118 .... 1625 packets received, 6088 bps, 76.10%, Err 43 (9.8e-06)
550.292 .... 1631 packets received, 6075 bps, 75.94%, Err 44 (1.0e-05)
553.466 .... 1637 packets received, 6063 bps, 75.78%, Err 44 (9.9e-06)
556.110 .... 1641 packets received, 6048 bps, 75.61%, Err 45 (1.0e-05)
558.220 .... 1649 packets received, 6055 bps, 75.69%, Err 45 (1.0e-05)
560.322 .... 1657 packets received, 6061 bps, 75.77%, Err 45 (1.0e-05)
562.441 .... 1665 packets received, 6068 bps, 75.85%, Err 45 (1.0e-05)
564.557 .... 1673 packets received, 6074 bps, 75.93%, Err 45 (1.0e-05)
567.468 .... 1678 packets received, 6061 bps, 75.76%, Err 46 (1.0e-05)
569.584 .... 1686 packets received, 6067 bps, 75.84%, Err 46 (1.0e-05)
571.679 .... 1694 packets received, 6074 bps, 75.92%, Err 46 (1.0e-05)
573.795 .... 1702 packets received, 6080 bps, 76.00%, Err 46 (1.0e-05)
575.908 .... 1710 packets received, 6086 bps, 76.07%, Err 46 (1.0e-05)
579.611 .... 1718 packets received, 6075 bps, 75.94%, Err 47 (1.0e-05)
581.720 .... 1726 packets received, 6081 bps, 76.02%, Err 47 (1.0e-05)
585.164 .... 1733 packets received, 6070 bps, 75.88%, Err 47 (1.0e-05)
587.274 .... 1741 packets received, 6076 bps, 75.95%, Err 47 (1.0e-05)
589.397 .... 1743 packets received, 6061 bps, 75.77%, Err 47 (1.0e-05)
591.508 .... 1751 packets received, 6067 bps, 75.84%, Err 47 (9.9e-06)
593.873 .... 1754 packets received, 6054 bps, 75.67%, Err 49 (1.0e-05)
595.996 .... 1762 packets received, 6059 bps, 75.74%, Err 49 (1.0e-05)
598.104 .... 1770 packets received, 6065 bps, 75.82%, Err 49 (1.0e-05)
600.469 .... 1773 packets received, 6052 bps, 75.65%, Err 50 (1.0e-05)
602.608 .... 1781 packets received, 6058 bps, 75.72%, Err 50 (1.0e-05)
604.716 .... 1783 packets received, 6043 bps, 75.54%, Err 50 (1.0e-05)
607.877 .... 1789 packets received, 6032 bps, 75.40%, Err 50 (1.0e-05)
611.051 .... 1795 packets received, 6021 bps, 75.26%, Err 51 (1.0e-05)
614.224 .... 1801 packets received, 6010 bps, 75.12%, Err 51 (1.0e-05)
617.384 .... 1807 packets received, 5999 bps, 74.98%, Err 51 (1.0e-05)
619.483 .... 1815 packets received, 6005 bps, 75.06%, Err 51 (1.0e-05)
621.873 .... 1818 packets received, 5992 bps, 74.90%, Err 51 (1.0e-05)
625.077 .... 1824 packets received, 5981 bps, 74.76%, Err 52 (1.0e-05)
627.190 .... 1826 packets received, 5967 bps, 74.59%, Err 53 (1.1e-05)
630.906 .... 1834 packets received, 5958 bps, 74.47%, Err 53 (1.1e-05)
634.062 .... 1840 packets received, 5948 bps, 74.34%, Err 53 (1.0e-05)
636.162 .... 1848 packets received, 5954 bps, 74.42%, Err 53 (1.0e-05)
638.276 .... 1856 packets received, 5960 bps, 74.50%, Err 53 (1.0e-05)
640.406 .... 1864 packets received, 5965 bps, 74.57%, Err 53 (1.0e-05)
642.520 .... 1872 packets received, 5971 bps, 74.64%, Err 53 (1.0e-05)
644.635 .... 1880 packets received, 5977 bps, 74.71%, Err 53 (1.0e-05)
646.734 .... 1882 packets received, 5964 bps, 74.55%, Err 53 (1.0e-05)
648.833 .... 1890 packets received, 5970 bps, 74.62%, Err 53 (1.0e-05)
652.290 .... 1897 packets received, 5960 bps, 74.50%, Err 54 (1.0e-05)
656.002 .... 1905 packets received, 5952 bps, 74.39%, Err 54 (1.0e-05)
660.740 .... 1911 packets received, 5927 bps, 74.09%, Err 55 (1.0e-05)
662.847 .... 1919 packets received, 5933 bps, 74.17%, Err 55 (1.0e-05)
665.498 .... 1923 packets received, 5922 bps, 74.02%, Err 55 (1.0e-05)
668.671 .... 1929 packets received, 5912 bps, 73.90%, Err 55 (1.0e-05)
671.863 .... 1935 packets received, 5902 bps, 73.78%, Err 56 (1.0e-05)
675.048 .... 1941 packets received, 5893 bps, 73.66%, Err 56 (1.0e-05)
678.229 .... 1947 packets received, 5883 bps, 73.54%, Err 56 (1.0e-05)
680.346 .... 1955 packets received, 5889 bps, 73.61%, Err 56 (1.0e-05)
684.048 .... 1963 packets received, 5881 bps, 73.51%, Err 57 (1.0e-05)
686.146 .... 1971 packets received, 5887 bps, 73.59%, Err 57 (1.0e-05)
689.841 .... 1979 packets received, 5879 bps, 73.49%, Err 58 (1.1e-05)
693.549 .... 1987 packets received, 5871 bps, 73.39%, Err 58 (1.0e-05)
697.008 .... 1994 packets received, 5863 bps, 73.29%, Err 58 (1.0e-05)
700.193 .... 2000 packets received, 5854 bps, 73.17%, Err 58 (1.0e-05)
702.307 .... 2008 packets received, 5859 bps, 73.24%, Err 58 (1.0e-05)
705.740 .... 2015 packets received, 5851 bps, 73.14%, Err 58 (1.0e-05)
707.852 .... 2023 packets received, 5857 bps, 73.21%, Err 58 (1.0e-05)
709.980 .... 2025 packets received, 5845 bps, 73.06%, Err 58 (1.0e-05)
712.065 .... 2033 packets received, 5851 bps, 73.14%, Err 58 (1.0e-05)
714.980 .... 2038 packets received, 5842 bps, 73.02%, Err 59 (1.0e-05)
717.091 .... 2046 packets received, 5847 bps, 73.09%, Err 59 (1.0e-05)
719.214 .... 2054 packets received, 5853 bps, 73.16%, Err 59 (1.0e-05)
721.309 .... 2062 packets received, 5858 bps, 73.23%, Err 59 (1.0e-05)
725.006 .... 2070 packets received, 5851 bps, 73.14%, Err 60 (1.0e-05)
727.136 .... 2078 packets received, 5857 bps, 73.21%, Err 60 (1.0e-05)
729.246 .... 2086 packets received, 5862 bps, 73.28%, Err 60 (1.0e-05)
731.341 .... 2094 packets received, 5868 bps, 73.35%, Err 60 (1.0e-05)
733.464 .... 2102 packets received, 5873 bps, 73.41%, Err 60 (1.0e-05)
735.568 .... 2110 packets received, 5878 bps, 73.48%, Err 60 (1.0e-05)
737.678 .... 2118 packets received, 5884 bps, 73.55%, Err 60 (1.0e-05)
739.802 .... 2126 packets received, 5889 bps, 73.61%, Err 60 (1.0e-05)
741.912 .... 2134 packets received, 5894 bps, 73.68%, Err 60 (1.0e-05)
744.007 .... 2142 packets received, 5900 bps, 73.75%, Err 60 (1.0e-05)
746.663 .... 2146 packets received, 5890 bps, 73.62%, Err 60 (1.0e-05)
748.771 .... 2154 packets received, 5895 bps, 73.69%, Err 60 (1.0e-05)
750.895 .... 2162 packets received, 5900 bps, 73.75%, Err 60 (1.0e-05)
753.006 .... 2170 packets received, 5906 bps, 73.82%, Err 60 (1.0e-05)
755.130 .... 2178 packets received, 5911 bps, 73.88%, Err 60 (9.9e-06)
757.239 .... 2186 packets received, 5916 bps, 73.95%, Err 60 (9.9e-06)
759.332 .... 2194 packets received, 5921 bps, 74.01%, Err 60 (9.9e-06)
761.442 .... 2202 packets received, 5926 bps, 74.08%, Err 60 (9.9e-06)
763.565 .... 2210 packets received, 5931 bps, 74.14%, Err 60 (9.8e-06)
766.994 .... 2217 packets received, 5923 bps, 74.04%, Err 61 (9.9e-06)
769.107 .... 2225 packets received, 5928 bps, 74.11%, Err 61 (9.9e-06)
771.234 .... 2233 packets received, 5933 bps, 74.17%, Err 61 (9.9e-06)
773.328 .... 2241 packets received, 5938 bps, 74.23%, Err 61 (9.9e-06)
775.440 .... 2249 packets received, 5943 bps, 74.29%, Err 61 (9.8e-06)
777.551 .... 2257 packets received, 5948 bps, 74.35%, Err 61 (9.8e-06)
779.676 .... 2265 packets received, 5953 bps, 74.41%, Err 61 (9.8e-06)
782.577 .... 2270 packets received, 5944 bps, 74.30%, Err 62 (9.9e-06)
784.689 .... 2278 packets received, 5949 bps, 74.36%, Err 62 (9.9e-06)
788.380 .... 2286 packets received, 5942 bps, 74.27%, Err 63 (1.0e-05)
791.570 .... 2292 packets received, 5934 bps, 74.17%, Err 64 (1.0e-05)
793.679 .... 2300 packets received, 5938 bps, 74.23%, Err 64 (1.0e-05)
795.772 .... 2308 packets received, 5943 bps, 74.29%, Err 64 (1.0e-05)
797.899 .... 2316 packets received, 5948 bps, 74.35%, Err 64 (1.0e-05)
800.002 .... 2324 packets received, 5953 bps, 74.41%, Err 65 (1.0e-05)
803.702 .... 2332 packets received, 5946 bps, 74.32%, Err 65 (1.0e-05)
805.815 .... 2340 packets received, 5951 bps, 74.38%, Err 65 (1.0e-05)
808.201 .... 2343 packets received, 5941 bps, 74.26%, Err 65 (1.0e-05)
811.380 .... 2349 packets received, 5933 bps, 74.16%, Err 65 (1.0e-05)
814.558 .... 2355 packets received, 5924 bps, 74.06%, Err 66 (1.0e-05)
817.750 .... 2361 packets received, 5916 bps, 73.95%, Err 66 (1.0e-05)
820.924 .... 2367 packets received, 5908 bps, 73.86%, Err 67 (1.0e-05)
824.116 .... 2373 packets received, 5900 bps, 73.76%, Err 67 (1.0e-05)
827.009 .... 2378 packets received, 5892 bps, 73.65%, Err 68 (1.0e-05)
829.138 .... 2386 packets received, 5897 bps, 73.71%, Err 68 (1.0e-05)
831.252 .... 2394 packets received, 5902 bps, 73.77%, Err 68 (1.0e-05)
833.367 .... 2402 packets received, 5906 bps, 73.83%, Err 68 (1.0e-05)
836.015 .... 2406 packets received, 5897 bps, 73.72%, Err 69 (1.0e-05)
839.713 .... 2414 packets received, 5891 bps, 73.64%, Err 69 (1.0e-05)
842.895 .... 2420 packets received, 5883 bps, 73.54%, Err 69 (1.0e-05)
846.060 .... 2426 packets received, 5876 bps, 73.45%, Err 69 (1.0e-05)
849.210 .... 2432 packets received, 5868 bps, 73.35%, Err 69 (1.0e-05)
852.376 .... 2438 packets received, 5861 bps, 73.26%, Err 69 (1.0e-05)
855.571 .... 2444 packets received, 5853 bps, 73.17%, Err 71 (1.0e-05)
857.667 .... 2446 packets received, 5844 bps, 73.05%, Err 71 (1.0e-05)
861.105 .... 2453 packets received, 5837 bps, 72.97%, Err 71 (1.0e-05)
864.272 .... 2459 packets received, 5830 bps, 72.88%, Err 72 (1.0e-05)
867.453 .... 2465 packets received, 5823 bps, 72.79%, Err 72 (1.0e-05)
870.633 .... 2471 packets received, 5816 bps, 72.70%, Err 72 (1.0e-05)
873.783 .... 2477 packets received, 5809 bps, 72.61%, Err 72 (1.0e-05)
876.964 .... 2483 packets received, 5802 bps, 72.52%, Err 72 (1.0e-05)
880.125 .... 2489 packets received, 5795 bps, 72.44%, Err 73 (1.0e-05)
883.287 .... 2495 packets received, 5788 bps, 72.35%, Err 73 (1.0e-05)
885.402 .... 2503 packets received, 5793 bps, 72.41%, Err 73 (1.0e-05)
887.523 .... 2511 packets received, 5797 bps, 72.47%, Err 73 (1.0e-05)
889.637 .... 2513 packets received, 5788 bps, 72.35%, Err 73 (1.0e-05)
891.749 .... 2521 packets received, 5793 bps, 72.41%, Err 73 (1.0e-05)
893.856 .... 2529 packets received, 5797 bps, 72.47%, Err 73 (1.0e-05)
895.979 .... 2537 packets received, 5802 bps, 72.53%, Err 73 (1.0e-05)
898.087 .... 2545 packets received, 5807 bps, 72.58%, Err 73 (1.0e-05)
900.215 .... 2553 packets received, 5811 bps, 72.64%, Err 73 (1.0e-05)
902.309 .... 2561 packets received, 5816 bps, 72.70%, Err 73 (1.0e-05)
904.436 .... 2569 packets received, 5820 bps, 72.75%, Err 73 (1.0e-05)
906.531 .... 2577 packets received, 5825 bps, 72.81%, Err 73 (1.0e-05)
908.662 .... 2585 packets received, 5829 bps, 72.87%, Err 73 (1.0e-05)
910.764 .... 2593 packets received, 5834 bps, 72.92%, Err 73 (1.0e-05)
912.874 .... 2601 packets received, 5838 bps, 72.98%, Err 73 (1.0e-05)
914.984 .... 2609 packets received, 5843 bps, 73.03%, Err 73 (1.0e-05)
917.108 .... 2617 packets received, 5847 bps, 73.09%, Err 73 (1.0e-05)
919.218 .... 2625 packets received, 5851 bps, 73.14%, Err 73 (9.9e-06)
921.327 .... 2633 packets received, 5856 bps, 73.20%, Err 74 (1.0e-05)
923.437 .... 2641 packets received, 5860 bps, 73.25%, Err 74 (1.0e-05)
925.547 .... 2649 packets received, 5865 bps, 73.31%, Err 74 (1.0e-05)
927.664 .... 2657 packets received, 5869 bps, 73.36%, Err 74 (1.0e-05)
929.772 .... 2665 packets received, 5873 bps, 73.41%, Err 74 (1.0e-05)
931.899 .... 2673 packets received, 5877 bps, 73.47%, Err 74 (9.9e-06)
934.004 .... 2681 packets received, 5882 bps, 73.52%, Err 74 (9.9e-06)
936.116 .... 2689 packets received, 5886 bps, 73.57%, Err 74 (9.9e-06)
938.233 .... 2697 packets received, 5890 bps, 73.63%, Err 75 (1.0e-05)
940.321 .... 2705 packets received, 5894 bps, 73.68%, Err 75 (1.0e-05)
942.979 .... 2709 packets received, 5886 bps, 73.58%, Err 76 (1.0e-05)
945.093 .... 2717 packets received, 5891 bps, 73.63%, Err 76 (1.0e-05)
947.200 .... 2725 packets received, 5895 bps, 73.69%, Err 76 (1.0e-05)
949.295 .... 2733 packets received, 5899 bps, 73.74%, Err 76 (1.0e-05)
951.420 .... 2741 packets received, 5903 bps, 73.79%, Err 76 (1.0e-05)
953.532 .... 2749 packets received, 5907 bps, 73.84%, Err 76 (1.0e-05)
955.640 .... 2757 packets received, 5911 bps, 73.89%, Err 76 (9.9e-06)
957.763 .... 2765 packets received, 5915 bps, 73.94%, Err 76 (9.9e-06)
959.872 .... 2773 packets received, 5919 bps, 73.99%, Err 76 (9.9e-06)
961.981 .... 2781 packets received, 5923 bps, 74.04%, Err 76 (9.9e-06)
964.090 .... 2789 packets received, 5928 bps, 74.09%, Err 76 (9.9e-06)
966.216 .... 2797 packets received, 5931 bps, 74.14%, Err 76 (9.8e-06)
968.324 .... 2805 packets received, 5935 bps, 74.19%, Err 76 (9.8e-06)
970.433 .... 2813 packets received, 5939 bps, 74.24%, Err 76 (9.8e-06)
972.544 .... 2821 packets received, 5943 bps, 74.29%, Err 76 (9.8e-06)
975.705 .... 2827 packets received, 5937 bps, 74.21%, Err 78 (1.0e-05)
977.831 .... 2835 packets received, 5941 bps, 74.26%, Err 79 (1.0e-05)
979.926 .... 2843 packets received, 5945 bps, 74.31%, Err 80 (1.0e-05)
982.051 .... 2845 packets received, 5936 bps, 74.20%, Err 80 (1.0e-05)
984.966 .... 2850 packets received, 5929 bps, 74.11%, Err 80 (1.0e-05)
987.060 .... 2858 packets received, 5933 bps, 74.16%, Err 80 (1.0e-05)
989.184 .... 2860 packets received, 5924 bps, 74.05%, Err 80 (1.0e-05)
991.310 .... 2868 packets received, 5928 bps, 74.10%, Err 80 (1.0e-05)
993.421 .... 2876 packets received, 5932 bps, 74.15%, Err 80 (1.0e-05)
995.788 .... 2879 packets received, 5924 bps, 74.05%, Err 81 (1.0e-05)
997.915 .... 2887 packets received, 5928 bps, 74.10%, Err 81 (1.0e-05)
1000.012 .... 2895 packets received, 5932 bps, 74.15%, Err 81 (1.0e-05)
1002.689 .... 2899 packets received, 5924 bps, 74.05%, Err 81 (1.0e-05)
1005.851 .... 2905 packets received, 5918 bps, 73.97%, Err 82 (1.0e-05)
1007.979 .... 2907 packets received, 5909 bps, 73.86%, Err 82 (1.0e-05)
1011.166 .... 2913 packets received, 5903 bps, 73.78%, Err 82 (1.0e-05)
1014.313 .... 2919 packets received, 5896 bps, 73.71%, Err 83 (1.0e-05)
1017.505 .... 2925 packets received, 5890 bps, 73.63%, Err 83 (1.0e-05)
1020.698 .... 2931 packets received, 5884 bps, 73.55%, Err 83 (1.0e-05)
1023.879 .... 2937 packets received, 5877 bps, 73.47%, Err 83 (1.0e-05)
1027.074 .... 2943 packets received, 5871 bps, 73.39%, Err 83 (1.0e-05)
1030.255 .... 2949 packets received, 5865 bps, 73.31%, Err 83 (1.0e-05)
1033.437 .... 2955 packets received, 5859 bps, 73.23%, Err 83 (1.0e-05)
1036.618 .... 2961 packets received, 5853 bps, 73.16%, Err 83 (1.0e-05)
1039.792 .... 2967 packets received, 5847 bps, 73.08%, Err 83 (1.0e-05)
1042.973 .... 2973 packets received, 5840 bps, 73.01%, Err 84 (1.0e-05)
1046.682 .... 2981 packets received, 5835 bps, 72.94%, Err 84 (1.0e-05)
1049.876 .... 2987 packets received, 5829 bps, 72.87%, Err 84 (1.0e-05)
1053.042 .... 2993 packets received, 5823 bps, 72.79%, Err 84 (1.0e-05)
1056.252 .... 2999 packets received, 5817 bps, 72.72%, Err 84 (9.9e-06)
1059.415 .... 3005 packets received, 5812 bps, 72.65%, Err 84 (9.9e-06)
1062.337 .... 3010 packets received, 5805 bps, 72.57%, Err 85 (1.0e-05)
1065.516 .... 3016 packets received, 5800 bps, 72.49%, Err 85 (1.0e-05)
1068.697 .... 3022 packets received, 5794 bps, 72.42%, Err 85 (9.9e-06)
1071.877 .... 3028 packets received, 5788 bps, 72.35%, Err 85 (9.9e-06)
1075.046 .... 3034 packets received, 5782 bps, 72.28%, Err 86 (1.0e-05)
1078.214 .... 3040 packets received, 5777 bps, 72.21%, Err 86 (1.0e-05)
1081.394 .... 3046 packets received, 5771 bps, 72.14%, Err 86 (9.9e-06)
1084.579 .... 3052 packets received, 5766 bps, 72.07%, Err 86 (9.9e-06)
1087.744 .... 3058 packets received, 5760 bps, 72.00%, Err 86 (9.9e-06)
1090.926 .... 3064 packets received, 5755 bps, 71.93%, Err 87 (1.0e-05)
1094.116 .... 3070 packets received, 5749 bps, 71.86%, Err 87 (9.9e-06)
1097.289 .... 3076 packets received, 5744 bps, 71.79%, Err 87 (9.9e-06)
1100.452 .... 3082 packets received, 5738 bps, 71.73%, Err 87 (9.9e-06)
1103.633 .... 3088 packets received, 5733 bps, 71.66%, Err 87 (9.9e-06)
1106.017 .... 3091 packets received, 5726 bps, 71.57%, Err 87 (9.8e-06)
1108.123 .... 3099 packets received, 5730 bps, 71.62%, Err 87 (9.8e-06)
1110.241 .... 3107 packets received, 5734 bps, 71.67%, Err 87 (9.8e-06)
1112.331 .... 3115 packets received, 5738 bps, 71.72%, Err 87 (9.8e-06)
1114.441 .... 3123 packets received, 5742 bps, 71.77%, Err 87 (9.8e-06)
1116.557 .... 3131 packets received, 5745 bps, 71.82%, Err 87 (9.7e-06)
1118.682 .... 3139 packets received, 5749 bps, 71.86%, Err 87 (9.7e-06)
1121.321 .... 3143 packets received, 5743 bps, 71.79%, Err 88 (9.8e-06)
1125.013 .... 3151 packets received, 5739 bps, 71.73%, Err 89 (9.9e-06)
1128.185 .... 3157 packets received, 5733 bps, 71.67%, Err 89 (9.9e-06)
1130.297 .... 3165 packets received, 5737 bps, 71.71%, Err 89 (9.8e-06)
1132.422 .... 3173 packets received, 5741 bps, 71.76%, Err 89 (9.8e-06)
1135.579 .... 3179 packets received, 5736 bps, 71.70%, Err 90 (9.9e-06)
1137.691 .... 3187 packets received, 5739 bps, 71.74%, Err 90 (9.9e-06)
1140.331 .... 3191 packets received, 5733 bps, 71.67%, Err 91 (1.0e-05)
1142.442 .... 3199 packets received, 5737 bps, 71.71%, Err 91 (1.0e-05)
1144.565 .... 3201 packets received, 5730 bps, 71.62%, Err 91 (9.9e-06)
1146.676 .... 3209 packets received, 5734 bps, 71.67%, Err 91 (9.9e-06)
1150.108 .... 3216 packets received, 5729 bps, 71.61%, Err 92 (1.0e-05)
1152.204 .... 3224 packets received, 5733 bps, 71.66%, Err 92 (1.0e-05)
1155.906 .... 3232 packets received, 5729 bps, 71.61%, Err 93 (1.0e-05)
1158.032 .... 3240 packets received, 5732 bps, 71.65%, Err 94 (1.0e-05)
1160.143 .... 3242 packets received, 5725 bps, 71.57%, Err 94 (1.0e-05)
1162.238 .... 3250 packets received, 5729 bps, 71.61%, Err 94 (1.0e-05)
1164.364 .... 3258 packets received, 5733 bps, 71.66%, Err 94 (1.0e-05)
1166.475 .... 3266 packets received, 5736 bps, 71.71%, Err 94 (1.0e-05)
1170.165 .... 3274 packets received, 5732 bps, 71.65%, Err 95 (1.0e-05)
1173.354 .... 3280 packets received, 5727 bps, 71.59%, Err 95 (1.0e-05)
1175.465 .... 3288 packets received, 5731 bps, 71.64%, Err 95 (1.0e-05)
1177.563 .... 3296 packets received, 5735 bps, 71.68%, Err 95 (1.0e-05)
1179.671 .... 3304 packets received, 5738 bps, 71.73%, Err 95 (1.0e-05)
1183.099 .... 3311 packets received, 5734 bps, 71.67%, Err 96 (1.0e-05)
1185.221 .... 3319 packets received, 5737 bps, 71.72%, Err 96 (1.0e-05)
1187.329 .... 3327 packets received, 5741 bps, 71.76%, Err 96 (1.0e-05)
1189.438 .... 3335 packets received, 5745 bps, 71.81%, Err 96 (1.0e-05)
1191.564 .... 3343 packets received, 5748 bps, 71.85%, Err 96 (1.0e-05)
1193.674 .... 3351 packets received, 5752 bps, 71.90%, Err 96 (1.0e-05)
1195.784 .... 3359 packets received, 5755 bps, 71.94%, Err 96 (1.0e-05)
1197.894 .... 3367 packets received, 5759 bps, 71.98%, Err 96 (1.0e-05)
1200.019 .... 3375 packets received, 5762 bps, 72.03%, Err 96 (1.0e-05)
1202.661 .... 3379 packets received, 5756 bps, 71.95%, Err 96 (1.0e-05)
1205.853 .... 3385 packets received, 5751 bps, 71.89%, Err 97 (1.0e-05)
1209.034 .... 3391 packets received, 5746 bps, 71.83%, Err 97 (1.0e-05)
1212.212 .... 3397 packets received, 5741 bps, 71.77%, Err 97 (1.0e-05)
1215.388 .... 3403 packets received, 5736 bps, 71.71%, Err 97 (1.0e-05)
1218.578 .... 3409 packets received, 5732 bps, 71.64%, Err 97 (1.0e-05)
1221.756 .... 3415 packets received, 5727 bps, 71.58%, Err 98 (1.0e-05)
1224.954 .... 3421 packets received, 5722 bps, 71.52%, Err 98 (1.0e-05)
1229.719 .... 3427 packets received, 5710 bps, 71.37%, Err 99 (1.0e-05)
1233.445 .... 3435 packets received, 5706 bps, 71.32%, Err 99 (1.0e-05)
1235.543 .... 3437 packets received, 5699 bps, 71.24%, Err 100 (1.0e-05)
1237.671 .... 3445 packets received, 5703 bps, 71.28%, Err 100 (1.0e-05)
1239.788 .... 3447 packets received, 5696 bps, 71.20%, Err 100 (1.0e-05)
1242.706 .... 3452 packets received, 5691 bps, 71.14%, Err 100 (1.0e-05)
1245.885 .... 3458 packets received, 5686 bps, 71.08%, Err 100 (1.0e-05)
1249.050 .... 3464 packets received, 5682 bps, 71.02%, Err 100 (1.0e-05)
1252.227 .... 3470 packets received, 5677 bps, 70.97%, Err 100 (1.0e-05)
1255.405 .... 3476 packets received, 5673 bps, 70.91%, Err 101 (1.0e-05)
1258.569 .... 3482 packets received, 5668 bps, 70.85%, Err 101 (1.0e-05)
1261.765 .... 3488 packets received, 5664 bps, 70.79%, Err 101 (1.0e-05)
1264.943 .... 3494 packets received, 5659 bps, 70.74%, Err 101 (1.0e-05)
1267.575 .... 3498 packets received, 5654 bps, 70.67%, Err 102 (1.0e-05)
1270.737 .... 3504 packets received, 5649 bps, 70.62%, Err 102 (1.0e-05)
1272.866 .... 3512 packets received, 5653 bps, 70.66%, Err 102 (1.0e-05)
1274.966 .... 3514 packets received, 5647 bps, 70.58%, Err 103 (1.0e-05)
1278.676 .... 3522 packets received, 5643 bps, 70.54%, Err 103 (1.0e-05)
1281.854 .... 3528 packets received, 5639 bps, 70.48%, Err 103 (1.0e-05)
1285.017 .... 3534 packets received, 5634 bps, 70.43%, Err 103 (1.0e-05)
1288.180 .... 3540 packets received, 5630 bps, 70.38%, Err 103 (1.0e-05)
1291.372 .... 3546 packets received, 5626 bps, 70.32%, Err 103 (1.0e-05)
1294.519 .... 3552 packets received, 5621 bps, 70.27%, Err 103 (9.9e-06)
1297.420 .... 3557 packets received, 5617 bps, 70.21%, Err 104 (1.0e-05)
1300.869 .... 3564 packets received, 5613 bps, 70.16%, Err 104 (1.0e-05)
1304.043 .... 3570 packets received, 5609 bps, 70.11%, Err 105 (1.0e-05)
1306.426 .... 3573 packets received, 5603 bps, 70.04%, Err 106 (1.0e-05)
1309.324 .... 3578 packets received, 5599 bps, 69.98%, Err 107 (1.0e-05)
1312.758 .... 3585 packets received, 5595 bps, 69.94%, Err 108 (1.0e-05)
1314.884 .... 3593 packets received, 5598 bps, 69.98%, Err 108 (1.0e-05)
1316.995 .... 3601 packets received, 5602 bps, 70.02%, Err 108 (1.0e-05)
1319.105 .... 3609 packets received, 5605 bps, 70.07%, Err 108 (1.0e-05)
1321.215 .... 3617 packets received, 5609 bps, 70.11%, Err 108 (1.0e-05)
1323.309 .... 3625 packets received, 5612 bps, 70.15%, Err 108 (1.0e-05)
1325.419 .... 3633 packets received, 5616 bps, 70.19%, Err 108 (1.0e-05)
1327.544 .... 3641 packets received, 5619 bps, 70.24%, Err 108 (1.0e-05)
1329.655 .... 3649 packets received, 5622 bps, 70.28%, Err 108 (1.0e-05)
1332.298 .... 3653 packets received, 5617 bps, 70.22%, Err 109 (1.0e-05)
1337.049 .... 3659 packets received, 5607 bps, 70.08%, Err 110 (1.0e-05)
1339.174 .... 3667 packets received, 5610 bps, 70.12%, Err 110 (1.0e-05)
1341.273 .... 3675 packets received, 5613 bps, 70.17%, Err 110 (1.0e-05)
1343.389 .... 3683 packets received, 5617 bps, 70.21%, Err 110 (1.0e-05)
1345.497 .... 3691 packets received, 5620 bps, 70.25%, Err 110 (1.0e-05)
1347.614 .... 3699 packets received, 5623 bps, 70.29%, Err 110 (1.0e-05)
1349.731 .... 3707 packets received, 5627 bps, 70.33%, Err 110 (1.0e-05)
1351.839 .... 3715 packets received, 5630 bps, 70.38%, Err 110 (1.0e-05)
1353.959 .... 3723 packets received, 5633 bps, 70.42%, Err 110 (1.0e-05)
1356.073 .... 3731 packets received, 5637 bps, 70.46%, Err 110 (1.0e-05)
1358.181 .... 3739 packets received, 5640 bps, 70.50%, Err 110 (1.0e-05)
1360.290 .... 3747 packets received, 5643 bps, 70.54%, Err 110 (1.0e-05)
1362.414 .... 3755 packets received, 5647 bps, 70.58%, Err 110 (1.0e-05)
1364.509 .... 3763 packets received, 5650 bps, 70.62%, Err 110 (1.0e-05)
1367.961 .... 3770 packets received, 5646 bps, 70.58%, Err 110 (1.0e-05)
1370.070 .... 3778 packets received, 5649 bps, 70.62%, Err 110 (1.0e-05)
1372.170 .... 3786 packets received, 5653 bps, 70.66%, Err 110 (1.0e-05)
1374.277 .... 3794 packets received, 5656 bps, 70.70%, Err 110 (1.0e-05)
1376.401 .... 3802 packets received, 5659 bps, 70.74%, Err 110 (1.0e-05)
1380.116 .... 3810 packets received, 5656 bps, 70.70%, Err 110 (1.0e-05)
1383.540 .... 3817 packets received, 5652 bps, 70.65%, Err 111 (1.0e-05)
1385.649 .... 3825 packets received, 5655 bps, 70.69%, Err 111 (1.0e-05)
1387.758 .... 3833 packets received, 5659 bps, 70.73%, Err 111 (1.0e-05)
1390.398 .... 3837 packets received, 5654 bps, 70.67%, Err 112 (1.0e-05)
1392.521 .... 3845 packets received, 5657 bps, 70.71%, Err 112 (1.0e-05)
1394.635 .... 3853 packets received, 5660 bps, 70.75%, Err 112 (1.0e-05)
1396.743 .... 3861 packets received, 5663 bps, 70.79%, Err 112 (1.0e-05)
1400.178 .... 3868 packets received, 5660 bps, 70.74%, Err 113 (1.0e-05)
1402.290 .... 3876 packets received, 5663 bps, 70.78%, Err 113 (1.0e-05)
1404.683 .... 3879 packets received, 5657 bps, 70.72%, Err 113 (1.0e-05)
1407.849 .... 3885 packets received, 5653 bps, 70.67%, Err 113 (1.0e-05)
1411.010 .... 3891 packets received, 5649 bps, 70.62%, Err 113 (1.0e-05)
1413.122 .... 3899 packets received, 5653 bps, 70.66%, Err 113 (1.0e-05)
1415.768 .... 3903 packets received, 5648 bps, 70.60%, Err 113 (1.0e-05)
1418.416 .... 3907 packets received, 5643 bps, 70.54%, Err 114 (1.0e-05)
1422.113 .... 3915 packets received, 5640 bps, 70.50%, Err 114 (1.0e-05)
1425.293 .... 3921 packets received, 5636 bps, 70.45%, Err 114 (1.0e-05)
1428.459 .... 3927 packets received, 5632 bps, 70.40%, Err 114 (1.0e-05)
1431.644 .... 3933 packets received, 5628 bps, 70.35%, Err 114 (1.0e-05)
1434.804 .... 3939 packets received, 5624 bps, 70.30%, Err 114 (9.9e-06)
1437.994 .... 3945 packets received, 5620 bps, 70.25%, Err 114 (9.9e-06)
1441.176 .... 3951 packets received, 5616 bps, 70.21%, Err 114 (9.9e-06)
1443.282 .... 3959 packets received, 5620 bps, 70.24%, Err 114 (9.9e-06)
1445.399 .... 3967 packets received, 5623 bps, 70.28%, Err 114 (9.9e-06)
1447.502 .... 3975 packets received, 5626 bps, 70.32%, Err 114 (9.8e-06)
1449.633 .... 3983 packets received, 5629 bps, 70.36%, Err 114 (9.8e-06)
1451.752 .... 3991 packets received, 5632 bps, 70.40%, Err 114 (9.8e-06)
1453.866 .... 3999 packets received, 5635 bps, 70.44%, Err 114 (9.8e-06)
1455.966 .... 4007 packets received, 5638 bps, 70.48%, Err 114 (9.8e-06)
1458.081 .... 4015 packets received, 5641 bps, 70.52%, Err 114 (9.8e-06)
1460.194 .... 4023 packets received, 5644 bps, 70.55%, Err 114 (9.8e-06)
1462.290 .... 4031 packets received, 5647 bps, 70.59%, Err 114 (9.7e-06)
1464.418 .... 4039 packets received, 5650 bps, 70.63%, Err 114 (9.7e-06)
1466.518 .... 4041 packets received, 5645 bps, 70.56%, Err 115 (9.8e-06)
1470.229 .... 4049 packets received, 5642 bps, 70.52%, Err 115 (9.8e-06)
1472.343 .... 4057 packets received, 5645 bps, 70.56%, Err 115 (9.8e-06)
1474.443 .... 4065 packets received, 5648 bps, 70.60%, Err 115 (9.8e-06)
1476.571 .... 4067 packets received, 5643 bps, 70.53%, Err 116 (9.8e-06)
1480.266 .... 4075 packets received, 5640 bps, 70.50%, Err 116 (9.8e-06)
1483.973 .... 4083 packets received, 5637 bps, 70.46%, Err 116 (9.8e-06)
1486.084 .... 4091 packets received, 5640 bps, 70.50%, Err 116 (9.8e-06)
1489.776 .... 4099 packets received, 5637 bps, 70.46%, Err 117 (9.8e-06)
1492.145 .... 4102 packets received, 5632 bps, 70.40%, Err 118 (9.9e-06)
1494.288 .... 4110 packets received, 5635 bps, 70.43%, Err 118 (9.9e-06)
1496.400 .... 4118 packets received, 5638 bps, 70.47%, Err 119 (9.9e-06)
1499.575 .... 4124 packets received, 5634 bps, 70.42%, Err 119 (9.9e-06)
1502.731 .... 4130 packets received, 5630 bps, 70.38%, Err 119 (9.9e-06)
1504.840 .... 4138 packets received, 5633 bps, 70.42%, Err 119 (9.9e-06)
1506.967 .... 4146 packets received, 5636 bps, 70.45%, Err 120 (1.0e-05)
1509.077 .... 4148 packets received, 5631 bps, 70.39%, Err 120 (9.9e-06)
1511.188 .... 4156 packets received, 5634 bps, 70.43%, Err 120 (9.9e-06)
1513.300 .... 4164 packets received, 5637 bps, 70.46%, Err 120 (9.9e-06)
1515.427 .... 4172 packets received, 5640 bps, 70.50%, Err 120 (9.9e-06)
1517.537 .... 4180 packets received, 5643 bps, 70.54%, Err 120 (9.9e-06)
1519.648 .... 4182 packets received, 5638 bps, 70.47%, Err 121 (1.0e-05)
1521.743 .... 4190 packets received, 5641 bps, 70.51%, Err 121 (9.9e-06)
1523.869 .... 4198 packets received, 5644 bps, 70.55%, Err 121 (9.9e-06)
1525.995 .... 4206 packets received, 5646 bps, 70.58%, Err 121 (9.9e-06)
1528.899 .... 4211 packets received, 5642 bps, 70.53%, Err 122 (1.0e-05)
1530.981 .... 4219 packets received, 5646 bps, 70.57%, Err 122 (1.0e-05)
1533.645 .... 4223 packets received, 5641 bps, 70.51%, Err 122 (9.9e-06)
1535.756 .... 4231 packets received, 5644 bps, 70.55%, Err 122 (9.9e-06)
1537.882 .... 4239 packets received, 5647 bps, 70.59%, Err 122 (9.9e-06)
1539.991 .... 4241 packets received, 5642 bps, 70.52%, Err 123 (1.0e-05)
1542.102 .... 4249 packets received, 5645 bps, 70.56%, Err 123 (1.0e-05)
1545.534 .... 4256 packets received, 5641 bps, 70.52%, Err 124 (1.0e-05)
1547.657 .... 4264 packets received, 5644 bps, 70.55%, Err 124 (1.0e-05)
1550.299 .... 4268 packets received, 5640 bps, 70.50%, Err 124 (1.0e-05)
1552.409 .... 4276 packets received, 5643 bps, 70.53%, Err 124 (1.0e-05)
1554.522 .... 4278 packets received, 5638 bps, 70.47%, Err 124 (1.0e-05)
1556.648 .... 4286 packets received, 5641 bps, 70.51%, Err 124 (1.0e-05)
1558.757 .... 4294 packets received, 5643 bps, 70.54%, Err 124 (9.9e-06)
1560.868 .... 4302 packets received, 5646 bps, 70.58%, Err 124 (9.9e-06)
1562.954 .... 4310 packets received, 5649 bps, 70.62%, Err 124 (9.9e-06)
1565.078 .... 4318 packets received, 5652 bps, 70.65%, Err 124 (9.9e-06)
1567.201 .... 4326 packets received, 5655 bps, 70.69%, Err 124 (9.9e-06)
1569.309 .... 4334 packets received, 5658 bps, 70.72%, Err 124 (9.9e-06)
1571.417 .... 4342 packets received, 5661 bps, 70.76%, Err 124 (9.9e-06)
1573.542 .... 4350 packets received, 5663 bps, 70.79%, Err 124 (9.9e-06)
1575.652 .... 4358 packets received, 5666 bps, 70.83%, Err 124 (9.8e-06)
1579.340 .... 4366 packets received, 5663 bps, 70.79%, Err 125 (9.9e-06)
1581.450 .... 4374 packets received, 5666 bps, 70.83%, Err 125 (9.9e-06)
1583.575 .... 4382 packets received, 5669 bps, 70.86%, Err 125 (9.9e-06)
1585.683 .... 4390 packets received, 5672 bps, 70.90%, Err 125 (9.9e-06)
1587.793 .... 4398 packets received, 5674 bps, 70.93%, Err 125 (9.8e-06)
1589.889 .... 4406 packets received, 5677 bps, 70.97%, Err 125 (9.8e-06)
1592.014 .... 4414 packets received, 5680 bps, 71.00%, Err 125 (9.8e-06)
1594.138 .... 4422 packets received, 5683 bps, 71.03%, Err 125 (9.8e-06)
1596.248 .... 4430 packets received, 5685 bps, 71.07%, Err 125 (9.8e-06)
1599.417 .... 4436 packets received, 5682 bps, 71.02%, Err 125 (9.8e-06)
1602.605 .... 4442 packets received, 5678 bps, 70.98%, Err 126 (9.8e-06)
1605.778 .... 4448 packets received, 5675 bps, 70.93%, Err 127 (9.9e-06)
1608.966 .... 4454 packets received, 5671 bps, 70.89%, Err 128 (9.9e-06)
1612.129 .... 4460 packets received, 5667 bps, 70.84%, Err 128 (9.9e-06)
1615.322 .... 4466 packets received, 5664 bps, 70.80%, Err 128 (9.9e-06)
1618.499 .... 4472 packets received, 5660 bps, 70.75%, Err 128 (9.9e-06)
1621.695 .... 4478 packets received, 5657 bps, 70.71%, Err 128 (9.9e-06)
1624.887 .... 4484 packets received, 5653 bps, 70.67%, Err 130 (1.0e-05)
1628.064 .... 4490 packets received, 5650 bps, 70.62%, Err 130 (1.0e-05)
1631.237 .... 4496 packets received, 5646 bps, 70.58%, Err 130 (1.0e-05)
1634.427 .... 4502 packets received, 5643 bps, 70.53%, Err 130 (9.9e-06)
1637.617 .... 4508 packets received, 5639 bps, 70.49%, Err 130 (9.9e-06)
1640.794 .... 4514 packets received, 5636 bps, 70.45%, Err 130 (9.9e-06)
1643.987 .... 4520 packets received, 5632 bps, 70.41%, Err 130 (9.9e-06)
1646.102 .... 4522 packets received, 5628 bps, 70.35%, Err 133 (1.0e-05)
1649.282 .... 4528 packets received, 5624 bps, 70.30%, Err 133 (1.0e-05)
1652.462 .... 4534 packets received, 5621 bps, 70.26%, Err 133 (1.0e-05)
1655.627 .... 4540 packets received, 5618 bps, 70.22%, Err 133 (1.0e-05)
1658.792 .... 4546 packets received, 5614 bps, 70.18%, Err 133 (1.0e-05)
1663.546 .... 4552 packets received, 5606 bps, 70.07%, Err 134 (1.0e-05)
1665.675 .... 4560 packets received, 5608 bps, 70.10%, Err 134 (1.0e-05)
1667.773 .... 4562 packets received, 5604 bps, 70.05%, Err 135 (1.0e-05)
1671.225 .... 4569 packets received, 5601 bps, 70.01%, Err 135 (1.0e-05)
1674.403 .... 4575 packets received, 5597 bps, 69.97%, Err 135 (1.0e-05)
1677.551 .... 4581 packets received, 5594 bps, 69.93%, Err 135 (1.0e-05)
1680.747 .... 4587 packets received, 5591 bps, 69.89%, Err 135 (1.0e-05)
1683.909 .... 4593 packets received, 5588 bps, 69.85%, Err 135 (1.0e-05)
1687.100 .... 4599 packets received, 5584 bps, 69.80%, Err 135 (1.0e-05)
1690.260 .... 4605 packets received, 5581 bps, 69.76%, Err 135 (1.0e-05)
1693.435 .... 4611 packets received, 5578 bps, 69.72%, Err 136 (1.0e-05)
1696.609 .... 4617 packets received, 5575 bps, 69.68%, Err 136 (1.0e-05)
1699.790 .... 4623 packets received, 5572 bps, 69.64%, Err 136 (1.0e-05)
1702.964 .... 4629 packets received, 5568 bps, 69.61%, Err 136 (1.0e-05)
1706.942 .... 4632 packets received, 5559 bps, 69.49%, Err 138 (1.0e-05)
1710.106 .... 4638 packets received, 5556 bps, 69.45%, Err 138 (1.0e-05)
1712.220 .... 4646 packets received, 5559 bps, 69.48%, Err 138 (1.0e-05)
1714.349 .... 4648 packets received, 5554 bps, 69.43%, Err 138 (1.0e-05)
1716.457 .... 4656 packets received, 5557 bps, 69.46%, Err 138 (1.0e-05)
1718.567 .... 4664 packets received, 5560 bps, 69.49%, Err 138 (1.0e-05)
1720.678 .... 4672 packets received, 5562 bps, 69.53%, Err 138 (1.0e-05)
1722.785 .... 4680 packets received, 5565 bps, 69.56%, Err 138 (1.0e-05)
1724.909 .... 4688 packets received, 5568 bps, 69.60%, Err 138 (1.0e-05)
1727.026 .... 4696 packets received, 5570 bps, 69.63%, Err 138 (1.0e-05)
1729.133 .... 4704 packets received, 5573 bps, 69.66%, Err 138 (1.0e-05)
1731.238 .... 4712 packets received, 5576 bps, 69.70%, Err 138 (1.0e-05)
1733.354 .... 4720 packets received, 5578 bps, 69.73%, Err 138 (1.0e-05)
1735.447 .... 4728 packets received, 5581 bps, 69.76%, Err 138 (9.9e-06)
1738.624 .... 4734 packets received, 5578 bps, 69.72%, Err 139 (1.0e-05)
1740.735 .... 4742 packets received, 5581 bps, 69.76%, Err 139 (1.0e-05)
1744.167 .... 4749 packets received, 5578 bps, 69.72%, Err 140 (1.0e-05)
1746.290 .... 4757 packets received, 5580 bps, 69.75%, Err 140 (1.0e-05)
1748.400 .... 4765 packets received, 5583 bps, 69.79%, Err 140 (1.0e-05)
1750.781 .... 4768 packets received, 5579 bps, 69.74%, Err 140 (1.0e-05)
1752.890 .... 4776 packets received, 5582 bps, 69.77%, Err 140 (1.0e-05)
1755.013 .... 4784 packets received, 5584 bps, 69.80%, Err 140 (1.0e-05)
1757.123 .... 4792 packets received, 5587 bps, 69.83%, Err 140 (1.0e-05)
1759.231 .... 4800 packets received, 5589 bps, 69.87%, Err 140 (9.9e-06)
1761.891 .... 4804 packets received, 5586 bps, 69.82%, Err 141 (1.0e-05)
1765.322 .... 4811 packets received, 5583 bps, 69.79%, Err 142 (1.0e-05)
1767.416 .... 4819 packets received, 5586 bps, 69.82%, Err 142 (1.0e-05)
1769.545 .... 4827 packets received, 5588 bps, 69.85%, Err 142 (1.0e-05)
1771.643 .... 4835 packets received, 5591 bps, 69.88%, Err 142 (1.0e-05)
1773.771 .... 4843 packets received, 5593 bps, 69.92%, Err 142 (1.0e-05)
1775.883 .... 4851 packets received, 5596 bps, 69.95%, Err 142 (1.0e-05)
1777.978 .... 4859 packets received, 5598 bps, 69.98%, Err 142 (1.0e-05)
1780.093 .... 4867 packets received, 5601 bps, 70.01%, Err 143 (1.0e-05)
1782.206 .... 4869 packets received, 5597 bps, 69.96%, Err 143 (1.0e-05)
1785.119 .... 4874 packets received, 5593 bps, 69.92%, Err 143 (1.0e-05)
1787.231 .... 4882 packets received, 5596 bps, 69.95%, Err 143 (1.0e-05)
1789.340 .... 4890 packets received, 5598 bps, 69.98%, Err 143 (1.0e-05)
1791.469 .... 4898 packets received, 5601 bps, 70.01%, Err 143 (1.0e-05)
1794.633 .... 4904 packets received, 5598 bps, 69.97%, Err 144 (1.0e-05)
1798.337 .... 4912 packets received, 5595 bps, 69.94%, Err 145 (1.0e-05)
1801.215 .... 4917 packets received, 5592 bps, 69.90%, Err 146 (1.0e-05)
1804.392 .... 4923 packets received, 5589 bps, 69.86%, Err 147 (1.0e-05)
1806.505 .... 4931 packets received, 5592 bps, 69.90%, Err 147 (1.0e-05)
1808.621 .... 4939 packets received, 5594 bps, 69.93%, Err 147 (1.0e-05)
1810.735 .... 4941 packets received, 5590 bps, 69.87%, Err 147 (1.0e-05)
1813.653 .... 4946 packets received, 5587 bps, 69.83%, Err 148 (1.0e-05)
1816.838 .... 4952 packets received, 5583 bps, 69.79%, Err 148 (1.0e-05)
1820.041 .... 4958 packets received, 5580 bps, 69.76%, Err 148 (1.0e-05)
1823.220 .... 4964 packets received, 5577 bps, 69.72%, Err 148 (1.0e-05)
1826.411 .... 4970 packets received, 5574 bps, 69.68%, Err 148 (1.0e-05)
1829.585 .... 4976 packets received, 5571 bps, 69.64%, Err 148 (1.0e-05)
1832.764 .... 4982 packets received, 5568 bps, 69.61%, Err 148 (1.0e-05)
1835.953 .... 4988 packets received, 5566 bps, 69.57%, Err 148 (1.0e-05)
1839.128 .... 4994 packets received, 5563 bps, 69.53%, Err 148 (1.0e-05)
1842.306 .... 5000 packets received, 5560 bps, 69.50%, Err 148 (1.0e-05)
1845.514 .... 5006 packets received, 5557 bps, 69.46%, Err 148 (1.0e-05)
1848.679 .... 5012 packets received, 5554 bps, 69.42%, Err 148 (1.0e-05)
1851.856 .... 5018 packets received, 5551 bps, 69.39%, Err 148 (1.0e-05)
1855.064 .... 5024 packets received, 5548 bps, 69.35%, Err 149 (1.0e-05)
1858.242 .... 5030 packets received, 5545 bps, 69.31%, Err 149 (1.0e-05)
1861.429 .... 5036 packets received, 5542 bps, 69.28%, Err 149 (1.0e-05)
1864.594 .... 5042 packets received, 5539 bps, 69.24%, Err 150 (1.0e-05)
1866.722 .... 5050 packets received, 5542 bps, 69.27%, Err 150 (1.0e-05)
1868.819 .... 5058 packets received, 5544 bps, 69.30%, Err 150 (1.0e-05)
1870.933 .... 5066 packets received, 5547 bps, 69.34%, Err 150 (1.0e-05)
1873.062 .... 5074 packets received, 5549 bps, 69.37%, Err 150 (1.0e-05)
1875.161 .... 5082 packets received, 5552 bps, 69.40%, Err 150 (1.0e-05)
1877.275 .... 5090 packets received, 5554 bps, 69.43%, Err 150 (1.0e-05)
1879.404 .... 5098 packets received, 5557 bps, 69.46%, Err 150 (1.0e-05)
1881.502 .... 5106 packets received, 5559 bps, 69.49%, Err 150 (1.0e-05)
1883.619 .... 5114 packets received, 5562 bps, 69.52%, Err 150 (1.0e-05)
1885.712 .... 5122 packets received, 5564 bps, 69.55%, Err 150 (9.9e-06)
1887.845 .... 5130 packets received, 5567 bps, 69.58%, Err 150 (9.9e-06)
1889.947 .... 5138 packets received, 5569 bps, 69.61%, Err 150 (9.9e-06)
1893.125 .... 5144 packets received, 5566 bps, 69.58%, Err 150 (9.9e-06)
1896.301 .... 5150 packets received, 5563 bps, 69.54%, Err 150 (9.9e-06)
1899.495 .... 5156 packets received, 5560 bps, 69.51%, Err 150 (9.9e-06)
1902.673 .... 5162 packets received, 5558 bps, 69.47%, Err 150 (9.9e-06)
1904.782 .... 5170 packets received, 5560 bps, 69.50%, Err 150 (9.8e-06)
1906.882 .... 5178 packets received, 5563 bps, 69.53%, Err 151 (9.9e-06)
1908.990 .... 5186 packets received, 5565 bps, 69.56%, Err 151 (9.9e-06)
1911.114 .... 5194 packets received, 5567 bps, 69.59%, Err 151 (9.9e-06)
1913.223 .... 5202 packets received, 5570 bps, 69.62%, Err 151 (9.9e-06)
1915.348 .... 5210 packets received, 5572 bps, 69.65%, Err 151 (9.9e-06)
1917.458 .... 5218 packets received, 5575 bps, 69.68%, Err 152 (9.9e-06)
1919.568 .... 5220 packets received, 5571 bps, 69.63%, Err 152 (9.9e-06)
1921.678 .... 5228 packets received, 5573 bps, 69.66%, Err 152 (9.9e-06)
1923.806 .... 5236 packets received, 5575 bps, 69.69%, Err 152 (9.9e-06)
1925.914 .... 5244 packets received, 5578 bps, 69.72%, Err 152 (9.9e-06)
1928.282 .... 5247 packets received, 5574 bps, 69.68%, Err 153 (9.9e-06)
1930.392 .... 5255 packets received, 5577 bps, 69.71%, Err 153 (9.9e-06)
1933.825 .... 5262 packets received, 5574 bps, 69.68%, Err 154 (1.0e-05)
1935.949 .... 5270 packets received, 5576 bps, 69.70%, Err 154 (9.9e-06)
1938.065 .... 5272 packets received, 5572 bps, 69.65%, Err 154 (9.9e-06)
1940.163 .... 5280 packets received, 5575 bps, 69.69%, Err 154 (9.9e-06)
1942.292 .... 5288 packets received, 5577 bps, 69.71%, Err 154 (9.9e-06)
1944.408 .... 5296 packets received, 5579 bps, 69.74%, Err 154 (9.9e-06)
1946.506 .... 5304 packets received, 5582 bps, 69.77%, Err 154 (9.9e-06)
1948.618 .... 5312 packets received, 5584 bps, 69.80%, Err 154 (9.9e-06)
1950.720 .... 5320 packets received, 5587 bps, 69.83%, Err 154 (9.9e-06)
1954.440 .... 5328 packets received, 5584 bps, 69.80%, Err 155 (9.9e-06)
1956.551 .... 5336 packets received, 5587 bps, 69.83%, Err 155 (9.9e-06)
1958.649 .... 5338 packets received, 5583 bps, 69.79%, Err 155 (9.9e-06)
1962.351 .... 5346 packets received, 5581 bps, 69.76%, Err 156 (9.9e-06)
1966.057 .... 5354 packets received, 5578 bps, 69.73%, Err 157 (1.0e-05)
1968.174 .... 5362 packets received, 5581 bps, 69.76%, Err 157 (1.0e-05)
1972.396 .... 5366 packets received, 5573 bps, 69.66%, Err 158 (1.0e-05)
1974.507 .... 5374 packets received, 5575 bps, 69.69%, Err 158 (1.0e-05)
1976.617 .... 5376 packets received, 5571 bps, 69.64%, Err 158 (1.0e-05)
1978.726 .... 5384 packets received, 5574 bps, 69.67%, Err 158 (1.0e-05)
1980.850 .... 5392 packets received, 5576 bps, 69.70%, Err 158 (1.0e-05)
1982.959 .... 5400 packets received, 5578 bps, 69.73%, Err 158 (1.0e-05)
1985.069 .... 5408 packets received, 5581 bps, 69.76%, Err 158 (1.0e-05)
1987.180 .... 5416 packets received, 5583 bps, 69.79%, Err 158 (9.9e-06)
1989.303 .... 5424 packets received, 5585 bps, 69.82%, Err 158 (9.9e-06)
1991.947 .... 5428 packets received, 5582 bps, 69.78%, Err 160 (1.0e-05)
1994.058 .... 5436 packets received, 5584 bps, 69.80%, Err 160 (1.0e-05)
1996.159 .... 5444 packets received, 5587 bps, 69.83%, Err 160 (1.0e-05)
1998.270 .... 5452 packets received, 5589 bps, 69.86%, Err 160 (1.0e-05)
2000.366 .... 5460 packets received, 5591 bps, 69.89%, Err 160 (1.0e-05)
2002.781 .... 5463 packets received, 5588 bps, 69.85%, Err 160 (1.0e-05)
2005.957 .... 5469 packets received, 5585 bps, 69.81%, Err 160 (1.0e-05)
2009.147 .... 5475 packets received, 5582 bps, 69.78%, Err 160 (1.0e-05)
2011.258 .... 5483 packets received, 5584 bps, 69.81%, Err 160 (9.9e-06)
2013.355 .... 5491 packets received, 5587 bps, 69.83%, Err 160 (9.9e-06)
2016.815 .... 5498 packets received, 5584 bps, 69.80%, Err 160 (9.9e-06)
2019.464 .... 5502 packets received, 5581 bps, 69.76%, Err 161 (1.0e-05)
2022.642 .... 5508 packets received, 5578 bps, 69.73%, Err 161 (1.0e-05)
2025.029 .... 5511 packets received, 5575 bps, 69.69%, Err 162 (1.0e-05)
2028.466 .... 5518 packets received, 5572 bps, 69.66%, Err 162 (1.0e-05)
2031.103 .... 5522 packets received, 5569 bps, 69.62%, Err 163 (1.0e-05)
2034.808 .... 5530 packets received, 5567 bps, 69.59%, Err 163 (1.0e-05)
2036.921 .... 5538 packets received, 5569 bps, 69.62%, Err 163 (1.0e-05)
2039.034 .... 5546 packets received, 5572 bps, 69.65%, Err 163 (1.0e-05)
2041.148 .... 5554 packets received, 5574 bps, 69.67%, Err 163 (1.0e-05)
2043.232 .... 5562 packets received, 5576 bps, 69.70%, Err 163 (1.0e-05)
2045.360 .... 5570 packets received, 5578 bps, 69.73%, Err 163 (1.0e-05)
2047.475 .... 5578 packets received, 5581 bps, 69.76%, Err 163 (1.0e-05)
2051.169 .... 5586 packets received, 5579 bps, 69.73%, Err 164 (1.0e-05)
2054.622 .... 5593 packets received, 5576 bps, 69.70%, Err 166 (1.0e-05)
2056.737 .... 5601 packets received, 5578 bps, 69.73%, Err 166 (1.0e-05)
2058.836 .... 5609 packets received, 5581 bps, 69.76%, Err 166 (1.0e-05)
2061.754 .... 5614 packets received, 5578 bps, 69.72%, Err 167 (1.0e-05)
2067.048 .... 5622 packets received, 5571 bps, 69.64%, Err 168 (1.0e-05)
2069.146 .... 5630 packets received, 5574 bps, 69.67%, Err 168 (1.0e-05)
2071.778 .... 5634 packets received, 5571 bps, 69.63%, Err 168 (1.0e-05)
2074.972 .... 5640 packets received, 5568 bps, 69.60%, Err 168 (1.0e-05)
2078.134 .... 5646 packets received, 5565 bps, 69.57%, Err 168 (1.0e-05)
2081.299 .... 5652 packets received, 5563 bps, 69.54%, Err 168 (1.0e-05)
2084.474 .... 5658 packets received, 5560 bps, 69.50%, Err 168 (1.0e-05)
2087.623 .... 5664 packets received, 5558 bps, 69.47%, Err 168 (1.0e-05)
2090.814 .... 5670 packets received, 5555 bps, 69.44%, Err 168 (1.0e-05)
2093.993 .... 5676 packets received, 5553 bps, 69.41%, Err 168 (1.0e-05)
2097.185 .... 5682 packets received, 5550 bps, 69.37%, Err 168 (1.0e-05)
2100.377 .... 5688 packets received, 5547 bps, 69.34%, Err 168 (1.0e-05)
2102.488 .... 5696 packets received, 5550 bps, 69.37%, Err 168 (1.0e-05)
2104.598 .... 5704 packets received, 5552 bps, 69.40%, Err 168 (1.0e-05)
2106.707 .... 5712 packets received, 5554 bps, 69.43%, Err 168 (1.0e-05)
2108.815 .... 5720 packets received, 5556 bps, 69.45%, Err 168 (1.0e-05)
2110.939 .... 5728 packets received, 5558 bps, 69.48%, Err 168 (9.9e-06)
2113.838 .... 5733 packets received, 5556 bps, 69.45%, Err 168 (9.9e-06)
2116.476 .... 5737 packets received, 5553 bps, 69.41%, Err 169 (1.0e-05)
2119.648 .... 5743 packets received, 5550 bps, 69.38%, Err 169 (1.0e-05)
2121.774 .... 5751 packets received, 5552 bps, 69.40%, Err 169 (1.0e-05)
2123.884 .... 5759 packets received, 5554 bps, 69.43%, Err 169 (9.9e-06)
2125.980 .... 5767 packets received, 5557 bps, 69.46%, Err 169 (9.9e-06)
2128.106 .... 5775 packets received, 5559 bps, 69.49%, Err 169 (9.9e-06)
2130.216 .... 5783 packets received, 5561 bps, 69.51%, Err 169 (9.9e-06)
2132.600 .... 5786 packets received, 5558 bps, 69.47%, Err 170 (1.0e-05)
2134.710 .... 5794 packets received, 5560 bps, 69.50%, Err 171 (1.0e-05)
2136.819 .... 5796 packets received, 5556 bps, 69.45%, Err 171 (1.0e-05)
2138.943 .... 5804 packets received, 5558 bps, 69.48%, Err 171 (1.0e-05)
2141.051 .... 5812 packets received, 5561 bps, 69.51%, Err 171 (1.0e-05)
2143.160 .... 5820 packets received, 5563 bps, 69.53%, Err 171 (1.0e-05)
2145.268 .... 5828 packets received, 5565 bps, 69.56%, Err 171 (1.0e-05)
2147.375 .... 5836 packets received, 5567 bps, 69.59%, Err 171 (1.0e-05)
2149.501 .... 5844 packets received, 5569 bps, 69.62%, Err 171 (9.9e-06)
2151.612 .... 5852 packets received, 5571 bps, 69.64%, Err 171 (9.9e-06)
2153.722 .... 5860 packets received, 5574 bps, 69.67%, Err 171 (9.9e-06)
2155.847 .... 5868 packets received, 5576 bps, 69.70%, Err 171 (9.9e-06)
2157.958 .... 5876 packets received, 5578 bps, 69.72%, Err 171 (9.9e-06)
2160.067 .... 5884 packets received, 5580 bps, 69.75%, Err 171 (9.9e-06)
2162.177 .... 5892 packets received, 5582 bps, 69.78%, Err 171 (9.9e-06)
2164.272 .... 5900 packets received, 5584 bps, 69.80%, Err 171 (9.9e-06)
2166.397 .... 5908 packets received, 5586 bps, 69.83%, Err 171 (9.9e-06)
2168.522 .... 5916 packets received, 5588 bps, 69.86%, Err 171 (9.9e-06)
2170.618 .... 5924 packets received, 5591 bps, 69.88%, Err 171 (9.8e-06)
2172.744 .... 5932 packets received, 5593 bps, 69.91%, Err 171 (9.8e-06)
2174.839 .... 5940 packets received, 5595 bps, 69.93%, Err 171 (9.8e-06)
2176.948 .... 5948 packets received, 5597 bps, 69.96%, Err 171 (9.8e-06)
2179.073 .... 5956 packets received, 5599 bps, 69.99%, Err 171 (9.8e-06)
2181.168 .... 5964 packets received, 5601 bps, 70.01%, Err 171 (9.8e-06)
2183.308 .... 5972 packets received, 5603 bps, 70.04%, Err 171 (9.8e-06)
2185.418 .... 5980 packets received, 5605 bps, 70.06%, Err 171 (9.8e-06)
2187.527 .... 5988 packets received, 5607 bps, 70.09%, Err 171 (9.8e-06)
2189.637 .... 5996 packets received, 5609 bps, 70.12%, Err 171 (9.8e-06)
2191.746 .... 6004 packets received, 5611 bps, 70.14%, Err 171 (9.8e-06)
2193.855 .... 6012 packets received, 5613 bps, 70.17%, Err 171 (9.7e-06)
2195.979 .... 6020 packets received, 5616 bps, 70.19%, Err 171 (9.7e-06)
2198.074 .... 6028 packets received, 5618 bps, 70.22%, Err 171 (9.7e-06)
2200.184 .... 6036 packets received, 5620 bps, 70.25%, Err 171 (9.7e-06)
2202.829 .... 6040 packets received, 5617 bps, 70.21%, Err 173 (9.8e-06)
2204.942 .... 6042 packets received, 5613 bps, 70.16%, Err 174 (9.9e-06)
2207.071 .... 6044 packets received, 5610 bps, 70.12%, Err 174 (9.9e-06)
2209.973 .... 6049 packets received, 5607 bps, 70.09%, Err 175 (9.9e-06)
2212.085 .... 6057 packets received, 5609 bps, 70.11%, Err 175 (9.9e-06)
2214.715 .... 6061 packets received, 5606 bps, 70.07%, Err 175 (9.9e-06)
2217.909 .... 6067 packets received, 5603 bps, 70.04%, Err 175 (9.9e-06)
2221.070 .... 6073 packets received, 5601 bps, 70.01%, Err 175 (9.8e-06)
2223.702 .... 6077 packets received, 5598 bps, 69.98%, Err 176 (9.9e-06)
2225.817 .... 6085 packets received, 5600 bps, 70.00%, Err 176 (9.9e-06)
2228.203 .... 6088 packets received, 5597 bps, 69.96%, Err 178 (1.0e-05)
2230.575 .... 6091 packets received, 5594 bps, 69.92%, Err 179 (1.0e-05)
2234.269 .... 6099 packets received, 5592 bps, 69.90%, Err 179 (1.0e-05)
2237.448 .... 6105 packets received, 5589 bps, 69.87%, Err 180 (1.0e-05)
2240.627 .... 6111 packets received, 5587 bps, 69.84%, Err 180 (1.0e-05)
2243.806 .... 6117 packets received, 5584 bps, 69.80%, Err 180 (1.0e-05)
2246.998 .... 6123 packets received, 5582 bps, 69.77%, Err 180 (1.0e-05)
2250.177 .... 6129 packets received, 5579 bps, 69.74%, Err 180 (1.0e-05)
2253.356 .... 6135 packets received, 5577 bps, 69.71%, Err 180 (1.0e-05)
2256.534 .... 6141 packets received, 5575 bps, 69.68%, Err 181 (1.0e-05)
2259.728 .... 6147 packets received, 5572 bps, 69.65%, Err 181 (1.0e-05)
2262.906 .... 6153 packets received, 5570 bps, 69.62%, Err 181 (1.0e-05)
2266.086 .... 6159 packets received, 5567 bps, 69.59%, Err 181 (1.0e-05)
2269.262 .... 6165 packets received, 5565 bps, 69.56%, Err 181 (1.0e-05)
2272.452 .... 6171 packets received, 5563 bps, 69.53%, Err 181 (1.0e-05)
2275.650 .... 6177 packets received, 5560 bps, 69.50%, Err 181 (9.9e-06)
2278.835 .... 6183 packets received, 5558 bps, 69.47%, Err 181 (9.9e-06)
2281.991 .... 6189 packets received, 5556 bps, 69.44%, Err 181 (9.9e-06)
2285.182 .... 6195 packets received, 5553 bps, 69.41%, Err 181 (9.9e-06)
2288.375 .... 6201 packets received, 5551 bps, 69.38%, Err 181 (9.9e-06)
2291.549 .... 6207 packets received, 5548 bps, 69.36%, Err 181 (9.9e-06)
2294.458 .... 6212 packets received, 5546 bps, 69.32%, Err 183 (1.0e-05)
2296.577 .... 6214 packets received, 5543 bps, 69.28%, Err 183 (1.0e-05)
2300.016 .... 6221 packets received, 5540 bps, 69.26%, Err 183 (9.9e-06)
2303.198 .... 6227 packets received, 5538 bps, 69.23%, Err 183 (9.9e-06)
