./gobackn -a -port 1234 -log na.log 
=========================================================================
                          Station A                                 
-------------------------------------------------------------------------
Protocol.lib, version 3.0, Build: Oct 19 2009 (jiangy@public3.bta.net.cn)
Channel: 8000 bps, 270 ms propagation delay, bit error rate 1.0E-05
Log file "na.log", TCP port 1234, debug mask 0x00
Station A is waiting for station B on TCP port 1234 ... Done.
New epoch: Sun Nov 22 11:35:32 2009
=========================================================================
Designed by JackalDire
3.439 .... 8 packets received, 7703 bps, 96.29%, Err 0 (0.0e+00)
5.550 .... 16 packets received, 7732 bps, 96.65%, Err 0 (0.0e+00)
7.918 .... 19 packets received, 5890 bps, 73.63%, Err 1 (1.8e-05)
10.030 .... 27 packets received, 6343 bps, 79.28%, Err 1 (1.4e-05)
12.141 .... 35 packets received, 6619 bps, 82.74%, Err 1 (1.1e-05)
14.237 .... 43 packets received, 6813 bps, 85.17%, Err 1 (9.5e-06)
17.683 .... 50 packets received, 6255 bps, 78.19%, Err 1 (7.5e-06)
19.794 .... 58 packets received, 6427 bps, 80.34%, Err 1 (6.7e-06)
21.905 .... 66 packets received, 6564 bps, 82.05%, Err 1 (6.0e-06)
25.323 .... 73 packets received, 6226 bps, 77.83%, Err 1 (5.1e-06)
27.435 .... 81 packets received, 6350 bps, 79.38%, Err 1 (4.7e-06)
29.561 .... 89 packets received, 6452 bps, 80.65%, Err 1 (4.4e-06)
33.253 .... 97 packets received, 6219 bps, 77.74%, Err 1 (3.9e-06)
35.362 .... 105 packets received, 6315 bps, 78.94%, Err 1 (3.6e-06)
38.266 .... 110 packets received, 6096 bps, 76.20%, Err 2 (6.7e-06)
40.380 .... 118 packets received, 6186 bps, 77.32%, Err 2 (6.4e-06)
42.491 .... 126 packets received, 6266 bps, 78.33%, Err 2 (6.0e-06)
44.604 .... 134 packets received, 6339 bps, 79.24%, Err 2 (5.7e-06)
46.730 .... 142 packets received, 6403 bps, 80.04%, Err 2 (5.5e-06)
48.825 .... 150 packets received, 6466 bps, 80.82%, Err 2 (5.2e-06)
50.939 .... 158 packets received, 6520 bps, 81.50%, Err 2 (5.0e-06)
53.068 .... 166 packets received, 6569 bps, 82.11%, Err 2 (4.8e-06)
55.153 .... 174 packets received, 6619 bps, 82.73%, Err 2 (4.6e-06)
57.276 .... 176 packets received, 6441 bps, 80.51%, Err 2 (4.4e-06)
59.396 .... 184 packets received, 6488 bps, 81.10%, Err 2 (4.3e-06)
61.483 .... 192 packets received, 6535 bps, 81.69%, Err 2 (4.1e-06)
63.628 .... 200 packets received, 6573 bps, 82.16%, Err 2 (4.0e-06)
65.727 .... 202 packets received, 6422 bps, 80.28%, Err 2 (3.9e-06)
69.421 .... 210 packets received, 6315 bps, 78.93%, Err 3 (5.5e-06)
71.806 .... 213 packets received, 6188 bps, 77.35%, Err 4 (7.1e-06)
75.519 .... 221 packets received, 6099 bps, 76.24%, Err 4 (6.7e-06)
78.667 .... 227 packets received, 6010 bps, 75.12%, Err 4 (6.4e-06)
81.848 .... 233 packets received, 5925 bps, 74.06%, Err 4 (6.2e-06)
85.015 .... 239 packets received, 5848 bps, 73.10%, Err 4 (6.0e-06)
88.189 .... 245 packets received, 5776 bps, 72.19%, Err 6 (8.6e-06)
91.345 .... 251 packets received, 5710 bps, 71.37%, Err 6 (8.3e-06)
94.518 .... 257 packets received, 5647 bps, 70.59%, Err 6 (8.0e-06)
97.676 .... 263 packets received, 5589 bps, 69.87%, Err 6 (7.8e-06)
103.013 .... 269 packets received, 5417 bps, 67.71%, Err 6 (7.5e-06)
107.037 .... 270 packets received, 5230 bps, 65.38%, Err 6 (7.5e-06)
111.170 .... 271 packets received, 5052 bps, 63.15%, Err 6 (7.5e-06)
115.191 .... 272 packets received, 4892 bps, 61.15%, Err 6 (7.5e-06)
119.302 .... 273 packets received, 4739 bps, 59.23%, Err 6 (7.4e-06)
123.437 .... 274 packets received, 4595 bps, 57.44%, Err 6 (7.4e-06)
127.514 .... 275 packets received, 4463 bps, 55.78%, Err 6 (7.4e-06)
131.684 .... 276 packets received, 4336 bps, 54.20%, Err 6 (7.4e-06)
135.826 .... 277 packets received, 4217 bps, 52.72%, Err 6 (7.4e-06)
139.955 .... 278 packets received, 4107 bps, 51.33%, Err 6 (7.3e-06)
144.067 .... 279 packets received, 4003 bps, 50.03%, Err 6 (7.3e-06)
148.171 .... 280 packets received, 3905 bps, 48.81%, Err 6 (7.3e-06)
152.258 .... 281 packets received, 3813 bps, 47.66%, Err 6 (7.3e-06)
156.446 .... 282 packets received, 3723 bps, 46.54%, Err 6 (7.2e-06)
160.627 .... 283 packets received, 3638 bps, 45.47%, Err 6 (7.2e-06)
164.813 .... 284 packets received, 3557 bps, 44.47%, Err 6 (7.2e-06)
168.864 .... 285 packets received, 3484 bps, 43.54%, Err 6 (7.2e-06)
173.055 .... 286 packets received, 3410 bps, 42.63%, Err 6 (7.1e-06)
177.135 .... 287 packets received, 3343 bps, 41.79%, Err 6 (7.1e-06)
181.293 .... 288 packets received, 3277 bps, 40.96%, Err 6 (7.1e-06)
185.346 .... 289 packets received, 3216 bps, 40.20%, Err 6 (7.1e-06)
189.548 .... 290 packets received, 3155 bps, 39.44%, Err 6 (7.1e-06)
193.765 .... 291 packets received, 3097 bps, 38.71%, Err 6 (7.0e-06)
197.936 .... 292 packets received, 3041 bps, 38.02%, Err 6 (7.0e-06)
200.551 .... 293 packets received, 3012 bps, 37.65%, Err 6 (7.0e-06)
202.663 .... 301 packets received, 3062 bps, 38.27%, Err 6 (6.8e-06)
204.774 .... 309 packets received, 3110 bps, 38.88%, Err 6 (6.7e-06)
206.884 .... 317 packets received, 3158 bps, 39.48%, Err 6 (6.6e-06)
208.998 .... 325 packets received, 3205 bps, 40.06%, Err 6 (6.5e-06)
211.109 .... 333 packets received, 3251 bps, 40.63%, Err 6 (6.4e-06)
213.225 .... 341 packets received, 3296 bps, 41.19%, Err 6 (6.2e-06)
215.856 .... 345 packets received, 3293 bps, 41.17%, Err 7 (7.1e-06)
219.578 .... 353 packets received, 3312 bps, 41.40%, Err 7 (6.9e-06)
222.752 .... 359 packets received, 3320 bps, 41.50%, Err 7 (6.7e-06)
225.121 .... 362 packets received, 3313 bps, 41.41%, Err 8 (7.6e-06)
227.231 .... 370 packets received, 3354 bps, 41.93%, Err 8 (7.5e-06)
229.342 .... 372 packets received, 3341 bps, 41.76%, Err 9 (8.3e-06)
231.453 .... 374 packets received, 3328 bps, 41.60%, Err 9 (8.1e-06)
233.564 .... 382 packets received, 3368 bps, 42.11%, Err 9 (8.0e-06)
235.690 .... 384 packets received, 3355 bps, 41.94%, Err 9 (7.9e-06)
238.591 .... 389 packets received, 3358 bps, 41.97%, Err 10 (8.6e-06)
241.749 .... 395 packets received, 3365 bps, 42.06%, Err 10 (8.4e-06)
244.944 .... 401 packets received, 3371 bps, 42.14%, Err 10 (8.2e-06)
248.118 .... 407 packets received, 3377 bps, 42.22%, Err 10 (8.1e-06)
251.292 .... 413 packets received, 3384 bps, 42.29%, Err 10 (7.9e-06)
254.481 .... 419 packets received, 3389 bps, 42.37%, Err 10 (7.7e-06)
257.656 .... 425 packets received, 3395 bps, 42.44%, Err 11 (8.4e-06)
260.844 .... 431 packets received, 3401 bps, 42.51%, Err 11 (8.2e-06)
264.038 .... 437 packets received, 3406 bps, 42.58%, Err 12 (8.8e-06)
267.203 .... 443 packets received, 3412 bps, 42.65%, Err 13 (9.3e-06)
269.304 .... 445 packets received, 3401 bps, 42.51%, Err 13 (9.2e-06)
272.497 .... 451 packets received, 3406 bps, 42.57%, Err 13 (9.1e-06)
275.672 .... 457 packets received, 3411 bps, 42.64%, Err 13 (8.9e-06)
278.843 .... 463 packets received, 3417 bps, 42.71%, Err 13 (8.7e-06)
282.011 .... 469 packets received, 3422 bps, 42.77%, Err 13 (8.6e-06)
285.178 .... 475 packets received, 3427 bps, 42.84%, Err 13 (8.5e-06)
288.356 .... 481 packets received, 3432 bps, 42.90%, Err 14 (9.0e-06)
291.549 .... 487 packets received, 3436 bps, 42.96%, Err 14 (8.8e-06)
294.728 .... 493 packets received, 3441 bps, 43.01%, Err 14 (8.7e-06)
297.906 .... 499 packets received, 3446 bps, 43.07%, Err 14 (8.5e-06)
303.401 .... 505 packets received, 3424 bps, 42.80%, Err 14 (8.4e-06)
307.454 .... 506 packets received, 3385 bps, 42.31%, Err 14 (8.4e-06)
311.641 .... 507 packets received, 3346 bps, 41.82%, Err 14 (8.4e-06)
315.798 .... 508 packets received, 3308 bps, 41.35%, Err 14 (8.4e-06)
319.832 .... 509 packets received, 3273 bps, 40.91%, Err 14 (8.4e-06)
323.850 .... 510 packets received, 3238 bps, 40.48%, Err 14 (8.4e-06)
327.962 .... 511 packets received, 3204 bps, 40.05%, Err 14 (8.3e-06)
332.118 .... 512 packets received, 3170 bps, 39.62%, Err 14 (8.3e-06)
336.158 .... 513 packets received, 3138 bps, 39.22%, Err 14 (8.3e-06)
340.238 .... 514 packets received, 3106 bps, 38.82%, Err 14 (8.3e-06)
344.292 .... 515 packets received, 3075 bps, 38.44%, Err 14 (8.3e-06)
348.471 .... 516 packets received, 3044 bps, 38.05%, Err 14 (8.3e-06)
354.090 .... 517 packets received, 3001 bps, 37.52%, Err 15 (8.8e-06)
356.686 .... 518 packets received, 2985 bps, 37.32%, Err 15 (8.8e-06)
360.799 .... 519 packets received, 2957 bps, 36.96%, Err 15 (8.8e-06)
364.855 .... 520 packets received, 2929 bps, 36.62%, Err 15 (8.8e-06)
368.923 .... 521 packets received, 2903 bps, 36.28%, Err 15 (8.8e-06)
372.962 .... 522 packets received, 2877 bps, 35.96%, Err 15 (8.8e-06)
377.059 .... 523 packets received, 2851 bps, 35.63%, Err 15 (8.7e-06)
381.173 .... 524 packets received, 2825 bps, 35.31%, Err 15 (8.7e-06)
385.206 .... 525 packets received, 2801 bps, 35.01%, Err 15 (8.7e-06)
389.361 .... 526 packets received, 2776 bps, 34.70%, Err 15 (8.7e-06)
394.989 .... 527 packets received, 2742 bps, 34.27%, Err 16 (9.2e-06)
397.646 .... 528 packets received, 2728 bps, 34.10%, Err 16 (9.2e-06)
400.537 .... 529 packets received, 2714 bps, 33.92%, Err 16 (9.2e-06)
402.646 .... 537 packets received, 2740 bps, 34.25%, Err 16 (9.1e-06)
404.757 .... 545 packets received, 2767 bps, 34.58%, Err 16 (9.0e-06)
406.868 .... 547 packets received, 2762 bps, 34.53%, Err 17 (9.5e-06)
408.980 .... 555 packets received, 2788 bps, 34.85%, Err 17 (9.4e-06)
411.090 .... 563 packets received, 2814 bps, 35.17%, Err 18 (9.9e-06)
413.215 .... 565 packets received, 2809 bps, 35.12%, Err 18 (9.8e-06)
415.326 .... 573 packets received, 2834 bps, 35.43%, Err 18 (9.7e-06)
417.423 .... 581 packets received, 2860 bps, 35.74%, Err 18 (9.6e-06)
419.549 .... 589 packets received, 2884 bps, 36.05%, Err 18 (9.5e-06)
422.447 .... 594 packets received, 2889 bps, 36.11%, Err 19 (9.9e-06)
424.560 .... 602 packets received, 2913 bps, 36.41%, Err 19 (9.8e-06)
426.673 .... 610 packets received, 2937 bps, 36.71%, Err 20 (1.0e-05)
428.785 .... 618 packets received, 2961 bps, 37.01%, Err 20 (1.0e-05)
430.897 .... 626 packets received, 2984 bps, 37.30%, Err 20 (1.0e-05)
433.009 .... 634 packets received, 3008 bps, 37.60%, Err 20 (1.0e-05)
435.120 .... 642 packets received, 3031 bps, 37.89%, Err 20 (9.9e-06)
437.231 .... 650 packets received, 3054 bps, 38.17%, Err 20 (9.8e-06)
439.342 .... 658 packets received, 3076 bps, 38.46%, Err 20 (9.8e-06)
441.469 .... 666 packets received, 3099 bps, 38.74%, Err 20 (9.7e-06)
443.581 .... 674 packets received, 3121 bps, 39.01%, Err 20 (9.6e-06)
445.679 .... 682 packets received, 3143 bps, 39.29%, Err 20 (9.5e-06)
447.804 .... 690 packets received, 3165 bps, 39.56%, Err 20 (9.4e-06)
449.903 .... 698 packets received, 3187 bps, 39.83%, Err 20 (9.4e-06)
452.017 .... 706 packets received, 3208 bps, 40.10%, Err 20 (9.3e-06)
454.146 .... 714 packets received, 3229 bps, 40.36%, Err 20 (9.2e-06)
456.245 .... 722 packets received, 3250 bps, 40.63%, Err 20 (9.2e-06)
458.359 .... 724 packets received, 3244 bps, 40.55%, Err 20 (9.1e-06)
460.473 .... 732 packets received, 3265 bps, 40.81%, Err 20 (9.0e-06)
462.575 .... 740 packets received, 3286 bps, 41.07%, Err 20 (8.9e-06)
464.690 .... 748 packets received, 3306 bps, 41.32%, Err 20 (8.9e-06)
466.806 .... 756 packets received, 3326 bps, 41.58%, Err 20 (8.8e-06)
468.918 .... 764 packets received, 3346 bps, 41.83%, Err 20 (8.8e-06)
471.548 .... 768 packets received, 3345 bps, 41.81%, Err 21 (9.1e-06)
473.662 .... 776 packets received, 3365 bps, 42.06%, Err 21 (9.0e-06)
475.772 .... 784 packets received, 3384 bps, 42.30%, Err 21 (9.0e-06)
477.898 .... 792 packets received, 3403 bps, 42.54%, Err 21 (8.9e-06)
479.988 .... 800 packets received, 3423 bps, 42.78%, Err 21 (8.8e-06)
482.100 .... 808 packets received, 3442 bps, 43.02%, Err 21 (8.8e-06)
484.212 .... 816 packets received, 3461 bps, 43.26%, Err 21 (8.7e-06)
486.324 .... 824 packets received, 3479 bps, 43.49%, Err 21 (8.7e-06)
488.451 .... 832 packets received, 3498 bps, 43.72%, Err 21 (8.6e-06)
490.564 .... 840 packets received, 3516 bps, 43.95%, Err 21 (8.5e-06)
492.669 .... 848 packets received, 3535 bps, 44.18%, Err 21 (8.5e-06)
494.784 .... 856 packets received, 3553 bps, 44.41%, Err 21 (8.4e-06)
498.216 .... 863 packets received, 3557 bps, 44.46%, Err 21 (8.3e-06)
500.326 .... 871 packets received, 3575 bps, 44.68%, Err 21 (8.3e-06)
504.320 .... 872 packets received, 3550 bps, 44.38%, Err 21 (8.3e-06)
508.443 .... 873 packets received, 3526 bps, 44.07%, Err 21 (8.3e-06)
512.645 .... 874 packets received, 3501 bps, 43.76%, Err 21 (8.3e-06)
516.693 .... 875 packets received, 3477 bps, 43.46%, Err 21 (8.2e-06)
520.833 .... 876 packets received, 3453 bps, 43.17%, Err 21 (8.2e-06)
525.072 .... 877 packets received, 3429 bps, 42.87%, Err 21 (8.2e-06)
529.208 .... 878 packets received, 3406 bps, 42.58%, Err 21 (8.2e-06)
533.314 .... 879 packets received, 3384 bps, 42.30%, Err 21 (8.2e-06)
537.469 .... 880 packets received, 3361 bps, 42.02%, Err 22 (8.6e-06)
541.619 .... 881 packets received, 3339 bps, 41.74%, Err 22 (8.6e-06)
545.843 .... 882 packets received, 3317 bps, 41.47%, Err 22 (8.6e-06)
549.911 .... 883 packets received, 3296 bps, 41.20%, Err 22 (8.6e-06)
554.092 .... 884 packets received, 3275 bps, 40.94%, Err 22 (8.5e-06)
558.239 .... 885 packets received, 3254 bps, 40.68%, Err 22 (8.5e-06)
562.346 .... 886 packets received, 3234 bps, 40.43%, Err 22 (8.5e-06)
566.490 .... 887 packets received, 3214 bps, 40.18%, Err 22 (8.5e-06)
570.677 .... 888 packets received, 3194 bps, 39.93%, Err 22 (8.5e-06)
574.748 .... 889 packets received, 3175 bps, 39.69%, Err 22 (8.5e-06)
578.845 .... 890 packets received, 3156 bps, 39.45%, Err 22 (8.5e-06)
582.911 .... 891 packets received, 3138 bps, 39.22%, Err 23 (8.9e-06)
586.974 .... 892 packets received, 3119 bps, 38.99%, Err 23 (8.9e-06)
591.132 .... 893 packets received, 3101 bps, 38.76%, Err 23 (8.8e-06)
595.229 .... 894 packets received, 3083 bps, 38.53%, Err 23 (8.8e-06)
599.331 .... 895 packets received, 3065 bps, 38.31%, Err 23 (8.8e-06)
601.349 .... 899 packets received, 3068 bps, 38.35%, Err 23 (8.8e-06)
603.748 .... 902 packets received, 3066 bps, 38.33%, Err 23 (8.7e-06)
606.923 .... 908 packets received, 3071 bps, 38.38%, Err 24 (9.0e-06)
610.095 .... 914 packets received, 3075 bps, 38.43%, Err 24 (8.9e-06)
613.298 .... 920 packets received, 3079 bps, 38.48%, Err 25 (9.2e-06)
616.471 .... 926 packets received, 3083 bps, 38.54%, Err 25 (9.1e-06)
619.103 .... 930 packets received, 3083 bps, 38.54%, Err 26 (9.4e-06)
622.815 .... 938 packets received, 3091 bps, 38.64%, Err 26 (9.3e-06)
625.716 .... 943 packets received, 3093 bps, 38.66%, Err 27 (9.6e-06)
627.828 .... 951 packets received, 3109 bps, 38.86%, Err 27 (9.5e-06)
629.947 .... 953 packets received, 3105 bps, 38.81%, Err 27 (9.5e-06)
633.149 .... 959 packets received, 3108 bps, 38.86%, Err 27 (9.4e-06)
635.264 .... 967 packets received, 3124 bps, 39.05%, Err 27 (9.3e-06)
637.363 .... 975 packets received, 3139 bps, 39.24%, Err 27 (9.3e-06)
639.493 .... 983 packets received, 3155 bps, 39.43%, Err 27 (9.2e-06)
641.595 .... 991 packets received, 3170 bps, 39.62%, Err 27 (9.2e-06)
643.706 .... 999 packets received, 3185 bps, 39.81%, Err 27 (9.1e-06)
645.821 .... 1001 packets received, 3181 bps, 39.76%, Err 28 (9.4e-06)
647.921 .... 1009 packets received, 3196 bps, 39.95%, Err 28 (9.4e-06)
650.049 .... 1017 packets received, 3211 bps, 40.13%, Err 28 (9.3e-06)
652.153 .... 1025 packets received, 3225 bps, 40.32%, Err 28 (9.3e-06)
654.815 .... 1029 packets received, 3225 bps, 40.31%, Err 28 (9.2e-06)
658.008 .... 1035 packets received, 3228 bps, 40.35%, Err 28 (9.1e-06)
661.171 .... 1041 packets received, 3231 bps, 40.39%, Err 28 (9.0e-06)
664.341 .... 1047 packets received, 3234 bps, 40.43%, Err 28 (9.0e-06)
666.474 .... 1049 packets received, 3230 bps, 40.37%, Err 30 (9.6e-06)
669.661 .... 1055 packets received, 3233 bps, 40.41%, Err 30 (9.5e-06)
672.808 .... 1061 packets received, 3236 bps, 40.45%, Err 30 (9.4e-06)
675.984 .... 1067 packets received, 3239 bps, 40.49%, Err 31 (9.6e-06)
678.612 .... 1071 packets received, 3238 bps, 40.48%, Err 32 (9.9e-06)
680.729 .... 1079 packets received, 3252 bps, 40.66%, Err 32 (9.8e-06)
682.846 .... 1087 packets received, 3266 bps, 40.83%, Err 32 (9.8e-06)
684.945 .... 1089 packets received, 3262 bps, 40.78%, Err 33 (1.0e-05)
687.059 .... 1097 packets received, 3276 bps, 40.95%, Err 33 (1.0e-05)
689.172 .... 1105 packets received, 3290 bps, 41.12%, Err 33 (9.9e-06)
694.193 .... 1112 packets received, 3287 bps, 41.09%, Err 34 (1.0e-05)
696.323 .... 1120 packets received, 3300 bps, 41.25%, Err 34 (1.0e-05)
698.442 .... 1122 packets received, 3296 bps, 41.20%, Err 34 (1.0e-05)
703.538 .... 1127 packets received, 3287 bps, 41.09%, Err 34 (1.0e-05)
707.594 .... 1128 packets received, 3271 bps, 40.89%, Err 34 (9.9e-06)
711.758 .... 1129 packets received, 3255 bps, 40.68%, Err 34 (9.9e-06)
715.861 .... 1130 packets received, 3239 bps, 40.48%, Err 34 (9.9e-06)
719.958 .... 1131 packets received, 3223 bps, 40.29%, Err 34 (9.9e-06)
724.185 .... 1132 packets received, 3207 bps, 40.09%, Err 34 (9.9e-06)
728.259 .... 1133 packets received, 3192 bps, 39.90%, Err 34 (9.9e-06)
732.388 .... 1134 packets received, 3177 bps, 39.71%, Err 34 (9.9e-06)
736.509 .... 1135 packets received, 3162 bps, 39.52%, Err 34 (9.9e-06)
740.622 .... 1136 packets received, 3147 bps, 39.34%, Err 34 (9.9e-06)
744.629 .... 1137 packets received, 3133 bps, 39.16%, Err 34 (9.9e-06)
748.695 .... 1138 packets received, 3118 bps, 38.98%, Err 34 (9.9e-06)
752.734 .... 1139 packets received, 3104 bps, 38.80%, Err 34 (9.9e-06)
756.814 .... 1140 packets received, 3090 bps, 38.63%, Err 34 (9.8e-06)
761.000 .... 1141 packets received, 3076 bps, 38.45%, Err 34 (9.8e-06)
765.049 .... 1142 packets received, 3062 bps, 38.28%, Err 34 (9.8e-06)
769.138 .... 1143 packets received, 3049 bps, 38.11%, Err 34 (9.8e-06)
773.191 .... 1144 packets received, 3035 bps, 37.94%, Err 34 (9.8e-06)
777.287 .... 1145 packets received, 3022 bps, 37.77%, Err 34 (9.8e-06)
781.336 .... 1146 packets received, 3009 bps, 37.61%, Err 34 (9.8e-06)
785.463 .... 1147 packets received, 2996 bps, 37.45%, Err 34 (9.8e-06)
789.520 .... 1148 packets received, 2983 bps, 37.29%, Err 34 (9.8e-06)
793.603 .... 1149 packets received, 2970 bps, 37.13%, Err 34 (9.8e-06)
797.735 .... 1150 packets received, 2957 bps, 36.97%, Err 34 (9.8e-06)
800.549 .... 1151 packets received, 2949 bps, 36.87%, Err 34 (9.8e-06)
802.908 .... 1154 packets received, 2948 bps, 36.85%, Err 35 (1.0e-05)
805.553 .... 1158 packets received, 2949 bps, 36.86%, Err 36 (1.0e-05)
808.485 .... 1163 packets received, 2951 bps, 36.89%, Err 37 (1.0e-05)
810.583 .... 1171 packets received, 2963 bps, 37.04%, Err 37 (1.0e-05)
812.694 .... 1173 packets received, 2961 bps, 37.01%, Err 37 (1.0e-05)
815.604 .... 1178 packets received, 2963 bps, 37.03%, Err 37 (1.0e-05)
818.776 .... 1184 packets received, 2966 bps, 37.08%, Err 37 (1.0e-05)
821.927 .... 1190 packets received, 2970 bps, 37.12%, Err 37 (1.0e-05)
824.055 .... 1192 packets received, 2967 bps, 37.09%, Err 38 (1.0e-05)
827.740 .... 1200 packets received, 2974 bps, 37.17%, Err 38 (1.0e-05)
829.868 .... 1208 packets received, 2986 bps, 37.32%, Err 38 (1.0e-05)
831.982 .... 1216 packets received, 2998 bps, 37.48%, Err 38 (1.0e-05)
834.082 .... 1224 packets received, 3010 bps, 37.63%, Err 38 (1.0e-05)
836.182 .... 1232 packets received, 3022 bps, 37.78%, Err 38 (1.0e-05)
838.602 .... 1235 packets received, 3021 bps, 37.76%, Err 38 (1.0e-05)
841.768 .... 1241 packets received, 3024 bps, 37.80%, Err 38 (1.0e-05)
844.964 .... 1247 packets received, 3027 bps, 37.84%, Err 39 (1.0e-05)
848.129 .... 1253 packets received, 3030 bps, 37.88%, Err 39 (1.0e-05)
851.326 .... 1259 packets received, 3033 bps, 37.92%, Err 39 (1.0e-05)
853.692 .... 1262 packets received, 3032 bps, 37.90%, Err 40 (1.0e-05)
856.888 .... 1268 packets received, 3035 bps, 37.94%, Err 40 (1.0e-05)
860.071 .... 1274 packets received, 3038 bps, 37.98%, Err 40 (1.0e-05)
863.237 .... 1280 packets received, 3041 bps, 38.02%, Err 40 (1.0e-05)
866.448 .... 1286 packets received, 3044 bps, 38.05%, Err 41 (1.0e-05)
869.628 .... 1292 packets received, 3047 bps, 38.09%, Err 41 (1.0e-05)
872.808 .... 1298 packets received, 3050 bps, 38.13%, Err 41 (1.0e-05)
875.992 .... 1304 packets received, 3053 bps, 38.17%, Err 41 (1.0e-05)
879.167 .... 1310 packets received, 3056 bps, 38.20%, Err 41 (1.0e-05)
882.360 .... 1316 packets received, 3059 bps, 38.24%, Err 41 (9.9e-06)
884.489 .... 1324 packets received, 3070 bps, 38.38%, Err 41 (9.9e-06)
886.853 .... 1327 packets received, 3069 bps, 38.36%, Err 42 (1.0e-05)
890.306 .... 1334 packets received, 3073 bps, 38.41%, Err 42 (1.0e-05)
892.423 .... 1342 packets received, 3084 bps, 38.55%, Err 42 (1.0e-05)
894.526 .... 1350 packets received, 3095 bps, 38.69%, Err 42 (9.9e-06)
896.627 .... 1358 packets received, 3106 bps, 38.83%, Err 42 (9.9e-06)
898.755 .... 1366 packets received, 3117 bps, 38.97%, Err 42 (9.8e-06)
904.391 .... 1373 packets received, 3114 bps, 38.92%, Err 42 (9.8e-06)
908.555 .... 1374 packets received, 3102 bps, 38.77%, Err 42 (9.8e-06)
912.789 .... 1375 packets received, 3089 bps, 38.62%, Err 42 (9.8e-06)
916.857 .... 1376 packets received, 3078 bps, 38.48%, Err 42 (9.8e-06)
921.013 .... 1377 packets received, 3066 bps, 38.33%, Err 42 (9.8e-06)
925.162 .... 1378 packets received, 3055 bps, 38.18%, Err 42 (9.8e-06)
929.351 .... 1379 packets received, 3043 bps, 38.04%, Err 42 (9.8e-06)
933.616 .... 1380 packets received, 3031 bps, 37.89%, Err 42 (9.8e-06)
937.654 .... 1381 packets received, 3021 bps, 37.76%, Err 42 (9.8e-06)
941.765 .... 1382 packets received, 3010 bps, 37.62%, Err 42 (9.8e-06)
945.772 .... 1383 packets received, 2999 bps, 37.49%, Err 42 (9.8e-06)
949.946 .... 1384 packets received, 2988 bps, 37.35%, Err 42 (9.8e-06)
954.009 .... 1385 packets received, 2977 bps, 37.22%, Err 42 (9.7e-06)
958.029 .... 1386 packets received, 2967 bps, 37.09%, Err 42 (9.7e-06)
962.170 .... 1387 packets received, 2956 bps, 36.95%, Err 42 (9.7e-06)
966.265 .... 1388 packets received, 2946 bps, 36.82%, Err 42 (9.7e-06)
970.423 .... 1389 packets received, 2935 bps, 36.69%, Err 42 (9.7e-06)
974.566 .... 1390 packets received, 2925 bps, 36.56%, Err 42 (9.7e-06)
978.696 .... 1391 packets received, 2915 bps, 36.43%, Err 42 (9.7e-06)
982.735 .... 1392 packets received, 2905 bps, 36.31%, Err 42 (9.7e-06)
986.847 .... 1393 packets received, 2895 bps, 36.18%, Err 42 (9.7e-06)
990.991 .... 1394 packets received, 2885 bps, 36.06%, Err 42 (9.7e-06)
995.135 .... 1395 packets received, 2875 bps, 35.93%, Err 42 (9.7e-06)
999.191 .... 1396 packets received, 2865 bps, 35.81%, Err 42 (9.7e-06)
1001.350 .... 1400 packets received, 2867 bps, 35.84%, Err 42 (9.6e-06)
1003.713 .... 1403 packets received, 2866 bps, 35.83%, Err 42 (9.6e-06)
1006.885 .... 1409 packets received, 2870 bps, 35.87%, Err 43 (9.8e-06)
1010.058 .... 1415 packets received, 2873 bps, 35.91%, Err 43 (9.7e-06)
1014.830 .... 1421 packets received, 2871 bps, 35.89%, Err 44 (9.9e-06)
1018.539 .... 1429 packets received, 2877 bps, 35.96%, Err 44 (9.8e-06)
1021.703 .... 1435 packets received, 2880 bps, 36.00%, Err 44 (9.7e-06)
1024.898 .... 1441 packets received, 2883 bps, 36.04%, Err 44 (9.7e-06)
1028.048 .... 1447 packets received, 2886 bps, 36.08%, Err 45 (9.9e-06)
1031.214 .... 1453 packets received, 2889 bps, 36.12%, Err 46 (1.0e-05)
1034.380 .... 1459 packets received, 2892 bps, 36.15%, Err 46 (1.0e-05)
1037.569 .... 1465 packets received, 2895 bps, 36.19%, Err 46 (9.9e-06)
1040.722 .... 1471 packets received, 2898 bps, 36.23%, Err 46 (9.9e-06)
1044.159 .... 1478 packets received, 2903 bps, 36.28%, Err 47 (1.0e-05)
1047.852 .... 1486 packets received, 2908 bps, 36.35%, Err 47 (9.9e-06)
1051.033 .... 1492 packets received, 2911 bps, 36.39%, Err 47 (9.9e-06)
1054.198 .... 1498 packets received, 2914 bps, 36.42%, Err 47 (9.8e-06)
1057.363 .... 1504 packets received, 2917 bps, 36.46%, Err 47 (9.8e-06)
1060.526 .... 1510 packets received, 2920 bps, 36.49%, Err 48 (9.9e-06)
1063.721 .... 1516 packets received, 2922 bps, 36.53%, Err 48 (9.9e-06)
1066.886 .... 1522 packets received, 2925 bps, 36.57%, Err 49 (1.0e-05)
1070.070 .... 1528 packets received, 2928 bps, 36.60%, Err 49 (1.0e-05)
1073.248 .... 1534 packets received, 2931 bps, 36.64%, Err 50 (1.0e-05)
1076.413 .... 1540 packets received, 2934 bps, 36.67%, Err 50 (1.0e-05)
1079.597 .... 1546 packets received, 2936 bps, 36.70%, Err 50 (1.0e-05)
1082.767 .... 1552 packets received, 2939 bps, 36.74%, Err 50 (1.0e-05)
1085.941 .... 1558 packets received, 2942 bps, 36.77%, Err 50 (9.9e-06)
1089.113 .... 1564 packets received, 2945 bps, 36.81%, Err 50 (9.9e-06)
1092.291 .... 1570 packets received, 2947 bps, 36.84%, Err 50 (9.8e-06)
1095.469 .... 1576 packets received, 2950 bps, 36.87%, Err 50 (9.8e-06)
1098.643 .... 1582 packets received, 2953 bps, 36.91%, Err 50 (9.7e-06)
1104.043 .... 1588 packets received, 2949 bps, 36.87%, Err 50 (9.7e-06)
1108.129 .... 1589 packets received, 2940 bps, 36.75%, Err 50 (9.7e-06)
1112.239 .... 1590 packets received, 2931 bps, 36.64%, Err 50 (9.7e-06)
1116.328 .... 1591 packets received, 2922 bps, 36.53%, Err 50 (9.7e-06)
1120.349 .... 1592 packets received, 2914 bps, 36.42%, Err 50 (9.7e-06)
1124.496 .... 1593 packets received, 2905 bps, 36.31%, Err 51 (9.9e-06)
1128.536 .... 1594 packets received, 2896 bps, 36.20%, Err 51 (9.9e-06)
1132.574 .... 1595 packets received, 2888 bps, 36.09%, Err 51 (9.9e-06)
1136.749 .... 1596 packets received, 2879 bps, 35.98%, Err 51 (9.8e-06)
1140.863 .... 1597 packets received, 2870 bps, 35.88%, Err 51 (9.8e-06)
1145.020 .... 1598 packets received, 2861 bps, 35.77%, Err 51 (9.8e-06)
1149.120 .... 1599 packets received, 2853 bps, 35.66%, Err 51 (9.8e-06)
1153.234 .... 1600 packets received, 2845 bps, 35.56%, Err 51 (9.8e-06)
1157.303 .... 1601 packets received, 2836 bps, 35.45%, Err 51 (9.8e-06)
1161.465 .... 1602 packets received, 2828 bps, 35.35%, Err 51 (9.8e-06)
1165.565 .... 1603 packets received, 2820 bps, 35.25%, Err 51 (9.8e-06)
1169.649 .... 1604 packets received, 2812 bps, 35.15%, Err 51 (9.8e-06)
1173.734 .... 1605 packets received, 2804 bps, 35.05%, Err 51 (9.8e-06)
1177.833 .... 1606 packets received, 2796 bps, 34.95%, Err 51 (9.8e-06)
1181.883 .... 1607 packets received, 2788 bps, 34.85%, Err 51 (9.8e-06)
1185.901 .... 1608 packets received, 2780 bps, 34.75%, Err 51 (9.8e-06)
1189.999 .... 1609 packets received, 2772 bps, 34.65%, Err 51 (9.8e-06)
1194.115 .... 1610 packets received, 2764 bps, 34.55%, Err 51 (9.8e-06)
1198.274 .... 1611 packets received, 2756 bps, 34.46%, Err 51 (9.8e-06)
1200.534 .... 1612 packets received, 2753 bps, 34.41%, Err 51 (9.8e-06)
1203.710 .... 1618 packets received, 2756 bps, 34.45%, Err 51 (9.7e-06)
1206.871 .... 1624 packets received, 2759 bps, 34.49%, Err 52 (9.9e-06)
1209.505 .... 1628 packets received, 2760 bps, 34.50%, Err 53 (1.0e-05)
1213.213 .... 1636 packets received, 2765 bps, 34.56%, Err 54 (1.0e-05)
1216.389 .... 1642 packets received, 2768 bps, 34.59%, Err 54 (1.0e-05)
1219.551 .... 1648 packets received, 2770 bps, 34.63%, Err 55 (1.0e-05)
1222.730 .... 1654 packets received, 2773 bps, 34.67%, Err 55 (1.0e-05)
1225.892 .... 1660 packets received, 2776 bps, 34.70%, Err 55 (1.0e-05)
1229.065 .... 1666 packets received, 2779 bps, 34.74%, Err 55 (1.0e-05)
1232.228 .... 1672 packets received, 2782 bps, 34.77%, Err 55 (1.0e-05)
1235.388 .... 1678 packets received, 2785 bps, 34.81%, Err 55 (1.0e-05)
1238.046 .... 1682 packets received, 2785 bps, 34.82%, Err 56 (1.0e-05)
1241.232 .... 1688 packets received, 2788 bps, 34.85%, Err 57 (1.0e-05)
1244.425 .... 1694 packets received, 2791 bps, 34.89%, Err 57 (1.0e-05)
1247.574 .... 1700 packets received, 2794 bps, 34.92%, Err 57 (1.0e-05)
1250.753 .... 1706 packets received, 2796 bps, 34.95%, Err 57 (1.0e-05)
1253.946 .... 1712 packets received, 2799 bps, 34.99%, Err 57 (1.0e-05)
1257.108 .... 1718 packets received, 2802 bps, 35.02%, Err 57 (1.0e-05)
1260.290 .... 1724 packets received, 2804 bps, 35.06%, Err 57 (1.0e-05)
1263.469 .... 1730 packets received, 2807 bps, 35.09%, Err 58 (1.0e-05)
1266.632 .... 1736 packets received, 2810 bps, 35.12%, Err 58 (1.0e-05)
1269.840 .... 1742 packets received, 2812 bps, 35.16%, Err 58 (1.0e-05)
1271.954 .... 1750 packets received, 2821 bps, 35.26%, Err 58 (1.0e-05)
1274.052 .... 1758 packets received, 2829 bps, 35.36%, Err 58 (1.0e-05)
1277.504 .... 1765 packets received, 2832 bps, 35.41%, Err 58 (9.9e-06)
1280.668 .... 1771 packets received, 2835 bps, 35.44%, Err 58 (9.9e-06)
1283.860 .... 1777 packets received, 2838 bps, 35.47%, Err 58 (9.8e-06)
1287.040 .... 1783 packets received, 2840 bps, 35.50%, Err 59 (1.0e-05)
1290.231 .... 1789 packets received, 2843 bps, 35.53%, Err 59 (9.9e-06)
1293.409 .... 1795 packets received, 2845 bps, 35.56%, Err 59 (9.9e-06)
1296.600 .... 1801 packets received, 2848 bps, 35.59%, Err 59 (9.8e-06)
1299.775 .... 1807 packets received, 2850 bps, 35.63%, Err 59 (9.8e-06)
1304.514 .... 1811 packets received, 2846 bps, 35.58%, Err 59 (9.8e-06)
1308.568 .... 1812 packets received, 2839 bps, 35.48%, Err 59 (9.8e-06)
1312.606 .... 1813 packets received, 2832 bps, 35.39%, Err 59 (9.8e-06)
1316.676 .... 1814 packets received, 2824 bps, 35.30%, Err 59 (9.8e-06)
1320.851 .... 1815 packets received, 2817 bps, 35.21%, Err 59 (9.8e-06)
1325.009 .... 1816 packets received, 2810 bps, 35.12%, Err 59 (9.8e-06)
1329.133 .... 1817 packets received, 2802 bps, 35.03%, Err 59 (9.8e-06)
1333.234 .... 1818 packets received, 2795 bps, 34.94%, Err 59 (9.7e-06)
1337.293 .... 1819 packets received, 2788 bps, 34.86%, Err 59 (9.7e-06)
1341.379 .... 1820 packets received, 2781 bps, 34.77%, Err 59 (9.7e-06)
1345.512 .... 1821 packets received, 2774 bps, 34.68%, Err 59 (9.7e-06)
1349.689 .... 1822 packets received, 2767 bps, 34.59%, Err 59 (9.7e-06)
1353.769 .... 1823 packets received, 2761 bps, 34.51%, Err 59 (9.7e-06)
1357.802 .... 1824 packets received, 2754 bps, 34.42%, Err 59 (9.7e-06)
1361.868 .... 1825 packets received, 2747 bps, 34.34%, Err 59 (9.7e-06)
1365.926 .... 1826 packets received, 2740 bps, 34.26%, Err 59 (9.7e-06)
1370.009 .... 1827 packets received, 2734 bps, 34.17%, Err 59 (9.7e-06)
1374.025 .... 1828 packets received, 2727 bps, 34.09%, Err 59 (9.7e-06)
1378.050 .... 1829 packets received, 2721 bps, 34.01%, Err 59 (9.7e-06)
1382.211 .... 1830 packets received, 2714 bps, 33.93%, Err 59 (9.7e-06)
1386.279 .... 1831 packets received, 2708 bps, 33.84%, Err 59 (9.7e-06)
1390.392 .... 1832 packets received, 2701 bps, 33.76%, Err 59 (9.7e-06)
1394.553 .... 1833 packets received, 2694 bps, 33.68%, Err 59 (9.7e-06)
1398.684 .... 1834 packets received, 2688 bps, 33.60%, Err 59 (9.7e-06)
1400.811 .... 1836 packets received, 2687 bps, 33.58%, Err 59 (9.7e-06)
1403.732 .... 1841 packets received, 2688 bps, 33.61%, Err 59 (9.6e-06)
1406.913 .... 1847 packets received, 2691 bps, 33.64%, Err 59 (9.6e-06)
1410.090 .... 1853 packets received, 2694 bps, 33.67%, Err 59 (9.5e-06)
1412.219 .... 1861 packets received, 2701 bps, 33.77%, Err 59 (9.5e-06)
1414.849 .... 1865 packets received, 2702 bps, 33.78%, Err 61 (9.8e-06)
1416.961 .... 1873 packets received, 2710 bps, 33.87%, Err 61 (9.8e-06)
1420.122 .... 1879 packets received, 2712 bps, 33.90%, Err 62 (9.9e-06)
1423.314 .... 1885 packets received, 2715 bps, 33.94%, Err 63 (1.0e-05)
1426.502 .... 1891 packets received, 2717 bps, 33.97%, Err 64 (1.0e-05)
1429.669 .... 1897 packets received, 2720 bps, 34.00%, Err 64 (1.0e-05)
1434.438 .... 1903 packets received, 2719 bps, 33.99%, Err 65 (1.0e-05)
1436.565 .... 1911 packets received, 2727 bps, 34.09%, Err 65 (1.0e-05)
1438.938 .... 1914 packets received, 2727 bps, 34.08%, Err 65 (1.0e-05)
1442.096 .... 1920 packets received, 2729 bps, 34.11%, Err 65 (1.0e-05)
1444.210 .... 1928 packets received, 2737 bps, 34.21%, Err 65 (1.0e-05)
1446.317 .... 1936 packets received, 2744 bps, 34.30%, Err 66 (1.0e-05)
1448.431 .... 1944 packets received, 2751 bps, 34.39%, Err 66 (1.0e-05)
1450.550 .... 1952 packets received, 2758 bps, 34.48%, Err 66 (1.0e-05)
1452.664 .... 1960 packets received, 2766 bps, 34.57%, Err 66 (1.0e-05)
1454.780 .... 1968 packets received, 2773 bps, 34.66%, Err 66 (1.0e-05)
1456.894 .... 1976 packets received, 2780 bps, 34.75%, Err 66 (1.0e-05)
1458.993 .... 1984 packets received, 2787 bps, 34.84%, Err 66 (1.0e-05)
1461.105 .... 1992 packets received, 2795 bps, 34.93%, Err 66 (1.0e-05)
1463.218 .... 2000 packets received, 2802 bps, 35.02%, Err 66 (1.0e-05)
1465.346 .... 2008 packets received, 2809 bps, 35.11%, Err 66 (1.0e-05)
1467.445 .... 2016 packets received, 2816 bps, 35.20%, Err 66 (9.9e-06)
1469.575 .... 2018 packets received, 2815 bps, 35.18%, Err 66 (9.9e-06)
1471.690 .... 2026 packets received, 2822 bps, 35.27%, Err 66 (9.9e-06)
1473.789 .... 2034 packets received, 2829 bps, 35.36%, Err 66 (9.9e-06)
1475.903 .... 2042 packets received, 2836 bps, 35.45%, Err 66 (9.8e-06)
1479.368 .... 2049 packets received, 2839 bps, 35.49%, Err 66 (9.8e-06)
1483.046 .... 2057 packets received, 2843 bps, 35.54%, Err 67 (9.9e-06)
1485.172 .... 2065 packets received, 2850 bps, 35.63%, Err 67 (9.9e-06)
1487.284 .... 2073 packets received, 2857 bps, 35.71%, Err 67 (9.9e-06)
1489.654 .... 2076 packets received, 2857 bps, 35.71%, Err 68 (1.0e-05)
1492.828 .... 2082 packets received, 2859 bps, 35.73%, Err 68 (9.9e-06)
1494.941 .... 2090 packets received, 2866 bps, 35.82%, Err 69 (1.0e-05)
1497.054 .... 2092 packets received, 2864 bps, 35.81%, Err 69 (1.0e-05)
1502.944 .... 2100 packets received, 2864 bps, 35.80%, Err 69 (1.0e-05)
1506.967 .... 2101 packets received, 2858 bps, 35.72%, Err 69 (1.0e-05)
1511.112 .... 2102 packets received, 2851 bps, 35.64%, Err 69 (1.0e-05)
1515.276 .... 2103 packets received, 2845 bps, 35.56%, Err 69 (1.0e-05)
1519.390 .... 2104 packets received, 2838 bps, 35.48%, Err 69 (1.0e-05)
1523.444 .... 2105 packets received, 2832 bps, 35.40%, Err 69 (1.0e-05)
1527.528 .... 2106 packets received, 2826 bps, 35.33%, Err 69 (1.0e-05)
1531.615 .... 2107 packets received, 2820 bps, 35.25%, Err 69 (1.0e-05)
1535.654 .... 2108 packets received, 2814 bps, 35.17%, Err 69 (1.0e-05)
1539.855 .... 2109 packets received, 2807 bps, 35.09%, Err 69 (1.0e-05)
1543.949 .... 2110 packets received, 2801 bps, 35.02%, Err 71 (1.0e-05)
1549.499 .... 2111 packets received, 2793 bps, 34.91%, Err 72 (1.0e-05)
1552.107 .... 2112 packets received, 2789 bps, 34.86%, Err 72 (1.0e-05)
1556.223 .... 2113 packets received, 2783 bps, 34.79%, Err 72 (1.0e-05)
1560.306 .... 2114 packets received, 2777 bps, 34.71%, Err 72 (1.0e-05)
1564.389 .... 2115 packets received, 2771 bps, 34.64%, Err 72 (1.0e-05)
1568.593 .... 2116 packets received, 2765 bps, 34.56%, Err 72 (1.0e-05)
1572.708 .... 2117 packets received, 2759 bps, 34.49%, Err 72 (1.0e-05)
1576.927 .... 2118 packets received, 2753 bps, 34.41%, Err 72 (1.0e-05)
1580.995 .... 2119 packets received, 2747 bps, 34.34%, Err 72 (1.0e-05)
1585.168 .... 2120 packets received, 2741 bps, 34.27%, Err 72 (1.0e-05)
1589.266 .... 2121 packets received, 2735 bps, 34.19%, Err 72 (1.0e-05)
1593.349 .... 2122 packets received, 2730 bps, 34.12%, Err 72 (1.0e-05)
1597.400 .... 2123 packets received, 2724 bps, 34.05%, Err 72 (1.0e-05)
1600.541 .... 2124 packets received, 2720 bps, 34.00%, Err 72 (1.0e-05)
1603.713 .... 2130 packets received, 2722 bps, 34.03%, Err 72 (1.0e-05)
1606.872 .... 2136 packets received, 2725 bps, 34.06%, Err 72 (1.0e-05)
1610.061 .... 2142 packets received, 2727 bps, 34.09%, Err 73 (1.0e-05)
1612.160 .... 2144 packets received, 2726 bps, 34.07%, Err 73 (1.0e-05)
1614.288 .... 2152 packets received, 2732 bps, 34.16%, Err 73 (1.0e-05)
1616.385 .... 2154 packets received, 2731 bps, 34.14%, Err 73 (1.0e-05)
1619.565 .... 2160 packets received, 2734 bps, 34.17%, Err 73 (1.0e-05)
1622.713 .... 2166 packets received, 2736 bps, 34.20%, Err 73 (1.0e-05)
1625.890 .... 2172 packets received, 2738 bps, 34.23%, Err 73 (1.0e-05)
1629.068 .... 2178 packets received, 2740 bps, 34.25%, Err 73 (1.0e-05)
1632.225 .... 2184 packets received, 2743 bps, 34.28%, Err 73 (1.0e-05)
1635.386 .... 2190 packets received, 2745 bps, 34.31%, Err 73 (1.0e-05)
1638.564 .... 2196 packets received, 2747 bps, 34.34%, Err 73 (1.0e-05)
1641.727 .... 2202 packets received, 2749 bps, 34.36%, Err 73 (1.0e-05)
1644.890 .... 2208 packets received, 2751 bps, 34.39%, Err 74 (1.0e-05)
1648.068 .... 2214 packets received, 2753 bps, 34.42%, Err 74 (1.0e-05)
1651.250 .... 2220 packets received, 2756 bps, 34.44%, Err 75 (1.0e-05)
1654.428 .... 2226 packets received, 2758 bps, 34.47%, Err 75 (1.0e-05)
1657.622 .... 2232 packets received, 2760 bps, 34.50%, Err 75 (1.0e-05)
1660.519 .... 2237 packets received, 2761 bps, 34.51%, Err 76 (1.0e-05)
1663.699 .... 2243 packets received, 2763 bps, 34.54%, Err 77 (1.0e-05)
1666.891 .... 2249 packets received, 2765 bps, 34.57%, Err 78 (1.0e-05)
1670.070 .... 2255 packets received, 2767 bps, 34.59%, Err 78 (1.0e-05)
1672.973 .... 2260 packets received, 2769 bps, 34.61%, Err 79 (1.0e-05)
1676.151 .... 2266 packets received, 2771 bps, 34.64%, Err 79 (1.0e-05)
1679.332 .... 2272 packets received, 2773 bps, 34.66%, Err 79 (1.0e-05)
1682.511 .... 2278 packets received, 2775 bps, 34.69%, Err 79 (1.0e-05)
1685.702 .... 2284 packets received, 2777 bps, 34.71%, Err 79 (1.0e-05)
1688.876 .... 2290 packets received, 2779 bps, 34.74%, Err 79 (1.0e-05)
1692.050 .... 2296 packets received, 2781 bps, 34.76%, Err 79 (1.0e-05)
1695.226 .... 2302 packets received, 2783 bps, 34.79%, Err 79 (1.0e-05)
1698.402 .... 2308 packets received, 2785 bps, 34.82%, Err 79 (1.0e-05)
1703.726 .... 2314 packets received, 2784 bps, 34.80%, Err 79 (1.0e-05)
1707.867 .... 2315 packets received, 2778 bps, 34.73%, Err 79 (1.0e-05)
1711.921 .... 2316 packets received, 2773 bps, 34.66%, Err 79 (1.0e-05)
1716.020 .... 2317 packets received, 2767 bps, 34.59%, Err 79 (1.0e-05)
1720.041 .... 2318 packets received, 2762 bps, 34.53%, Err 79 (1.0e-05)
1724.123 .... 2319 packets received, 2757 bps, 34.46%, Err 79 (1.0e-05)
1728.276 .... 2320 packets received, 2751 bps, 34.39%, Err 79 (1.0e-05)
1732.404 .... 2321 packets received, 2746 bps, 34.32%, Err 79 (1.0e-05)
1736.525 .... 2322 packets received, 2741 bps, 34.26%, Err 79 (1.0e-05)
1742.067 .... 2323 packets received, 2733 bps, 34.16%, Err 80 (1.0e-05)
1744.712 .... 2324 packets received, 2730 bps, 34.13%, Err 81 (1.0e-05)
1748.761 .... 2325 packets received, 2725 bps, 34.06%, Err 81 (1.0e-05)
1752.842 .... 2326 packets received, 2720 bps, 34.00%, Err 81 (1.0e-05)
1756.970 .... 2327 packets received, 2714 bps, 33.93%, Err 81 (1.0e-05)
1761.053 .... 2328 packets received, 2709 bps, 33.87%, Err 81 (1.0e-05)
1765.155 .... 2329 packets received, 2704 bps, 33.80%, Err 81 (1.0e-05)
1769.180 .... 2330 packets received, 2699 bps, 33.74%, Err 81 (1.0e-05)
1773.315 .... 2331 packets received, 2694 bps, 33.68%, Err 81 (1.0e-05)
1777.477 .... 2332 packets received, 2689 bps, 33.61%, Err 81 (1.0e-05)
1781.563 .... 2333 packets received, 2684 bps, 33.55%, Err 81 (1.0e-05)
1785.585 .... 2334 packets received, 2679 bps, 33.49%, Err 81 (1.0e-05)
1789.675 .... 2335 packets received, 2674 bps, 33.42%, Err 81 (1.0e-05)
1795.225 .... 2336 packets received, 2667 bps, 33.34%, Err 82 (1.0e-05)
1797.807 .... 2337 packets received, 2664 bps, 33.30%, Err 82 (1.0e-05)
1800.547 .... 2338 packets received, 2661 bps, 33.27%, Err 82 (1.0e-05)
1803.738 .... 2344 packets received, 2663 bps, 33.29%, Err 82 (1.0e-05)
1805.836 .... 2352 packets received, 2669 bps, 33.37%, Err 82 (1.0e-05)
1807.952 .... 2354 packets received, 2668 bps, 33.36%, Err 83 (1.0e-05)
1811.662 .... 2362 packets received, 2672 bps, 33.40%, Err 84 (1.1e-05)
1813.768 .... 2364 packets received, 2671 bps, 33.39%, Err 84 (1.1e-05)
1815.895 .... 2372 packets received, 2677 bps, 33.46%, Err 84 (1.1e-05)
1817.987 .... 2374 packets received, 2676 bps, 33.45%, Err 84 (1.0e-05)
1821.180 .... 2380 packets received, 2678 bps, 33.48%, Err 84 (1.0e-05)
1824.332 .... 2386 packets received, 2680 bps, 33.51%, Err 84 (1.0e-05)
1827.490 .... 2392 packets received, 2683 bps, 33.53%, Err 84 (1.0e-05)
1830.671 .... 2398 packets received, 2685 bps, 33.56%, Err 84 (1.0e-05)
1833.833 .... 2404 packets received, 2687 bps, 33.58%, Err 84 (1.0e-05)
1837.010 .... 2410 packets received, 2689 bps, 33.61%, Err 85 (1.0e-05)
1840.173 .... 2416 packets received, 2691 bps, 33.63%, Err 85 (1.0e-05)
1843.354 .... 2422 packets received, 2693 bps, 33.66%, Err 87 (1.1e-05)
1846.503 .... 2428 packets received, 2695 bps, 33.69%, Err 87 (1.1e-05)
1849.666 .... 2434 packets received, 2697 bps, 33.71%, Err 87 (1.1e-05)
1852.844 .... 2440 packets received, 2699 bps, 33.74%, Err 87 (1.0e-05)
1856.022 .... 2446 packets received, 2701 bps, 33.76%, Err 88 (1.1e-05)
1859.185 .... 2452 packets received, 2703 bps, 33.79%, Err 88 (1.1e-05)
1862.356 .... 2458 packets received, 2705 bps, 33.81%, Err 88 (1.1e-05)
1865.518 .... 2464 packets received, 2707 bps, 33.84%, Err 89 (1.1e-05)
1867.619 .... 2472 packets received, 2713 bps, 33.91%, Err 89 (1.1e-05)
1869.746 .... 2480 packets received, 2718 bps, 33.98%, Err 89 (1.1e-05)
1871.861 .... 2488 packets received, 2724 bps, 34.05%, Err 89 (1.1e-05)
1873.974 .... 2496 packets received, 2730 bps, 34.12%, Err 89 (1.1e-05)
1876.089 .... 2504 packets received, 2735 bps, 34.19%, Err 89 (1.1e-05)
1878.188 .... 2512 packets received, 2741 bps, 34.26%, Err 89 (1.0e-05)
1880.302 .... 2520 packets received, 2747 bps, 34.33%, Err 89 (1.0e-05)
1882.415 .... 2528 packets received, 2752 bps, 34.40%, Err 89 (1.0e-05)
1884.535 .... 2536 packets received, 2758 bps, 34.47%, Err 89 (1.0e-05)
1886.642 .... 2544 packets received, 2764 bps, 34.54%, Err 89 (1.0e-05)
1888.746 .... 2552 packets received, 2769 bps, 34.61%, Err 90 (1.0e-05)
1890.871 .... 2554 packets received, 2768 bps, 34.60%, Err 90 (1.0e-05)
1894.310 .... 2561 packets received, 2771 bps, 34.63%, Err 90 (1.0e-05)
1897.488 .... 2567 packets received, 2773 bps, 34.66%, Err 90 (1.0e-05)
1902.916 .... 2573 packets received, 2771 bps, 34.64%, Err 91 (1.0e-05)
1907.072 .... 2574 packets received, 2766 bps, 34.58%, Err 91 (1.0e-05)
1911.099 .... 2575 packets received, 2761 bps, 34.52%, Err 91 (1.0e-05)
1915.256 .... 2576 packets received, 2756 bps, 34.46%, Err 91 (1.0e-05)
1919.371 .... 2577 packets received, 2752 bps, 34.39%, Err 91 (1.0e-05)
1923.470 .... 2578 packets received, 2747 bps, 34.33%, Err 91 (1.0e-05)
1927.583 .... 2579 packets received, 2742 bps, 34.27%, Err 91 (1.0e-05)
1931.655 .... 2580 packets received, 2737 bps, 34.22%, Err 91 (1.0e-05)
1935.727 .... 2581 packets received, 2733 bps, 34.16%, Err 91 (1.0e-05)
1939.873 .... 2582 packets received, 2728 bps, 34.10%, Err 91 (1.0e-05)
1943.968 .... 2583 packets received, 2723 bps, 34.04%, Err 91 (1.0e-05)
1948.039 .... 2584 packets received, 2718 bps, 33.98%, Err 91 (1.0e-05)
1952.152 .... 2585 packets received, 2714 bps, 33.92%, Err 91 (1.0e-05)
1956.279 .... 2586 packets received, 2709 bps, 33.86%, Err 91 (1.0e-05)
1960.468 .... 2587 packets received, 2704 bps, 33.80%, Err 91 (1.0e-05)
1964.523 .... 2588 packets received, 2700 bps, 33.75%, Err 91 (1.0e-05)
1968.599 .... 2589 packets received, 2695 bps, 33.69%, Err 91 (1.0e-05)
1972.831 .... 2590 packets received, 2690 bps, 33.63%, Err 91 (1.0e-05)
1976.942 .... 2591 packets received, 2686 bps, 33.57%, Err 91 (1.0e-05)
1981.100 .... 2592 packets received, 2681 bps, 33.52%, Err 91 (1.0e-05)
1985.151 .... 2593 packets received, 2677 bps, 33.46%, Err 91 (1.0e-05)
1989.262 .... 2594 packets received, 2672 bps, 33.40%, Err 91 (1.0e-05)
1993.344 .... 2595 packets received, 2668 bps, 33.35%, Err 91 (1.0e-05)
1997.571 .... 2596 packets received, 2663 bps, 33.29%, Err 91 (1.0e-05)
2000.533 .... 2597 packets received, 2660 bps, 33.25%, Err 91 (1.0e-05)
2003.176 .... 2601 packets received, 2661 bps, 33.26%, Err 92 (1.0e-05)
2006.884 .... 2609 packets received, 2664 bps, 33.30%, Err 92 (1.0e-05)
2010.043 .... 2615 packets received, 2666 bps, 33.33%, Err 92 (1.0e-05)
2012.154 .... 2623 packets received, 2671 bps, 33.39%, Err 92 (1.0e-05)
2014.267 .... 2625 packets received, 2671 bps, 33.38%, Err 93 (1.1e-05)
2017.975 .... 2633 packets received, 2674 bps, 33.42%, Err 93 (1.0e-05)
2021.154 .... 2639 packets received, 2676 bps, 33.45%, Err 93 (1.0e-05)
2024.345 .... 2645 packets received, 2678 bps, 33.47%, Err 93 (1.0e-05)
2027.523 .... 2651 packets received, 2680 bps, 33.49%, Err 93 (1.0e-05)
2030.692 .... 2657 packets received, 2681 bps, 33.52%, Err 93 (1.0e-05)
2033.890 .... 2663 packets received, 2683 bps, 33.54%, Err 93 (1.0e-05)
2036.008 .... 2671 packets received, 2688 bps, 33.61%, Err 93 (1.0e-05)
2038.122 .... 2679 packets received, 2694 bps, 33.67%, Err 93 (1.0e-05)
2040.205 .... 2687 packets received, 2699 bps, 33.74%, Err 93 (1.0e-05)
2042.334 .... 2695 packets received, 2704 bps, 33.80%, Err 93 (1.0e-05)
2044.433 .... 2703 packets received, 2709 bps, 33.87%, Err 93 (1.0e-05)
2046.547 .... 2711 packets received, 2715 bps, 33.93%, Err 93 (1.0e-05)
2048.677 .... 2719 packets received, 2720 bps, 34.00%, Err 93 (1.0e-05)
2050.789 .... 2727 packets received, 2725 bps, 34.06%, Err 93 (1.0e-05)
2053.695 .... 2732 packets received, 2726 bps, 34.08%, Err 93 (1.0e-05)
2055.824 .... 2740 packets received, 2731 bps, 34.14%, Err 93 (1.0e-05)
2057.938 .... 2748 packets received, 2736 bps, 34.21%, Err 93 (1.0e-05)
2060.022 .... 2756 packets received, 2742 bps, 34.27%, Err 93 (1.0e-05)
2062.149 .... 2764 packets received, 2747 bps, 34.33%, Err 93 (1.0e-05)
2064.264 .... 2766 packets received, 2746 bps, 34.32%, Err 93 (1.0e-05)
2067.458 .... 2772 packets received, 2748 bps, 34.35%, Err 93 (1.0e-05)
2070.621 .... 2778 packets received, 2749 bps, 34.37%, Err 93 (1.0e-05)
2073.801 .... 2784 packets received, 2751 bps, 34.39%, Err 93 (1.0e-05)
2077.009 .... 2790 packets received, 2753 bps, 34.41%, Err 93 (9.9e-06)
2080.188 .... 2796 packets received, 2754 bps, 34.43%, Err 93 (9.9e-06)
2083.351 .... 2802 packets received, 2756 bps, 34.45%, Err 94 (1.0e-05)
2088.125 .... 2808 packets received, 2756 bps, 34.45%, Err 96 (1.0e-05)
2091.849 .... 2816 packets received, 2759 bps, 34.48%, Err 96 (1.0e-05)
2095.026 .... 2822 packets received, 2760 bps, 34.50%, Err 96 (1.0e-05)
2098.189 .... 2828 packets received, 2762 bps, 34.53%, Err 96 (1.0e-05)
2103.596 .... 2834 packets received, 2761 bps, 34.51%, Err 96 (1.0e-05)
2107.769 .... 2835 packets received, 2756 bps, 34.45%, Err 96 (1.0e-05)
2111.805 .... 2836 packets received, 2752 bps, 34.40%, Err 96 (1.0e-05)
2115.993 .... 2837 packets received, 2748 bps, 34.34%, Err 96 (1.0e-05)
2120.104 .... 2838 packets received, 2743 bps, 34.29%, Err 96 (1.0e-05)
2124.264 .... 2839 packets received, 2739 bps, 34.23%, Err 96 (1.0e-05)
2128.288 .... 2840 packets received, 2735 bps, 34.18%, Err 96 (1.0e-05)
2132.357 .... 2841 packets received, 2730 bps, 34.13%, Err 96 (1.0e-05)
2136.448 .... 2842 packets received, 2726 bps, 34.08%, Err 96 (1.0e-05)
2140.545 .... 2843 packets received, 2722 bps, 34.02%, Err 96 (1.0e-05)
2144.581 .... 2844 packets received, 2718 bps, 33.97%, Err 96 (1.0e-05)
2148.633 .... 2845 packets received, 2713 bps, 33.92%, Err 96 (1.0e-05)
2152.712 .... 2846 packets received, 2709 bps, 33.87%, Err 96 (1.0e-05)
2156.855 .... 2847 packets received, 2705 bps, 33.81%, Err 96 (1.0e-05)
2160.964 .... 2848 packets received, 2701 bps, 33.76%, Err 96 (1.0e-05)
2165.046 .... 2849 packets received, 2697 bps, 33.71%, Err 96 (1.0e-05)
2169.191 .... 2850 packets received, 2692 bps, 33.66%, Err 96 (1.0e-05)
2173.261 .... 2851 packets received, 2688 bps, 33.60%, Err 96 (1.0e-05)
2177.389 .... 2852 packets received, 2684 bps, 33.55%, Err 96 (1.0e-05)
2181.562 .... 2853 packets received, 2680 bps, 33.50%, Err 96 (1.0e-05)
2185.585 .... 2854 packets received, 2676 bps, 33.45%, Err 96 (1.0e-05)
2189.667 .... 2855 packets received, 2672 bps, 33.40%, Err 96 (1.0e-05)
2193.810 .... 2856 packets received, 2668 bps, 33.35%, Err 96 (1.0e-05)
2197.892 .... 2857 packets received, 2664 bps, 33.30%, Err 96 (1.0e-05)
2200.548 .... 2858 packets received, 2661 bps, 33.27%, Err 96 (1.0e-05)
2203.706 .... 2864 packets received, 2663 bps, 33.29%, Err 96 (1.0e-05)
2207.394 .... 2872 packets received, 2666 bps, 33.33%, Err 96 (9.9e-06)
2210.567 .... 2878 packets received, 2668 bps, 33.35%, Err 97 (1.0e-05)
2213.757 .... 2884 packets received, 2670 bps, 33.37%, Err 97 (1.0e-05)
2216.935 .... 2890 packets received, 2671 bps, 33.39%, Err 97 (1.0e-05)
2220.113 .... 2896 packets received, 2673 bps, 33.41%, Err 97 (9.9e-06)
2223.306 .... 2902 packets received, 2675 bps, 33.43%, Err 97 (9.9e-06)
2225.421 .... 2910 packets received, 2680 bps, 33.49%, Err 97 (9.9e-06)
2229.101 .... 2918 packets received, 2683 bps, 33.53%, Err 97 (9.9e-06)
2232.536 .... 2925 packets received, 2685 bps, 33.56%, Err 98 (9.9e-06)
2235.744 .... 2931 packets received, 2686 bps, 33.58%, Err 98 (9.9e-06)
2237.844 .... 2933 packets received, 2686 bps, 33.57%, Err 99 (1.0e-05)
2239.973 .... 2941 packets received, 2691 bps, 33.63%, Err 99 (1.0e-05)
2242.087 .... 2943 packets received, 2690 bps, 33.62%, Err 99 (1.0e-05)
2244.992 .... 2948 packets received, 2691 bps, 33.64%, Err 99 (9.9e-06)
2248.169 .... 2954 packets received, 2693 bps, 33.66%, Err 99 (9.9e-06)
2251.317 .... 2960 packets received, 2694 bps, 33.68%, Err 100 (1.0e-05)
2253.432 .... 2962 packets received, 2694 bps, 33.67%, Err 100 (1.0e-05)
2255.547 .... 2970 packets received, 2698 bps, 33.73%, Err 100 (9.9e-06)
2257.644 .... 2972 packets received, 2698 bps, 33.72%, Err 101 (1.0e-05)
2260.839 .... 2978 packets received, 2699 bps, 33.74%, Err 101 (1.0e-05)
2264.001 .... 2984 packets received, 2701 bps, 33.76%, Err 103 (1.0e-05)
2267.150 .... 2990 packets received, 2703 bps, 33.78%, Err 104 (1.0e-05)
2270.326 .... 2996 packets received, 2704 bps, 33.80%, Err 105 (1.0e-05)
2273.487 .... 3002 packets received, 2706 bps, 33.82%, Err 105 (1.0e-05)
2276.661 .... 3008 packets received, 2707 bps, 33.84%, Err 105 (1.0e-05)
2279.824 .... 3014 packets received, 2709 bps, 33.86%, Err 105 (1.0e-05)
2283.008 .... 3020 packets received, 2711 bps, 33.88%, Err 106 (1.0e-05)
2286.182 .... 3026 packets received, 2712 bps, 33.90%, Err 106 (1.0e-05)
2289.341 .... 3032 packets received, 2714 bps, 33.92%, Err 106 (1.0e-05)
2292.507 .... 3038 packets received, 2716 bps, 33.94%, Err 106 (1.0e-05)
2295.695 .... 3044 packets received, 2717 bps, 33.96%, Err 106 (1.0e-05)
2298.874 .... 3050 packets received, 2719 bps, 33.98%, Err 106 (1.0e-05)
2301.251 .... 3053 packets received, 2719 bps, 33.98%, Err 107 (1.0e-05)
2304.032 TCP Disconnected.
