./gobackn -afu -port 1238 -log nafu.log 
=========================================================================
                          Station A                                 
-------------------------------------------------------------------------
Protocol.lib, version 3.0, Build: Oct 19 2009 (jiangy@public3.bta.net.cn)
Channel: 8000 bps, 270 ms propagation delay, bit error rate 0
Log file "nafu.log", TCP port 1238, debug mask 0x00
Station A is waiting for station B on TCP port 1238 ... Done.
New epoch: Sun Nov 22 11:48:43 2009
=========================================================================
Designed by JackalDire
2.420 .... 8 packets received, 7703 bps, 96.29%, Err 0 (0.0e+00)
4.515 .... 16 packets received, 7761 bps, 97.02%, Err 0 (0.0e+00)
6.629 .... 24 packets received, 7758 bps, 96.97%, Err 0 (0.0e+00)
8.744 .... 32 packets received, 7755 bps, 96.94%, Err 0 (0.0e+00)
10.857 .... 40 packets received, 7755 bps, 96.93%, Err 0 (0.0e+00)
12.960 .... 48 packets received, 7761 bps, 97.01%, Err 0 (0.0e+00)
15.089 .... 56 packets received, 7751 bps, 96.89%, Err 0 (0.0e+00)
17.172 .... 64 packets received, 7765 bps, 97.07%, Err 0 (0.0e+00)
19.302 .... 72 packets received, 7757 bps, 96.96%, Err 0 (0.0e+00)
21.421 .... 80 packets received, 7755 bps, 96.93%, Err 0 (0.0e+00)
23.540 .... 88 packets received, 7753 bps, 96.91%, Err 0 (0.0e+00)
25.639 .... 96 packets received, 7757 bps, 96.96%, Err 0 (0.0e+00)
27.766 .... 104 packets received, 7753 bps, 96.91%, Err 0 (0.0e+00)
29.878 .... 112 packets received, 7753 bps, 96.91%, Err 0 (0.0e+00)
31.976 .... 120 packets received, 7757 bps, 96.96%, Err 0 (0.0e+00)
34.077 .... 128 packets received, 7759 bps, 96.99%, Err 0 (0.0e+00)
36.207 .... 136 packets received, 7755 bps, 96.94%, Err 0 (0.0e+00)
38.305 .... 144 packets received, 7758 bps, 96.98%, Err 0 (0.0e+00)
40.419 .... 152 packets received, 7758 bps, 96.97%, Err 0 (0.0e+00)
42.534 .... 160 packets received, 7757 bps, 96.97%, Err 0 (0.0e+00)
44.649 .... 168 packets received, 7757 bps, 96.96%, Err 0 (0.0e+00)
46.749 .... 176 packets received, 7759 bps, 96.99%, Err 0 (0.0e+00)
48.865 .... 184 packets received, 7758 bps, 96.98%, Err 0 (0.0e+00)
50.981 .... 192 packets received, 7758 bps, 96.97%, Err 0 (0.0e+00)
53.081 .... 200 packets received, 7759 bps, 96.99%, Err 0 (0.0e+00)
55.196 .... 208 packets received, 7759 bps, 96.99%, Err 0 (0.0e+00)
57.326 .... 216 packets received, 7756 bps, 96.95%, Err 0 (0.0e+00)
59.428 .... 224 packets received, 7758 bps, 96.97%, Err 0 (0.0e+00)
61.537 .... 232 packets received, 7758 bps, 96.98%, Err 0 (0.0e+00)
63.666 .... 240 packets received, 7756 bps, 96.95%, Err 0 (0.0e+00)
65.766 .... 248 packets received, 7757 bps, 96.97%, Err 0 (0.0e+00)
67.868 .... 256 packets received, 7759 bps, 96.98%, Err 0 (0.0e+00)
69.998 .... 264 packets received, 7757 bps, 96.96%, Err 0 (0.0e+00)
72.099 .... 272 packets received, 7758 bps, 96.97%, Err 0 (0.0e+00)
74.231 .... 280 packets received, 7756 bps, 96.95%, Err 0 (0.0e+00)
76.330 .... 288 packets received, 7757 bps, 96.96%, Err 0 (0.0e+00)
78.446 .... 296 packets received, 7757 bps, 96.96%, Err 0 (0.0e+00)
80.560 .... 304 packets received, 7757 bps, 96.96%, Err 0 (0.0e+00)
82.675 .... 312 packets received, 7756 bps, 96.95%, Err 0 (0.0e+00)
84.776 .... 320 packets received, 7757 bps, 96.97%, Err 0 (0.0e+00)
86.890 .... 328 packets received, 7757 bps, 96.96%, Err 0 (0.0e+00)
89.003 .... 336 packets received, 7757 bps, 96.96%, Err 0 (0.0e+00)
91.101 .... 344 packets received, 7758 bps, 96.98%, Err 0 (0.0e+00)
93.215 .... 352 packets received, 7758 bps, 96.98%, Err 0 (0.0e+00)
95.343 .... 360 packets received, 7757 bps, 96.96%, Err 0 (0.0e+00)
97.442 .... 368 packets received, 7758 bps, 96.97%, Err 0 (0.0e+00)
99.555 .... 376 packets received, 7758 bps, 96.97%, Err 0 (0.0e+00)
101.681 .... 384 packets received, 7757 bps, 96.96%, Err 0 (0.0e+00)
103.771 .... 392 packets received, 7758 bps, 96.98%, Err 0 (0.0e+00)
105.901 .... 400 packets received, 7757 bps, 96.96%, Err 0 (0.0e+00)
107.999 .... 408 packets received, 7758 bps, 96.98%, Err 0 (0.0e+00)
110.126 .... 416 packets received, 7757 bps, 96.96%, Err 0 (0.0e+00)
112.242 .... 424 packets received, 7757 bps, 96.96%, Err 0 (0.0e+00)
114.355 .... 432 packets received, 7757 bps, 96.96%, Err 0 (0.0e+00)
116.467 .... 440 packets received, 7757 bps, 96.96%, Err 0 (0.0e+00)
118.553 .... 448 packets received, 7758 bps, 96.98%, Err 0 (0.0e+00)
120.677 .... 456 packets received, 7758 bps, 96.97%, Err 0 (0.0e+00)
122.790 .... 464 packets received, 7758 bps, 96.97%, Err 0 (0.0e+00)
124.902 .... 472 packets received, 7758 bps, 96.97%, Err 0 (0.0e+00)
127.014 .... 480 packets received, 7758 bps, 96.97%, Err 0 (0.0e+00)
129.126 .... 488 packets received, 7758 bps, 96.97%, Err 0 (0.0e+00)
131.238 .... 496 packets received, 7758 bps, 96.97%, Err 0 (0.0e+00)
133.350 .... 504 packets received, 7758 bps, 96.97%, Err 0 (0.0e+00)
135.462 .... 512 packets received, 7758 bps, 96.97%, Err 0 (0.0e+00)
137.558 .... 520 packets received, 7758 bps, 96.98%, Err 0 (0.0e+00)
139.688 .... 528 packets received, 7757 bps, 96.97%, Err 0 (0.0e+00)
141.812 .... 536 packets received, 7757 bps, 96.96%, Err 0 (0.0e+00)
143.922 .... 544 packets received, 7757 bps, 96.96%, Err 0 (0.0e+00)
146.019 .... 552 packets received, 7758 bps, 96.97%, Err 0 (0.0e+00)
148.143 .... 560 packets received, 7757 bps, 96.96%, Err 0 (0.0e+00)
150.251 .... 568 packets received, 7757 bps, 96.97%, Err 0 (0.0e+00)
152.365 .... 576 packets received, 7757 bps, 96.96%, Err 0 (0.0e+00)
154.473 .... 584 packets received, 7757 bps, 96.97%, Err 0 (0.0e+00)
156.588 .... 592 packets received, 7757 bps, 96.97%, Err 0 (0.0e+00)
158.699 .... 600 packets received, 7757 bps, 96.97%, Err 0 (0.0e+00)
160.810 .... 608 packets received, 7757 bps, 96.97%, Err 0 (0.0e+00)
162.913 .... 616 packets received, 7758 bps, 96.97%, Err 0 (0.0e+00)
165.024 .... 624 packets received, 7758 bps, 96.97%, Err 0 (0.0e+00)
167.134 .... 632 packets received, 7758 bps, 96.97%, Err 0 (0.0e+00)
169.244 .... 640 packets received, 7758 bps, 96.97%, Err 0 (0.0e+00)
171.371 .... 648 packets received, 7757 bps, 96.97%, Err 0 (0.0e+00)
173.484 .... 656 packets received, 7757 bps, 96.97%, Err 0 (0.0e+00)
175.596 .... 664 packets received, 7757 bps, 96.97%, Err 0 (0.0e+00)
177.708 .... 672 packets received, 7757 bps, 96.97%, Err 0 (0.0e+00)
179.817 .... 680 packets received, 7757 bps, 96.97%, Err 0 (0.0e+00)
181.928 .... 688 packets received, 7757 bps, 96.97%, Err 0 (0.0e+00)
184.039 .... 696 packets received, 7757 bps, 96.97%, Err 0 (0.0e+00)
186.151 .... 704 packets received, 7757 bps, 96.97%, Err 0 (0.0e+00)
188.261 .... 712 packets received, 7758 bps, 96.97%, Err 0 (0.0e+00)
190.372 .... 720 packets received, 7758 bps, 96.97%, Err 0 (0.0e+00)
192.500 .... 728 packets received, 7757 bps, 96.96%, Err 0 (0.0e+00)
194.614 .... 736 packets received, 7757 bps, 96.96%, Err 0 (0.0e+00)
196.712 .... 744 packets received, 7757 bps, 96.97%, Err 0 (0.0e+00)
198.822 .... 752 packets received, 7758 bps, 96.97%, Err 0 (0.0e+00)
200.933 .... 760 packets received, 7758 bps, 96.97%, Err 0 (0.0e+00)
203.043 .... 768 packets received, 7758 bps, 96.97%, Err 0 (0.0e+00)
205.153 .... 776 packets received, 7758 bps, 96.97%, Err 0 (0.0e+00)
207.264 .... 784 packets received, 7758 bps, 96.97%, Err 0 (0.0e+00)
209.393 .... 792 packets received, 7757 bps, 96.96%, Err 0 (0.0e+00)
211.506 .... 800 packets received, 7757 bps, 96.96%, Err 0 (0.0e+00)
213.593 .... 808 packets received, 7758 bps, 96.98%, Err 0 (0.0e+00)
215.721 .... 816 packets received, 7757 bps, 96.97%, Err 0 (0.0e+00)
217.818 .... 824 packets received, 7758 bps, 96.97%, Err 0 (0.0e+00)
219.931 .... 832 packets received, 7758 bps, 96.97%, Err 0 (0.0e+00)
222.042 .... 840 packets received, 7758 bps, 96.97%, Err 0 (0.0e+00)
224.155 .... 848 packets received, 7758 bps, 96.97%, Err 0 (0.0e+00)
226.268 .... 856 packets received, 7758 bps, 96.97%, Err 0 (0.0e+00)
228.381 .... 864 packets received, 7758 bps, 96.97%, Err 0 (0.0e+00)
230.496 .... 872 packets received, 7758 bps, 96.97%, Err 0 (0.0e+00)
232.611 .... 880 packets received, 7758 bps, 96.97%, Err 0 (0.0e+00)
234.722 .... 888 packets received, 7758 bps, 96.97%, Err 0 (0.0e+00)
236.851 .... 896 packets received, 7757 bps, 96.96%, Err 0 (0.0e+00)
238.966 .... 904 packets received, 7757 bps, 96.96%, Err 0 (0.0e+00)
241.066 .... 912 packets received, 7757 bps, 96.97%, Err 0 (0.0e+00)
243.167 .... 920 packets received, 7758 bps, 96.97%, Err 0 (0.0e+00)
245.283 .... 928 packets received, 7758 bps, 96.97%, Err 0 (0.0e+00)
247.414 .... 936 packets received, 7757 bps, 96.96%, Err 0 (0.0e+00)
249.502 .... 944 packets received, 7758 bps, 96.97%, Err 0 (0.0e+00)
251.634 .... 952 packets received, 7757 bps, 96.96%, Err 0 (0.0e+00)
253.749 .... 960 packets received, 7757 bps, 96.96%, Err 0 (0.0e+00)
255.848 .... 968 packets received, 7757 bps, 96.97%, Err 0 (0.0e+00)
257.949 .... 976 packets received, 7758 bps, 96.97%, Err 0 (0.0e+00)
260.078 .... 984 packets received, 7757 bps, 96.97%, Err 0 (0.0e+00)
262.195 .... 992 packets received, 7757 bps, 96.96%, Err 0 (0.0e+00)
264.309 .... 1000 packets received, 7757 bps, 96.96%, Err 0 (0.0e+00)
266.408 .... 1008 packets received, 7757 bps, 96.97%, Err 0 (0.0e+00)
268.507 .... 1016 packets received, 7758 bps, 96.97%, Err 0 (0.0e+00)
270.637 .... 1024 packets received, 7757 bps, 96.97%, Err 0 (0.0e+00)
272.751 .... 1032 packets received, 7757 bps, 96.97%, Err 0 (0.0e+00)
274.851 .... 1040 packets received, 7758 bps, 96.97%, Err 0 (0.0e+00)
276.982 .... 1048 packets received, 7757 bps, 96.96%, Err 0 (0.0e+00)
279.082 .... 1056 packets received, 7757 bps, 96.97%, Err 0 (0.0e+00)
281.180 .... 1064 packets received, 7758 bps, 96.97%, Err 0 (0.0e+00)
283.313 .... 1072 packets received, 7757 bps, 96.97%, Err 0 (0.0e+00)
285.428 .... 1080 packets received, 7757 bps, 96.96%, Err 0 (0.0e+00)
287.516 .... 1088 packets received, 7758 bps, 96.97%, Err 0 (0.0e+00)
289.636 .... 1096 packets received, 7758 bps, 96.97%, Err 0 (0.0e+00)
291.752 .... 1104 packets received, 7757 bps, 96.97%, Err 0 (0.0e+00)
293.866 .... 1112 packets received, 7757 bps, 96.97%, Err 0 (0.0e+00)
295.978 .... 1120 packets received, 7757 bps, 96.97%, Err 0 (0.0e+00)
298.095 .... 1128 packets received, 7757 bps, 96.97%, Err 0 (0.0e+00)
300.197 .... 1136 packets received, 7758 bps, 96.97%, Err 0 (0.0e+00)
302.296 .... 1144 packets received, 7758 bps, 96.97%, Err 0 (0.0e+00)
304.422 .... 1152 packets received, 7758 bps, 96.97%, Err 0 (0.0e+00)
306.534 .... 1160 packets received, 7758 bps, 96.97%, Err 0 (0.0e+00)
308.662 .... 1168 packets received, 7757 bps, 96.96%, Err 0 (0.0e+00)
310.747 .... 1176 packets received, 7758 bps, 96.97%, Err 0 (0.0e+00)
312.876 .... 1184 packets received, 7757 bps, 96.97%, Err 0 (0.0e+00)
314.977 .... 1192 packets received, 7758 bps, 96.97%, Err 0 (0.0e+00)
317.093 .... 1200 packets received, 7758 bps, 96.97%, Err 0 (0.0e+00)
319.211 .... 1208 packets received, 7757 bps, 96.97%, Err 0 (0.0e+00)
321.316 .... 1216 packets received, 7758 bps, 96.97%, Err 0 (0.0e+00)
323.427 .... 1224 packets received, 7758 bps, 96.97%, Err 0 (0.0e+00)
325.543 .... 1232 packets received, 7758 bps, 96.97%, Err 0 (0.0e+00)
327.666 .... 1240 packets received, 7757 bps, 96.97%, Err 0 (0.0e+00)
329.762 .... 1248 packets received, 7758 bps, 96.97%, Err 0 (0.0e+00)
331.884 .... 1256 packets received, 7757 bps, 96.97%, Err 0 (0.0e+00)
333.982 .... 1264 packets received, 7758 bps, 96.97%, Err 0 (0.0e+00)
336.108 .... 1272 packets received, 7757 bps, 96.97%, Err 0 (0.0e+00)
338.221 .... 1280 packets received, 7757 bps, 96.97%, Err 0 (0.0e+00)
340.318 .... 1288 packets received, 7758 bps, 96.97%, Err 0 (0.0e+00)
342.446 .... 1296 packets received, 7757 bps, 96.97%, Err 0 (0.0e+00)
344.560 .... 1304 packets received, 7757 bps, 96.97%, Err 0 (0.0e+00)
346.657 .... 1312 packets received, 7758 bps, 96.97%, Err 0 (0.0e+00)
348.785 .... 1320 packets received, 7757 bps, 96.97%, Err 0 (0.0e+00)
350.895 .... 1328 packets received, 7757 bps, 96.97%, Err 0 (0.0e+00)
353.006 .... 1336 packets received, 7757 bps, 96.97%, Err 0 (0.0e+00)
355.103 .... 1344 packets received, 7758 bps, 96.97%, Err 0 (0.0e+00)
357.231 .... 1352 packets received, 7757 bps, 96.97%, Err 0 (0.0e+00)
359.343 .... 1360 packets received, 7757 bps, 96.97%, Err 0 (0.0e+00)
361.445 .... 1368 packets received, 7758 bps, 96.97%, Err 0 (0.0e+00)
363.555 .... 1376 packets received, 7758 bps, 96.97%, Err 0 (0.0e+00)
365.683 .... 1384 packets received, 7757 bps, 96.97%, Err 0 (0.0e+00)
367.781 .... 1392 packets received, 7758 bps, 96.97%, Err 0 (0.0e+00)
369.897 .... 1400 packets received, 7757 bps, 96.97%, Err 0 (0.0e+00)
371.996 .... 1408 packets received, 7758 bps, 96.97%, Err 0 (0.0e+00)
374.109 .... 1416 packets received, 7758 bps, 96.97%, Err 0 (0.0e+00)
376.221 .... 1424 packets received, 7758 bps, 96.97%, Err 0 (0.0e+00)
378.332 .... 1432 packets received, 7758 bps, 96.97%, Err 0 (0.0e+00)
380.445 .... 1440 packets received, 7758 bps, 96.97%, Err 0 (0.0e+00)
382.575 .... 1448 packets received, 7757 bps, 96.97%, Err 0 (0.0e+00)
384.696 .... 1456 packets received, 7757 bps, 96.96%, Err 0 (0.0e+00)
386.790 .... 1464 packets received, 7758 bps, 96.97%, Err 0 (0.0e+00)
388.899 .... 1472 packets received, 7758 bps, 96.97%, Err 0 (0.0e+00)
391.009 .... 1480 packets received, 7758 bps, 96.97%, Err 0 (0.0e+00)
393.120 .... 1488 packets received, 7758 bps, 96.97%, Err 0 (0.0e+00)
395.231 .... 1496 packets received, 7758 bps, 96.97%, Err 0 (0.0e+00)
397.357 .... 1504 packets received, 7757 bps, 96.97%, Err 0 (0.0e+00)
399.470 .... 1512 packets received, 7757 bps, 96.97%, Err 0 (0.0e+00)
401.581 .... 1520 packets received, 7757 bps, 96.97%, Err 0 (0.0e+00)
403.692 .... 1528 packets received, 7757 bps, 96.97%, Err 0 (0.0e+00)
405.804 .... 1536 packets received, 7757 bps, 96.97%, Err 0 (0.0e+00)
407.918 .... 1544 packets received, 7757 bps, 96.97%, Err 0 (0.0e+00)
410.031 .... 1552 packets received, 7757 bps, 96.97%, Err 0 (0.0e+00)
412.144 .... 1560 packets received, 7757 bps, 96.97%, Err 0 (0.0e+00)
414.255 .... 1568 packets received, 7757 bps, 96.97%, Err 0 (0.0e+00)
416.366 .... 1576 packets received, 7757 bps, 96.97%, Err 0 (0.0e+00)
418.466 .... 1584 packets received, 7758 bps, 96.97%, Err 0 (0.0e+00)
420.575 .... 1592 packets received, 7758 bps, 96.97%, Err 0 (0.0e+00)
422.686 .... 1600 packets received, 7758 bps, 96.97%, Err 0 (0.0e+00)
424.801 .... 1608 packets received, 7758 bps, 96.97%, Err 0 (0.0e+00)
426.912 .... 1616 packets received, 7758 bps, 96.97%, Err 0 (0.0e+00)
429.030 .... 1624 packets received, 7758 bps, 96.97%, Err 0 (0.0e+00)
431.144 .... 1632 packets received, 7758 bps, 96.97%, Err 0 (0.0e+00)
433.258 .... 1640 packets received, 7757 bps, 96.97%, Err 0 (0.0e+00)
435.373 .... 1648 packets received, 7757 bps, 96.97%, Err 0 (0.0e+00)
437.488 .... 1656 packets received, 7757 bps, 96.97%, Err 0 (0.0e+00)
439.586 .... 1664 packets received, 7758 bps, 96.97%, Err 0 (0.0e+00)
441.715 .... 1672 packets received, 7757 bps, 96.97%, Err 0 (0.0e+00)
443.827 .... 1680 packets received, 7757 bps, 96.97%, Err 0 (0.0e+00)
445.942 .... 1688 packets received, 7757 bps, 96.97%, Err 0 (0.0e+00)
448.012 .... 1696 packets received, 7758 bps, 96.98%, Err 0 (0.0e+00)
450.151 .... 1704 packets received, 7758 bps, 96.97%, Err 0 (0.0e+00)
452.269 .... 1712 packets received, 7757 bps, 96.97%, Err 0 (0.0e+00)
454.368 .... 1720 packets received, 7758 bps, 96.97%, Err 0 (0.0e+00)
456.498 .... 1728 packets received, 7757 bps, 96.97%, Err 0 (0.0e+00)
458.612 .... 1736 packets received, 7757 bps, 96.97%, Err 0 (0.0e+00)
460.710 .... 1744 packets received, 7758 bps, 96.97%, Err 0 (0.0e+00)
462.824 .... 1752 packets received, 7758 bps, 96.97%, Err 0 (0.0e+00)
464.922 .... 1760 packets received, 7758 bps, 96.97%, Err 0 (0.0e+00)
467.052 .... 1768 packets received, 7757 bps, 96.97%, Err 0 (0.0e+00)
469.168 .... 1776 packets received, 7757 bps, 96.97%, Err 0 (0.0e+00)
471.267 .... 1784 packets received, 7758 bps, 96.97%, Err 0 (0.0e+00)
473.396 .... 1792 packets received, 7757 bps, 96.97%, Err 0 (0.0e+00)
475.510 .... 1800 packets received, 7757 bps, 96.97%, Err 0 (0.0e+00)
477.593 .... 1808 packets received, 7758 bps, 96.97%, Err 0 (0.0e+00)
479.706 .... 1816 packets received, 7758 bps, 96.97%, Err 0 (0.0e+00)
481.835 .... 1824 packets received, 7757 bps, 96.97%, Err 0 (0.0e+00)
483.935 .... 1832 packets received, 7758 bps, 96.97%, Err 0 (0.0e+00)
486.063 .... 1840 packets received, 7757 bps, 96.97%, Err 0 (0.0e+00)
488.178 .... 1848 packets received, 7757 bps, 96.97%, Err 0 (0.0e+00)
490.291 .... 1856 packets received, 7757 bps, 96.97%, Err 0 (0.0e+00)
492.389 .... 1864 packets received, 7758 bps, 96.97%, Err 0 (0.0e+00)
494.503 .... 1872 packets received, 7758 bps, 96.97%, Err 0 (0.0e+00)
496.618 .... 1880 packets received, 7757 bps, 96.97%, Err 0 (0.0e+00)
498.728 .... 1888 packets received, 7758 bps, 96.97%, Err 0 (0.0e+00)
500.839 .... 1896 packets received, 7758 bps, 96.97%, Err 0 (0.0e+00)
502.952 .... 1904 packets received, 7758 bps, 96.97%, Err 0 (0.0e+00)
505.066 .... 1912 packets received, 7757 bps, 96.97%, Err 0 (0.0e+00)
507.179 .... 1920 packets received, 7757 bps, 96.97%, Err 0 (0.0e+00)
509.276 .... 1928 packets received, 7758 bps, 96.97%, Err 0 (0.0e+00)
511.404 .... 1936 packets received, 7757 bps, 96.97%, Err 0 (0.0e+00)
513.500 .... 1944 packets received, 7758 bps, 96.97%, Err 0 (0.0e+00)
515.628 .... 1952 packets received, 7757 bps, 96.97%, Err 0 (0.0e+00)
517.742 .... 1960 packets received, 7757 bps, 96.97%, Err 0 (0.0e+00)
519.858 .... 1968 packets received, 7757 bps, 96.97%, Err 0 (0.0e+00)
521.971 .... 1976 packets received, 7757 bps, 96.97%, Err 0 (0.0e+00)
524.067 .... 1984 packets received, 7758 bps, 96.97%, Err 0 (0.0e+00)
526.168 .... 1992 packets received, 7758 bps, 96.97%, Err 0 (0.0e+00)
528.294 .... 2000 packets received, 7758 bps, 96.97%, Err 0 (0.0e+00)
530.405 .... 2008 packets received, 7758 bps, 96.97%, Err 0 (0.0e+00)
532.532 .... 2016 packets received, 7757 bps, 96.97%, Err 0 (0.0e+00)
534.629 .... 2024 packets received, 7758 bps, 96.97%, Err 0 (0.0e+00)
536.744 .... 2032 packets received, 7758 bps, 96.97%, Err 0 (0.0e+00)
538.859 .... 2040 packets received, 7757 bps, 96.97%, Err 0 (0.0e+00)
540.955 .... 2048 packets received, 7758 bps, 96.97%, Err 0 (0.0e+00)
543.090 .... 2056 packets received, 7757 bps, 96.97%, Err 0 (0.0e+00)
545.198 .... 2064 packets received, 7757 bps, 96.97%, Err 0 (0.0e+00)
547.306 .... 2072 packets received, 7758 bps, 96.97%, Err 0 (0.0e+00)
549.406 .... 2080 packets received, 7758 bps, 96.97%, Err 0 (0.0e+00)
551.527 .... 2088 packets received, 7758 bps, 96.97%, Err 0 (0.0e+00)
553.633 .... 2096 packets received, 7758 bps, 96.97%, Err 0 (0.0e+00)
555.741 .... 2104 packets received, 7758 bps, 96.97%, Err 0 (0.0e+00)
557.869 .... 2112 packets received, 7757 bps, 96.97%, Err 0 (0.0e+00)
559.970 .... 2120 packets received, 7758 bps, 96.97%, Err 0 (0.0e+00)
562.097 .... 2128 packets received, 7757 bps, 96.97%, Err 0 (0.0e+00)
564.186 .... 2136 packets received, 7758 bps, 96.97%, Err 0 (0.0e+00)
566.318 .... 2144 packets received, 7757 bps, 96.97%, Err 0 (0.0e+00)
568.415 .... 2152 packets received, 7758 bps, 96.97%, Err 0 (0.0e+00)
570.541 .... 2160 packets received, 7757 bps, 96.97%, Err 0 (0.0e+00)
572.653 .... 2168 packets received, 7757 bps, 96.97%, Err 0 (0.0e+00)
574.751 .... 2176 packets received, 7758 bps, 96.97%, Err 0 (0.0e+00)
576.870 .... 2184 packets received, 7758 bps, 96.97%, Err 0 (0.0e+00)
578.979 .... 2192 packets received, 7758 bps, 96.97%, Err 0 (0.0e+00)
581.108 .... 2200 packets received, 7757 bps, 96.97%, Err 0 (0.0e+00)
583.201 .... 2208 packets received, 7758 bps, 96.97%, Err 0 (0.0e+00)
585.312 .... 2216 packets received, 7758 bps, 96.97%, Err 0 (0.0e+00)
587.431 .... 2224 packets received, 7758 bps, 96.97%, Err 0 (0.0e+00)
589.541 .... 2232 packets received, 7758 bps, 96.97%, Err 0 (0.0e+00)
591.648 .... 2240 packets received, 7758 bps, 96.97%, Err 0 (0.0e+00)
593.761 .... 2248 packets received, 7758 bps, 96.97%, Err 0 (0.0e+00)
595.877 .... 2256 packets received, 7758 bps, 96.97%, Err 0 (0.0e+00)
597.987 .... 2264 packets received, 7758 bps, 96.97%, Err 0 (0.0e+00)
600.112 .... 2272 packets received, 7757 bps, 96.97%, Err 0 (0.0e+00)
602.210 .... 2280 packets received, 7758 bps, 96.97%, Err 0 (0.0e+00)
604.313 .... 2288 packets received, 7758 bps, 96.97%, Err 0 (0.0e+00)
606.426 .... 2296 packets received, 7758 bps, 96.97%, Err 0 (0.0e+00)
608.561 .... 2304 packets received, 7757 bps, 96.97%, Err 0 (0.0e+00)
610.675 .... 2312 packets received, 7757 bps, 96.97%, Err 0 (0.0e+00)
612.777 .... 2320 packets received, 7758 bps, 96.97%, Err 0 (0.0e+00)
614.894 .... 2328 packets received, 7757 bps, 96.97%, Err 0 (0.0e+00)
616.992 .... 2336 packets received, 7758 bps, 96.97%, Err 0 (0.0e+00)
619.105 .... 2344 packets received, 7758 bps, 96.97%, Err 0 (0.0e+00)
621.219 .... 2352 packets received, 7758 bps, 96.97%, Err 0 (0.0e+00)
623.332 .... 2360 packets received, 7758 bps, 96.97%, Err 0 (0.0e+00)
625.443 .... 2368 packets received, 7758 bps, 96.97%, Err 0 (0.0e+00)
627.558 .... 2376 packets received, 7758 bps, 96.97%, Err 0 (0.0e+00)
629.670 .... 2384 packets received, 7758 bps, 96.97%, Err 0 (0.0e+00)
631.797 .... 2392 packets received, 7757 bps, 96.97%, Err 0 (0.0e+00)
633.894 .... 2400 packets received, 7758 bps, 96.97%, Err 0 (0.0e+00)
636.019 .... 2408 packets received, 7757 bps, 96.97%, Err 0 (0.0e+00)
638.108 .... 2416 packets received, 7758 bps, 96.97%, Err 0 (0.0e+00)
640.214 .... 2424 packets received, 7758 bps, 96.97%, Err 0 (0.0e+00)
642.344 .... 2432 packets received, 7758 bps, 96.97%, Err 0 (0.0e+00)
644.456 .... 2440 packets received, 7758 bps, 96.97%, Err 0 (0.0e+00)
646.554 .... 2448 packets received, 7758 bps, 96.97%, Err 0 (0.0e+00)
648.667 .... 2456 packets received, 7758 bps, 96.97%, Err 0 (0.0e+00)
650.792 .... 2464 packets received, 7758 bps, 96.97%, Err 0 (0.0e+00)
652.906 .... 2472 packets received, 7758 bps, 96.97%, Err 0 (0.0e+00)
655.010 .... 2480 packets received, 7758 bps, 96.97%, Err 0 (0.0e+00)
657.126 .... 2488 packets received, 7758 bps, 96.97%, Err 0 (0.0e+00)
659.230 .... 2496 packets received, 7758 bps, 96.97%, Err 0 (0.0e+00)
661.346 .... 2504 packets received, 7758 bps, 96.97%, Err 0 (0.0e+00)
663.461 .... 2512 packets received, 7758 bps, 96.97%, Err 0 (0.0e+00)
665.590 .... 2520 packets received, 7757 bps, 96.97%, Err 0 (0.0e+00)
667.674 .... 2528 packets received, 7758 bps, 96.97%, Err 0 (0.0e+00)
669.786 .... 2536 packets received, 7758 bps, 96.97%, Err 0 (0.0e+00)
671.912 .... 2544 packets received, 7758 bps, 96.97%, Err 0 (0.0e+00)
674.024 .... 2552 packets received, 7758 bps, 96.97%, Err 0 (0.0e+00)
676.134 .... 2560 packets received, 7758 bps, 96.97%, Err 0 (0.0e+00)
678.245 .... 2568 packets received, 7758 bps, 96.97%, Err 0 (0.0e+00)
680.355 .... 2576 packets received, 7758 bps, 96.97%, Err 0 (0.0e+00)
682.470 .... 2584 packets received, 7758 bps, 96.97%, Err 0 (0.0e+00)
684.584 .... 2592 packets received, 7758 bps, 96.97%, Err 0 (0.0e+00)
686.696 .... 2600 packets received, 7758 bps, 96.97%, Err 0 (0.0e+00)
688.794 .... 2608 packets received, 7758 bps, 96.97%, Err 0 (0.0e+00)
690.905 .... 2616 packets received, 7758 bps, 96.97%, Err 0 (0.0e+00)
693.033 .... 2624 packets received, 7758 bps, 96.97%, Err 0 (0.0e+00)
695.145 .... 2632 packets received, 7758 bps, 96.97%, Err 0 (0.0e+00)
697.241 .... 2640 packets received, 7758 bps, 96.97%, Err 0 (0.0e+00)
699.353 .... 2648 packets received, 7758 bps, 96.97%, Err 0 (0.0e+00)
701.464 .... 2656 packets received, 7758 bps, 96.97%, Err 0 (0.0e+00)
703.580 .... 2664 packets received, 7758 bps, 96.97%, Err 0 (0.0e+00)
705.707 .... 2672 packets received, 7758 bps, 96.97%, Err 0 (0.0e+00)
707.821 .... 2680 packets received, 7757 bps, 96.97%, Err 0 (0.0e+00)
709.919 .... 2688 packets received, 7758 bps, 96.97%, Err 0 (0.0e+00)
712.048 .... 2696 packets received, 7757 bps, 96.97%, Err 0 (0.0e+00)
714.160 .... 2704 packets received, 7757 bps, 96.97%, Err 0 (0.0e+00)
716.271 .... 2712 packets received, 7757 bps, 96.97%, Err 0 (0.0e+00)
718.382 .... 2720 packets received, 7757 bps, 96.97%, Err 0 (0.0e+00)
720.478 .... 2728 packets received, 7758 bps, 96.97%, Err 0 (0.0e+00)
722.590 .... 2736 packets received, 7758 bps, 96.97%, Err 0 (0.0e+00)
724.703 .... 2744 packets received, 7758 bps, 96.97%, Err 0 (0.0e+00)
726.813 .... 2752 packets received, 7758 bps, 96.97%, Err 0 (0.0e+00)
728.926 .... 2760 packets received, 7758 bps, 96.97%, Err 0 (0.0e+00)
731.039 .... 2768 packets received, 7758 bps, 96.97%, Err 0 (0.0e+00)
733.152 .... 2776 packets received, 7758 bps, 96.97%, Err 0 (0.0e+00)
735.267 .... 2784 packets received, 7758 bps, 96.97%, Err 0 (0.0e+00)
737.382 .... 2792 packets received, 7758 bps, 96.97%, Err 0 (0.0e+00)
739.510 .... 2800 packets received, 7757 bps, 96.97%, Err 0 (0.0e+00)
741.612 .... 2808 packets received, 7758 bps, 96.97%, Err 0 (0.0e+00)
743.709 .... 2816 packets received, 7758 bps, 96.97%, Err 0 (0.0e+00)
745.821 .... 2824 packets received, 7758 bps, 96.97%, Err 0 (0.0e+00)
747.934 .... 2832 packets received, 7758 bps, 96.97%, Err 0 (0.0e+00)
750.051 .... 2840 packets received, 7758 bps, 96.97%, Err 0 (0.0e+00)
752.158 .... 2848 packets received, 7758 bps, 96.97%, Err 0 (0.0e+00)
754.273 .... 2856 packets received, 7758 bps, 96.97%, Err 0 (0.0e+00)
756.385 .... 2864 packets received, 7758 bps, 96.97%, Err 0 (0.0e+00)
758.513 .... 2872 packets received, 7757 bps, 96.97%, Err 0 (0.0e+00)
760.623 .... 2880 packets received, 7757 bps, 96.97%, Err 0 (0.0e+00)
762.733 .... 2888 packets received, 7757 bps, 96.97%, Err 0 (0.0e+00)
764.831 .... 2896 packets received, 7758 bps, 96.97%, Err 0 (0.0e+00)
766.941 .... 2904 packets received, 7758 bps, 96.97%, Err 0 (0.0e+00)
769.064 .... 2912 packets received, 7758 bps, 96.97%, Err 0 (0.0e+00)
771.177 .... 2920 packets received, 7758 bps, 96.97%, Err 0 (0.0e+00)
773.293 .... 2928 packets received, 7757 bps, 96.97%, Err 0 (0.0e+00)
775.406 .... 2936 packets received, 7757 bps, 96.97%, Err 0 (0.0e+00)
777.517 .... 2944 packets received, 7757 bps, 96.97%, Err 0 (0.0e+00)
779.628 .... 2952 packets received, 7758 bps, 96.97%, Err 0 (0.0e+00)
781.740 .... 2960 packets received, 7758 bps, 96.97%, Err 0 (0.0e+00)
783.851 .... 2968 packets received, 7758 bps, 96.97%, Err 0 (0.0e+00)
785.962 .... 2976 packets received, 7758 bps, 96.97%, Err 0 (0.0e+00)
788.075 .... 2984 packets received, 7758 bps, 96.97%, Err 0 (0.0e+00)
790.187 .... 2992 packets received, 7758 bps, 96.97%, Err 0 (0.0e+00)
792.300 .... 3000 packets received, 7758 bps, 96.97%, Err 0 (0.0e+00)
794.411 .... 3008 packets received, 7758 bps, 96.97%, Err 0 (0.0e+00)
796.509 .... 3016 packets received, 7758 bps, 96.97%, Err 0 (0.0e+00)
798.638 .... 3024 packets received, 7757 bps, 96.97%, Err 0 (0.0e+00)
800.738 .... 3032 packets received, 7758 bps, 96.97%, Err 0 (0.0e+00)
802.850 .... 3040 packets received, 7758 bps, 96.97%, Err 0 (0.0e+00)
804.976 .... 3048 packets received, 7757 bps, 96.97%, Err 0 (0.0e+00)
807.088 .... 3056 packets received, 7757 bps, 96.97%, Err 0 (0.0e+00)
809.185 .... 3064 packets received, 7758 bps, 96.97%, Err 0 (0.0e+00)
811.295 .... 3072 packets received, 7758 bps, 96.97%, Err 0 (0.0e+00)
813.420 .... 3080 packets received, 7758 bps, 96.97%, Err 0 (0.0e+00)
815.518 .... 3088 packets received, 7758 bps, 96.97%, Err 0 (0.0e+00)
817.647 .... 3096 packets received, 7757 bps, 96.97%, Err 0 (0.0e+00)
819.745 .... 3104 packets received, 7758 bps, 96.97%, Err 0 (0.0e+00)
821.875 .... 3112 packets received, 7757 bps, 96.97%, Err 0 (0.0e+00)
823.988 .... 3120 packets received, 7757 bps, 96.97%, Err 0 (0.0e+00)
826.086 .... 3128 packets received, 7758 bps, 96.97%, Err 0 (0.0e+00)
828.198 .... 3136 packets received, 7758 bps, 96.97%, Err 0 (0.0e+00)
830.325 .... 3144 packets received, 7757 bps, 96.97%, Err 0 (0.0e+00)
832.422 .... 3152 packets received, 7758 bps, 96.97%, Err 0 (0.0e+00)
834.534 .... 3160 packets received, 7758 bps, 96.97%, Err 0 (0.0e+00)
836.649 .... 3168 packets received, 7758 bps, 96.97%, Err 0 (0.0e+00)
838.769 .... 3176 packets received, 7757 bps, 96.97%, Err 0 (0.0e+00)
840.866 .... 3184 packets received, 7758 bps, 96.97%, Err 0 (0.0e+00)
842.971 .... 3192 packets received, 7758 bps, 96.97%, Err 0 (0.0e+00)
845.096 .... 3200 packets received, 7758 bps, 96.97%, Err 0 (0.0e+00)
847.197 .... 3208 packets received, 7758 bps, 96.97%, Err 0 (0.0e+00)
849.309 .... 3216 packets received, 7758 bps, 96.97%, Err 0 (0.0e+00)
851.435 .... 3224 packets received, 7758 bps, 96.97%, Err 0 (0.0e+00)
853.550 .... 3232 packets received, 7757 bps, 96.97%, Err 0 (0.0e+00)
855.664 .... 3240 packets received, 7757 bps, 96.97%, Err 0 (0.0e+00)
857.764 .... 3248 packets received, 7758 bps, 96.97%, Err 0 (0.0e+00)
859.871 .... 3256 packets received, 7758 bps, 96.97%, Err 0 (0.0e+00)
861.999 .... 3264 packets received, 7757 bps, 96.97%, Err 0 (0.0e+00)
864.096 .... 3272 packets received, 7758 bps, 96.97%, Err 0 (0.0e+00)
866.217 .... 3280 packets received, 7758 bps, 96.97%, Err 0 (0.0e+00)
868.332 .... 3288 packets received, 7758 bps, 96.97%, Err 0 (0.0e+00)
870.447 .... 3296 packets received, 7757 bps, 96.97%, Err 0 (0.0e+00)
872.563 .... 3304 packets received, 7757 bps, 96.97%, Err 0 (0.0e+00)
874.659 .... 3312 packets received, 7758 bps, 96.97%, Err 0 (0.0e+00)
876.788 .... 3320 packets received, 7757 bps, 96.97%, Err 0 (0.0e+00)
878.888 .... 3328 packets received, 7758 bps, 96.97%, Err 0 (0.0e+00)
881.000 .... 3336 packets received, 7758 bps, 96.97%, Err 0 (0.0e+00)
883.098 .... 3344 packets received, 7758 bps, 96.97%, Err 0 (0.0e+00)
885.228 .... 3352 packets received, 7758 bps, 96.97%, Err 0 (0.0e+00)
887.342 .... 3360 packets received, 7757 bps, 96.97%, Err 0 (0.0e+00)
889.458 .... 3368 packets received, 7757 bps, 96.97%, Err 0 (0.0e+00)
891.572 .... 3376 packets received, 7757 bps, 96.97%, Err 0 (0.0e+00)
893.669 .... 3384 packets received, 7758 bps, 96.97%, Err 0 (0.0e+00)
895.780 .... 3392 packets received, 7758 bps, 96.97%, Err 0 (0.0e+00)
897.890 .... 3400 packets received, 7758 bps, 96.97%, Err 0 (0.0e+00)
900.000 .... 3408 packets received, 7758 bps, 96.97%, Err 0 (0.0e+00)
902.112 .... 3416 packets received, 7758 bps, 96.97%, Err 0 (0.0e+00)
904.241 .... 3424 packets received, 7757 bps, 96.97%, Err 0 (0.0e+00)
906.339 .... 3432 packets received, 7758 bps, 96.97%, Err 0 (0.0e+00)
908.454 .... 3440 packets received, 7758 bps, 96.97%, Err 0 (0.0e+00)
910.568 .... 3448 packets received, 7758 bps, 96.97%, Err 0 (0.0e+00)
912.680 .... 3456 packets received, 7758 bps, 96.97%, Err 0 (0.0e+00)
914.784 .... 3464 packets received, 7758 bps, 96.97%, Err 0 (0.0e+00)
916.895 .... 3472 packets received, 7758 bps, 96.97%, Err 0 (0.0e+00)
919.015 .... 3480 packets received, 7758 bps, 96.97%, Err 0 (0.0e+00)
921.132 .... 3488 packets received, 7758 bps, 96.97%, Err 0 (0.0e+00)
923.230 .... 3496 packets received, 7758 bps, 96.97%, Err 0 (0.0e+00)
925.356 .... 3504 packets received, 7758 bps, 96.97%, Err 0 (0.0e+00)
927.459 .... 3512 packets received, 7758 bps, 96.97%, Err 0 (0.0e+00)
929.572 .... 3520 packets received, 7758 bps, 96.97%, Err 0 (0.0e+00)
931.685 .... 3528 packets received, 7758 bps, 96.97%, Err 0 (0.0e+00)
933.800 .... 3536 packets received, 7758 bps, 96.97%, Err 0 (0.0e+00)
935.920 .... 3544 packets received, 7757 bps, 96.97%, Err 0 (0.0e+00)
938.043 .... 3552 packets received, 7757 bps, 96.97%, Err 0 (0.0e+00)
940.114 .... 3560 packets received, 7758 bps, 96.97%, Err 0 (0.0e+00)
942.242 .... 3568 packets received, 7758 bps, 96.97%, Err 0 (0.0e+00)
944.372 .... 3576 packets received, 7757 bps, 96.97%, Err 0 (0.0e+00)
946.486 .... 3584 packets received, 7757 bps, 96.97%, Err 0 (0.0e+00)
948.591 .... 3592 packets received, 7757 bps, 96.97%, Err 0 (0.0e+00)
950.703 .... 3600 packets received, 7757 bps, 96.97%, Err 0 (0.0e+00)
952.806 .... 3608 packets received, 7758 bps, 96.97%, Err 0 (0.0e+00)
954.917 .... 3616 packets received, 7758 bps, 96.97%, Err 0 (0.0e+00)
957.045 .... 3624 packets received, 7757 bps, 96.97%, Err 0 (0.0e+00)
959.142 .... 3632 packets received, 7758 bps, 96.97%, Err 0 (0.0e+00)
961.268 .... 3640 packets received, 7757 bps, 96.97%, Err 0 (0.0e+00)
963.378 .... 3648 packets received, 7757 bps, 96.97%, Err 0 (0.0e+00)
965.474 .... 3656 packets received, 7758 bps, 96.97%, Err 0 (0.0e+00)
967.600 .... 3664 packets received, 7757 bps, 96.97%, Err 0 (0.0e+00)
969.697 .... 3672 packets received, 7758 bps, 96.97%, Err 0 (0.0e+00)
971.814 .... 3680 packets received, 7758 bps, 96.97%, Err 0 (0.0e+00)
973.926 .... 3688 packets received, 7758 bps, 96.97%, Err 0 (0.0e+00)
976.037 .... 3696 packets received, 7758 bps, 96.97%, Err 0 (0.0e+00)
978.165 .... 3704 packets received, 7757 bps, 96.97%, Err 0 (0.0e+00)
980.254 .... 3712 packets received, 7758 bps, 96.97%, Err 0 (0.0e+00)
982.365 .... 3720 packets received, 7758 bps, 96.97%, Err 0 (0.0e+00)
984.483 .... 3728 packets received, 7758 bps, 96.97%, Err 0 (0.0e+00)
986.614 .... 3736 packets received, 7757 bps, 96.97%, Err 0 (0.0e+00)
988.711 .... 3744 packets received, 7758 bps, 96.97%, Err 0 (0.0e+00)
990.822 .... 3752 packets received, 7758 bps, 96.97%, Err 0 (0.0e+00)
992.934 .... 3760 packets received, 7758 bps, 96.97%, Err 0 (0.0e+00)
995.046 .... 3768 packets received, 7758 bps, 96.97%, Err 0 (0.0e+00)
997.170 .... 3776 packets received, 7757 bps, 96.97%, Err 0 (0.0e+00)
999.270 .... 3784 packets received, 7758 bps, 96.97%, Err 0 (0.0e+00)
1001.396 .... 3792 packets received, 7757 bps, 96.97%, Err 0 (0.0e+00)
1003.497 .... 3800 packets received, 7758 bps, 96.97%, Err 0 (0.0e+00)
1005.603 .... 3808 packets received, 7758 bps, 96.97%, Err 0 (0.0e+00)
1007.716 .... 3816 packets received, 7758 bps, 96.97%, Err 0 (0.0e+00)
1009.826 .... 3824 packets received, 7758 bps, 96.97%, Err 0 (0.0e+00)
1011.937 .... 3832 packets received, 7758 bps, 96.97%, Err 0 (0.0e+00)
1014.047 .... 3840 packets received, 7758 bps, 96.97%, Err 0 (0.0e+00)
1016.158 .... 3848 packets received, 7758 bps, 96.97%, Err 0 (0.0e+00)
1018.277 .... 3856 packets received, 7758 bps, 96.97%, Err 0 (0.0e+00)
1020.388 .... 3864 packets received, 7758 bps, 96.97%, Err 0 (0.0e+00)
1022.501 .... 3872 packets received, 7758 bps, 96.97%, Err 0 (0.0e+00)
1024.617 .... 3880 packets received, 7758 bps, 96.97%, Err 0 (0.0e+00)
1026.733 .... 3888 packets received, 7758 bps, 96.97%, Err 0 (0.0e+00)
1028.848 .... 3896 packets received, 7757 bps, 96.97%, Err 0 (0.0e+00)
1030.951 .... 3904 packets received, 7758 bps, 96.97%, Err 0 (0.0e+00)
1033.065 .... 3912 packets received, 7758 bps, 96.97%, Err 0 (0.0e+00)
1035.180 .... 3920 packets received, 7758 bps, 96.97%, Err 0 (0.0e+00)
1037.277 .... 3928 packets received, 7758 bps, 96.97%, Err 0 (0.0e+00)
1039.404 .... 3936 packets received, 7758 bps, 96.97%, Err 0 (0.0e+00)
1041.521 .... 3944 packets received, 7757 bps, 96.97%, Err 0 (0.0e+00)
1043.618 .... 3952 packets received, 7758 bps, 96.97%, Err 0 (0.0e+00)
1045.737 .... 3960 packets received, 7758 bps, 96.97%, Err 0 (0.0e+00)
1047.851 .... 3968 packets received, 7758 bps, 96.97%, Err 0 (0.0e+00)
1049.966 .... 3976 packets received, 7758 bps, 96.97%, Err 0 (0.0e+00)
1052.079 .... 3984 packets received, 7758 bps, 96.97%, Err 0 (0.0e+00)
1054.179 .... 3992 packets received, 7758 bps, 96.97%, Err 0 (0.0e+00)
1056.294 .... 4000 packets received, 7758 bps, 96.97%, Err 0 (0.0e+00)
1058.408 .... 4008 packets received, 7758 bps, 96.97%, Err 0 (0.0e+00)
1060.521 .... 4016 packets received, 7758 bps, 96.97%, Err 0 (0.0e+00)
1062.634 .... 4024 packets received, 7758 bps, 96.97%, Err 0 (0.0e+00)
1064.748 .... 4032 packets received, 7758 bps, 96.97%, Err 0 (0.0e+00)
1066.862 .... 4040 packets received, 7758 bps, 96.97%, Err 0 (0.0e+00)
1068.961 .... 4048 packets received, 7758 bps, 96.97%, Err 0 (0.0e+00)
1071.090 .... 4056 packets received, 7757 bps, 96.97%, Err 0 (0.0e+00)
1073.176 .... 4064 packets received, 7758 bps, 96.97%, Err 0 (0.0e+00)
1075.303 .... 4072 packets received, 7758 bps, 96.97%, Err 0 (0.0e+00)
1077.426 .... 4080 packets received, 7757 bps, 96.97%, Err 0 (0.0e+00)
1079.522 .... 4088 packets received, 7758 bps, 96.97%, Err 0 (0.0e+00)
1081.636 .... 4096 packets received, 7758 bps, 96.97%, Err 0 (0.0e+00)
1083.750 .... 4104 packets received, 7758 bps, 96.97%, Err 0 (0.0e+00)
1085.852 .... 4112 packets received, 7758 bps, 96.97%, Err 0 (0.0e+00)
1087.965 .... 4120 packets received, 7758 bps, 96.97%, Err 0 (0.0e+00)
1090.092 .... 4128 packets received, 7758 bps, 96.97%, Err 0 (0.0e+00)
1092.206 .... 4136 packets received, 7758 bps, 96.97%, Err 0 (0.0e+00)
1094.307 .... 4144 packets received, 7758 bps, 96.97%, Err 0 (0.0e+00)
1096.419 .... 4152 packets received, 7758 bps, 96.97%, Err 0 (0.0e+00)
1098.522 .... 4160 packets received, 7758 bps, 96.97%, Err 0 (0.0e+00)
1100.650 .... 4168 packets received, 7758 bps, 96.97%, Err 0 (0.0e+00)
1102.748 .... 4176 packets received, 7758 bps, 96.97%, Err 0 (0.0e+00)
1104.876 .... 4184 packets received, 7758 bps, 96.97%, Err 0 (0.0e+00)
1106.989 .... 4192 packets received, 7758 bps, 96.97%, Err 0 (0.0e+00)
1109.091 .... 4200 packets received, 7758 bps, 96.97%, Err 0 (0.0e+00)
1111.211 .... 4208 packets received, 7758 bps, 96.97%, Err 0 (0.0e+00)
1113.308 .... 4216 packets received, 7758 bps, 96.97%, Err 0 (0.0e+00)
1115.419 .... 4224 packets received, 7758 bps, 96.97%, Err 0 (0.0e+00)
1117.547 .... 4232 packets received, 7758 bps, 96.97%, Err 0 (0.0e+00)
1119.659 .... 4240 packets received, 7758 bps, 96.97%, Err 0 (0.0e+00)
1121.753 .... 4248 packets received, 7758 bps, 96.97%, Err 0 (0.0e+00)
1123.879 .... 4256 packets received, 7758 bps, 96.97%, Err 0 (0.0e+00)
1125.991 .... 4264 packets received, 7758 bps, 96.97%, Err 0 (0.0e+00)
1128.100 .... 4272 packets received, 7758 bps, 96.97%, Err 0 (0.0e+00)
1130.209 .... 4280 packets received, 7758 bps, 96.97%, Err 0 (0.0e+00)
1132.333 .... 4288 packets received, 7758 bps, 96.97%, Err 0 (0.0e+00)
1134.435 .... 4296 packets received, 7758 bps, 96.97%, Err 0 (0.0e+00)
1136.547 .... 4304 packets received, 7758 bps, 96.97%, Err 0 (0.0e+00)
1138.658 .... 4312 packets received, 7758 bps, 96.97%, Err 0 (0.0e+00)
1140.767 .... 4320 packets received, 7758 bps, 96.97%, Err 0 (0.0e+00)
1142.897 .... 4328 packets received, 7757 bps, 96.97%, Err 0 (0.0e+00)
1145.009 .... 4336 packets received, 7757 bps, 96.97%, Err 0 (0.0e+00)
1147.097 .... 4344 packets received, 7758 bps, 96.97%, Err 0 (0.0e+00)
1149.222 .... 4352 packets received, 7758 bps, 96.97%, Err 0 (0.0e+00)
1151.338 .... 4360 packets received, 7758 bps, 96.97%, Err 0 (0.0e+00)
1153.439 .... 4368 packets received, 7758 bps, 96.97%, Err 0 (0.0e+00)
1155.567 .... 4376 packets received, 7758 bps, 96.97%, Err 0 (0.0e+00)
1157.678 .... 4384 packets received, 7758 bps, 96.97%, Err 0 (0.0e+00)
1159.785 .... 4392 packets received, 7758 bps, 96.97%, Err 0 (0.0e+00)
1161.885 .... 4400 packets received, 7758 bps, 96.97%, Err 0 (0.0e+00)
1164.019 .... 4408 packets received, 7757 bps, 96.97%, Err 0 (0.0e+00)
1166.101 .... 4416 packets received, 7758 bps, 96.97%, Err 0 (0.0e+00)
1168.224 .... 4424 packets received, 7758 bps, 96.97%, Err 0 (0.0e+00)
1170.349 .... 4432 packets received, 7758 bps, 96.97%, Err 0 (0.0e+00)
1172.460 .... 4440 packets received, 7758 bps, 96.97%, Err 0 (0.0e+00)
1174.571 .... 4448 packets received, 7758 bps, 96.97%, Err 0 (0.0e+00)
1176.666 .... 4456 packets received, 7758 bps, 96.97%, Err 0 (0.0e+00)
1178.792 .... 4464 packets received, 7758 bps, 96.97%, Err 0 (0.0e+00)
1180.902 .... 4472 packets received, 7758 bps, 96.97%, Err 0 (0.0e+00)
1183.013 .... 4480 packets received, 7758 bps, 96.97%, Err 0 (0.0e+00)
1185.122 .... 4488 packets received, 7758 bps, 96.97%, Err 0 (0.0e+00)
1187.232 .... 4496 packets received, 7758 bps, 96.97%, Err 0 (0.0e+00)
1189.358 .... 4504 packets received, 7758 bps, 96.97%, Err 0 (0.0e+00)
1191.455 .... 4512 packets received, 7758 bps, 96.97%, Err 0 (0.0e+00)
1193.567 .... 4520 packets received, 7758 bps, 96.97%, Err 0 (0.0e+00)
1195.679 .... 4528 packets received, 7758 bps, 96.97%, Err 0 (0.0e+00)
1197.792 .... 4536 packets received, 7758 bps, 96.97%, Err 0 (0.0e+00)
1199.889 .... 4544 packets received, 7758 bps, 96.97%, Err 0 (0.0e+00)
1202.007 .... 4552 packets received, 7758 bps, 96.97%, Err 0 (0.0e+00)
1204.127 .... 4560 packets received, 7758 bps, 96.97%, Err 0 (0.0e+00)
1206.240 .... 4568 packets received, 7758 bps, 96.97%, Err 0 (0.0e+00)
1208.354 .... 4576 packets received, 7758 bps, 96.97%, Err 0 (0.0e+00)
1210.467 .... 4584 packets received, 7758 bps, 96.97%, Err 0 (0.0e+00)
1212.577 .... 4592 packets received, 7758 bps, 96.97%, Err 0 (0.0e+00)
1214.687 .... 4600 packets received, 7758 bps, 96.97%, Err 0 (0.0e+00)
1216.796 .... 4608 packets received, 7758 bps, 96.97%, Err 0 (0.0e+00)
1218.922 .... 4616 packets received, 7758 bps, 96.97%, Err 0 (0.0e+00)
1221.034 .... 4624 packets received, 7758 bps, 96.97%, Err 0 (0.0e+00)
1223.154 .... 4632 packets received, 7757 bps, 96.97%, Err 0 (0.0e+00)
1225.253 .... 4640 packets received, 7758 bps, 96.97%, Err 0 (0.0e+00)
1227.368 .... 4648 packets received, 7758 bps, 96.97%, Err 0 (0.0e+00)
1229.484 .... 4656 packets received, 7758 bps, 96.97%, Err 0 (0.0e+00)
1231.596 .... 4664 packets received, 7758 bps, 96.97%, Err 0 (0.0e+00)
1233.695 .... 4672 packets received, 7758 bps, 96.97%, Err 0 (0.0e+00)
1235.808 .... 4680 packets received, 7758 bps, 96.97%, Err 0 (0.0e+00)
1237.923 .... 4688 packets received, 7758 bps, 96.97%, Err 0 (0.0e+00)
1240.012 .... 4696 packets received, 7758 bps, 96.97%, Err 0 (0.0e+00)
1242.144 .... 4704 packets received, 7758 bps, 96.97%, Err 0 (0.0e+00)
1244.260 .... 4712 packets received, 7758 bps, 96.97%, Err 0 (0.0e+00)
1246.372 .... 4720 packets received, 7758 bps, 96.97%, Err 0 (0.0e+00)
1248.485 .... 4728 packets received, 7758 bps, 96.97%, Err 0 (0.0e+00)
1250.597 .... 4736 packets received, 7758 bps, 96.97%, Err 0 (0.0e+00)
1252.710 .... 4744 packets received, 7758 bps, 96.97%, Err 0 (0.0e+00)
1254.823 .... 4752 packets received, 7758 bps, 96.97%, Err 0 (0.0e+00)
1256.935 .... 4760 packets received, 7758 bps, 96.97%, Err 0 (0.0e+00)
1259.048 .... 4768 packets received, 7758 bps, 96.97%, Err 0 (0.0e+00)
1261.158 .... 4776 packets received, 7758 bps, 96.97%, Err 0 (0.0e+00)
1263.257 .... 4784 packets received, 7758 bps, 96.97%, Err 0 (0.0e+00)
1265.372 .... 4792 packets received, 7758 bps, 96.97%, Err 0 (0.0e+00)
1267.486 .... 4800 packets received, 7758 bps, 96.97%, Err 0 (0.0e+00)
1269.600 .... 4808 packets received, 7758 bps, 96.97%, Err 0 (0.0e+00)
1271.712 .... 4816 packets received, 7758 bps, 96.97%, Err 0 (0.0e+00)
1273.826 .... 4824 packets received, 7758 bps, 96.97%, Err 0 (0.0e+00)
1275.956 .... 4832 packets received, 7757 bps, 96.97%, Err 0 (0.0e+00)
1278.055 .... 4840 packets received, 7758 bps, 96.97%, Err 0 (0.0e+00)
1280.169 .... 4848 packets received, 7758 bps, 96.97%, Err 0 (0.0e+00)
1282.284 .... 4856 packets received, 7758 bps, 96.97%, Err 0 (0.0e+00)
1284.397 .... 4864 packets received, 7758 bps, 96.97%, Err 0 (0.0e+00)
1286.511 .... 4872 packets received, 7758 bps, 96.97%, Err 0 (0.0e+00)
1288.611 .... 4880 packets received, 7758 bps, 96.97%, Err 0 (0.0e+00)
1290.724 .... 4888 packets received, 7758 bps, 96.97%, Err 0 (0.0e+00)
1292.836 .... 4896 packets received, 7758 bps, 96.97%, Err 0 (0.0e+00)
1294.949 .... 4904 packets received, 7758 bps, 96.97%, Err 0 (0.0e+00)
1297.064 .... 4912 packets received, 7758 bps, 96.97%, Err 0 (0.0e+00)
1299.176 .... 4920 packets received, 7758 bps, 96.97%, Err 0 (0.0e+00)
1301.289 .... 4928 packets received, 7758 bps, 96.97%, Err 0 (0.0e+00)
1303.403 .... 4936 packets received, 7758 bps, 96.97%, Err 0 (0.0e+00)
1305.516 .... 4944 packets received, 7758 bps, 96.97%, Err 0 (0.0e+00)
1307.629 .... 4952 packets received, 7758 bps, 96.97%, Err 0 (0.0e+00)
1309.742 .... 4960 packets received, 7758 bps, 96.97%, Err 0 (0.0e+00)
1311.854 .... 4968 packets received, 7758 bps, 96.97%, Err 0 (0.0e+00)
1313.966 .... 4976 packets received, 7758 bps, 96.97%, Err 0 (0.0e+00)
1316.080 .... 4984 packets received, 7758 bps, 96.97%, Err 0 (0.0e+00)
1318.177 .... 4992 packets received, 7758 bps, 96.97%, Err 0 (0.0e+00)
1320.289 .... 5000 packets received, 7758 bps, 96.97%, Err 0 (0.0e+00)
1322.416 .... 5008 packets received, 7758 bps, 96.97%, Err 0 (0.0e+00)
1324.529 .... 5016 packets received, 7758 bps, 96.97%, Err 0 (0.0e+00)
1326.641 .... 5024 packets received, 7758 bps, 96.97%, Err 0 (0.0e+00)
1328.755 .... 5032 packets received, 7757 bps, 96.97%, Err 0 (0.0e+00)
1330.866 .... 5040 packets received, 7757 bps, 96.97%, Err 0 (0.0e+00)
1332.962 .... 5048 packets received, 7758 bps, 96.97%, Err 0 (0.0e+00)
1335.074 .... 5056 packets received, 7758 bps, 96.97%, Err 0 (0.0e+00)
1337.186 .... 5064 packets received, 7758 bps, 96.97%, Err 0 (0.0e+00)
1339.298 .... 5072 packets received, 7758 bps, 96.97%, Err 0 (0.0e+00)
1341.411 .... 5080 packets received, 7758 bps, 96.97%, Err 0 (0.0e+00)
1343.524 .... 5088 packets received, 7758 bps, 96.97%, Err 0 (0.0e+00)
1345.637 .... 5096 packets received, 7758 bps, 96.97%, Err 0 (0.0e+00)
1347.748 .... 5104 packets received, 7758 bps, 96.97%, Err 0 (0.0e+00)
1349.860 .... 5112 packets received, 7758 bps, 96.97%, Err 0 (0.0e+00)
1351.972 .... 5120 packets received, 7758 bps, 96.97%, Err 0 (0.0e+00)
1354.083 .... 5128 packets received, 7758 bps, 96.97%, Err 0 (0.0e+00)
1356.207 .... 5136 packets received, 7758 bps, 96.97%, Err 0 (0.0e+00)
1358.304 .... 5144 packets received, 7758 bps, 96.97%, Err 0 (0.0e+00)
1360.417 .... 5152 packets received, 7758 bps, 96.97%, Err 0 (0.0e+00)
1362.526 .... 5160 packets received, 7758 bps, 96.97%, Err 0 (0.0e+00)
1364.638 .... 5168 packets received, 7758 bps, 96.97%, Err 0 (0.0e+00)
1366.765 .... 5176 packets received, 7758 bps, 96.97%, Err 0 (0.0e+00)
1368.861 .... 5184 packets received, 7758 bps, 96.97%, Err 0 (0.0e+00)
1370.975 .... 5192 packets received, 7758 bps, 96.97%, Err 0 (0.0e+00)
1373.104 .... 5200 packets received, 7758 bps, 96.97%, Err 0 (0.0e+00)
1375.216 .... 5208 packets received, 7758 bps, 96.97%, Err 0 (0.0e+00)
1377.313 .... 5216 packets received, 7758 bps, 96.97%, Err 0 (0.0e+00)
1379.425 .... 5224 packets received, 7758 bps, 96.97%, Err 0 (0.0e+00)
1381.538 .... 5232 packets received, 7758 bps, 96.97%, Err 0 (0.0e+00)
1383.653 .... 5240 packets received, 7758 bps, 96.97%, Err 0 (0.0e+00)
1385.781 .... 5248 packets received, 7757 bps, 96.97%, Err 0 (0.0e+00)
1387.891 .... 5256 packets received, 7757 bps, 96.97%, Err 0 (0.0e+00)
1389.987 .... 5264 packets received, 7758 bps, 96.97%, Err 0 (0.0e+00)
1392.097 .... 5272 packets received, 7758 bps, 96.97%, Err 0 (0.0e+00)
1394.208 .... 5280 packets received, 7758 bps, 96.97%, Err 0 (0.0e+00)
1396.319 .... 5288 packets received, 7758 bps, 96.97%, Err 0 (0.0e+00)
1398.429 .... 5296 packets received, 7758 bps, 96.97%, Err 0 (0.0e+00)
1400.557 .... 5304 packets received, 7758 bps, 96.97%, Err 0 (0.0e+00)
1402.655 .... 5312 packets received, 7758 bps, 96.97%, Err 0 (0.0e+00)
1404.782 .... 5320 packets received, 7758 bps, 96.97%, Err 0 (0.0e+00)
1406.878 .... 5328 packets received, 7758 bps, 96.97%, Err 0 (0.0e+00)
1409.003 .... 5336 packets received, 7758 bps, 96.97%, Err 0 (0.0e+00)
1411.100 .... 5344 packets received, 7758 bps, 96.97%, Err 0 (0.0e+00)
1413.227 .... 5352 packets received, 7758 bps, 96.97%, Err 0 (0.0e+00)
1415.326 .... 5360 packets received, 7758 bps, 96.97%, Err 0 (0.0e+00)
1417.438 .... 5368 packets received, 7758 bps, 96.97%, Err 0 (0.0e+00)
1419.565 .... 5376 packets received, 7758 bps, 96.97%, Err 0 (0.0e+00)
1421.662 .... 5384 packets received, 7758 bps, 96.97%, Err 0 (0.0e+00)
1423.791 .... 5392 packets received, 7758 bps, 96.97%, Err 0 (0.0e+00)
1425.905 .... 5400 packets received, 7758 bps, 96.97%, Err 0 (0.0e+00)
1428.018 .... 5408 packets received, 7758 bps, 96.97%, Err 0 (0.0e+00)
1430.116 .... 5416 packets received, 7758 bps, 96.97%, Err 0 (0.0e+00)
1432.230 .... 5424 packets received, 7758 bps, 96.97%, Err 0 (0.0e+00)
1434.345 .... 5432 packets received, 7758 bps, 96.97%, Err 0 (0.0e+00)
1436.458 .... 5440 packets received, 7758 bps, 96.97%, Err 0 (0.0e+00)
1438.573 .... 5448 packets received, 7758 bps, 96.97%, Err 0 (0.0e+00)
1440.684 .... 5456 packets received, 7758 bps, 96.97%, Err 0 (0.0e+00)
1442.798 .... 5464 packets received, 7758 bps, 96.97%, Err 0 (0.0e+00)
1444.896 .... 5472 packets received, 7758 bps, 96.97%, Err 0 (0.0e+00)
1447.011 .... 5480 packets received, 7758 bps, 96.97%, Err 0 (0.0e+00)
1449.140 .... 5488 packets received, 7757 bps, 96.97%, Err 0 (0.0e+00)
1451.225 .... 5496 packets received, 7758 bps, 96.97%, Err 0 (0.0e+00)
1453.351 .... 5504 packets received, 7758 bps, 96.97%, Err 0 (0.0e+00)
1455.461 .... 5512 packets received, 7758 bps, 96.97%, Err 0 (0.0e+00)
1457.573 .... 5520 packets received, 7758 bps, 96.97%, Err 0 (0.0e+00)
1459.687 .... 5528 packets received, 7758 bps, 96.97%, Err 0 (0.0e+00)
1461.800 .... 5536 packets received, 7758 bps, 96.97%, Err 0 (0.0e+00)
1463.912 .... 5544 packets received, 7758 bps, 96.97%, Err 0 (0.0e+00)
1466.026 .... 5552 packets received, 7758 bps, 96.97%, Err 0 (0.0e+00)
1468.136 .... 5560 packets received, 7758 bps, 96.97%, Err 0 (0.0e+00)
1470.250 .... 5568 packets received, 7758 bps, 96.97%, Err 0 (0.0e+00)
1472.363 .... 5576 packets received, 7758 bps, 96.97%, Err 0 (0.0e+00)
1474.477 .... 5584 packets received, 7758 bps, 96.97%, Err 0 (0.0e+00)
1476.575 .... 5592 packets received, 7758 bps, 96.97%, Err 0 (0.0e+00)
1478.703 .... 5600 packets received, 7758 bps, 96.97%, Err 0 (0.0e+00)
1480.800 .... 5608 packets received, 7758 bps, 96.97%, Err 0 (0.0e+00)
1482.928 .... 5616 packets received, 7758 bps, 96.97%, Err 0 (0.0e+00)
1485.032 .... 5624 packets received, 7758 bps, 96.97%, Err 0 (0.0e+00)
1487.122 .... 5632 packets received, 7758 bps, 96.97%, Err 0 (0.0e+00)
1489.242 .... 5640 packets received, 7758 bps, 96.97%, Err 0 (0.0e+00)
1491.369 .... 5648 packets received, 7758 bps, 96.97%, Err 0 (0.0e+00)
1493.481 .... 5656 packets received, 7758 bps, 96.97%, Err 0 (0.0e+00)
1495.593 .... 5664 packets received, 7758 bps, 96.97%, Err 0 (0.0e+00)
1497.710 .... 5672 packets received, 7758 bps, 96.97%, Err 0 (0.0e+00)
1499.821 .... 5680 packets received, 7758 bps, 96.97%, Err 0 (0.0e+00)
