./gobackn -bf -port 1237 -log nbf.log 
=========================================================================
                          Station B                                 
-------------------------------------------------------------------------
Protocol.lib, version 3.0, Build: Oct 19 2009 (jiangy@public3.bta.net.cn)
Channel: 8000 bps, 270 ms propagation delay, bit error rate 1.0E-05
Log file "nbf.log", TCP port 1237, debug mask 0x00
Station B is connecting station A (TCP port 1237) ... Done.
New epoch: Sun Nov 22 11:45:55 2009
=========================================================================
Designed by JackalDire
2.412 .... 8 packets received, 7692 bps, 96.15%, Err 0 (0.0e+00)
6.109 .... 16 packets received, 5623 bps, 70.29%, Err 1 (2.1e-05)
8.211 .... 24 packets received, 6199 bps, 77.49%, Err 1 (1.5e-05)
10.317 .... 32 packets received, 6531 bps, 81.63%, Err 1 (1.2e-05)
12.431 .... 40 packets received, 6743 bps, 84.29%, Err 1 (1.0e-05)
14.546 .... 48 packets received, 6892 bps, 86.15%, Err 1 (8.6e-06)
16.661 .... 56 packets received, 7002 bps, 87.53%, Err 1 (7.5e-06)
18.759 .... 64 packets received, 7094 bps, 88.67%, Err 1 (6.7e-06)
20.874 .... 72 packets received, 7161 bps, 89.51%, Err 1 (6.0e-06)
22.988 .... 80 packets received, 7216 bps, 90.20%, Err 1 (5.4e-06)
25.635 .... 84 packets received, 6785 bps, 84.82%, Err 2 (9.8e-06)
27.749 .... 92 packets received, 6860 bps, 85.75%, Err 2 (9.0e-06)
29.859 .... 100 packets received, 6924 bps, 86.55%, Err 2 (8.4e-06)
31.971 .... 108 packets received, 6980 bps, 87.25%, Err 3 (1.2e-05)
34.084 .... 110 packets received, 6665 bps, 83.31%, Err 4 (1.5e-05)
36.181 .... 118 packets received, 6732 bps, 84.15%, Err 4 (1.4e-05)
38.303 .... 126 packets received, 6787 bps, 84.84%, Err 4 (1.3e-05)
40.413 .... 134 packets received, 6838 bps, 85.48%, Err 4 (1.2e-05)
42.528 .... 142 packets received, 6884 bps, 86.05%, Err 4 (1.2e-05)
44.641 .... 150 packets received, 6925 bps, 86.57%, Err 4 (1.1e-05)
46.755 .... 158 packets received, 6963 bps, 87.04%, Err 4 (1.1e-05)
48.865 .... 166 packets received, 6998 bps, 87.47%, Err 4 (1.0e-05)
50.979 .... 174 packets received, 7029 bps, 87.86%, Err 4 (9.8e-06)
53.084 .... 182 packets received, 7059 bps, 88.24%, Err 4 (9.4e-06)
55.213 .... 190 packets received, 7084 bps, 88.55%, Err 4 (9.1e-06)
57.299 .... 198 packets received, 7112 bps, 88.90%, Err 5 (1.1e-05)
59.429 .... 200 packets received, 6925 bps, 86.56%, Err 5 (1.1e-05)
61.538 .... 208 packets received, 6954 bps, 86.93%, Err 5 (1.0e-05)
63.654 .... 216 packets received, 6980 bps, 87.26%, Err 5 (9.8e-06)
66.558 .... 221 packets received, 6829 bps, 85.36%, Err 6 (1.1e-05)
68.674 .... 229 packets received, 6857 bps, 85.72%, Err 6 (1.1e-05)
70.787 .... 231 packets received, 6710 bps, 83.87%, Err 6 (1.1e-05)
72.886 .... 239 packets received, 6742 bps, 84.27%, Err 6 (1.0e-05)
75.013 .... 241 packets received, 6605 bps, 82.56%, Err 6 (1.0e-05)
77.924 .... 246 packets received, 6489 bps, 81.11%, Err 6 (9.6e-06)
81.133 .... 252 packets received, 6383 bps, 79.79%, Err 6 (9.2e-06)
84.311 .... 258 packets received, 6288 bps, 78.60%, Err 7 (1.0e-05)
87.489 .... 264 packets received, 6200 bps, 77.50%, Err 7 (1.0e-05)
90.674 .... 270 packets received, 6117 bps, 76.47%, Err 7 (9.7e-06)
93.848 .... 276 packets received, 6041 bps, 75.51%, Err 7 (9.3e-06)
97.045 .... 282 packets received, 5969 bps, 74.61%, Err 7 (9.0e-06)
100.224 .... 288 packets received, 5902 bps, 73.77%, Err 8 (1.0e-05)
102.329 .... 296 packets received, 5940 bps, 74.26%, Err 8 (9.8e-06)
104.455 .... 304 packets received, 5977 bps, 74.71%, Err 8 (9.6e-06)
106.823 .... 307 packets received, 5901 bps, 73.77%, Err 8 (9.4e-06)
108.939 .... 315 packets received, 5937 bps, 74.22%, Err 8 (9.2e-06)
111.041 .... 323 packets received, 5972 bps, 74.66%, Err 8 (9.0e-06)
113.168 .... 331 packets received, 6005 bps, 75.06%, Err 8 (8.8e-06)
115.279 .... 339 packets received, 6037 bps, 75.47%, Err 8 (8.7e-06)
117.393 .... 347 packets received, 6068 bps, 75.85%, Err 9 (9.6e-06)
119.504 .... 349 packets received, 5995 bps, 74.94%, Err 9 (9.4e-06)
122.949 .... 356 packets received, 5944 bps, 74.30%, Err 11 (1.1e-05)
126.122 .... 362 packets received, 5891 bps, 73.64%, Err 11 (1.1e-05)
128.233 .... 364 packets received, 5826 bps, 72.83%, Err 12 (1.2e-05)
130.344 .... 372 packets received, 5858 bps, 73.22%, Err 12 (1.2e-05)
132.454 .... 374 packets received, 5795 bps, 72.44%, Err 13 (1.2e-05)
137.205 .... 380 packets received, 5684 bps, 71.05%, Err 14 (1.3e-05)
139.330 .... 388 packets received, 5715 bps, 71.43%, Err 14 (1.3e-05)
141.440 .... 390 packets received, 5658 bps, 70.73%, Err 14 (1.2e-05)
143.550 .... 398 packets received, 5689 bps, 71.12%, Err 14 (1.2e-05)
145.667 .... 406 packets received, 5719 bps, 71.49%, Err 14 (1.2e-05)
149.358 .... 414 packets received, 5688 bps, 71.09%, Err 14 (1.2e-05)
151.484 .... 422 packets received, 5716 bps, 71.45%, Err 14 (1.2e-05)
153.594 .... 430 packets received, 5744 bps, 71.80%, Err 14 (1.1e-05)
155.690 .... 438 packets received, 5772 bps, 72.15%, Err 14 (1.1e-05)
157.802 .... 446 packets received, 5799 bps, 72.48%, Err 14 (1.1e-05)
159.913 .... 454 packets received, 5825 bps, 72.81%, Err 14 (1.1e-05)
163.345 .... 461 packets received, 5790 bps, 72.37%, Err 15 (1.1e-05)
167.053 .... 469 packets received, 5759 bps, 71.99%, Err 16 (1.2e-05)
170.245 .... 475 packets received, 5724 bps, 71.54%, Err 16 (1.2e-05)
173.422 .... 481 packets received, 5690 bps, 71.12%, Err 16 (1.2e-05)
178.173 .... 487 packets received, 5607 bps, 70.08%, Err 17 (1.2e-05)
181.887 .... 495 packets received, 5582 bps, 69.78%, Err 17 (1.2e-05)
185.049 .... 501 packets received, 5553 bps, 69.41%, Err 17 (1.1e-05)
188.228 .... 507 packets received, 5525 bps, 69.06%, Err 18 (1.2e-05)
191.377 .... 513 packets received, 5498 bps, 68.72%, Err 18 (1.2e-05)
194.554 .... 519 packets received, 5471 bps, 68.39%, Err 18 (1.2e-05)
197.713 .... 525 packets received, 5446 bps, 68.07%, Err 18 (1.1e-05)
200.888 .... 531 packets received, 5421 bps, 67.76%, Err 18 (1.1e-05)
204.070 .... 537 packets received, 5397 bps, 67.46%, Err 18 (1.1e-05)
207.233 .... 543 packets received, 5374 bps, 67.17%, Err 18 (1.1e-05)
209.880 .... 547 packets received, 5345 bps, 66.81%, Err 19 (1.1e-05)
212.756 .... 552 packets received, 5321 bps, 66.51%, Err 20 (1.2e-05)
214.871 .... 560 packets received, 5345 bps, 66.81%, Err 20 (1.2e-05)
217.002 .... 562 packets received, 5311 bps, 66.39%, Err 20 (1.2e-05)
219.924 .... 567 packets received, 5287 bps, 66.09%, Err 20 (1.1e-05)
223.090 .... 573 packets received, 5267 bps, 65.84%, Err 20 (1.1e-05)
226.286 .... 579 packets received, 5247 bps, 65.58%, Err 21 (1.2e-05)
229.474 .... 585 packets received, 5227 bps, 65.34%, Err 21 (1.1e-05)
232.655 .... 591 packets received, 5209 bps, 65.11%, Err 21 (1.1e-05)
235.823 .... 597 packets received, 5191 bps, 64.89%, Err 21 (1.1e-05)
238.485 .... 601 packets received, 5167 bps, 64.59%, Err 22 (1.2e-05)
241.667 .... 607 packets received, 5150 bps, 64.38%, Err 22 (1.1e-05)
244.848 .... 613 packets received, 5133 bps, 64.17%, Err 22 (1.1e-05)
248.028 .... 619 packets received, 5117 bps, 63.96%, Err 22 (1.1e-05)
251.193 .... 625 packets received, 5101 bps, 63.77%, Err 22 (1.1e-05)
254.358 .... 631 packets received, 5086 bps, 63.58%, Err 22 (1.1e-05)
257.535 .... 637 packets received, 5071 bps, 63.39%, Err 22 (1.1e-05)
260.713 .... 643 packets received, 5056 bps, 63.21%, Err 22 (1.1e-05)
263.892 .... 649 packets received, 5042 bps, 63.03%, Err 22 (1.0e-05)
267.070 .... 655 packets received, 5028 bps, 62.85%, Err 22 (1.0e-05)
270.262 .... 661 packets received, 5014 bps, 62.68%, Err 22 (1.0e-05)
273.429 .... 667 packets received, 5001 bps, 62.51%, Err 22 (1.0e-05)
276.060 .... 671 packets received, 4983 bps, 62.29%, Err 23 (1.0e-05)
279.236 .... 677 packets received, 4970 bps, 62.13%, Err 23 (1.0e-05)
282.416 .... 683 packets received, 4958 bps, 61.97%, Err 23 (1.0e-05)
285.577 .... 689 packets received, 4946 bps, 61.83%, Err 23 (1.0e-05)
288.767 .... 695 packets received, 4934 bps, 61.67%, Err 23 (1.0e-05)
291.955 .... 701 packets received, 4922 bps, 61.53%, Err 24 (1.0e-05)
294.067 .... 703 packets received, 4901 bps, 61.26%, Err 24 (1.0e-05)
297.239 .... 709 packets received, 4890 bps, 61.12%, Err 24 (1.0e-05)
300.412 .... 715 packets received, 4879 bps, 60.99%, Err 24 (1.0e-05)
303.577 .... 721 packets received, 4869 bps, 60.86%, Err 24 (9.9e-06)
306.746 .... 727 packets received, 4858 bps, 60.73%, Err 24 (9.8e-06)
309.915 .... 733 packets received, 4848 bps, 60.60%, Err 24 (9.7e-06)
313.075 .... 739 packets received, 4839 bps, 60.48%, Err 24 (9.6e-06)
315.191 .... 747 packets received, 4858 bps, 60.73%, Err 24 (9.5e-06)
317.306 .... 755 packets received, 4877 bps, 60.97%, Err 24 (9.5e-06)
319.433 .... 763 packets received, 4896 bps, 61.20%, Err 24 (9.4e-06)
321.531 .... 771 packets received, 4915 bps, 61.44%, Err 24 (9.3e-06)
323.645 .... 779 packets received, 4934 bps, 61.67%, Err 24 (9.3e-06)
325.773 .... 781 packets received, 4914 bps, 61.43%, Err 24 (9.2e-06)
328.947 .... 787 packets received, 4904 bps, 61.30%, Err 24 (9.1e-06)
332.138 .... 793 packets received, 4894 bps, 61.17%, Err 24 (9.0e-06)
335.297 .... 799 packets received, 4884 bps, 61.06%, Err 24 (8.9e-06)
338.486 .... 805 packets received, 4875 bps, 60.93%, Err 24 (8.9e-06)
341.659 .... 811 packets received, 4865 bps, 60.82%, Err 24 (8.8e-06)
344.834 .... 817 packets received, 4856 bps, 60.70%, Err 24 (8.7e-06)
348.026 .... 823 packets received, 4847 bps, 60.59%, Err 24 (8.6e-06)
350.943 .... 828 packets received, 4836 bps, 60.45%, Err 25 (8.9e-06)
354.118 .... 834 packets received, 4827 bps, 60.34%, Err 26 (9.2e-06)
356.245 .... 836 packets received, 4810 bps, 60.12%, Err 27 (9.5e-06)
359.177 .... 841 packets received, 4799 bps, 59.99%, Err 28 (9.7e-06)
361.793 .... 845 packets received, 4787 bps, 59.84%, Err 29 (1.0e-05)
365.487 .... 853 packets received, 4783 bps, 59.79%, Err 30 (1.0e-05)
368.665 .... 859 packets received, 4776 bps, 59.69%, Err 30 (1.0e-05)
371.830 .... 865 packets received, 4768 bps, 59.60%, Err 30 (1.0e-05)
375.006 .... 871 packets received, 4760 bps, 59.50%, Err 30 (1.0e-05)
378.168 .... 877 packets received, 4753 bps, 59.41%, Err 30 (9.9e-06)
381.350 .... 883 packets received, 4746 bps, 59.32%, Err 30 (9.8e-06)
383.447 .... 891 packets received, 4762 bps, 59.53%, Err 30 (9.8e-06)
385.560 .... 899 packets received, 4779 bps, 59.73%, Err 30 (9.7e-06)
387.672 .... 907 packets received, 4795 bps, 59.94%, Err 30 (9.7e-06)
390.590 .... 912 packets received, 4785 bps, 59.82%, Err 31 (9.9e-06)
394.298 .... 920 packets received, 4782 bps, 59.77%, Err 31 (9.8e-06)
397.492 .... 926 packets received, 4774 bps, 59.68%, Err 32 (1.0e-05)
399.606 .... 934 packets received, 4790 bps, 59.88%, Err 32 (1.0e-05)
401.704 .... 942 packets received, 4806 bps, 60.07%, Err 32 (1.0e-05)
403.816 .... 944 packets received, 4791 bps, 59.89%, Err 32 (9.9e-06)
406.752 .... 949 packets received, 4782 bps, 59.77%, Err 32 (9.8e-06)
409.934 .... 955 packets received, 4774 bps, 59.68%, Err 32 (9.8e-06)
413.101 .... 961 packets received, 4768 bps, 59.59%, Err 33 (1.0e-05)
416.015 .... 966 packets received, 4759 bps, 59.48%, Err 34 (1.0e-05)
419.212 .... 972 packets received, 4752 bps, 59.40%, Err 34 (1.0e-05)
422.390 .... 978 packets received, 4745 bps, 59.31%, Err 34 (1.0e-05)
425.554 .... 984 packets received, 4739 bps, 59.23%, Err 34 (1.0e-05)
430.331 .... 990 packets received, 4715 bps, 58.93%, Err 35 (1.0e-05)
432.431 .... 998 packets received, 4730 bps, 59.12%, Err 35 (1.0e-05)
434.545 .... 1000 packets received, 4716 bps, 58.95%, Err 35 (1.0e-05)
437.465 .... 1005 packets received, 4708 bps, 58.85%, Err 35 (1.0e-05)
440.615 .... 1011 packets received, 4702 bps, 58.78%, Err 35 (9.9e-06)
443.795 .... 1017 packets received, 4696 bps, 58.70%, Err 35 (9.9e-06)
446.964 .... 1023 packets received, 4690 bps, 58.63%, Err 35 (9.8e-06)
450.156 .... 1029 packets received, 4684 bps, 58.56%, Err 35 (9.7e-06)
453.338 .... 1035 packets received, 4679 bps, 58.48%, Err 35 (9.7e-06)
456.520 .... 1041 packets received, 4673 bps, 58.41%, Err 35 (9.6e-06)
459.714 .... 1047 packets received, 4667 bps, 58.34%, Err 35 (9.5e-06)
462.899 .... 1053 packets received, 4662 bps, 58.27%, Err 35 (9.5e-06)
466.083 .... 1059 packets received, 4656 bps, 58.20%, Err 35 (9.4e-06)
469.277 .... 1065 packets received, 4651 bps, 58.13%, Err 35 (9.3e-06)
472.454 .... 1071 packets received, 4645 bps, 58.07%, Err 35 (9.3e-06)
475.082 .... 1075 packets received, 4637 bps, 57.96%, Err 37 (9.7e-06)
477.195 .... 1083 packets received, 4651 bps, 58.13%, Err 37 (9.7e-06)
479.310 .... 1091 packets received, 4664 bps, 58.30%, Err 37 (9.6e-06)
481.420 .... 1099 packets received, 4678 bps, 58.47%, Err 38 (9.9e-06)
483.542 .... 1101 packets received, 4666 bps, 58.32%, Err 38 (9.8e-06)
485.641 .... 1109 packets received, 4679 bps, 58.49%, Err 38 (9.8e-06)
487.767 .... 1117 packets received, 4693 bps, 58.66%, Err 38 (9.7e-06)
490.668 .... 1122 packets received, 4686 bps, 58.57%, Err 39 (9.9e-06)
492.780 .... 1130 packets received, 4699 bps, 58.74%, Err 39 (9.9e-06)
494.885 .... 1138 packets received, 4712 bps, 58.90%, Err 39 (9.9e-06)
497.000 .... 1146 packets received, 4725 bps, 59.06%, Err 39 (9.8e-06)
499.116 .... 1154 packets received, 4738 bps, 59.22%, Err 39 (9.8e-06)
501.236 .... 1162 packets received, 4750 bps, 59.38%, Err 39 (9.7e-06)
504.397 .... 1168 packets received, 4745 bps, 59.31%, Err 39 (9.7e-06)
506.508 .... 1176 packets received, 4758 bps, 59.47%, Err 39 (9.6e-06)
508.618 .... 1184 packets received, 4770 bps, 59.63%, Err 39 (9.6e-06)
510.989 .... 1187 packets received, 4760 bps, 59.50%, Err 40 (9.8e-06)
513.103 .... 1189 packets received, 4748 bps, 59.35%, Err 41 (1.0e-05)
516.812 .... 1197 packets received, 4746 bps, 59.33%, Err 42 (1.0e-05)
520.260 .... 1198 packets received, 4718 bps, 58.98%, Err 43 (1.0e-05)
522.370 .... 1206 packets received, 4731 bps, 59.13%, Err 43 (1.0e-05)
524.497 .... 1214 packets received, 4743 bps, 59.29%, Err 43 (1.0e-05)
526.608 .... 1222 packets received, 4755 bps, 59.44%, Err 43 (1.0e-05)
528.707 .... 1230 packets received, 4767 bps, 59.59%, Err 43 (1.0e-05)
530.827 .... 1238 packets received, 4779 bps, 59.74%, Err 43 (1.0e-05)
532.938 .... 1246 packets received, 4791 bps, 59.88%, Err 43 (1.0e-05)
535.051 .... 1254 packets received, 4802 bps, 60.03%, Err 43 (1.0e-05)
538.216 .... 1260 packets received, 4797 bps, 59.96%, Err 43 (1.0e-05)
540.331 .... 1268 packets received, 4809 bps, 60.11%, Err 44 (1.0e-05)
542.442 .... 1276 packets received, 4820 bps, 60.25%, Err 44 (1.0e-05)
544.568 .... 1284 packets received, 4831 bps, 60.39%, Err 44 (1.0e-05)
546.680 .... 1292 packets received, 4843 bps, 60.53%, Err 44 (1.0e-05)
548.775 .... 1300 packets received, 4854 bps, 60.68%, Err 44 (1.0e-05)
550.886 .... 1308 packets received, 4865 bps, 60.81%, Err 44 (1.0e-05)
553.003 .... 1316 packets received, 4876 bps, 60.95%, Err 44 (9.9e-06)
555.129 .... 1324 packets received, 4887 bps, 61.09%, Err 44 (9.9e-06)
558.823 .... 1332 packets received, 4884 bps, 61.05%, Err 45 (1.0e-05)
562.528 .... 1340 packets received, 4881 bps, 61.01%, Err 46 (1.0e-05)
565.692 .... 1346 packets received, 4875 bps, 60.94%, Err 46 (1.0e-05)
568.868 .... 1352 packets received, 4870 bps, 60.87%, Err 46 (1.0e-05)
572.044 .... 1358 packets received, 4864 bps, 60.80%, Err 46 (1.0e-05)
575.237 .... 1364 packets received, 4859 bps, 60.73%, Err 46 (1.0e-05)
577.335 .... 1366 packets received, 4848 bps, 60.60%, Err 47 (1.0e-05)
580.512 .... 1372 packets received, 4843 bps, 60.53%, Err 47 (1.0e-05)
583.704 .... 1378 packets received, 4837 bps, 60.47%, Err 47 (1.0e-05)
586.869 .... 1384 packets received, 4832 bps, 60.40%, Err 47 (1.0e-05)
591.626 .... 1390 packets received, 4814 bps, 60.17%, Err 48 (1.0e-05)
593.754 .... 1398 packets received, 4824 bps, 60.30%, Err 48 (1.0e-05)
595.852 .... 1400 packets received, 4814 bps, 60.18%, Err 48 (1.0e-05)
599.030 .... 1406 packets received, 4809 bps, 60.11%, Err 48 (1.0e-05)
602.208 .... 1412 packets received, 4804 bps, 60.05%, Err 50 (1.0e-05)
605.383 .... 1418 packets received, 4799 bps, 59.99%, Err 50 (1.0e-05)
608.590 .... 1424 packets received, 4794 bps, 59.93%, Err 51 (1.0e-05)
611.754 .... 1430 packets received, 4789 bps, 59.87%, Err 51 (1.0e-05)
614.930 .... 1436 packets received, 4785 bps, 59.81%, Err 51 (1.0e-05)
618.120 .... 1442 packets received, 4780 bps, 59.75%, Err 51 (1.0e-05)
621.319 .... 1448 packets received, 4775 bps, 59.69%, Err 51 (1.0e-05)
623.677 .... 1451 packets received, 4767 bps, 59.59%, Err 52 (1.0e-05)
626.886 .... 1457 packets received, 4762 bps, 59.53%, Err 52 (1.0e-05)
630.064 .... 1463 packets received, 4758 bps, 59.47%, Err 52 (1.0e-05)
633.242 .... 1469 packets received, 4753 bps, 59.41%, Err 53 (1.0e-05)
636.391 .... 1475 packets received, 4749 bps, 59.36%, Err 53 (1.0e-05)
639.587 .... 1481 packets received, 4744 bps, 59.30%, Err 53 (1.0e-05)
642.749 .... 1487 packets received, 4740 bps, 59.25%, Err 53 (1.0e-05)
645.927 .... 1493 packets received, 4736 bps, 59.20%, Err 53 (1.0e-05)
649.105 .... 1499 packets received, 4732 bps, 59.14%, Err 53 (1.0e-05)
652.271 .... 1505 packets received, 4727 bps, 59.09%, Err 53 (1.0e-05)
655.447 .... 1511 packets received, 4723 bps, 59.04%, Err 53 (1.0e-05)
658.641 .... 1517 packets received, 4719 bps, 58.99%, Err 53 (1.0e-05)
661.803 .... 1523 packets received, 4715 bps, 58.94%, Err 53 (1.0e-05)
664.983 .... 1529 packets received, 4711 bps, 58.89%, Err 53 (1.0e-05)
668.158 .... 1535 packets received, 4707 bps, 58.84%, Err 53 (9.9e-06)
671.351 .... 1541 packets received, 4703 bps, 58.79%, Err 53 (9.9e-06)
674.511 .... 1547 packets received, 4699 bps, 58.74%, Err 53 (9.8e-06)
677.702 .... 1553 packets received, 4695 bps, 58.69%, Err 53 (9.8e-06)
680.877 .... 1559 packets received, 4691 bps, 58.64%, Err 53 (9.7e-06)
684.069 .... 1565 packets received, 4687 bps, 58.59%, Err 53 (9.7e-06)
686.183 .... 1573 packets received, 4697 bps, 58.71%, Err 53 (9.7e-06)
688.299 .... 1581 packets received, 4706 bps, 58.83%, Err 53 (9.6e-06)
691.490 .... 1587 packets received, 4702 bps, 58.78%, Err 53 (9.6e-06)
694.669 .... 1593 packets received, 4698 bps, 58.73%, Err 53 (9.5e-06)
697.845 .... 1599 packets received, 4695 bps, 58.68%, Err 53 (9.5e-06)
701.024 .... 1605 packets received, 4691 bps, 58.63%, Err 53 (9.5e-06)
704.212 .... 1611 packets received, 4687 bps, 58.59%, Err 53 (9.4e-06)
707.408 .... 1617 packets received, 4683 bps, 58.54%, Err 53 (9.4e-06)
710.573 .... 1623 packets received, 4680 bps, 58.50%, Err 53 (9.3e-06)
713.228 .... 1627 packets received, 4674 bps, 58.42%, Err 54 (9.5e-06)
716.417 .... 1633 packets received, 4670 bps, 58.38%, Err 54 (9.4e-06)
719.594 .... 1639 packets received, 4667 bps, 58.33%, Err 54 (9.4e-06)
722.239 .... 1643 packets received, 4661 bps, 58.26%, Err 55 (9.5e-06)
725.404 .... 1649 packets received, 4657 bps, 58.22%, Err 55 (9.5e-06)
728.580 .... 1655 packets received, 4654 bps, 58.17%, Err 55 (9.4e-06)
731.745 .... 1661 packets received, 4651 bps, 58.13%, Err 55 (9.4e-06)
734.903 .... 1667 packets received, 4647 bps, 58.09%, Err 55 (9.4e-06)
738.079 .... 1673 packets received, 4644 bps, 58.05%, Err 55 (9.3e-06)
741.239 .... 1679 packets received, 4641 bps, 58.01%, Err 56 (9.4e-06)
744.414 .... 1685 packets received, 4637 bps, 57.97%, Err 56 (9.4e-06)
746.797 .... 1688 packets received, 4631 bps, 57.89%, Err 58 (9.7e-06)
748.910 .... 1696 packets received, 4640 bps, 58.00%, Err 58 (9.7e-06)
751.012 .... 1698 packets received, 4632 bps, 57.90%, Err 58 (9.7e-06)
753.122 .... 1706 packets received, 4641 bps, 58.01%, Err 58 (9.6e-06)
755.233 .... 1714 packets received, 4650 bps, 58.12%, Err 58 (9.6e-06)
757.363 .... 1722 packets received, 4658 bps, 58.23%, Err 58 (9.6e-06)
759.462 .... 1730 packets received, 4667 bps, 58.34%, Err 58 (9.5e-06)
761.579 .... 1738 packets received, 4675 bps, 58.44%, Err 58 (9.5e-06)
764.496 .... 1743 packets received, 4671 bps, 58.39%, Err 59 (9.6e-06)
768.203 .... 1751 packets received, 4670 bps, 58.37%, Err 59 (9.6e-06)
771.365 .... 1757 packets received, 4667 bps, 58.33%, Err 59 (9.6e-06)
774.533 .... 1763 packets received, 4663 bps, 58.29%, Err 59 (9.5e-06)
777.702 .... 1769 packets received, 4660 bps, 58.25%, Err 60 (9.6e-06)
780.868 .... 1775 packets received, 4657 bps, 58.21%, Err 61 (9.8e-06)
784.027 .... 1781 packets received, 4654 bps, 58.17%, Err 61 (9.7e-06)
787.204 .... 1787 packets received, 4651 bps, 58.13%, Err 62 (9.8e-06)
789.332 .... 1789 packets received, 4643 bps, 58.04%, Err 62 (9.8e-06)
792.521 .... 1795 packets received, 4640 bps, 58.00%, Err 63 (9.9e-06)
795.148 .... 1799 packets received, 4635 bps, 57.94%, Err 64 (1.0e-05)
798.581 .... 1806 packets received, 4633 bps, 57.92%, Err 65 (1.0e-05)
802.031 .... 1813 packets received, 4631 bps, 57.89%, Err 65 (1.0e-05)
805.183 .... 1819 packets received, 4628 bps, 57.85%, Err 65 (1.0e-05)
808.351 .... 1825 packets received, 4625 bps, 57.82%, Err 65 (1.0e-05)
811.529 .... 1831 packets received, 4622 bps, 57.78%, Err 65 (1.0e-05)
814.676 .... 1837 packets received, 4620 bps, 57.75%, Err 65 (1.0e-05)
817.871 .... 1843 packets received, 4617 bps, 57.71%, Err 65 (9.9e-06)
820.998 .... 1849 packets received, 4614 bps, 57.67%, Err 65 (9.9e-06)
824.199 .... 1855 packets received, 4611 bps, 57.64%, Err 66 (1.0e-05)
826.314 .... 1857 packets received, 4604 bps, 57.55%, Err 66 (1.0e-05)
828.418 .... 1865 packets received, 4612 bps, 57.65%, Err 66 (1.0e-05)
830.532 .... 1867 packets received, 4605 bps, 57.57%, Err 66 (9.9e-06)
832.647 .... 1875 packets received, 4613 bps, 57.67%, Err 66 (9.9e-06)
834.761 .... 1883 packets received, 4621 bps, 57.77%, Err 66 (9.9e-06)
836.874 .... 1891 packets received, 4629 bps, 57.87%, Err 66 (9.9e-06)
838.971 .... 1899 packets received, 4637 bps, 57.96%, Err 66 (9.8e-06)
841.084 .... 1907 packets received, 4645 bps, 58.06%, Err 66 (9.8e-06)
843.198 .... 1915 packets received, 4653 bps, 58.16%, Err 66 (9.8e-06)
845.586 .... 1918 packets received, 4647 bps, 58.09%, Err 66 (9.8e-06)
850.348 .... 1924 packets received, 4635 bps, 57.94%, Err 67 (9.8e-06)
852.477 .... 1932 packets received, 4643 bps, 58.04%, Err 67 (9.8e-06)
854.590 .... 1934 packets received, 4636 bps, 57.95%, Err 67 (9.8e-06)
857.493 .... 1939 packets received, 4633 bps, 57.91%, Err 67 (9.8e-06)
860.639 .... 1945 packets received, 4630 bps, 57.87%, Err 68 (9.9e-06)
863.829 .... 1951 packets received, 4627 bps, 57.84%, Err 68 (9.8e-06)
866.974 .... 1957 packets received, 4624 bps, 57.81%, Err 68 (9.8e-06)
870.163 .... 1963 packets received, 4622 bps, 57.77%, Err 68 (9.8e-06)
874.934 .... 1969 packets received, 4610 bps, 57.63%, Err 69 (9.9e-06)
878.656 .... 1977 packets received, 4610 bps, 57.62%, Err 69 (9.8e-06)
881.819 .... 1983 packets received, 4607 bps, 57.59%, Err 71 (1.0e-05)
884.997 .... 1989 packets received, 4604 bps, 57.55%, Err 71 (1.0e-05)
888.159 .... 1995 packets received, 4602 bps, 57.52%, Err 71 (1.0e-05)
891.335 .... 2001 packets received, 4599 bps, 57.49%, Err 71 (1.0e-05)
894.479 .... 2007 packets received, 4597 bps, 57.46%, Err 71 (9.9e-06)
897.655 .... 2013 packets received, 4594 bps, 57.43%, Err 71 (9.9e-06)
900.559 .... 2018 packets received, 4591 bps, 57.38%, Err 72 (1.0e-05)
903.982 .... 2025 packets received, 4589 bps, 57.36%, Err 73 (1.0e-05)
907.173 .... 2031 packets received, 4587 bps, 57.33%, Err 73 (1.0e-05)
910.327 .... 2037 packets received, 4584 bps, 57.30%, Err 73 (1.0e-05)
913.489 .... 2043 packets received, 4582 bps, 57.27%, Err 73 (1.0e-05)
916.390 .... 2048 packets received, 4578 bps, 57.23%, Err 75 (1.0e-05)
919.819 .... 2049 packets received, 4564 bps, 57.04%, Err 77 (1.0e-05)
923.543 .... 2057 packets received, 4563 bps, 57.04%, Err 77 (1.0e-05)
926.734 .... 2063 packets received, 4560 bps, 57.01%, Err 77 (1.0e-05)
929.896 .... 2069 packets received, 4558 bps, 56.98%, Err 78 (1.0e-05)
933.088 .... 2075 packets received, 4556 bps, 56.95%, Err 78 (1.0e-05)
936.265 .... 2081 packets received, 4553 bps, 56.92%, Err 78 (1.0e-05)
939.435 .... 2087 packets received, 4551 bps, 56.89%, Err 78 (1.0e-05)
943.959 .... 2092 packets received, 4540 bps, 56.75%, Err 80 (1.1e-05)
946.057 .... 2100 packets received, 4547 bps, 56.84%, Err 80 (1.1e-05)
948.186 .... 2102 packets received, 4541 bps, 56.77%, Err 80 (1.1e-05)
951.089 .... 2107 packets received, 4538 bps, 56.73%, Err 80 (1.1e-05)
954.247 .... 2113 packets received, 4536 bps, 56.70%, Err 80 (1.0e-05)
957.408 .... 2119 packets received, 4534 bps, 56.68%, Err 80 (1.0e-05)
960.599 .... 2125 packets received, 4532 bps, 56.65%, Err 80 (1.0e-05)
963.745 .... 2131 packets received, 4530 bps, 56.62%, Err 80 (1.0e-05)
965.871 .... 2139 packets received, 4537 bps, 56.71%, Err 80 (1.0e-05)
969.576 .... 2147 packets received, 4536 bps, 56.70%, Err 82 (1.1e-05)
972.738 .... 2153 packets received, 4534 bps, 56.68%, Err 82 (1.1e-05)
975.931 .... 2159 packets received, 4532 bps, 56.65%, Err 82 (1.1e-05)
979.108 .... 2165 packets received, 4530 bps, 56.62%, Err 83 (1.1e-05)
982.271 .... 2171 packets received, 4528 bps, 56.60%, Err 83 (1.1e-05)
985.449 .... 2177 packets received, 4526 bps, 56.57%, Err 83 (1.1e-05)
988.612 .... 2183 packets received, 4524 bps, 56.54%, Err 83 (1.0e-05)
991.805 .... 2189 packets received, 4521 bps, 56.52%, Err 83 (1.0e-05)
994.997 .... 2195 packets received, 4519 bps, 56.49%, Err 83 (1.0e-05)
998.178 .... 2201 packets received, 4517 bps, 56.46%, Err 83 (1.0e-05)
1002.936 .... 2207 packets received, 4508 bps, 56.35%, Err 84 (1.0e-05)
1009.803 .... 2215 packets received, 4494 bps, 56.17%, Err 86 (1.1e-05)
1012.995 .... 2221 packets received, 4492 bps, 56.14%, Err 86 (1.1e-05)
1016.166 .... 2227 packets received, 4490 bps, 56.12%, Err 86 (1.1e-05)
1018.538 .... 2230 packets received, 4485 bps, 56.06%, Err 87 (1.1e-05)
1020.637 .... 2238 packets received, 4492 bps, 56.15%, Err 87 (1.1e-05)
1022.782 .... 2240 packets received, 4487 bps, 56.08%, Err 87 (1.1e-05)
1025.704 .... 2245 packets received, 4484 bps, 56.05%, Err 87 (1.1e-05)
1028.874 .... 2251 packets received, 4482 bps, 56.02%, Err 87 (1.1e-05)
1032.081 .... 2257 packets received, 4480 bps, 56.00%, Err 87 (1.1e-05)
1035.248 .... 2263 packets received, 4478 bps, 55.98%, Err 87 (1.1e-05)
1038.432 .... 2269 packets received, 4476 bps, 55.95%, Err 87 (1.0e-05)
1041.610 .... 2275 packets received, 4474 bps, 55.93%, Err 87 (1.0e-05)
1044.530 .... 2280 packets received, 4472 bps, 55.89%, Err 88 (1.1e-05)
1047.723 .... 2286 packets received, 4470 bps, 55.87%, Err 88 (1.0e-05)
1050.886 .... 2292 packets received, 4468 bps, 55.85%, Err 88 (1.0e-05)
1054.064 .... 2298 packets received, 4466 bps, 55.83%, Err 88 (1.0e-05)
1057.245 .... 2304 packets received, 4464 bps, 55.80%, Err 88 (1.0e-05)
1060.423 .... 2310 packets received, 4463 bps, 55.78%, Err 88 (1.0e-05)
1063.598 .... 2316 packets received, 4461 bps, 55.76%, Err 89 (1.0e-05)
1066.774 .... 2322 packets received, 4459 bps, 55.74%, Err 89 (1.0e-05)
1069.949 .... 2328 packets received, 4457 bps, 55.72%, Err 89 (1.0e-05)
1073.123 .... 2334 packets received, 4455 bps, 55.69%, Err 89 (1.0e-05)
1076.302 .... 2340 packets received, 4454 bps, 55.67%, Err 89 (1.0e-05)
1079.487 .... 2346 packets received, 4452 bps, 55.65%, Err 90 (1.0e-05)
1082.646 .... 2352 packets received, 4450 bps, 55.63%, Err 90 (1.0e-05)
1085.837 .... 2358 packets received, 4449 bps, 55.61%, Err 90 (1.0e-05)
1089.025 .... 2364 packets received, 4447 bps, 55.59%, Err 90 (1.0e-05)
1092.215 .... 2370 packets received, 4445 bps, 55.56%, Err 90 (1.0e-05)
1095.389 .... 2376 packets received, 4443 bps, 55.54%, Err 90 (1.0e-05)
1098.580 .... 2382 packets received, 4442 bps, 55.52%, Err 90 (1.0e-05)
1101.759 .... 2388 packets received, 4440 bps, 55.50%, Err 90 (1.0e-05)
1104.914 .... 2394 packets received, 4439 bps, 55.48%, Err 91 (1.0e-05)
1108.126 .... 2400 packets received, 4437 bps, 55.46%, Err 92 (1.0e-05)
1111.278 .... 2406 packets received, 4435 bps, 55.44%, Err 92 (1.0e-05)
1113.404 .... 2414 packets received, 4441 bps, 55.52%, Err 92 (1.0e-05)
1115.512 .... 2422 packets received, 4448 bps, 55.60%, Err 92 (1.0e-05)
1117.625 .... 2430 packets received, 4454 bps, 55.67%, Err 92 (1.0e-05)
1119.736 .... 2438 packets received, 4460 bps, 55.75%, Err 92 (1.0e-05)
1121.850 .... 2446 packets received, 4466 bps, 55.83%, Err 92 (1.0e-05)
1123.961 .... 2454 packets received, 4473 bps, 55.91%, Err 92 (1.0e-05)
1126.088 .... 2462 packets received, 4479 bps, 55.98%, Err 92 (1.0e-05)
1128.200 .... 2470 packets received, 4485 bps, 56.06%, Err 92 (1.0e-05)
1130.312 .... 2478 packets received, 4491 bps, 56.14%, Err 92 (1.0e-05)
1132.407 .... 2486 packets received, 4497 bps, 56.21%, Err 92 (1.0e-05)
1134.534 .... 2494 packets received, 4503 bps, 56.29%, Err 92 (1.0e-05)
1136.632 .... 2502 packets received, 4509 bps, 56.37%, Err 92 (1.0e-05)
1138.734 .... 2510 packets received, 4515 bps, 56.44%, Err 92 (1.0e-05)
1140.862 .... 2518 packets received, 4521 bps, 56.52%, Err 92 (1.0e-05)
1142.974 .... 2526 packets received, 4527 bps, 56.59%, Err 92 (1.0e-05)
1145.086 .... 2534 packets received, 4533 bps, 56.67%, Err 92 (1.0e-05)
1147.184 .... 2542 packets received, 4539 bps, 56.74%, Err 92 (1.0e-05)
1149.299 .... 2544 packets received, 4534 bps, 56.68%, Err 93 (1.0e-05)
1151.404 .... 2552 packets received, 4540 bps, 56.75%, Err 93 (1.0e-05)
1153.518 .... 2560 packets received, 4546 bps, 56.83%, Err 93 (1.0e-05)
1155.648 .... 2568 packets received, 4552 bps, 56.90%, Err 93 (1.0e-05)
1158.837 .... 2574 packets received, 4550 bps, 56.88%, Err 93 (1.0e-05)
1161.998 .... 2580 packets received, 4548 bps, 56.85%, Err 93 (1.0e-05)
1165.173 .... 2586 packets received, 4546 bps, 56.83%, Err 94 (1.0e-05)
1168.379 .... 2592 packets received, 4544 bps, 56.81%, Err 94 (1.0e-05)
1171.543 .... 2598 packets received, 4543 bps, 56.78%, Err 94 (1.0e-05)
1174.737 .... 2604 packets received, 4541 bps, 56.76%, Err 94 (1.0e-05)
1177.915 .... 2610 packets received, 4539 bps, 56.74%, Err 94 (1.0e-05)
1181.104 .... 2616 packets received, 4537 bps, 56.71%, Err 95 (1.0e-05)
1184.300 .... 2622 packets received, 4535 bps, 56.69%, Err 95 (1.0e-05)
1187.477 .... 2628 packets received, 4533 bps, 56.67%, Err 95 (1.0e-05)
1190.668 .... 2634 packets received, 4532 bps, 56.65%, Err 95 (1.0e-05)
1193.302 .... 2638 packets received, 4529 bps, 56.61%, Err 96 (1.0e-05)
1196.498 .... 2644 packets received, 4527 bps, 56.58%, Err 96 (1.0e-05)
1199.660 .... 2650 packets received, 4525 bps, 56.56%, Err 96 (1.0e-05)
1202.834 .... 2656 packets received, 4523 bps, 56.54%, Err 96 (1.0e-05)
1206.008 .... 2662 packets received, 4522 bps, 56.52%, Err 96 (1.0e-05)
1209.191 .... 2668 packets received, 4520 bps, 56.50%, Err 96 (9.9e-06)
1212.369 .... 2674 packets received, 4518 bps, 56.48%, Err 96 (9.9e-06)
1215.547 .... 2680 packets received, 4516 bps, 56.46%, Err 98 (1.0e-05)
1218.726 .... 2686 packets received, 4515 bps, 56.43%, Err 98 (1.0e-05)
1221.905 .... 2692 packets received, 4513 bps, 56.41%, Err 98 (1.0e-05)
1225.086 .... 2698 packets received, 4511 bps, 56.39%, Err 98 (1.0e-05)
1228.263 .... 2704 packets received, 4510 bps, 56.37%, Err 98 (1.0e-05)
1230.878 .... 2708 packets received, 4507 bps, 56.33%, Err 99 (1.0e-05)
1234.071 .... 2714 packets received, 4505 bps, 56.31%, Err 100 (1.0e-05)
1237.265 .... 2720 packets received, 4503 bps, 56.29%, Err 100 (1.0e-05)
1242.019 .... 2726 packets received, 4496 bps, 56.20%, Err 101 (1.0e-05)
1244.130 .... 2734 packets received, 4502 bps, 56.27%, Err 101 (1.0e-05)
1246.514 .... 2737 packets received, 4498 bps, 56.22%, Err 102 (1.0e-05)
1249.673 .... 2743 packets received, 4496 bps, 56.20%, Err 102 (1.0e-05)
1252.834 .... 2749 packets received, 4495 bps, 56.18%, Err 102 (1.0e-05)
1254.947 .... 2751 packets received, 4490 bps, 56.13%, Err 103 (1.0e-05)
1257.075 .... 2759 packets received, 4496 bps, 56.20%, Err 103 (1.0e-05)
1259.202 .... 2761 packets received, 4492 bps, 56.14%, Err 103 (1.0e-05)
1262.378 .... 2767 packets received, 4490 bps, 56.13%, Err 103 (1.0e-05)
1265.561 .... 2773 packets received, 4488 bps, 56.11%, Err 103 (1.0e-05)
1268.739 .... 2779 packets received, 4487 bps, 56.09%, Err 103 (1.0e-05)
1271.918 .... 2785 packets received, 4485 bps, 56.07%, Err 103 (1.0e-05)
1275.112 .... 2791 packets received, 4484 bps, 56.05%, Err 105 (1.0e-05)
1278.284 .... 2797 packets received, 4482 bps, 56.03%, Err 105 (1.0e-05)
1281.475 .... 2803 packets received, 4481 bps, 56.01%, Err 106 (1.0e-05)
1284.665 .... 2809 packets received, 4479 bps, 55.99%, Err 106 (1.0e-05)
1287.857 .... 2815 packets received, 4478 bps, 55.97%, Err 106 (1.0e-05)
1291.018 .... 2821 packets received, 4476 bps, 55.95%, Err 106 (1.0e-05)
1293.129 .... 2829 packets received, 4481 bps, 56.02%, Err 106 (1.0e-05)
1295.240 .... 2837 packets received, 4487 bps, 56.08%, Err 106 (1.0e-05)
1298.428 .... 2843 packets received, 4485 bps, 56.07%, Err 107 (1.0e-05)
1300.526 .... 2851 packets received, 4491 bps, 56.13%, Err 107 (1.0e-05)
1302.654 .... 2859 packets received, 4496 bps, 56.20%, Err 107 (1.0e-05)
1304.766 .... 2867 packets received, 4501 bps, 56.26%, Err 107 (1.0e-05)
1306.876 .... 2875 packets received, 4506 bps, 56.33%, Err 107 (1.0e-05)
1308.963 .... 2883 packets received, 4512 bps, 56.40%, Err 107 (1.0e-05)
1311.103 .... 2891 packets received, 4517 bps, 56.46%, Err 107 (1.0e-05)
1313.207 .... 2899 packets received, 4522 bps, 56.53%, Err 107 (1.0e-05)
1315.311 .... 2907 packets received, 4527 bps, 56.59%, Err 107 (1.0e-05)
1317.423 .... 2915 packets received, 4532 bps, 56.66%, Err 107 (1.0e-05)
1319.551 .... 2923 packets received, 4538 bps, 56.72%, Err 107 (1.0e-05)
1321.636 .... 2931 packets received, 4543 bps, 56.79%, Err 107 (1.0e-05)
1323.764 .... 2939 packets received, 4548 bps, 56.85%, Err 107 (1.0e-05)
1325.860 .... 2947 packets received, 4553 bps, 56.91%, Err 107 (1.0e-05)
1327.994 .... 2955 packets received, 4558 bps, 56.98%, Err 107 (1.0e-05)
1330.123 .... 2963 packets received, 4563 bps, 57.04%, Err 107 (1.0e-05)
1332.211 .... 2971 packets received, 4568 bps, 57.10%, Err 107 (1.0e-05)
1334.327 .... 2979 packets received, 4573 bps, 57.17%, Err 107 (1.0e-05)
1336.421 .... 2987 packets received, 4578 bps, 57.23%, Err 107 (1.0e-05)
1338.546 .... 2995 packets received, 4583 bps, 57.29%, Err 107 (1.0e-05)
1340.658 .... 3003 packets received, 4588 bps, 57.35%, Err 107 (1.0e-05)
1342.769 .... 3011 packets received, 4593 bps, 57.42%, Err 107 (1.0e-05)
1344.885 .... 3019 packets received, 4598 bps, 57.48%, Err 107 (9.9e-06)
1346.995 .... 3027 packets received, 4603 bps, 57.54%, Err 107 (9.9e-06)
1349.108 .... 3035 packets received, 4608 bps, 57.60%, Err 107 (9.9e-06)
1351.219 .... 3043 packets received, 4613 bps, 57.66%, Err 107 (9.9e-06)
1353.345 .... 3045 packets received, 4609 bps, 57.61%, Err 107 (9.9e-06)
1356.265 .... 3050 packets received, 4607 bps, 57.58%, Err 107 (9.9e-06)
1359.439 .... 3056 packets received, 4605 bps, 57.56%, Err 108 (9.9e-06)
1362.632 .... 3062 packets received, 4603 bps, 57.54%, Err 108 (9.9e-06)
1365.822 .... 3068 packets received, 4601 bps, 57.52%, Err 108 (9.9e-06)
1368.982 .... 3074 packets received, 4600 bps, 57.50%, Err 108 (9.9e-06)
1372.181 .... 3080 packets received, 4598 bps, 57.47%, Err 108 (9.8e-06)
1375.348 .... 3086 packets received, 4596 bps, 57.45%, Err 108 (9.8e-06)
1378.535 .... 3092 packets received, 4595 bps, 57.43%, Err 108 (9.8e-06)
1381.726 .... 3098 packets received, 4593 bps, 57.41%, Err 109 (9.9e-06)
1384.903 .... 3104 packets received, 4591 bps, 57.39%, Err 109 (9.8e-06)
1388.092 .... 3110 packets received, 4589 bps, 57.37%, Err 110 (9.9e-06)
1391.267 .... 3116 packets received, 4588 bps, 57.35%, Err 110 (9.9e-06)
1394.167 .... 3121 packets received, 4586 bps, 57.32%, Err 113 (1.0e-05)
1396.296 .... 3123 packets received, 4582 bps, 57.27%, Err 113 (1.0e-05)
1399.734 .... 3130 packets received, 4581 bps, 57.26%, Err 114 (1.0e-05)
1402.926 .... 3136 packets received, 4579 bps, 57.24%, Err 114 (1.0e-05)
1406.075 .... 3142 packets received, 4577 bps, 57.22%, Err 114 (1.0e-05)
1409.258 .... 3148 packets received, 4576 bps, 57.20%, Err 114 (1.0e-05)
1412.416 .... 3154 packets received, 4574 bps, 57.18%, Err 114 (1.0e-05)
1415.593 .... 3160 packets received, 4573 bps, 57.16%, Err 114 (1.0e-05)
1418.742 .... 3166 packets received, 4571 bps, 57.14%, Err 114 (1.0e-05)
1421.934 .... 3172 packets received, 4570 bps, 57.12%, Err 114 (1.0e-05)
1425.084 .... 3178 packets received, 4568 bps, 57.10%, Err 115 (1.0e-05)
1428.246 .... 3184 packets received, 4567 bps, 57.08%, Err 115 (1.0e-05)
1431.440 .... 3190 packets received, 4565 bps, 57.06%, Err 115 (1.0e-05)
1434.604 .... 3196 packets received, 4563 bps, 57.04%, Err 115 (1.0e-05)
1437.768 .... 3202 packets received, 4562 bps, 57.02%, Err 115 (1.0e-05)
1439.864 .... 3204 packets received, 4558 bps, 56.98%, Err 116 (1.0e-05)
1441.995 .... 3212 packets received, 4563 bps, 57.03%, Err 116 (1.0e-05)
1444.108 .... 3220 packets received, 4567 bps, 57.09%, Err 116 (1.0e-05)
1446.207 .... 3228 packets received, 4572 bps, 57.15%, Err 116 (1.0e-05)
1448.336 .... 3236 packets received, 4577 bps, 57.21%, Err 116 (1.0e-05)
1450.420 .... 3244 packets received, 4581 bps, 57.27%, Err 116 (1.0e-05)
1452.534 .... 3252 packets received, 4586 bps, 57.33%, Err 116 (1.0e-05)
1454.648 .... 3260 packets received, 4591 bps, 57.38%, Err 116 (1.0e-05)
1456.777 .... 3268 packets received, 4595 bps, 57.44%, Err 116 (1.0e-05)
1458.877 .... 3276 packets received, 4600 bps, 57.50%, Err 116 (9.9e-06)
1461.003 .... 3284 packets received, 4604 bps, 57.55%, Err 116 (9.9e-06)
1463.101 .... 3286 packets received, 4601 bps, 57.51%, Err 116 (9.9e-06)
1465.231 .... 3294 packets received, 4605 bps, 57.56%, Err 116 (9.9e-06)
1467.343 .... 3302 packets received, 4610 bps, 57.62%, Err 116 (9.9e-06)
1471.054 .... 3304 packets received, 4601 bps, 57.51%, Err 118 (1.0e-05)
1473.151 .... 3312 packets received, 4605 bps, 57.57%, Err 118 (1.0e-05)
1475.265 .... 3320 packets received, 4610 bps, 57.62%, Err 119 (1.0e-05)
1477.377 .... 3322 packets received, 4606 bps, 57.57%, Err 120 (1.0e-05)
1480.021 .... 3326 packets received, 4603 bps, 57.54%, Err 121 (1.0e-05)
1483.213 .... 3332 packets received, 4602 bps, 57.52%, Err 121 (1.0e-05)
1486.390 .... 3338 packets received, 4600 bps, 57.50%, Err 121 (1.0e-05)
1489.565 .... 3344 packets received, 4599 bps, 57.48%, Err 121 (1.0e-05)
1492.742 .... 3350 packets received, 4597 bps, 57.46%, Err 121 (1.0e-05)
1495.919 .... 3356 packets received, 4595 bps, 57.44%, Err 121 (1.0e-05)
1499.093 .... 3362 packets received, 4594 bps, 57.42%, Err 121 (1.0e-05)
1502.266 .... 3368 packets received, 4592 bps, 57.40%, Err 121 (1.0e-05)
1505.456 .... 3374 packets received, 4591 bps, 57.38%, Err 121 (1.0e-05)
1508.599 .... 3380 packets received, 4589 bps, 57.37%, Err 122 (1.0e-05)
1510.711 .... 3382 packets received, 4586 bps, 57.32%, Err 122 (1.0e-05)
1513.646 .... 3387 packets received, 4584 bps, 57.29%, Err 123 (1.0e-05)
1517.336 .... 3395 packets received, 4583 bps, 57.29%, Err 124 (1.0e-05)
1519.464 .... 3403 packets received, 4588 bps, 57.34%, Err 124 (1.0e-05)
1522.384 .... 3408 packets received, 4585 bps, 57.32%, Err 124 (1.0e-05)
1524.496 .... 3416 packets received, 4590 bps, 57.37%, Err 124 (1.0e-05)
1526.593 .... 3424 packets received, 4594 bps, 57.43%, Err 124 (1.0e-05)
1528.705 .... 3432 packets received, 4599 bps, 57.48%, Err 124 (1.0e-05)
1530.816 .... 3440 packets received, 4603 bps, 57.54%, Err 124 (1.0e-05)
1532.928 .... 3448 packets received, 4607 bps, 57.59%, Err 124 (1.0e-05)
1535.038 .... 3456 packets received, 4612 bps, 57.65%, Err 124 (1.0e-05)
1537.165 .... 3464 packets received, 4616 bps, 57.70%, Err 124 (1.0e-05)
1539.264 .... 3472 packets received, 4620 bps, 57.75%, Err 124 (1.0e-05)
1541.379 .... 3480 packets received, 4625 bps, 57.81%, Err 124 (1.0e-05)
1543.505 .... 3488 packets received, 4629 bps, 57.86%, Err 124 (1.0e-05)
1545.602 .... 3496 packets received, 4633 bps, 57.92%, Err 124 (1.0e-05)
1547.714 .... 3498 packets received, 4630 bps, 57.87%, Err 124 (1.0e-05)
1549.827 .... 3506 packets received, 4634 bps, 57.92%, Err 124 (1.0e-05)
1551.926 .... 3514 packets received, 4638 bps, 57.98%, Err 124 (1.0e-05)
1554.055 .... 3522 packets received, 4642 bps, 58.03%, Err 124 (1.0e-05)
1556.151 .... 3530 packets received, 4647 bps, 58.08%, Err 124 (1.0e-05)
1558.263 .... 3538 packets received, 4651 bps, 58.13%, Err 124 (9.9e-06)
1560.392 .... 3546 packets received, 4655 bps, 58.19%, Err 124 (9.9e-06)
1563.037 .... 3550 packets received, 4652 bps, 58.15%, Err 125 (1.0e-05)
1566.745 .... 3558 packets received, 4652 bps, 58.15%, Err 125 (1.0e-05)
1569.905 .... 3564 packets received, 4650 bps, 58.13%, Err 125 (1.0e-05)
1573.082 .... 3570 packets received, 4649 bps, 58.11%, Err 125 (9.9e-06)
1576.228 .... 3576 packets received, 4647 bps, 58.09%, Err 125 (9.9e-06)
1579.404 .... 3582 packets received, 4646 bps, 58.07%, Err 126 (1.0e-05)
1582.565 .... 3588 packets received, 4644 bps, 58.05%, Err 126 (1.0e-05)
1585.757 .... 3594 packets received, 4642 bps, 58.03%, Err 126 (9.9e-06)
1588.903 .... 3600 packets received, 4641 bps, 58.01%, Err 126 (9.9e-06)
1592.095 .... 3606 packets received, 4639 bps, 57.99%, Err 127 (1.0e-05)
1595.243 .... 3612 packets received, 4638 bps, 57.97%, Err 127 (1.0e-05)
1598.405 .... 3618 packets received, 4636 bps, 57.96%, Err 127 (9.9e-06)
1601.326 .... 3623 packets received, 4634 bps, 57.93%, Err 128 (1.0e-05)
1604.763 .... 3630 packets received, 4633 bps, 57.92%, Err 128 (1.0e-05)
1607.925 .... 3636 packets received, 4632 bps, 57.90%, Err 129 (1.0e-05)
1611.118 .... 3642 packets received, 4630 bps, 57.88%, Err 129 (1.0e-05)
1614.296 .... 3648 packets received, 4629 bps, 57.86%, Err 129 (1.0e-05)
1617.475 .... 3654 packets received, 4627 bps, 57.84%, Err 129 (1.0e-05)
1620.654 .... 3660 packets received, 4626 bps, 57.82%, Err 129 (9.9e-06)
1623.832 .... 3666 packets received, 4624 bps, 57.81%, Err 129 (9.9e-06)
1627.025 .... 3672 packets received, 4623 bps, 57.79%, Err 129 (9.9e-06)
1630.204 .... 3678 packets received, 4621 bps, 57.77%, Err 129 (9.9e-06)
1633.383 .... 3684 packets received, 4620 bps, 57.75%, Err 129 (9.9e-06)
1636.561 .... 3690 packets received, 4618 bps, 57.73%, Err 129 (9.9e-06)
1639.754 .... 3696 packets received, 4617 bps, 57.71%, Err 129 (9.8e-06)
1642.401 .... 3700 packets received, 4615 bps, 57.68%, Err 130 (9.9e-06)
1644.499 .... 3708 packets received, 4619 bps, 57.73%, Err 130 (9.9e-06)
1646.627 .... 3716 packets received, 4623 bps, 57.78%, Err 130 (9.9e-06)
1648.740 .... 3724 packets received, 4627 bps, 57.83%, Err 130 (9.9e-06)
1650.853 .... 3732 packets received, 4631 bps, 57.88%, Err 130 (9.8e-06)
1652.955 .... 3740 packets received, 4635 bps, 57.93%, Err 130 (9.8e-06)
1655.073 .... 3748 packets received, 4639 bps, 57.98%, Err 130 (9.8e-06)
1657.177 .... 3756 packets received, 4643 bps, 58.03%, Err 130 (9.8e-06)
1659.554 .... 3759 packets received, 4640 bps, 58.00%, Err 131 (9.9e-06)
1661.665 .... 3767 packets received, 4644 bps, 58.05%, Err 131 (9.9e-06)
1663.782 .... 3775 packets received, 4648 bps, 58.09%, Err 131 (9.8e-06)
1666.943 .... 3781 packets received, 4646 bps, 58.08%, Err 132 (9.9e-06)
1669.054 .... 3789 packets received, 4650 bps, 58.13%, Err 132 (9.9e-06)
1671.169 .... 3797 packets received, 4654 bps, 58.17%, Err 132 (9.9e-06)
1673.273 .... 3805 packets received, 4658 bps, 58.22%, Err 132 (9.9e-06)
1676.193 .... 3810 packets received, 4656 bps, 58.20%, Err 132 (9.8e-06)
1678.296 .... 3818 packets received, 4660 bps, 58.25%, Err 132 (9.8e-06)
1680.684 .... 3821 packets received, 4657 bps, 58.21%, Err 133 (9.9e-06)
1682.783 .... 3829 packets received, 4661 bps, 58.26%, Err 133 (9.9e-06)
1684.890 .... 3837 packets received, 4665 bps, 58.31%, Err 133 (9.9e-06)
1688.076 .... 3843 packets received, 4663 bps, 58.29%, Err 134 (9.9e-06)
1690.171 .... 3851 packets received, 4667 bps, 58.34%, Err 135 (1.0e-05)
1691.233 TCP Disconnected.
