./selective -b -log b.log 
=========================================================================
                          Station B                                 
-------------------------------------------------------------------------
Protocol.lib, version 3.0, Build: Oct 19 2009 (jiangy@public3.bta.net.cn)
Channel: 8000 bps, 270 ms propagation delay, bit error rate 1.0E-05
Log file "b.log", TCP port 59144, debug mask 0x00
Station B is connecting station A (TCP port 59144) ... Done.
New epoch: Sun Nov 22 11:24:24 2009
=========================================================================
Designed by JackalDire
2.581 .... 8 packets received, 7732 bps, 96.65%, Err 0 (0.0e+00)
6.016 .... 16 packets received, 5900 bps, 73.75%, Err 1 (2.1e-05)
8.202 .... 28 packets received, 7409 bps, 92.61%, Err 1 (1.6e-05)
10.315 .... 36 packets received, 7483 bps, 93.53%, Err 1 (1.2e-05)
12.429 .... 44 packets received, 7530 bps, 94.13%, Err 1 (1.0e-05)
14.539 .... 52 packets received, 7565 bps, 94.57%, Err 1 (8.8e-06)
16.664 .... 60 packets received, 7584 bps, 94.80%, Err 1 (7.6e-06)
18.775 .... 68 packets received, 7605 bps, 95.06%, Err 1 (6.8e-06)
22.208 .... 76 packets received, 7158 bps, 89.47%, Err 2 (1.1e-05)
24.319 .... 87 packets received, 7468 bps, 93.36%, Err 2 (1.1e-05)
26.433 .... 95 packets received, 7491 bps, 93.64%, Err 2 (9.7e-06)
28.547 .... 103 packets received, 7511 bps, 93.89%, Err 3 (1.3e-05)
31.704 .... 108 packets received, 7080 bps, 88.50%, Err 4 (1.6e-05)
33.865 .... 119 packets received, 7296 bps, 91.20%, Err 4 (1.5e-05)
35.966 .... 127 packets received, 7326 bps, 91.57%, Err 4 (1.4e-05)
38.080 .... 135 packets received, 7350 bps, 91.87%, Err 4 (1.4e-05)
40.191 .... 143 packets received, 7372 bps, 92.14%, Err 4 (1.3e-05)
42.302 .... 151 packets received, 7391 bps, 92.39%, Err 4 (1.2e-05)
44.428 .... 159 packets received, 7406 bps, 92.58%, Err 4 (1.2e-05)
46.539 .... 167 packets received, 7423 bps, 92.78%, Err 4 (1.1e-05)
48.650 .... 175 packets received, 7438 bps, 92.97%, Err 4 (1.1e-05)
50.762 .... 183 packets received, 7451 bps, 93.14%, Err 4 (1.0e-05)
52.873 .... 191 packets received, 7463 bps, 93.29%, Err 4 (9.7e-06)
54.986 .... 199 packets received, 7475 bps, 93.43%, Err 4 (9.3e-06)
57.096 .... 207 packets received, 7486 bps, 93.57%, Err 4 (8.9e-06)
59.207 .... 215 packets received, 7495 bps, 93.69%, Err 4 (8.6e-06)
61.317 .... 223 packets received, 7505 bps, 93.81%, Err 5 (1.0e-05)
63.427 .... 230 packets received, 7481 bps, 93.51%, Err 5 (1.0e-05)
65.537 .... 237 packets received, 7459 bps, 93.23%, Err 5 (9.7e-06)
67.651 .... 245 packets received, 7468 bps, 93.35%, Err 5 (9.4e-06)
69.777 .... 253 packets received, 7475 bps, 93.44%, Err 5 (9.1e-06)
71.892 .... 261 packets received, 7483 bps, 93.54%, Err 5 (8.9e-06)
74.002 .... 269 packets received, 7491 bps, 93.64%, Err 5 (8.6e-06)
76.113 .... 277 packets received, 7499 bps, 93.74%, Err 5 (8.4e-06)
78.224 .... 285 packets received, 7506 bps, 93.82%, Err 5 (8.1e-06)
80.338 .... 292 packets received, 7487 bps, 93.59%, Err 6 (9.5e-06)
82.482 .... 299 packets received, 7466 bps, 93.32%, Err 6 (9.3e-06)
84.594 .... 307 packets received, 7473 bps, 93.42%, Err 6 (9.0e-06)
86.704 .... 315 packets received, 7480 bps, 93.50%, Err 6 (8.8e-06)
88.818 .... 323 packets received, 7487 bps, 93.59%, Err 6 (8.6e-06)
90.931 .... 331 packets received, 7493 bps, 93.66%, Err 6 (8.4e-06)
93.045 .... 339 packets received, 7499 bps, 93.74%, Err 6 (8.2e-06)
96.222 .... 346 packets received, 7400 bps, 92.50%, Err 7 (9.3e-06)
98.337 .... 357 packets received, 7470 bps, 93.38%, Err 7 (9.1e-06)
100.447 .... 365 packets received, 7476 bps, 93.45%, Err 7 (8.9e-06)
102.572 .... 373 packets received, 7481 bps, 93.51%, Err 7 (8.7e-06)
104.651 .... 381 packets received, 7489 bps, 93.61%, Err 7 (8.5e-06)
106.777 .... 389 packets received, 7494 bps, 93.67%, Err 7 (8.3e-06)
108.888 .... 396 packets received, 7480 bps, 93.50%, Err 8 (9.3e-06)
110.996 .... 404 packets received, 7485 bps, 93.57%, Err 9 (1.0e-05)
113.119 .... 412 packets received, 7490 bps, 93.62%, Err 9 (1.0e-05)
115.227 .... 420 packets received, 7495 bps, 93.69%, Err 10 (1.1e-05)
117.608 .... 425 packets received, 7430 bps, 92.88%, Err 11 (1.2e-05)
119.672 .... 435 packets received, 7473 bps, 93.41%, Err 11 (1.2e-05)
121.781 .... 443 packets received, 7478 bps, 93.48%, Err 11 (1.1e-05)
123.874 .... 451 packets received, 7484 bps, 93.55%, Err 11 (1.1e-05)
126.013 .... 459 packets received, 7487 bps, 93.59%, Err 11 (1.1e-05)
128.121 .... 467 packets received, 7492 bps, 93.65%, Err 11 (1.1e-05)
130.760 .... 473 packets received, 7435 bps, 92.93%, Err 12 (1.2e-05)
132.838 .... 482 packets received, 7457 bps, 93.21%, Err 13 (1.2e-05)
134.931 .... 490 packets received, 7463 bps, 93.29%, Err 13 (1.2e-05)
137.040 .... 498 packets received, 7468 bps, 93.34%, Err 13 (1.2e-05)
139.149 .... 506 packets received, 7472 bps, 93.40%, Err 13 (1.2e-05)
141.273 .... 514 packets received, 7476 bps, 93.45%, Err 13 (1.2e-05)
143.381 .... 522 packets received, 7480 bps, 93.50%, Err 13 (1.2e-05)
145.489 .... 530 packets received, 7484 bps, 93.56%, Err 13 (1.1e-05)
147.597 .... 538 packets received, 7489 bps, 93.61%, Err 13 (1.1e-05)
149.720 .... 546 packets received, 7492 bps, 93.65%, Err 13 (1.1e-05)
151.832 .... 554 packets received, 7495 bps, 93.69%, Err 13 (1.1e-05)
153.942 .... 562 packets received, 7499 bps, 93.74%, Err 13 (1.1e-05)
156.068 .... 570 packets received, 7502 bps, 93.78%, Err 13 (1.1e-05)
158.177 .... 578 packets received, 7506 bps, 93.82%, Err 13 (1.0e-05)
160.285 .... 586 packets received, 7509 bps, 93.86%, Err 13 (1.0e-05)
162.409 .... 594 packets received, 7512 bps, 93.90%, Err 13 (1.0e-05)
164.505 .... 602 packets received, 7516 bps, 93.95%, Err 13 (1.0e-05)
166.613 .... 610 packets received, 7519 bps, 93.99%, Err 13 (9.9e-06)
168.721 .... 618 packets received, 7522 bps, 94.03%, Err 13 (9.8e-06)
170.844 .... 626 packets received, 7525 bps, 94.06%, Err 13 (9.6e-06)
172.954 .... 634 packets received, 7527 bps, 94.09%, Err 13 (9.5e-06)
175.078 .... 642 packets received, 7530 bps, 94.12%, Err 13 (9.4e-06)
177.171 .... 650 packets received, 7533 bps, 94.17%, Err 13 (9.3e-06)
179.279 .... 658 packets received, 7536 bps, 94.20%, Err 13 (9.2e-06)
181.404 .... 666 packets received, 7538 bps, 94.23%, Err 13 (9.1e-06)
1022.042 TCP Disconnected.
