./selective -af -log saf.log 
=========================================================================
                          Station A                                 
-------------------------------------------------------------------------
Protocol.lib, version 3.0, Build: Oct 19 2009 (jiangy@public3.bta.net.cn)
Channel: 8000 bps, 270 ms propagation delay, bit error rate 1.0E-05
Log file "saf.log", TCP port 59144, debug mask 0x00
Station A is waiting for station B on TCP port 59144 ... Done.
New epoch: Sun Nov 22 13:00:50 2009
=========================================================================
Designed by JackalDire
2.433 .... 6 packets received, 5742 bps, 71.78%, Err 0 (0.0e+00)
4.573 .... 12 packets received, 5742 bps, 71.78%, Err 0 (0.0e+00)
7.244 .... 16 packets received, 4714 bps, 58.93%, Err 1 (2.4e-05)
9.397 .... 23 packets received, 5174 bps, 64.67%, Err 1 (2.0e-05)
11.825 .... 29 packets received, 5150 bps, 64.38%, Err 1 (1.6e-05)
14.207 .... 35 packets received, 5152 bps, 64.40%, Err 1 (1.3e-05)
16.331 .... 41 packets received, 5236 bps, 65.44%, Err 1 (1.1e-05)
18.472 .... 47 packets received, 5295 bps, 66.19%, Err 1 (9.7e-06)
20.594 .... 53 packets received, 5347 bps, 66.83%, Err 1 (8.8e-06)
23.022 .... 59 packets received, 5316 bps, 66.45%, Err 1 (7.9e-06)
25.404 .... 65 packets received, 5301 bps, 66.27%, Err 1 (7.1e-06)
27.529 .... 71 packets received, 5339 bps, 66.74%, Err 1 (6.5e-06)
29.668 .... 77 packets received, 5368 bps, 67.10%, Err 1 (6.0e-06)
31.822 .... 82 packets received, 5326 bps, 66.58%, Err 1 (5.6e-06)
33.981 .... 89 packets received, 5411 bps, 67.63%, Err 1 (5.2e-06)
36.137 .... 96 packets received, 5485 bps, 68.56%, Err 1 (4.9e-06)
39.357 .... 102 packets received, 5348 bps, 66.84%, Err 2 (8.8e-06)
41.526 .... 108 packets received, 5364 bps, 67.05%, Err 2 (8.5e-06)
43.680 .... 114 packets received, 5381 bps, 67.26%, Err 2 (8.2e-06)
45.850 .... 120 packets received, 5395 bps, 67.43%, Err 3 (1.2e-05)
48.007 .... 127 packets received, 5451 bps, 68.14%, Err 3 (1.1e-05)
50.148 .... 134 packets received, 5505 bps, 68.81%, Err 3 (1.0e-05)
52.273 .... 140 packets received, 5516 bps, 68.95%, Err 3 (9.9e-06)
54.432 .... 147 packets received, 5561 bps, 69.51%, Err 3 (9.5e-06)
56.572 .... 154 packets received, 5604 bps, 70.05%, Err 3 (9.1e-06)
58.698 .... 160 packets received, 5610 bps, 70.13%, Err 3 (8.7e-06)
60.829 .... 167 packets received, 5650 bps, 70.62%, Err 3 (8.4e-06)
62.987 .... 172 packets received, 5619 bps, 70.23%, Err 3 (8.2e-06)
65.128 .... 178 packets received, 5623 bps, 70.28%, Err 3 (7.8e-06)
67.268 .... 185 packets received, 5657 bps, 70.71%, Err 3 (7.5e-06)
69.942 .... 192 packets received, 5646 bps, 70.57%, Err 3 (7.3e-06)
72.082 .... 197 packets received, 5620 bps, 70.25%, Err 3 (7.1e-06)
74.209 .... 204 packets received, 5652 bps, 70.65%, Err 3 (6.9e-06)
76.624 .... 211 packets received, 5661 bps, 70.77%, Err 3 (6.6e-06)
78.766 .... 218 packets received, 5689 bps, 71.12%, Err 3 (6.4e-06)
80.969 .... 224 packets received, 5686 bps, 71.08%, Err 3 (6.2e-06)
83.146 .... 231 packets received, 5710 bps, 71.38%, Err 3 (6.1e-06)
85.273 .... 237 packets received, 5712 bps, 71.40%, Err 4 (7.9e-06)
88.250 .... 243 packets received, 5658 bps, 70.73%, Err 5 (9.5e-06)
90.421 .... 249 packets received, 5658 bps, 70.73%, Err 5 (9.3e-06)
92.852 .... 255 packets received, 5642 bps, 70.53%, Err 5 (9.1e-06)
95.008 .... 262 packets received, 5665 bps, 70.81%, Err 5 (8.9e-06)
97.156 .... 268 packets received, 5666 bps, 70.83%, Err 5 (8.7e-06)
99.316 .... 275 packets received, 5688 bps, 71.09%, Err 5 (8.5e-06)
101.485 .... 282 packets received, 5707 bps, 71.34%, Err 5 (8.3e-06)
103.599 .... 288 packets received, 5709 bps, 71.37%, Err 5 (8.1e-06)
105.753 .... 293 packets received, 5690 bps, 71.12%, Err 5 (8.0e-06)
108.976 .... 299 packets received, 5634 bps, 70.43%, Err 7 (1.1e-05)
111.130 .... 307 packets received, 5673 bps, 70.91%, Err 7 (1.1e-05)
113.301 .... 313 packets received, 5672 bps, 70.90%, Err 7 (1.0e-05)
115.457 .... 320 packets received, 5691 bps, 71.13%, Err 7 (1.0e-05)
117.627 .... 327 packets received, 5708 bps, 71.35%, Err 7 (1.0e-05)
119.800 .... 333 packets received, 5707 bps, 71.33%, Err 7 (9.8e-06)
121.958 .... 339 packets received, 5706 bps, 71.33%, Err 7 (9.6e-06)
124.127 .... 345 packets received, 5706 bps, 71.32%, Err 7 (9.5e-06)
126.221 .... 350 packets received, 5692 bps, 71.15%, Err 7 (9.3e-06)
128.376 .... 357 packets received, 5708 bps, 71.35%, Err 7 (9.1e-06)
131.351 .... 363 packets received, 5672 bps, 70.91%, Err 8 (1.0e-05)
133.506 .... 370 packets received, 5688 bps, 71.10%, Err 8 (1.0e-05)
135.663 .... 377 packets received, 5704 bps, 71.29%, Err 8 (9.9e-06)
137.834 .... 383 packets received, 5703 bps, 71.29%, Err 8 (9.7e-06)
139.992 .... 390 packets received, 5717 bps, 71.47%, Err 8 (9.6e-06)
142.134 .... 397 packets received, 5732 bps, 71.65%, Err 8 (9.4e-06)
144.248 .... 403 packets received, 5733 bps, 71.67%, Err 8 (9.3e-06)
146.436 .... 410 packets received, 5746 bps, 71.82%, Err 8 (9.1e-06)
148.561 .... 417 packets received, 5760 bps, 72.00%, Err 8 (9.0e-06)
150.687 .... 423 packets received, 5760 bps, 72.00%, Err 8 (8.8e-06)
152.859 .... 430 packets received, 5772 bps, 72.15%, Err 8 (8.7e-06)
155.286 .... 436 packets received, 5761 bps, 72.01%, Err 8 (8.6e-06)
157.441 .... 443 packets received, 5773 bps, 72.17%, Err 8 (8.4e-06)
159.873 .... 449 packets received, 5762 bps, 72.03%, Err 8 (8.3e-06)
162.017 .... 455 packets received, 5762 bps, 72.02%, Err 8 (8.2e-06)
164.163 .... 461 packets received, 5761 bps, 72.02%, Err 8 (8.1e-06)
166.578 .... 465 packets received, 5727 bps, 71.59%, Err 9 (9.0e-06)
168.746 .... 471 packets received, 5726 bps, 71.58%, Err 9 (8.9e-06)
171.159 .... 477 packets received, 5717 bps, 71.47%, Err 9 (8.8e-06)
173.316 .... 482 packets received, 5705 bps, 71.32%, Err 9 (8.7e-06)
176.017 .... 487 packets received, 5676 bps, 70.95%, Err 10 (9.5e-06)
178.186 .... 493 packets received, 5676 bps, 70.95%, Err 10 (9.4e-06)
180.343 .... 500 packets received, 5687 bps, 71.09%, Err 10 (9.3e-06)
182.514 .... 506 packets received, 5687 bps, 71.09%, Err 10 (9.2e-06)
184.657 .... 513 packets received, 5699 bps, 71.23%, Err 10 (9.1e-06)
187.101 .... 518 packets received, 5679 bps, 70.99%, Err 11 (9.8e-06)
189.226 .... 525 packets received, 5691 bps, 71.14%, Err 11 (9.8e-06)
191.373 .... 530 packets received, 5681 bps, 71.01%, Err 11 (9.7e-06)
193.532 .... 536 packets received, 5681 bps, 71.01%, Err 11 (9.5e-06)
195.688 .... 543 packets received, 5691 bps, 71.14%, Err 11 (9.4e-06)
197.860 .... 550 packets received, 5701 bps, 71.27%, Err 11 (9.3e-06)
200.031 .... 556 packets received, 5701 bps, 71.26%, Err 11 (9.2e-06)
202.188 .... 563 packets received, 5711 bps, 71.39%, Err 11 (9.1e-06)
204.360 .... 570 packets received, 5720 bps, 71.51%, Err 11 (9.0e-06)
206.798 .... 574 packets received, 5693 bps, 71.16%, Err 12 (9.7e-06)
208.936 .... 581 packets received, 5703 bps, 71.29%, Err 12 (9.6e-06)
211.363 .... 585 packets received, 5676 bps, 70.95%, Err 13 (1.0e-05)
213.502 .... 593 packets received, 5696 bps, 71.20%, Err 13 (1.0e-05)
215.676 .... 599 packets received, 5696 bps, 71.20%, Err 13 (1.0e-05)
217.830 .... 606 packets received, 5705 bps, 71.31%, Err 13 (1.0e-05)
220.277 .... 611 packets received, 5688 bps, 71.10%, Err 14 (1.1e-05)
222.370 .... 618 packets received, 5699 bps, 71.24%, Err 14 (1.1e-05)
224.528 .... 624 packets received, 5699 bps, 71.24%, Err 14 (1.0e-05)
226.712 .... 629 packets received, 5689 bps, 71.12%, Err 14 (1.0e-05)
228.871 .... 635 packets received, 5689 bps, 71.12%, Err 14 (1.0e-05)
231.013 .... 641 packets received, 5690 bps, 71.12%, Err 14 (1.0e-05)
233.138 .... 648 packets received, 5700 bps, 71.24%, Err 14 (1.0e-05)
235.311 .... 655 packets received, 5708 bps, 71.35%, Err 14 (9.9e-06)
237.435 .... 661 packets received, 5709 bps, 71.36%, Err 14 (9.8e-06)
239.579 .... 668 packets received, 5717 bps, 71.47%, Err 14 (9.7e-06)
241.750 .... 675 packets received, 5725 bps, 71.57%, Err 14 (9.7e-06)
243.925 .... 681 packets received, 5725 bps, 71.56%, Err 14 (9.6e-06)
246.069 .... 688 packets received, 5733 bps, 71.66%, Err 14 (9.5e-06)
248.514 .... 693 packets received, 5718 bps, 71.47%, Err 15 (1.0e-05)
250.606 .... 700 packets received, 5727 bps, 71.59%, Err 15 (1.0e-05)
253.066 .... 707 packets received, 5728 bps, 71.60%, Err 15 (9.9e-06)
255.222 .... 714 packets received, 5736 bps, 71.70%, Err 15 (9.8e-06)
257.394 .... 721 packets received, 5743 bps, 71.79%, Err 15 (9.7e-06)
259.566 .... 727 packets received, 5743 bps, 71.78%, Err 15 (9.6e-06)
261.723 .... 734 packets received, 5750 bps, 71.88%, Err 15 (9.5e-06)
264.138 .... 741 packets received, 5752 bps, 71.90%, Err 15 (9.4e-06)
266.276 .... 746 packets received, 5744 bps, 71.80%, Err 15 (9.3e-06)
268.414 .... 752 packets received, 5744 bps, 71.80%, Err 15 (9.3e-06)
270.843 .... 755 packets received, 5715 bps, 71.44%, Err 16 (9.8e-06)
272.937 .... 762 packets received, 5724 bps, 71.55%, Err 16 (9.8e-06)
275.381 .... 769 packets received, 5725 bps, 71.56%, Err 16 (9.7e-06)
277.539 .... 776 packets received, 5732 bps, 71.65%, Err 16 (9.6e-06)
279.712 .... 783 packets received, 5739 bps, 71.74%, Err 16 (9.5e-06)
281.884 .... 789 packets received, 5738 bps, 71.73%, Err 16 (9.4e-06)
284.013 .... 795 packets received, 5739 bps, 71.73%, Err 17 (9.9e-06)
286.456 .... 800 packets received, 5725 bps, 71.57%, Err 17 (9.9e-06)
288.840 .... 806 packets received, 5721 bps, 71.51%, Err 17 (9.8e-06)
292.103 .... 812 packets received, 5699 bps, 71.24%, Err 18 (1.0e-05)
294.276 .... 818 packets received, 5699 bps, 71.23%, Err 18 (1.0e-05)
296.447 .... 825 packets received, 5705 bps, 71.31%, Err 18 (1.0e-05)
298.618 .... 831 packets received, 5705 bps, 71.31%, Err 18 (1.0e-05)
300.787 .... 837 packets received, 5705 bps, 71.31%, Err 18 (1.0e-05)
302.911 .... 843 packets received, 5705 bps, 71.31%, Err 19 (1.0e-05)
305.569 .... 848 packets received, 5689 bps, 71.11%, Err 19 (1.0e-05)
307.694 .... 854 packets received, 5690 bps, 71.12%, Err 19 (1.0e-05)
309.818 .... 860 packets received, 5690 bps, 71.13%, Err 19 (1.0e-05)
311.962 .... 866 packets received, 5691 bps, 71.13%, Err 19 (1.0e-05)
314.423 .... 872 packets received, 5685 bps, 71.06%, Err 19 (1.0e-05)
316.778 .... 878 packets received, 5682 bps, 71.02%, Err 19 (1.0e-05)
318.888 .... 884 packets received, 5683 bps, 71.03%, Err 19 (1.0e-05)
321.030 .... 890 packets received, 5683 bps, 71.04%, Err 19 (9.9e-06)
323.154 .... 896 packets received, 5684 bps, 71.04%, Err 19 (9.9e-06)
325.626 .... 902 packets received, 5678 bps, 70.98%, Err 19 (9.8e-06)
327.966 .... 909 packets received, 5681 bps, 71.02%, Err 19 (9.7e-06)
330.105 .... 916 packets received, 5688 bps, 71.10%, Err 19 (9.6e-06)
332.305 .... 923 packets received, 5693 bps, 71.17%, Err 19 (9.6e-06)
334.400 .... 929 packets received, 5695 bps, 71.18%, Err 19 (9.5e-06)
336.541 .... 936 packets received, 5701 bps, 71.26%, Err 19 (9.4e-06)
338.773 .... 943 packets received, 5706 bps, 71.32%, Err 19 (9.4e-06)
340.841 .... 949 packets received, 5707 bps, 71.34%, Err 19 (9.3e-06)
342.996 .... 955 packets received, 5707 bps, 71.34%, Err 19 (9.2e-06)
345.164 .... 961 packets received, 5707 bps, 71.34%, Err 19 (9.2e-06)
347.323 .... 967 packets received, 5707 bps, 71.33%, Err 19 (9.1e-06)
349.462 .... 972 packets received, 5701 bps, 71.26%, Err 19 (9.1e-06)
351.602 .... 979 packets received, 5707 bps, 71.34%, Err 19 (9.0e-06)
353.759 .... 985 packets received, 5707 bps, 71.34%, Err 19 (9.0e-06)
355.918 .... 992 packets received, 5713 bps, 71.41%, Err 19 (8.9e-06)
358.088 .... 999 packets received, 5718 bps, 71.48%, Err 19 (8.9e-06)
360.260 .... 1005 packets received, 5718 bps, 71.47%, Err 19 (8.8e-06)
362.415 .... 1012 packets received, 5723 bps, 71.54%, Err 19 (8.7e-06)
364.592 .... 1019 packets received, 5729 bps, 71.61%, Err 19 (8.7e-06)
366.749 .... 1025 packets received, 5728 bps, 71.60%, Err 19 (8.6e-06)
368.874 .... 1031 packets received, 5729 bps, 71.61%, Err 19 (8.6e-06)
371.046 .... 1037 packets received, 5728 bps, 71.60%, Err 19 (8.5e-06)
373.206 .... 1043 packets received, 5728 bps, 71.60%, Err 19 (8.5e-06)
375.636 .... 1049 packets received, 5724 bps, 71.55%, Err 19 (8.4e-06)
377.791 .... 1056 packets received, 5729 bps, 71.61%, Err 19 (8.4e-06)
379.965 .... 1063 packets received, 5734 bps, 71.67%, Err 19 (8.3e-06)
382.138 .... 1069 packets received, 5734 bps, 71.67%, Err 19 (8.3e-06)
384.280 .... 1076 packets received, 5739 bps, 71.74%, Err 19 (8.2e-06)
386.454 .... 1083 packets received, 5744 bps, 71.80%, Err 19 (8.2e-06)
388.598 .... 1089 packets received, 5744 bps, 71.80%, Err 19 (8.1e-06)
390.754 .... 1096 packets received, 5749 bps, 71.86%, Err 19 (8.1e-06)
392.925 .... 1103 packets received, 5753 bps, 71.92%, Err 19 (8.0e-06)
395.095 .... 1109 packets received, 5753 bps, 71.91%, Err 19 (8.0e-06)
397.252 .... 1116 packets received, 5758 bps, 71.97%, Err 19 (7.9e-06)
399.423 .... 1123 packets received, 5762 bps, 72.03%, Err 19 (7.9e-06)
401.593 .... 1129 packets received, 5762 bps, 72.02%, Err 19 (7.8e-06)
404.249 .... 1134 packets received, 5749 bps, 71.87%, Err 20 (8.2e-06)
406.418 .... 1140 packets received, 5749 bps, 71.86%, Err 20 (8.2e-06)
408.572 .... 1146 packets received, 5749 bps, 71.86%, Err 20 (8.1e-06)
410.989 .... 1149 packets received, 5730 bps, 71.62%, Err 21 (8.5e-06)
413.176 .... 1155 packets received, 5729 bps, 71.61%, Err 21 (8.5e-06)
415.333 .... 1162 packets received, 5734 bps, 71.67%, Err 21 (8.4e-06)
417.518 .... 1168 packets received, 5733 bps, 71.67%, Err 21 (8.4e-06)
420.478 .... 1175 packets received, 5727 bps, 71.59%, Err 22 (8.7e-06)
422.572 .... 1182 packets received, 5733 bps, 71.66%, Err 22 (8.7e-06)
425.032 .... 1189 packets received, 5733 bps, 71.66%, Err 22 (8.6e-06)
427.191 .... 1196 packets received, 5738 bps, 71.72%, Err 22 (8.6e-06)
429.589 .... 1200 packets received, 5725 bps, 71.56%, Err 23 (8.9e-06)
431.743 .... 1208 packets received, 5734 bps, 71.68%, Err 23 (8.9e-06)
434.431 .... 1212 packets received, 5717 bps, 71.47%, Err 24 (9.2e-06)
436.618 .... 1218 packets received, 5717 bps, 71.46%, Err 24 (9.2e-06)
438.789 .... 1225 packets received, 5721 bps, 71.52%, Err 24 (9.1e-06)
440.913 .... 1231 packets received, 5722 bps, 71.52%, Err 25 (9.4e-06)
443.356 .... 1236 packets received, 5713 bps, 71.42%, Err 25 (9.4e-06)
446.592 .... 1241 packets received, 5695 bps, 71.18%, Err 26 (9.7e-06)
448.746 .... 1247 packets received, 5695 bps, 71.19%, Err 26 (9.7e-06)
450.900 .... 1253 packets received, 5695 bps, 71.19%, Err 26 (9.6e-06)
453.072 .... 1259 packets received, 5695 bps, 71.18%, Err 26 (9.6e-06)
455.241 .... 1264 packets received, 5690 bps, 71.13%, Err 26 (9.5e-06)
457.637 .... 1270 packets received, 5687 bps, 71.09%, Err 26 (9.5e-06)
459.792 .... 1277 packets received, 5692 bps, 71.15%, Err 26 (9.5e-06)
461.965 .... 1284 packets received, 5696 bps, 71.20%, Err 26 (9.4e-06)
464.135 .... 1290 packets received, 5696 bps, 71.20%, Err 26 (9.4e-06)
467.082 .... 1296 packets received, 5686 bps, 71.08%, Err 27 (9.7e-06)
469.235 .... 1302 packets received, 5686 bps, 71.08%, Err 27 (9.6e-06)
471.420 .... 1308 packets received, 5686 bps, 71.07%, Err 27 (9.6e-06)
473.577 .... 1314 packets received, 5686 bps, 71.07%, Err 27 (9.5e-06)
475.733 .... 1321 packets received, 5690 bps, 71.13%, Err 27 (9.5e-06)
478.146 .... 1327 packets received, 5687 bps, 71.09%, Err 27 (9.4e-06)
480.320 .... 1333 packets received, 5687 bps, 71.09%, Err 27 (9.4e-06)
482.449 .... 1339 packets received, 5688 bps, 71.09%, Err 27 (9.4e-06)
484.560 .... 1346 packets received, 5692 bps, 71.15%, Err 27 (9.3e-06)
486.779 .... 1353 packets received, 5696 bps, 71.20%, Err 27 (9.3e-06)
488.859 .... 1359 packets received, 5697 bps, 71.21%, Err 27 (9.2e-06)
490.970 .... 1365 packets received, 5697 bps, 71.22%, Err 27 (9.2e-06)
493.128 .... 1370 packets received, 5693 bps, 71.16%, Err 29 (9.8e-06)
495.587 .... 1377 packets received, 5694 bps, 71.17%, Err 29 (9.8e-06)
497.744 .... 1384 packets received, 5698 bps, 71.22%, Err 29 (9.7e-06)
499.916 .... 1391 packets received, 5702 bps, 71.27%, Err 29 (9.7e-06)
502.045 .... 1396 packets received, 5698 bps, 71.23%, Err 29 (9.6e-06)
504.153 .... 1401 packets received, 5695 bps, 71.18%, Err 29 (9.6e-06)
506.340 .... 1405 packets received, 5686 bps, 71.08%, Err 30 (9.9e-06)
508.979 .... 1410 packets received, 5677 bps, 70.96%, Err 31 (1.0e-05)
511.133 .... 1418 packets received, 5685 bps, 71.06%, Err 31 (1.0e-05)
513.303 .... 1424 packets received, 5685 bps, 71.06%, Err 31 (1.0e-05)
515.460 .... 1431 packets received, 5689 bps, 71.11%, Err 31 (1.0e-05)
517.630 .... 1436 packets received, 5685 bps, 71.06%, Err 31 (1.0e-05)
519.754 .... 1441 packets received, 5681 bps, 71.02%, Err 31 (1.0e-05)
521.894 .... 1447 packets received, 5681 bps, 71.02%, Err 31 (9.9e-06)
524.351 .... 1453 packets received, 5678 bps, 70.98%, Err 31 (9.9e-06)
526.779 .... 1459 packets received, 5675 bps, 70.94%, Err 32 (1.0e-05)
529.193 .... 1464 packets received, 5669 bps, 70.86%, Err 32 (1.0e-05)
531.350 .... 1471 packets received, 5673 bps, 70.91%, Err 32 (1.0e-05)
533.497 .... 1478 packets received, 5677 bps, 70.96%, Err 32 (1.0e-05)
535.668 .... 1484 packets received, 5677 bps, 70.96%, Err 32 (1.0e-05)
537.810 .... 1491 packets received, 5681 bps, 71.01%, Err 32 (1.0e-05)
540.557 .... 1498 packets received, 5679 bps, 70.98%, Err 32 (9.9e-06)
542.930 .... 1504 packets received, 5676 bps, 70.95%, Err 32 (9.9e-06)
545.088 .... 1511 packets received, 5680 bps, 71.00%, Err 32 (9.8e-06)
547.259 .... 1518 packets received, 5684 bps, 71.05%, Err 32 (9.8e-06)
549.430 .... 1524 packets received, 5684 bps, 71.05%, Err 32 (9.7e-06)
552.090 .... 1529 packets received, 5675 bps, 70.94%, Err 33 (1.0e-05)
555.324 .... 1536 packets received, 5668 bps, 70.85%, Err 34 (1.0e-05)
557.525 .... 1542 packets received, 5667 bps, 70.84%, Err 34 (1.0e-05)
559.958 .... 1547 packets received, 5661 bps, 70.76%, Err 35 (1.0e-05)
562.053 .... 1554 packets received, 5665 bps, 70.82%, Err 35 (1.0e-05)
564.514 .... 1561 packets received, 5666 bps, 70.83%, Err 35 (1.0e-05)
566.669 .... 1568 packets received, 5670 bps, 70.87%, Err 35 (1.0e-05)
568.834 .... 1575 packets received, 5673 bps, 70.92%, Err 35 (1.0e-05)
570.958 .... 1581 packets received, 5674 bps, 70.92%, Err 35 (1.0e-05)
573.129 .... 1588 packets received, 5677 bps, 70.97%, Err 35 (1.0e-05)
575.269 .... 1595 packets received, 5681 bps, 71.02%, Err 35 (1.0e-05)
577.394 .... 1601 packets received, 5682 bps, 71.02%, Err 35 (1.0e-05)
580.932 .... 1607 packets received, 5668 bps, 70.85%, Err 36 (1.0e-05)
583.074 .... 1614 packets received, 5672 bps, 70.90%, Err 36 (1.0e-05)
585.245 .... 1621 packets received, 5675 bps, 70.94%, Err 36 (1.0e-05)
587.430 .... 1627 packets received, 5675 bps, 70.94%, Err 36 (1.0e-05)
589.572 .... 1634 packets received, 5679 bps, 70.99%, Err 36 (1.0e-05)
591.743 .... 1641 packets received, 5682 bps, 71.03%, Err 36 (1.0e-05)
593.885 .... 1646 packets received, 5679 bps, 70.99%, Err 36 (1.0e-05)
596.827 .... 1651 packets received, 5668 bps, 70.85%, Err 37 (1.0e-05)
598.999 .... 1659 packets received, 5675 bps, 70.94%, Err 37 (1.0e-05)
601.157 .... 1665 packets received, 5675 bps, 70.94%, Err 37 (1.0e-05)
603.297 .... 1672 packets received, 5679 bps, 70.98%, Err 37 (1.0e-05)
606.256 .... 1678 packets received, 5671 bps, 70.89%, Err 38 (1.0e-05)
608.410 .... 1684 packets received, 5671 bps, 70.89%, Err 38 (1.0e-05)
610.566 .... 1691 packets received, 5675 bps, 70.93%, Err 38 (1.0e-05)
612.737 .... 1697 packets received, 5675 bps, 70.93%, Err 38 (1.0e-05)
614.892 .... 1704 packets received, 5678 bps, 70.98%, Err 39 (1.1e-05)
617.062 .... 1711 packets received, 5681 bps, 71.02%, Err 39 (1.1e-05)
619.232 .... 1717 packets received, 5681 bps, 71.02%, Err 39 (1.1e-05)
621.387 .... 1724 packets received, 5685 bps, 71.06%, Err 39 (1.0e-05)
623.558 .... 1731 packets received, 5688 bps, 71.10%, Err 39 (1.0e-05)
625.698 .... 1737 packets received, 5688 bps, 71.10%, Err 39 (1.0e-05)
627.838 .... 1744 packets received, 5692 bps, 71.14%, Err 39 (1.0e-05)
631.055 .... 1750 packets received, 5682 bps, 71.03%, Err 40 (1.1e-05)
633.194 .... 1757 packets received, 5685 bps, 71.07%, Err 40 (1.1e-05)
635.637 .... 1763 packets received, 5683 bps, 71.04%, Err 40 (1.1e-05)
637.794 .... 1770 packets received, 5686 bps, 71.08%, Err 40 (1.0e-05)
639.964 .... 1777 packets received, 5689 bps, 71.12%, Err 40 (1.0e-05)
642.649 .... 1782 packets received, 5681 bps, 71.02%, Err 40 (1.0e-05)
644.806 .... 1789 packets received, 5685 bps, 71.06%, Err 40 (1.0e-05)
646.979 .... 1796 packets received, 5688 bps, 71.10%, Err 40 (1.0e-05)
649.120 .... 1802 packets received, 5688 bps, 71.10%, Err 40 (1.0e-05)
651.276 .... 1809 packets received, 5691 bps, 71.14%, Err 40 (1.0e-05)
653.384 .... 1814 packets received, 5688 bps, 71.11%, Err 40 (1.0e-05)
655.552 .... 1819 packets received, 5685 bps, 71.07%, Err 41 (1.0e-05)
657.723 .... 1826 packets received, 5688 bps, 71.10%, Err 41 (1.0e-05)
660.121 .... 1833 packets received, 5689 bps, 71.12%, Err 41 (1.0e-05)
662.291 .... 1840 packets received, 5692 bps, 71.15%, Err 41 (1.0e-05)
664.431 .... 1847 packets received, 5696 bps, 71.19%, Err 41 (1.0e-05)
666.557 .... 1853 packets received, 5696 bps, 71.20%, Err 41 (1.0e-05)
668.730 .... 1860 packets received, 5699 bps, 71.23%, Err 41 (1.0e-05)
670.870 .... 1867 packets received, 5702 bps, 71.27%, Err 41 (1.0e-05)
672.994 .... 1873 packets received, 5702 bps, 71.28%, Err 41 (1.0e-05)
675.121 .... 1876 packets received, 5693 bps, 71.17%, Err 42 (1.0e-05)
677.351 .... 1882 packets received, 5693 bps, 71.16%, Err 42 (1.0e-05)
679.536 .... 1889 packets received, 5696 bps, 71.19%, Err 42 (1.0e-05)
681.693 .... 1895 packets received, 5696 bps, 71.19%, Err 42 (1.0e-05)
683.862 .... 1901 packets received, 5695 bps, 71.19%, Err 42 (1.0e-05)
685.972 .... 1906 packets received, 5693 bps, 71.16%, Err 42 (1.0e-05)
688.142 .... 1913 packets received, 5696 bps, 71.20%, Err 42 (1.0e-05)
690.327 .... 1919 packets received, 5696 bps, 71.19%, Err 42 (1.0e-05)
692.453 .... 1926 packets received, 5699 bps, 71.23%, Err 42 (1.0e-05)
694.625 .... 1933 packets received, 5702 bps, 71.27%, Err 42 (1.0e-05)
696.751 .... 1939 packets received, 5702 bps, 71.27%, Err 42 (1.0e-05)
698.891 .... 1946 packets received, 5705 bps, 71.31%, Err 42 (1.0e-05)
701.319 .... 1951 packets received, 5700 bps, 71.25%, Err 43 (1.0e-05)
703.414 .... 1958 packets received, 5703 bps, 71.29%, Err 43 (1.0e-05)
705.568 .... 1964 packets received, 5703 bps, 71.29%, Err 43 (1.0e-05)
707.738 .... 1969 packets received, 5700 bps, 71.25%, Err 43 (1.0e-05)
709.892 .... 1975 packets received, 5700 bps, 71.25%, Err 43 (1.0e-05)
712.065 .... 1981 packets received, 5700 bps, 71.25%, Err 43 (1.0e-05)
714.222 .... 1988 packets received, 5703 bps, 71.29%, Err 43 (1.0e-05)
716.655 .... 1992 packets received, 5695 bps, 71.19%, Err 44 (1.0e-05)
718.823 .... 1998 packets received, 5695 bps, 71.19%, Err 44 (1.0e-05)
721.268 .... 2004 packets received, 5693 bps, 71.16%, Err 44 (1.0e-05)
724.802 .... 2010 packets received, 5682 bps, 71.02%, Err 45 (1.0e-05)
726.926 .... 2017 packets received, 5685 bps, 71.06%, Err 45 (1.0e-05)
729.064 .... 2021 packets received, 5679 bps, 70.99%, Err 45 (1.0e-05)
731.219 .... 2026 packets received, 5677 bps, 70.96%, Err 45 (1.0e-05)
733.374 .... 2032 packets received, 5677 bps, 70.96%, Err 45 (1.0e-05)
735.560 .... 2038 packets received, 5677 bps, 70.96%, Err 45 (1.0e-05)
738.217 .... 2043 packets received, 5670 bps, 70.88%, Err 46 (1.0e-05)
740.416 .... 2051 packets received, 5675 bps, 70.94%, Err 46 (1.0e-05)
742.540 .... 2057 packets received, 5676 bps, 70.95%, Err 46 (1.0e-05)
744.711 .... 2064 packets received, 5678 bps, 70.98%, Err 46 (1.0e-05)
746.839 .... 2069 packets received, 5676 bps, 70.95%, Err 46 (1.0e-05)
748.968 .... 2074 packets received, 5673 bps, 70.92%, Err 46 (1.0e-05)
751.095 .... 2081 packets received, 5676 bps, 70.96%, Err 46 (1.0e-05)
753.572 .... 2088 packets received, 5677 bps, 70.96%, Err 46 (1.0e-05)
755.714 .... 2095 packets received, 5680 bps, 71.00%, Err 46 (1.0e-05)
757.841 .... 2098 packets received, 5672 bps, 70.90%, Err 47 (1.0e-05)
760.010 .... 2106 packets received, 5677 bps, 70.97%, Err 47 (1.0e-05)
762.166 .... 2112 packets received, 5677 bps, 70.97%, Err 47 (1.0e-05)
764.320 .... 2117 packets received, 5675 bps, 70.93%, Err 47 (1.0e-05)
766.476 .... 2124 packets received, 5677 bps, 70.97%, Err 47 (1.0e-05)
768.632 .... 2130 packets received, 5677 bps, 70.97%, Err 47 (1.0e-05)
770.772 .... 2137 packets received, 5680 bps, 71.00%, Err 47 (1.0e-05)
773.205 .... 2142 packets received, 5676 bps, 70.95%, Err 48 (1.0e-05)
775.285 .... 2149 packets received, 5679 bps, 70.99%, Err 48 (1.0e-05)
778.803 .... 2156 packets received, 5672 bps, 70.90%, Err 49 (1.1e-05)
780.941 .... 2162 packets received, 5672 bps, 70.90%, Err 49 (1.1e-05)
783.095 .... 2168 packets received, 5672 bps, 70.90%, Err 49 (1.0e-05)
785.265 .... 2174 packets received, 5672 bps, 70.90%, Err 49 (1.0e-05)
787.966 .... 2181 packets received, 5671 bps, 70.88%, Err 49 (1.0e-05)
790.090 .... 2186 packets received, 5668 bps, 70.86%, Err 49 (1.0e-05)
792.246 .... 2193 packets received, 5671 bps, 70.89%, Err 49 (1.0e-05)
794.705 .... 2200 packets received, 5672 bps, 70.90%, Err 49 (1.0e-05)
796.861 .... 2207 packets received, 5674 bps, 70.93%, Err 49 (1.0e-05)
799.032 .... 2214 packets received, 5677 bps, 70.96%, Err 49 (1.0e-05)
801.187 .... 2220 packets received, 5677 bps, 70.96%, Err 49 (1.0e-05)
803.373 .... 2226 packets received, 5677 bps, 70.96%, Err 49 (1.0e-05)
805.514 .... 2233 packets received, 5679 bps, 70.99%, Err 49 (1.0e-05)
807.669 .... 2240 packets received, 5682 bps, 71.03%, Err 49 (1.0e-05)
809.824 .... 2246 packets received, 5682 bps, 71.03%, Err 49 (1.0e-05)
811.966 .... 2253 packets received, 5685 bps, 71.06%, Err 50 (1.0e-05)
814.651 .... 2258 packets received, 5679 bps, 70.98%, Err 50 (1.0e-05)
816.775 .... 2264 packets received, 5679 bps, 70.99%, Err 50 (1.0e-05)
818.914 .... 2270 packets received, 5679 bps, 70.99%, Err 50 (1.0e-05)
821.132 .... 2277 packets received, 5681 bps, 71.01%, Err 50 (1.0e-05)
823.471 .... 2284 packets received, 5682 bps, 71.03%, Err 50 (1.0e-05)
825.612 .... 2291 packets received, 5685 bps, 71.06%, Err 50 (1.0e-05)
827.829 .... 2298 packets received, 5687 bps, 71.09%, Err 50 (1.0e-05)
829.911 .... 2304 packets received, 5688 bps, 71.10%, Err 50 (1.0e-05)
832.657 .... 2310 packets received, 5684 bps, 71.05%, Err 51 (1.0e-05)
834.813 .... 2317 packets received, 5686 bps, 71.08%, Err 51 (1.0e-05)
836.983 .... 2324 packets received, 5689 bps, 71.11%, Err 51 (1.0e-05)
839.153 .... 2330 packets received, 5688 bps, 71.11%, Err 51 (1.0e-05)
841.309 .... 2337 packets received, 5691 bps, 71.14%, Err 51 (1.0e-05)
844.267 .... 2342 packets received, 5683 bps, 71.04%, Err 52 (1.0e-05)
846.435 .... 2348 packets received, 5683 bps, 71.04%, Err 52 (1.0e-05)
848.604 .... 2355 packets received, 5685 bps, 71.07%, Err 52 (1.0e-05)
850.773 .... 2361 packets received, 5685 bps, 71.07%, Err 52 (1.0e-05)
852.927 .... 2368 packets received, 5688 bps, 71.10%, Err 52 (1.0e-05)
855.098 .... 2375 packets received, 5690 bps, 71.13%, Err 52 (1.0e-05)
857.268 .... 2381 packets received, 5690 bps, 71.13%, Err 52 (1.0e-05)
859.423 .... 2388 packets received, 5693 bps, 71.16%, Err 52 (1.0e-05)
861.579 .... 2395 packets received, 5695 bps, 71.19%, Err 52 (1.0e-05)
864.253 .... 2399 packets received, 5687 bps, 71.08%, Err 53 (1.0e-05)
866.455 .... 2405 packets received, 5687 bps, 71.08%, Err 53 (1.0e-05)
869.660 .... 2412 packets received, 5682 bps, 71.03%, Err 54 (1.0e-05)
871.800 .... 2419 packets received, 5685 bps, 71.06%, Err 54 (1.0e-05)
874.273 .... 2426 packets received, 5685 bps, 71.06%, Err 54 (1.0e-05)
876.445 .... 2433 packets received, 5687 bps, 71.09%, Err 54 (1.0e-05)
878.605 .... 2440 packets received, 5689 bps, 71.12%, Err 54 (1.0e-05)
880.774 .... 2446 packets received, 5689 bps, 71.12%, Err 54 (1.0e-05)
882.930 .... 2453 packets received, 5692 bps, 71.15%, Err 54 (1.0e-05)
885.101 .... 2460 packets received, 5694 bps, 71.17%, Err 54 (1.0e-05)
887.270 .... 2466 packets received, 5694 bps, 71.17%, Err 54 (1.0e-05)
889.411 .... 2473 packets received, 5696 bps, 71.20%, Err 54 (1.0e-05)
891.600 .... 2480 packets received, 5698 bps, 71.23%, Err 54 (1.0e-05)
893.741 .... 2486 packets received, 5699 bps, 71.23%, Err 54 (1.0e-05)
895.885 .... 2493 packets received, 5701 bps, 71.26%, Err 54 (1.0e-05)
898.058 .... 2500 packets received, 5703 bps, 71.29%, Err 54 (1.0e-05)
900.202 .... 2506 packets received, 5703 bps, 71.29%, Err 54 (1.0e-05)
903.712 .... 2512 packets received, 5695 bps, 71.18%, Err 55 (1.0e-05)
906.160 .... 2519 packets received, 5695 bps, 71.19%, Err 55 (1.0e-05)
908.316 .... 2526 packets received, 5697 bps, 71.22%, Err 55 (1.0e-05)
911.260 .... 2532 packets received, 5692 bps, 71.15%, Err 55 (1.0e-05)
913.419 .... 2539 packets received, 5695 bps, 71.18%, Err 55 (1.0e-05)
915.592 .... 2546 packets received, 5697 bps, 71.21%, Err 55 (1.0e-05)
917.750 .... 2552 packets received, 5697 bps, 71.21%, Err 55 (1.0e-05)
919.906 .... 2559 packets received, 5699 bps, 71.24%, Err 55 (1.0e-05)
922.063 .... 2566 packets received, 5701 bps, 71.26%, Err 55 (9.9e-06)
924.234 .... 2572 packets received, 5701 bps, 71.26%, Err 55 (9.9e-06)
927.197 .... 2578 packets received, 5696 bps, 71.20%, Err 56 (1.0e-05)
929.349 .... 2584 packets received, 5696 bps, 71.20%, Err 56 (1.0e-05)
931.495 .... 2590 packets received, 5696 bps, 71.20%, Err 56 (1.0e-05)
933.649 .... 2596 packets received, 5696 bps, 71.20%, Err 56 (1.0e-05)
935.805 .... 2603 packets received, 5698 bps, 71.23%, Err 56 (1.0e-05)
937.975 .... 2610 packets received, 5701 bps, 71.26%, Err 56 (1.0e-05)
940.121 .... 2616 packets received, 5701 bps, 71.26%, Err 56 (9.9e-06)
942.276 .... 2623 packets received, 5703 bps, 71.28%, Err 56 (9.9e-06)
944.446 .... 2630 packets received, 5705 bps, 71.31%, Err 56 (9.9e-06)
946.600 .... 2636 packets received, 5705 bps, 71.31%, Err 56 (9.9e-06)
948.754 .... 2643 packets received, 5707 bps, 71.34%, Err 56 (9.8e-06)
950.924 .... 2650 packets received, 5709 bps, 71.36%, Err 56 (9.8e-06)
953.094 .... 2656 packets received, 5709 bps, 71.36%, Err 56 (9.8e-06)
955.249 .... 2663 packets received, 5711 bps, 71.39%, Err 56 (9.8e-06)
957.421 .... 2670 packets received, 5713 bps, 71.41%, Err 56 (9.7e-06)
959.577 .... 2676 packets received, 5713 bps, 71.41%, Err 56 (9.7e-06)
961.716 .... 2681 packets received, 5711 bps, 71.39%, Err 56 (9.7e-06)
963.888 .... 2688 packets received, 5713 bps, 71.41%, Err 56 (9.7e-06)
966.057 .... 2694 packets received, 5713 bps, 71.41%, Err 56 (9.6e-06)
968.213 .... 2701 packets received, 5715 bps, 71.44%, Err 56 (9.6e-06)
