./selective -bf -ber 1e-4 
=========================================================================
                          Station B                                 
-------------------------------------------------------------------------
Protocol.lib, version 3.0, Build: Oct 19 2009 (jiangy@public3.bta.net.cn)
Channel: 8000 bps, 270 ms propagation delay, bit error rate 1.0E-04
Log file "./selective-B.log", TCP port 59144, debug mask 0x00
Station B is connecting station A (TCP port 59144) ... Done.
New epoch: Sun Nov 22 22:24:57 2009
=========================================================================
Designed by JackalDire
2.960 .... 5 packets received, 3808 bps, 47.60%, Err 2 (1.3e-04)
5.943 .... 12 packets received, 4333 bps, 54.16%, Err 3 (9.4e-05)
11.078 .... 16 packets received, 3032 bps, 37.90%, Err 7 (1.4e-04)
13.222 .... 23 packets received, 3637 bps, 45.46%, Err 8 (1.3e-04)
15.395 .... 28 packets received, 3792 bps, 47.39%, Err 8 (1.1e-04)
18.381 .... 34 packets received, 3845 bps, 48.06%, Err 9 (1.0e-04)
20.501 .... 39 packets received, 3948 bps, 49.35%, Err 11 (1.1e-04)
23.443 .... 43 packets received, 3800 bps, 47.51%, Err 13 (1.1e-04)
25.542 .... 50 packets received, 4052 bps, 50.65%, Err 13 (1.0e-04)
31.299 .... 55 packets received, 3630 bps, 45.38%, Err 15 (1.0e-04)
33.413 .... 62 packets received, 3831 bps, 47.89%, Err 15 (9.5e-05)
36.367 .... 65 packets received, 3688 bps, 46.10%, Err 18 (1.0e-04)
38.542 .... 72 packets received, 3853 bps, 48.16%, Err 18 (9.8e-05)
44.230 .... 74 packets received, 3448 bps, 43.09%, Err 21 (1.0e-04)
46.395 .... 82 packets received, 3641 bps, 45.51%, Err 21 (9.9e-05)
50.385 .... 87 packets received, 3555 bps, 44.44%, Err 24 (1.0e-04)
68.255 .... 90 packets received, 2711 bps, 33.89%, Err 29 (1.1e-04)
70.659 .... 94 packets received, 2735 bps, 34.19%, Err 31 (1.1e-04)
73.133 .... 96 packets received, 2698 bps, 33.73%, Err 31 (1.1e-04)
75.791 .... 99 packets received, 2685 bps, 33.56%, Err 32 (1.1e-04)
77.937 .... 104 packets received, 2742 bps, 34.28%, Err 32 (1.1e-04)
80.096 .... 109 packets received, 2797 bps, 34.96%, Err 33 (1.1e-04)
83.081 .... 114 packets received, 2819 bps, 35.24%, Err 33 (1.0e-04)
88.456 .... 117 packets received, 2717 bps, 33.96%, Err 37 (1.1e-04)
94.146 .... 124 packets received, 2705 bps, 33.82%, Err 40 (1.1e-04)
96.265 .... 130 packets received, 2774 bps, 34.67%, Err 41 (1.1e-04)
98.385 .... 136 packets received, 2839 bps, 35.49%, Err 41 (1.0e-04)
105.142 .... 142 packets received, 2773 bps, 34.66%, Err 43 (1.0e-04)
107.256 .... 149 packets received, 2852 bps, 35.65%, Err 43 (9.8e-05)
109.973 .... 154 packets received, 2875 bps, 35.94%, Err 44 (9.7e-05)
112.170 .... 161 packets received, 2947 bps, 36.83%, Err 45 (9.6e-05)
115.076 .... 164 packets received, 2926 bps, 36.57%, Err 47 (9.8e-05)
119.948 .... 167 packets received, 2858 bps, 35.72%, Err 48 (9.7e-05)
125.076 .... 172 packets received, 2822 bps, 35.28%, Err 51 (1.0e-04)
127.238 .... 180 packets received, 2903 bps, 36.29%, Err 51 (9.7e-05)
129.401 .... 185 packets received, 2934 bps, 36.68%, Err 53 (9.8e-05)
131.564 .... 191 packets received, 2979 bps, 37.24%, Err 53 (9.6e-05)
135.575 .... 194 packets received, 2936 bps, 36.71%, Err 56 (9.9e-05)
137.725 .... 200 packets received, 2980 bps, 37.25%, Err 57 (9.9e-05)
139.890 .... 205 packets received, 3007 bps, 37.59%, Err 58 (9.8e-05)
142.579 .... 206 packets received, 2965 bps, 37.06%, Err 60 (1.0e-04)
150.462 .... 208 packets received, 2836 bps, 35.45%, Err 64 (1.0e-04)
152.635 .... 213 packets received, 2863 bps, 35.79%, Err 65 (1.0e-04)
155.294 .... 219 packets received, 2893 bps, 36.16%, Err 66 (1.0e-04)
157.438 .... 226 packets received, 2945 bps, 36.81%, Err 66 (1.0e-04)
160.653 .... 233 packets received, 2975 bps, 37.19%, Err 67 (9.9e-05)
163.335 .... 238 packets received, 2989 bps, 37.36%, Err 69 (1.0e-04)
166.289 .... 244 packets received, 3010 bps, 37.62%, Err 72 (1.0e-04)
168.461 .... 251 packets received, 3056 bps, 38.20%, Err 73 (1.0e-04)
171.153 .... 255 packets received, 3056 bps, 38.20%, Err 74 (1.0e-04)
174.143 .... 262 packets received, 3086 bps, 38.58%, Err 75 (1.0e-04)
177.643 .... 268 packets received, 3094 bps, 38.68%, Err 77 (1.0e-04)
180.569 .... 275 packets received, 3124 bps, 39.05%, Err 77 (9.9e-05)
183.548 .... 279 packets received, 3118 bps, 38.97%, Err 80 (1.0e-04)
185.670 .... 280 packets received, 3093 bps, 38.66%, Err 81 (1.0e-04)
188.409 .... 283 packets received, 3081 bps, 38.51%, Err 83 (1.0e-04)
190.526 .... 290 packets received, 3122 bps, 39.02%, Err 83 (1.0e-04)
193.011 .... 294 packets received, 3124 bps, 39.05%, Err 84 (1.0e-04)
195.414 .... 299 packets received, 3138 bps, 39.22%, Err 85 (1.0e-04)
197.549 .... 303 packets received, 3146 bps, 39.32%, Err 86 (1.0e-04)
199.968 .... 308 packets received, 3159 bps, 39.48%, Err 88 (1.0e-04)
203.958 .... 316 packets received, 3177 bps, 39.72%, Err 91 (1.0e-04)
206.420 .... 318 packets received, 3159 bps, 39.49%, Err 92 (1.0e-04)
208.549 .... 325 packets received, 3196 bps, 39.95%, Err 92 (1.0e-04)
210.696 .... 328 packets received, 3192 bps, 39.90%, Err 92 (1.0e-04)
216.646 .... 330 packets received, 3123 bps, 39.04%, Err 96 (1.0e-04)
219.062 .... 336 packets received, 3145 bps, 39.31%, Err 97 (1.0e-04)
221.757 .... 343 packets received, 3172 bps, 39.64%, Err 101 (1.1e-04)
224.205 .... 348 packets received, 3183 bps, 39.78%, Err 102 (1.0e-04)
226.588 .... 354 packets received, 3203 bps, 40.04%, Err 103 (1.0e-04)
230.637 .... 355 packets received, 3156 bps, 39.45%, Err 104 (1.0e-04)
232.783 .... 362 packets received, 3189 bps, 39.86%, Err 105 (1.0e-04)
236.517 .... 367 packets received, 3181 bps, 39.77%, Err 108 (1.1e-04)
239.804 .... 371 packets received, 3172 bps, 39.65%, Err 109 (1.1e-04)
242.988 .... 376 packets received, 3173 bps, 39.66%, Err 110 (1.0e-04)
251.686 .... 380 packets received, 3095 bps, 38.69%, Err 114 (1.1e-04)
253.815 .... 387 packets received, 3126 bps, 39.07%, Err 114 (1.1e-04)
256.246 .... 392 packets received, 3136 bps, 39.20%, Err 114 (1.0e-04)
258.653 .... 399 packets received, 3163 bps, 39.53%, Err 114 (1.0e-04)
261.061 .... 403 packets received, 3165 bps, 39.56%, Err 115 (1.0e-04)
264.212 .... 409 packets received, 3174 bps, 39.67%, Err 116 (1.0e-04)
266.405 .... 416 packets received, 3201 bps, 40.02%, Err 116 (1.0e-04)
268.854 .... 421 packets received, 3210 bps, 40.13%, Err 116 (1.0e-04)
272.825 .... 427 packets received, 3209 bps, 40.11%, Err 119 (1.0e-04)
274.954 .... 434 packets received, 3236 bps, 40.45%, Err 119 (1.0e-04)
277.119 .... 439 packets received, 3248 bps, 40.59%, Err 121 (1.0e-04)
279.283 .... 444 packets received, 3259 bps, 40.74%, Err 122 (1.0e-04)
281.411 .... 447 packets received, 3256 bps, 40.70%, Err 124 (1.0e-04)
284.390 .... 454 packets received, 3273 bps, 40.91%, Err 127 (1.0e-04)
286.520 .... 460 packets received, 3291 bps, 41.14%, Err 127 (1.0e-04)
288.651 .... 465 packets received, 3302 bps, 41.28%, Err 129 (1.0e-04)
292.396 .... 470 packets received, 3295 bps, 41.19%, Err 130 (1.0e-04)
294.560 .... 477 packets received, 3320 bps, 41.49%, Err 130 (1.0e-04)
296.722 .... 481 packets received, 3323 bps, 41.54%, Err 130 (1.0e-04)
304.305 .... 485 packets received, 3267 bps, 40.84%, Err 135 (1.0e-04)
306.719 .... 489 packets received, 3268 bps, 40.85%, Err 135 (1.0e-04)
308.846 .... 494 packets received, 3279 bps, 40.98%, Err 137 (1.0e-04)
311.365 .... 499 packets received, 3285 bps, 41.06%, Err 137 (1.0e-04)
313.511 .... 505 packets received, 3302 bps, 41.27%, Err 137 (1.0e-04)
315.622 .... 509 packets received, 3306 bps, 41.32%, Err 137 (9.9e-05)
318.852 .... 513 packets received, 3298 bps, 41.22%, Err 138 (9.9e-05)
321.788 .... 518 packets received, 3300 bps, 41.24%, Err 139 (9.9e-05)
323.967 .... 526 packets received, 3328 bps, 41.60%, Err 139 (9.8e-05)
326.097 .... 531 packets received, 3338 bps, 41.72%, Err 140 (9.8e-05)
328.815 .... 536 packets received, 3341 bps, 41.76%, Err 140 (9.7e-05)
330.965 .... 543 packets received, 3363 bps, 42.04%, Err 141 (9.7e-05)
334.182 .... 549 packets received, 3367 bps, 42.09%, Err 142 (9.6e-05)
336.873 .... 554 packets received, 3371 bps, 42.13%, Err 142 (9.6e-05)
340.949 .... 556 packets received, 3342 bps, 41.78%, Err 145 (9.7e-05)
343.096 .... 562 packets received, 3357 bps, 41.97%, Err 146 (9.6e-05)
346.561 .... 568 packets received, 3359 bps, 41.99%, Err 148 (9.6e-05)
348.737 .... 574 packets received, 3374 bps, 42.17%, Err 148 (9.6e-05)
350.908 .... 579 packets received, 3382 bps, 42.27%, Err 148 (9.5e-05)
353.015 .... 586 packets received, 3402 bps, 42.53%, Err 149 (9.5e-05)
355.180 .... 592 packets received, 3416 bps, 42.70%, Err 149 (9.4e-05)
358.131 .... 595 packets received, 3405 bps, 42.56%, Err 154 (9.6e-05)
361.667 .... 597 packets received, 3383 bps, 42.29%, Err 154 (9.5e-05)
371.152 .... 601 packets received, 3319 bps, 41.48%, Err 161 (9.8e-05)
373.289 .... 606 packets received, 3327 bps, 41.59%, Err 162 (9.8e-05)
375.709 .... 612 packets received, 3338 bps, 41.73%, Err 164 (9.8e-05)
380.067 .... 613 packets received, 3306 bps, 41.32%, Err 165 (9.8e-05)
382.188 .... 620 packets received, 3325 bps, 41.56%, Err 165 (9.7e-05)
384.356 .... 624 packets received, 3327 bps, 41.59%, Err 169 (9.8e-05)
387.833 .... 630 packets received, 3329 bps, 41.61%, Err 171 (9.9e-05)
390.565 .... 635 packets received, 3332 bps, 41.65%, Err 171 (9.8e-05)
392.713 .... 638 packets received, 3329 bps, 41.62%, Err 175 (1.0e-04)
402.790 .... 641 packets received, 3261 bps, 40.77%, Err 179 (1.0e-04)
407.395 .... 645 packets received, 3245 bps, 40.56%, Err 180 (1.0e-04)
409.457 .... 651 packets received, 3258 bps, 40.73%, Err 181 (1.0e-04)
415.133 .... 655 packets received, 3233 bps, 40.42%, Err 183 (9.9e-05)
417.234 .... 662 packets received, 3252 bps, 40.64%, Err 183 (9.9e-05)
419.724 .... 668 packets received, 3262 bps, 40.77%, Err 183 (9.8e-05)
422.959 .... 674 packets received, 3266 bps, 40.82%, Err 184 (9.8e-05)
425.113 .... 681 packets received, 3283 bps, 41.04%, Err 185 (9.8e-05)
428.067 .... 686 packets received, 3284 bps, 41.05%, Err 186 (9.8e-05)
431.765 .... 692 packets received, 3284 bps, 41.06%, Err 189 (9.8e-05)
434.744 .... 698 packets received, 3290 bps, 41.13%, Err 191 (9.8e-05)
437.685 .... 705 packets received, 3301 bps, 41.26%, Err 192 (9.8e-05)
439.838 .... 711 packets received, 3313 bps, 41.41%, Err 192 (9.8e-05)
452.002 .... 715 packets received, 3242 bps, 40.52%, Err 197 (9.9e-05)
454.149 .... 721 packets received, 3253 bps, 40.67%, Err 197 (9.8e-05)
456.307 .... 727 packets received, 3265 bps, 40.81%, Err 197 (9.8e-05)
458.424 .... 733 packets received, 3277 bps, 40.96%, Err 197 (9.7e-05)
466.295 .... 735 packets received, 3230 bps, 40.38%, Err 200 (9.8e-05)
469.479 .... 741 packets received, 3234 bps, 40.43%, Err 204 (9.9e-05)
472.009 .... 746 packets received, 3239 bps, 40.48%, Err 206 (9.9e-05)
474.935 .... 752 packets received, 3245 bps, 40.56%, Err 207 (9.9e-05)
480.876 .... 757 packets received, 3226 bps, 40.32%, Err 212 (1.0e-04)
483.274 .... 761 packets received, 3227 bps, 40.33%, Err 213 (1.0e-04)
485.926 .... 767 packets received, 3234 bps, 40.43%, Err 215 (1.0e-04)
488.921 .... 774 packets received, 3244 bps, 40.55%, Err 216 (1.0e-04)
491.663 .... 778 packets received, 3243 bps, 40.53%, Err 217 (1.0e-04)
493.780 .... 785 packets received, 3258 bps, 40.72%, Err 218 (1.0e-04)
497.315 .... 788 packets received, 3247 bps, 40.59%, Err 221 (1.0e-04)
500.274 .... 793 packets received, 3248 bps, 40.60%, Err 222 (1.0e-04)
503.243 .... 798 packets received, 3249 bps, 40.62%, Err 222 (1.0e-04)
505.411 .... 804 packets received, 3260 bps, 40.75%, Err 222 (9.9e-05)
510.526 .... 806 packets received, 3235 bps, 40.44%, Err 225 (1.0e-04)
520.264 .... 812 packets received, 3198 bps, 39.98%, Err 230 (1.0e-04)
524.899 .... 816 packets received, 3185 bps, 39.82%, Err 231 (1.0e-04)
526.965 .... 823 packets received, 3200 bps, 40.00%, Err 231 (1.0e-04)
530.154 .... 828 packets received, 3200 bps, 40.00%, Err 232 (1.0e-04)
532.329 .... 833 packets received, 3206 bps, 40.08%, Err 232 (1.0e-04)
535.006 .... 836 packets received, 3202 bps, 40.02%, Err 235 (1.0e-04)
537.967 .... 839 packets received, 3196 bps, 39.95%, Err 235 (1.0e-04)
543.391 .... 843 packets received, 3179 bps, 39.73%, Err 237 (1.0e-04)
546.333 .... 849 packets received, 3184 bps, 39.80%, Err 238 (1.0e-04)
548.503 .... 855 packets received, 3194 bps, 39.92%, Err 238 (9.9e-05)
550.969 .... 859 packets received, 3195 bps, 39.93%, Err 239 (9.9e-05)
553.053 .... 866 packets received, 3208 bps, 40.11%, Err 239 (9.9e-05)
557.917 .... 867 packets received, 3184 bps, 39.80%, Err 242 (1.0e-04)
560.102 .... 869 packets received, 3179 bps, 39.74%, Err 242 (9.9e-05)
562.234 .... 875 packets received, 3189 bps, 39.86%, Err 244 (1.0e-04)
564.368 .... 877 packets received, 3184 bps, 39.80%, Err 247 (1.0e-04)
567.095 .... 880 packets received, 3180 bps, 39.74%, Err 249 (1.0e-04)
569.544 .... 882 packets received, 3173 bps, 39.66%, Err 250 (1.0e-04)
571.680 .... 885 packets received, 3172 bps, 39.65%, Err 250 (1.0e-04)
573.838 .... 890 packets received, 3178 bps, 39.72%, Err 250 (1.0e-04)
576.791 .... 895 packets received, 3179 bps, 39.74%, Err 252 (1.0e-04)
580.040 .... 901 packets received, 3183 bps, 39.78%, Err 252 (1.0e-04)
582.737 .... 904 packets received, 3179 bps, 39.73%, Err 254 (1.0e-04)
584.891 .... 912 packets received, 3195 bps, 39.94%, Err 255 (1.0e-04)
587.023 .... 917 packets received, 3201 bps, 40.01%, Err 255 (9.9e-05)
589.716 .... 923 packets received, 3207 bps, 40.09%, Err 257 (1.0e-04)
592.425 .... 925 packets received, 3199 bps, 39.99%, Err 259 (1.0e-04)
597.039 .... 926 packets received, 3178 bps, 39.72%, Err 261 (1.0e-04)
599.215 .... 929 packets received, 3177 bps, 39.71%, Err 263 (1.0e-04)
601.328 .... 930 packets received, 3169 bps, 39.61%, Err 263 (1.0e-04)
603.815 .... 935 packets received, 3173 bps, 39.66%, Err 263 (1.0e-04)
606.478 .... 939 packets received, 3172 bps, 39.65%, Err 266 (1.0e-04)
609.222 .... 947 packets received, 3185 bps, 39.81%, Err 267 (1.0e-04)
612.073 .... 950 packets received, 3180 bps, 39.75%, Err 268 (1.0e-04)
616.119 .... 958 packets received, 3186 bps, 39.82%, Err 269 (1.0e-04)
621.786 .... 964 packets received, 3177 bps, 39.71%, Err 272 (1.0e-04)
624.291 .... 971 packets received, 3187 bps, 39.83%, Err 272 (1.0e-04)
630.200 .... 974 packets received, 3167 bps, 39.58%, Err 278 (1.0e-04)
632.704 .... 975 packets received, 3157 bps, 39.47%, Err 278 (1.0e-04)
635.017 .... 977 packets received, 3152 bps, 39.40%, Err 278 (1.0e-04)
637.669 .... 983 packets received, 3158 bps, 39.48%, Err 280 (1.0e-04)
639.812 .... 989 packets received, 3167 bps, 39.59%, Err 280 (1.0e-04)
641.964 .... 992 packets received, 3166 bps, 39.58%, Err 281 (1.0e-04)
645.467 .... 998 packets received, 3168 bps, 39.60%, Err 283 (1.0e-04)
648.135 .... 1000 packets received, 3161 bps, 39.51%, Err 286 (1.0e-04)
650.548 .... 1005 packets received, 3165 bps, 39.56%, Err 288 (1.0e-04)
652.980 .... 1008 packets received, 3163 bps, 39.53%, Err 288 (1.0e-04)
655.936 .... 1013 packets received, 3164 bps, 39.55%, Err 289 (1.0e-04)
658.113 .... 1020 packets received, 3175 bps, 39.69%, Err 289 (1.0e-04)
660.242 .... 1021 packets received, 3168 bps, 39.60%, Err 292 (1.0e-04)
663.504 .... 1027 packets received, 3171 bps, 39.64%, Err 293 (1.0e-04)
665.644 .... 1034 packets received, 3183 bps, 39.78%, Err 294 (1.0e-04)
667.820 .... 1037 packets received, 3181 bps, 39.77%, Err 295 (1.0e-04)
669.942 .... 1043 packets received, 3190 bps, 39.87%, Err 296 (1.0e-04)
672.958 .... 1048 packets received, 3191 bps, 39.88%, Err 297 (1.0e-04)
677.265 .... 1049 packets received, 3173 bps, 39.67%, Err 299 (1.0e-04)
679.647 .... 1053 packets received, 3174 bps, 39.68%, Err 301 (1.0e-04)
681.783 .... 1059 packets received, 3182 bps, 39.78%, Err 301 (1.0e-04)
683.910 .... 1061 packets received, 3178 bps, 39.73%, Err 302 (1.0e-04)
686.305 .... 1066 packets received, 3182 bps, 39.78%, Err 304 (1.0e-04)
689.320 .... 1068 packets received, 3174 bps, 39.68%, Err 306 (1.0e-04)
691.949 .... 1071 packets received, 3171 bps, 39.64%, Err 306 (1.0e-04)

691.949 FATAL: Network Layer received a bad packet from data link layer
Abort.
