./selective -bf -log sbf.log 
=========================================================================
                          Station B                                 
-------------------------------------------------------------------------
Protocol.lib, version 3.0, Build: Oct 19 2009 (jiangy@public3.bta.net.cn)
Channel: 8000 bps, 270 ms propagation delay, bit error rate 1.0E-05
Log file "sbf.log", TCP port 59144, debug mask 0x00
Station B is connecting station A (TCP port 59144) ... Done.
New epoch: Sun Nov 22 13:00:50 2009
=========================================================================
Designed by JackalDire
2.438 .... 6 packets received, 5702 bps, 71.28%, Err 0 (0.0e+00)
4.562 .... 12 packets received, 5743 bps, 71.79%, Err 0 (0.0e+00)
7.252 .... 16 packets received, 4702 bps, 58.77%, Err 1 (2.4e-05)
9.420 .... 23 packets received, 5155 bps, 64.44%, Err 1 (2.0e-05)
11.803 .... 29 packets received, 5156 bps, 64.44%, Err 1 (1.6e-05)
14.231 .... 35 packets received, 5139 bps, 64.24%, Err 1 (1.3e-05)
16.356 .... 41 packets received, 5224 bps, 65.30%, Err 1 (1.1e-05)
18.495 .... 47 packets received, 5285 bps, 66.07%, Err 1 (9.7e-06)
20.618 .... 53 packets received, 5338 bps, 66.72%, Err 1 (8.8e-06)
23.001 .... 59 packets received, 5319 bps, 66.48%, Err 1 (7.9e-06)
25.429 .... 65 packets received, 5294 bps, 66.17%, Err 1 (7.1e-06)
27.555 .... 71 packets received, 5332 bps, 66.65%, Err 1 (6.5e-06)
30.212 .... 75 packets received, 5132 bps, 64.15%, Err 2 (1.2e-05)
32.366 .... 83 packets received, 5298 bps, 66.23%, Err 2 (1.1e-05)
34.528 .... 89 packets received, 5323 bps, 66.53%, Err 2 (1.0e-05)
36.684 .... 96 packets received, 5401 bps, 67.51%, Err 2 (9.6e-06)
39.892 .... 102 packets received, 5274 bps, 65.92%, Err 3 (1.3e-05)
42.060 .... 110 packets received, 5392 bps, 67.41%, Err 3 (1.2e-05)
44.215 .... 116 packets received, 5408 bps, 67.60%, Err 3 (1.2e-05)
46.386 .... 122 packets received, 5420 bps, 67.74%, Err 3 (1.1e-05)
48.511 .... 129 packets received, 5478 bps, 68.47%, Err 3 (1.1e-05)
50.685 .... 136 packets received, 5526 bps, 69.08%, Err 3 (1.0e-05)
52.814 .... 142 packets received, 5536 bps, 69.20%, Err 3 (9.7e-06)
54.940 .... 149 packets received, 5583 bps, 69.79%, Err 3 (9.3e-06)
57.114 .... 156 packets received, 5622 bps, 70.27%, Err 3 (8.9e-06)
60.287 .... 162 packets received, 5529 bps, 69.12%, Err 4 (1.1e-05)
62.441 .... 170 packets received, 5601 bps, 70.02%, Err 4 (1.1e-05)
64.583 .... 176 packets received, 5606 bps, 70.07%, Err 4 (1.0e-05)
66.753 .... 183 packets received, 5638 bps, 70.48%, Err 4 (1.0e-05)
69.927 .... 190 packets received, 5587 bps, 69.84%, Err 5 (1.2e-05)
72.052 .... 197 packets received, 5622 bps, 70.27%, Err 5 (1.2e-05)
74.474 .... 204 packets received, 5631 bps, 70.39%, Err 5 (1.1e-05)
76.650 .... 211 packets received, 5659 bps, 70.73%, Err 5 (1.1e-05)
79.817 .... 217 packets received, 5588 bps, 69.85%, Err 6 (1.3e-05)
82.048 .... 223 packets received, 5586 bps, 69.82%, Err 6 (1.2e-05)
84.224 .... 230 packets received, 5612 bps, 70.14%, Err 6 (1.2e-05)
86.368 .... 236 packets received, 5615 bps, 70.18%, Err 6 (1.2e-05)
88.494 .... 243 packets received, 5642 bps, 70.52%, Err 6 (1.1e-05)
90.966 .... 249 packets received, 5623 bps, 70.29%, Err 6 (1.1e-05)
93.384 .... 255 packets received, 5609 bps, 70.12%, Err 6 (1.1e-05)
95.540 .... 262 packets received, 5633 bps, 70.41%, Err 6 (1.1e-05)
97.696 .... 269 packets received, 5655 bps, 70.69%, Err 6 (1.0e-05)
99.869 .... 275 packets received, 5655 bps, 70.69%, Err 6 (1.0e-05)
102.834 .... 282 packets received, 5632 bps, 70.40%, Err 7 (1.1e-05)
104.927 .... 289 packets received, 5656 bps, 70.70%, Err 7 (1.1e-05)
107.387 .... 296 packets received, 5660 bps, 70.75%, Err 7 (1.1e-05)
109.511 .... 303 packets received, 5681 bps, 71.01%, Err 7 (1.1e-05)
111.665 .... 308 packets received, 5663 bps, 70.79%, Err 7 (1.1e-05)
113.836 .... 314 packets received, 5663 bps, 70.79%, Err 7 (1.0e-05)
115.993 .... 321 packets received, 5682 bps, 71.02%, Err 7 (1.0e-05)
118.162 .... 328 packets received, 5699 bps, 71.23%, Err 7 (9.9e-06)
120.338 .... 334 packets received, 5698 bps, 71.22%, Err 7 (9.7e-06)
122.464 .... 340 packets received, 5699 bps, 71.24%, Err 8 (1.1e-05)
124.602 .... 344 packets received, 5667 bps, 70.84%, Err 8 (1.1e-05)
127.045 .... 350 packets received, 5655 bps, 70.68%, Err 8 (1.1e-05)
129.206 .... 357 packets received, 5671 bps, 70.89%, Err 8 (1.0e-05)
131.893 .... 363 packets received, 5649 bps, 70.61%, Err 8 (1.0e-05)
134.049 .... 370 packets received, 5665 bps, 70.81%, Err 8 (1.0e-05)
136.207 .... 377 packets received, 5680 bps, 71.00%, Err 8 (9.8e-06)
138.378 .... 383 packets received, 5680 bps, 71.00%, Err 8 (9.7e-06)
140.502 .... 390 packets received, 5696 bps, 71.20%, Err 8 (9.5e-06)
142.675 .... 397 packets received, 5710 bps, 71.37%, Err 8 (9.3e-06)
144.785 .... 403 packets received, 5712 bps, 71.40%, Err 8 (9.2e-06)
146.929 .... 410 packets received, 5726 bps, 71.57%, Err 9 (1.0e-05)
149.099 .... 417 packets received, 5739 bps, 71.73%, Err 9 (1.0e-05)
151.223 .... 423 packets received, 5739 bps, 71.74%, Err 10 (1.1e-05)
154.195 .... 428 packets received, 5695 bps, 71.19%, Err 11 (1.2e-05)
156.350 .... 435 packets received, 5708 bps, 71.35%, Err 11 (1.2e-05)
158.505 .... 438 packets received, 5669 bps, 70.87%, Err 12 (1.3e-05)
160.951 .... 446 packets received, 5685 bps, 71.06%, Err 12 (1.2e-05)
163.368 .... 452 packets received, 5676 bps, 70.95%, Err 12 (1.2e-05)
165.512 .... 459 packets received, 5689 bps, 71.12%, Err 13 (1.3e-05)
167.970 .... 465 packets received, 5679 bps, 70.99%, Err 13 (1.3e-05)
171.403 .... 471 packets received, 5637 bps, 70.46%, Err 14 (1.4e-05)
173.604 .... 479 packets received, 5660 bps, 70.75%, Err 14 (1.4e-05)
175.744 .... 485 packets received, 5661 bps, 70.76%, Err 14 (1.3e-05)
177.898 .... 491 packets received, 5662 bps, 70.77%, Err 14 (1.3e-05)
180.342 .... 498 packets received, 5664 bps, 70.80%, Err 14 (1.3e-05)
182.502 .... 505 packets received, 5676 bps, 70.95%, Err 14 (1.3e-05)
184.672 .... 512 packets received, 5687 bps, 71.08%, Err 14 (1.3e-05)
188.680 .... 518 packets received, 5631 bps, 70.39%, Err 15 (1.3e-05)
190.837 .... 526 packets received, 5653 bps, 70.67%, Err 15 (1.3e-05)
192.991 .... 532 packets received, 5654 bps, 70.67%, Err 15 (1.3e-05)
195.147 .... 539 packets received, 5665 bps, 70.81%, Err 15 (1.3e-05)
197.318 .... 546 packets received, 5675 bps, 70.94%, Err 15 (1.3e-05)
199.489 .... 552 packets received, 5675 bps, 70.94%, Err 15 (1.3e-05)
201.646 .... 559 packets received, 5685 bps, 71.07%, Err 15 (1.2e-05)
204.883 .... 565 packets received, 5656 bps, 70.69%, Err 16 (1.3e-05)
207.069 .... 570 packets received, 5645 bps, 70.57%, Err 16 (1.3e-05)
209.196 .... 575 packets received, 5637 bps, 70.46%, Err 17 (1.4e-05)
211.897 .... 580 packets received, 5613 bps, 70.17%, Err 17 (1.4e-05)
214.042 .... 587 packets received, 5624 bps, 70.30%, Err 17 (1.3e-05)
216.213 .... 594 packets received, 5634 bps, 70.42%, Err 17 (1.3e-05)
218.384 .... 600 packets received, 5634 bps, 70.43%, Err 17 (1.3e-05)
220.509 .... 606 packets received, 5636 bps, 70.44%, Err 17 (1.3e-05)
222.648 .... 611 packets received, 5627 bps, 70.34%, Err 18 (1.4e-05)
225.637 .... 616 packets received, 5598 bps, 69.98%, Err 18 (1.3e-05)
227.778 .... 622 packets received, 5599 bps, 69.99%, Err 18 (1.3e-05)
229.949 .... 629 packets received, 5609 bps, 70.11%, Err 18 (1.3e-05)
232.060 .... 635 packets received, 5611 bps, 70.14%, Err 18 (1.3e-05)
234.263 .... 642 packets received, 5619 bps, 70.24%, Err 18 (1.3e-05)
236.387 .... 649 packets received, 5630 bps, 70.37%, Err 18 (1.3e-05)
238.511 .... 655 packets received, 5631 bps, 70.39%, Err 19 (1.3e-05)
240.667 .... 662 packets received, 5640 bps, 70.50%, Err 19 (1.3e-05)
242.839 .... 669 packets received, 5649 bps, 70.61%, Err 19 (1.3e-05)
245.000 .... 675 packets received, 5649 bps, 70.61%, Err 19 (1.3e-05)
247.154 .... 682 packets received, 5658 bps, 70.72%, Err 19 (1.3e-05)
249.278 .... 688 packets received, 5659 bps, 70.74%, Err 19 (1.3e-05)
251.434 .... 693 packets received, 5651 bps, 70.64%, Err 19 (1.3e-05)
253.605 .... 699 packets received, 5651 bps, 70.64%, Err 19 (1.3e-05)
255.763 .... 706 packets received, 5659 bps, 70.74%, Err 19 (1.2e-05)
257.932 .... 713 packets received, 5667 bps, 70.84%, Err 19 (1.2e-05)
260.102 .... 719 packets received, 5667 bps, 70.84%, Err 19 (1.2e-05)
262.246 .... 726 packets received, 5676 bps, 70.95%, Err 19 (1.2e-05)
264.385 .... 729 packets received, 5653 bps, 70.66%, Err 20 (1.3e-05)
267.618 .... 737 packets received, 5646 bps, 70.58%, Err 21 (1.3e-05)
269.744 .... 744 packets received, 5655 bps, 70.68%, Err 21 (1.3e-05)
272.690 .... 750 packets received, 5639 bps, 70.48%, Err 21 (1.3e-05)
274.834 .... 757 packets received, 5647 bps, 70.59%, Err 21 (1.3e-05)
276.992 .... 764 packets received, 5655 bps, 70.68%, Err 21 (1.3e-05)
279.166 .... 770 packets received, 5655 bps, 70.68%, Err 21 (1.3e-05)
281.324 .... 777 packets received, 5662 bps, 70.78%, Err 21 (1.2e-05)
284.287 .... 783 packets received, 5646 bps, 70.58%, Err 22 (1.3e-05)
286.440 .... 791 packets received, 5661 bps, 70.76%, Err 22 (1.3e-05)
288.870 .... 797 packets received, 5656 bps, 70.70%, Err 22 (1.3e-05)
291.025 .... 803 packets received, 5656 bps, 70.70%, Err 22 (1.3e-05)
293.209 .... 809 packets received, 5656 bps, 70.70%, Err 22 (1.3e-05)
295.364 .... 816 packets received, 5663 bps, 70.79%, Err 22 (1.2e-05)
297.535 .... 822 packets received, 5663 bps, 70.79%, Err 22 (1.2e-05)
299.689 .... 825 packets received, 5643 bps, 70.54%, Err 23 (1.3e-05)
302.117 .... 833 packets received, 5652 bps, 70.65%, Err 23 (1.3e-05)
304.499 .... 839 packets received, 5648 bps, 70.60%, Err 23 (1.3e-05)
306.896 .... 846 packets received, 5651 bps, 70.63%, Err 23 (1.3e-05)
309.358 .... 852 packets received, 5646 bps, 70.57%, Err 23 (1.2e-05)
311.482 .... 858 packets received, 5646 bps, 70.58%, Err 23 (1.2e-05)
313.620 .... 864 packets received, 5647 bps, 70.59%, Err 23 (1.2e-05)
315.745 .... 870 packets received, 5648 bps, 70.60%, Err 23 (1.2e-05)
318.098 .... 876 packets received, 5645 bps, 70.56%, Err 23 (1.2e-05)
320.556 .... 882 packets received, 5640 bps, 70.50%, Err 23 (1.2e-05)
322.680 .... 888 packets received, 5641 bps, 70.51%, Err 23 (1.2e-05)
324.822 .... 894 packets received, 5642 bps, 70.52%, Err 23 (1.2e-05)
326.948 .... 900 packets received, 5642 bps, 70.53%, Err 23 (1.2e-05)
329.034 .... 906 packets received, 5644 bps, 70.55%, Err 23 (1.2e-05)
331.238 .... 913 packets received, 5650 bps, 70.62%, Err 23 (1.2e-05)
333.380 .... 920 packets received, 5656 bps, 70.71%, Err 23 (1.2e-05)
335.478 .... 926 packets received, 5658 bps, 70.72%, Err 23 (1.2e-05)
337.695 .... 933 packets received, 5663 bps, 70.79%, Err 23 (1.1e-05)
339.853 .... 940 packets received, 5669 bps, 70.87%, Err 23 (1.1e-05)
342.829 .... 945 packets received, 5650 bps, 70.62%, Err 24 (1.2e-05)
344.879 .... 950 packets received, 5646 bps, 70.58%, Err 24 (1.2e-05)
347.307 .... 954 packets received, 5630 bps, 70.38%, Err 25 (1.2e-05)
349.477 .... 962 packets received, 5642 bps, 70.53%, Err 25 (1.2e-05)
351.617 .... 968 packets received, 5643 bps, 70.53%, Err 25 (1.2e-05)
353.788 .... 975 packets received, 5649 bps, 70.61%, Err 25 (1.2e-05)
355.927 .... 982 packets received, 5655 bps, 70.69%, Err 25 (1.2e-05)
358.098 .... 988 packets received, 5655 bps, 70.69%, Err 25 (1.2e-05)
360.254 .... 995 packets received, 5661 bps, 70.76%, Err 25 (1.2e-05)
362.426 .... 1002 packets received, 5667 bps, 70.83%, Err 25 (1.2e-05)
364.582 .... 1008 packets received, 5667 bps, 70.83%, Err 25 (1.1e-05)
366.737 .... 1015 packets received, 5673 bps, 70.91%, Err 25 (1.1e-05)
368.898 .... 1018 packets received, 5656 bps, 70.70%, Err 26 (1.2e-05)
371.052 .... 1024 packets received, 5656 bps, 70.70%, Err 26 (1.2e-05)
373.479 .... 1030 packets received, 5652 bps, 70.65%, Err 26 (1.2e-05)
375.634 .... 1037 packets received, 5658 bps, 70.73%, Err 26 (1.2e-05)
377.804 .... 1043 packets received, 5658 bps, 70.73%, Err 26 (1.2e-05)
379.965 .... 1050 packets received, 5664 bps, 70.80%, Err 26 (1.1e-05)
382.126 .... 1057 packets received, 5669 bps, 70.86%, Err 26 (1.1e-05)
384.296 .... 1063 packets received, 5669 bps, 70.86%, Err 26 (1.1e-05)
386.435 .... 1070 packets received, 5675 bps, 70.94%, Err 26 (1.1e-05)
388.591 .... 1077 packets received, 5680 bps, 71.00%, Err 26 (1.1e-05)
390.762 .... 1083 packets received, 5680 bps, 71.00%, Err 26 (1.1e-05)
392.934 .... 1090 packets received, 5685 bps, 71.07%, Err 26 (1.1e-05)
395.088 .... 1097 packets received, 5691 bps, 71.13%, Err 26 (1.1e-05)
397.259 .... 1103 packets received, 5690 bps, 71.13%, Err 26 (1.1e-05)
399.415 .... 1110 packets received, 5696 bps, 71.19%, Err 26 (1.1e-05)
401.585 .... 1117 packets received, 5700 bps, 71.26%, Err 26 (1.1e-05)
404.000 .... 1123 packets received, 5697 bps, 71.21%, Err 26 (1.1e-05)
406.169 .... 1129 packets received, 5697 bps, 71.21%, Err 26 (1.1e-05)
408.292 .... 1134 packets received, 5692 bps, 71.15%, Err 26 (1.1e-05)
410.463 .... 1141 packets received, 5697 bps, 71.21%, Err 26 (1.1e-05)
412.631 .... 1147 packets received, 5697 bps, 71.21%, Err 26 (1.1e-05)
414.801 .... 1153 packets received, 5697 bps, 71.21%, Err 26 (1.0e-05)
416.971 .... 1160 packets received, 5701 bps, 71.27%, Err 26 (1.0e-05)
419.140 .... 1167 packets received, 5706 bps, 71.33%, Err 26 (1.0e-05)
421.248 .... 1173 packets received, 5707 bps, 71.33%, Err 26 (1.0e-05)
423.405 .... 1178 packets received, 5702 bps, 71.27%, Err 26 (1.0e-05)
425.579 .... 1184 packets received, 5702 bps, 71.27%, Err 26 (1.0e-05)
427.704 .... 1191 packets received, 5707 bps, 71.33%, Err 26 (1.0e-05)
429.874 .... 1198 packets received, 5711 bps, 71.39%, Err 26 (1.0e-05)
431.998 .... 1203 packets received, 5707 bps, 71.34%, Err 26 (1.0e-05)
434.457 .... 1210 packets received, 5708 bps, 71.34%, Err 26 (1.0e-05)
436.617 .... 1216 packets received, 5707 bps, 71.34%, Err 26 (9.9e-06)
438.759 .... 1223 packets received, 5712 bps, 71.40%, Err 26 (9.9e-06)
442.264 .... 1229 packets received, 5695 bps, 71.18%, Err 27 (1.0e-05)
444.434 .... 1235 packets received, 5695 bps, 71.18%, Err 27 (1.0e-05)
446.587 .... 1239 packets received, 5686 bps, 71.07%, Err 27 (1.0e-05)
448.756 .... 1245 packets received, 5685 bps, 71.07%, Err 27 (1.0e-05)
450.896 .... 1250 packets received, 5681 bps, 71.01%, Err 27 (1.0e-05)
454.146 .... 1256 packets received, 5668 bps, 70.84%, Err 28 (1.0e-05)
456.285 .... 1263 packets received, 5672 bps, 70.90%, Err 28 (1.0e-05)
458.727 .... 1269 packets received, 5669 bps, 70.86%, Err 28 (1.0e-05)
460.871 .... 1276 packets received, 5674 bps, 70.92%, Err 29 (1.1e-05)
463.056 .... 1283 packets received, 5678 bps, 70.97%, Err 29 (1.0e-05)
465.227 .... 1289 packets received, 5678 bps, 70.97%, Err 29 (1.0e-05)
467.368 .... 1296 packets received, 5682 bps, 71.03%, Err 29 (1.0e-05)
469.779 .... 1302 packets received, 5679 bps, 70.99%, Err 29 (1.0e-05)
471.966 .... 1308 packets received, 5679 bps, 70.99%, Err 29 (1.0e-05)
474.113 .... 1314 packets received, 5679 bps, 70.99%, Err 30 (1.1e-05)
477.072 .... 1319 packets received, 5666 bps, 70.82%, Err 30 (1.1e-05)
479.211 .... 1325 packets received, 5666 bps, 70.82%, Err 30 (1.1e-05)
481.387 .... 1332 packets received, 5670 bps, 70.88%, Err 30 (1.0e-05)
483.497 .... 1338 packets received, 5671 bps, 70.89%, Err 30 (1.0e-05)
485.702 .... 1345 packets received, 5675 bps, 70.93%, Err 30 (1.0e-05)
487.842 .... 1352 packets received, 5679 bps, 70.99%, Err 30 (1.0e-05)
490.803 .... 1358 packets received, 5670 bps, 70.87%, Err 31 (1.1e-05)
492.869 .... 1362 packets received, 5663 bps, 70.78%, Err 31 (1.1e-05)
495.041 .... 1369 packets received, 5667 bps, 70.84%, Err 31 (1.1e-05)
497.212 .... 1376 packets received, 5671 bps, 70.89%, Err 31 (1.0e-05)
499.369 .... 1382 packets received, 5671 bps, 70.89%, Err 31 (1.0e-05)
501.496 .... 1386 packets received, 5663 bps, 70.79%, Err 32 (1.1e-05)
503.619 .... 1393 packets received, 5668 bps, 70.85%, Err 32 (1.1e-05)
506.321 .... 1400 packets received, 5666 bps, 70.82%, Err 32 (1.1e-05)
508.444 .... 1405 packets received, 5662 bps, 70.78%, Err 32 (1.1e-05)
510.597 .... 1410 packets received, 5659 bps, 70.73%, Err 32 (1.1e-05)
512.752 .... 1417 packets received, 5663 bps, 70.79%, Err 32 (1.0e-05)
514.922 .... 1424 packets received, 5667 bps, 70.83%, Err 32 (1.0e-05)
517.623 .... 1429 packets received, 5657 bps, 70.71%, Err 33 (1.1e-05)
519.747 .... 1436 packets received, 5661 bps, 70.77%, Err 33 (1.1e-05)
523.280 .... 1442 packets received, 5647 bps, 70.58%, Err 34 (1.1e-05)
525.420 .... 1448 packets received, 5647 bps, 70.59%, Err 34 (1.1e-05)
527.575 .... 1454 packets received, 5647 bps, 70.59%, Err 34 (1.1e-05)
529.728 .... 1459 packets received, 5644 bps, 70.55%, Err 34 (1.1e-05)
531.886 .... 1466 packets received, 5648 bps, 70.60%, Err 34 (1.1e-05)
534.043 .... 1473 packets received, 5652 bps, 70.65%, Err 34 (1.1e-05)
536.215 .... 1479 packets received, 5652 bps, 70.65%, Err 34 (1.1e-05)
539.162 .... 1485 packets received, 5644 bps, 70.55%, Err 35 (1.1e-05)
541.301 .... 1491 packets received, 5644 bps, 70.55%, Err 35 (1.1e-05)
543.473 .... 1497 packets received, 5644 bps, 70.55%, Err 35 (1.1e-05)
545.634 .... 1503 packets received, 5644 bps, 70.55%, Err 35 (1.1e-05)
547.791 .... 1510 packets received, 5648 bps, 70.60%, Err 35 (1.1e-05)
549.963 .... 1517 packets received, 5652 bps, 70.65%, Err 35 (1.1e-05)
552.106 .... 1523 packets received, 5652 bps, 70.65%, Err 35 (1.1e-05)
554.245 .... 1528 packets received, 5649 bps, 70.61%, Err 35 (1.1e-05)
556.463 .... 1534 packets received, 5649 bps, 70.61%, Err 35 (1.1e-05)
558.626 .... 1541 packets received, 5652 bps, 70.65%, Err 35 (1.1e-05)
560.722 .... 1547 packets received, 5653 bps, 70.66%, Err 35 (1.0e-05)
562.882 .... 1552 packets received, 5650 bps, 70.62%, Err 35 (1.0e-05)
565.054 .... 1558 packets received, 5650 bps, 70.62%, Err 35 (1.0e-05)
567.211 .... 1565 packets received, 5653 bps, 70.67%, Err 35 (1.0e-05)
569.368 .... 1572 packets received, 5657 bps, 70.72%, Err 35 (1.0e-05)
571.493 .... 1578 packets received, 5658 bps, 70.72%, Err 35 (1.0e-05)
573.634 .... 1585 packets received, 5662 bps, 70.77%, Err 35 (1.0e-05)
575.804 .... 1592 packets received, 5665 bps, 70.81%, Err 35 (1.0e-05)
577.929 .... 1598 packets received, 5666 bps, 70.82%, Err 35 (1.0e-05)
580.386 .... 1605 packets received, 5666 bps, 70.83%, Err 35 (1.0e-05)
582.557 .... 1612 packets received, 5670 bps, 70.87%, Err 35 (1.0e-05)
584.714 .... 1618 packets received, 5670 bps, 70.87%, Err 35 (1.0e-05)
586.870 .... 1625 packets received, 5673 bps, 70.92%, Err 35 (1.0e-05)
589.040 .... 1632 packets received, 5677 bps, 70.96%, Err 35 (1.0e-05)
591.197 .... 1638 packets received, 5677 bps, 70.96%, Err 35 (9.9e-06)
593.885 .... 1643 packets received, 5669 bps, 70.86%, Err 37 (1.0e-05)
596.008 .... 1644 packets received, 5652 bps, 70.65%, Err 37 (1.0e-05)
598.149 .... 1651 packets received, 5656 bps, 70.69%, Err 37 (1.0e-05)
600.609 .... 1658 packets received, 5656 bps, 70.70%, Err 37 (1.0e-05)
602.766 .... 1665 packets received, 5660 bps, 70.75%, Err 37 (1.0e-05)
604.936 .... 1670 packets received, 5656 bps, 70.71%, Err 38 (1.1e-05)
607.333 .... 1675 packets received, 5651 bps, 70.64%, Err 38 (1.1e-05)
609.488 .... 1682 packets received, 5654 bps, 70.68%, Err 38 (1.0e-05)
611.674 .... 1689 packets received, 5658 bps, 70.72%, Err 38 (1.0e-05)
613.815 .... 1695 packets received, 5658 bps, 70.72%, Err 38 (1.0e-05)
615.970 .... 1702 packets received, 5661 bps, 70.77%, Err 38 (1.0e-05)
618.142 .... 1709 packets received, 5665 bps, 70.81%, Err 38 (1.0e-05)
620.312 .... 1715 packets received, 5665 bps, 70.81%, Err 38 (1.0e-05)
622.466 .... 1722 packets received, 5668 bps, 70.85%, Err 38 (1.0e-05)
624.651 .... 1729 packets received, 5671 bps, 70.89%, Err 38 (1.0e-05)
626.775 .... 1735 packets received, 5672 bps, 70.90%, Err 38 (1.0e-05)
628.944 .... 1742 packets received, 5675 bps, 70.94%, Err 38 (1.0e-05)
631.082 .... 1748 packets received, 5675 bps, 70.94%, Err 38 (1.0e-05)
633.478 .... 1754 packets received, 5673 bps, 70.91%, Err 38 (1.0e-05)
635.633 .... 1760 packets received, 5673 bps, 70.92%, Err 38 (1.0e-05)
637.805 .... 1766 packets received, 5673 bps, 70.91%, Err 38 (1.0e-05)
640.781 .... 1773 packets received, 5669 bps, 70.86%, Err 39 (1.0e-05)
642.877 .... 1780 packets received, 5673 bps, 70.91%, Err 39 (1.0e-05)
645.338 .... 1787 packets received, 5674 bps, 70.92%, Err 39 (1.0e-05)
647.510 .... 1794 packets received, 5677 bps, 70.96%, Err 39 (1.0e-05)
649.652 .... 1801 packets received, 5680 bps, 71.00%, Err 39 (1.0e-05)
652.595 .... 1807 packets received, 5673 bps, 70.92%, Err 41 (1.1e-05)
655.840 .... 1812 packets received, 5661 bps, 70.76%, Err 41 (1.0e-05)
657.981 .... 1819 packets received, 5664 bps, 70.80%, Err 41 (1.0e-05)
660.151 .... 1826 packets received, 5667 bps, 70.84%, Err 41 (1.0e-05)
662.261 .... 1832 packets received, 5668 bps, 70.85%, Err 41 (1.0e-05)
664.401 .... 1839 packets received, 5671 bps, 70.89%, Err 41 (1.0e-05)
666.573 .... 1846 packets received, 5674 bps, 70.93%, Err 41 (1.0e-05)
668.700 .... 1852 packets received, 5674 bps, 70.93%, Err 41 (1.0e-05)
670.841 .... 1859 packets received, 5678 bps, 70.97%, Err 41 (1.0e-05)
673.012 .... 1866 packets received, 5681 bps, 71.01%, Err 41 (1.0e-05)
675.151 .... 1872 packets received, 5681 bps, 71.01%, Err 41 (1.0e-05)
677.335 .... 1878 packets received, 5681 bps, 71.01%, Err 41 (1.0e-05)
679.521 .... 1885 packets received, 5684 bps, 71.04%, Err 41 (1.0e-05)
681.648 .... 1888 packets received, 5675 bps, 70.94%, Err 42 (1.0e-05)
683.817 .... 1894 packets received, 5675 bps, 70.93%, Err 42 (1.0e-05)
685.986 .... 1900 packets received, 5675 bps, 70.93%, Err 42 (1.0e-05)
688.157 .... 1906 packets received, 5675 bps, 70.93%, Err 42 (1.0e-05)
690.297 .... 1913 packets received, 5678 bps, 70.97%, Err 42 (1.0e-05)
692.481 .... 1920 packets received, 5681 bps, 71.01%, Err 42 (1.0e-05)
694.605 .... 1926 packets received, 5681 bps, 71.01%, Err 42 (1.0e-05)
696.776 .... 1933 packets received, 5684 bps, 71.05%, Err 42 (1.0e-05)
698.917 .... 1940 packets received, 5687 bps, 71.09%, Err 42 (1.0e-05)
701.300 .... 1946 packets received, 5685 bps, 71.06%, Err 42 (1.0e-05)
703.423 .... 1951 packets received, 5683 bps, 71.03%, Err 42 (1.0e-05)
706.669 .... 1957 packets received, 5674 bps, 70.92%, Err 43 (1.0e-05)
708.807 .... 1963 packets received, 5674 bps, 70.93%, Err 44 (1.0e-05)
710.977 .... 1970 packets received, 5677 bps, 70.96%, Err 44 (1.0e-05)
713.147 .... 1976 packets received, 5677 bps, 70.96%, Err 44 (1.0e-05)
715.302 .... 1983 packets received, 5680 bps, 71.00%, Err 44 (1.0e-05)
718.034 .... 1990 packets received, 5678 bps, 70.98%, Err 44 (1.0e-05)
720.189 .... 1996 packets received, 5678 bps, 70.98%, Err 44 (1.0e-05)
722.344 .... 2002 packets received, 5678 bps, 70.98%, Err 44 (1.0e-05)
724.514 .... 2008 packets received, 5678 bps, 70.98%, Err 44 (1.0e-05)
728.519 .... 2013 packets received, 5661 bps, 70.76%, Err 46 (1.1e-05)
730.673 .... 2019 packets received, 5661 bps, 70.77%, Err 46 (1.1e-05)
732.842 .... 2025 packets received, 5661 bps, 70.77%, Err 46 (1.1e-05)
735.014 .... 2031 packets received, 5661 bps, 70.77%, Err 46 (1.0e-05)
737.170 .... 2038 packets received, 5664 bps, 70.80%, Err 46 (1.0e-05)
739.870 .... 2044 packets received, 5660 bps, 70.75%, Err 46 (1.0e-05)
741.995 .... 2051 packets received, 5663 bps, 70.79%, Err 46 (1.0e-05)
744.165 .... 2058 packets received, 5666 bps, 70.82%, Err 46 (1.0e-05)
746.824 .... 2063 packets received, 5659 bps, 70.74%, Err 47 (1.1e-05)
748.968 .... 2070 packets received, 5662 bps, 70.78%, Err 47 (1.1e-05)
751.399 .... 2077 packets received, 5663 bps, 70.79%, Err 47 (1.0e-05)
753.560 .... 2084 packets received, 5666 bps, 70.82%, Err 47 (1.0e-05)
755.736 .... 2091 packets received, 5669 bps, 70.86%, Err 47 (1.0e-05)
757.861 .... 2097 packets received, 5669 bps, 70.86%, Err 47 (1.0e-05)
760.001 .... 2102 packets received, 5666 bps, 70.83%, Err 48 (1.1e-05)
762.146 .... 2105 packets received, 5659 bps, 70.73%, Err 49 (1.1e-05)
764.320 .... 2113 packets received, 5664 bps, 70.80%, Err 49 (1.1e-05)
766.491 .... 2119 packets received, 5664 bps, 70.80%, Err 49 (1.1e-05)
768.665 .... 2126 packets received, 5667 bps, 70.83%, Err 49 (1.1e-05)
770.806 .... 2133 packets received, 5669 bps, 70.87%, Err 49 (1.1e-05)
773.171 .... 2139 packets received, 5668 bps, 70.85%, Err 49 (1.1e-05)
775.294 .... 2144 packets received, 5666 bps, 70.82%, Err 49 (1.1e-05)
777.439 .... 2151 packets received, 5668 bps, 70.86%, Err 49 (1.1e-05)
780.183 .... 2157 packets received, 5664 bps, 70.80%, Err 49 (1.1e-05)
782.555 .... 2163 packets received, 5663 bps, 70.78%, Err 49 (1.1e-05)
784.710 .... 2170 packets received, 5665 bps, 70.82%, Err 49 (1.0e-05)
787.956 .... 2177 packets received, 5660 bps, 70.75%, Err 50 (1.1e-05)
790.080 .... 2184 packets received, 5663 bps, 70.79%, Err 50 (1.1e-05)
792.538 .... 2191 packets received, 5664 bps, 70.80%, Err 50 (1.1e-05)
794.693 .... 2198 packets received, 5666 bps, 70.83%, Err 50 (1.1e-05)
796.863 .... 2205 packets received, 5669 bps, 70.86%, Err 50 (1.1e-05)
799.549 .... 2209 packets received, 5660 bps, 70.75%, Err 51 (1.1e-05)
801.734 .... 2215 packets received, 5660 bps, 70.75%, Err 51 (1.1e-05)
803.905 .... 2222 packets received, 5663 bps, 70.78%, Err 51 (1.1e-05)
806.046 .... 2228 packets received, 5663 bps, 70.79%, Err 51 (1.1e-05)
808.200 .... 2235 packets received, 5666 bps, 70.82%, Err 51 (1.1e-05)
810.371 .... 2242 packets received, 5668 bps, 70.85%, Err 51 (1.1e-05)
812.512 .... 2248 packets received, 5668 bps, 70.85%, Err 51 (1.1e-05)
814.697 .... 2254 packets received, 5668 bps, 70.85%, Err 51 (1.0e-05)
816.836 .... 2260 packets received, 5668 bps, 70.85%, Err 51 (1.0e-05)
818.975 .... 2266 packets received, 5669 bps, 70.86%, Err 51 (1.0e-05)
821.315 .... 2273 packets received, 5670 bps, 70.87%, Err 51 (1.0e-05)
823.531 .... 2280 packets received, 5672 bps, 70.90%, Err 51 (1.0e-05)
825.688 .... 2287 packets received, 5675 bps, 70.93%, Err 51 (1.0e-05)
827.766 .... 2293 packets received, 5675 bps, 70.94%, Err 51 (1.0e-05)
829.981 .... 2300 packets received, 5677 bps, 70.97%, Err 51 (1.0e-05)
832.119 .... 2306 packets received, 5677 bps, 70.97%, Err 51 (1.0e-05)
834.274 .... 2311 packets received, 5675 bps, 70.94%, Err 51 (1.0e-05)
836.444 .... 2317 packets received, 5675 bps, 70.94%, Err 51 (1.0e-05)
838.599 .... 2324 packets received, 5678 bps, 70.97%, Err 51 (1.0e-05)
840.770 .... 2331 packets received, 5680 bps, 71.00%, Err 51 (1.0e-05)
842.939 .... 2337 packets received, 5680 bps, 71.00%, Err 51 (1.0e-05)
845.364 .... 2344 packets received, 5681 bps, 71.01%, Err 51 (1.0e-05)
847.520 .... 2350 packets received, 5681 bps, 71.01%, Err 51 (1.0e-05)
849.691 .... 2356 packets received, 5681 bps, 71.01%, Err 51 (1.0e-05)
851.846 .... 2363 packets received, 5683 bps, 71.04%, Err 51 (1.0e-05)
854.018 .... 2370 packets received, 5685 bps, 71.07%, Err 51 (1.0e-05)
856.189 .... 2376 packets received, 5685 bps, 71.07%, Err 51 (1.0e-05)
858.345 .... 2383 packets received, 5688 bps, 71.10%, Err 51 (9.9e-06)
860.516 .... 2390 packets received, 5690 bps, 71.12%, Err 51 (9.9e-06)
862.643 .... 2396 packets received, 5690 bps, 71.13%, Err 51 (9.9e-06)
864.785 .... 2403 packets received, 5693 bps, 71.16%, Err 51 (9.9e-06)
866.987 .... 2409 packets received, 5692 bps, 71.16%, Err 51 (9.8e-06)
869.690 .... 2416 packets received, 5691 bps, 71.14%, Err 51 (9.8e-06)
871.829 .... 2421 packets received, 5689 bps, 71.11%, Err 51 (9.8e-06)
873.985 .... 2428 packets received, 5691 bps, 71.14%, Err 51 (9.8e-06)
876.446 .... 2435 packets received, 5692 bps, 71.15%, Err 51 (9.7e-06)
878.600 .... 2442 packets received, 5694 bps, 71.18%, Err 51 (9.7e-06)
880.770 .... 2449 packets received, 5696 bps, 71.20%, Err 51 (9.7e-06)
882.939 .... 2455 packets received, 5696 bps, 71.20%, Err 51 (9.6e-06)
885.096 .... 2462 packets received, 5699 bps, 71.23%, Err 51 (9.6e-06)
887.269 .... 2469 packets received, 5701 bps, 71.26%, Err 51 (9.6e-06)
889.426 .... 2475 packets received, 5701 bps, 71.26%, Err 51 (9.6e-06)
891.584 .... 2482 packets received, 5703 bps, 71.29%, Err 51 (9.5e-06)
893.726 .... 2489 packets received, 5705 bps, 71.32%, Err 51 (9.5e-06)
895.900 .... 2495 packets received, 5705 bps, 71.32%, Err 52 (9.7e-06)
898.043 .... 2502 packets received, 5708 bps, 71.35%, Err 52 (9.7e-06)
900.202 .... 2509 packets received, 5710 bps, 71.37%, Err 52 (9.6e-06)
902.359 .... 2515 packets received, 5710 bps, 71.37%, Err 52 (9.6e-06)
904.518 .... 2521 packets received, 5710 bps, 71.37%, Err 52 (9.6e-06)
906.692 .... 2527 packets received, 5710 bps, 71.37%, Err 52 (9.6e-06)
909.385 .... 2532 packets received, 5704 bps, 71.30%, Err 53 (9.7e-06)
911.508 .... 2539 packets received, 5706 bps, 71.33%, Err 53 (9.7e-06)
913.967 .... 2546 packets received, 5707 bps, 71.33%, Err 53 (9.7e-06)
916.124 .... 2553 packets received, 5709 bps, 71.36%, Err 53 (9.6e-06)
918.282 .... 2560 packets received, 5711 bps, 71.39%, Err 53 (9.6e-06)
920.453 .... 2566 packets received, 5711 bps, 71.39%, Err 53 (9.6e-06)
922.599 .... 2573 packets received, 5713 bps, 71.42%, Err 53 (9.6e-06)
924.769 .... 2580 packets received, 5715 bps, 71.44%, Err 53 (9.5e-06)
926.929 .... 2586 packets received, 5715 bps, 71.44%, Err 53 (9.5e-06)
929.099 .... 2592 packets received, 5715 bps, 71.44%, Err 53 (9.5e-06)
931.227 .... 2597 packets received, 5713 bps, 71.41%, Err 53 (9.5e-06)
933.369 .... 2604 packets received, 5715 bps, 71.44%, Err 53 (9.5e-06)
935.814 .... 2611 packets received, 5716 bps, 71.45%, Err 53 (9.4e-06)
937.973 .... 2618 packets received, 5718 bps, 71.47%, Err 53 (9.4e-06)
940.145 .... 2625 packets received, 5720 bps, 71.50%, Err 54 (9.6e-06)
942.289 .... 2631 packets received, 5720 bps, 71.50%, Err 54 (9.5e-06)
944.431 .... 2638 packets received, 5722 bps, 71.53%, Err 54 (9.5e-06)
946.586 .... 2645 packets received, 5724 bps, 71.55%, Err 54 (9.5e-06)
948.757 .... 2651 packets received, 5724 bps, 71.55%, Err 54 (9.5e-06)
950.914 .... 2658 packets received, 5726 bps, 71.58%, Err 54 (9.4e-06)
953.085 .... 2665 packets received, 5728 bps, 71.60%, Err 54 (9.4e-06)
955.257 .... 2671 packets received, 5728 bps, 71.60%, Err 54 (9.4e-06)
957.410 .... 2678 packets received, 5730 bps, 71.63%, Err 54 (9.4e-06)
959.549 .... 2681 packets received, 5724 bps, 71.55%, Err 55 (9.5e-06)
961.718 .... 2689 packets received, 5728 bps, 71.60%, Err 55 (9.5e-06)
963.889 .... 2695 packets received, 5728 bps, 71.60%, Err 55 (9.5e-06)
966.046 .... 2702 packets received, 5730 bps, 71.62%, Err 55 (9.5e-06)
968.215 .... 2709 packets received, 5732 bps, 71.65%, Err 55 (9.4e-06)
970.371 .... 2715 packets received, 5732 bps, 71.65%, Err 55 (9.4e-06)
972.522 .... 2720 packets received, 5730 bps, 71.62%, Err 55 (9.4e-06)
974.979 .... 2725 packets received, 5726 bps, 71.57%, Err 55 (9.4e-06)
977.117 .... 2730 packets received, 5724 bps, 71.55%, Err 56 (9.5e-06)
979.832 .... 2736 packets received, 5720 bps, 71.50%, Err 56 (9.5e-06)
982.227 .... 2738 packets received, 5711 bps, 71.38%, Err 57 (9.7e-06)
984.377 .... 2744 packets received, 5711 bps, 71.38%, Err 57 (9.7e-06)
986.681 .... 2750 packets received, 5710 bps, 71.37%, Err 57 (9.6e-06)
989.256 .... 2756 packets received, 5707 bps, 71.34%, Err 57 (9.6e-06)
991.394 .... 2762 packets received, 5707 bps, 71.34%, Err 57 (9.6e-06)
993.833 .... 2765 packets received, 5699 bps, 71.24%, Err 58 (9.7e-06)
996.395 .... 2773 packets received, 5701 bps, 71.27%, Err 58 (9.7e-06)
999.091 .... 2777 packets received, 5694 bps, 71.18%, Err 59 (9.9e-06)
1001.910 .... 2784 packets received, 5692 bps, 71.15%, Err 60 (1.0e-05)
1004.076 .... 2791 packets received, 5694 bps, 71.18%, Err 60 (1.0e-05)
1007.578 .... 2796 packets received, 5685 bps, 71.06%, Err 61 (1.0e-05)
1010.049 .... 2804 packets received, 5687 bps, 71.09%, Err 61 (1.0e-05)
1012.203 .... 2810 packets received, 5687 bps, 71.09%, Err 61 (1.0e-05)
1014.598 .... 2816 packets received, 5686 bps, 71.07%, Err 61 (1.0e-05)
1016.737 .... 2822 packets received, 5686 bps, 71.07%, Err 61 (1.0e-05)
1019.073 .... 2827 packets received, 5683 bps, 71.04%, Err 61 (1.0e-05)
1021.226 .... 2833 packets received, 5683 bps, 71.04%, Err 61 (1.0e-05)
1023.501 .... 2839 packets received, 5682 bps, 71.03%, Err 61 (1.0e-05)
1026.108 .... 2845 packets received, 5680 bps, 71.00%, Err 61 (1.0e-05)
1028.216 .... 2851 packets received, 5680 bps, 71.00%, Err 62 (1.0e-05)
1030.382 .... 2857 packets received, 5680 bps, 71.00%, Err 62 (1.0e-05)
1032.839 .... 2862 packets received, 5677 bps, 70.96%, Err 62 (1.0e-05)
1034.991 .... 2868 packets received, 5677 bps, 70.96%, Err 62 (1.0e-05)
1037.158 .... 2874 packets received, 5677 bps, 70.96%, Err 62 (1.0e-05)
1039.266 .... 2880 packets received, 5677 bps, 70.96%, Err 62 (1.0e-05)
1041.736 .... 2885 packets received, 5673 bps, 70.92%, Err 62 (1.0e-05)
1043.890 .... 2891 packets received, 5673 bps, 70.92%, Err 62 (1.0e-05)
1046.044 .... 2896 packets received, 5671 bps, 70.89%, Err 63 (1.0e-05)
1048.501 .... 2901 packets received, 5668 bps, 70.85%, Err 63 (1.0e-05)
1050.653 .... 2907 packets received, 5668 bps, 70.85%, Err 63 (1.0e-05)
1052.821 .... 2913 packets received, 5668 bps, 70.85%, Err 63 (1.0e-05)
1055.049 .... 2919 packets received, 5668 bps, 70.85%, Err 63 (1.0e-05)
1057.519 .... 2924 packets received, 5664 bps, 70.80%, Err 63 (1.0e-05)
1059.673 .... 2930 packets received, 5664 bps, 70.80%, Err 63 (1.0e-05)
1061.946 .... 2936 packets received, 5664 bps, 70.80%, Err 63 (1.0e-05)
1064.083 .... 2942 packets received, 5664 bps, 70.80%, Err 63 (9.9e-06)
1066.417 .... 2947 packets received, 5661 bps, 70.76%, Err 63 (9.9e-06)
1068.570 .... 2953 packets received, 5661 bps, 70.76%, Err 63 (9.9e-06)
1070.845 .... 2959 packets received, 5661 bps, 70.76%, Err 63 (9.9e-06)
1073.452 .... 2965 packets received, 5658 bps, 70.73%, Err 63 (9.9e-06)
1075.563 .... 2971 packets received, 5659 bps, 70.73%, Err 63 (9.9e-06)
1078.003 .... 2974 packets received, 5652 bps, 70.64%, Err 64 (1.0e-05)
1080.564 .... 2982 packets received, 5653 bps, 70.67%, Err 64 (1.0e-05)
1082.732 .... 2988 packets received, 5653 bps, 70.67%, Err 64 (9.9e-06)
1085.446 .... 2994 packets received, 5650 bps, 70.63%, Err 64 (9.9e-06)
1087.614 .... 3000 packets received, 5651 bps, 70.63%, Err 64 (9.9e-06)
1089.796 .... 3006 packets received, 5650 bps, 70.63%, Err 64 (9.9e-06)
1092.435 .... 3011 packets received, 5646 bps, 70.58%, Err 65 (1.0e-05)
1094.572 .... 3018 packets received, 5648 bps, 70.60%, Err 65 (1.0e-05)
1096.876 .... 3025 packets received, 5649 bps, 70.62%, Err 65 (1.0e-05)
1099.042 .... 3031 packets received, 5650 bps, 70.62%, Err 65 (1.0e-05)
1101.606 .... 3037 packets received, 5648 bps, 70.59%, Err 65 (9.9e-06)
1103.773 .... 3043 packets received, 5648 bps, 70.59%, Err 65 (9.9e-06)
1106.486 .... 3049 packets received, 5645 bps, 70.56%, Err 65 (9.9e-06)
1108.653 .... 3055 packets received, 5645 bps, 70.56%, Err 65 (9.9e-06)
1110.836 .... 3061 packets received, 5645 bps, 70.56%, Err 65 (9.9e-06)
1112.915 .... 3067 packets received, 5645 bps, 70.57%, Err 65 (9.8e-06)
1115.387 .... 3072 packets received, 5642 bps, 70.53%, Err 65 (9.8e-06)
1117.540 .... 3078 packets received, 5642 bps, 70.53%, Err 65 (9.8e-06)
1119.830 .... 3084 packets received, 5642 bps, 70.52%, Err 65 (9.8e-06)
1121.952 .... 3090 packets received, 5642 bps, 70.52%, Err 65 (9.8e-06)
1124.801 .... 3093 packets received, 5633 bps, 70.41%, Err 67 (1.0e-05)
1126.954 .... 3099 packets received, 5633 bps, 70.41%, Err 67 (1.0e-05)
1129.561 .... 3105 packets received, 5631 bps, 70.39%, Err 67 (1.0e-05)
1131.712 .... 3111 packets received, 5631 bps, 70.39%, Err 67 (1.0e-05)
1133.972 .... 3117 packets received, 5631 bps, 70.39%, Err 67 (1.0e-05)
1136.609 .... 3123 packets received, 5629 bps, 70.36%, Err 67 (1.0e-05)
1138.687 .... 3129 packets received, 5629 bps, 70.36%, Err 67 (9.9e-06)
1140.853 .... 3135 packets received, 5629 bps, 70.36%, Err 67 (9.9e-06)
1143.311 .... 3140 packets received, 5626 bps, 70.33%, Err 67 (9.9e-06)
1145.463 .... 3146 packets received, 5626 bps, 70.33%, Err 67 (9.9e-06)
1147.630 .... 3152 packets received, 5626 bps, 70.33%, Err 68 (1.0e-05)
1150.602 .... 3157 packets received, 5621 bps, 70.26%, Err 68 (1.0e-05)
1152.769 .... 3163 packets received, 5621 bps, 70.26%, Err 69 (1.0e-05)
1155.029 .... 3168 packets received, 5619 bps, 70.23%, Err 69 (1.0e-05)
1157.621 .... 3174 packets received, 5617 bps, 70.21%, Err 69 (1.0e-05)
1159.731 .... 3180 packets received, 5617 bps, 70.21%, Err 69 (1.0e-05)
1161.899 .... 3186 packets received, 5617 bps, 70.21%, Err 69 (1.0e-05)
1164.354 .... 3191 packets received, 5614 bps, 70.18%, Err 69 (1.0e-05)
1166.507 .... 3197 packets received, 5614 bps, 70.18%, Err 69 (1.0e-05)
1168.676 .... 3203 packets received, 5614 bps, 70.18%, Err 69 (1.0e-05)
1171.058 .... 3207 packets received, 5610 bps, 70.12%, Err 70 (1.0e-05)
1173.226 .... 3212 packets received, 5608 bps, 70.10%, Err 72 (1.0e-05)
1175.788 .... 3216 packets received, 5603 bps, 70.04%, Err 73 (1.1e-05)
1177.955 .... 3223 packets received, 5605 bps, 70.06%, Err 73 (1.1e-05)
1180.534 .... 3228 packets received, 5601 bps, 70.02%, Err 73 (1.0e-05)
1182.701 .... 3234 packets received, 5601 bps, 70.02%, Err 73 (1.0e-05)
1185.431 .... 3240 packets received, 5599 bps, 69.99%, Err 73 (1.0e-05)
1187.598 .... 3246 packets received, 5599 bps, 69.99%, Err 73 (1.0e-05)
1189.781 .... 3252 packets received, 5599 bps, 69.99%, Err 73 (1.0e-05)
1192.102 .... 3255 packets received, 5593 bps, 69.92%, Err 74 (1.1e-05)
1194.587 .... 3263 packets received, 5595 bps, 69.94%, Err 74 (1.1e-05)
1196.848 .... 3269 packets received, 5595 bps, 69.94%, Err 74 (1.0e-05)
1199.590 .... 3275 packets received, 5593 bps, 69.91%, Err 74 (1.0e-05)
1201.744 .... 3281 packets received, 5593 bps, 69.91%, Err 74 (1.0e-05)
1204.003 .... 3287 packets received, 5592 bps, 69.91%, Err 74 (1.0e-05)
1206.140 .... 3293 packets received, 5593 bps, 69.91%, Err 74 (1.0e-05)
1208.459 .... 3298 packets received, 5590 bps, 69.88%, Err 74 (1.0e-05)
1210.856 .... 3304 packets received, 5590 bps, 69.87%, Err 76 (1.1e-05)
1213.589 .... 3309 packets received, 5585 bps, 69.82%, Err 76 (1.1e-05)
1215.741 .... 3315 packets received, 5586 bps, 69.82%, Err 76 (1.1e-05)
1218.152 .... 3321 packets received, 5585 bps, 69.81%, Err 76 (1.1e-05)
1220.621 .... 3327 packets received, 5583 bps, 69.79%, Err 76 (1.1e-05)
1222.869 .... 3333 packets received, 5583 bps, 69.79%, Err 76 (1.1e-05)
1225.037 .... 3339 packets received, 5583 bps, 69.79%, Err 76 (1.1e-05)
1227.493 .... 3344 packets received, 5581 bps, 69.76%, Err 76 (1.1e-05)
1229.646 .... 3350 packets received, 5581 bps, 69.76%, Err 76 (1.1e-05)
1231.815 .... 3356 packets received, 5581 bps, 69.76%, Err 76 (1.1e-05)
1233.909 .... 3362 packets received, 5581 bps, 69.77%, Err 76 (1.0e-05)
1236.379 .... 3367 packets received, 5579 bps, 69.73%, Err 76 (1.0e-05)
1238.534 .... 3373 packets received, 5579 bps, 69.73%, Err 76 (1.0e-05)
1240.823 .... 3379 packets received, 5578 bps, 69.73%, Err 76 (1.0e-05)
1242.960 .... 3385 packets received, 5579 bps, 69.73%, Err 76 (1.0e-05)
1245.506 .... 3386 packets received, 5569 bps, 69.61%, Err 77 (1.1e-05)
1247.673 .... 3392 packets received, 5569 bps, 69.61%, Err 77 (1.1e-05)
1249.689 .... 3397 packets received, 5568 bps, 69.60%, Err 77 (1.1e-05)
1252.160 .... 3402 packets received, 5565 bps, 69.57%, Err 77 (1.0e-05)
1254.314 .... 3408 packets received, 5566 bps, 69.57%, Err 77 (1.0e-05)
1257.149 .... 3413 packets received, 5561 bps, 69.52%, Err 78 (1.1e-05)
1259.424 .... 3421 packets received, 5564 bps, 69.55%, Err 78 (1.1e-05)
1261.591 .... 3427 packets received, 5564 bps, 69.56%, Err 78 (1.1e-05)
1264.320 .... 3433 packets received, 5562 bps, 69.53%, Err 78 (1.1e-05)
1266.473 .... 3439 packets received, 5562 bps, 69.53%, Err 78 (1.1e-05)
1268.639 .... 3445 packets received, 5563 bps, 69.53%, Err 78 (1.1e-05)
1270.747 .... 3451 packets received, 5563 bps, 69.54%, Err 78 (1.0e-05)
1273.203 .... 3456 packets received, 5560 bps, 69.50%, Err 78 (1.0e-05)
1275.343 .... 3462 packets received, 5561 bps, 69.51%, Err 78 (1.0e-05)
1277.648 .... 3468 packets received, 5560 bps, 69.50%, Err 78 (1.0e-05)
1279.786 .... 3474 packets received, 5561 bps, 69.51%, Err 78 (1.0e-05)
1282.111 .... 3479 packets received, 5558 bps, 69.48%, Err 78 (1.0e-05)
1284.269 .... 3485 packets received, 5559 bps, 69.48%, Err 78 (1.0e-05)
1286.548 .... 3491 packets received, 5558 bps, 69.48%, Err 78 (1.0e-05)
1288.990 .... 3495 packets received, 5554 bps, 69.43%, Err 79 (1.0e-05)
1291.235 .... 3502 packets received, 5556 bps, 69.45%, Err 79 (1.0e-05)
1293.401 .... 3508 packets received, 5556 bps, 69.45%, Err 79 (1.0e-05)
1295.829 .... 3512 packets received, 5552 bps, 69.40%, Err 80 (1.1e-05)
1297.983 .... 3518 packets received, 5552 bps, 69.40%, Err 80 (1.1e-05)
1300.136 .... 3524 packets received, 5552 bps, 69.40%, Err 80 (1.1e-05)
1302.290 .... 3530 packets received, 5553 bps, 69.41%, Err 80 (1.1e-05)
1304.805 .... 3535 packets received, 5550 bps, 69.37%, Err 80 (1.0e-05)
1306.960 .... 3541 packets received, 5550 bps, 69.37%, Err 80 (1.0e-05)
1309.203 .... 3547 packets received, 5550 bps, 69.37%, Err 80 (1.0e-05)
1311.342 .... 3553 packets received, 5550 bps, 69.38%, Err 80 (1.0e-05)
1313.661 .... 3558 packets received, 5548 bps, 69.35%, Err 80 (1.0e-05)
1315.814 .... 3564 packets received, 5548 bps, 69.35%, Err 80 (1.0e-05)
1318.104 .... 3570 packets received, 5548 bps, 69.35%, Err 80 (1.0e-05)
1320.694 .... 3576 packets received, 5546 bps, 69.33%, Err 80 (1.0e-05)
1322.802 .... 3582 packets received, 5547 bps, 69.34%, Err 80 (1.0e-05)
1324.968 .... 3588 packets received, 5547 bps, 69.34%, Err 80 (1.0e-05)
1327.424 .... 3593 packets received, 5545 bps, 69.31%, Err 80 (1.0e-05)
1329.576 .... 3599 packets received, 5545 bps, 69.31%, Err 80 (1.0e-05)
1331.744 .... 3605 packets received, 5545 bps, 69.31%, Err 80 (1.0e-05)
1333.854 .... 3611 packets received, 5546 bps, 69.32%, Err 80 (1.0e-05)
1336.325 .... 3616 packets received, 5543 bps, 69.29%, Err 80 (1.0e-05)
1338.479 .... 3622 packets received, 5543 bps, 69.29%, Err 80 (1.0e-05)
1340.769 .... 3628 packets received, 5543 bps, 69.29%, Err 80 (1.0e-05)
1342.922 .... 3634 packets received, 5543 bps, 69.29%, Err 80 (1.0e-05)
1345.242 .... 3639 packets received, 5541 bps, 69.26%, Err 80 (1.0e-05)
1347.668 .... 3645 packets received, 5540 bps, 69.25%, Err 81 (1.0e-05)
1349.686 .... 3651 packets received, 5541 bps, 69.26%, Err 81 (1.0e-05)
1352.278 .... 3657 packets received, 5540 bps, 69.25%, Err 81 (1.0e-05)
1354.372 .... 3663 packets received, 5540 bps, 69.25%, Err 81 (1.0e-05)
1356.538 .... 3669 packets received, 5540 bps, 69.25%, Err 81 (1.0e-05)
1358.993 .... 3674 packets received, 5538 bps, 69.22%, Err 81 (1.0e-05)
1361.146 .... 3680 packets received, 5538 bps, 69.23%, Err 81 (1.0e-05)
1363.313 .... 3686 packets received, 5538 bps, 69.23%, Err 81 (1.0e-05)
1365.421 .... 3692 packets received, 5539 bps, 69.23%, Err 81 (1.0e-05)
1367.890 .... 3697 packets received, 5536 bps, 69.20%, Err 81 (1.0e-05)
1370.045 .... 3703 packets received, 5537 bps, 69.21%, Err 81 (1.0e-05)
1372.335 .... 3709 packets received, 5536 bps, 69.20%, Err 81 (1.0e-05)
1374.474 .... 3712 packets received, 5532 bps, 69.15%, Err 82 (1.0e-05)
1376.505 .... 3718 packets received, 5533 bps, 69.16%, Err 82 (1.0e-05)
1379.231 .... 3724 packets received, 5531 bps, 69.14%, Err 82 (1.0e-05)
1381.234 .... 3731 packets received, 5533 bps, 69.17%, Err 82 (1.0e-05)
1383.688 .... 3736 packets received, 5531 bps, 69.13%, Err 82 (1.0e-05)
1385.841 .... 3742 packets received, 5531 bps, 69.14%, Err 82 (1.0e-05)
1388.113 .... 3748 packets received, 5531 bps, 69.14%, Err 82 (1.0e-05)
1390.250 .... 3754 packets received, 5531 bps, 69.14%, Err 82 (1.0e-05)
1392.569 .... 3759 packets received, 5529 bps, 69.12%, Err 82 (1.0e-05)
1394.722 .... 3765 packets received, 5530 bps, 69.12%, Err 82 (1.0e-05)
1397.272 .... 3769 packets received, 5525 bps, 69.07%, Err 83 (1.0e-05)
1399.424 .... 3777 packets received, 5529 bps, 69.11%, Err 83 (1.0e-05)
1401.577 .... 3783 packets received, 5529 bps, 69.11%, Err 83 (1.0e-05)
1403.896 .... 3789 packets received, 5528 bps, 69.11%, Err 83 (1.0e-05)
1406.035 .... 3795 packets received, 5529 bps, 69.11%, Err 83 (1.0e-05)
1408.354 .... 3800 packets received, 5527 bps, 69.09%, Err 83 (1.0e-05)
1410.508 .... 3806 packets received, 5527 bps, 69.09%, Err 83 (1.0e-05)
1412.797 .... 3812 packets received, 5527 bps, 69.09%, Err 83 (1.0e-05)
1415.389 .... 3818 packets received, 5526 bps, 69.07%, Err 83 (1.0e-05)
1417.498 .... 3824 packets received, 5526 bps, 69.08%, Err 83 (1.0e-05)
1419.649 .... 3830 packets received, 5526 bps, 69.08%, Err 83 (1.0e-05)
1422.120 .... 3835 packets received, 5524 bps, 69.05%, Err 83 (1.0e-05)
1424.288 .... 3841 packets received, 5524 bps, 69.05%, Err 83 (1.0e-05)
1426.470 .... 3847 packets received, 5524 bps, 69.05%, Err 83 (1.0e-05)
1428.547 .... 3853 packets received, 5525 bps, 69.06%, Err 83 (1.0e-05)
1431.019 .... 3858 packets received, 5522 bps, 69.03%, Err 83 (1.0e-05)
1434.777 .... 3863 packets received, 5515 bps, 68.94%, Err 84 (1.0e-05)
1437.477 .... 3868 packets received, 5512 bps, 68.90%, Err 85 (1.0e-05)
1440.221 .... 3876 packets received, 5513 bps, 68.91%, Err 85 (1.0e-05)
1442.372 .... 3882 packets received, 5513 bps, 68.91%, Err 85 (1.0e-05)
1445.192 .... 3888 packets received, 5511 bps, 68.89%, Err 85 (1.0e-05)
1447.360 .... 3894 packets received, 5511 bps, 68.89%, Err 85 (1.0e-05)
1449.620 .... 3900 packets received, 5511 bps, 68.89%, Err 85 (1.0e-05)
1452.257 .... 3906 packets received, 5509 bps, 68.87%, Err 85 (1.0e-05)
1454.321 .... 3912 packets received, 5510 bps, 68.88%, Err 85 (1.0e-05)
1456.488 .... 3918 packets received, 5510 bps, 68.88%, Err 85 (1.0e-05)
1458.945 .... 3923 packets received, 5508 bps, 68.85%, Err 85 (1.0e-05)
1461.098 .... 3929 packets received, 5508 bps, 68.85%, Err 85 (1.0e-05)
1463.264 .... 3935 packets received, 5509 bps, 68.86%, Err 85 (1.0e-05)
1465.371 .... 3941 packets received, 5509 bps, 68.86%, Err 85 (1.0e-05)
1467.840 .... 3946 packets received, 5507 bps, 68.83%, Err 85 (1.0e-05)
1469.993 .... 3952 packets received, 5507 bps, 68.84%, Err 85 (1.0e-05)
1472.280 .... 3958 packets received, 5507 bps, 68.83%, Err 85 (1.0e-05)
1474.417 .... 3964 packets received, 5507 bps, 68.84%, Err 85 (1.0e-05)
1476.752 .... 3969 packets received, 5505 bps, 68.82%, Err 85 (9.9e-06)
1478.903 .... 3975 packets received, 5506 bps, 68.82%, Err 85 (9.9e-06)
1481.192 .... 3981 packets received, 5505 bps, 68.82%, Err 85 (9.9e-06)
1483.800 .... 3987 packets received, 5504 bps, 68.80%, Err 85 (9.9e-06)
1485.894 .... 3993 packets received, 5505 bps, 68.81%, Err 85 (9.9e-06)
1488.863 .... 3999 packets received, 5502 bps, 68.77%, Err 86 (1.0e-05)
1491.019 .... 4005 packets received, 5502 bps, 68.78%, Err 86 (1.0e-05)
1494.139 .... 4011 packets received, 5499 bps, 68.74%, Err 87 (1.0e-05)
1496.141 .... 4017 packets received, 5500 bps, 68.75%, Err 87 (1.0e-05)
1498.306 .... 4023 packets received, 5500 bps, 68.75%, Err 87 (1.0e-05)
1501.020 .... 4029 packets received, 5498 bps, 68.73%, Err 87 (1.0e-05)
1503.160 .... 4035 packets received, 5499 bps, 68.73%, Err 87 (1.0e-05)
1505.327 .... 4041 packets received, 5499 bps, 68.74%, Err 87 (1.0e-05)
1507.450 .... 4047 packets received, 5499 bps, 68.74%, Err 87 (1.0e-05)
1509.919 .... 4052 packets received, 5497 bps, 68.71%, Err 87 (1.0e-05)
1512.074 .... 4058 packets received, 5497 bps, 68.72%, Err 87 (9.9e-06)
1514.379 .... 4064 packets received, 5497 bps, 68.71%, Err 87 (9.9e-06)
1516.532 .... 4070 packets received, 5497 bps, 68.72%, Err 88 (1.0e-05)
1518.852 .... 4075 packets received, 5496 bps, 68.70%, Err 88 (1.0e-05)
1521.022 .... 4081 packets received, 5496 bps, 68.70%, Err 88 (1.0e-05)
1523.266 .... 4087 packets received, 5496 bps, 68.70%, Err 88 (1.0e-05)
1525.902 .... 4093 packets received, 5494 bps, 68.68%, Err 88 (1.0e-05)
1527.966 .... 4099 packets received, 5495 bps, 68.69%, Err 88 (1.0e-05)
1530.131 .... 4105 packets received, 5495 bps, 68.69%, Err 88 (1.0e-05)
1532.633 .... 4110 packets received, 5493 bps, 68.66%, Err 88 (9.9e-06)
1534.786 .... 4116 packets received, 5493 bps, 68.67%, Err 88 (9.9e-06)
1536.968 .... 4122 packets received, 5494 bps, 68.67%, Err 88 (9.9e-06)
1539.837 .... 4128 packets received, 5491 bps, 68.64%, Err 89 (1.0e-05)
1541.988 .... 4134 packets received, 5492 bps, 68.65%, Err 89 (1.0e-05)
1544.309 .... 4140 packets received, 5491 bps, 68.64%, Err 89 (1.0e-05)
1546.870 .... 4146 packets received, 5490 bps, 68.63%, Err 89 (1.0e-05)
1549.010 .... 4152 packets received, 5491 bps, 68.63%, Err 89 (9.9e-06)
1551.178 .... 4158 packets received, 5491 bps, 68.63%, Err 89 (9.9e-06)
1553.634 .... 4163 packets received, 5489 bps, 68.61%, Err 89 (9.9e-06)
1555.757 .... 4169 packets received, 5489 bps, 68.61%, Err 90 (1.0e-05)
1558.363 .... 4175 packets received, 5488 bps, 68.60%, Err 90 (1.0e-05)
1560.908 .... 4182 packets received, 5488 bps, 68.60%, Err 90 (1.0e-05)
1563.074 .... 4188 packets received, 5488 bps, 68.60%, Err 90 (1.0e-05)
1565.348 .... 4194 packets received, 5488 bps, 68.60%, Err 90 (1.0e-05)
1567.954 .... 4200 packets received, 5487 bps, 68.59%, Err 90 (9.9e-06)
1570.047 .... 4206 packets received, 5487 bps, 68.59%, Err 90 (9.9e-06)
1572.212 .... 4212 packets received, 5488 bps, 68.60%, Err 90 (9.9e-06)
1574.667 .... 4217 packets received, 5486 bps, 68.57%, Err 90 (9.9e-06)
1576.819 .... 4223 packets received, 5486 bps, 68.57%, Err 90 (9.9e-06)
1578.985 .... 4229 packets received, 5486 bps, 68.58%, Err 90 (9.9e-06)
1581.110 .... 4235 packets received, 5487 bps, 68.58%, Err 90 (9.9e-06)
1583.564 .... 4240 packets received, 5485 bps, 68.56%, Err 90 (9.9e-06)
1585.733 .... 4246 packets received, 5485 bps, 68.56%, Err 90 (9.8e-06)
1587.885 .... 4251 packets received, 5484 bps, 68.55%, Err 92 (1.0e-05)
1590.371 .... 4256 packets received, 5482 bps, 68.52%, Err 92 (1.0e-05)
1592.508 .... 4262 packets received, 5482 bps, 68.53%, Err 92 (1.0e-05)
1594.674 .... 4268 packets received, 5482 bps, 68.53%, Err 92 (1.0e-05)
1596.872 .... 4274 packets received, 5482 bps, 68.53%, Err 92 (1.0e-05)
1599.341 .... 4279 packets received, 5480 bps, 68.50%, Err 92 (1.0e-05)
1601.495 .... 4285 packets received, 5481 bps, 68.51%, Err 92 (1.0e-05)
1603.783 .... 4291 packets received, 5480 bps, 68.51%, Err 92 (1.0e-05)
1605.921 .... 4297 packets received, 5481 bps, 68.51%, Err 92 (9.9e-06)
1608.240 .... 4302 packets received, 5479 bps, 68.49%, Err 92 (9.9e-06)
1610.391 .... 4308 packets received, 5480 bps, 68.50%, Err 92 (9.9e-06)
1613.076 .... 4313 packets received, 5477 bps, 68.46%, Err 93 (1.0e-05)
1615.228 .... 4320 packets received, 5478 bps, 68.48%, Err 93 (1.0e-05)
1617.413 .... 4326 packets received, 5479 bps, 68.48%, Err 93 (1.0e-05)
1619.564 .... 4332 packets received, 5479 bps, 68.49%, Err 93 (1.0e-05)
1622.020 .... 4337 packets received, 5477 bps, 68.46%, Err 93 (1.0e-05)
1624.173 .... 4343 packets received, 5477 bps, 68.47%, Err 93 (9.9e-06)
1626.340 .... 4349 packets received, 5478 bps, 68.47%, Err 93 (9.9e-06)
1628.723 .... 4353 packets received, 5475 bps, 68.43%, Err 94 (1.0e-05)
1631.450 .... 4361 packets received, 5475 bps, 68.44%, Err 94 (1.0e-05)
1633.695 .... 4368 packets received, 5477 bps, 68.46%, Err 94 (1.0e-05)
1636.182 .... 4373 packets received, 5475 bps, 68.43%, Err 94 (1.0e-05)
1638.351 .... 4379 packets received, 5475 bps, 68.44%, Err 94 (1.0e-05)
1640.866 .... 4382 packets received, 5470 bps, 68.38%, Err 95 (1.0e-05)
1643.428 .... 4390 packets received, 5472 bps, 68.40%, Err 95 (1.0e-05)
1645.594 .... 4396 packets received, 5472 bps, 68.40%, Err 95 (1.0e-05)
1648.325 .... 4402 packets received, 5470 bps, 68.38%, Err 95 (1.0e-05)
1650.478 .... 4408 packets received, 5471 bps, 68.38%, Err 95 (1.0e-05)
1652.646 .... 4414 packets received, 5471 bps, 68.39%, Err 95 (1.0e-05)
1654.723 .... 4420 packets received, 5471 bps, 68.39%, Err 95 (1.0e-05)
1657.209 .... 4425 packets received, 5469 bps, 68.37%, Err 95 (1.0e-05)
1659.363 .... 4431 packets received, 5470 bps, 68.37%, Err 95 (1.0e-05)
1661.517 .... 4436 packets received, 5469 bps, 68.36%, Err 96 (1.0e-05)
1664.005 .... 4441 packets received, 5467 bps, 68.33%, Err 96 (1.0e-05)
1666.159 .... 4447 packets received, 5467 bps, 68.34%, Err 96 (1.0e-05)
1669.042 .... 4452 packets received, 5464 bps, 68.30%, Err 98 (1.0e-05)
1671.045 .... 4459 packets received, 5466 bps, 68.32%, Err 98 (1.0e-05)
1673.515 .... 4464 packets received, 5464 bps, 68.30%, Err 98 (1.0e-05)
1675.745 .... 4471 packets received, 5465 bps, 68.31%, Err 98 (1.0e-05)
1678.216 .... 4476 packets received, 5463 bps, 68.29%, Err 98 (1.0e-05)
1680.370 .... 4482 packets received, 5463 bps, 68.29%, Err 98 (1.0e-05)
1682.676 .... 4488 packets received, 5463 bps, 68.29%, Err 98 (1.0e-05)
1684.800 .... 4494 packets received, 5464 bps, 68.30%, Err 98 (1.0e-05)
1687.105 .... 4499 packets received, 5462 bps, 68.28%, Err 98 (1.0e-05)
1689.257 .... 4505 packets received, 5463 bps, 68.28%, Err 98 (1.0e-05)
1691.561 .... 4511 packets received, 5462 bps, 68.28%, Err 98 (1.0e-05)
1694.137 .... 4517 packets received, 5461 bps, 68.27%, Err 98 (1.0e-05)
1696.246 .... 4523 packets received, 5462 bps, 68.27%, Err 98 (1.0e-05)
1698.413 .... 4529 packets received, 5462 bps, 68.28%, Err 98 (1.0e-05)
1700.869 .... 4534 packets received, 5460 bps, 68.25%, Err 99 (1.0e-05)
1703.009 .... 4540 packets received, 5461 bps, 68.26%, Err 99 (1.0e-05)
1705.175 .... 4546 packets received, 5461 bps, 68.26%, Err 99 (1.0e-05)
1707.298 .... 4552 packets received, 5461 bps, 68.27%, Err 99 (1.0e-05)
1709.769 .... 4557 packets received, 5459 bps, 68.24%, Err 99 (1.0e-05)
1711.927 .... 4563 packets received, 5460 bps, 68.25%, Err 99 (1.0e-05)
1714.221 .... 4569 packets received, 5460 bps, 68.24%, Err 99 (1.0e-05)
1716.348 .... 4575 packets received, 5460 bps, 68.25%, Err 99 (1.0e-05)
1718.673 .... 4580 packets received, 5459 bps, 68.23%, Err 99 (1.0e-05)
1720.814 .... 4586 packets received, 5459 bps, 68.24%, Err 99 (1.0e-05)
1723.103 .... 4592 packets received, 5459 bps, 68.23%, Err 99 (1.0e-05)
1725.694 .... 4598 packets received, 5458 bps, 68.22%, Err 99 (1.0e-05)
1727.803 .... 4604 packets received, 5458 bps, 68.23%, Err 99 (1.0e-05)
1729.967 .... 4610 packets received, 5458 bps, 68.23%, Err 99 (1.0e-05)
1732.422 .... 4615 packets received, 5457 bps, 68.21%, Err 99 (1.0e-05)
1734.576 .... 4621 packets received, 5457 bps, 68.21%, Err 99 (9.9e-06)
1736.742 .... 4627 packets received, 5457 bps, 68.21%, Err 99 (9.9e-06)
1738.849 .... 4633 packets received, 5458 bps, 68.22%, Err 99 (9.9e-06)
1741.322 .... 4638 packets received, 5456 bps, 68.20%, Err 99 (9.9e-06)
1743.479 .... 4644 packets received, 5456 bps, 68.20%, Err 99 (9.9e-06)
1745.752 .... 4650 packets received, 5456 bps, 68.20%, Err 99 (9.9e-06)
1747.889 .... 4656 packets received, 5456 bps, 68.20%, Err 99 (9.9e-06)
1750.209 .... 4661 packets received, 5455 bps, 68.19%, Err 99 (9.9e-06)
1752.362 .... 4667 packets received, 5455 bps, 68.19%, Err 99 (9.9e-06)
1754.652 .... 4673 packets received, 5455 bps, 68.19%, Err 99 (9.8e-06)
1757.245 .... 4679 packets received, 5454 bps, 68.18%, Err 99 (9.8e-06)
1759.354 .... 4685 packets received, 5455 bps, 68.18%, Err 99 (9.8e-06)
1761.522 .... 4691 packets received, 5455 bps, 68.18%, Err 99 (9.8e-06)
1763.978 .... 4696 packets received, 5453 bps, 68.16%, Err 99 (9.8e-06)
1766.131 .... 4702 packets received, 5453 bps, 68.17%, Err 99 (9.8e-06)
1768.298 .... 4708 packets received, 5454 bps, 68.17%, Err 99 (9.8e-06)
1770.407 .... 4714 packets received, 5454 bps, 68.18%, Err 99 (9.8e-06)
1772.876 .... 4719 packets received, 5452 bps, 68.15%, Err 99 (9.7e-06)
1775.030 .... 4725 packets received, 5452 bps, 68.16%, Err 99 (9.7e-06)
1777.319 .... 4731 packets received, 5452 bps, 68.15%, Err 99 (9.7e-06)
1779.457 .... 4737 packets received, 5453 bps, 68.16%, Err 99 (9.7e-06)
1781.807 .... 4742 packets received, 5451 bps, 68.14%, Err 99 (9.7e-06)
1783.974 .... 4748 packets received, 5452 bps, 68.14%, Err 99 (9.7e-06)
1786.235 .... 4754 packets received, 5452 bps, 68.14%, Err 100 (9.8e-06)
1788.887 .... 4760 packets received, 5450 bps, 68.13%, Err 100 (9.8e-06)
1790.920 .... 4766 packets received, 5451 bps, 68.14%, Err 100 (9.7e-06)
1793.103 .... 4772 packets received, 5451 bps, 68.14%, Err 100 (9.7e-06)
1795.575 .... 4777 packets received, 5449 bps, 68.12%, Err 100 (9.7e-06)
1797.728 .... 4783 packets received, 5450 bps, 68.12%, Err 101 (9.8e-06)
1800.003 .... 4788 packets received, 5449 bps, 68.11%, Err 101 (9.8e-06)
1802.006 .... 4795 packets received, 5450 bps, 68.13%, Err 101 (9.8e-06)
1804.719 .... 4800 packets received, 5448 bps, 68.10%, Err 102 (9.9e-06)
1806.979 .... 4806 packets received, 5448 bps, 68.10%, Err 102 (9.9e-06)
1809.705 .... 4812 packets received, 5446 bps, 68.08%, Err 102 (9.8e-06)
1811.859 .... 4818 packets received, 5447 bps, 68.08%, Err 102 (9.8e-06)
1814.150 .... 4824 packets received, 5447 bps, 68.08%, Err 102 (9.8e-06)
1816.288 .... 4830 packets received, 5447 bps, 68.09%, Err 102 (9.8e-06)
1818.289 .... 4835 packets received, 5447 bps, 68.08%, Err 103 (9.9e-06)
1820.759 .... 4840 packets received, 5445 bps, 68.06%, Err 103 (9.9e-06)
1822.763 .... 4846 packets received, 5446 bps, 68.07%, Err 103 (9.9e-06)
1825.490 .... 4852 packets received, 5444 bps, 68.05%, Err 103 (9.9e-06)
1828.158 .... 4856 packets received, 5441 bps, 68.01%, Err 104 (9.9e-06)
1830.627 .... 4864 packets received, 5442 bps, 68.03%, Err 104 (9.9e-06)
1832.782 .... 4870 packets received, 5443 bps, 68.03%, Err 104 (9.9e-06)
1836.026 .... 4876 packets received, 5440 bps, 68.00%, Err 105 (1.0e-05)
1839.075 .... 4883 packets received, 5439 bps, 67.98%, Err 106 (1.0e-05)
1841.817 .... 4891 packets received, 5439 bps, 67.99%, Err 106 (1.0e-05)
1844.652 .... 4897 packets received, 5438 bps, 67.97%, Err 107 (1.0e-05)
1847.606 .... 4903 packets received, 5436 bps, 67.95%, Err 107 (1.0e-05)
1849.608 .... 4909 packets received, 5436 bps, 67.95%, Err 107 (1.0e-05)
1851.914 .... 4915 packets received, 5436 bps, 67.95%, Err 107 (1.0e-05)
1854.083 .... 4921 packets received, 5437 bps, 67.96%, Err 107 (1.0e-05)
1856.234 .... 4927 packets received, 5437 bps, 67.96%, Err 107 (1.0e-05)
1858.705 .... 4932 packets received, 5435 bps, 67.94%, Err 107 (1.0e-05)
1860.858 .... 4938 packets received, 5435 bps, 67.94%, Err 107 (1.0e-05)
1863.024 .... 4944 packets received, 5436 bps, 67.95%, Err 107 (1.0e-05)
1865.101 .... 4950 packets received, 5436 bps, 67.95%, Err 107 (1.0e-05)
1867.570 .... 4955 packets received, 5435 bps, 67.93%, Err 107 (1.0e-05)
1869.724 .... 4961 packets received, 5435 bps, 67.94%, Err 107 (1.0e-05)
1871.881 .... 4966 packets received, 5434 bps, 67.93%, Err 107 (1.0e-05)
1874.337 .... 4971 packets received, 5432 bps, 67.90%, Err 107 (1.0e-05)
1876.491 .... 4977 packets received, 5433 bps, 67.91%, Err 107 (1.0e-05)
1878.660 .... 4983 packets received, 5433 bps, 67.91%, Err 107 (1.0e-05)
1881.964 .... 4986 packets received, 5427 bps, 67.83%, Err 108 (1.0e-05)
1884.131 .... 4992 packets received, 5427 bps, 67.84%, Err 108 (1.0e-05)
1886.133 .... 4997 packets received, 5427 bps, 67.83%, Err 108 (1.0e-05)
1888.604 .... 5002 packets received, 5425 bps, 67.81%, Err 108 (1.0e-05)
1890.778 .... 5008 packets received, 5425 bps, 67.82%, Err 108 (1.0e-05)
1893.043 .... 5014 packets received, 5425 bps, 67.82%, Err 108 (1.0e-05)
1895.185 .... 5020 packets received, 5426 bps, 67.82%, Err 108 (1.0e-05)
1897.492 .... 5025 packets received, 5424 bps, 67.80%, Err 108 (1.0e-05)
1899.644 .... 5031 packets received, 5425 bps, 67.81%, Err 108 (1.0e-05)
1901.782 .... 5033 packets received, 5421 bps, 67.76%, Err 109 (1.0e-05)
1904.269 .... 5041 packets received, 5422 bps, 67.78%, Err 109 (1.0e-05)
1906.438 .... 5047 packets received, 5423 bps, 67.78%, Err 109 (1.0e-05)
1908.834 .... 5053 packets received, 5422 bps, 67.78%, Err 109 (1.0e-05)
1910.988 .... 5059 packets received, 5423 bps, 67.78%, Err 109 (1.0e-05)
1913.248 .... 5064 packets received, 5421 bps, 67.77%, Err 109 (1.0e-05)
1915.400 .... 5070 packets received, 5422 bps, 67.77%, Err 109 (1.0e-05)
1917.704 .... 5076 packets received, 5422 bps, 67.77%, Err 109 (1.0e-05)
1920.280 .... 5082 packets received, 5421 bps, 67.76%, Err 109 (1.0e-05)
1922.403 .... 5088 packets received, 5421 bps, 67.77%, Err 109 (9.9e-06)
1924.568 .... 5094 packets received, 5422 bps, 67.77%, Err 109 (9.9e-06)
1927.024 .... 5099 packets received, 5420 bps, 67.75%, Err 109 (9.9e-06)
1929.177 .... 5105 packets received, 5420 bps, 67.75%, Err 109 (9.9e-06)
1931.344 .... 5111 packets received, 5421 bps, 67.76%, Err 109 (9.9e-06)
1933.452 .... 5117 packets received, 5421 bps, 67.76%, Err 109 (9.9e-06)
1935.921 .... 5122 packets received, 5419 bps, 67.74%, Err 109 (9.9e-06)
1938.075 .... 5128 packets received, 5420 bps, 67.75%, Err 109 (9.9e-06)
1940.365 .... 5134 packets received, 5420 bps, 67.74%, Err 109 (9.9e-06)
1942.504 .... 5137 packets received, 5417 bps, 67.71%, Err 110 (9.9e-06)
1944.808 .... 5142 packets received, 5416 bps, 67.70%, Err 111 (1.0e-05)
1947.536 .... 5150 packets received, 5416 bps, 67.71%, Err 111 (1.0e-05)
1950.767 .... 5157 packets received, 5415 bps, 67.69%, Err 112 (1.0e-05)
1953.953 .... 5164 packets received, 5413 bps, 67.67%, Err 113 (1.0e-05)
1956.392 .... 5169 packets received, 5412 bps, 67.65%, Err 114 (1.0e-05)
1958.959 .... 5177 packets received, 5413 bps, 67.66%, Err 114 (1.0e-05)
1961.126 .... 5183 packets received, 5413 bps, 67.67%, Err 114 (1.0e-05)
1963.842 .... 5189 packets received, 5412 bps, 67.65%, Err 114 (1.0e-05)
1965.995 .... 5195 packets received, 5412 bps, 67.66%, Err 114 (1.0e-05)
1968.162 .... 5201 packets received, 5413 bps, 67.66%, Err 114 (1.0e-05)
1970.270 .... 5207 packets received, 5413 bps, 67.67%, Err 114 (1.0e-05)
1972.742 .... 5212 packets received, 5412 bps, 67.65%, Err 114 (1.0e-05)
1974.896 .... 5218 packets received, 5412 bps, 67.65%, Err 114 (1.0e-05)
1977.188 .... 5224 packets received, 5412 bps, 67.65%, Err 114 (1.0e-05)
1979.326 .... 5230 packets received, 5412 bps, 67.65%, Err 114 (1.0e-05)
1981.630 .... 5235 packets received, 5411 bps, 67.64%, Err 114 (1.0e-05)
1983.781 .... 5241 packets received, 5411 bps, 67.64%, Err 114 (1.0e-05)
1986.071 .... 5247 packets received, 5411 bps, 67.64%, Err 114 (1.0e-05)
1988.664 .... 5253 packets received, 5411 bps, 67.63%, Err 114 (1.0e-05)
1990.774 .... 5259 packets received, 5411 bps, 67.64%, Err 114 (1.0e-05)
1992.941 .... 5265 packets received, 5411 bps, 67.64%, Err 114 (1.0e-05)
1996.443 .... 5270 packets received, 5407 bps, 67.59%, Err 115 (1.0e-05)
1998.912 .... 5278 packets received, 5408 bps, 67.60%, Err 116 (1.0e-05)
2001.310 .... 5283 packets received, 5407 bps, 67.59%, Err 116 (1.0e-05)
2003.477 .... 5289 packets received, 5407 bps, 67.59%, Err 116 (1.0e-05)
2006.299 .... 5295 packets received, 5406 bps, 67.57%, Err 116 (1.0e-05)
2008.467 .... 5301 packets received, 5406 bps, 67.58%, Err 116 (1.0e-05)
2011.182 .... 5307 packets received, 5405 bps, 67.56%, Err 116 (1.0e-05)
2013.335 .... 5313 packets received, 5405 bps, 67.57%, Err 116 (1.0e-05)
2015.501 .... 5319 packets received, 5406 bps, 67.57%, Err 116 (1.0e-05)
2017.610 .... 5325 packets received, 5406 bps, 67.57%, Err 116 (1.0e-05)
2020.080 .... 5330 packets received, 5404 bps, 67.56%, Err 116 (1.0e-05)
2022.234 .... 5336 packets received, 5405 bps, 67.56%, Err 116 (1.0e-05)
2024.522 .... 5342 packets received, 5405 bps, 67.56%, Err 116 (1.0e-05)
2026.658 .... 5348 packets received, 5405 bps, 67.56%, Err 116 (1.0e-05)
2028.993 .... 5353 packets received, 5404 bps, 67.55%, Err 116 (1.0e-05)
2031.676 .... 5358 packets received, 5402 bps, 67.52%, Err 117 (1.0e-05)
2034.527 .... 5366 packets received, 5402 bps, 67.53%, Err 117 (1.0e-05)
2036.679 .... 5372 packets received, 5403 bps, 67.53%, Err 117 (1.0e-05)
2039.499 .... 5378 packets received, 5401 bps, 67.51%, Err 117 (1.0e-05)
2041.652 .... 5384 packets received, 5401 bps, 67.52%, Err 117 (1.0e-05)
2043.943 .... 5390 packets received, 5401 bps, 67.52%, Err 117 (1.0e-05)
2046.536 .... 5396 packets received, 5401 bps, 67.51%, Err 117 (1.0e-05)
2048.644 .... 5402 packets received, 5401 bps, 67.51%, Err 117 (1.0e-05)
2050.811 .... 5408 packets received, 5401 bps, 67.52%, Err 117 (1.0e-05)
2053.270 .... 5413 packets received, 5400 bps, 67.50%, Err 117 (1.0e-05)
2055.425 .... 5419 packets received, 5400 bps, 67.50%, Err 117 (1.0e-05)
2057.592 .... 5425 packets received, 5400 bps, 67.51%, Err 117 (1.0e-05)
2059.685 .... 5431 packets received, 5401 bps, 67.51%, Err 117 (1.0e-05)
2063.895 .... 5432 packets received, 5391 bps, 67.39%, Err 117 (1.0e-05)
2066.047 .... 5438 packets received, 5391 bps, 67.39%, Err 117 (1.0e-05)
2068.214 .... 5444 packets received, 5392 bps, 67.39%, Err 118 (1.0e-05)
2070.217 .... 5449 packets received, 5391 bps, 67.39%, Err 118 (1.0e-05)
2072.687 .... 5454 packets received, 5390 bps, 67.37%, Err 118 (1.0e-05)
2074.843 .... 5460 packets received, 5390 bps, 67.38%, Err 118 (1.0e-05)
2077.130 .... 5466 packets received, 5390 bps, 67.38%, Err 118 (1.0e-05)
2079.267 .... 5472 packets received, 5390 bps, 67.38%, Err 118 (1.0e-05)
2081.571 .... 5477 packets received, 5389 bps, 67.37%, Err 118 (1.0e-05)
2083.724 .... 5483 packets received, 5390 bps, 67.37%, Err 118 (1.0e-05)
2086.031 .... 5489 packets received, 5390 bps, 67.37%, Err 118 (1.0e-05)
2088.608 .... 5495 packets received, 5389 bps, 67.36%, Err 118 (1.0e-05)
2090.717 .... 5501 packets received, 5389 bps, 67.37%, Err 118 (1.0e-05)
2092.886 .... 5507 packets received, 5390 bps, 67.37%, Err 118 (1.0e-05)
2095.981 .... 5512 packets received, 5387 bps, 67.33%, Err 119 (1.0e-05)
2098.147 .... 5518 packets received, 5387 bps, 67.34%, Err 119 (1.0e-05)
2100.957 .... 5524 packets received, 5385 bps, 67.32%, Err 119 (1.0e-05)
2103.124 .... 5530 packets received, 5386 bps, 67.32%, Err 119 (1.0e-05)
2105.868 .... 5536 packets received, 5385 bps, 67.31%, Err 119 (1.0e-05)
2108.020 .... 5542 packets received, 5385 bps, 67.31%, Err 119 (1.0e-05)
2110.173 .... 5548 packets received, 5385 bps, 67.32%, Err 119 (1.0e-05)
2112.540 .... 5552 packets received, 5383 bps, 67.29%, Err 120 (1.0e-05)
2115.314 .... 5560 packets received, 5384 bps, 67.30%, Err 120 (1.0e-05)
2117.527 .... 5567 packets received, 5385 bps, 67.31%, Err 120 (1.0e-05)
2119.997 .... 5572 packets received, 5383 bps, 67.29%, Err 120 (1.0e-05)
2122.152 .... 5578 packets received, 5384 bps, 67.30%, Err 121 (1.0e-05)
2124.469 .... 5583 packets received, 5383 bps, 67.28%, Err 121 (1.0e-05)
2126.621 .... 5589 packets received, 5383 bps, 67.29%, Err 121 (1.0e-05)
2128.894 .... 5595 packets received, 5383 bps, 67.29%, Err 121 (1.0e-05)
2131.062 .... 5601 packets received, 5383 bps, 67.29%, Err 121 (1.0e-05)
2133.306 .... 5607 packets received, 5384 bps, 67.29%, Err 121 (1.0e-05)
2135.806 .... 5612 packets received, 5382 bps, 67.27%, Err 121 (1.0e-05)
2137.960 .... 5618 packets received, 5382 bps, 67.28%, Err 121 (1.0e-05)
2140.233 .... 5624 packets received, 5382 bps, 67.28%, Err 121 (1.0e-05)
2142.370 .... 5630 packets received, 5383 bps, 67.28%, Err 121 (1.0e-05)
2144.659 .... 5635 packets received, 5382 bps, 67.27%, Err 121 (1.0e-05)
2146.811 .... 5641 packets received, 5382 bps, 67.28%, Err 121 (1.0e-05)
2149.130 .... 5647 packets received, 5382 bps, 67.27%, Err 121 (1.0e-05)
2151.691 .... 5653 packets received, 5381 bps, 67.27%, Err 121 (9.9e-06)
2153.814 .... 5659 packets received, 5382 bps, 67.27%, Err 121 (9.9e-06)
2155.981 .... 5665 packets received, 5382 bps, 67.27%, Err 121 (9.9e-06)
2158.438 .... 5670 packets received, 5381 bps, 67.26%, Err 121 (9.9e-06)
2160.591 .... 5676 packets received, 5381 bps, 67.26%, Err 121 (9.9e-06)
2162.759 .... 5682 packets received, 5381 bps, 67.27%, Err 121 (9.9e-06)
2164.867 .... 5688 packets received, 5382 bps, 67.27%, Err 121 (9.9e-06)
2167.368 .... 5693 packets received, 5380 bps, 67.25%, Err 121 (9.9e-06)
2169.508 .... 5699 packets received, 5381 bps, 67.26%, Err 121 (9.9e-06)
2171.798 .... 5705 packets received, 5381 bps, 67.26%, Err 121 (9.9e-06)
2173.935 .... 5711 packets received, 5381 bps, 67.26%, Err 121 (9.8e-06)
2176.241 .... 5716 packets received, 5380 bps, 67.25%, Err 121 (9.8e-06)
2178.652 .... 5722 packets received, 5380 bps, 67.24%, Err 122 (9.9e-06)
2181.488 .... 5729 packets received, 5379 bps, 67.24%, Err 122 (9.9e-06)
2183.640 .... 5735 packets received, 5379 bps, 67.24%, Err 122 (9.9e-06)
2185.944 .... 5741 packets received, 5379 bps, 67.24%, Err 122 (9.9e-06)
2188.520 .... 5747 packets received, 5379 bps, 67.23%, Err 122 (9.9e-06)
2190.628 .... 5753 packets received, 5379 bps, 67.24%, Err 122 (9.8e-06)
2192.826 .... 5759 packets received, 5379 bps, 67.24%, Err 122 (9.8e-06)
2195.299 .... 5764 packets received, 5378 bps, 67.22%, Err 122 (9.8e-06)
2197.451 .... 5770 packets received, 5378 bps, 67.23%, Err 122 (9.8e-06)
2199.619 .... 5776 packets received, 5379 bps, 67.23%, Err 122 (9.8e-06)
2201.681 .... 5781 packets received, 5378 bps, 67.23%, Err 123 (9.9e-06)
2204.152 .... 5786 packets received, 5377 bps, 67.21%, Err 123 (9.9e-06)
2206.306 .... 5792 packets received, 5377 bps, 67.21%, Err 123 (9.9e-06)
2208.609 .... 5798 packets received, 5377 bps, 67.21%, Err 123 (9.9e-06)
2210.750 .... 5804 packets received, 5377 bps, 67.22%, Err 123 (9.8e-06)
2213.283 .... 5805 packets received, 5372 bps, 67.15%, Err 124 (9.9e-06)
2215.449 .... 5811 packets received, 5372 bps, 67.16%, Err 124 (9.9e-06)
2217.465 .... 5816 packets received, 5372 bps, 67.15%, Err 124 (9.9e-06)
2219.934 .... 5821 packets received, 5371 bps, 67.14%, Err 124 (9.9e-06)
2222.088 .... 5827 packets received, 5371 bps, 67.14%, Err 124 (9.9e-06)
2224.376 .... 5833 packets received, 5371 bps, 67.14%, Err 124 (9.9e-06)
2226.515 .... 5839 packets received, 5372 bps, 67.14%, Err 124 (9.9e-06)
2228.834 .... 5844 packets received, 5371 bps, 67.13%, Err 124 (9.9e-06)
2230.986 .... 5850 packets received, 5371 bps, 67.14%, Err 124 (9.8e-06)
2233.276 .... 5856 packets received, 5371 bps, 67.14%, Err 124 (9.8e-06)
2235.868 .... 5862 packets received, 5370 bps, 67.13%, Err 124 (9.8e-06)
2237.978 .... 5868 packets received, 5371 bps, 67.13%, Err 124 (9.8e-06)
2240.145 .... 5874 packets received, 5371 bps, 67.14%, Err 124 (9.8e-06)
2242.573 .... 5878 packets received, 5369 bps, 67.11%, Err 125 (9.9e-06)
2244.727 .... 5884 packets received, 5369 bps, 67.11%, Err 126 (9.9e-06)
2246.895 .... 5890 packets received, 5369 bps, 67.12%, Err 126 (9.9e-06)
2249.065 .... 5896 packets received, 5370 bps, 67.12%, Err 126 (9.9e-06)
2251.519 .... 5901 packets received, 5368 bps, 67.10%, Err 126 (9.9e-06)
2253.673 .... 5907 packets received, 5369 bps, 67.11%, Err 126 (9.9e-06)
2256.219 .... 5911 packets received, 5366 bps, 67.08%, Err 127 (1.0e-05)
2258.388 .... 5919 packets received, 5368 bps, 67.10%, Err 127 (1.0e-05)
2260.419 .... 5924 packets received, 5368 bps, 67.10%, Err 127 (1.0e-05)
2263.374 .... 5930 packets received, 5366 bps, 67.08%, Err 128 (1.0e-05)
2265.526 .... 5937 packets received, 5368 bps, 67.10%, Err 128 (1.0e-05)
2267.662 .... 5943 packets received, 5368 bps, 67.10%, Err 128 (1.0e-05)
2269.831 .... 5949 packets received, 5368 bps, 67.10%, Err 128 (1.0e-05)
2272.558 .... 5955 packets received, 5367 bps, 67.09%, Err 128 (1.0e-05)
2274.713 .... 5961 packets received, 5368 bps, 67.09%, Err 128 (1.0e-05)
2276.880 .... 5964 packets received, 5365 bps, 67.06%, Err 129 (1.0e-05)
2279.804 .... 5972 packets received, 5365 bps, 67.07%, Err 129 (1.0e-05)
2282.213 .... 5978 packets received, 5365 bps, 67.06%, Err 130 (1.0e-05)
2284.349 .... 5984 packets received, 5366 bps, 67.07%, Err 130 (1.0e-05)
2286.698 .... 5989 packets received, 5364 bps, 67.06%, Err 130 (1.0e-05)
2288.849 .... 5995 packets received, 5365 bps, 67.06%, Err 130 (1.0e-05)
2291.137 .... 6001 packets received, 5365 bps, 67.06%, Err 130 (1.0e-05)
2293.729 .... 6007 packets received, 5364 bps, 67.05%, Err 130 (1.0e-05)
2295.837 .... 6013 packets received, 5365 bps, 67.06%, Err 130 (1.0e-05)
2298.003 .... 6019 packets received, 5365 bps, 67.06%, Err 130 (1.0e-05)
2300.460 .... 6024 packets received, 5364 bps, 67.04%, Err 130 (1.0e-05)
2302.615 .... 6030 packets received, 5364 bps, 67.05%, Err 130 (1.0e-05)
2304.783 .... 6036 packets received, 5364 bps, 67.05%, Err 130 (1.0e-05)
2307.695 .... 6042 packets received, 5363 bps, 67.03%, Err 131 (1.0e-05)
2309.848 .... 6048 packets received, 5363 bps, 67.04%, Err 131 (1.0e-05)
2312.169 .... 6054 packets received, 5363 bps, 67.04%, Err 131 (1.0e-05)
2314.734 .... 6060 packets received, 5362 bps, 67.03%, Err 131 (1.0e-05)
2316.859 .... 6066 packets received, 5363 bps, 67.03%, Err 131 (1.0e-05)
2319.011 .... 6072 packets received, 5363 bps, 67.04%, Err 131 (1.0e-05)
2321.487 .... 6077 packets received, 5362 bps, 67.02%, Err 131 (1.0e-05)
2323.643 .... 6083 packets received, 5362 bps, 67.03%, Err 131 (1.0e-05)
2325.811 .... 6089 packets received, 5362 bps, 67.03%, Err 131 (1.0e-05)
2327.888 .... 6095 packets received, 5363 bps, 67.04%, Err 131 (1.0e-05)
2330.357 .... 6100 packets received, 5362 bps, 67.02%, Err 131 (1.0e-05)
2332.905 .... 6106 packets received, 5361 bps, 67.01%, Err 132 (1.0e-05)
2335.057 .... 6112 packets received, 5361 bps, 67.02%, Err 132 (1.0e-05)
2337.226 .... 6118 packets received, 5362 bps, 67.02%, Err 132 (1.0e-05)
2339.259 .... 6123 packets received, 5361 bps, 67.02%, Err 132 (1.0e-05)
2341.425 .... 6129 packets received, 5362 bps, 67.02%, Err 132 (1.0e-05)
2344.411 .... 6135 packets received, 5360 bps, 67.00%, Err 132 (1.0e-05)
2346.564 .... 6141 packets received, 5360 bps, 67.00%, Err 132 (1.0e-05)
2348.960 .... 6147 packets received, 5360 bps, 67.00%, Err 132 (1.0e-05)
2351.447 .... 6153 packets received, 5360 bps, 67.00%, Err 132 (1.0e-05)
2353.661 .... 6159 packets received, 5360 bps, 67.00%, Err 133 (1.0e-05)
2355.799 .... 6164 packets received, 5359 bps, 66.99%, Err 133 (1.0e-05)
2357.938 .... 6170 packets received, 5360 bps, 67.00%, Err 133 (1.0e-05)
2360.302 .... 6175 packets received, 5359 bps, 66.98%, Err 133 (1.0e-05)
2362.455 .... 6181 packets received, 5359 bps, 66.99%, Err 133 (1.0e-05)
2364.745 .... 6187 packets received, 5359 bps, 66.99%, Err 133 (1.0e-05)
2367.339 .... 6193 packets received, 5358 bps, 66.98%, Err 133 (1.0e-05)
2369.447 .... 6199 packets received, 5359 bps, 66.98%, Err 133 (1.0e-05)
2372.161 .... 6204 packets received, 5357 bps, 66.96%, Err 134 (1.0e-05)
2374.450 .... 6211 packets received, 5358 bps, 66.97%, Err 134 (1.0e-05)
2376.623 .... 6217 packets received, 5358 bps, 66.97%, Err 134 (1.0e-05)
2378.776 .... 6220 packets received, 5356 bps, 66.95%, Err 135 (1.0e-05)
2381.628 .... 6228 packets received, 5356 bps, 66.95%, Err 135 (1.0e-05)
2383.780 .... 6234 packets received, 5357 bps, 66.96%, Err 135 (1.0e-05)
2386.600 .... 6240 packets received, 5355 bps, 66.94%, Err 135 (1.0e-05)
2388.751 .... 6246 packets received, 5356 bps, 66.95%, Err 135 (1.0e-05)
2391.041 .... 6252 packets received, 5356 bps, 66.95%, Err 135 (1.0e-05)
2393.632 .... 6258 packets received, 5355 bps, 66.94%, Err 135 (1.0e-05)
2395.757 .... 6264 packets received, 5355 bps, 66.94%, Err 135 (1.0e-05)
2397.909 .... 6270 packets received, 5356 bps, 66.95%, Err 135 (1.0e-05)
2400.382 .... 6275 packets received, 5354 bps, 66.93%, Err 135 (1.0e-05)
2402.535 .... 6281 packets received, 5355 bps, 66.93%, Err 135 (1.0e-05)
2404.704 .... 6287 packets received, 5355 bps, 66.94%, Err 135 (1.0e-05)
2406.787 .... 6293 packets received, 5356 bps, 66.94%, Err 135 (1.0e-05)
2408.954 .... 6298 packets received, 5355 bps, 66.94%, Err 136 (1.0e-05)
2411.244 .... 6303 packets received, 5354 bps, 66.93%, Err 136 (1.0e-05)
2413.412 .... 6309 packets received, 5354 bps, 66.93%, Err 136 (1.0e-05)
2416.127 .... 6315 packets received, 5353 bps, 66.92%, Err 136 (1.0e-05)
2418.278 .... 6321 packets received, 5354 bps, 66.92%, Err 136 (1.0e-05)
2420.446 .... 6327 packets received, 5354 bps, 66.93%, Err 136 (1.0e-05)
2423.372 .... 6333 packets received, 5353 bps, 66.91%, Err 137 (1.0e-05)
2425.524 .... 6339 packets received, 5353 bps, 66.91%, Err 137 (1.0e-05)
2427.859 .... 6345 packets received, 5353 bps, 66.91%, Err 137 (1.0e-05)
2430.404 .... 6351 packets received, 5352 bps, 66.90%, Err 138 (1.0e-05)
2432.543 .... 6357 packets received, 5353 bps, 66.91%, Err 138 (1.0e-05)
2434.740 .... 6363 packets received, 5353 bps, 66.91%, Err 138 (1.0e-05)
2437.212 .... 6368 packets received, 5352 bps, 66.90%, Err 138 (1.0e-05)
2439.380 .... 6374 packets received, 5352 bps, 66.90%, Err 138 (1.0e-05)
2441.562 .... 6380 packets received, 5352 bps, 66.90%, Err 138 (1.0e-05)
2443.594 .... 6386 packets received, 5353 bps, 66.91%, Err 138 (1.0e-05)
2446.079 .... 6391 packets received, 5352 bps, 66.89%, Err 138 (1.0e-05)
2448.234 .... 6397 packets received, 5352 bps, 66.90%, Err 138 (1.0e-05)
2450.523 .... 6403 packets received, 5352 bps, 66.90%, Err 138 (1.0e-05)
2452.661 .... 6406 packets received, 5350 bps, 66.87%, Err 139 (1.0e-05)
2454.676 .... 6413 packets received, 5351 bps, 66.89%, Err 139 (1.0e-05)
2457.162 .... 6418 packets received, 5350 bps, 66.87%, Err 139 (1.0e-05)
2459.376 .... 6425 packets received, 5351 bps, 66.89%, Err 139 (1.0e-05)
2461.848 .... 6430 packets received, 5350 bps, 66.87%, Err 140 (1.0e-05)
2464.123 .... 6435 packets received, 5349 bps, 66.86%, Err 140 (1.0e-05)
2466.291 .... 6441 packets received, 5349 bps, 66.86%, Err 140 (1.0e-05)
2469.112 .... 6447 packets received, 5348 bps, 66.85%, Err 140 (1.0e-05)
2471.251 .... 6452 packets received, 5348 bps, 66.84%, Err 141 (1.0e-05)
2473.965 .... 6458 packets received, 5347 bps, 66.83%, Err 141 (1.0e-05)
2476.118 .... 6464 packets received, 5347 bps, 66.84%, Err 141 (1.0e-05)
2478.286 .... 6470 packets received, 5347 bps, 66.84%, Err 141 (1.0e-05)
2480.411 .... 6476 packets received, 5348 bps, 66.85%, Err 141 (1.0e-05)
2482.882 .... 6481 packets received, 5346 bps, 66.83%, Err 141 (1.0e-05)
2485.035 .... 6487 packets received, 5347 bps, 66.83%, Err 141 (1.0e-05)
2487.340 .... 6493 packets received, 5347 bps, 66.83%, Err 141 (1.0e-05)
2489.478 .... 6499 packets received, 5347 bps, 66.84%, Err 141 (1.0e-05)
2491.783 .... 6504 packets received, 5346 bps, 66.83%, Err 141 (1.0e-05)
2493.935 .... 6510 packets received, 5347 bps, 66.83%, Err 141 (1.0e-05)
2496.241 .... 6516 packets received, 5347 bps, 66.83%, Err 141 (1.0e-05)
2498.819 .... 6522 packets received, 5346 bps, 66.82%, Err 141 (1.0e-05)
2500.914 .... 6528 packets received, 5346 bps, 66.83%, Err 141 (1.0e-05)
2503.081 .... 6534 packets received, 5347 bps, 66.83%, Err 141 (1.0e-05)
2505.539 .... 6539 packets received, 5346 bps, 66.82%, Err 141 (1.0e-05)
2507.692 .... 6545 packets received, 5346 bps, 66.82%, Err 141 (1.0e-05)
2509.861 .... 6551 packets received, 5346 bps, 66.83%, Err 141 (1.0e-05)
2512.228 .... 6555 packets received, 5344 bps, 66.80%, Err 143 (1.0e-05)
2514.928 .... 6562 packets received, 5344 bps, 66.80%, Err 143 (1.0e-05)
2516.948 .... 6568 packets received, 5345 bps, 66.81%, Err 143 (1.0e-05)
2519.673 .... 6574 packets received, 5344 bps, 66.80%, Err 143 (1.0e-05)
2521.827 .... 6580 packets received, 5344 bps, 66.80%, Err 143 (1.0e-05)
2523.980 .... 6585 packets received, 5344 bps, 66.80%, Err 144 (1.0e-05)
2526.437 .... 6590 packets received, 5343 bps, 66.78%, Err 144 (1.0e-05)
2528.605 .... 6596 packets received, 5343 bps, 66.79%, Err 144 (1.0e-05)
2530.771 .... 6602 packets received, 5343 bps, 66.79%, Err 144 (1.0e-05)
2533.046 .... 6608 packets received, 5343 bps, 66.79%, Err 144 (1.0e-05)
2535.651 .... 6614 packets received, 5343 bps, 66.78%, Err 144 (1.0e-05)
2537.713 .... 6620 packets received, 5343 bps, 66.79%, Err 144 (1.0e-05)
2539.895 .... 6626 packets received, 5343 bps, 66.79%, Err 144 (1.0e-05)
2542.352 .... 6631 packets received, 5342 bps, 66.78%, Err 144 (1.0e-05)
2544.536 .... 6637 packets received, 5342 bps, 66.78%, Err 144 (1.0e-05)
2546.704 .... 6643 packets received, 5343 bps, 66.78%, Err 144 (1.0e-05)
2548.768 .... 6649 packets received, 5343 bps, 66.79%, Err 144 (1.0e-05)
2551.238 .... 6654 packets received, 5342 bps, 66.78%, Err 144 (1.0e-05)
2553.922 .... 6658 packets received, 5340 bps, 66.75%, Err 145 (1.0e-05)
2556.376 .... 6666 packets received, 5341 bps, 66.76%, Err 145 (1.0e-05)
2558.530 .... 6672 packets received, 5341 bps, 66.77%, Err 145 (1.0e-05)
2560.696 .... 6678 packets received, 5342 bps, 66.77%, Err 145 (1.0e-05)
2563.440 .... 6684 packets received, 5341 bps, 66.76%, Err 145 (1.0e-05)
2565.578 .... 6690 packets received, 5341 bps, 66.76%, Err 145 (1.0e-05)
2567.746 .... 6696 packets received, 5341 bps, 66.77%, Err 145 (1.0e-05)
2569.809 .... 6702 packets received, 5342 bps, 66.77%, Err 145 (1.0e-05)
2571.992 .... 6707 packets received, 5341 bps, 66.76%, Err 146 (1.0e-05)
2574.284 .... 6712 packets received, 5340 bps, 66.75%, Err 146 (1.0e-05)
2576.449 .... 6718 packets received, 5341 bps, 66.76%, Err 146 (1.0e-05)
2578.601 .... 6721 packets received, 5339 bps, 66.73%, Err 147 (1.0e-05)
2581.449 .... 6729 packets received, 5339 bps, 66.74%, Err 147 (1.0e-05)
2583.601 .... 6735 packets received, 5339 bps, 66.74%, Err 147 (1.0e-05)
2586.404 .... 6740 packets received, 5338 bps, 66.72%, Err 148 (1.0e-05)
2589.087 .... 6744 packets received, 5335 bps, 66.69%, Err 149 (1.0e-05)
2591.133 .... 6751 packets received, 5336 bps, 66.71%, Err 149 (1.0e-05)
2593.603 .... 6756 packets received, 5335 bps, 66.69%, Err 149 (1.0e-05)
2595.848 .... 6762 packets received, 5335 bps, 66.69%, Err 149 (1.0e-05)
2598.577 .... 6768 packets received, 5335 bps, 66.68%, Err 149 (1.0e-05)
2600.738 .... 6774 packets received, 5335 bps, 66.69%, Err 149 (1.0e-05)
2603.047 .... 6780 packets received, 5335 bps, 66.69%, Err 149 (1.0e-05)
2605.173 .... 6786 packets received, 5335 bps, 66.69%, Err 149 (1.0e-05)
2607.740 .... 6791 packets received, 5334 bps, 66.67%, Err 149 (1.0e-05)
2609.226 TCP disconnected.
