./selective -bu -port 1235 -log sbu.log 
=========================================================================
                          Station B                                 
-------------------------------------------------------------------------
Protocol.lib, version 3.0, Build: Oct 19 2009 (jiangy@public3.bta.net.cn)
Channel: 8000 bps, 270 ms propagation delay, bit error rate 0
Log file "sbu.log", TCP port 1235, debug mask 0x00
Station B is connecting station A (TCP port 1235) ... Done.
New epoch: Sun Nov 22 11:39:08 2009
=========================================================================
Designed by JackalDire
2.591 .... 8 packets received, 7721 bps, 96.51%, Err 0 (0.0e+00)
4.702 .... 16 packets received, 7741 bps, 96.76%, Err 0 (0.0e+00)
6.815 .... 24 packets received, 7745 bps, 96.82%, Err 0 (0.0e+00)
8.899 .... 32 packets received, 7774 bps, 97.18%, Err 0 (0.0e+00)
11.026 .... 40 packets received, 7760 bps, 97.00%, Err 0 (0.0e+00)
13.137 .... 48 packets received, 7760 bps, 97.00%, Err 0 (0.0e+00)
15.233 .... 56 packets received, 7768 bps, 97.10%, Err 0 (0.0e+00)
17.373 .... 64 packets received, 7754 bps, 96.92%, Err 0 (0.0e+00)
19.483 .... 72 packets received, 7755 bps, 96.94%, Err 0 (0.0e+00)
21.593 .... 80 packets received, 7756 bps, 96.95%, Err 0 (0.0e+00)
23.703 .... 88 packets received, 7757 bps, 96.96%, Err 0 (0.0e+00)
25.814 .... 96 packets received, 7757 bps, 96.97%, Err 0 (0.0e+00)
27.941 .... 104 packets received, 7753 bps, 96.91%, Err 0 (0.0e+00)
30.053 .... 112 packets received, 7753 bps, 96.92%, Err 0 (0.0e+00)
32.165 .... 120 packets received, 7754 bps, 96.92%, Err 0 (0.0e+00)
34.273 .... 128 packets received, 7755 bps, 96.94%, Err 0 (0.0e+00)
36.381 .... 136 packets received, 7756 bps, 96.95%, Err 0 (0.0e+00)
38.496 .... 144 packets received, 7755 bps, 96.94%, Err 0 (0.0e+00)
40.607 .... 152 packets received, 7756 bps, 96.95%, Err 0 (0.0e+00)
42.717 .... 160 packets received, 7756 bps, 96.95%, Err 0 (0.0e+00)
44.828 .... 168 packets received, 7756 bps, 96.95%, Err 0 (0.0e+00)
46.939 .... 176 packets received, 7757 bps, 96.96%, Err 0 (0.0e+00)
49.051 .... 184 packets received, 7757 bps, 96.96%, Err 0 (0.0e+00)
51.152 .... 192 packets received, 7758 bps, 96.98%, Err 0 (0.0e+00)
53.264 .... 200 packets received, 7758 bps, 96.98%, Err 0 (0.0e+00)
55.383 .... 208 packets received, 7757 bps, 96.97%, Err 0 (0.0e+00)
57.499 .... 216 packets received, 7757 bps, 96.96%, Err 0 (0.0e+00)
59.608 .... 224 packets received, 7757 bps, 96.96%, Err 0 (0.0e+00)
61.718 .... 232 packets received, 7757 bps, 96.97%, Err 0 (0.0e+00)
63.832 .... 240 packets received, 7757 bps, 96.97%, Err 0 (0.0e+00)
65.950 .... 248 packets received, 7757 bps, 96.96%, Err 0 (0.0e+00)
68.065 .... 256 packets received, 7756 bps, 96.95%, Err 0 (0.0e+00)
70.182 .... 264 packets received, 7756 bps, 96.95%, Err 0 (0.0e+00)
72.296 .... 272 packets received, 7756 bps, 96.94%, Err 0 (0.0e+00)
74.394 .... 280 packets received, 7757 bps, 96.96%, Err 0 (0.0e+00)
76.506 .... 288 packets received, 7757 bps, 96.96%, Err 0 (0.0e+00)
78.621 .... 296 packets received, 7757 bps, 96.96%, Err 0 (0.0e+00)
80.733 .... 304 packets received, 7757 bps, 96.96%, Err 0 (0.0e+00)
82.844 .... 312 packets received, 7757 bps, 96.96%, Err 0 (0.0e+00)
84.954 .... 320 packets received, 7757 bps, 96.96%, Err 0 (0.0e+00)
87.067 .... 328 packets received, 7757 bps, 96.96%, Err 0 (0.0e+00)
89.176 .... 336 packets received, 7757 bps, 96.97%, Err 0 (0.0e+00)
91.287 .... 344 packets received, 7757 bps, 96.97%, Err 0 (0.0e+00)
93.411 .... 352 packets received, 7756 bps, 96.96%, Err 0 (0.0e+00)
95.520 .... 360 packets received, 7757 bps, 96.96%, Err 0 (0.0e+00)
97.629 .... 368 packets received, 7757 bps, 96.96%, Err 0 (0.0e+00)
99.737 .... 376 packets received, 7757 bps, 96.97%, Err 0 (0.0e+00)
101.847 .... 384 packets received, 7757 bps, 96.97%, Err 0 (0.0e+00)
103.973 .... 392 packets received, 7756 bps, 96.95%, Err 0 (0.0e+00)
106.070 .... 400 packets received, 7758 bps, 96.97%, Err 0 (0.0e+00)
108.178 .... 408 packets received, 7758 bps, 96.97%, Err 0 (0.0e+00)
110.288 .... 416 packets received, 7758 bps, 96.97%, Err 0 (0.0e+00)
112.411 .... 424 packets received, 7757 bps, 96.96%, Err 0 (0.0e+00)
114.518 .... 432 packets received, 7758 bps, 96.97%, Err 0 (0.0e+00)
116.642 .... 440 packets received, 7757 bps, 96.96%, Err 0 (0.0e+00)
118.748 .... 448 packets received, 7757 bps, 96.96%, Err 0 (0.0e+00)
120.856 .... 456 packets received, 7757 bps, 96.97%, Err 0 (0.0e+00)
122.965 .... 464 packets received, 7758 bps, 96.97%, Err 0 (0.0e+00)
125.076 .... 472 packets received, 7758 bps, 96.97%, Err 0 (0.0e+00)
127.186 .... 480 packets received, 7758 bps, 96.97%, Err 0 (0.0e+00)
129.297 .... 488 packets received, 7758 bps, 96.97%, Err 0 (0.0e+00)
131.420 .... 496 packets received, 7757 bps, 96.96%, Err 0 (0.0e+00)
133.533 .... 504 packets received, 7757 bps, 96.96%, Err 0 (0.0e+00)
135.644 .... 512 packets received, 7757 bps, 96.96%, Err 0 (0.0e+00)
137.753 .... 520 packets received, 7757 bps, 96.97%, Err 0 (0.0e+00)
139.882 .... 528 packets received, 7756 bps, 96.96%, Err 0 (0.0e+00)
141.977 .... 536 packets received, 7757 bps, 96.97%, Err 0 (0.0e+00)
144.101 .... 544 packets received, 7757 bps, 96.96%, Err 0 (0.0e+00)
146.210 .... 552 packets received, 7757 bps, 96.96%, Err 0 (0.0e+00)
148.321 .... 560 packets received, 7757 bps, 96.96%, Err 0 (0.0e+00)
150.429 .... 568 packets received, 7757 bps, 96.96%, Err 0 (0.0e+00)
152.539 .... 576 packets received, 7757 bps, 96.97%, Err 0 (0.0e+00)
154.649 .... 584 packets received, 7757 bps, 96.97%, Err 0 (0.0e+00)
156.759 .... 592 packets received, 7757 bps, 96.97%, Err 0 (0.0e+00)
158.866 .... 600 packets received, 7758 bps, 96.97%, Err 0 (0.0e+00)
160.977 .... 608 packets received, 7758 bps, 96.97%, Err 0 (0.0e+00)
163.100 .... 616 packets received, 7757 bps, 96.97%, Err 0 (0.0e+00)
165.210 .... 624 packets received, 7757 bps, 96.97%, Err 0 (0.0e+00)
167.318 .... 632 packets received, 7758 bps, 96.97%, Err 0 (0.0e+00)
169.440 .... 640 packets received, 7757 bps, 96.96%, Err 0 (0.0e+00)
171.547 .... 648 packets received, 7757 bps, 96.97%, Err 0 (0.0e+00)
173.673 .... 656 packets received, 7757 bps, 96.96%, Err 0 (0.0e+00)
175.782 .... 664 packets received, 7757 bps, 96.96%, Err 0 (0.0e+00)
177.892 .... 672 packets received, 7757 bps, 96.96%, Err 0 (0.0e+00)
180.004 .... 680 packets received, 7757 bps, 96.96%, Err 0 (0.0e+00)
182.120 .... 688 packets received, 7757 bps, 96.96%, Err 0 (0.0e+00)
184.202 .... 696 packets received, 7758 bps, 96.98%, Err 0 (0.0e+00)
186.327 .... 704 packets received, 7757 bps, 96.97%, Err 0 (0.0e+00)
188.436 .... 712 packets received, 7758 bps, 96.97%, Err 0 (0.0e+00)
190.549 .... 720 packets received, 7758 bps, 96.97%, Err 0 (0.0e+00)
192.661 .... 728 packets received, 7758 bps, 96.97%, Err 0 (0.0e+00)
194.770 .... 736 packets received, 7758 bps, 96.97%, Err 0 (0.0e+00)
196.894 .... 744 packets received, 7757 bps, 96.97%, Err 0 (0.0e+00)
199.002 .... 752 packets received, 7757 bps, 96.97%, Err 0 (0.0e+00)
201.126 .... 760 packets received, 7757 bps, 96.96%, Err 0 (0.0e+00)
203.224 .... 768 packets received, 7757 bps, 96.97%, Err 0 (0.0e+00)
205.352 .... 776 packets received, 7757 bps, 96.96%, Err 0 (0.0e+00)
207.450 .... 784 packets received, 7757 bps, 96.97%, Err 0 (0.0e+00)
209.563 .... 792 packets received, 7757 bps, 96.97%, Err 0 (0.0e+00)
211.676 .... 800 packets received, 7757 bps, 96.97%, Err 0 (0.0e+00)
213.789 .... 808 packets received, 7757 bps, 96.97%, Err 0 (0.0e+00)
215.885 .... 816 packets received, 7758 bps, 96.97%, Err 0 (0.0e+00)
218.002 .... 824 packets received, 7758 bps, 96.97%, Err 0 (0.0e+00)
220.113 .... 832 packets received, 7758 bps, 96.97%, Err 0 (0.0e+00)
222.226 .... 840 packets received, 7758 bps, 96.97%, Err 0 (0.0e+00)
224.340 .... 848 packets received, 7758 bps, 96.97%, Err 0 (0.0e+00)
226.457 .... 856 packets received, 7757 bps, 96.97%, Err 0 (0.0e+00)
228.568 .... 864 packets received, 7757 bps, 96.97%, Err 0 (0.0e+00)
230.680 .... 872 packets received, 7758 bps, 96.97%, Err 0 (0.0e+00)
232.793 .... 880 packets received, 7757 bps, 96.97%, Err 0 (0.0e+00)
234.906 .... 888 packets received, 7757 bps, 96.97%, Err 0 (0.0e+00)
237.021 .... 896 packets received, 7757 bps, 96.97%, Err 0 (0.0e+00)
239.119 .... 904 packets received, 7758 bps, 96.97%, Err 0 (0.0e+00)
241.249 .... 912 packets received, 7757 bps, 96.96%, Err 0 (0.0e+00)
243.363 .... 920 packets received, 7757 bps, 96.96%, Err 0 (0.0e+00)
245.477 .... 928 packets received, 7757 bps, 96.96%, Err 0 (0.0e+00)
247.565 .... 936 packets received, 7758 bps, 96.97%, Err 0 (0.0e+00)
249.693 .... 944 packets received, 7757 bps, 96.97%, Err 0 (0.0e+00)
251.804 .... 952 packets received, 7757 bps, 96.97%, Err 0 (0.0e+00)
253.915 .... 960 packets received, 7757 bps, 96.97%, Err 0 (0.0e+00)
256.031 .... 968 packets received, 7757 bps, 96.97%, Err 0 (0.0e+00)
258.147 .... 976 packets received, 7757 bps, 96.96%, Err 0 (0.0e+00)
260.258 .... 984 packets received, 7757 bps, 96.96%, Err 0 (0.0e+00)
262.373 .... 992 packets received, 7757 bps, 96.96%, Err 0 (0.0e+00)
264.489 .... 1000 packets received, 7757 bps, 96.96%, Err 0 (0.0e+00)
266.586 .... 1008 packets received, 7757 bps, 96.97%, Err 0 (0.0e+00)
268.698 .... 1016 packets received, 7757 bps, 96.97%, Err 0 (0.0e+00)
270.825 .... 1024 packets received, 7757 bps, 96.96%, Err 0 (0.0e+00)
272.908 .... 1032 packets received, 7758 bps, 96.97%, Err 0 (0.0e+00)
275.036 .... 1040 packets received, 7757 bps, 96.97%, Err 0 (0.0e+00)
277.149 .... 1048 packets received, 7757 bps, 96.97%, Err 0 (0.0e+00)
279.261 .... 1056 packets received, 7757 bps, 96.97%, Err 0 (0.0e+00)
281.370 .... 1064 packets received, 7757 bps, 96.97%, Err 0 (0.0e+00)
283.496 .... 1072 packets received, 7757 bps, 96.96%, Err 0 (0.0e+00)
285.607 .... 1080 packets received, 7757 bps, 96.96%, Err 0 (0.0e+00)
287.707 .... 1088 packets received, 7757 bps, 96.97%, Err 0 (0.0e+00)
289.828 .... 1096 packets received, 7757 bps, 96.96%, Err 0 (0.0e+00)
291.930 .... 1104 packets received, 7757 bps, 96.97%, Err 0 (0.0e+00)
294.032 .... 1112 packets received, 7758 bps, 96.97%, Err 0 (0.0e+00)
296.157 .... 1120 packets received, 7757 bps, 96.97%, Err 0 (0.0e+00)
298.259 .... 1128 packets received, 7758 bps, 96.97%, Err 0 (0.0e+00)
300.375 .... 1136 packets received, 7758 bps, 96.97%, Err 0 (0.0e+00)
302.491 .... 1144 packets received, 7757 bps, 96.97%, Err 0 (0.0e+00)
304.591 .... 1152 packets received, 7758 bps, 96.97%, Err 0 (0.0e+00)
306.717 .... 1160 packets received, 7757 bps, 96.97%, Err 0 (0.0e+00)
308.829 .... 1168 packets received, 7757 bps, 96.97%, Err 0 (0.0e+00)
310.932 .... 1176 packets received, 7758 bps, 96.97%, Err 0 (0.0e+00)
313.052 .... 1184 packets received, 7757 bps, 96.97%, Err 0 (0.0e+00)
315.155 .... 1192 packets received, 7758 bps, 96.97%, Err 0 (0.0e+00)
317.274 .... 1200 packets received, 7757 bps, 96.97%, Err 0 (0.0e+00)
319.399 .... 1208 packets received, 7757 bps, 96.96%, Err 0 (0.0e+00)
321.491 .... 1216 packets received, 7758 bps, 96.97%, Err 0 (0.0e+00)
323.614 .... 1224 packets received, 7757 bps, 96.97%, Err 0 (0.0e+00)
325.725 .... 1232 packets received, 7757 bps, 96.97%, Err 0 (0.0e+00)
327.834 .... 1240 packets received, 7757 bps, 96.97%, Err 0 (0.0e+00)
329.949 .... 1248 packets received, 7757 bps, 96.97%, Err 0 (0.0e+00)
332.060 .... 1256 packets received, 7757 bps, 96.97%, Err 0 (0.0e+00)
334.170 .... 1264 packets received, 7757 bps, 96.97%, Err 0 (0.0e+00)
336.283 .... 1272 packets received, 7757 bps, 96.97%, Err 0 (0.0e+00)
338.395 .... 1280 packets received, 7757 bps, 96.97%, Err 0 (0.0e+00)
340.505 .... 1288 packets received, 7757 bps, 96.97%, Err 0 (0.0e+00)
342.614 .... 1296 packets received, 7758 bps, 96.97%, Err 0 (0.0e+00)
344.725 .... 1304 packets received, 7758 bps, 96.97%, Err 0 (0.0e+00)
346.856 .... 1312 packets received, 7757 bps, 96.96%, Err 0 (0.0e+00)
348.961 .... 1320 packets received, 7757 bps, 96.97%, Err 0 (0.0e+00)
351.073 .... 1328 packets received, 7757 bps, 96.97%, Err 0 (0.0e+00)
353.174 .... 1336 packets received, 7758 bps, 96.97%, Err 0 (0.0e+00)
355.285 .... 1344 packets received, 7758 bps, 96.97%, Err 0 (0.0e+00)
357.410 .... 1352 packets received, 7757 bps, 96.97%, Err 0 (0.0e+00)
359.518 .... 1360 packets received, 7757 bps, 96.97%, Err 0 (0.0e+00)
361.626 .... 1368 packets received, 7757 bps, 96.97%, Err 0 (0.0e+00)
363.736 .... 1376 packets received, 7758 bps, 96.97%, Err 0 (0.0e+00)
365.860 .... 1384 packets received, 7757 bps, 96.97%, Err 0 (0.0e+00)
367.967 .... 1392 packets received, 7757 bps, 96.97%, Err 0 (0.0e+00)
370.079 .... 1400 packets received, 7757 bps, 96.97%, Err 0 (0.0e+00)
372.189 .... 1408 packets received, 7757 bps, 96.97%, Err 0 (0.0e+00)
374.299 .... 1416 packets received, 7757 bps, 96.97%, Err 0 (0.0e+00)
376.424 .... 1424 packets received, 7757 bps, 96.96%, Err 0 (0.0e+00)
378.518 .... 1432 packets received, 7758 bps, 96.97%, Err 0 (0.0e+00)
380.640 .... 1440 packets received, 7757 bps, 96.97%, Err 0 (0.0e+00)
382.755 .... 1448 packets received, 7757 bps, 96.97%, Err 0 (0.0e+00)
384.848 .... 1456 packets received, 7758 bps, 96.97%, Err 0 (0.0e+00)
386.943 .... 1464 packets received, 7758 bps, 96.98%, Err 0 (0.0e+00)
389.082 .... 1472 packets received, 7757 bps, 96.97%, Err 0 (0.0e+00)
391.192 .... 1480 packets received, 7758 bps, 96.97%, Err 0 (0.0e+00)
393.315 .... 1488 packets received, 7757 bps, 96.97%, Err 0 (0.0e+00)
395.424 .... 1496 packets received, 7757 bps, 96.97%, Err 0 (0.0e+00)
397.533 .... 1504 packets received, 7757 bps, 96.97%, Err 0 (0.0e+00)
399.643 .... 1512 packets received, 7757 bps, 96.97%, Err 0 (0.0e+00)
401.754 .... 1520 packets received, 7757 bps, 96.97%, Err 0 (0.0e+00)
403.870 .... 1528 packets received, 7757 bps, 96.97%, Err 0 (0.0e+00)
405.971 .... 1536 packets received, 7758 bps, 96.97%, Err 0 (0.0e+00)
408.087 .... 1544 packets received, 7758 bps, 96.97%, Err 0 (0.0e+00)
410.196 .... 1552 packets received, 7758 bps, 96.97%, Err 0 (0.0e+00)
412.321 .... 1560 packets received, 7757 bps, 96.97%, Err 0 (0.0e+00)
414.427 .... 1568 packets received, 7757 bps, 96.97%, Err 0 (0.0e+00)
416.526 .... 1576 packets received, 7758 bps, 96.97%, Err 0 (0.0e+00)
418.640 .... 1584 packets received, 7758 bps, 96.97%, Err 0 (0.0e+00)
420.755 .... 1592 packets received, 7758 bps, 96.97%, Err 0 (0.0e+00)
422.869 .... 1600 packets received, 7758 bps, 96.97%, Err 0 (0.0e+00)
424.999 .... 1608 packets received, 7757 bps, 96.97%, Err 0 (0.0e+00)
427.113 .... 1616 packets received, 7757 bps, 96.97%, Err 0 (0.0e+00)
429.213 .... 1624 packets received, 7757 bps, 96.97%, Err 0 (0.0e+00)
431.327 .... 1632 packets received, 7757 bps, 96.97%, Err 0 (0.0e+00)
433.433 .... 1640 packets received, 7758 bps, 96.97%, Err 0 (0.0e+00)
435.560 .... 1648 packets received, 7757 bps, 96.97%, Err 0 (0.0e+00)
437.673 .... 1656 packets received, 7757 bps, 96.97%, Err 0 (0.0e+00)
439.774 .... 1664 packets received, 7757 bps, 96.97%, Err 0 (0.0e+00)
441.886 .... 1672 packets received, 7757 bps, 96.97%, Err 0 (0.0e+00)
443.995 .... 1680 packets received, 7757 bps, 96.97%, Err 0 (0.0e+00)
446.108 .... 1688 packets received, 7757 bps, 96.97%, Err 0 (0.0e+00)
448.219 .... 1696 packets received, 7757 bps, 96.97%, Err 0 (0.0e+00)
450.322 .... 1704 packets received, 7758 bps, 96.97%, Err 0 (0.0e+00)
452.457 .... 1712 packets received, 7757 bps, 96.97%, Err 0 (0.0e+00)
454.569 .... 1720 packets received, 7757 bps, 96.97%, Err 0 (0.0e+00)
456.671 .... 1728 packets received, 7757 bps, 96.97%, Err 0 (0.0e+00)
458.760 .... 1736 packets received, 7758 bps, 96.97%, Err 0 (0.0e+00)
460.890 .... 1744 packets received, 7757 bps, 96.97%, Err 0 (0.0e+00)
462.979 .... 1752 packets received, 7758 bps, 96.97%, Err 0 (0.0e+00)
465.110 .... 1760 packets received, 7758 bps, 96.97%, Err 0 (0.0e+00)
467.225 .... 1768 packets received, 7758 bps, 96.97%, Err 0 (0.0e+00)
469.343 .... 1776 packets received, 7757 bps, 96.97%, Err 0 (0.0e+00)
471.454 .... 1784 packets received, 7757 bps, 96.97%, Err 0 (0.0e+00)
473.568 .... 1792 packets received, 7757 bps, 96.97%, Err 0 (0.0e+00)
475.680 .... 1800 packets received, 7757 bps, 96.97%, Err 0 (0.0e+00)
477.792 .... 1808 packets received, 7757 bps, 96.97%, Err 0 (0.0e+00)
479.906 .... 1816 packets received, 7757 bps, 96.97%, Err 0 (0.0e+00)
482.013 .... 1824 packets received, 7757 bps, 96.97%, Err 0 (0.0e+00)
484.117 .... 1832 packets received, 7758 bps, 96.97%, Err 0 (0.0e+00)
486.231 .... 1840 packets received, 7758 bps, 96.97%, Err 0 (0.0e+00)
488.346 .... 1848 packets received, 7757 bps, 96.97%, Err 0 (0.0e+00)
490.464 .... 1856 packets received, 7757 bps, 96.97%, Err 0 (0.0e+00)
492.567 .... 1864 packets received, 7758 bps, 96.97%, Err 0 (0.0e+00)
494.679 .... 1872 packets received, 7758 bps, 96.97%, Err 0 (0.0e+00)
496.802 .... 1880 packets received, 7757 bps, 96.97%, Err 0 (0.0e+00)
498.889 .... 1888 packets received, 7758 bps, 96.97%, Err 0 (0.0e+00)
501.015 .... 1896 packets received, 7758 bps, 96.97%, Err 0 (0.0e+00)
503.123 .... 1904 packets received, 7758 bps, 96.97%, Err 0 (0.0e+00)
505.248 .... 1912 packets received, 7757 bps, 96.97%, Err 0 (0.0e+00)
507.358 .... 1920 packets received, 7757 bps, 96.97%, Err 0 (0.0e+00)
509.458 .... 1928 packets received, 7758 bps, 96.97%, Err 0 (0.0e+00)
511.582 .... 1936 packets received, 7757 bps, 96.97%, Err 0 (0.0e+00)
513.692 .... 1944 packets received, 7757 bps, 96.97%, Err 0 (0.0e+00)
515.800 .... 1952 packets received, 7758 bps, 96.97%, Err 0 (0.0e+00)
517.919 .... 1960 packets received, 7757 bps, 96.97%, Err 0 (0.0e+00)
520.032 .... 1968 packets received, 7757 bps, 96.97%, Err 0 (0.0e+00)
522.142 .... 1976 packets received, 7757 bps, 96.97%, Err 0 (0.0e+00)
524.252 .... 1984 packets received, 7757 bps, 96.97%, Err 0 (0.0e+00)
526.347 .... 1992 packets received, 7758 bps, 96.97%, Err 0 (0.0e+00)
528.486 .... 2000 packets received, 7757 bps, 96.97%, Err 0 (0.0e+00)
530.595 .... 2008 packets received, 7757 bps, 96.97%, Err 0 (0.0e+00)
532.692 .... 2016 packets received, 7758 bps, 96.97%, Err 0 (0.0e+00)
534.800 .... 2024 packets received, 7758 bps, 96.97%, Err 0 (0.0e+00)
536.924 .... 2032 packets received, 7757 bps, 96.97%, Err 0 (0.0e+00)
539.033 .... 2040 packets received, 7758 bps, 96.97%, Err 0 (0.0e+00)
541.141 .... 2048 packets received, 7758 bps, 96.97%, Err 0 (0.0e+00)
543.264 .... 2056 packets received, 7757 bps, 96.97%, Err 0 (0.0e+00)
545.357 .... 2064 packets received, 7758 bps, 96.97%, Err 0 (0.0e+00)
547.495 .... 2072 packets received, 7757 bps, 96.97%, Err 0 (0.0e+00)
549.589 .... 2080 packets received, 7758 bps, 96.97%, Err 0 (0.0e+00)
551.699 .... 2088 packets received, 7758 bps, 96.97%, Err 0 (0.0e+00)
553.824 .... 2096 packets received, 7757 bps, 96.97%, Err 0 (0.0e+00)
555.933 .... 2104 packets received, 7757 bps, 96.97%, Err 0 (0.0e+00)
558.029 .... 2112 packets received, 7758 bps, 96.97%, Err 0 (0.0e+00)
560.154 .... 2120 packets received, 7758 bps, 96.97%, Err 0 (0.0e+00)
562.280 .... 2128 packets received, 7757 bps, 96.97%, Err 0 (0.0e+00)
564.390 .... 2136 packets received, 7757 bps, 96.97%, Err 0 (0.0e+00)
566.503 .... 2144 packets received, 7757 bps, 96.97%, Err 0 (0.0e+00)
568.613 .... 2152 packets received, 7757 bps, 96.97%, Err 0 (0.0e+00)
570.709 .... 2160 packets received, 7758 bps, 96.97%, Err 0 (0.0e+00)
572.835 .... 2168 packets received, 7757 bps, 96.97%, Err 0 (0.0e+00)
574.950 .... 2176 packets received, 7757 bps, 96.97%, Err 0 (0.0e+00)
577.042 .... 2184 packets received, 7758 bps, 96.97%, Err 0 (0.0e+00)
579.166 .... 2192 packets received, 7757 bps, 96.97%, Err 0 (0.0e+00)
581.261 .... 2200 packets received, 7758 bps, 96.97%, Err 0 (0.0e+00)
583.388 .... 2208 packets received, 7757 bps, 96.97%, Err 0 (0.0e+00)
585.498 .... 2216 packets received, 7758 bps, 96.97%, Err 0 (0.0e+00)
587.609 .... 2224 packets received, 7758 bps, 96.97%, Err 0 (0.0e+00)
589.724 .... 2232 packets received, 7757 bps, 96.97%, Err 0 (0.0e+00)
591.834 .... 2240 packets received, 7758 bps, 96.97%, Err 0 (0.0e+00)
593.945 .... 2248 packets received, 7758 bps, 96.97%, Err 0 (0.0e+00)
596.055 .... 2256 packets received, 7758 bps, 96.97%, Err 0 (0.0e+00)
598.161 .... 2264 packets received, 7758 bps, 96.97%, Err 0 (0.0e+00)
600.286 .... 2272 packets received, 7757 bps, 96.97%, Err 0 (0.0e+00)
602.396 .... 2280 packets received, 7757 bps, 96.97%, Err 0 (0.0e+00)
604.510 .... 2288 packets received, 7757 bps, 96.97%, Err 0 (0.0e+00)
606.624 .... 2296 packets received, 7757 bps, 96.97%, Err 0 (0.0e+00)
608.722 .... 2304 packets received, 7758 bps, 96.97%, Err 0 (0.0e+00)
610.842 .... 2312 packets received, 7758 bps, 96.97%, Err 0 (0.0e+00)
612.956 .... 2320 packets received, 7757 bps, 96.97%, Err 0 (0.0e+00)
615.070 .... 2328 packets received, 7757 bps, 96.97%, Err 0 (0.0e+00)
617.184 .... 2336 packets received, 7757 bps, 96.97%, Err 0 (0.0e+00)
619.299 .... 2344 packets received, 7757 bps, 96.97%, Err 0 (0.0e+00)
621.399 .... 2352 packets received, 7758 bps, 96.97%, Err 0 (0.0e+00)
623.500 .... 2360 packets received, 7758 bps, 96.97%, Err 0 (0.0e+00)
625.615 .... 2368 packets received, 7758 bps, 96.97%, Err 0 (0.0e+00)
627.746 .... 2376 packets received, 7757 bps, 96.97%, Err 0 (0.0e+00)
629.847 .... 2384 packets received, 7758 bps, 96.97%, Err 0 (0.0e+00)
631.977 .... 2392 packets received, 7757 bps, 96.97%, Err 0 (0.0e+00)
634.077 .... 2400 packets received, 7757 bps, 96.97%, Err 0 (0.0e+00)
636.178 .... 2408 packets received, 7758 bps, 96.97%, Err 0 (0.0e+00)
638.301 .... 2416 packets received, 7757 bps, 96.97%, Err 0 (0.0e+00)
640.416 .... 2424 packets received, 7757 bps, 96.97%, Err 0 (0.0e+00)
642.532 .... 2432 packets received, 7757 bps, 96.97%, Err 0 (0.0e+00)
644.649 .... 2440 packets received, 7757 bps, 96.97%, Err 0 (0.0e+00)
646.734 .... 2448 packets received, 7758 bps, 96.97%, Err 0 (0.0e+00)
648.850 .... 2456 packets received, 7758 bps, 96.97%, Err 0 (0.0e+00)
650.980 .... 2464 packets received, 7757 bps, 96.97%, Err 0 (0.0e+00)
653.095 .... 2472 packets received, 7757 bps, 96.97%, Err 0 (0.0e+00)
655.195 .... 2480 packets received, 7758 bps, 96.97%, Err 0 (0.0e+00)
657.310 .... 2488 packets received, 7757 bps, 96.97%, Err 0 (0.0e+00)
659.411 .... 2496 packets received, 7758 bps, 96.97%, Err 0 (0.0e+00)
661.526 .... 2504 packets received, 7758 bps, 96.97%, Err 0 (0.0e+00)
663.638 .... 2512 packets received, 7758 bps, 96.97%, Err 0 (0.0e+00)
665.751 .... 2520 packets received, 7758 bps, 96.97%, Err 0 (0.0e+00)
667.880 .... 2528 packets received, 7757 bps, 96.97%, Err 0 (0.0e+00)
669.978 .... 2536 packets received, 7758 bps, 96.97%, Err 0 (0.0e+00)
672.088 .... 2544 packets received, 7758 bps, 96.97%, Err 0 (0.0e+00)
674.215 .... 2552 packets received, 7757 bps, 96.97%, Err 0 (0.0e+00)
676.301 .... 2560 packets received, 7758 bps, 96.97%, Err 0 (0.0e+00)
678.427 .... 2568 packets received, 7758 bps, 96.97%, Err 0 (0.0e+00)
680.551 .... 2576 packets received, 7757 bps, 96.97%, Err 0 (0.0e+00)
682.664 .... 2584 packets received, 7757 bps, 96.97%, Err 0 (0.0e+00)
684.777 .... 2592 packets received, 7757 bps, 96.97%, Err 0 (0.0e+00)
686.876 .... 2600 packets received, 7757 bps, 96.97%, Err 0 (0.0e+00)
688.977 .... 2608 packets received, 7758 bps, 96.97%, Err 0 (0.0e+00)
691.089 .... 2616 packets received, 7758 bps, 96.97%, Err 0 (0.0e+00)
693.218 .... 2624 packets received, 7757 bps, 96.97%, Err 0 (0.0e+00)
695.321 .... 2632 packets received, 7758 bps, 96.97%, Err 0 (0.0e+00)
697.436 .... 2640 packets received, 7757 bps, 96.97%, Err 0 (0.0e+00)
699.546 .... 2648 packets received, 7758 bps, 96.97%, Err 0 (0.0e+00)
701.654 .... 2656 packets received, 7758 bps, 96.97%, Err 0 (0.0e+00)
703.764 .... 2664 packets received, 7758 bps, 96.97%, Err 0 (0.0e+00)
705.888 .... 2672 packets received, 7757 bps, 96.97%, Err 0 (0.0e+00)
707.999 .... 2680 packets received, 7757 bps, 96.97%, Err 0 (0.0e+00)
710.081 .... 2688 packets received, 7758 bps, 96.97%, Err 0 (0.0e+00)
712.225 .... 2696 packets received, 7757 bps, 96.97%, Err 0 (0.0e+00)
714.324 .... 2704 packets received, 7758 bps, 96.97%, Err 0 (0.0e+00)
716.432 .... 2712 packets received, 7758 bps, 96.97%, Err 0 (0.0e+00)
718.556 .... 2720 packets received, 7758 bps, 96.97%, Err 0 (0.0e+00)
720.667 .... 2728 packets received, 7758 bps, 96.97%, Err 0 (0.0e+00)
722.771 .... 2736 packets received, 7758 bps, 96.97%, Err 0 (0.0e+00)
724.884 .... 2744 packets received, 7758 bps, 96.97%, Err 0 (0.0e+00)
726.995 .... 2752 packets received, 7758 bps, 96.97%, Err 0 (0.0e+00)
729.115 .... 2760 packets received, 7758 bps, 96.97%, Err 0 (0.0e+00)
731.230 .... 2768 packets received, 7757 bps, 96.97%, Err 0 (0.0e+00)
733.341 .... 2776 packets received, 7757 bps, 96.97%, Err 0 (0.0e+00)
735.452 .... 2784 packets received, 7758 bps, 96.97%, Err 0 (0.0e+00)
737.562 .... 2792 packets received, 7758 bps, 96.97%, Err 0 (0.0e+00)
739.670 .... 2800 packets received, 7758 bps, 96.97%, Err 0 (0.0e+00)
741.793 .... 2808 packets received, 7757 bps, 96.97%, Err 0 (0.0e+00)
743.902 .... 2816 packets received, 7757 bps, 96.97%, Err 0 (0.0e+00)
746.012 .... 2824 packets received, 7758 bps, 96.97%, Err 0 (0.0e+00)
748.121 .... 2832 packets received, 7758 bps, 96.97%, Err 0 (0.0e+00)
750.230 .... 2840 packets received, 7758 bps, 96.97%, Err 0 (0.0e+00)
752.355 .... 2848 packets received, 7757 bps, 96.97%, Err 0 (0.0e+00)
754.463 .... 2856 packets received, 7757 bps, 96.97%, Err 0 (0.0e+00)
756.571 .... 2864 packets received, 7758 bps, 96.97%, Err 0 (0.0e+00)
758.679 .... 2872 packets received, 7758 bps, 96.97%, Err 0 (0.0e+00)
760.786 .... 2880 packets received, 7758 bps, 96.97%, Err 0 (0.0e+00)
762.896 .... 2888 packets received, 7758 bps, 96.97%, Err 0 (0.0e+00)
765.005 .... 2896 packets received, 7758 bps, 96.97%, Err 0 (0.0e+00)
767.129 .... 2904 packets received, 7758 bps, 96.97%, Err 0 (0.0e+00)
769.255 .... 2912 packets received, 7757 bps, 96.97%, Err 0 (0.0e+00)
771.349 .... 2920 packets received, 7758 bps, 96.97%, Err 0 (0.0e+00)
773.473 .... 2928 packets received, 7757 bps, 96.97%, Err 0 (0.0e+00)
775.584 .... 2936 packets received, 7757 bps, 96.97%, Err 0 (0.0e+00)
777.679 .... 2944 packets received, 7758 bps, 96.97%, Err 0 (0.0e+00)
779.803 .... 2952 packets received, 7758 bps, 96.97%, Err 0 (0.0e+00)
781.915 .... 2960 packets received, 7758 bps, 96.97%, Err 0 (0.0e+00)
784.027 .... 2968 packets received, 7758 bps, 96.97%, Err 0 (0.0e+00)
786.126 .... 2976 packets received, 7758 bps, 96.97%, Err 0 (0.0e+00)
788.258 .... 2984 packets received, 7757 bps, 96.97%, Err 0 (0.0e+00)
790.368 .... 2992 packets received, 7757 bps, 96.97%, Err 0 (0.0e+00)
792.478 .... 3000 packets received, 7757 bps, 96.97%, Err 0 (0.0e+00)
794.592 .... 3008 packets received, 7757 bps, 96.97%, Err 0 (0.0e+00)
796.701 .... 3016 packets received, 7757 bps, 96.97%, Err 0 (0.0e+00)
798.815 .... 3024 packets received, 7757 bps, 96.97%, Err 0 (0.0e+00)
800.927 .... 3032 packets received, 7757 bps, 96.97%, Err 0 (0.0e+00)
803.041 .... 3040 packets received, 7757 bps, 96.97%, Err 0 (0.0e+00)
805.155 .... 3048 packets received, 7757 bps, 96.97%, Err 0 (0.0e+00)
807.270 .... 3056 packets received, 7757 bps, 96.97%, Err 0 (0.0e+00)
809.385 .... 3064 packets received, 7757 bps, 96.97%, Err 0 (0.0e+00)
811.485 .... 3072 packets received, 7757 bps, 96.97%, Err 0 (0.0e+00)
813.600 .... 3080 packets received, 7757 bps, 96.97%, Err 0 (0.0e+00)
815.701 .... 3088 packets received, 7758 bps, 96.97%, Err 0 (0.0e+00)
817.832 .... 3096 packets received, 7757 bps, 96.97%, Err 0 (0.0e+00)
819.933 .... 3104 packets received, 7758 bps, 96.97%, Err 0 (0.0e+00)
822.041 .... 3112 packets received, 7758 bps, 96.97%, Err 0 (0.0e+00)
824.142 .... 3120 packets received, 7758 bps, 96.97%, Err 0 (0.0e+00)
826.273 .... 3128 packets received, 7757 bps, 96.97%, Err 0 (0.0e+00)
828.387 .... 3136 packets received, 7757 bps, 96.97%, Err 0 (0.0e+00)
830.485 .... 3144 packets received, 7758 bps, 96.97%, Err 0 (0.0e+00)
832.613 .... 3152 packets received, 7757 bps, 96.97%, Err 0 (0.0e+00)
834.729 .... 3160 packets received, 7757 bps, 96.97%, Err 0 (0.0e+00)
836.814 .... 3168 packets received, 7758 bps, 96.97%, Err 0 (0.0e+00)
838.928 .... 3176 packets received, 7758 bps, 96.97%, Err 0 (0.0e+00)
841.058 .... 3184 packets received, 7757 bps, 96.97%, Err 0 (0.0e+00)
843.173 .... 3192 packets received, 7757 bps, 96.97%, Err 0 (0.0e+00)
845.272 .... 3200 packets received, 7758 bps, 96.97%, Err 0 (0.0e+00)
847.387 .... 3208 packets received, 7758 bps, 96.97%, Err 0 (0.0e+00)
849.501 .... 3216 packets received, 7758 bps, 96.97%, Err 0 (0.0e+00)
851.617 .... 3224 packets received, 7757 bps, 96.97%, Err 0 (0.0e+00)
853.732 .... 3232 packets received, 7757 bps, 96.97%, Err 0 (0.0e+00)
855.846 .... 3240 packets received, 7757 bps, 96.97%, Err 0 (0.0e+00)
857.933 .... 3248 packets received, 7758 bps, 96.97%, Err 0 (0.0e+00)
860.048 .... 3256 packets received, 7758 bps, 96.97%, Err 0 (0.0e+00)
862.181 .... 3264 packets received, 7757 bps, 96.97%, Err 0 (0.0e+00)
864.285 .... 3272 packets received, 7758 bps, 96.97%, Err 0 (0.0e+00)
866.403 .... 3280 packets received, 7757 bps, 96.97%, Err 0 (0.0e+00)
868.495 .... 3288 packets received, 7758 bps, 96.97%, Err 0 (0.0e+00)
870.612 .... 3296 packets received, 7758 bps, 96.97%, Err 0 (0.0e+00)
872.741 .... 3304 packets received, 7757 bps, 96.97%, Err 0 (0.0e+00)
874.837 .... 3312 packets received, 7758 bps, 96.97%, Err 0 (0.0e+00)
876.947 .... 3320 packets received, 7758 bps, 96.97%, Err 0 (0.0e+00)
879.073 .... 3328 packets received, 7757 bps, 96.97%, Err 0 (0.0e+00)
881.170 .... 3336 packets received, 7758 bps, 96.97%, Err 0 (0.0e+00)
883.297 .... 3344 packets received, 7757 bps, 96.97%, Err 0 (0.0e+00)
885.397 .... 3352 packets received, 7758 bps, 96.97%, Err 0 (0.0e+00)
887.527 .... 3360 packets received, 7757 bps, 96.97%, Err 0 (0.0e+00)
889.626 .... 3368 packets received, 7758 bps, 96.97%, Err 0 (0.0e+00)
891.733 .... 3376 packets received, 7758 bps, 96.97%, Err 0 (0.0e+00)
893.849 .... 3384 packets received, 7758 bps, 96.97%, Err 0 (0.0e+00)
895.966 .... 3392 packets received, 7757 bps, 96.97%, Err 0 (0.0e+00)
898.076 .... 3400 packets received, 7758 bps, 96.97%, Err 0 (0.0e+00)
900.191 .... 3408 packets received, 7757 bps, 96.97%, Err 0 (0.0e+00)
902.301 .... 3416 packets received, 7758 bps, 96.97%, Err 0 (0.0e+00)
904.412 .... 3424 packets received, 7758 bps, 96.97%, Err 0 (0.0e+00)
906.504 .... 3432 packets received, 7758 bps, 96.97%, Err 0 (0.0e+00)
908.634 .... 3440 packets received, 7758 bps, 96.97%, Err 0 (0.0e+00)
910.758 .... 3448 packets received, 7757 bps, 96.97%, Err 0 (0.0e+00)
912.870 .... 3456 packets received, 7757 bps, 96.97%, Err 0 (0.0e+00)
914.980 .... 3464 packets received, 7757 bps, 96.97%, Err 0 (0.0e+00)
917.074 .... 3472 packets received, 7758 bps, 96.97%, Err 0 (0.0e+00)
919.200 .... 3480 packets received, 7757 bps, 96.97%, Err 0 (0.0e+00)
921.296 .... 3488 packets received, 7758 bps, 96.97%, Err 0 (0.0e+00)
923.421 .... 3496 packets received, 7758 bps, 96.97%, Err 0 (0.0e+00)
925.531 .... 3504 packets received, 7758 bps, 96.97%, Err 0 (0.0e+00)
927.639 .... 3512 packets received, 7758 bps, 96.97%, Err 0 (0.0e+00)
929.764 .... 3520 packets received, 7757 bps, 96.97%, Err 0 (0.0e+00)
931.875 .... 3528 packets received, 7757 bps, 96.97%, Err 0 (0.0e+00)
933.971 .... 3536 packets received, 7758 bps, 96.97%, Err 0 (0.0e+00)
936.081 .... 3544 packets received, 7758 bps, 96.97%, Err 0 (0.0e+00)
938.205 .... 3552 packets received, 7758 bps, 96.97%, Err 0 (0.0e+00)
940.300 .... 3560 packets received, 7758 bps, 96.97%, Err 0 (0.0e+00)
942.427 .... 3568 packets received, 7758 bps, 96.97%, Err 0 (0.0e+00)
944.553 .... 3576 packets received, 7757 bps, 96.97%, Err 0 (0.0e+00)
946.663 .... 3584 packets received, 7757 bps, 96.97%, Err 0 (0.0e+00)
948.759 .... 3592 packets received, 7758 bps, 96.97%, Err 0 (0.0e+00)
950.885 .... 3600 packets received, 7757 bps, 96.97%, Err 0 (0.0e+00)
952.996 .... 3608 packets received, 7757 bps, 96.97%, Err 0 (0.0e+00)
955.092 .... 3616 packets received, 7758 bps, 96.97%, Err 0 (0.0e+00)
957.217 .... 3624 packets received, 7757 bps, 96.97%, Err 0 (0.0e+00)
959.313 .... 3632 packets received, 7758 bps, 96.97%, Err 0 (0.0e+00)
961.425 .... 3640 packets received, 7758 bps, 96.97%, Err 0 (0.0e+00)
963.532 .... 3648 packets received, 7758 bps, 96.97%, Err 0 (0.0e+00)
965.671 .... 3656 packets received, 7757 bps, 96.97%, Err 0 (0.0e+00)
967.780 .... 3664 packets received, 7757 bps, 96.97%, Err 0 (0.0e+00)
969.873 .... 3672 packets received, 7758 bps, 96.97%, Err 0 (0.0e+00)
971.982 .... 3680 packets received, 7758 bps, 96.97%, Err 0 (0.0e+00)
974.090 .... 3688 packets received, 7758 bps, 96.97%, Err 0 (0.0e+00)
976.216 .... 3696 packets received, 7758 bps, 96.97%, Err 0 (0.0e+00)
978.343 .... 3704 packets received, 7757 bps, 96.97%, Err 0 (0.0e+00)
980.452 .... 3712 packets received, 7757 bps, 96.97%, Err 0 (0.0e+00)
982.562 .... 3720 packets received, 7757 bps, 96.97%, Err 0 (0.0e+00)
984.671 .... 3728 packets received, 7757 bps, 96.97%, Err 0 (0.0e+00)
986.779 .... 3736 packets received, 7758 bps, 96.97%, Err 0 (0.0e+00)
988.905 .... 3744 packets received, 7757 bps, 96.97%, Err 0 (0.0e+00)
991.017 .... 3752 packets received, 7757 bps, 96.97%, Err 0 (0.0e+00)
993.125 .... 3760 packets received, 7757 bps, 96.97%, Err 0 (0.0e+00)
995.224 .... 3768 packets received, 7758 bps, 96.97%, Err 0 (0.0e+00)
997.333 .... 3776 packets received, 7758 bps, 96.97%, Err 0 (0.0e+00)
999.440 .... 3784 packets received, 7758 bps, 96.97%, Err 0 (0.0e+00)
1001.551 .... 3792 packets received, 7758 bps, 96.97%, Err 0 (0.0e+00)
1003.666 .... 3800 packets received, 7758 bps, 96.97%, Err 0 (0.0e+00)
1005.794 .... 3808 packets received, 7757 bps, 96.97%, Err 0 (0.0e+00)
1007.893 .... 3816 packets received, 7758 bps, 96.97%, Err 0 (0.0e+00)
1010.007 .... 3824 packets received, 7758 bps, 96.97%, Err 0 (0.0e+00)
1012.108 .... 3832 packets received, 7758 bps, 96.97%, Err 0 (0.0e+00)
1014.237 .... 3840 packets received, 7758 bps, 96.97%, Err 0 (0.0e+00)
1016.335 .... 3848 packets received, 7758 bps, 96.97%, Err 0 (0.0e+00)
1018.463 .... 3856 packets received, 7757 bps, 96.97%, Err 0 (0.0e+00)
1020.577 .... 3864 packets received, 7757 bps, 96.97%, Err 0 (0.0e+00)
1022.676 .... 3872 packets received, 7758 bps, 96.97%, Err 0 (0.0e+00)
1024.800 .... 3880 packets received, 7757 bps, 96.97%, Err 0 (0.0e+00)
1026.920 .... 3888 packets received, 7757 bps, 96.97%, Err 0 (0.0e+00)
1029.034 .... 3896 packets received, 7757 bps, 96.97%, Err 0 (0.0e+00)
1031.134 .... 3904 packets received, 7758 bps, 96.97%, Err 0 (0.0e+00)
1033.232 .... 3912 packets received, 7758 bps, 96.97%, Err 0 (0.0e+00)
1035.360 .... 3920 packets received, 7757 bps, 96.97%, Err 0 (0.0e+00)
1037.474 .... 3928 packets received, 7757 bps, 96.97%, Err 0 (0.0e+00)
1039.572 .... 3936 packets received, 7758 bps, 96.97%, Err 0 (0.0e+00)
1041.702 .... 3944 packets received, 7757 bps, 96.97%, Err 0 (0.0e+00)
1043.802 .... 3952 packets received, 7758 bps, 96.97%, Err 0 (0.0e+00)
1045.918 .... 3960 packets received, 7758 bps, 96.97%, Err 0 (0.0e+00)
1048.016 .... 3968 packets received, 7758 bps, 96.97%, Err 0 (0.0e+00)
1050.130 .... 3976 packets received, 7758 bps, 96.97%, Err 0 (0.0e+00)
1052.244 .... 3984 packets received, 7758 bps, 96.97%, Err 0 (0.0e+00)
1054.372 .... 3992 packets received, 7757 bps, 96.97%, Err 0 (0.0e+00)
1056.486 .... 4000 packets received, 7757 bps, 96.97%, Err 0 (0.0e+00)
1058.586 .... 4008 packets received, 7758 bps, 96.97%, Err 0 (0.0e+00)
1060.683 .... 4016 packets received, 7758 bps, 96.97%, Err 0 (0.0e+00)
1062.797 .... 4024 packets received, 7758 bps, 96.97%, Err 0 (0.0e+00)
1064.926 .... 4032 packets received, 7758 bps, 96.97%, Err 0 (0.0e+00)
1067.024 .... 4040 packets received, 7758 bps, 96.97%, Err 0 (0.0e+00)
1069.138 .... 4048 packets received, 7758 bps, 96.97%, Err 0 (0.0e+00)
1071.268 .... 4056 packets received, 7757 bps, 96.97%, Err 0 (0.0e+00)
1073.364 .... 4064 packets received, 7758 bps, 96.97%, Err 0 (0.0e+00)
1075.474 .... 4072 packets received, 7758 bps, 96.97%, Err 0 (0.0e+00)
1077.588 .... 4080 packets received, 7758 bps, 96.97%, Err 0 (0.0e+00)
1079.701 .... 4088 packets received, 7758 bps, 96.97%, Err 0 (0.0e+00)
1081.814 .... 4096 packets received, 7758 bps, 96.97%, Err 0 (0.0e+00)
1083.927 .... 4104 packets received, 7758 bps, 96.97%, Err 0 (0.0e+00)
1086.055 .... 4112 packets received, 7757 bps, 96.97%, Err 0 (0.0e+00)
1088.151 .... 4120 packets received, 7758 bps, 96.97%, Err 0 (0.0e+00)
1090.278 .... 4128 packets received, 7757 bps, 96.97%, Err 0 (0.0e+00)
1092.377 .... 4136 packets received, 7758 bps, 96.97%, Err 0 (0.0e+00)
1094.477 .... 4144 packets received, 7758 bps, 96.97%, Err 0 (0.0e+00)
1096.606 .... 4152 packets received, 7758 bps, 96.97%, Err 0 (0.0e+00)
1098.702 .... 4160 packets received, 7758 bps, 96.97%, Err 0 (0.0e+00)
1100.829 .... 4168 packets received, 7758 bps, 96.97%, Err 0 (0.0e+00)
1102.953 .... 4176 packets received, 7757 bps, 96.97%, Err 0 (0.0e+00)
1105.048 .... 4184 packets received, 7758 bps, 96.97%, Err 0 (0.0e+00)
1107.172 .... 4192 packets received, 7757 bps, 96.97%, Err 0 (0.0e+00)
1109.267 .... 4200 packets received, 7758 bps, 96.97%, Err 0 (0.0e+00)
1111.391 .... 4208 packets received, 7758 bps, 96.97%, Err 0 (0.0e+00)
1113.475 .... 4216 packets received, 7758 bps, 96.97%, Err 0 (0.0e+00)
1115.598 .... 4224 packets received, 7758 bps, 96.97%, Err 0 (0.0e+00)
1117.725 .... 4232 packets received, 7758 bps, 96.97%, Err 0 (0.0e+00)
1119.838 .... 4240 packets received, 7758 bps, 96.97%, Err 0 (0.0e+00)
1121.941 .... 4248 packets received, 7758 bps, 96.97%, Err 0 (0.0e+00)
1124.071 .... 4256 packets received, 7757 bps, 96.97%, Err 0 (0.0e+00)
1126.173 .... 4264 packets received, 7758 bps, 96.97%, Err 0 (0.0e+00)
1128.281 .... 4272 packets received, 7758 bps, 96.97%, Err 0 (0.0e+00)
1130.392 .... 4280 packets received, 7758 bps, 96.97%, Err 0 (0.0e+00)
1132.504 .... 4288 packets received, 7758 bps, 96.97%, Err 0 (0.0e+00)
1134.618 .... 4296 packets received, 7758 bps, 96.97%, Err 0 (0.0e+00)
1136.743 .... 4304 packets received, 7757 bps, 96.97%, Err 0 (0.0e+00)
1138.861 .... 4312 packets received, 7757 bps, 96.97%, Err 0 (0.0e+00)
1140.955 .... 4320 packets received, 7758 bps, 96.97%, Err 0 (0.0e+00)
1143.054 .... 4328 packets received, 7758 bps, 96.97%, Err 0 (0.0e+00)
1145.177 .... 4336 packets received, 7758 bps, 96.97%, Err 0 (0.0e+00)
1147.285 .... 4344 packets received, 7758 bps, 96.97%, Err 0 (0.0e+00)
1149.400 .... 4352 packets received, 7758 bps, 96.97%, Err 0 (0.0e+00)
1151.520 .... 4360 packets received, 7758 bps, 96.97%, Err 0 (0.0e+00)
1153.630 .... 4368 packets received, 7758 bps, 96.97%, Err 0 (0.0e+00)
1155.739 .... 4376 packets received, 7758 bps, 96.97%, Err 0 (0.0e+00)
1157.858 .... 4384 packets received, 7757 bps, 96.97%, Err 0 (0.0e+00)
1159.970 .... 4392 packets received, 7757 bps, 96.97%, Err 0 (0.0e+00)
1162.082 .... 4400 packets received, 7757 bps, 96.97%, Err 0 (0.0e+00)
1164.177 .... 4408 packets received, 7758 bps, 96.97%, Err 0 (0.0e+00)
1166.289 .... 4416 packets received, 7758 bps, 96.97%, Err 0 (0.0e+00)
1168.402 .... 4424 packets received, 7758 bps, 96.97%, Err 0 (0.0e+00)
1170.530 .... 4432 packets received, 7757 bps, 96.97%, Err 0 (0.0e+00)
1172.653 .... 4440 packets received, 7757 bps, 96.97%, Err 0 (0.0e+00)
1174.747 .... 4448 packets received, 7758 bps, 96.97%, Err 0 (0.0e+00)
1176.855 .... 4456 packets received, 7758 bps, 96.97%, Err 0 (0.0e+00)
1178.984 .... 4464 packets received, 7757 bps, 96.97%, Err 0 (0.0e+00)
1181.079 .... 4472 packets received, 7758 bps, 96.97%, Err 0 (0.0e+00)
1183.201 .... 4480 packets received, 7757 bps, 96.97%, Err 0 (0.0e+00)
1185.296 .... 4488 packets received, 7758 bps, 96.97%, Err 0 (0.0e+00)
1187.409 .... 4496 packets received, 7758 bps, 96.97%, Err 0 (0.0e+00)
1189.508 .... 4504 packets received, 7758 bps, 96.97%, Err 0 (0.0e+00)
1191.635 .... 4512 packets received, 7758 bps, 96.97%, Err 0 (0.0e+00)
1193.763 .... 4520 packets received, 7757 bps, 96.97%, Err 0 (0.0e+00)
1195.874 .... 4528 packets received, 7757 bps, 96.97%, Err 0 (0.0e+00)
1197.982 .... 4536 packets received, 7758 bps, 96.97%, Err 0 (0.0e+00)
1200.079 .... 4544 packets received, 7758 bps, 96.97%, Err 0 (0.0e+00)
1202.208 .... 4552 packets received, 7758 bps, 96.97%, Err 0 (0.0e+00)
1204.320 .... 4560 packets received, 7758 bps, 96.97%, Err 0 (0.0e+00)
1206.433 .... 4568 packets received, 7757 bps, 96.97%, Err 0 (0.0e+00)
1208.544 .... 4576 packets received, 7758 bps, 96.97%, Err 0 (0.0e+00)
1210.654 .... 4584 packets received, 7758 bps, 96.97%, Err 0 (0.0e+00)
1212.756 .... 4592 packets received, 7758 bps, 96.97%, Err 0 (0.0e+00)
1214.869 .... 4600 packets received, 7758 bps, 96.97%, Err 0 (0.0e+00)
1216.982 .... 4608 packets received, 7758 bps, 96.97%, Err 0 (0.0e+00)
1219.092 .... 4616 packets received, 7758 bps, 96.97%, Err 0 (0.0e+00)
1221.219 .... 4624 packets received, 7757 bps, 96.97%, Err 0 (0.0e+00)
1223.318 .... 4632 packets received, 7758 bps, 96.97%, Err 0 (0.0e+00)
1225.458 .... 4640 packets received, 7757 bps, 96.97%, Err 0 (0.0e+00)
1227.556 .... 4648 packets received, 7757 bps, 96.97%, Err 0 (0.0e+00)
1229.661 .... 4656 packets received, 7758 bps, 96.97%, Err 0 (0.0e+00)
1231.776 .... 4664 packets received, 7758 bps, 96.97%, Err 0 (0.0e+00)
1233.881 .... 4672 packets received, 7758 bps, 96.97%, Err 0 (0.0e+00)
1235.996 .... 4680 packets received, 7758 bps, 96.97%, Err 0 (0.0e+00)
1238.095 .... 4688 packets received, 7758 bps, 96.97%, Err 0 (0.0e+00)
1240.224 .... 4696 packets received, 7758 bps, 96.97%, Err 0 (0.0e+00)
1242.333 .... 4704 packets received, 7758 bps, 96.97%, Err 0 (0.0e+00)
1244.445 .... 4712 packets received, 7758 bps, 96.97%, Err 0 (0.0e+00)
1246.557 .... 4720 packets received, 7758 bps, 96.97%, Err 0 (0.0e+00)
1248.670 .... 4728 packets received, 7758 bps, 96.97%, Err 0 (0.0e+00)
1250.782 .... 4736 packets received, 7758 bps, 96.97%, Err 0 (0.0e+00)
1252.893 .... 4744 packets received, 7758 bps, 96.97%, Err 0 (0.0e+00)
1255.006 .... 4752 packets received, 7758 bps, 96.97%, Err 0 (0.0e+00)
1257.119 .... 4760 packets received, 7758 bps, 96.97%, Err 0 (0.0e+00)
1259.219 .... 4768 packets received, 7758 bps, 96.97%, Err 0 (0.0e+00)
1261.332 .... 4776 packets received, 7758 bps, 96.97%, Err 0 (0.0e+00)
1263.445 .... 4784 packets received, 7758 bps, 96.97%, Err 0 (0.0e+00)
1265.562 .... 4792 packets received, 7758 bps, 96.97%, Err 0 (0.0e+00)
1267.672 .... 4800 packets received, 7758 bps, 96.97%, Err 0 (0.0e+00)
1269.782 .... 4808 packets received, 7758 bps, 96.97%, Err 0 (0.0e+00)
1271.892 .... 4816 packets received, 7758 bps, 96.97%, Err 0 (0.0e+00)
1274.004 .... 4824 packets received, 7758 bps, 96.97%, Err 0 (0.0e+00)
1276.114 .... 4832 packets received, 7758 bps, 96.97%, Err 0 (0.0e+00)
1278.242 .... 4840 packets received, 7757 bps, 96.97%, Err 0 (0.0e+00)
1280.354 .... 4848 packets received, 7757 bps, 96.97%, Err 0 (0.0e+00)
1282.466 .... 4856 packets received, 7757 bps, 96.97%, Err 0 (0.0e+00)
1284.578 .... 4864 packets received, 7757 bps, 96.97%, Err 0 (0.0e+00)
1286.675 .... 4872 packets received, 7758 bps, 96.97%, Err 0 (0.0e+00)
1288.788 .... 4880 packets received, 7758 bps, 96.97%, Err 0 (0.0e+00)
1290.902 .... 4888 packets received, 7758 bps, 96.97%, Err 0 (0.0e+00)
1293.016 .... 4896 packets received, 7758 bps, 96.97%, Err 0 (0.0e+00)
1295.128 .... 4904 packets received, 7758 bps, 96.97%, Err 0 (0.0e+00)
1297.240 .... 4912 packets received, 7758 bps, 96.97%, Err 0 (0.0e+00)
1299.353 .... 4920 packets received, 7758 bps, 96.97%, Err 0 (0.0e+00)
1301.478 .... 4928 packets received, 7757 bps, 96.97%, Err 0 (0.0e+00)
1303.587 .... 4936 packets received, 7757 bps, 96.97%, Err 0 (0.0e+00)
1305.698 .... 4944 packets received, 7757 bps, 96.97%, Err 0 (0.0e+00)
1307.793 .... 4952 packets received, 7758 bps, 96.97%, Err 0 (0.0e+00)
1309.904 .... 4960 packets received, 7758 bps, 96.97%, Err 0 (0.0e+00)
1312.028 .... 4968 packets received, 7758 bps, 96.97%, Err 0 (0.0e+00)
1314.143 .... 4976 packets received, 7758 bps, 96.97%, Err 0 (0.0e+00)
1316.239 .... 4984 packets received, 7758 bps, 96.97%, Err 0 (0.0e+00)
1318.365 .... 4992 packets received, 7758 bps, 96.97%, Err 0 (0.0e+00)
1320.475 .... 5000 packets received, 7758 bps, 96.97%, Err 0 (0.0e+00)
1322.599 .... 5008 packets received, 7757 bps, 96.97%, Err 0 (0.0e+00)
1324.711 .... 5016 packets received, 7757 bps, 96.97%, Err 0 (0.0e+00)
1326.824 .... 5024 packets received, 7757 bps, 96.97%, Err 0 (0.0e+00)
1328.927 .... 5032 packets received, 7758 bps, 96.97%, Err 0 (0.0e+00)
1331.035 .... 5040 packets received, 7758 bps, 96.97%, Err 0 (0.0e+00)
1333.147 .... 5048 packets received, 7758 bps, 96.97%, Err 0 (0.0e+00)
1335.256 .... 5056 packets received, 7758 bps, 96.97%, Err 0 (0.0e+00)
1337.367 .... 5064 packets received, 7758 bps, 96.97%, Err 0 (0.0e+00)
1339.479 .... 5072 packets received, 7758 bps, 96.97%, Err 0 (0.0e+00)
1341.588 .... 5080 packets received, 7758 bps, 96.97%, Err 0 (0.0e+00)
1343.714 .... 5088 packets received, 7758 bps, 96.97%, Err 0 (0.0e+00)
1345.827 .... 5096 packets received, 7758 bps, 96.97%, Err 0 (0.0e+00)
1347.923 .... 5104 packets received, 7758 bps, 96.97%, Err 0 (0.0e+00)
1350.046 .... 5112 packets received, 7758 bps, 96.97%, Err 0 (0.0e+00)
1352.155 .... 5120 packets received, 7758 bps, 96.97%, Err 0 (0.0e+00)
1354.279 .... 5128 packets received, 7757 bps, 96.97%, Err 0 (0.0e+00)
1356.374 .... 5136 packets received, 7758 bps, 96.97%, Err 0 (0.0e+00)
1358.499 .... 5144 packets received, 7757 bps, 96.97%, Err 0 (0.0e+00)
1360.593 .... 5152 packets received, 7758 bps, 96.97%, Err 0 (0.0e+00)
1362.718 .... 5160 packets received, 7758 bps, 96.97%, Err 0 (0.0e+00)
1364.828 .... 5168 packets received, 7758 bps, 96.97%, Err 0 (0.0e+00)
1366.953 .... 5176 packets received, 7757 bps, 96.97%, Err 0 (0.0e+00)
1369.046 .... 5184 packets received, 7758 bps, 96.97%, Err 0 (0.0e+00)
1371.170 .... 5192 packets received, 7758 bps, 96.97%, Err 0 (0.0e+00)
1373.267 .... 5200 packets received, 7758 bps, 96.97%, Err 0 (0.0e+00)
1375.376 .... 5208 packets received, 7758 bps, 96.97%, Err 0 (0.0e+00)
1377.500 .... 5216 packets received, 7758 bps, 96.97%, Err 0 (0.0e+00)
1379.610 .... 5224 packets received, 7758 bps, 96.97%, Err 0 (0.0e+00)
1381.733 .... 5232 packets received, 7757 bps, 96.97%, Err 0 (0.0e+00)
1383.827 .... 5240 packets received, 7758 bps, 96.97%, Err 0 (0.0e+00)
1385.952 .... 5248 packets received, 7758 bps, 96.97%, Err 0 (0.0e+00)
1388.048 .... 5256 packets received, 7758 bps, 96.97%, Err 0 (0.0e+00)
1390.173 .... 5264 packets received, 7758 bps, 96.97%, Err 0 (0.0e+00)
1392.282 .... 5272 packets received, 7758 bps, 96.97%, Err 0 (0.0e+00)
1394.391 .... 5280 packets received, 7758 bps, 96.97%, Err 0 (0.0e+00)
1396.500 .... 5288 packets received, 7758 bps, 96.97%, Err 0 (0.0e+00)
1398.608 .... 5296 packets received, 7758 bps, 96.97%, Err 0 (0.0e+00)
1400.717 .... 5304 packets received, 7758 bps, 96.97%, Err 0 (0.0e+00)
1402.843 .... 5312 packets received, 7758 bps, 96.97%, Err 0 (0.0e+00)
1404.956 .... 5320 packets received, 7758 bps, 96.97%, Err 0 (0.0e+00)
1407.068 .... 5328 packets received, 7758 bps, 96.97%, Err 0 (0.0e+00)
1409.180 .... 5336 packets received, 7758 bps, 96.97%, Err 0 (0.0e+00)
1411.292 .... 5344 packets received, 7758 bps, 96.97%, Err 0 (0.0e+00)
1413.388 .... 5352 packets received, 7758 bps, 96.97%, Err 0 (0.0e+00)
1415.526 .... 5360 packets received, 7757 bps, 96.97%, Err 0 (0.0e+00)
1417.615 .... 5368 packets received, 7758 bps, 96.97%, Err 0 (0.0e+00)
1419.743 .... 5376 packets received, 7758 bps, 96.97%, Err 0 (0.0e+00)
1421.844 .... 5384 packets received, 7758 bps, 96.97%, Err 0 (0.0e+00)
1423.957 .... 5392 packets received, 7758 bps, 96.97%, Err 0 (0.0e+00)
1426.070 .... 5400 packets received, 7758 bps, 96.97%, Err 0 (0.0e+00)
1428.185 .... 5408 packets received, 7758 bps, 96.97%, Err 0 (0.0e+00)
1430.300 .... 5416 packets received, 7758 bps, 96.97%, Err 0 (0.0e+00)
1432.414 .... 5424 packets received, 7758 bps, 96.97%, Err 0 (0.0e+00)
1434.537 .... 5432 packets received, 7757 bps, 96.97%, Err 0 (0.0e+00)
1436.633 .... 5440 packets received, 7758 bps, 96.97%, Err 0 (0.0e+00)
1438.747 .... 5448 packets received, 7758 bps, 96.97%, Err 0 (0.0e+00)
1440.852 .... 5456 packets received, 7758 bps, 96.97%, Err 0 (0.0e+00)
1442.967 .... 5464 packets received, 7758 bps, 96.97%, Err 0 (0.0e+00)
1445.082 .... 5472 packets received, 7758 bps, 96.97%, Err 0 (0.0e+00)
1447.196 .... 5480 packets received, 7758 bps, 96.97%, Err 0 (0.0e+00)
1449.294 .... 5488 packets received, 7758 bps, 96.97%, Err 0 (0.0e+00)
1451.423 .... 5496 packets received, 7758 bps, 96.97%, Err 0 (0.0e+00)
1453.538 .... 5504 packets received, 7758 bps, 96.97%, Err 0 (0.0e+00)
1455.636 .... 5512 packets received, 7758 bps, 96.97%, Err 0 (0.0e+00)
1457.764 .... 5520 packets received, 7758 bps, 96.97%, Err 0 (0.0e+00)
1459.878 .... 5528 packets received, 7757 bps, 96.97%, Err 0 (0.0e+00)
1461.992 .... 5536 packets received, 7757 bps, 96.97%, Err 0 (0.0e+00)
1464.082 .... 5544 packets received, 7758 bps, 96.97%, Err 0 (0.0e+00)
1466.209 .... 5552 packets received, 7758 bps, 96.97%, Err 0 (0.0e+00)
1468.307 .... 5560 packets received, 7758 bps, 96.97%, Err 0 (0.0e+00)
1470.421 .... 5568 packets received, 7758 bps, 96.97%, Err 0 (0.0e+00)
1472.551 .... 5576 packets received, 7757 bps, 96.97%, Err 0 (0.0e+00)
1474.649 .... 5584 packets received, 7758 bps, 96.97%, Err 0 (0.0e+00)
1476.748 .... 5592 packets received, 7758 bps, 96.97%, Err 0 (0.0e+00)
1478.876 .... 5600 packets received, 7758 bps, 96.97%, Err 0 (0.0e+00)
1480.990 .... 5608 packets received, 7758 bps, 96.97%, Err 0 (0.0e+00)
1483.107 .... 5616 packets received, 7758 bps, 96.97%, Err 0 (0.0e+00)
1485.219 .... 5624 packets received, 7758 bps, 96.97%, Err 0 (0.0e+00)
1487.315 .... 5632 packets received, 7758 bps, 96.97%, Err 0 (0.0e+00)
1489.443 .... 5640 packets received, 7758 bps, 96.97%, Err 0 (0.0e+00)
1491.555 .... 5648 packets received, 7758 bps, 96.97%, Err 0 (0.0e+00)
1493.654 .... 5656 packets received, 7758 bps, 96.97%, Err 0 (0.0e+00)
1495.769 .... 5664 packets received, 7758 bps, 96.97%, Err 0 (0.0e+00)
1497.885 .... 5672 packets received, 7758 bps, 96.97%, Err 0 (0.0e+00)
1500.001 .... 5680 packets received, 7758 bps, 96.97%, Err 0 (0.0e+00)
1502.112 .... 5688 packets received, 7758 bps, 96.97%, Err 0 (0.0e+00)
1504.209 .... 5696 packets received, 7758 bps, 96.97%, Err 0 (0.0e+00)
1506.332 .... 5704 packets received, 7758 bps, 96.97%, Err 0 (0.0e+00)
1508.455 .... 5712 packets received, 7757 bps, 96.97%, Err 0 (0.0e+00)
1510.546 .... 5720 packets received, 7758 bps, 96.97%, Err 0 (0.0e+00)
1512.670 .... 5728 packets received, 7758 bps, 96.97%, Err 0 (0.0e+00)
1514.777 .... 5736 packets received, 7758 bps, 96.97%, Err 0 (0.0e+00)
1516.889 .... 5744 packets received, 7758 bps, 96.97%, Err 0 (0.0e+00)
1518.992 .... 5752 packets received, 7758 bps, 96.97%, Err 0 (0.0e+00)
1521.102 .... 5760 packets received, 7758 bps, 96.97%, Err 0 (0.0e+00)
1523.227 .... 5768 packets received, 7758 bps, 96.97%, Err 0 (0.0e+00)
1525.338 .... 5776 packets received, 7758 bps, 96.97%, Err 0 (0.0e+00)
1527.453 .... 5784 packets received, 7758 bps, 96.97%, Err 0 (0.0e+00)
1529.561 .... 5792 packets received, 7758 bps, 96.97%, Err 0 (0.0e+00)
1531.684 .... 5800 packets received, 7757 bps, 96.97%, Err 0 (0.0e+00)
1533.777 .... 5808 packets received, 7758 bps, 96.97%, Err 0 (0.0e+00)
1535.901 .... 5816 packets received, 7758 bps, 96.97%, Err 0 (0.0e+00)
1538.011 .... 5824 packets received, 7758 bps, 96.97%, Err 0 (0.0e+00)
1540.135 .... 5832 packets received, 7757 bps, 96.97%, Err 0 (0.0e+00)
1542.229 .... 5840 packets received, 7758 bps, 96.97%, Err 0 (0.0e+00)
1544.355 .... 5848 packets received, 7758 bps, 96.97%, Err 0 (0.0e+00)
1546.469 .... 5856 packets received, 7757 bps, 96.97%, Err 0 (0.0e+00)
1548.578 .... 5864 packets received, 7758 bps, 96.97%, Err 0 (0.0e+00)
1550.672 .... 5872 packets received, 7758 bps, 96.97%, Err 0 (0.0e+00)
1552.785 .... 5880 packets received, 7758 bps, 96.97%, Err 0 (0.0e+00)
1554.915 .... 5888 packets received, 7758 bps, 96.97%, Err 0 (0.0e+00)
1557.026 .... 5896 packets received, 7758 bps, 96.97%, Err 0 (0.0e+00)
1559.138 .... 5904 packets received, 7758 bps, 96.97%, Err 0 (0.0e+00)
1561.249 .... 5912 packets received, 7758 bps, 96.97%, Err 0 (0.0e+00)
1563.361 .... 5920 packets received, 7758 bps, 96.97%, Err 0 (0.0e+00)
1565.471 .... 5928 packets received, 7758 bps, 96.97%, Err 0 (0.0e+00)
1567.581 .... 5936 packets received, 7758 bps, 96.97%, Err 0 (0.0e+00)
1569.692 .... 5944 packets received, 7758 bps, 96.97%, Err 0 (0.0e+00)
1571.793 .... 5952 packets received, 7758 bps, 96.97%, Err 0 (0.0e+00)
1573.903 .... 5960 packets received, 7758 bps, 96.97%, Err 0 (0.0e+00)
1576.030 .... 5968 packets received, 7758 bps, 96.97%, Err 0 (0.0e+00)
1578.147 .... 5976 packets received, 7758 bps, 96.97%, Err 0 (0.0e+00)
1580.256 .... 5984 packets received, 7758 bps, 96.97%, Err 0 (0.0e+00)
1582.367 .... 5992 packets received, 7758 bps, 96.97%, Err 0 (0.0e+00)
1584.471 .... 6000 packets received, 7758 bps, 96.97%, Err 0 (0.0e+00)
1586.594 .... 6008 packets received, 7758 bps, 96.97%, Err 0 (0.0e+00)
1588.702 .... 6016 packets received, 7758 bps, 96.97%, Err 0 (0.0e+00)
1590.821 .... 6024 packets received, 7757 bps, 96.97%, Err 0 (0.0e+00)
1592.918 .... 6032 packets received, 7758 bps, 96.97%, Err 0 (0.0e+00)
1595.036 .... 6040 packets received, 7758 bps, 96.97%, Err 0 (0.0e+00)
1597.144 .... 6048 packets received, 7758 bps, 96.97%, Err 0 (0.0e+00)
1599.261 .... 6056 packets received, 7758 bps, 96.97%, Err 0 (0.0e+00)
1601.371 .... 6064 packets received, 7758 bps, 96.97%, Err 0 (0.0e+00)
1603.487 .... 6072 packets received, 7758 bps, 96.97%, Err 0 (0.0e+00)
1605.601 .... 6080 packets received, 7758 bps, 96.97%, Err 0 (0.0e+00)
1607.700 .... 6088 packets received, 7758 bps, 96.97%, Err 0 (0.0e+00)
1609.815 .... 6096 packets received, 7758 bps, 96.97%, Err 0 (0.0e+00)
1611.942 .... 6104 packets received, 7757 bps, 96.97%, Err 0 (0.0e+00)
1614.053 .... 6112 packets received, 7757 bps, 96.97%, Err 0 (0.0e+00)
1616.141 .... 6120 packets received, 7758 bps, 96.97%, Err 0 (0.0e+00)
1618.253 .... 6128 packets received, 7758 bps, 96.97%, Err 0 (0.0e+00)
1620.380 .... 6136 packets received, 7758 bps, 96.97%, Err 0 (0.0e+00)
1622.476 .... 6144 packets received, 7758 bps, 96.97%, Err 0 (0.0e+00)
1624.589 .... 6152 packets received, 7758 bps, 96.97%, Err 0 (0.0e+00)
1626.701 .... 6160 packets received, 7758 bps, 96.97%, Err 0 (0.0e+00)
1628.829 .... 6168 packets received, 7758 bps, 96.97%, Err 0 (0.0e+00)
1630.932 .... 6176 packets received, 7758 bps, 96.97%, Err 0 (0.0e+00)
1633.059 .... 6184 packets received, 7758 bps, 96.97%, Err 0 (0.0e+00)
1635.171 .... 6192 packets received, 7758 bps, 96.97%, Err 0 (0.0e+00)
1637.285 .... 6200 packets received, 7757 bps, 96.97%, Err 0 (0.0e+00)
1639.399 .... 6208 packets received, 7757 bps, 96.97%, Err 0 (0.0e+00)
1641.512 .... 6216 packets received, 7757 bps, 96.97%, Err 0 (0.0e+00)
1643.596 .... 6224 packets received, 7758 bps, 96.97%, Err 0 (0.0e+00)
1645.725 .... 6232 packets received, 7758 bps, 96.97%, Err 0 (0.0e+00)
1647.839 .... 6240 packets received, 7758 bps, 96.97%, Err 0 (0.0e+00)
1649.938 .... 6248 packets received, 7758 bps, 96.97%, Err 0 (0.0e+00)
1652.053 .... 6256 packets received, 7758 bps, 96.97%, Err 0 (0.0e+00)
1654.158 .... 6264 packets received, 7758 bps, 96.97%, Err 0 (0.0e+00)
1656.271 .... 6272 packets received, 7758 bps, 96.97%, Err 0 (0.0e+00)
1658.400 .... 6280 packets received, 7758 bps, 96.97%, Err 0 (0.0e+00)
1660.500 .... 6288 packets received, 7758 bps, 96.97%, Err 0 (0.0e+00)
1662.616 .... 6296 packets received, 7758 bps, 96.97%, Err 0 (0.0e+00)
1664.729 .... 6304 packets received, 7758 bps, 96.97%, Err 0 (0.0e+00)
1666.829 .... 6312 packets received, 7758 bps, 96.97%, Err 0 (0.0e+00)
1668.952 .... 6320 packets received, 7758 bps, 96.97%, Err 0 (0.0e+00)
1671.066 .... 6328 packets received, 7758 bps, 96.97%, Err 0 (0.0e+00)
1673.186 .... 6336 packets received, 7758 bps, 96.97%, Err 0 (0.0e+00)
1675.284 .... 6344 packets received, 7758 bps, 96.97%, Err 0 (0.0e+00)
1677.403 .... 6352 packets received, 7758 bps, 96.97%, Err 0 (0.0e+00)
1679.516 .... 6360 packets received, 7758 bps, 96.97%, Err 0 (0.0e+00)
1681.631 .... 6368 packets received, 7758 bps, 96.97%, Err 0 (0.0e+00)
1683.742 .... 6376 packets received, 7758 bps, 96.97%, Err 0 (0.0e+00)
1685.842 .... 6384 packets received, 7758 bps, 96.97%, Err 0 (0.0e+00)
1687.970 .... 6392 packets received, 7758 bps, 96.97%, Err 0 (0.0e+00)
1690.084 .... 6400 packets received, 7758 bps, 96.97%, Err 0 (0.0e+00)
1692.182 .... 6408 packets received, 7758 bps, 96.97%, Err 0 (0.0e+00)
1694.310 .... 6416 packets received, 7757 bps, 96.97%, Err 0 (0.0e+00)
1696.410 .... 6424 packets received, 7758 bps, 96.97%, Err 0 (0.0e+00)
1698.521 .... 6432 packets received, 7758 bps, 96.97%, Err 0 (0.0e+00)
1700.632 .... 6440 packets received, 7758 bps, 96.97%, Err 0 (0.0e+00)
1702.741 .... 6448 packets received, 7758 bps, 96.97%, Err 0 (0.0e+00)
1704.849 .... 6456 packets received, 7758 bps, 96.97%, Err 0 (0.0e+00)
1706.972 .... 6464 packets received, 7758 bps, 96.97%, Err 0 (0.0e+00)
1709.081 .... 6472 packets received, 7758 bps, 96.97%, Err 0 (0.0e+00)
1711.203 .... 6480 packets received, 7758 bps, 96.97%, Err 0 (0.0e+00)
1713.315 .... 6488 packets received, 7758 bps, 96.97%, Err 0 (0.0e+00)
1715.432 .... 6496 packets received, 7757 bps, 96.97%, Err 0 (0.0e+00)
1717.540 .... 6504 packets received, 7758 bps, 96.97%, Err 0 (0.0e+00)
1719.633 .... 6512 packets received, 7758 bps, 96.97%, Err 0 (0.0e+00)
1721.747 .... 6520 packets received, 7758 bps, 96.97%, Err 0 (0.0e+00)
1723.872 .... 6528 packets received, 7758 bps, 96.97%, Err 0 (0.0e+00)
1725.973 .... 6536 packets received, 7758 bps, 96.97%, Err 0 (0.0e+00)
1728.099 .... 6544 packets received, 7758 bps, 96.97%, Err 0 (0.0e+00)
1730.211 .... 6552 packets received, 7758 bps, 96.97%, Err 0 (0.0e+00)
1732.304 .... 6560 packets received, 7758 bps, 96.97%, Err 0 (0.0e+00)
1734.415 .... 6568 packets received, 7758 bps, 96.97%, Err 0 (0.0e+00)
1736.535 .... 6576 packets received, 7758 bps, 96.97%, Err 0 (0.0e+00)
1738.640 .... 6584 packets received, 7758 bps, 96.97%, Err 0 (0.0e+00)
1740.749 .... 6592 packets received, 7758 bps, 96.97%, Err 0 (0.0e+00)
1742.862 .... 6600 packets received, 7758 bps, 96.97%, Err 0 (0.0e+00)
1744.985 .... 6608 packets received, 7758 bps, 96.97%, Err 0 (0.0e+00)
1747.096 .... 6616 packets received, 7758 bps, 96.97%, Err 0 (0.0e+00)
1749.222 .... 6624 packets received, 7758 bps, 96.97%, Err 0 (0.0e+00)
1751.332 .... 6632 packets received, 7758 bps, 96.97%, Err 0 (0.0e+00)
1753.443 .... 6640 packets received, 7758 bps, 96.97%, Err 0 (0.0e+00)
1755.553 .... 6648 packets received, 7758 bps, 96.97%, Err 0 (0.0e+00)
1757.664 .... 6656 packets received, 7758 bps, 96.97%, Err 0 (0.0e+00)
1759.772 .... 6664 packets received, 7758 bps, 96.97%, Err 0 (0.0e+00)
1761.880 .... 6672 packets received, 7758 bps, 96.97%, Err 0 (0.0e+00)
1764.007 .... 6680 packets received, 7757 bps, 96.97%, Err 0 (0.0e+00)
1766.117 .... 6688 packets received, 7758 bps, 96.97%, Err 0 (0.0e+00)
1768.226 .... 6696 packets received, 7758 bps, 96.97%, Err 0 (0.0e+00)
1770.334 .... 6704 packets received, 7758 bps, 96.97%, Err 0 (0.0e+00)
1772.427 .... 6712 packets received, 7758 bps, 96.97%, Err 0 (0.0e+00)
1774.567 .... 6720 packets received, 7757 bps, 96.97%, Err 0 (0.0e+00)
1776.676 .... 6728 packets received, 7758 bps, 96.97%, Err 0 (0.0e+00)
1778.786 .... 6736 packets received, 7758 bps, 96.97%, Err 0 (0.0e+00)
1780.895 .... 6744 packets received, 7758 bps, 96.97%, Err 0 (0.0e+00)
1783.006 .... 6752 packets received, 7758 bps, 96.97%, Err 0 (0.0e+00)
1785.117 .... 6760 packets received, 7758 bps, 96.97%, Err 0 (0.0e+00)
1787.212 .... 6768 packets received, 7758 bps, 96.97%, Err 0 (0.0e+00)
1789.353 .... 6776 packets received, 7757 bps, 96.97%, Err 0 (0.0e+00)
1791.462 .... 6784 packets received, 7758 bps, 96.97%, Err 0 (0.0e+00)
1793.554 .... 6792 packets received, 7758 bps, 96.97%, Err 0 (0.0e+00)
1795.678 .... 6800 packets received, 7758 bps, 96.97%, Err 0 (0.0e+00)
1797.789 .... 6808 packets received, 7758 bps, 96.97%, Err 0 (0.0e+00)
1799.904 .... 6816 packets received, 7758 bps, 96.97%, Err 0 (0.0e+00)
1802.017 .... 6824 packets received, 7758 bps, 96.97%, Err 0 (0.0e+00)
1804.134 .... 6832 packets received, 7758 bps, 96.97%, Err 0 (0.0e+00)
1806.247 .... 6840 packets received, 7757 bps, 96.97%, Err 0 (0.0e+00)
1808.345 .... 6848 packets received, 7758 bps, 96.97%, Err 0 (0.0e+00)
1810.458 .... 6856 packets received, 7758 bps, 96.97%, Err 0 (0.0e+00)
1812.557 .... 6864 packets received, 7758 bps, 96.97%, Err 0 (0.0e+00)
1814.691 .... 6872 packets received, 7758 bps, 96.97%, Err 0 (0.0e+00)
1816.798 .... 6880 packets received, 7758 bps, 96.97%, Err 0 (0.0e+00)
1818.899 .... 6888 packets received, 7758 bps, 96.97%, Err 0 (0.0e+00)
1821.012 .... 6896 packets received, 7758 bps, 96.97%, Err 0 (0.0e+00)
1823.126 .... 6904 packets received, 7758 bps, 96.97%, Err 0 (0.0e+00)
1825.240 .... 6912 packets received, 7758 bps, 96.97%, Err 0 (0.0e+00)
1827.354 .... 6920 packets received, 7758 bps, 96.97%, Err 0 (0.0e+00)
1829.467 .... 6928 packets received, 7758 bps, 96.97%, Err 0 (0.0e+00)
1831.582 .... 6936 packets received, 7758 bps, 96.97%, Err 0 (0.0e+00)
1833.695 .... 6944 packets received, 7758 bps, 96.97%, Err 0 (0.0e+00)
1835.808 .... 6952 packets received, 7758 bps, 96.97%, Err 0 (0.0e+00)
1837.923 .... 6960 packets received, 7758 bps, 96.97%, Err 0 (0.0e+00)
1840.022 .... 6968 packets received, 7758 bps, 96.97%, Err 0 (0.0e+00)
1842.136 .... 6976 packets received, 7758 bps, 96.97%, Err 0 (0.0e+00)
1844.265 .... 6984 packets received, 7757 bps, 96.97%, Err 0 (0.0e+00)
1846.363 .... 6992 packets received, 7758 bps, 96.97%, Err 0 (0.0e+00)
1848.477 .... 7000 packets received, 7758 bps, 96.97%, Err 0 (0.0e+00)
1850.591 .... 7008 packets received, 7758 bps, 96.97%, Err 0 (0.0e+00)
1852.705 .... 7016 packets received, 7758 bps, 96.97%, Err 0 (0.0e+00)
1854.804 .... 7024 packets received, 7758 bps, 96.97%, Err 0 (0.0e+00)
1856.934 .... 7032 packets received, 7758 bps, 96.97%, Err 0 (0.0e+00)
1859.048 .... 7040 packets received, 7757 bps, 96.97%, Err 0 (0.0e+00)
1861.161 .... 7048 packets received, 7757 bps, 96.97%, Err 0 (0.0e+00)
1863.260 .... 7056 packets received, 7758 bps, 96.97%, Err 0 (0.0e+00)
1865.375 .... 7064 packets received, 7758 bps, 96.97%, Err 0 (0.0e+00)
1867.488 .... 7072 packets received, 7758 bps, 96.97%, Err 0 (0.0e+00)
1869.585 .... 7080 packets received, 7758 bps, 96.97%, Err 0 (0.0e+00)
1871.714 .... 7088 packets received, 7758 bps, 96.97%, Err 0 (0.0e+00)
1873.812 .... 7096 packets received, 7758 bps, 96.97%, Err 0 (0.0e+00)
1875.940 .... 7104 packets received, 7758 bps, 96.97%, Err 0 (0.0e+00)
1878.054 .... 7112 packets received, 7758 bps, 96.97%, Err 0 (0.0e+00)
1880.166 .... 7120 packets received, 7758 bps, 96.97%, Err 0 (0.0e+00)
1882.265 .... 7128 packets received, 7758 bps, 96.97%, Err 0 (0.0e+00)
1884.392 .... 7136 packets received, 7757 bps, 96.97%, Err 0 (0.0e+00)
1886.490 .... 7144 packets received, 7758 bps, 96.97%, Err 0 (0.0e+00)
1888.616 .... 7152 packets received, 7757 bps, 96.97%, Err 0 (0.0e+00)
1890.715 .... 7160 packets received, 7758 bps, 96.97%, Err 0 (0.0e+00)
1892.828 .... 7168 packets received, 7758 bps, 96.97%, Err 0 (0.0e+00)
1894.939 .... 7176 packets received, 7758 bps, 96.97%, Err 0 (0.0e+00)
1897.036 .... 7184 packets received, 7758 bps, 96.97%, Err 0 (0.0e+00)
1899.164 .... 7192 packets received, 7758 bps, 96.97%, Err 0 (0.0e+00)
1901.273 .... 7200 packets received, 7758 bps, 96.97%, Err 0 (0.0e+00)
1903.396 .... 7208 packets received, 7758 bps, 96.97%, Err 0 (0.0e+00)
1905.506 .... 7216 packets received, 7758 bps, 96.97%, Err 0 (0.0e+00)
1907.613 .... 7224 packets received, 7758 bps, 96.97%, Err 0 (0.0e+00)
1909.722 .... 7232 packets received, 7758 bps, 96.97%, Err 0 (0.0e+00)
1911.848 .... 7240 packets received, 7757 bps, 96.97%, Err 0 (0.0e+00)
1913.958 .... 7248 packets received, 7758 bps, 96.97%, Err 0 (0.0e+00)
1916.068 .... 7256 packets received, 7758 bps, 96.97%, Err 0 (0.0e+00)
1918.177 .... 7264 packets received, 7758 bps, 96.97%, Err 0 (0.0e+00)
1920.287 .... 7272 packets received, 7758 bps, 96.97%, Err 0 (0.0e+00)
1922.390 .... 7280 packets received, 7758 bps, 96.97%, Err 0 (0.0e+00)
1924.516 .... 7288 packets received, 7758 bps, 96.97%, Err 0 (0.0e+00)
1926.623 .... 7296 packets received, 7758 bps, 96.97%, Err 0 (0.0e+00)
1928.733 .... 7304 packets received, 7758 bps, 96.97%, Err 0 (0.0e+00)
1930.843 .... 7312 packets received, 7758 bps, 96.97%, Err 0 (0.0e+00)
1932.954 .... 7320 packets received, 7758 bps, 96.97%, Err 0 (0.0e+00)
1935.066 .... 7328 packets received, 7758 bps, 96.97%, Err 0 (0.0e+00)
1937.175 .... 7336 packets received, 7758 bps, 96.97%, Err 0 (0.0e+00)
1939.285 .... 7344 packets received, 7758 bps, 96.97%, Err 0 (0.0e+00)
1941.411 .... 7352 packets received, 7758 bps, 96.97%, Err 0 (0.0e+00)
1943.521 .... 7360 packets received, 7758 bps, 96.97%, Err 0 (0.0e+00)
1945.630 .... 7368 packets received, 7758 bps, 96.97%, Err 0 (0.0e+00)
1947.740 .... 7376 packets received, 7758 bps, 96.97%, Err 0 (0.0e+00)
1949.851 .... 7384 packets received, 7758 bps, 96.97%, Err 0 (0.0e+00)
1951.976 .... 7392 packets received, 7758 bps, 96.97%, Err 0 (0.0e+00)
1954.072 .... 7400 packets received, 7758 bps, 96.97%, Err 0 (0.0e+00)
1956.197 .... 7408 packets received, 7758 bps, 96.97%, Err 0 (0.0e+00)
1958.308 .... 7416 packets received, 7758 bps, 96.97%, Err 0 (0.0e+00)
1960.417 .... 7424 packets received, 7758 bps, 96.97%, Err 0 (0.0e+00)
1962.511 .... 7432 packets received, 7758 bps, 96.97%, Err 0 (0.0e+00)
1964.636 .... 7440 packets received, 7758 bps, 96.97%, Err 0 (0.0e+00)
1966.761 .... 7448 packets received, 7757 bps, 96.97%, Err 0 (0.0e+00)
1968.871 .... 7456 packets received, 7758 bps, 96.97%, Err 0 (0.0e+00)
1970.966 .... 7464 packets received, 7758 bps, 96.97%, Err 0 (0.0e+00)
1973.075 .... 7472 packets received, 7758 bps, 96.97%, Err 0 (0.0e+00)
1975.199 .... 7480 packets received, 7758 bps, 96.97%, Err 0 (0.0e+00)
1977.308 .... 7488 packets received, 7758 bps, 96.97%, Err 0 (0.0e+00)
1979.418 .... 7496 packets received, 7758 bps, 96.97%, Err 0 (0.0e+00)
1981.527 .... 7504 packets received, 7758 bps, 96.97%, Err 0 (0.0e+00)
1983.637 .... 7512 packets received, 7758 bps, 96.97%, Err 0 (0.0e+00)
1985.747 .... 7520 packets received, 7758 bps, 96.97%, Err 0 (0.0e+00)
1987.871 .... 7528 packets received, 7758 bps, 96.97%, Err 0 (0.0e+00)
1989.980 .... 7536 packets received, 7758 bps, 96.97%, Err 0 (0.0e+00)
1992.104 .... 7544 packets received, 7758 bps, 96.97%, Err 0 (0.0e+00)
1994.199 .... 7552 packets received, 7758 bps, 96.97%, Err 0 (0.0e+00)
1996.307 .... 7560 packets received, 7758 bps, 96.97%, Err 0 (0.0e+00)
1998.415 .... 7568 packets received, 7758 bps, 96.97%, Err 0 (0.0e+00)
2000.540 .... 7576 packets received, 7758 bps, 96.97%, Err 0 (0.0e+00)
2002.654 .... 7584 packets received, 7758 bps, 96.97%, Err 0 (0.0e+00)
2004.767 .... 7592 packets received, 7758 bps, 96.97%, Err 0 (0.0e+00)
2006.880 .... 7600 packets received, 7758 bps, 96.97%, Err 0 (0.0e+00)
2008.995 .... 7608 packets received, 7758 bps, 96.97%, Err 0 (0.0e+00)
2011.109 .... 7616 packets received, 7758 bps, 96.97%, Err 0 (0.0e+00)
2013.223 .... 7624 packets received, 7758 bps, 96.97%, Err 0 (0.0e+00)
2015.334 .... 7632 packets received, 7758 bps, 96.97%, Err 0 (0.0e+00)
2017.434 .... 7640 packets received, 7758 bps, 96.97%, Err 0 (0.0e+00)
2019.547 .... 7648 packets received, 7758 bps, 96.97%, Err 0 (0.0e+00)
2021.646 .... 7656 packets received, 7758 bps, 96.97%, Err 0 (0.0e+00)
2023.776 .... 7664 packets received, 7758 bps, 96.97%, Err 0 (0.0e+00)
2025.875 .... 7672 packets received, 7758 bps, 96.97%, Err 0 (0.0e+00)
2028.003 .... 7680 packets received, 7758 bps, 96.97%, Err 0 (0.0e+00)
2030.101 .... 7688 packets received, 7758 bps, 96.97%, Err 0 (0.0e+00)
2032.230 .... 7696 packets received, 7758 bps, 96.97%, Err 0 (0.0e+00)
2034.344 .... 7704 packets received, 7758 bps, 96.97%, Err 0 (0.0e+00)
2036.443 .... 7712 packets received, 7758 bps, 96.97%, Err 0 (0.0e+00)
2038.542 .... 7720 packets received, 7758 bps, 96.97%, Err 0 (0.0e+00)
2040.656 .... 7728 packets received, 7758 bps, 96.97%, Err 0 (0.0e+00)
2042.785 .... 7736 packets received, 7758 bps, 96.97%, Err 0 (0.0e+00)
2044.900 .... 7744 packets received, 7758 bps, 96.97%, Err 0 (0.0e+00)
2047.013 .... 7752 packets received, 7758 bps, 96.97%, Err 0 (0.0e+00)
2049.127 .... 7760 packets received, 7758 bps, 96.97%, Err 0 (0.0e+00)
2051.241 .... 7768 packets received, 7758 bps, 96.97%, Err 0 (0.0e+00)
2053.339 .... 7776 packets received, 7758 bps, 96.97%, Err 0 (0.0e+00)
2055.452 .... 7784 packets received, 7758 bps, 96.97%, Err 0 (0.0e+00)
2057.564 .... 7792 packets received, 7758 bps, 96.97%, Err 0 (0.0e+00)
2059.674 .... 7800 packets received, 7758 bps, 96.97%, Err 0 (0.0e+00)
2061.786 .... 7808 packets received, 7758 bps, 96.97%, Err 0 (0.0e+00)
2063.893 .... 7816 packets received, 7758 bps, 96.97%, Err 0 (0.0e+00)
2066.008 .... 7824 packets received, 7758 bps, 96.97%, Err 0 (0.0e+00)
2068.117 .... 7832 packets received, 7758 bps, 96.97%, Err 0 (0.0e+00)
2070.220 .... 7840 packets received, 7758 bps, 96.97%, Err 0 (0.0e+00)
2072.345 .... 7848 packets received, 7758 bps, 96.97%, Err 0 (0.0e+00)
2074.445 .... 7856 packets received, 7758 bps, 96.97%, Err 0 (0.0e+00)
2076.572 .... 7864 packets received, 7758 bps, 96.97%, Err 0 (0.0e+00)
2078.687 .... 7872 packets received, 7758 bps, 96.97%, Err 0 (0.0e+00)
2080.806 .... 7880 packets received, 7758 bps, 96.97%, Err 0 (0.0e+00)
2082.905 .... 7888 packets received, 7758 bps, 96.97%, Err 0 (0.0e+00)
2085.008 .... 7896 packets received, 7758 bps, 96.97%, Err 0 (0.0e+00)
2087.122 .... 7904 packets received, 7758 bps, 96.97%, Err 0 (0.0e+00)
2089.249 .... 7912 packets received, 7758 bps, 96.97%, Err 0 (0.0e+00)
2091.361 .... 7920 packets received, 7758 bps, 96.97%, Err 0 (0.0e+00)
2093.458 .... 7928 packets received, 7758 bps, 96.97%, Err 0 (0.0e+00)
2095.570 .... 7936 packets received, 7758 bps, 96.97%, Err 0 (0.0e+00)
2097.681 .... 7944 packets received, 7758 bps, 96.97%, Err 0 (0.0e+00)
2099.809 .... 7952 packets received, 7758 bps, 96.97%, Err 0 (0.0e+00)
2101.909 .... 7960 packets received, 7758 bps, 96.97%, Err 0 (0.0e+00)
