./selective -a -log a.log 
=========================================================================
                          Station A                                 
-------------------------------------------------------------------------
Protocol.lib, version 3.0, Build: Oct 19 2009 (jiangy@public3.bta.net.cn)
Channel: 8000 bps, 270 ms propagation delay, bit error rate 1.0E-05
Log file "a.log", TCP port 59144, debug mask 0x00
Station A is waiting for station B on TCP port 59144 ... Done.
New epoch: Sun Nov 22 11:24:24 2009
=========================================================================
Designed by JackalDire
3.431 .... 8 packets received, 7758 bps, 96.97%, Err 0 (0.0e+00)
5.557 .... 16 packets received, 7732 bps, 96.65%, Err 1 (2.8e-05)
7.667 .... 24 packets received, 7743 bps, 96.79%, Err 1 (1.9e-05)
9.780 .... 32 packets received, 7746 bps, 96.82%, Err 1 (1.4e-05)
11.892 .... 40 packets received, 7748 bps, 96.85%, Err 1 (1.2e-05)
14.003 .... 48 packets received, 7750 bps, 96.88%, Err 1 (9.7e-06)
16.114 .... 56 packets received, 7752 bps, 96.90%, Err 1 (8.3e-06)
18.225 .... 64 packets received, 7753 bps, 96.91%, Err 1 (7.3e-06)
20.337 .... 72 packets received, 7753 bps, 96.92%, Err 1 (6.5e-06)
22.463 .... 80 packets received, 7749 bps, 96.86%, Err 1 (5.8e-06)
24.574 .... 88 packets received, 7750 bps, 96.87%, Err 1 (5.3e-06)
26.684 .... 96 packets received, 7751 bps, 96.89%, Err 1 (4.9e-06)
30.115 .... 104 packets received, 7397 bps, 92.46%, Err 2 (8.6e-06)
32.256 .... 115 packets received, 7613 bps, 95.16%, Err 2 (8.1e-06)
34.367 .... 123 packets received, 7622 bps, 95.28%, Err 2 (7.6e-06)
36.478 .... 131 packets received, 7631 bps, 95.38%, Err 3 (1.1e-05)
38.588 .... 139 packets received, 7638 bps, 95.48%, Err 3 (1.0e-05)
40.698 .... 147 packets received, 7645 bps, 95.56%, Err 3 (9.5e-06)
42.823 .... 155 packets received, 7648 bps, 95.61%, Err 3 (9.0e-06)
44.933 .... 163 packets received, 7654 bps, 95.68%, Err 3 (8.6e-06)
47.043 .... 171 packets received, 7659 bps, 95.74%, Err 3 (8.2e-06)
49.156 .... 179 packets received, 7663 bps, 95.79%, Err 3 (7.8e-06)
51.266 .... 187 packets received, 7668 bps, 95.85%, Err 3 (7.5e-06)
53.376 .... 195 packets received, 7672 bps, 95.89%, Err 3 (7.2e-06)
55.490 .... 203 packets received, 7675 bps, 95.93%, Err 3 (6.9e-06)
57.603 .... 211 packets received, 7678 bps, 95.97%, Err 3 (6.7e-06)
59.716 .... 219 packets received, 7680 bps, 96.00%, Err 3 (6.4e-06)
61.826 .... 227 packets received, 7683 bps, 96.04%, Err 3 (6.2e-06)
63.951 .... 235 packets received, 7684 bps, 96.05%, Err 3 (6.0e-06)
66.578 .... 240 packets received, 7532 bps, 94.15%, Err 4 (7.7e-06)
68.718 .... 247 packets received, 7505 bps, 93.82%, Err 5 (9.3e-06)
70.844 .... 258 packets received, 7600 bps, 95.00%, Err 5 (9.0e-06)
72.962 .... 266 packets received, 7604 bps, 95.05%, Err 5 (8.8e-06)
75.072 .... 274 packets received, 7609 bps, 95.11%, Err 5 (8.5e-06)
77.182 .... 282 packets received, 7613 bps, 95.16%, Err 5 (8.3e-06)
79.293 .... 290 packets received, 7617 bps, 95.21%, Err 5 (8.0e-06)
81.419 .... 298 packets received, 7619 bps, 95.24%, Err 5 (7.8e-06)
84.851 .... 306 packets received, 7502 bps, 93.78%, Err 6 (9.0e-06)
86.977 .... 317 packets received, 7579 bps, 94.74%, Err 6 (8.8e-06)
89.088 .... 325 packets received, 7584 bps, 94.79%, Err 6 (8.6e-06)
91.199 .... 333 packets received, 7588 bps, 94.85%, Err 6 (8.4e-06)
93.310 .... 341 packets received, 7592 bps, 94.90%, Err 6 (8.2e-06)
95.421 .... 349 packets received, 7596 bps, 94.94%, Err 6 (8.0e-06)
97.547 .... 357 packets received, 7598 bps, 94.97%, Err 6 (7.8e-06)
99.658 .... 365 packets received, 7601 bps, 95.02%, Err 6 (7.7e-06)
104.483 .... 369 packets received, 7325 bps, 91.57%, Err 6 (7.6e-06)
108.564 .... 370 packets received, 7066 bps, 88.32%, Err 6 (7.6e-06)
112.597 .... 371 packets received, 6828 bps, 85.35%, Err 6 (7.6e-06)
116.674 .... 372 packets received, 6604 bps, 82.56%, Err 6 (7.5e-06)
120.767 .... 373 packets received, 6395 bps, 79.94%, Err 6 (7.5e-06)
124.860 .... 374 packets received, 6200 bps, 77.50%, Err 6 (7.5e-06)
128.910 .... 375 packets received, 6019 bps, 75.24%, Err 6 (7.5e-06)
132.990 .... 376 packets received, 5848 bps, 73.10%, Err 6 (7.4e-06)
137.055 .... 377 packets received, 5688 bps, 71.10%, Err 6 (7.4e-06)
141.182 .... 378 packets received, 5535 bps, 69.19%, Err 6 (7.4e-06)
145.276 .... 379 packets received, 5392 bps, 67.40%, Err 6 (7.4e-06)
149.444 .... 380 packets received, 5254 bps, 65.67%, Err 6 (7.4e-06)
153.551 .... 381 packets received, 5126 bps, 64.07%, Err 6 (7.3e-06)
157.661 .... 382 packets received, 5004 bps, 62.55%, Err 6 (7.3e-06)
161.726 .... 383 packets received, 4890 bps, 61.12%, Err 6 (7.3e-06)
165.837 .... 384 packets received, 4780 bps, 59.75%, Err 6 (7.3e-06)
169.904 .... 385 packets received, 4677 bps, 58.46%, Err 6 (7.3e-06)
174.077 .... 386 packets received, 4576 bps, 57.20%, Err 6 (7.2e-06)
178.157 .... 387 packets received, 4482 bps, 56.02%, Err 6 (7.2e-06)
182.194 .... 388 packets received, 4393 bps, 54.92%, Err 6 (7.2e-06)
186.317 .... 389 packets received, 4306 bps, 53.83%, Err 6 (7.2e-06)
190.454 .... 390 packets received, 4223 bps, 52.79%, Err 6 (7.2e-06)
194.474 .... 391 packets received, 4146 bps, 51.82%, Err 6 (7.1e-06)
198.552 .... 392 packets received, 4070 bps, 50.88%, Err 6 (7.1e-06)
200.800 .... 394 packets received, 4045 bps, 50.56%, Err 6 (7.1e-06)
202.918 .... 402 packets received, 4084 bps, 51.05%, Err 6 (6.9e-06)
205.028 .... 410 packets received, 4122 bps, 51.52%, Err 6 (6.8e-06)
207.140 .... 418 packets received, 4159 bps, 51.99%, Err 6 (6.7e-06)
209.250 .... 426 packets received, 4196 bps, 52.45%, Err 6 (6.5e-06)
211.373 .... 434 packets received, 4231 bps, 52.89%, Err 6 (6.4e-06)
213.484 .... 442 packets received, 4267 bps, 53.33%, Err 6 (6.3e-06)
215.595 .... 450 packets received, 4301 bps, 53.76%, Err 6 (6.2e-06)
217.706 .... 458 packets received, 4335 bps, 54.18%, Err 6 (6.1e-06)
219.819 .... 466 packets received, 4368 bps, 54.60%, Err 6 (6.0e-06)
222.447 .... 472 packets received, 4371 bps, 54.64%, Err 7 (6.8e-06)
224.558 .... 483 packets received, 4431 bps, 55.39%, Err 7 (6.7e-06)
227.475 .... 490 packets received, 4437 bps, 55.47%, Err 8 (7.5e-06)
229.573 .... 497 packets received, 4459 bps, 55.74%, Err 9 (8.3e-06)
231.698 .... 508 packets received, 4516 bps, 56.45%, Err 9 (8.2e-06)
233.808 .... 516 packets received, 4545 bps, 56.82%, Err 9 (8.1e-06)
235.922 .... 524 packets received, 4574 bps, 57.18%, Err 9 (8.0e-06)
238.031 .... 531 packets received, 4594 bps, 57.43%, Err 10 (8.7e-06)
240.144 .... 539 packets received, 4622 bps, 57.78%, Err 10 (8.6e-06)
244.107 .... 547 packets received, 4614 bps, 57.68%, Err 11 (9.2e-06)
246.202 .... 558 packets received, 4667 bps, 58.33%, Err 11 (9.1e-06)
248.312 .... 566 packets received, 4693 bps, 58.66%, Err 11 (9.0e-06)
250.407 .... 574 packets received, 4719 bps, 58.99%, Err 11 (8.9e-06)
252.518 .... 582 packets received, 4745 bps, 59.31%, Err 11 (8.7e-06)
254.647 .... 590 packets received, 4770 bps, 59.62%, Err 11 (8.6e-06)
256.756 .... 598 packets received, 4795 bps, 59.93%, Err 12 (9.3e-06)
258.873 .... 606 packets received, 4819 bps, 60.23%, Err 12 (9.2e-06)
260.971 .... 614 packets received, 4843 bps, 60.54%, Err 12 (9.1e-06)
263.096 .... 622 packets received, 4866 bps, 60.83%, Err 12 (8.9e-06)
265.464 .... 627 packets received, 4861 bps, 60.77%, Err 13 (9.5e-06)
267.574 .... 638 packets received, 4907 bps, 61.34%, Err 13 (9.4e-06)
269.688 .... 645 packets received, 4922 bps, 61.53%, Err 14 (1.0e-05)
271.801 .... 653 packets received, 4944 bps, 61.80%, Err 14 (9.9e-06)
273.925 .... 661 packets received, 4966 bps, 62.07%, Err 14 (9.8e-06)
276.035 .... 669 packets received, 4987 bps, 62.34%, Err 14 (9.7e-06)
278.145 .... 677 packets received, 5009 bps, 62.61%, Err 14 (9.6e-06)
280.256 .... 685 packets received, 5029 bps, 62.87%, Err 14 (9.5e-06)
282.366 .... 693 packets received, 5050 bps, 63.12%, Err 14 (9.4e-06)
284.466 .... 701 packets received, 5070 bps, 63.38%, Err 14 (9.3e-06)
287.109 .... 707 packets received, 5066 bps, 63.33%, Err 15 (9.8e-06)
289.234 .... 718 packets received, 5107 bps, 63.84%, Err 15 (9.7e-06)
291.347 .... 726 packets received, 5127 bps, 64.08%, Err 15 (9.6e-06)
293.443 .... 734 packets received, 5146 bps, 64.32%, Err 15 (9.5e-06)
295.567 .... 742 packets received, 5164 bps, 64.56%, Err 15 (9.4e-06)
297.665 .... 750 packets received, 5183 bps, 64.79%, Err 15 (9.3e-06)
299.789 .... 758 packets received, 5201 bps, 65.01%, Err 15 (9.2e-06)
304.661 .... 762 packets received, 5145 bps, 64.31%, Err 15 (9.1e-06)
308.787 .... 763 packets received, 5082 bps, 63.53%, Err 15 (9.1e-06)
312.827 .... 764 packets received, 5023 bps, 62.79%, Err 15 (9.1e-06)
316.891 .... 765 packets received, 4965 bps, 62.06%, Err 15 (9.1e-06)
321.000 .... 766 packets received, 4907 bps, 61.34%, Err 15 (9.1e-06)
325.138 .... 767 packets received, 4851 bps, 60.64%, Err 15 (9.1e-06)
329.279 .... 768 packets received, 4796 bps, 59.95%, Err 15 (9.1e-06)
333.468 .... 769 packets received, 4742 bps, 59.27%, Err 15 (9.0e-06)
338.335 .... 770 packets received, 4679 bps, 58.49%, Err 16 (9.6e-06)
341.685 .... 771 packets received, 4639 bps, 57.99%, Err 16 (9.6e-06)
345.722 .... 772 packets received, 4591 bps, 57.38%, Err 16 (9.6e-06)
351.758 .... 773 packets received, 4517 bps, 56.47%, Err 17 (1.0e-05)
353.911 .... 774 packets received, 4496 bps, 56.20%, Err 17 (1.0e-05)
358.083 .... 775 packets received, 4449 bps, 55.61%, Err 17 (1.0e-05)
362.258 .... 776 packets received, 4403 bps, 55.04%, Err 17 (1.0e-05)
366.382 .... 777 packets received, 4359 bps, 54.49%, Err 17 (1.0e-05)
370.535 .... 778 packets received, 4315 bps, 53.94%, Err 17 (1.0e-05)
374.582 .... 779 packets received, 4274 bps, 53.43%, Err 17 (1.0e-05)
378.618 .... 780 packets received, 4234 bps, 52.92%, Err 17 (1.0e-05)
382.650 .... 781 packets received, 4194 bps, 52.43%, Err 17 (1.0e-05)
386.865 .... 782 packets received, 4154 bps, 51.92%, Err 17 (1.0e-05)
390.943 .... 783 packets received, 4116 bps, 51.45%, Err 17 (1.0e-05)
395.188 .... 784 packets received, 4077 bps, 50.96%, Err 17 (1.0e-05)
399.251 .... 785 packets received, 4040 bps, 50.50%, Err 17 (1.0e-05)
401.345 .... 789 packets received, 4039 bps, 50.49%, Err 17 (9.9e-06)
403.454 .... 797 packets received, 4059 bps, 50.74%, Err 17 (9.8e-06)
405.839 .... 801 packets received, 4055 bps, 50.69%, Err 18 (1.0e-05)
407.948 .... 811 packets received, 4085 bps, 51.06%, Err 18 (1.0e-05)
410.057 .... 819 packets received, 4104 bps, 51.30%, Err 18 (1.0e-05)
412.168 .... 827 packets received, 4122 bps, 51.53%, Err 19 (1.1e-05)
414.263 .... 835 packets received, 4141 bps, 51.76%, Err 19 (1.0e-05)
416.373 .... 843 packets received, 4160 bps, 52.00%, Err 19 (1.0e-05)
418.485 .... 851 packets received, 4178 bps, 52.22%, Err 19 (1.0e-05)
420.872 .... 856 packets received, 4178 bps, 52.23%, Err 20 (1.1e-05)
422.981 .... 867 packets received, 4211 bps, 52.64%, Err 20 (1.1e-05)
425.092 .... 875 packets received, 4229 bps, 52.86%, Err 20 (1.1e-05)
427.217 .... 883 packets received, 4246 bps, 53.08%, Err 20 (1.0e-05)
429.327 .... 891 packets received, 4263 bps, 53.29%, Err 20 (1.0e-05)
431.439 .... 899 packets received, 4281 bps, 53.51%, Err 20 (1.0e-05)
433.548 .... 907 packets received, 4298 bps, 53.72%, Err 20 (1.0e-05)
435.658 .... 915 packets received, 4314 bps, 53.93%, Err 20 (1.0e-05)
437.754 .... 923 packets received, 4331 bps, 54.14%, Err 20 (1.0e-05)
439.878 .... 931 packets received, 4348 bps, 54.35%, Err 20 (9.9e-06)
442.003 .... 939 packets received, 4364 bps, 54.55%, Err 20 (9.8e-06)
444.114 .... 947 packets received, 4380 bps, 54.75%, Err 20 (9.8e-06)
446.224 .... 955 packets received, 4396 bps, 54.95%, Err 20 (9.7e-06)
448.334 .... 963 packets received, 4412 bps, 55.15%, Err 20 (9.6e-06)
450.429 .... 971 packets received, 4428 bps, 55.35%, Err 20 (9.5e-06)
452.554 .... 979 packets received, 4443 bps, 55.54%, Err 20 (9.4e-06)
454.664 .... 987 packets received, 4459 bps, 55.74%, Err 20 (9.4e-06)
456.774 .... 995 packets received, 4474 bps, 55.93%, Err 20 (9.3e-06)
458.897 .... 1003 packets received, 4489 bps, 56.11%, Err 20 (9.2e-06)
461.008 .... 1011 packets received, 4504 bps, 56.30%, Err 20 (9.2e-06)
463.118 .... 1019 packets received, 4519 bps, 56.49%, Err 20 (9.1e-06)
466.294 .... 1026 packets received, 4519 bps, 56.49%, Err 21 (9.4e-06)
468.435 .... 1038 packets received, 4551 bps, 56.89%, Err 21 (9.4e-06)
470.546 .... 1046 packets received, 4565 bps, 57.07%, Err 21 (9.3e-06)
472.687 .... 1054 packets received, 4579 bps, 57.24%, Err 21 (9.2e-06)
474.781 .... 1062 packets received, 4594 bps, 57.42%, Err 21 (9.2e-06)
476.909 .... 1070 packets received, 4608 bps, 57.60%, Err 21 (9.1e-06)
479.018 .... 1078 packets received, 4622 bps, 57.77%, Err 21 (9.0e-06)
481.127 .... 1086 packets received, 4635 bps, 57.94%, Err 21 (9.0e-06)
483.223 .... 1094 packets received, 4649 bps, 58.12%, Err 21 (8.9e-06)
485.348 .... 1102 packets received, 4663 bps, 58.28%, Err 21 (8.8e-06)
487.447 .... 1110 packets received, 4676 bps, 58.45%, Err 21 (8.8e-06)
489.572 .... 1118 packets received, 4690 bps, 58.62%, Err 21 (8.7e-06)
491.682 .... 1126 packets received, 4703 bps, 58.78%, Err 21 (8.6e-06)
493.791 .... 1134 packets received, 4716 bps, 58.95%, Err 21 (8.6e-06)
495.904 .... 1142 packets received, 4729 bps, 59.11%, Err 21 (8.5e-06)
498.013 .... 1146 packets received, 4725 bps, 59.07%, Err 22 (8.9e-06)
500.123 .... 1157 packets received, 4750 bps, 59.38%, Err 22 (8.8e-06)
504.431 .... 1159 packets received, 4718 bps, 58.97%, Err 22 (8.8e-06)
508.556 .... 1160 packets received, 4684 bps, 58.54%, Err 22 (8.8e-06)
514.512 .... 1161 packets received, 4633 bps, 57.92%, Err 23 (9.2e-06)
516.666 .... 1162 packets received, 4618 bps, 57.72%, Err 23 (9.2e-06)
520.819 .... 1163 packets received, 4585 bps, 57.31%, Err 23 (9.2e-06)
524.945 .... 1164 packets received, 4553 bps, 56.91%, Err 23 (9.2e-06)
529.129 .... 1165 packets received, 4520 bps, 56.51%, Err 23 (9.1e-06)
533.206 .... 1166 packets received, 4490 bps, 56.12%, Err 23 (9.1e-06)
537.254 .... 1167 packets received, 4460 bps, 55.74%, Err 23 (9.1e-06)
541.377 .... 1168 packets received, 4429 bps, 55.37%, Err 23 (9.1e-06)
545.499 .... 1169 packets received, 4399 bps, 54.99%, Err 23 (9.1e-06)
549.575 .... 1170 packets received, 4371 bps, 54.63%, Err 23 (9.1e-06)
553.637 .... 1171 packets received, 4342 bps, 54.28%, Err 23 (9.1e-06)
557.824 .... 1172 packets received, 4313 bps, 53.91%, Err 23 (9.1e-06)
561.886 .... 1173 packets received, 4285 bps, 53.57%, Err 23 (9.1e-06)
565.993 .... 1174 packets received, 4258 bps, 53.22%, Err 23 (9.1e-06)
570.042 .... 1175 packets received, 4231 bps, 52.89%, Err 23 (9.1e-06)
574.147 .... 1176 packets received, 4204 bps, 52.56%, Err 23 (9.1e-06)
578.231 .... 1177 packets received, 4178 bps, 52.23%, Err 23 (9.0e-06)
582.402 .... 1178 packets received, 4152 bps, 51.90%, Err 23 (9.0e-06)
586.590 .... 1179 packets received, 4126 bps, 51.57%, Err 23 (9.0e-06)
590.669 .... 1180 packets received, 4101 bps, 51.26%, Err 23 (9.0e-06)
595.678 .... 1181 packets received, 4069 bps, 50.87%, Err 24 (9.4e-06)
598.949 .... 1182 packets received, 4051 bps, 50.63%, Err 24 (9.4e-06)
601.061 .... 1185 packets received, 4047 bps, 50.58%, Err 24 (9.4e-06)
603.174 .... 1193 packets received, 4060 bps, 50.74%, Err 24 (9.3e-06)
605.300 .... 1201 packets received, 4072 bps, 50.90%, Err 24 (9.2e-06)
607.397 .... 1209 packets received, 4085 bps, 51.07%, Err 25 (9.6e-06)
609.503 .... 1217 packets received, 4098 bps, 51.23%, Err 25 (9.5e-06)
611.646 .... 1225 packets received, 4111 bps, 51.38%, Err 26 (9.8e-06)
613.758 .... 1233 packets received, 4123 bps, 51.54%, Err 26 (9.8e-06)
615.858 .... 1241 packets received, 4136 bps, 51.70%, Err 26 (9.7e-06)
618.241 .... 1246 packets received, 4136 bps, 51.70%, Err 27 (1.0e-05)
620.359 .... 1257 packets received, 4159 bps, 51.98%, Err 28 (1.0e-05)
622.469 .... 1265 packets received, 4171 bps, 52.14%, Err 28 (1.0e-05)
624.580 .... 1273 packets received, 4183 bps, 52.29%, Err 28 (1.0e-05)
626.677 .... 1281 packets received, 4195 bps, 52.44%, Err 28 (1.0e-05)
628.802 .... 1289 packets received, 4207 bps, 52.59%, Err 28 (1.0e-05)
630.898 .... 1297 packets received, 4219 bps, 52.74%, Err 28 (1.0e-05)
633.008 .... 1305 packets received, 4231 bps, 52.89%, Err 28 (9.9e-06)
636.458 .... 1313 packets received, 4234 bps, 52.92%, Err 29 (1.0e-05)
638.537 .... 1323 packets received, 4252 bps, 53.15%, Err 29 (1.0e-05)
640.647 .... 1331 packets received, 4264 bps, 53.30%, Err 29 (1.0e-05)
642.745 .... 1339 packets received, 4275 bps, 53.44%, Err 29 (1.0e-05)
644.871 .... 1347 packets received, 4287 bps, 53.58%, Err 29 (1.0e-05)
646.968 .... 1355 packets received, 4298 bps, 53.73%, Err 29 (9.9e-06)
649.079 .... 1363 packets received, 4309 bps, 53.87%, Err 29 (9.8e-06)
651.203 .... 1371 packets received, 4320 bps, 54.01%, Err 29 (9.8e-06)
653.312 .... 1379 packets received, 4332 bps, 54.15%, Err 29 (9.7e-06)
656.468 .... 1387 packets received, 4336 bps, 54.20%, Err 30 (1.0e-05)
658.592 .... 1398 packets received, 4356 bps, 54.45%, Err 30 (9.9e-06)
660.703 .... 1406 packets received, 4367 bps, 54.59%, Err 30 (9.9e-06)
663.859 .... 1414 packets received, 4371 bps, 54.64%, Err 31 (1.0e-05)
665.971 .... 1421 packets received, 4379 bps, 54.73%, Err 32 (1.0e-05)
668.080 .... 1432 packets received, 4398 bps, 54.98%, Err 32 (1.0e-05)
670.219 .... 1440 packets received, 4409 bps, 55.11%, Err 32 (1.0e-05)
672.331 .... 1448 packets received, 4419 bps, 55.24%, Err 32 (1.0e-05)
674.441 .... 1456 packets received, 4430 bps, 55.37%, Err 32 (1.0e-05)
676.552 .... 1464 packets received, 4440 bps, 55.50%, Err 32 (1.0e-05)
678.664 .... 1472 packets received, 4451 bps, 55.63%, Err 32 (1.0e-05)
680.773 .... 1480 packets received, 4461 bps, 55.76%, Err 32 (1.0e-05)
682.883 .... 1488 packets received, 4471 bps, 55.89%, Err 32 (1.0e-05)
684.994 .... 1496 packets received, 4481 bps, 56.02%, Err 32 (9.9e-06)
687.103 .... 1503 packets received, 4489 bps, 56.11%, Err 33 (1.0e-05)
689.214 .... 1511 packets received, 4499 bps, 56.23%, Err 33 (1.0e-05)
691.340 .... 1519 packets received, 4508 bps, 56.36%, Err 33 (1.0e-05)
693.449 .... 1527 packets received, 4518 bps, 56.48%, Err 33 (1.0e-05)
695.560 .... 1534 packets received, 4525 bps, 56.57%, Err 34 (1.0e-05)
697.613 .... 1541 packets received, 4533 bps, 56.66%, Err 34 (1.0e-05)
699.736 .... 1549 packets received, 4542 bps, 56.78%, Err 34 (1.0e-05)
704.545 .... 1553 packets received, 4523 bps, 56.53%, Err 34 (1.0e-05)
708.669 .... 1554 packets received, 4499 bps, 56.24%, Err 34 (1.0e-05)
712.731 .... 1555 packets received, 4477 bps, 55.96%, Err 34 (1.0e-05)
716.810 .... 1556 packets received, 4454 bps, 55.67%, Err 34 (1.0e-05)
720.919 .... 1557 packets received, 4431 bps, 55.39%, Err 34 (1.0e-05)
724.966 .... 1558 packets received, 4409 bps, 55.12%, Err 34 (1.0e-05)
729.121 .... 1559 packets received, 4387 bps, 54.84%, Err 34 (1.0e-05)
733.180 .... 1560 packets received, 4365 bps, 54.57%, Err 34 (1.0e-05)
737.218 .... 1561 packets received, 4344 bps, 54.30%, Err 34 (1.0e-05)
741.327 .... 1562 packets received, 4323 bps, 54.04%, Err 34 (1.0e-05)
745.417 .... 1563 packets received, 4302 bps, 53.77%, Err 34 (1.0e-05)
749.416 .... 1564 packets received, 4282 bps, 53.52%, Err 34 (1.0e-05)
753.502 .... 1565 packets received, 4261 bps, 53.26%, Err 34 (1.0e-05)
758.389 .... 1566 packets received, 4236 bps, 52.95%, Err 35 (1.0e-05)
761.664 .... 1567 packets received, 4221 bps, 52.76%, Err 35 (1.0e-05)
765.727 .... 1568 packets received, 4201 bps, 52.51%, Err 35 (1.0e-05)
769.788 .... 1569 packets received, 4181 bps, 52.27%, Err 35 (1.0e-05)
773.931 .... 1570 packets received, 4162 bps, 52.02%, Err 35 (1.0e-05)
777.937 .... 1571 packets received, 4143 bps, 51.79%, Err 35 (1.0e-05)
782.002 .... 1572 packets received, 4124 bps, 51.55%, Err 35 (1.0e-05)
786.192 .... 1573 packets received, 4104 bps, 51.31%, Err 35 (1.0e-05)
790.366 .... 1574 packets received, 4085 bps, 51.07%, Err 35 (1.0e-05)
794.415 .... 1575 packets received, 4067 bps, 50.84%, Err 35 (1.0e-05)
798.527 .... 1576 packets received, 4049 bps, 50.61%, Err 35 (1.0e-05)
800.543 .... 1577 packets received, 4041 bps, 50.51%, Err 35 (1.0e-05)
802.654 .... 1585 packets received, 4051 bps, 50.64%, Err 35 (1.0e-05)
804.764 .... 1593 packets received, 4061 bps, 50.76%, Err 35 (1.0e-05)
806.873 .... 1601 packets received, 4070 bps, 50.88%, Err 35 (1.0e-05)
808.986 .... 1609 packets received, 4080 bps, 51.00%, Err 35 (1.0e-05)
811.105 .... 1617 packets received, 4089 bps, 51.12%, Err 35 (1.0e-05)
813.209 .... 1624 packets received, 4097 bps, 51.21%, Err 36 (1.0e-05)
815.438 .... 1632 packets received, 4105 bps, 51.32%, Err 36 (1.0e-05)
817.540 .... 1640 packets received, 4115 bps, 51.44%, Err 36 (1.0e-05)
819.650 .... 1648 packets received, 4124 bps, 51.55%, Err 36 (1.0e-05)
821.777 .... 1656 packets received, 4134 bps, 51.67%, Err 36 (1.0e-05)
823.888 .... 1664 packets received, 4143 bps, 51.79%, Err 36 (1.0e-05)
826.530 .... 1670 packets received, 4145 bps, 51.81%, Err 37 (1.0e-05)
828.643 .... 1681 packets received, 4161 bps, 52.02%, Err 37 (1.0e-05)
830.752 .... 1689 packets received, 4170 bps, 52.13%, Err 38 (1.0e-05)
832.862 .... 1696 packets received, 4177 bps, 52.21%, Err 38 (1.0e-05)
834.989 .... 1704 packets received, 4186 bps, 52.33%, Err 38 (1.0e-05)
837.087 .... 1712 packets received, 4195 bps, 52.44%, Err 38 (1.0e-05)
840.251 .... 1720 packets received, 4199 bps, 52.49%, Err 39 (1.0e-05)
842.360 .... 1731 packets received, 4215 bps, 52.69%, Err 39 (1.0e-05)
844.471 .... 1739 packets received, 4224 bps, 52.80%, Err 39 (1.0e-05)
846.603 .... 1747 packets received, 4233 bps, 52.91%, Err 39 (1.0e-05)
848.701 .... 1755 packets received, 4242 bps, 53.02%, Err 39 (1.0e-05)
850.826 .... 1763 packets received, 4250 bps, 53.13%, Err 39 (1.0e-05)
853.469 .... 1765 packets received, 4242 bps, 53.02%, Err 40 (1.0e-05)
855.623 .... 1777 packets received, 4260 bps, 53.25%, Err 40 (1.0e-05)
857.723 .... 1785 packets received, 4269 bps, 53.36%, Err 40 (1.0e-05)
859.848 .... 1793 packets received, 4277 bps, 53.46%, Err 40 (1.0e-05)
861.958 .... 1801 packets received, 4286 bps, 53.57%, Err 40 (1.0e-05)
864.069 .... 1809 packets received, 4294 bps, 53.68%, Err 40 (1.0e-05)
866.179 .... 1817 packets received, 4303 bps, 53.78%, Err 40 (1.0e-05)
868.293 .... 1825 packets received, 4311 bps, 53.89%, Err 40 (1.0e-05)
870.405 .... 1833 packets received, 4319 bps, 53.99%, Err 41 (1.0e-05)
872.516 .... 1834 packets received, 4311 bps, 53.89%, Err 41 (1.0e-05)
874.596 .... 1845 packets received, 4327 bps, 54.09%, Err 41 (1.0e-05)
876.705 .... 1853 packets received, 4335 bps, 54.19%, Err 41 (1.0e-05)
878.820 .... 1861 packets received, 4343 bps, 54.29%, Err 41 (1.0e-05)
880.936 .... 1869 packets received, 4352 bps, 54.39%, Err 41 (1.0e-05)
883.035 .... 1877 packets received, 4360 bps, 54.50%, Err 41 (1.0e-05)
885.147 .... 1885 packets received, 4368 bps, 54.60%, Err 41 (1.0e-05)
888.321 .... 1893 packets received, 4371 bps, 54.63%, Err 42 (1.0e-05)
890.433 .... 1904 packets received, 4386 bps, 54.82%, Err 42 (1.0e-05)
892.542 .... 1912 packets received, 4394 bps, 54.92%, Err 42 (1.0e-05)
894.651 .... 1920 packets received, 4402 bps, 55.02%, Err 42 (1.0e-05)
896.761 .... 1928 packets received, 4410 bps, 55.12%, Err 42 (1.0e-05)
898.885 .... 1936 packets received, 4417 bps, 55.22%, Err 42 (1.0e-05)
904.469 .... 1943 packets received, 4406 bps, 55.07%, Err 42 (1.0e-05)
908.504 .... 1944 packets received, 4389 bps, 54.86%, Err 42 (1.0e-05)
912.568 .... 1945 packets received, 4371 bps, 54.64%, Err 42 (1.0e-05)
916.770 .... 1946 packets received, 4353 bps, 54.42%, Err 42 (1.0e-05)
920.866 .... 1947 packets received, 4336 bps, 54.20%, Err 42 (1.0e-05)
925.039 .... 1948 packets received, 4319 bps, 53.99%, Err 42 (1.0e-05)
929.088 .... 1949 packets received, 4302 bps, 53.78%, Err 42 (1.0e-05)
933.181 .... 1950 packets received, 4286 bps, 53.57%, Err 42 (1.0e-05)
937.214 .... 1951 packets received, 4269 bps, 53.37%, Err 42 (1.0e-05)
941.226 .... 1952 packets received, 4253 bps, 53.17%, Err 42 (9.9e-06)
945.414 .... 1953 packets received, 4237 bps, 52.96%, Err 42 (9.9e-06)
949.558 .... 1954 packets received, 4220 bps, 52.75%, Err 42 (9.9e-06)
953.620 .... 1955 packets received, 4204 bps, 52.55%, Err 42 (9.9e-06)
957.703 .... 1956 packets received, 4189 bps, 52.36%, Err 42 (9.9e-06)
961.727 .... 1957 packets received, 4173 bps, 52.16%, Err 42 (9.9e-06)
965.776 .... 1958 packets received, 4158 bps, 51.97%, Err 42 (9.9e-06)
969.889 .... 1959 packets received, 4142 bps, 51.78%, Err 42 (9.9e-06)
974.029 .... 1960 packets received, 4127 bps, 51.58%, Err 42 (9.9e-06)
978.121 .... 1961 packets received, 4112 bps, 51.39%, Err 42 (9.9e-06)
982.257 .... 1962 packets received, 4096 bps, 51.20%, Err 42 (9.9e-06)
986.411 .... 1963 packets received, 4081 bps, 51.01%, Err 42 (9.9e-06)
990.477 .... 1964 packets received, 4066 bps, 50.83%, Err 42 (9.9e-06)
994.544 .... 1965 packets received, 4052 bps, 50.65%, Err 42 (9.9e-06)
998.570 .... 1966 packets received, 4037 bps, 50.47%, Err 42 (9.9e-06)
1000.801 .... 1968 packets received, 4033 bps, 50.41%, Err 42 (9.9e-06)
1002.925 .... 1976 packets received, 4040 bps, 50.50%, Err 42 (9.8e-06)
1005.035 .... 1984 packets received, 4048 bps, 50.60%, Err 42 (9.8e-06)
1007.145 .... 1992 packets received, 4056 bps, 50.70%, Err 42 (9.7e-06)
1009.255 .... 2000 packets received, 4064 bps, 50.80%, Err 42 (9.7e-06)
1011.381 .... 2004 packets received, 4063 bps, 50.79%, Err 43 (9.9e-06)
1013.477 .... 2015 packets received, 4077 bps, 50.96%, Err 43 (9.9e-06)
1018.857 .... 2019 packets received, 4064 bps, 50.80%, Err 45 (1.0e-05)
1020.974 .... 2029 packets received, 4075 bps, 50.94%, Err 45 (1.0e-05)

