./selective -afu -port 1239 -log safu.log 
=========================================================================
                          Station A                                 
-------------------------------------------------------------------------
Protocol.lib, version 3.0, Build: Oct 19 2009 (jiangy@public3.bta.net.cn)
Channel: 8000 bps, 270 ms propagation delay, bit error rate 0
Log file "safu.log", TCP port 1239, debug mask 0x00
Station A is waiting for station B on TCP port 1239 ... Done.
New epoch: Sun Nov 22 11:50:09 2009
=========================================================================
Designed by JackalDire
2.407 .... 8 packets received, 7754 bps, 96.92%, Err 0 (0.0e+00)
4.534 .... 16 packets received, 7728 bps, 96.60%, Err 0 (0.0e+00)
6.619 .... 24 packets received, 7771 bps, 97.14%, Err 0 (0.0e+00)
8.748 .... 32 packets received, 7752 bps, 96.90%, Err 0 (0.0e+00)
10.847 .... 40 packets received, 7763 bps, 97.03%, Err 0 (0.0e+00)
12.974 .... 48 packets received, 7753 bps, 96.91%, Err 0 (0.0e+00)
15.087 .... 56 packets received, 7753 bps, 96.91%, Err 0 (0.0e+00)
17.192 .... 64 packets received, 7757 bps, 96.96%, Err 0 (0.0e+00)
19.297 .... 72 packets received, 7760 bps, 97.00%, Err 0 (0.0e+00)
21.408 .... 80 packets received, 7760 bps, 97.00%, Err 0 (0.0e+00)
23.519 .... 88 packets received, 7760 bps, 97.00%, Err 0 (0.0e+00)
25.631 .... 96 packets received, 7760 bps, 97.00%, Err 0 (0.0e+00)
27.747 .... 104 packets received, 7758 bps, 96.98%, Err 0 (0.0e+00)
29.859 .... 112 packets received, 7758 bps, 96.98%, Err 0 (0.0e+00)
31.975 .... 120 packets received, 7757 bps, 96.97%, Err 0 (0.0e+00)
34.084 .... 128 packets received, 7758 bps, 96.98%, Err 0 (0.0e+00)
36.197 .... 136 packets received, 7758 bps, 96.97%, Err 0 (0.0e+00)
38.310 .... 144 packets received, 7758 bps, 96.97%, Err 0 (0.0e+00)
40.422 .... 152 packets received, 7758 bps, 96.97%, Err 0 (0.0e+00)
42.533 .... 160 packets received, 7758 bps, 96.97%, Err 0 (0.0e+00)
44.645 .... 168 packets received, 7758 bps, 96.97%, Err 0 (0.0e+00)
46.757 .... 176 packets received, 7758 bps, 96.97%, Err 0 (0.0e+00)
48.868 .... 184 packets received, 7758 bps, 96.97%, Err 0 (0.0e+00)
50.990 .... 192 packets received, 7756 bps, 96.95%, Err 0 (0.0e+00)
53.092 .... 200 packets received, 7758 bps, 96.98%, Err 0 (0.0e+00)
55.199 .... 208 packets received, 7759 bps, 96.98%, Err 0 (0.0e+00)
57.324 .... 216 packets received, 7757 bps, 96.96%, Err 0 (0.0e+00)
59.420 .... 224 packets received, 7759 bps, 96.99%, Err 0 (0.0e+00)
61.527 .... 232 packets received, 7759 bps, 96.99%, Err 0 (0.0e+00)
63.641 .... 240 packets received, 7759 bps, 96.99%, Err 0 (0.0e+00)
65.767 .... 248 packets received, 7757 bps, 96.97%, Err 0 (0.0e+00)
67.870 .... 256 packets received, 7758 bps, 96.98%, Err 0 (0.0e+00)
70.002 .... 264 packets received, 7756 bps, 96.95%, Err 0 (0.0e+00)
72.113 .... 272 packets received, 7756 bps, 96.95%, Err 0 (0.0e+00)
74.208 .... 280 packets received, 7758 bps, 96.98%, Err 0 (0.0e+00)
76.319 .... 288 packets received, 7758 bps, 96.98%, Err 0 (0.0e+00)
78.447 .... 296 packets received, 7757 bps, 96.96%, Err 0 (0.0e+00)
80.556 .... 304 packets received, 7757 bps, 96.96%, Err 0 (0.0e+00)
82.667 .... 312 packets received, 7757 bps, 96.96%, Err 0 (0.0e+00)
84.778 .... 320 packets received, 7757 bps, 96.97%, Err 0 (0.0e+00)
86.876 .... 328 packets received, 7758 bps, 96.98%, Err 0 (0.0e+00)
88.988 .... 336 packets received, 7758 bps, 96.98%, Err 0 (0.0e+00)
91.115 .... 344 packets received, 7757 bps, 96.96%, Err 0 (0.0e+00)
93.210 .... 352 packets received, 7759 bps, 96.98%, Err 0 (0.0e+00)
95.336 .... 360 packets received, 7757 bps, 96.97%, Err 0 (0.0e+00)
97.447 .... 368 packets received, 7757 bps, 96.97%, Err 0 (0.0e+00)
99.558 .... 376 packets received, 7758 bps, 96.97%, Err 0 (0.0e+00)
101.684 .... 384 packets received, 7757 bps, 96.96%, Err 0 (0.0e+00)
103.780 .... 392 packets received, 7758 bps, 96.97%, Err 0 (0.0e+00)
105.906 .... 400 packets received, 7757 bps, 96.96%, Err 0 (0.0e+00)
108.006 .... 408 packets received, 7758 bps, 96.97%, Err 0 (0.0e+00)
110.135 .... 416 packets received, 7756 bps, 96.95%, Err 0 (0.0e+00)
112.231 .... 424 packets received, 7758 bps, 96.97%, Err 0 (0.0e+00)
114.330 .... 432 packets received, 7758 bps, 96.98%, Err 0 (0.0e+00)
116.445 .... 440 packets received, 7758 bps, 96.98%, Err 0 (0.0e+00)
118.576 .... 448 packets received, 7757 bps, 96.96%, Err 0 (0.0e+00)
120.672 .... 456 packets received, 7758 bps, 96.97%, Err 0 (0.0e+00)
122.784 .... 464 packets received, 7758 bps, 96.97%, Err 0 (0.0e+00)
124.898 .... 472 packets received, 7758 bps, 96.97%, Err 0 (0.0e+00)
127.015 .... 480 packets received, 7758 bps, 96.97%, Err 0 (0.0e+00)
129.128 .... 488 packets received, 7757 bps, 96.97%, Err 0 (0.0e+00)
131.241 .... 496 packets received, 7757 bps, 96.97%, Err 0 (0.0e+00)
133.351 .... 504 packets received, 7758 bps, 96.97%, Err 0 (0.0e+00)
135.464 .... 512 packets received, 7757 bps, 96.97%, Err 0 (0.0e+00)
137.578 .... 520 packets received, 7757 bps, 96.97%, Err 0 (0.0e+00)
139.690 .... 528 packets received, 7757 bps, 96.97%, Err 0 (0.0e+00)
141.803 .... 536 packets received, 7757 bps, 96.97%, Err 0 (0.0e+00)
143.918 .... 544 packets received, 7757 bps, 96.96%, Err 0 (0.0e+00)
146.017 .... 552 packets received, 7758 bps, 96.97%, Err 0 (0.0e+00)
148.130 .... 560 packets received, 7758 bps, 96.97%, Err 0 (0.0e+00)
150.242 .... 568 packets received, 7758 bps, 96.97%, Err 0 (0.0e+00)
152.357 .... 576 packets received, 7758 bps, 96.97%, Err 0 (0.0e+00)
154.458 .... 584 packets received, 7758 bps, 96.98%, Err 0 (0.0e+00)
156.588 .... 592 packets received, 7757 bps, 96.97%, Err 0 (0.0e+00)
158.689 .... 600 packets received, 7758 bps, 96.97%, Err 0 (0.0e+00)
160.805 .... 608 packets received, 7758 bps, 96.97%, Err 0 (0.0e+00)
162.921 .... 616 packets received, 7757 bps, 96.97%, Err 0 (0.0e+00)
165.040 .... 624 packets received, 7757 bps, 96.96%, Err 0 (0.0e+00)
167.155 .... 632 packets received, 7757 bps, 96.96%, Err 0 (0.0e+00)
169.254 .... 640 packets received, 7758 bps, 96.97%, Err 0 (0.0e+00)
171.369 .... 648 packets received, 7757 bps, 96.97%, Err 0 (0.0e+00)
173.470 .... 656 packets received, 7758 bps, 96.97%, Err 0 (0.0e+00)
175.586 .... 664 packets received, 7758 bps, 96.97%, Err 0 (0.0e+00)
177.701 .... 672 packets received, 7758 bps, 96.97%, Err 0 (0.0e+00)
179.815 .... 680 packets received, 7758 bps, 96.97%, Err 0 (0.0e+00)
181.914 .... 688 packets received, 7758 bps, 96.98%, Err 0 (0.0e+00)
184.044 .... 696 packets received, 7757 bps, 96.97%, Err 0 (0.0e+00)
186.159 .... 704 packets received, 7757 bps, 96.97%, Err 0 (0.0e+00)
188.258 .... 712 packets received, 7758 bps, 96.97%, Err 0 (0.0e+00)
190.388 .... 720 packets received, 7757 bps, 96.96%, Err 0 (0.0e+00)
192.489 .... 728 packets received, 7757 bps, 96.97%, Err 0 (0.0e+00)
194.587 .... 736 packets received, 7758 bps, 96.98%, Err 0 (0.0e+00)
196.720 .... 744 packets received, 7757 bps, 96.96%, Err 0 (0.0e+00)
198.837 .... 752 packets received, 7757 bps, 96.96%, Err 0 (0.0e+00)
200.925 .... 760 packets received, 7758 bps, 96.97%, Err 0 (0.0e+00)
203.039 .... 768 packets received, 7758 bps, 96.97%, Err 0 (0.0e+00)
205.160 .... 776 packets received, 7758 bps, 96.97%, Err 0 (0.0e+00)
207.273 .... 784 packets received, 7758 bps, 96.97%, Err 0 (0.0e+00)
209.382 .... 792 packets received, 7758 bps, 96.97%, Err 0 (0.0e+00)
211.503 .... 800 packets received, 7757 bps, 96.97%, Err 0 (0.0e+00)
213.605 .... 808 packets received, 7758 bps, 96.97%, Err 0 (0.0e+00)
215.734 .... 816 packets received, 7757 bps, 96.96%, Err 0 (0.0e+00)
217.831 .... 824 packets received, 7758 bps, 96.97%, Err 0 (0.0e+00)
219.943 .... 832 packets received, 7758 bps, 96.97%, Err 0 (0.0e+00)
222.069 .... 840 packets received, 7757 bps, 96.96%, Err 0 (0.0e+00)
224.153 .... 848 packets received, 7758 bps, 96.98%, Err 0 (0.0e+00)
226.284 .... 856 packets received, 7757 bps, 96.97%, Err 0 (0.0e+00)
228.393 .... 864 packets received, 7757 bps, 96.97%, Err 0 (0.0e+00)
230.501 .... 872 packets received, 7758 bps, 96.97%, Err 0 (0.0e+00)
232.623 .... 880 packets received, 7757 bps, 96.97%, Err 0 (0.0e+00)
234.739 .... 888 packets received, 7757 bps, 96.96%, Err 0 (0.0e+00)
236.833 .... 896 packets received, 7758 bps, 96.97%, Err 0 (0.0e+00)
238.948 .... 904 packets received, 7758 bps, 96.97%, Err 0 (0.0e+00)
241.064 .... 912 packets received, 7758 bps, 96.97%, Err 0 (0.0e+00)
243.170 .... 920 packets received, 7758 bps, 96.97%, Err 0 (0.0e+00)
245.283 .... 928 packets received, 7758 bps, 96.97%, Err 0 (0.0e+00)
247.389 .... 936 packets received, 7758 bps, 96.97%, Err 0 (0.0e+00)
249.517 .... 944 packets received, 7757 bps, 96.97%, Err 0 (0.0e+00)
251.628 .... 952 packets received, 7757 bps, 96.97%, Err 0 (0.0e+00)
253.741 .... 960 packets received, 7757 bps, 96.97%, Err 0 (0.0e+00)
255.838 .... 968 packets received, 7758 bps, 96.97%, Err 0 (0.0e+00)
257.967 .... 976 packets received, 7757 bps, 96.97%, Err 0 (0.0e+00)
260.079 .... 984 packets received, 7757 bps, 96.97%, Err 0 (0.0e+00)
262.177 .... 992 packets received, 7758 bps, 96.97%, Err 0 (0.0e+00)
264.289 .... 1000 packets received, 7758 bps, 96.97%, Err 0 (0.0e+00)
266.399 .... 1008 packets received, 7758 bps, 96.97%, Err 0 (0.0e+00)
268.510 .... 1016 packets received, 7758 bps, 96.97%, Err 0 (0.0e+00)
270.623 .... 1024 packets received, 7758 bps, 96.97%, Err 0 (0.0e+00)
272.735 .... 1032 packets received, 7758 bps, 96.97%, Err 0 (0.0e+00)
274.848 .... 1040 packets received, 7758 bps, 96.97%, Err 0 (0.0e+00)
276.976 .... 1048 packets received, 7757 bps, 96.97%, Err 0 (0.0e+00)
279.088 .... 1056 packets received, 7757 bps, 96.97%, Err 0 (0.0e+00)
281.199 .... 1064 packets received, 7757 bps, 96.97%, Err 0 (0.0e+00)
283.310 .... 1072 packets received, 7757 bps, 96.97%, Err 0 (0.0e+00)
285.406 .... 1080 packets received, 7758 bps, 96.97%, Err 0 (0.0e+00)
287.516 .... 1088 packets received, 7758 bps, 96.97%, Err 0 (0.0e+00)
289.642 .... 1096 packets received, 7757 bps, 96.97%, Err 0 (0.0e+00)
291.753 .... 1104 packets received, 7757 bps, 96.97%, Err 0 (0.0e+00)
293.864 .... 1112 packets received, 7758 bps, 96.97%, Err 0 (0.0e+00)
295.974 .... 1120 packets received, 7758 bps, 96.97%, Err 0 (0.0e+00)
298.089 .... 1128 packets received, 7757 bps, 96.97%, Err 0 (0.0e+00)
300.202 .... 1136 packets received, 7757 bps, 96.97%, Err 0 (0.0e+00)
302.315 .... 1144 packets received, 7757 bps, 96.97%, Err 0 (0.0e+00)
304.428 .... 1152 packets received, 7757 bps, 96.97%, Err 0 (0.0e+00)
306.538 .... 1160 packets received, 7757 bps, 96.97%, Err 0 (0.0e+00)
308.649 .... 1168 packets received, 7758 bps, 96.97%, Err 0 (0.0e+00)
310.764 .... 1176 packets received, 7757 bps, 96.97%, Err 0 (0.0e+00)
312.878 .... 1184 packets received, 7757 bps, 96.97%, Err 0 (0.0e+00)
314.989 .... 1192 packets received, 7757 bps, 96.97%, Err 0 (0.0e+00)
317.087 .... 1200 packets received, 7758 bps, 96.97%, Err 0 (0.0e+00)
319.200 .... 1208 packets received, 7758 bps, 96.97%, Err 0 (0.0e+00)
321.313 .... 1216 packets received, 7758 bps, 96.97%, Err 0 (0.0e+00)
323.427 .... 1224 packets received, 7758 bps, 96.97%, Err 0 (0.0e+00)
325.555 .... 1232 packets received, 7757 bps, 96.97%, Err 0 (0.0e+00)
327.650 .... 1240 packets received, 7758 bps, 96.97%, Err 0 (0.0e+00)
329.762 .... 1248 packets received, 7758 bps, 96.97%, Err 0 (0.0e+00)
331.875 .... 1256 packets received, 7758 bps, 96.97%, Err 0 (0.0e+00)
333.986 .... 1264 packets received, 7758 bps, 96.97%, Err 0 (0.0e+00)
336.098 .... 1272 packets received, 7758 bps, 96.97%, Err 0 (0.0e+00)
338.211 .... 1280 packets received, 7758 bps, 96.97%, Err 0 (0.0e+00)
340.323 .... 1288 packets received, 7758 bps, 96.97%, Err 0 (0.0e+00)
342.452 .... 1296 packets received, 7757 bps, 96.97%, Err 0 (0.0e+00)
344.566 .... 1304 packets received, 7757 bps, 96.97%, Err 0 (0.0e+00)
346.650 .... 1312 packets received, 7758 bps, 96.97%, Err 0 (0.0e+00)
348.764 .... 1320 packets received, 7758 bps, 96.97%, Err 0 (0.0e+00)
350.894 .... 1328 packets received, 7757 bps, 96.97%, Err 0 (0.0e+00)
352.994 .... 1336 packets received, 7758 bps, 96.97%, Err 0 (0.0e+00)
355.122 .... 1344 packets received, 7757 bps, 96.97%, Err 0 (0.0e+00)
357.222 .... 1352 packets received, 7758 bps, 96.97%, Err 0 (0.0e+00)
359.346 .... 1360 packets received, 7757 bps, 96.97%, Err 0 (0.0e+00)
361.458 .... 1368 packets received, 7757 bps, 96.97%, Err 0 (0.0e+00)
363.557 .... 1376 packets received, 7758 bps, 96.97%, Err 0 (0.0e+00)
365.672 .... 1384 packets received, 7758 bps, 96.97%, Err 0 (0.0e+00)
367.782 .... 1392 packets received, 7758 bps, 96.97%, Err 0 (0.0e+00)
369.893 .... 1400 packets received, 7758 bps, 96.97%, Err 0 (0.0e+00)
372.004 .... 1408 packets received, 7758 bps, 96.97%, Err 0 (0.0e+00)
374.131 .... 1416 packets received, 7757 bps, 96.97%, Err 0 (0.0e+00)
376.243 .... 1424 packets received, 7757 bps, 96.97%, Err 0 (0.0e+00)
378.338 .... 1432 packets received, 7758 bps, 96.97%, Err 0 (0.0e+00)
380.449 .... 1440 packets received, 7758 bps, 96.97%, Err 0 (0.0e+00)
382.561 .... 1448 packets received, 7758 bps, 96.97%, Err 0 (0.0e+00)
384.674 .... 1456 packets received, 7758 bps, 96.97%, Err 0 (0.0e+00)
386.788 .... 1464 packets received, 7758 bps, 96.97%, Err 0 (0.0e+00)
388.917 .... 1472 packets received, 7757 bps, 96.97%, Err 0 (0.0e+00)
391.016 .... 1480 packets received, 7758 bps, 96.97%, Err 0 (0.0e+00)
393.128 .... 1488 packets received, 7758 bps, 96.97%, Err 0 (0.0e+00)
395.227 .... 1496 packets received, 7758 bps, 96.97%, Err 0 (0.0e+00)
397.342 .... 1504 packets received, 7758 bps, 96.97%, Err 0 (0.0e+00)
399.470 .... 1512 packets received, 7757 bps, 96.97%, Err 0 (0.0e+00)
401.569 .... 1520 packets received, 7758 bps, 96.97%, Err 0 (0.0e+00)
403.698 .... 1528 packets received, 7757 bps, 96.97%, Err 0 (0.0e+00)
405.796 .... 1536 packets received, 7758 bps, 96.97%, Err 0 (0.0e+00)
407.925 .... 1544 packets received, 7757 bps, 96.97%, Err 0 (0.0e+00)
410.009 .... 1552 packets received, 7758 bps, 96.97%, Err 0 (0.0e+00)
412.122 .... 1560 packets received, 7758 bps, 96.97%, Err 0 (0.0e+00)
414.250 .... 1568 packets received, 7758 bps, 96.97%, Err 0 (0.0e+00)
416.348 .... 1576 packets received, 7758 bps, 96.97%, Err 0 (0.0e+00)
418.461 .... 1584 packets received, 7758 bps, 96.97%, Err 0 (0.0e+00)
420.572 .... 1592 packets received, 7758 bps, 96.97%, Err 0 (0.0e+00)
422.684 .... 1600 packets received, 7758 bps, 96.97%, Err 0 (0.0e+00)
424.797 .... 1608 packets received, 7758 bps, 96.97%, Err 0 (0.0e+00)
426.908 .... 1616 packets received, 7758 bps, 96.97%, Err 0 (0.0e+00)
429.020 .... 1624 packets received, 7758 bps, 96.97%, Err 0 (0.0e+00)
431.149 .... 1632 packets received, 7757 bps, 96.97%, Err 0 (0.0e+00)
433.264 .... 1640 packets received, 7757 bps, 96.97%, Err 0 (0.0e+00)
435.378 .... 1648 packets received, 7757 bps, 96.97%, Err 0 (0.0e+00)
437.489 .... 1656 packets received, 7757 bps, 96.97%, Err 0 (0.0e+00)
439.586 .... 1664 packets received, 7758 bps, 96.97%, Err 0 (0.0e+00)
441.696 .... 1672 packets received, 7758 bps, 96.97%, Err 0 (0.0e+00)
443.806 .... 1680 packets received, 7758 bps, 96.97%, Err 0 (0.0e+00)
445.930 .... 1688 packets received, 7758 bps, 96.97%, Err 0 (0.0e+00)
448.040 .... 1696 packets received, 7758 bps, 96.97%, Err 0 (0.0e+00)
450.149 .... 1704 packets received, 7758 bps, 96.97%, Err 0 (0.0e+00)
452.275 .... 1712 packets received, 7757 bps, 96.97%, Err 0 (0.0e+00)
454.384 .... 1720 packets received, 7757 bps, 96.97%, Err 0 (0.0e+00)
456.498 .... 1728 packets received, 7757 bps, 96.97%, Err 0 (0.0e+00)
458.596 .... 1736 packets received, 7758 bps, 96.97%, Err 0 (0.0e+00)
460.707 .... 1744 packets received, 7758 bps, 96.97%, Err 0 (0.0e+00)
462.828 .... 1752 packets received, 7757 bps, 96.97%, Err 0 (0.0e+00)
464.942 .... 1760 packets received, 7757 bps, 96.97%, Err 0 (0.0e+00)
467.024 .... 1768 packets received, 7758 bps, 96.97%, Err 0 (0.0e+00)
469.165 .... 1776 packets received, 7757 bps, 96.97%, Err 0 (0.0e+00)
471.267 .... 1784 packets received, 7758 bps, 96.97%, Err 0 (0.0e+00)
473.386 .... 1792 packets received, 7758 bps, 96.97%, Err 0 (0.0e+00)
475.483 .... 1800 packets received, 7758 bps, 96.97%, Err 0 (0.0e+00)
477.612 .... 1808 packets received, 7757 bps, 96.97%, Err 0 (0.0e+00)
479.713 .... 1816 packets received, 7758 bps, 96.97%, Err 0 (0.0e+00)
481.826 .... 1824 packets received, 7758 bps, 96.97%, Err 0 (0.0e+00)
483.937 .... 1832 packets received, 7758 bps, 96.97%, Err 0 (0.0e+00)
486.050 .... 1840 packets received, 7758 bps, 96.97%, Err 0 (0.0e+00)
488.162 .... 1848 packets received, 7758 bps, 96.97%, Err 0 (0.0e+00)
490.287 .... 1856 packets received, 7757 bps, 96.97%, Err 0 (0.0e+00)
492.387 .... 1864 packets received, 7758 bps, 96.97%, Err 0 (0.0e+00)
494.497 .... 1872 packets received, 7758 bps, 96.97%, Err 0 (0.0e+00)
496.614 .... 1880 packets received, 7758 bps, 96.97%, Err 0 (0.0e+00)
498.735 .... 1888 packets received, 7757 bps, 96.97%, Err 0 (0.0e+00)
500.852 .... 1896 packets received, 7757 bps, 96.97%, Err 0 (0.0e+00)
502.964 .... 1904 packets received, 7757 bps, 96.97%, Err 0 (0.0e+00)
505.059 .... 1912 packets received, 7758 bps, 96.97%, Err 0 (0.0e+00)
507.160 .... 1920 packets received, 7758 bps, 96.97%, Err 0 (0.0e+00)
509.286 .... 1928 packets received, 7758 bps, 96.97%, Err 0 (0.0e+00)
511.398 .... 1936 packets received, 7758 bps, 96.97%, Err 0 (0.0e+00)
513.510 .... 1944 packets received, 7758 bps, 96.97%, Err 0 (0.0e+00)
515.623 .... 1952 packets received, 7758 bps, 96.97%, Err 0 (0.0e+00)
517.736 .... 1960 packets received, 7758 bps, 96.97%, Err 0 (0.0e+00)
519.849 .... 1968 packets received, 7758 bps, 96.97%, Err 0 (0.0e+00)
521.953 .... 1976 packets received, 7758 bps, 96.97%, Err 0 (0.0e+00)
524.069 .... 1984 packets received, 7758 bps, 96.97%, Err 0 (0.0e+00)
526.182 .... 1992 packets received, 7758 bps, 96.97%, Err 0 (0.0e+00)
528.287 .... 2000 packets received, 7758 bps, 96.97%, Err 0 (0.0e+00)
530.415 .... 2008 packets received, 7757 bps, 96.97%, Err 0 (0.0e+00)
532.512 .... 2016 packets received, 7758 bps, 96.97%, Err 0 (0.0e+00)
534.641 .... 2024 packets received, 7757 bps, 96.97%, Err 0 (0.0e+00)
536.755 .... 2032 packets received, 7757 bps, 96.97%, Err 0 (0.0e+00)
538.851 .... 2040 packets received, 7758 bps, 96.97%, Err 0 (0.0e+00)
540.964 .... 2048 packets received, 7758 bps, 96.97%, Err 0 (0.0e+00)
543.092 .... 2056 packets received, 7757 bps, 96.97%, Err 0 (0.0e+00)
545.203 .... 2064 packets received, 7757 bps, 96.97%, Err 0 (0.0e+00)
547.315 .... 2072 packets received, 7757 bps, 96.97%, Err 0 (0.0e+00)
549.411 .... 2080 packets received, 7758 bps, 96.97%, Err 0 (0.0e+00)
551.528 .... 2088 packets received, 7758 bps, 96.97%, Err 0 (0.0e+00)
553.625 .... 2096 packets received, 7758 bps, 96.97%, Err 0 (0.0e+00)
555.743 .... 2104 packets received, 7758 bps, 96.97%, Err 0 (0.0e+00)
557.855 .... 2112 packets received, 7758 bps, 96.97%, Err 0 (0.0e+00)
559.967 .... 2120 packets received, 7758 bps, 96.97%, Err 0 (0.0e+00)
562.079 .... 2128 packets received, 7758 bps, 96.97%, Err 0 (0.0e+00)
564.206 .... 2136 packets received, 7757 bps, 96.97%, Err 0 (0.0e+00)
566.328 .... 2144 packets received, 7757 bps, 96.97%, Err 0 (0.0e+00)
568.414 .... 2152 packets received, 7758 bps, 96.97%, Err 0 (0.0e+00)
570.532 .... 2160 packets received, 7758 bps, 96.97%, Err 0 (0.0e+00)
572.649 .... 2168 packets received, 7758 bps, 96.97%, Err 0 (0.0e+00)
574.753 .... 2176 packets received, 7758 bps, 96.97%, Err 0 (0.0e+00)
576.867 .... 2184 packets received, 7758 bps, 96.97%, Err 0 (0.0e+00)
578.981 .... 2192 packets received, 7758 bps, 96.97%, Err 0 (0.0e+00)
581.081 .... 2200 packets received, 7758 bps, 96.97%, Err 0 (0.0e+00)
583.209 .... 2208 packets received, 7758 bps, 96.97%, Err 0 (0.0e+00)
585.321 .... 2216 packets received, 7758 bps, 96.97%, Err 0 (0.0e+00)
587.434 .... 2224 packets received, 7758 bps, 96.97%, Err 0 (0.0e+00)
589.548 .... 2232 packets received, 7757 bps, 96.97%, Err 0 (0.0e+00)
591.662 .... 2240 packets received, 7757 bps, 96.97%, Err 0 (0.0e+00)
593.778 .... 2248 packets received, 7757 bps, 96.97%, Err 0 (0.0e+00)
595.877 .... 2256 packets received, 7758 bps, 96.97%, Err 0 (0.0e+00)
597.991 .... 2264 packets received, 7758 bps, 96.97%, Err 0 (0.0e+00)
600.104 .... 2272 packets received, 7758 bps, 96.97%, Err 0 (0.0e+00)
602.216 .... 2280 packets received, 7758 bps, 96.97%, Err 0 (0.0e+00)
604.328 .... 2288 packets received, 7758 bps, 96.97%, Err 0 (0.0e+00)
606.440 .... 2296 packets received, 7758 bps, 96.97%, Err 0 (0.0e+00)
608.537 .... 2304 packets received, 7758 bps, 96.97%, Err 0 (0.0e+00)
610.649 .... 2312 packets received, 7758 bps, 96.97%, Err 0 (0.0e+00)
612.776 .... 2320 packets received, 7758 bps, 96.97%, Err 0 (0.0e+00)
614.888 .... 2328 packets received, 7758 bps, 96.97%, Err 0 (0.0e+00)
617.003 .... 2336 packets received, 7758 bps, 96.97%, Err 0 (0.0e+00)
619.099 .... 2344 packets received, 7758 bps, 96.97%, Err 0 (0.0e+00)
621.228 .... 2352 packets received, 7758 bps, 96.97%, Err 0 (0.0e+00)
623.341 .... 2360 packets received, 7757 bps, 96.97%, Err 0 (0.0e+00)
625.455 .... 2368 packets received, 7757 bps, 96.97%, Err 0 (0.0e+00)
627.553 .... 2376 packets received, 7758 bps, 96.97%, Err 0 (0.0e+00)
629.665 .... 2384 packets received, 7758 bps, 96.97%, Err 0 (0.0e+00)
631.776 .... 2392 packets received, 7758 bps, 96.97%, Err 0 (0.0e+00)
633.888 .... 2400 packets received, 7758 bps, 96.97%, Err 0 (0.0e+00)
636.000 .... 2408 packets received, 7758 bps, 96.97%, Err 0 (0.0e+00)
638.114 .... 2416 packets received, 7758 bps, 96.97%, Err 0 (0.0e+00)
640.223 .... 2424 packets received, 7758 bps, 96.97%, Err 0 (0.0e+00)
642.333 .... 2432 packets received, 7758 bps, 96.97%, Err 0 (0.0e+00)
644.445 .... 2440 packets received, 7758 bps, 96.97%, Err 0 (0.0e+00)
646.559 .... 2448 packets received, 7758 bps, 96.97%, Err 0 (0.0e+00)
648.688 .... 2456 packets received, 7757 bps, 96.97%, Err 0 (0.0e+00)
650.801 .... 2464 packets received, 7757 bps, 96.97%, Err 0 (0.0e+00)
652.898 .... 2472 packets received, 7758 bps, 96.97%, Err 0 (0.0e+00)
655.010 .... 2480 packets received, 7758 bps, 96.97%, Err 0 (0.0e+00)
657.117 .... 2488 packets received, 7758 bps, 96.97%, Err 0 (0.0e+00)
659.229 .... 2496 packets received, 7758 bps, 96.97%, Err 0 (0.0e+00)
661.341 .... 2504 packets received, 7758 bps, 96.97%, Err 0 (0.0e+00)
663.453 .... 2512 packets received, 7758 bps, 96.97%, Err 0 (0.0e+00)
665.581 .... 2520 packets received, 7757 bps, 96.97%, Err 0 (0.0e+00)
667.693 .... 2528 packets received, 7757 bps, 96.97%, Err 0 (0.0e+00)
669.808 .... 2536 packets received, 7757 bps, 96.97%, Err 0 (0.0e+00)
671.921 .... 2544 packets received, 7757 bps, 96.97%, Err 0 (0.0e+00)
674.030 .... 2552 packets received, 7757 bps, 96.97%, Err 0 (0.0e+00)
676.141 .... 2560 packets received, 7757 bps, 96.97%, Err 0 (0.0e+00)
678.251 .... 2568 packets received, 7758 bps, 96.97%, Err 0 (0.0e+00)
680.346 .... 2576 packets received, 7758 bps, 96.97%, Err 0 (0.0e+00)
682.447 .... 2584 packets received, 7758 bps, 96.97%, Err 0 (0.0e+00)
684.576 .... 2592 packets received, 7758 bps, 96.97%, Err 0 (0.0e+00)
686.691 .... 2600 packets received, 7758 bps, 96.97%, Err 0 (0.0e+00)
688.818 .... 2608 packets received, 7757 bps, 96.97%, Err 0 (0.0e+00)
690.928 .... 2616 packets received, 7757 bps, 96.97%, Err 0 (0.0e+00)
693.038 .... 2624 packets received, 7757 bps, 96.97%, Err 0 (0.0e+00)
695.134 .... 2632 packets received, 7758 bps, 96.97%, Err 0 (0.0e+00)
697.245 .... 2640 packets received, 7758 bps, 96.97%, Err 0 (0.0e+00)
699.371 .... 2648 packets received, 7758 bps, 96.97%, Err 0 (0.0e+00)
701.482 .... 2656 packets received, 7758 bps, 96.97%, Err 0 (0.0e+00)
703.595 .... 2664 packets received, 7758 bps, 96.97%, Err 0 (0.0e+00)
705.707 .... 2672 packets received, 7758 bps, 96.97%, Err 0 (0.0e+00)
707.819 .... 2680 packets received, 7758 bps, 96.97%, Err 0 (0.0e+00)
709.912 .... 2688 packets received, 7758 bps, 96.97%, Err 0 (0.0e+00)
712.039 .... 2696 packets received, 7758 bps, 96.97%, Err 0 (0.0e+00)
714.164 .... 2704 packets received, 7757 bps, 96.97%, Err 0 (0.0e+00)
716.260 .... 2712 packets received, 7758 bps, 96.97%, Err 0 (0.0e+00)
718.373 .... 2720 packets received, 7758 bps, 96.97%, Err 0 (0.0e+00)
720.486 .... 2728 packets received, 7758 bps, 96.97%, Err 0 (0.0e+00)
722.600 .... 2736 packets received, 7758 bps, 96.97%, Err 0 (0.0e+00)
724.698 .... 2744 packets received, 7758 bps, 96.97%, Err 0 (0.0e+00)
726.826 .... 2752 packets received, 7758 bps, 96.97%, Err 0 (0.0e+00)
728.924 .... 2760 packets received, 7758 bps, 96.97%, Err 0 (0.0e+00)
731.055 .... 2768 packets received, 7757 bps, 96.97%, Err 0 (0.0e+00)
733.167 .... 2776 packets received, 7757 bps, 96.97%, Err 0 (0.0e+00)
735.267 .... 2784 packets received, 7758 bps, 96.97%, Err 0 (0.0e+00)
737.395 .... 2792 packets received, 7757 bps, 96.97%, Err 0 (0.0e+00)
739.507 .... 2800 packets received, 7757 bps, 96.97%, Err 0 (0.0e+00)
741.605 .... 2808 packets received, 7758 bps, 96.97%, Err 0 (0.0e+00)
743.708 .... 2816 packets received, 7758 bps, 96.97%, Err 0 (0.0e+00)
745.834 .... 2824 packets received, 7758 bps, 96.97%, Err 0 (0.0e+00)
747.933 .... 2832 packets received, 7758 bps, 96.97%, Err 0 (0.0e+00)
750.061 .... 2840 packets received, 7758 bps, 96.97%, Err 0 (0.0e+00)
752.175 .... 2848 packets received, 7757 bps, 96.97%, Err 0 (0.0e+00)
754.283 .... 2856 packets received, 7758 bps, 96.97%, Err 0 (0.0e+00)
756.397 .... 2864 packets received, 7758 bps, 96.97%, Err 0 (0.0e+00)
758.508 .... 2872 packets received, 7758 bps, 96.97%, Err 0 (0.0e+00)
760.611 .... 2880 packets received, 7758 bps, 96.97%, Err 0 (0.0e+00)
762.729 .... 2888 packets received, 7758 bps, 96.97%, Err 0 (0.0e+00)
764.842 .... 2896 packets received, 7758 bps, 96.97%, Err 0 (0.0e+00)
766.956 .... 2904 packets received, 7758 bps, 96.97%, Err 0 (0.0e+00)
769.071 .... 2912 packets received, 7757 bps, 96.97%, Err 0 (0.0e+00)
771.186 .... 2920 packets received, 7757 bps, 96.97%, Err 0 (0.0e+00)
773.293 .... 2928 packets received, 7758 bps, 96.97%, Err 0 (0.0e+00)
775.405 .... 2936 packets received, 7758 bps, 96.97%, Err 0 (0.0e+00)
777.518 .... 2944 packets received, 7757 bps, 96.97%, Err 0 (0.0e+00)
779.620 .... 2952 packets received, 7758 bps, 96.97%, Err 0 (0.0e+00)
781.738 .... 2960 packets received, 7758 bps, 96.97%, Err 0 (0.0e+00)
783.853 .... 2968 packets received, 7758 bps, 96.97%, Err 0 (0.0e+00)
785.968 .... 2976 packets received, 7757 bps, 96.97%, Err 0 (0.0e+00)
788.066 .... 2984 packets received, 7758 bps, 96.97%, Err 0 (0.0e+00)
790.180 .... 2992 packets received, 7758 bps, 96.97%, Err 0 (0.0e+00)
792.295 .... 3000 packets received, 7758 bps, 96.97%, Err 0 (0.0e+00)
794.392 .... 3008 packets received, 7758 bps, 96.97%, Err 0 (0.0e+00)
796.505 .... 3016 packets received, 7758 bps, 96.97%, Err 0 (0.0e+00)
798.634 .... 3024 packets received, 7758 bps, 96.97%, Err 0 (0.0e+00)
800.749 .... 3032 packets received, 7758 bps, 96.97%, Err 0 (0.0e+00)
802.839 .... 3040 packets received, 7758 bps, 96.97%, Err 0 (0.0e+00)
804.966 .... 3048 packets received, 7758 bps, 96.97%, Err 0 (0.0e+00)
807.079 .... 3056 packets received, 7758 bps, 96.97%, Err 0 (0.0e+00)
809.193 .... 3064 packets received, 7758 bps, 96.97%, Err 0 (0.0e+00)
811.307 .... 3072 packets received, 7758 bps, 96.97%, Err 0 (0.0e+00)
813.422 .... 3080 packets received, 7758 bps, 96.97%, Err 0 (0.0e+00)
815.535 .... 3088 packets received, 7757 bps, 96.97%, Err 0 (0.0e+00)
817.648 .... 3096 packets received, 7757 bps, 96.97%, Err 0 (0.0e+00)
819.762 .... 3104 packets received, 7757 bps, 96.97%, Err 0 (0.0e+00)
821.877 .... 3112 packets received, 7757 bps, 96.97%, Err 0 (0.0e+00)
823.975 .... 3120 packets received, 7758 bps, 96.97%, Err 0 (0.0e+00)
826.080 .... 3128 packets received, 7758 bps, 96.97%, Err 0 (0.0e+00)
828.191 .... 3136 packets received, 7758 bps, 96.97%, Err 0 (0.0e+00)
830.306 .... 3144 packets received, 7758 bps, 96.97%, Err 0 (0.0e+00)
832.417 .... 3152 packets received, 7758 bps, 96.97%, Err 0 (0.0e+00)
834.528 .... 3160 packets received, 7758 bps, 96.97%, Err 0 (0.0e+00)
836.642 .... 3168 packets received, 7758 bps, 96.97%, Err 0 (0.0e+00)
838.756 .... 3176 packets received, 7758 bps, 96.97%, Err 0 (0.0e+00)
840.870 .... 3184 packets received, 7758 bps, 96.97%, Err 0 (0.0e+00)
842.995 .... 3192 packets received, 7757 bps, 96.97%, Err 0 (0.0e+00)
845.081 .... 3200 packets received, 7758 bps, 96.97%, Err 0 (0.0e+00)
847.209 .... 3208 packets received, 7758 bps, 96.97%, Err 0 (0.0e+00)
849.327 .... 3216 packets received, 7757 bps, 96.97%, Err 0 (0.0e+00)
851.442 .... 3224 packets received, 7757 bps, 96.97%, Err 0 (0.0e+00)
853.550 .... 3232 packets received, 7758 bps, 96.97%, Err 0 (0.0e+00)
855.659 .... 3240 packets received, 7758 bps, 96.97%, Err 0 (0.0e+00)
857.774 .... 3248 packets received, 7758 bps, 96.97%, Err 0 (0.0e+00)
859.887 .... 3256 packets received, 7757 bps, 96.97%, Err 0 (0.0e+00)
861.984 .... 3264 packets received, 7758 bps, 96.97%, Err 0 (0.0e+00)
864.111 .... 3272 packets received, 7757 bps, 96.97%, Err 0 (0.0e+00)
866.229 .... 3280 packets received, 7757 bps, 96.97%, Err 0 (0.0e+00)
868.324 .... 3288 packets received, 7758 bps, 96.97%, Err 0 (0.0e+00)
870.452 .... 3296 packets received, 7757 bps, 96.97%, Err 0 (0.0e+00)
872.549 .... 3304 packets received, 7758 bps, 96.97%, Err 0 (0.0e+00)
874.674 .... 3312 packets received, 7757 bps, 96.97%, Err 0 (0.0e+00)
876.784 .... 3320 packets received, 7757 bps, 96.97%, Err 0 (0.0e+00)
878.894 .... 3328 packets received, 7758 bps, 96.97%, Err 0 (0.0e+00)
881.005 .... 3336 packets received, 7758 bps, 96.97%, Err 0 (0.0e+00)
883.119 .... 3344 packets received, 7757 bps, 96.97%, Err 0 (0.0e+00)
885.217 .... 3352 packets received, 7758 bps, 96.97%, Err 0 (0.0e+00)
887.331 .... 3360 packets received, 7758 bps, 96.97%, Err 0 (0.0e+00)
889.444 .... 3368 packets received, 7758 bps, 96.97%, Err 0 (0.0e+00)
891.573 .... 3376 packets received, 7757 bps, 96.97%, Err 0 (0.0e+00)
893.672 .... 3384 packets received, 7758 bps, 96.97%, Err 0 (0.0e+00)
895.783 .... 3392 packets received, 7758 bps, 96.97%, Err 0 (0.0e+00)
897.890 .... 3400 packets received, 7758 bps, 96.97%, Err 0 (0.0e+00)
900.020 .... 3408 packets received, 7757 bps, 96.97%, Err 0 (0.0e+00)
902.108 .... 3416 packets received, 7758 bps, 96.97%, Err 0 (0.0e+00)
904.233 .... 3424 packets received, 7758 bps, 96.97%, Err 0 (0.0e+00)
906.346 .... 3432 packets received, 7758 bps, 96.97%, Err 0 (0.0e+00)
908.455 .... 3440 packets received, 7758 bps, 96.97%, Err 0 (0.0e+00)
910.577 .... 3448 packets received, 7757 bps, 96.97%, Err 0 (0.0e+00)
912.690 .... 3456 packets received, 7757 bps, 96.97%, Err 0 (0.0e+00)
914.788 .... 3464 packets received, 7758 bps, 96.97%, Err 0 (0.0e+00)
916.903 .... 3472 packets received, 7758 bps, 96.97%, Err 0 (0.0e+00)
919.016 .... 3480 packets received, 7758 bps, 96.97%, Err 0 (0.0e+00)
921.133 .... 3488 packets received, 7758 bps, 96.97%, Err 0 (0.0e+00)
923.246 .... 3496 packets received, 7758 bps, 96.97%, Err 0 (0.0e+00)
925.341 .... 3504 packets received, 7758 bps, 96.97%, Err 0 (0.0e+00)
927.468 .... 3512 packets received, 7758 bps, 96.97%, Err 0 (0.0e+00)
929.580 .... 3520 packets received, 7758 bps, 96.97%, Err 0 (0.0e+00)
931.697 .... 3528 packets received, 7757 bps, 96.97%, Err 0 (0.0e+00)
933.811 .... 3536 packets received, 7757 bps, 96.97%, Err 0 (0.0e+00)
935.923 .... 3544 packets received, 7757 bps, 96.97%, Err 0 (0.0e+00)
938.024 .... 3552 packets received, 7758 bps, 96.97%, Err 0 (0.0e+00)
940.123 .... 3560 packets received, 7758 bps, 96.97%, Err 0 (0.0e+00)
942.244 .... 3568 packets received, 7758 bps, 96.97%, Err 0 (0.0e+00)
944.358 .... 3576 packets received, 7758 bps, 96.97%, Err 0 (0.0e+00)
946.459 .... 3584 packets received, 7758 bps, 96.97%, Err 0 (0.0e+00)
948.587 .... 3592 packets received, 7758 bps, 96.97%, Err 0 (0.0e+00)
950.684 .... 3600 packets received, 7758 bps, 96.97%, Err 0 (0.0e+00)
952.797 .... 3608 packets received, 7758 bps, 96.97%, Err 0 (0.0e+00)
954.917 .... 3616 packets received, 7758 bps, 96.97%, Err 0 (0.0e+00)
957.031 .... 3624 packets received, 7758 bps, 96.97%, Err 0 (0.0e+00)
959.145 .... 3632 packets received, 7758 bps, 96.97%, Err 0 (0.0e+00)
961.258 .... 3640 packets received, 7758 bps, 96.97%, Err 0 (0.0e+00)
963.356 .... 3648 packets received, 7758 bps, 96.97%, Err 0 (0.0e+00)
965.473 .... 3656 packets received, 7758 bps, 96.97%, Err 0 (0.0e+00)
967.600 .... 3664 packets received, 7757 bps, 96.97%, Err 0 (0.0e+00)
969.701 .... 3672 packets received, 7758 bps, 96.97%, Err 0 (0.0e+00)
971.816 .... 3680 packets received, 7758 bps, 96.97%, Err 0 (0.0e+00)
973.913 .... 3688 packets received, 7758 bps, 96.97%, Err 0 (0.0e+00)
976.027 .... 3696 packets received, 7758 bps, 96.97%, Err 0 (0.0e+00)
978.156 .... 3704 packets received, 7758 bps, 96.97%, Err 0 (0.0e+00)
980.269 .... 3712 packets received, 7758 bps, 96.97%, Err 0 (0.0e+00)
982.383 .... 3720 packets received, 7758 bps, 96.97%, Err 0 (0.0e+00)
984.496 .... 3728 packets received, 7757 bps, 96.97%, Err 0 (0.0e+00)
986.611 .... 3736 packets received, 7757 bps, 96.97%, Err 0 (0.0e+00)
988.710 .... 3744 packets received, 7758 bps, 96.97%, Err 0 (0.0e+00)
990.824 .... 3752 packets received, 7758 bps, 96.97%, Err 0 (0.0e+00)
992.937 .... 3760 packets received, 7758 bps, 96.97%, Err 0 (0.0e+00)
995.049 .... 3768 packets received, 7758 bps, 96.97%, Err 0 (0.0e+00)
997.162 .... 3776 packets received, 7758 bps, 96.97%, Err 0 (0.0e+00)
999.260 .... 3784 packets received, 7758 bps, 96.97%, Err 0 (0.0e+00)
1001.388 .... 3792 packets received, 7758 bps, 96.97%, Err 0 (0.0e+00)
1003.500 .... 3800 packets received, 7758 bps, 96.97%, Err 0 (0.0e+00)
1005.601 .... 3808 packets received, 7758 bps, 96.97%, Err 0 (0.0e+00)
1007.707 .... 3816 packets received, 7758 bps, 96.97%, Err 0 (0.0e+00)
1009.839 .... 3824 packets received, 7758 bps, 96.97%, Err 0 (0.0e+00)
1011.959 .... 3832 packets received, 7757 bps, 96.97%, Err 0 (0.0e+00)
1014.057 .... 3840 packets received, 7758 bps, 96.97%, Err 0 (0.0e+00)
1016.155 .... 3848 packets received, 7758 bps, 96.97%, Err 0 (0.0e+00)
1018.283 .... 3856 packets received, 7758 bps, 96.97%, Err 0 (0.0e+00)
1020.381 .... 3864 packets received, 7758 bps, 96.97%, Err 0 (0.0e+00)
1022.499 .... 3872 packets received, 7758 bps, 96.97%, Err 0 (0.0e+00)
1024.596 .... 3880 packets received, 7758 bps, 96.97%, Err 0 (0.0e+00)
1026.711 .... 3888 packets received, 7758 bps, 96.97%, Err 0 (0.0e+00)
1028.826 .... 3896 packets received, 7758 bps, 96.97%, Err 0 (0.0e+00)
1030.954 .... 3904 packets received, 7758 bps, 96.97%, Err 0 (0.0e+00)
1033.067 .... 3912 packets received, 7758 bps, 96.97%, Err 0 (0.0e+00)
1035.167 .... 3920 packets received, 7758 bps, 96.97%, Err 0 (0.0e+00)
1037.293 .... 3928 packets received, 7758 bps, 96.97%, Err 0 (0.0e+00)
1039.404 .... 3936 packets received, 7758 bps, 96.97%, Err 0 (0.0e+00)
1041.515 .... 3944 packets received, 7758 bps, 96.97%, Err 0 (0.0e+00)
1043.625 .... 3952 packets received, 7758 bps, 96.97%, Err 0 (0.0e+00)
1045.735 .... 3960 packets received, 7758 bps, 96.97%, Err 0 (0.0e+00)
1047.848 .... 3968 packets received, 7758 bps, 96.97%, Err 0 (0.0e+00)
1049.960 .... 3976 packets received, 7758 bps, 96.97%, Err 0 (0.0e+00)
1052.057 .... 3984 packets received, 7758 bps, 96.97%, Err 0 (0.0e+00)
1054.184 .... 3992 packets received, 7758 bps, 96.97%, Err 0 (0.0e+00)
1056.300 .... 4000 packets received, 7758 bps, 96.97%, Err 0 (0.0e+00)
1058.411 .... 4008 packets received, 7758 bps, 96.97%, Err 0 (0.0e+00)
1060.509 .... 4016 packets received, 7758 bps, 96.97%, Err 0 (0.0e+00)
1062.608 .... 4024 packets received, 7758 bps, 96.97%, Err 0 (0.0e+00)
1064.734 .... 4032 packets received, 7758 bps, 96.97%, Err 0 (0.0e+00)
1066.862 .... 4040 packets received, 7758 bps, 96.97%, Err 0 (0.0e+00)
1068.957 .... 4048 packets received, 7758 bps, 96.97%, Err 0 (0.0e+00)
1071.087 .... 4056 packets received, 7758 bps, 96.97%, Err 0 (0.0e+00)
1073.201 .... 4064 packets received, 7757 bps, 96.97%, Err 0 (0.0e+00)
1075.306 .... 4072 packets received, 7758 bps, 96.97%, Err 0 (0.0e+00)
1077.420 .... 4080 packets received, 7758 bps, 96.97%, Err 0 (0.0e+00)
1079.522 .... 4088 packets received, 7758 bps, 96.97%, Err 0 (0.0e+00)
1081.649 .... 4096 packets received, 7757 bps, 96.97%, Err 0 (0.0e+00)
1083.745 .... 4104 packets received, 7758 bps, 96.97%, Err 0 (0.0e+00)
1085.872 .... 4112 packets received, 7758 bps, 96.97%, Err 0 (0.0e+00)
1087.969 .... 4120 packets received, 7758 bps, 96.97%, Err 0 (0.0e+00)
1090.085 .... 4128 packets received, 7758 bps, 96.97%, Err 0 (0.0e+00)
1092.212 .... 4136 packets received, 7757 bps, 96.97%, Err 0 (0.0e+00)
1094.297 .... 4144 packets received, 7758 bps, 96.97%, Err 0 (0.0e+00)
1096.414 .... 4152 packets received, 7758 bps, 96.97%, Err 0 (0.0e+00)
1098.525 .... 4160 packets received, 7758 bps, 96.97%, Err 0 (0.0e+00)
1100.653 .... 4168 packets received, 7758 bps, 96.97%, Err 0 (0.0e+00)
1102.765 .... 4176 packets received, 7758 bps, 96.97%, Err 0 (0.0e+00)
1104.862 .... 4184 packets received, 7758 bps, 96.97%, Err 0 (0.0e+00)
1106.975 .... 4192 packets received, 7758 bps, 96.97%, Err 0 (0.0e+00)
1109.087 .... 4200 packets received, 7758 bps, 96.97%, Err 0 (0.0e+00)
1111.211 .... 4208 packets received, 7758 bps, 96.97%, Err 0 (0.0e+00)
1113.321 .... 4216 packets received, 7758 bps, 96.97%, Err 0 (0.0e+00)
1115.433 .... 4224 packets received, 7758 bps, 96.97%, Err 0 (0.0e+00)
1117.543 .... 4232 packets received, 7758 bps, 96.97%, Err 0 (0.0e+00)
1119.651 .... 4240 packets received, 7758 bps, 96.97%, Err 0 (0.0e+00)
1121.764 .... 4248 packets received, 7758 bps, 96.97%, Err 0 (0.0e+00)
1123.891 .... 4256 packets received, 7757 bps, 96.97%, Err 0 (0.0e+00)
1125.988 .... 4264 packets received, 7758 bps, 96.97%, Err 0 (0.0e+00)
1128.100 .... 4272 packets received, 7758 bps, 96.97%, Err 0 (0.0e+00)
1130.228 .... 4280 packets received, 7757 bps, 96.97%, Err 0 (0.0e+00)
1132.326 .... 4288 packets received, 7758 bps, 96.97%, Err 0 (0.0e+00)
1134.453 .... 4296 packets received, 7757 bps, 96.97%, Err 0 (0.0e+00)
1136.548 .... 4304 packets received, 7758 bps, 96.97%, Err 0 (0.0e+00)
1138.675 .... 4312 packets received, 7757 bps, 96.97%, Err 0 (0.0e+00)
1140.773 .... 4320 packets received, 7758 bps, 96.97%, Err 0 (0.0e+00)
1142.890 .... 4328 packets received, 7758 bps, 96.97%, Err 0 (0.0e+00)
1144.989 .... 4336 packets received, 7758 bps, 96.97%, Err 0 (0.0e+00)
1147.117 .... 4344 packets received, 7758 bps, 96.97%, Err 0 (0.0e+00)
1149.215 .... 4352 packets received, 7758 bps, 96.97%, Err 0 (0.0e+00)
1151.329 .... 4360 packets received, 7758 bps, 96.97%, Err 0 (0.0e+00)
1153.436 .... 4368 packets received, 7758 bps, 96.97%, Err 0 (0.0e+00)
1155.551 .... 4376 packets received, 7758 bps, 96.97%, Err 0 (0.0e+00)
1157.671 .... 4384 packets received, 7758 bps, 96.97%, Err 0 (0.0e+00)
1159.784 .... 4392 packets received, 7758 bps, 96.97%, Err 0 (0.0e+00)
1161.897 .... 4400 packets received, 7758 bps, 96.97%, Err 0 (0.0e+00)
1164.011 .... 4408 packets received, 7758 bps, 96.97%, Err 0 (0.0e+00)
1166.126 .... 4416 packets received, 7758 bps, 96.97%, Err 0 (0.0e+00)
1168.239 .... 4424 packets received, 7758 bps, 96.97%, Err 0 (0.0e+00)
1170.353 .... 4432 packets received, 7758 bps, 96.97%, Err 0 (0.0e+00)
1172.467 .... 4440 packets received, 7757 bps, 96.97%, Err 0 (0.0e+00)
1174.580 .... 4448 packets received, 7757 bps, 96.97%, Err 0 (0.0e+00)
1176.680 .... 4456 packets received, 7758 bps, 96.97%, Err 0 (0.0e+00)
1178.794 .... 4464 packets received, 7758 bps, 96.97%, Err 0 (0.0e+00)
1180.908 .... 4472 packets received, 7758 bps, 96.97%, Err 0 (0.0e+00)
1183.007 .... 4480 packets received, 7758 bps, 96.97%, Err 0 (0.0e+00)
1185.119 .... 4488 packets received, 7758 bps, 96.97%, Err 0 (0.0e+00)
1187.248 .... 4496 packets received, 7758 bps, 96.97%, Err 0 (0.0e+00)
1189.349 .... 4504 packets received, 7758 bps, 96.97%, Err 0 (0.0e+00)
1191.477 .... 4512 packets received, 7757 bps, 96.97%, Err 0 (0.0e+00)
1193.575 .... 4520 packets received, 7758 bps, 96.97%, Err 0 (0.0e+00)
1195.675 .... 4528 packets received, 7758 bps, 96.97%, Err 0 (0.0e+00)
1197.804 .... 4536 packets received, 7758 bps, 96.97%, Err 0 (0.0e+00)
1199.918 .... 4544 packets received, 7758 bps, 96.97%, Err 0 (0.0e+00)
1202.032 .... 4552 packets received, 7758 bps, 96.97%, Err 0 (0.0e+00)
1204.131 .... 4560 packets received, 7758 bps, 96.97%, Err 0 (0.0e+00)
1206.259 .... 4568 packets received, 7757 bps, 96.97%, Err 0 (0.0e+00)
1208.371 .... 4576 packets received, 7757 bps, 96.97%, Err 0 (0.0e+00)
1210.471 .... 4584 packets received, 7758 bps, 96.97%, Err 0 (0.0e+00)
1212.584 .... 4592 packets received, 7758 bps, 96.97%, Err 0 (0.0e+00)
1214.681 .... 4600 packets received, 7758 bps, 96.97%, Err 0 (0.0e+00)
1216.795 .... 4608 packets received, 7758 bps, 96.97%, Err 0 (0.0e+00)
1218.908 .... 4616 packets received, 7758 bps, 96.97%, Err 0 (0.0e+00)
1221.022 .... 4624 packets received, 7758 bps, 96.97%, Err 0 (0.0e+00)
1223.149 .... 4632 packets received, 7758 bps, 96.97%, Err 0 (0.0e+00)
1225.246 .... 4640 packets received, 7758 bps, 96.97%, Err 0 (0.0e+00)
1227.371 .... 4648 packets received, 7758 bps, 96.97%, Err 0 (0.0e+00)
1229.480 .... 4656 packets received, 7758 bps, 96.97%, Err 0 (0.0e+00)
1231.591 .... 4664 packets received, 7758 bps, 96.97%, Err 0 (0.0e+00)
1233.701 .... 4672 packets received, 7758 bps, 96.97%, Err 0 (0.0e+00)
1235.813 .... 4680 packets received, 7758 bps, 96.97%, Err 0 (0.0e+00)
1237.926 .... 4688 packets received, 7758 bps, 96.97%, Err 0 (0.0e+00)
1240.037 .... 4696 packets received, 7758 bps, 96.97%, Err 0 (0.0e+00)
1242.147 .... 4704 packets received, 7758 bps, 96.97%, Err 0 (0.0e+00)
1244.258 .... 4712 packets received, 7758 bps, 96.97%, Err 0 (0.0e+00)
1246.385 .... 4720 packets received, 7758 bps, 96.97%, Err 0 (0.0e+00)
1248.496 .... 4728 packets received, 7758 bps, 96.97%, Err 0 (0.0e+00)
1250.608 .... 4736 packets received, 7758 bps, 96.97%, Err 0 (0.0e+00)
1252.721 .... 4744 packets received, 7758 bps, 96.97%, Err 0 (0.0e+00)
1254.818 .... 4752 packets received, 7758 bps, 96.97%, Err 0 (0.0e+00)
1256.946 .... 4760 packets received, 7758 bps, 96.97%, Err 0 (0.0e+00)
1259.044 .... 4768 packets received, 7758 bps, 96.97%, Err 0 (0.0e+00)
1261.156 .... 4776 packets received, 7758 bps, 96.97%, Err 0 (0.0e+00)
1263.268 .... 4784 packets received, 7758 bps, 96.97%, Err 0 (0.0e+00)
1265.379 .... 4792 packets received, 7758 bps, 96.97%, Err 0 (0.0e+00)
1267.490 .... 4800 packets received, 7758 bps, 96.97%, Err 0 (0.0e+00)
1269.600 .... 4808 packets received, 7758 bps, 96.97%, Err 0 (0.0e+00)
1271.727 .... 4816 packets received, 7758 bps, 96.97%, Err 0 (0.0e+00)
1273.824 .... 4824 packets received, 7758 bps, 96.97%, Err 0 (0.0e+00)
1275.935 .... 4832 packets received, 7758 bps, 96.97%, Err 0 (0.0e+00)
1278.062 .... 4840 packets received, 7758 bps, 96.97%, Err 0 (0.0e+00)
1280.173 .... 4848 packets received, 7758 bps, 96.97%, Err 0 (0.0e+00)
1282.284 .... 4856 packets received, 7758 bps, 96.97%, Err 0 (0.0e+00)
1284.382 .... 4864 packets received, 7758 bps, 96.97%, Err 0 (0.0e+00)
1286.511 .... 4872 packets received, 7758 bps, 96.97%, Err 0 (0.0e+00)
1288.609 .... 4880 packets received, 7758 bps, 96.97%, Err 0 (0.0e+00)
1290.736 .... 4888 packets received, 7758 bps, 96.97%, Err 0 (0.0e+00)
1292.833 .... 4896 packets received, 7758 bps, 96.97%, Err 0 (0.0e+00)
1294.945 .... 4904 packets received, 7758 bps, 96.97%, Err 0 (0.0e+00)
1297.075 .... 4912 packets received, 7758 bps, 96.97%, Err 0 (0.0e+00)
1299.173 .... 4920 packets received, 7758 bps, 96.97%, Err 0 (0.0e+00)
1301.286 .... 4928 packets received, 7758 bps, 96.97%, Err 0 (0.0e+00)
1303.397 .... 4936 packets received, 7758 bps, 96.97%, Err 0 (0.0e+00)
1305.510 .... 4944 packets received, 7758 bps, 96.97%, Err 0 (0.0e+00)
1307.623 .... 4952 packets received, 7758 bps, 96.97%, Err 0 (0.0e+00)
1309.721 .... 4960 packets received, 7758 bps, 96.97%, Err 0 (0.0e+00)
1311.848 .... 4968 packets received, 7758 bps, 96.97%, Err 0 (0.0e+00)
1313.958 .... 4976 packets received, 7758 bps, 96.97%, Err 0 (0.0e+00)
1316.067 .... 4984 packets received, 7758 bps, 96.97%, Err 0 (0.0e+00)
1318.177 .... 4992 packets received, 7758 bps, 96.97%, Err 0 (0.0e+00)
1320.288 .... 5000 packets received, 7758 bps, 96.97%, Err 0 (0.0e+00)
1322.398 .... 5008 packets received, 7758 bps, 96.97%, Err 0 (0.0e+00)
1324.509 .... 5016 packets received, 7758 bps, 96.97%, Err 0 (0.0e+00)
1326.634 .... 5024 packets received, 7758 bps, 96.97%, Err 0 (0.0e+00)
1328.747 .... 5032 packets received, 7758 bps, 96.97%, Err 0 (0.0e+00)
1330.846 .... 5040 packets received, 7758 bps, 96.97%, Err 0 (0.0e+00)
1332.972 .... 5048 packets received, 7758 bps, 96.97%, Err 0 (0.0e+00)
1335.083 .... 5056 packets received, 7758 bps, 96.97%, Err 0 (0.0e+00)
1337.194 .... 5064 packets received, 7758 bps, 96.97%, Err 0 (0.0e+00)
1339.305 .... 5072 packets received, 7758 bps, 96.97%, Err 0 (0.0e+00)
1341.415 .... 5080 packets received, 7758 bps, 96.97%, Err 0 (0.0e+00)
1343.527 .... 5088 packets received, 7758 bps, 96.97%, Err 0 (0.0e+00)
1345.639 .... 5096 packets received, 7758 bps, 96.97%, Err 0 (0.0e+00)
1347.751 .... 5104 packets received, 7758 bps, 96.97%, Err 0 (0.0e+00)
1349.850 .... 5112 packets received, 7758 bps, 96.97%, Err 0 (0.0e+00)
1351.964 .... 5120 packets received, 7758 bps, 96.97%, Err 0 (0.0e+00)
1354.077 .... 5128 packets received, 7758 bps, 96.97%, Err 0 (0.0e+00)
1356.205 .... 5136 packets received, 7758 bps, 96.97%, Err 0 (0.0e+00)
1358.303 .... 5144 packets received, 7758 bps, 96.97%, Err 0 (0.0e+00)
1360.433 .... 5152 packets received, 7758 bps, 96.97%, Err 0 (0.0e+00)
1362.532 .... 5160 packets received, 7758 bps, 96.97%, Err 0 (0.0e+00)
1364.646 .... 5168 packets received, 7758 bps, 96.97%, Err 0 (0.0e+00)
1366.760 .... 5176 packets received, 7758 bps, 96.97%, Err 0 (0.0e+00)
1368.858 .... 5184 packets received, 7758 bps, 96.97%, Err 0 (0.0e+00)
1370.971 .... 5192 packets received, 7758 bps, 96.97%, Err 0 (0.0e+00)
1373.086 .... 5200 packets received, 7758 bps, 96.97%, Err 0 (0.0e+00)
1375.214 .... 5208 packets received, 7758 bps, 96.97%, Err 0 (0.0e+00)
1377.314 .... 5216 packets received, 7758 bps, 96.97%, Err 0 (0.0e+00)
1379.428 .... 5224 packets received, 7758 bps, 96.97%, Err 0 (0.0e+00)
1381.556 .... 5232 packets received, 7757 bps, 96.97%, Err 0 (0.0e+00)
1383.641 .... 5240 packets received, 7758 bps, 96.97%, Err 0 (0.0e+00)
1385.770 .... 5248 packets received, 7758 bps, 96.97%, Err 0 (0.0e+00)
1387.883 .... 5256 packets received, 7758 bps, 96.97%, Err 0 (0.0e+00)
1389.982 .... 5264 packets received, 7758 bps, 96.97%, Err 0 (0.0e+00)
1392.110 .... 5272 packets received, 7758 bps, 96.97%, Err 0 (0.0e+00)
1394.223 .... 5280 packets received, 7758 bps, 96.97%, Err 0 (0.0e+00)
1396.336 .... 5288 packets received, 7758 bps, 96.97%, Err 0 (0.0e+00)
1398.437 .... 5296 packets received, 7758 bps, 96.97%, Err 0 (0.0e+00)
1400.542 .... 5304 packets received, 7758 bps, 96.97%, Err 0 (0.0e+00)
1402.672 .... 5312 packets received, 7758 bps, 96.97%, Err 0 (0.0e+00)
1404.776 .... 5320 packets received, 7758 bps, 96.97%, Err 0 (0.0e+00)
1406.875 .... 5328 packets received, 7758 bps, 96.97%, Err 0 (0.0e+00)
1408.988 .... 5336 packets received, 7758 bps, 96.97%, Err 0 (0.0e+00)
1411.118 .... 5344 packets received, 7758 bps, 96.97%, Err 0 (0.0e+00)
1413.229 .... 5352 packets received, 7758 bps, 96.97%, Err 0 (0.0e+00)
1415.328 .... 5360 packets received, 7758 bps, 96.97%, Err 0 (0.0e+00)
1417.443 .... 5368 packets received, 7758 bps, 96.97%, Err 0 (0.0e+00)
1417.976 TCP Disconnected.
