./selective -au -port 1235 -log sau.log 
=========================================================================
                          Station A                                 
-------------------------------------------------------------------------
Protocol.lib, version 3.0, Build: Oct 19 2009 (jiangy@public3.bta.net.cn)
Channel: 8000 bps, 270 ms propagation delay, bit error rate 0
Log file "sau.log", TCP port 1235, debug mask 0x00
Station A is waiting for station B on TCP port 1235 ... Done.
New epoch: Sun Nov 22 11:39:08 2009
=========================================================================
Designed by JackalDire
3.417 .... 8 packets received, 7769 bps, 97.11%, Err 0 (0.0e+00)
5.542 .... 16 packets received, 7739 bps, 96.74%, Err 0 (0.0e+00)
7.637 .... 24 packets received, 7767 bps, 97.09%, Err 0 (0.0e+00)
9.762 .... 32 packets received, 7752 bps, 96.90%, Err 0 (0.0e+00)
11.872 .... 40 packets received, 7755 bps, 96.93%, Err 0 (0.0e+00)
13.983 .... 48 packets received, 7756 bps, 96.95%, Err 0 (0.0e+00)
16.094 .... 56 packets received, 7757 bps, 96.96%, Err 0 (0.0e+00)
18.219 .... 64 packets received, 7751 bps, 96.88%, Err 0 (0.0e+00)
20.328 .... 72 packets received, 7753 bps, 96.91%, Err 0 (0.0e+00)
22.439 .... 80 packets received, 7754 bps, 96.92%, Err 0 (0.0e+00)
24.550 .... 88 packets received, 7754 bps, 96.93%, Err 0 (0.0e+00)
26.665 .... 96 packets received, 7754 bps, 96.92%, Err 0 (0.0e+00)
28.762 .... 104 packets received, 7758 bps, 96.98%, Err 0 (0.0e+00)
30.889 .... 112 packets received, 7754 bps, 96.93%, Err 0 (0.0e+00)
32.985 .... 120 packets received, 7758 bps, 96.98%, Err 0 (0.0e+00)
35.094 .... 128 packets received, 7759 bps, 96.99%, Err 0 (0.0e+00)
37.208 .... 136 packets received, 7758 bps, 96.98%, Err 0 (0.0e+00)
39.324 .... 144 packets received, 7758 bps, 96.97%, Err 0 (0.0e+00)
41.449 .... 152 packets received, 7755 bps, 96.94%, Err 0 (0.0e+00)
43.559 .... 160 packets received, 7756 bps, 96.94%, Err 0 (0.0e+00)
45.672 .... 168 packets received, 7755 bps, 96.94%, Err 0 (0.0e+00)
47.790 .... 176 packets received, 7755 bps, 96.93%, Err 0 (0.0e+00)
49.904 .... 184 packets received, 7754 bps, 96.93%, Err 0 (0.0e+00)
52.004 .... 192 packets received, 7756 bps, 96.95%, Err 0 (0.0e+00)
54.115 .... 200 packets received, 7757 bps, 96.96%, Err 0 (0.0e+00)
56.234 .... 208 packets received, 7756 bps, 96.94%, Err 0 (0.0e+00)
58.335 .... 216 packets received, 7757 bps, 96.96%, Err 0 (0.0e+00)
60.455 .... 224 packets received, 7756 bps, 96.95%, Err 0 (0.0e+00)
62.554 .... 232 packets received, 7758 bps, 96.97%, Err 0 (0.0e+00)
64.683 .... 240 packets received, 7756 bps, 96.95%, Err 0 (0.0e+00)
66.787 .... 248 packets received, 7757 bps, 96.96%, Err 0 (0.0e+00)
68.901 .... 256 packets received, 7757 bps, 96.96%, Err 0 (0.0e+00)
71.018 .... 264 packets received, 7756 bps, 96.95%, Err 0 (0.0e+00)
73.118 .... 272 packets received, 7757 bps, 96.97%, Err 0 (0.0e+00)
75.243 .... 280 packets received, 7756 bps, 96.95%, Err 0 (0.0e+00)
77.353 .... 288 packets received, 7756 bps, 96.95%, Err 0 (0.0e+00)
79.466 .... 296 packets received, 7756 bps, 96.95%, Err 0 (0.0e+00)
81.579 .... 304 packets received, 7756 bps, 96.95%, Err 0 (0.0e+00)
83.691 .... 312 packets received, 7756 bps, 96.95%, Err 0 (0.0e+00)
85.801 .... 320 packets received, 7756 bps, 96.95%, Err 0 (0.0e+00)
87.914 .... 328 packets received, 7756 bps, 96.95%, Err 0 (0.0e+00)
90.026 .... 336 packets received, 7756 bps, 96.95%, Err 0 (0.0e+00)
92.122 .... 344 packets received, 7758 bps, 96.97%, Err 0 (0.0e+00)
94.234 .... 352 packets received, 7758 bps, 96.97%, Err 0 (0.0e+00)
96.343 .... 360 packets received, 7758 bps, 96.97%, Err 0 (0.0e+00)
98.468 .... 368 packets received, 7757 bps, 96.96%, Err 0 (0.0e+00)
100.577 .... 376 packets received, 7757 bps, 96.96%, Err 0 (0.0e+00)
104.614 .... 377 packets received, 7474 bps, 93.42%, Err 0 (0.0e+00)
108.693 .... 378 packets received, 7209 bps, 90.11%, Err 0 (0.0e+00)
112.841 .... 379 packets received, 6959 bps, 86.99%, Err 0 (0.0e+00)
116.923 .... 380 packets received, 6731 bps, 84.14%, Err 0 (0.0e+00)
120.974 .... 381 packets received, 6521 bps, 81.51%, Err 0 (0.0e+00)
125.164 .... 382 packets received, 6316 bps, 78.96%, Err 0 (0.0e+00)
129.248 .... 383 packets received, 6131 bps, 76.64%, Err 0 (0.0e+00)
133.351 .... 384 packets received, 5956 bps, 74.45%, Err 0 (0.0e+00)
137.389 .... 385 packets received, 5794 bps, 72.43%, Err 0 (0.0e+00)
141.506 .... 386 packets received, 5639 bps, 70.48%, Err 0 (0.0e+00)
145.602 .... 387 packets received, 5493 bps, 68.66%, Err 0 (0.0e+00)
149.763 .... 388 packets received, 5353 bps, 66.91%, Err 0 (0.0e+00)
153.806 .... 389 packets received, 5224 bps, 65.30%, Err 0 (0.0e+00)
157.878 .... 390 packets received, 5101 bps, 63.77%, Err 0 (0.0e+00)
161.943 .... 391 packets received, 4985 bps, 62.31%, Err 0 (0.0e+00)
165.983 .... 392 packets received, 4875 bps, 60.94%, Err 0 (0.0e+00)
170.062 .... 393 packets received, 4769 bps, 59.62%, Err 0 (0.0e+00)
174.129 .... 394 packets received, 4669 bps, 58.36%, Err 0 (0.0e+00)
178.168 .... 395 packets received, 4574 bps, 57.18%, Err 0 (0.0e+00)
182.246 .... 396 packets received, 4482 bps, 56.03%, Err 0 (0.0e+00)
186.303 .... 397 packets received, 4395 bps, 54.94%, Err 0 (0.0e+00)
190.404 .... 398 packets received, 4311 bps, 53.88%, Err 0 (0.0e+00)
194.553 .... 399 packets received, 4229 bps, 52.86%, Err 0 (0.0e+00)
198.669 .... 400 packets received, 4151 bps, 51.88%, Err 0 (0.0e+00)
200.793 .... 402 packets received, 4127 bps, 51.59%, Err 0 (0.0e+00)
202.908 .... 410 packets received, 4165 bps, 52.06%, Err 0 (0.0e+00)
205.019 .... 418 packets received, 4202 bps, 52.53%, Err 0 (0.0e+00)
207.131 .... 426 packets received, 4239 bps, 52.99%, Err 0 (0.0e+00)
209.244 .... 434 packets received, 4275 bps, 53.43%, Err 0 (0.0e+00)
211.357 .... 442 packets received, 4310 bps, 53.87%, Err 0 (0.0e+00)
213.484 .... 450 packets received, 4344 bps, 54.29%, Err 0 (0.0e+00)
215.596 .... 458 packets received, 4377 bps, 54.72%, Err 0 (0.0e+00)
217.708 .... 466 packets received, 4410 bps, 55.13%, Err 0 (0.0e+00)
219.820 .... 474 packets received, 4443 bps, 55.53%, Err 0 (0.0e+00)
221.933 .... 482 packets received, 4474 bps, 55.93%, Err 0 (0.0e+00)
224.030 .... 490 packets received, 4506 bps, 56.32%, Err 0 (0.0e+00)
226.141 .... 498 packets received, 4536 bps, 56.70%, Err 0 (0.0e+00)
228.257 .... 506 packets received, 4566 bps, 57.08%, Err 0 (0.0e+00)
230.367 .... 514 packets received, 4596 bps, 57.45%, Err 0 (0.0e+00)
232.478 .... 522 packets received, 4625 bps, 57.81%, Err 0 (0.0e+00)
234.587 .... 530 packets received, 4653 bps, 58.16%, Err 0 (0.0e+00)
236.701 .... 538 packets received, 4681 bps, 58.51%, Err 0 (0.0e+00)
238.815 .... 546 packets received, 4708 bps, 58.85%, Err 0 (0.0e+00)
240.945 .... 554 packets received, 4735 bps, 59.18%, Err 0 (0.0e+00)
243.043 .... 562 packets received, 4761 bps, 59.52%, Err 0 (0.0e+00)
245.158 .... 570 packets received, 4787 bps, 59.84%, Err 0 (0.0e+00)
247.260 .... 578 packets received, 4813 bps, 60.16%, Err 0 (0.0e+00)
249.389 .... 586 packets received, 4838 bps, 60.47%, Err 0 (0.0e+00)
251.492 .... 594 packets received, 4862 bps, 60.78%, Err 0 (0.0e+00)
253.608 .... 602 packets received, 4887 bps, 61.08%, Err 0 (0.0e+00)
255.720 .... 610 packets received, 4910 bps, 61.38%, Err 0 (0.0e+00)
257.832 .... 618 packets received, 4934 bps, 61.67%, Err 0 (0.0e+00)
259.943 .... 626 packets received, 4957 bps, 61.96%, Err 0 (0.0e+00)
262.039 .... 634 packets received, 4980 bps, 62.25%, Err 0 (0.0e+00)
264.155 .... 642 packets received, 5002 bps, 62.53%, Err 0 (0.0e+00)
266.267 .... 650 packets received, 5024 bps, 62.80%, Err 0 (0.0e+00)
268.395 .... 658 packets received, 5045 bps, 63.07%, Err 0 (0.0e+00)
270.506 .... 666 packets received, 5067 bps, 63.33%, Err 0 (0.0e+00)
272.619 .... 674 packets received, 5088 bps, 63.60%, Err 0 (0.0e+00)
274.702 .... 682 packets received, 5109 bps, 63.86%, Err 0 (0.0e+00)
276.830 .... 690 packets received, 5129 bps, 64.11%, Err 0 (0.0e+00)
278.942 .... 698 packets received, 5149 bps, 64.36%, Err 0 (0.0e+00)
281.067 .... 706 packets received, 5168 bps, 64.60%, Err 0 (0.0e+00)
283.177 .... 714 packets received, 5188 bps, 64.85%, Err 0 (0.0e+00)
285.273 .... 722 packets received, 5207 bps, 65.09%, Err 0 (0.0e+00)
287.403 .... 730 packets received, 5226 bps, 65.32%, Err 0 (0.0e+00)
289.494 .... 738 packets received, 5245 bps, 65.56%, Err 0 (0.0e+00)
291.622 .... 746 packets received, 5263 bps, 65.78%, Err 0 (0.0e+00)
293.725 .... 754 packets received, 5281 bps, 66.01%, Err 0 (0.0e+00)
295.838 .... 762 packets received, 5299 bps, 66.23%, Err 0 (0.0e+00)
297.965 .... 770 packets received, 5316 bps, 66.45%, Err 0 (0.0e+00)
300.070 .... 778 packets received, 5333 bps, 66.66%, Err 0 (0.0e+00)
304.637 .... 781 packets received, 5273 bps, 65.91%, Err 0 (0.0e+00)
308.802 .... 782 packets received, 5208 bps, 65.10%, Err 0 (0.0e+00)
312.891 .... 783 packets received, 5147 bps, 64.33%, Err 0 (0.0e+00)
316.941 .... 784 packets received, 5087 bps, 63.59%, Err 0 (0.0e+00)
321.013 .... 785 packets received, 5029 bps, 62.86%, Err 0 (0.0e+00)
325.154 .... 786 packets received, 4971 bps, 62.13%, Err 0 (0.0e+00)
329.283 .... 787 packets received, 4914 bps, 61.43%, Err 0 (0.0e+00)
333.371 .... 788 packets received, 4860 bps, 60.75%, Err 0 (0.0e+00)
337.514 .... 789 packets received, 4806 bps, 60.08%, Err 0 (0.0e+00)
341.552 .... 790 packets received, 4755 bps, 59.44%, Err 0 (0.0e+00)
345.642 .... 791 packets received, 4705 bps, 58.81%, Err 0 (0.0e+00)
349.773 .... 792 packets received, 4655 bps, 58.18%, Err 0 (0.0e+00)
353.887 .... 793 packets received, 4606 bps, 57.58%, Err 0 (0.0e+00)
358.017 .... 794 packets received, 4559 bps, 56.98%, Err 0 (0.0e+00)
362.146 .... 795 packets received, 4512 bps, 56.40%, Err 0 (0.0e+00)
366.228 .... 796 packets received, 4467 bps, 55.84%, Err 0 (0.0e+00)
370.261 .... 797 packets received, 4424 bps, 55.30%, Err 0 (0.0e+00)
374.284 .... 798 packets received, 4382 bps, 54.77%, Err 0 (0.0e+00)
378.341 .... 799 packets received, 4340 bps, 54.25%, Err 0 (0.0e+00)
382.406 .... 800 packets received, 4299 bps, 53.74%, Err 0 (0.0e+00)
386.500 .... 801 packets received, 4259 bps, 53.23%, Err 0 (0.0e+00)
390.664 .... 802 packets received, 4218 bps, 52.73%, Err 0 (0.0e+00)
394.762 .... 803 packets received, 4180 bps, 52.25%, Err 0 (0.0e+00)
398.786 .... 804 packets received, 4143 bps, 51.78%, Err 0 (0.0e+00)
400.806 .... 806 packets received, 4132 bps, 51.65%, Err 0 (0.0e+00)
402.920 .... 814 packets received, 4151 bps, 51.89%, Err 0 (0.0e+00)
405.036 .... 822 packets received, 4170 bps, 52.12%, Err 0 (0.0e+00)
407.144 .... 830 packets received, 4188 bps, 52.36%, Err 0 (0.0e+00)
409.269 .... 838 packets received, 4207 bps, 52.59%, Err 0 (0.0e+00)
411.364 .... 846 packets received, 4225 bps, 52.82%, Err 0 (0.0e+00)
413.481 .... 854 packets received, 4243 bps, 53.04%, Err 0 (0.0e+00)
415.591 .... 862 packets received, 4261 bps, 53.27%, Err 0 (0.0e+00)
417.712 .... 870 packets received, 4279 bps, 53.49%, Err 0 (0.0e+00)
419.827 .... 878 packets received, 4296 bps, 53.71%, Err 0 (0.0e+00)
421.942 .... 886 packets received, 4314 bps, 53.92%, Err 0 (0.0e+00)
424.041 .... 894 packets received, 4331 bps, 54.14%, Err 0 (0.0e+00)
426.155 .... 902 packets received, 4348 bps, 54.35%, Err 0 (0.0e+00)
428.254 .... 910 packets received, 4365 bps, 54.56%, Err 0 (0.0e+00)
430.384 .... 918 packets received, 4382 bps, 54.77%, Err 0 (0.0e+00)
432.499 .... 926 packets received, 4398 bps, 54.98%, Err 0 (0.0e+00)
434.587 .... 934 packets received, 4415 bps, 55.18%, Err 0 (0.0e+00)
436.700 .... 942 packets received, 4431 bps, 55.39%, Err 0 (0.0e+00)
438.830 .... 950 packets received, 4447 bps, 55.59%, Err 0 (0.0e+00)
440.934 .... 958 packets received, 4463 bps, 55.79%, Err 0 (0.0e+00)
443.045 .... 966 packets received, 4479 bps, 55.98%, Err 0 (0.0e+00)
445.156 .... 974 packets received, 4494 bps, 56.18%, Err 0 (0.0e+00)
447.268 .... 982 packets received, 4510 bps, 56.37%, Err 0 (0.0e+00)
449.386 .... 990 packets received, 4525 bps, 56.56%, Err 0 (0.0e+00)
451.482 .... 998 packets received, 4540 bps, 56.75%, Err 0 (0.0e+00)
453.611 .... 1006 packets received, 4555 bps, 56.94%, Err 0 (0.0e+00)
455.728 .... 1014 packets received, 4570 bps, 57.12%, Err 0 (0.0e+00)
457.845 .... 1022 packets received, 4585 bps, 57.31%, Err 0 (0.0e+00)
459.931 .... 1030 packets received, 4600 bps, 57.49%, Err 0 (0.0e+00)
462.062 .... 1038 packets received, 4614 bps, 57.67%, Err 0 (0.0e+00)
464.178 .... 1046 packets received, 4628 bps, 57.85%, Err 0 (0.0e+00)
466.278 .... 1054 packets received, 4642 bps, 58.03%, Err 0 (0.0e+00)
468.390 .... 1062 packets received, 4657 bps, 58.21%, Err 0 (0.0e+00)
470.502 .... 1070 packets received, 4670 bps, 58.38%, Err 0 (0.0e+00)
472.613 .... 1078 packets received, 4684 bps, 58.55%, Err 0 (0.0e+00)
474.728 .... 1086 packets received, 4698 bps, 58.73%, Err 0 (0.0e+00)
476.841 .... 1094 packets received, 4712 bps, 58.89%, Err 0 (0.0e+00)
478.953 .... 1102 packets received, 4725 bps, 59.06%, Err 0 (0.0e+00)
481.067 .... 1110 packets received, 4738 bps, 59.23%, Err 0 (0.0e+00)
483.172 .... 1118 packets received, 4752 bps, 59.40%, Err 0 (0.0e+00)
485.289 .... 1126 packets received, 4765 bps, 59.56%, Err 0 (0.0e+00)
487.386 .... 1134 packets received, 4778 bps, 59.72%, Err 0 (0.0e+00)
489.513 .... 1142 packets received, 4791 bps, 59.88%, Err 0 (0.0e+00)
491.624 .... 1150 packets received, 4803 bps, 60.04%, Err 0 (0.0e+00)
493.722 .... 1158 packets received, 4816 bps, 60.20%, Err 0 (0.0e+00)
495.838 .... 1166 packets received, 4829 bps, 60.36%, Err 0 (0.0e+00)
497.958 .... 1174 packets received, 4841 bps, 60.51%, Err 0 (0.0e+00)
500.058 .... 1182 packets received, 4854 bps, 60.67%, Err 0 (0.0e+00)
504.338 .... 1184 packets received, 4820 bps, 60.26%, Err 0 (0.0e+00)
508.458 .... 1185 packets received, 4785 bps, 59.82%, Err 0 (0.0e+00)
512.617 .... 1186 packets received, 4750 bps, 59.38%, Err 0 (0.0e+00)
516.780 .... 1187 packets received, 4716 bps, 58.95%, Err 0 (0.0e+00)
520.821 .... 1188 packets received, 4683 bps, 58.54%, Err 0 (0.0e+00)
524.890 .... 1189 packets received, 4651 bps, 58.13%, Err 0 (0.0e+00)
528.941 .... 1190 packets received, 4619 bps, 57.74%, Err 0 (0.0e+00)
533.097 .... 1191 packets received, 4587 bps, 57.33%, Err 0 (0.0e+00)
537.224 .... 1192 packets received, 4555 bps, 56.94%, Err 0 (0.0e+00)
541.321 .... 1193 packets received, 4524 bps, 56.56%, Err 0 (0.0e+00)
545.372 .... 1194 packets received, 4495 bps, 56.18%, Err 0 (0.0e+00)
549.392 .... 1195 packets received, 4465 bps, 55.82%, Err 0 (0.0e+00)
553.506 .... 1196 packets received, 4436 bps, 55.45%, Err 0 (0.0e+00)
557.668 .... 1197 packets received, 4406 bps, 55.08%, Err 0 (0.0e+00)
561.764 .... 1198 packets received, 4378 bps, 54.72%, Err 0 (0.0e+00)
565.789 .... 1199 packets received, 4350 bps, 54.38%, Err 0 (0.0e+00)
569.934 .... 1200 packets received, 4322 bps, 54.02%, Err 0 (0.0e+00)
574.068 .... 1201 packets received, 4294 bps, 53.68%, Err 0 (0.0e+00)
578.286 .... 1202 packets received, 4267 bps, 53.33%, Err 0 (0.0e+00)
582.570 .... 1203 packets received, 4239 bps, 52.98%, Err 0 (0.0e+00)
586.749 .... 1204 packets received, 4212 bps, 52.65%, Err 0 (0.0e+00)
590.838 .... 1205 packets received, 4186 bps, 52.33%, Err 0 (0.0e+00)
595.046 .... 1206 packets received, 4160 bps, 52.00%, Err 0 (0.0e+00)
599.242 .... 1207 packets received, 4134 bps, 51.68%, Err 0 (0.0e+00)
601.339 .... 1211 packets received, 4133 bps, 51.67%, Err 0 (0.0e+00)
603.450 .... 1219 packets received, 4146 bps, 51.83%, Err 0 (0.0e+00)
605.563 .... 1227 packets received, 4159 bps, 51.98%, Err 0 (0.0e+00)
607.675 .... 1235 packets received, 4171 bps, 52.14%, Err 0 (0.0e+00)
609.780 .... 1243 packets received, 4184 bps, 52.30%, Err 0 (0.0e+00)
611.892 .... 1251 packets received, 4196 bps, 52.45%, Err 0 (0.0e+00)
614.005 .... 1259 packets received, 4208 bps, 52.60%, Err 0 (0.0e+00)
616.119 .... 1267 packets received, 4221 bps, 52.76%, Err 0 (0.0e+00)
618.249 .... 1275 packets received, 4232 bps, 52.91%, Err 0 (0.0e+00)
620.334 .... 1283 packets received, 4245 bps, 53.06%, Err 0 (0.0e+00)
622.450 .... 1291 packets received, 4257 bps, 53.21%, Err 0 (0.0e+00)
624.581 .... 1299 packets received, 4268 bps, 53.35%, Err 0 (0.0e+00)
626.696 .... 1307 packets received, 4280 bps, 53.50%, Err 0 (0.0e+00)
628.812 .... 1315 packets received, 4292 bps, 53.65%, Err 0 (0.0e+00)
630.896 .... 1323 packets received, 4304 bps, 53.80%, Err 0 (0.0e+00)
633.027 .... 1331 packets received, 4315 bps, 53.94%, Err 0 (0.0e+00)
635.143 .... 1339 packets received, 4326 bps, 54.08%, Err 0 (0.0e+00)
637.244 .... 1347 packets received, 4338 bps, 54.22%, Err 0 (0.0e+00)
639.357 .... 1355 packets received, 4349 bps, 54.37%, Err 0 (0.0e+00)
641.470 .... 1363 packets received, 4360 bps, 54.51%, Err 0 (0.0e+00)
643.569 .... 1371 packets received, 4372 bps, 54.65%, Err 0 (0.0e+00)
645.714 .... 1379 packets received, 4383 bps, 54.78%, Err 0 (0.0e+00)
647.815 .... 1387 packets received, 4394 bps, 54.92%, Err 0 (0.0e+00)
649.915 .... 1395 packets received, 4405 bps, 55.06%, Err 0 (0.0e+00)
652.015 .... 1403 packets received, 4416 bps, 55.20%, Err 0 (0.0e+00)
654.145 .... 1411 packets received, 4426 bps, 55.33%, Err 0 (0.0e+00)
656.260 .... 1419 packets received, 4437 bps, 55.46%, Err 0 (0.0e+00)
658.376 .... 1427 packets received, 4448 bps, 55.60%, Err 0 (0.0e+00)
660.491 .... 1435 packets received, 4458 bps, 55.73%, Err 0 (0.0e+00)
662.589 .... 1443 packets received, 4469 bps, 55.86%, Err 0 (0.0e+00)
664.702 .... 1451 packets received, 4479 bps, 55.99%, Err 0 (0.0e+00)
666.801 .... 1459 packets received, 4490 bps, 56.12%, Err 0 (0.0e+00)
668.916 .... 1467 packets received, 4500 bps, 56.25%, Err 0 (0.0e+00)
671.021 .... 1475 packets received, 4511 bps, 56.38%, Err 0 (0.0e+00)
673.151 .... 1483 packets received, 4521 bps, 56.51%, Err 0 (0.0e+00)
675.248 .... 1491 packets received, 4531 bps, 56.64%, Err 0 (0.0e+00)
677.384 .... 1499 packets received, 4541 bps, 56.76%, Err 0 (0.0e+00)
679.487 .... 1507 packets received, 4551 bps, 56.89%, Err 0 (0.0e+00)
681.585 .... 1515 packets received, 4561 bps, 57.01%, Err 0 (0.0e+00)
683.698 .... 1523 packets received, 4571 bps, 57.14%, Err 0 (0.0e+00)
685.811 .... 1531 packets received, 4581 bps, 57.26%, Err 0 (0.0e+00)
687.926 .... 1539 packets received, 4590 bps, 57.38%, Err 0 (0.0e+00)
690.055 .... 1547 packets received, 4600 bps, 57.50%, Err 0 (0.0e+00)
692.157 .... 1555 packets received, 4610 bps, 57.62%, Err 0 (0.0e+00)
694.263 .... 1563 packets received, 4619 bps, 57.74%, Err 0 (0.0e+00)
696.376 .... 1571 packets received, 4629 bps, 57.86%, Err 0 (0.0e+00)
698.489 .... 1579 packets received, 4638 bps, 57.98%, Err 0 (0.0e+00)
704.423 .... 1587 packets received, 4623 bps, 57.78%, Err 0 (0.0e+00)
708.426 .... 1588 packets received, 4599 bps, 57.49%, Err 0 (0.0e+00)
712.561 .... 1589 packets received, 4575 bps, 57.19%, Err 0 (0.0e+00)
716.630 .... 1590 packets received, 4552 bps, 56.90%, Err 0 (0.0e+00)
720.713 .... 1591 packets received, 4529 bps, 56.62%, Err 0 (0.0e+00)
724.792 .... 1592 packets received, 4507 bps, 56.33%, Err 0 (0.0e+00)
728.905 .... 1593 packets received, 4484 bps, 56.05%, Err 0 (0.0e+00)
733.022 .... 1594 packets received, 4461 bps, 55.77%, Err 0 (0.0e+00)
737.137 .... 1595 packets received, 4439 bps, 55.49%, Err 0 (0.0e+00)
741.207 .... 1596 packets received, 4418 bps, 55.22%, Err 0 (0.0e+00)
745.304 .... 1597 packets received, 4396 bps, 54.95%, Err 0 (0.0e+00)
749.324 .... 1598 packets received, 4375 bps, 54.69%, Err 0 (0.0e+00)
753.376 .... 1599 packets received, 4354 bps, 54.43%, Err 0 (0.0e+00)
757.534 .... 1600 packets received, 4333 bps, 54.16%, Err 0 (0.0e+00)
761.604 .... 1601 packets received, 4313 bps, 53.91%, Err 0 (0.0e+00)
765.718 .... 1602 packets received, 4292 bps, 53.65%, Err 0 (0.0e+00)
769.847 .... 1603 packets received, 4272 bps, 53.40%, Err 0 (0.0e+00)
773.852 .... 1604 packets received, 4252 bps, 53.15%, Err 0 (0.0e+00)
778.013 .... 1605 packets received, 4232 bps, 52.90%, Err 0 (0.0e+00)
782.128 .... 1606 packets received, 4212 bps, 52.65%, Err 0 (0.0e+00)
786.187 .... 1607 packets received, 4193 bps, 52.41%, Err 0 (0.0e+00)
790.307 .... 1608 packets received, 4174 bps, 52.17%, Err 0 (0.0e+00)
794.342 .... 1609 packets received, 4155 bps, 51.94%, Err 0 (0.0e+00)
798.395 .... 1610 packets received, 4137 bps, 51.71%, Err 0 (0.0e+00)
800.535 .... 1611 packets received, 4128 bps, 51.60%, Err 0 (0.0e+00)
802.648 .... 1619 packets received, 4138 bps, 51.72%, Err 0 (0.0e+00)
804.760 .... 1627 packets received, 4147 bps, 51.84%, Err 0 (0.0e+00)
806.860 .... 1635 packets received, 4157 bps, 51.96%, Err 0 (0.0e+00)
808.974 .... 1643 packets received, 4166 bps, 52.08%, Err 0 (0.0e+00)
811.089 .... 1651 packets received, 4176 bps, 52.19%, Err 0 (0.0e+00)
813.220 .... 1659 packets received, 4185 bps, 52.31%, Err 0 (0.0e+00)
815.336 .... 1667 packets received, 4194 bps, 52.42%, Err 0 (0.0e+00)
817.421 .... 1675 packets received, 4203 bps, 52.54%, Err 0 (0.0e+00)
819.552 .... 1683 packets received, 4212 bps, 52.66%, Err 0 (0.0e+00)
821.660 .... 1691 packets received, 4222 bps, 52.77%, Err 0 (0.0e+00)
823.777 .... 1699 packets received, 4231 bps, 52.88%, Err 0 (0.0e+00)
825.892 .... 1707 packets received, 4240 bps, 53.00%, Err 0 (0.0e+00)
827.991 .... 1715 packets received, 4249 bps, 53.11%, Err 0 (0.0e+00)
830.105 .... 1723 packets received, 4258 bps, 53.22%, Err 0 (0.0e+00)
832.220 .... 1731 packets received, 4267 bps, 53.33%, Err 0 (0.0e+00)
834.318 .... 1739 packets received, 4275 bps, 53.44%, Err 0 (0.0e+00)
836.449 .... 1747 packets received, 4284 bps, 53.55%, Err 0 (0.0e+00)
838.564 .... 1755 packets received, 4293 bps, 53.66%, Err 0 (0.0e+00)
840.678 .... 1763 packets received, 4302 bps, 53.77%, Err 0 (0.0e+00)
842.792 .... 1771 packets received, 4310 bps, 53.88%, Err 0 (0.0e+00)
844.876 .... 1779 packets received, 4319 bps, 53.99%, Err 0 (0.0e+00)
846.991 .... 1787 packets received, 4328 bps, 54.09%, Err 0 (0.0e+00)
849.106 .... 1795 packets received, 4336 bps, 54.20%, Err 0 (0.0e+00)
851.221 .... 1803 packets received, 4345 bps, 54.31%, Err 0 (0.0e+00)
853.322 .... 1811 packets received, 4353 bps, 54.41%, Err 0 (0.0e+00)
855.435 .... 1819 packets received, 4362 bps, 54.52%, Err 0 (0.0e+00)
857.568 .... 1827 packets received, 4370 bps, 54.62%, Err 0 (0.0e+00)
859.682 .... 1835 packets received, 4378 bps, 54.73%, Err 0 (0.0e+00)
861.802 .... 1843 packets received, 4386 bps, 54.83%, Err 0 (0.0e+00)
863.886 .... 1851 packets received, 4395 bps, 54.93%, Err 0 (0.0e+00)
866.009 .... 1859 packets received, 4403 bps, 55.04%, Err 0 (0.0e+00)
868.115 .... 1867 packets received, 4411 bps, 55.14%, Err 0 (0.0e+00)
870.247 .... 1875 packets received, 4419 bps, 55.24%, Err 0 (0.0e+00)
872.346 .... 1883 packets received, 4427 bps, 55.34%, Err 0 (0.0e+00)
874.472 .... 1891 packets received, 4435 bps, 55.44%, Err 0 (0.0e+00)
876.589 .... 1899 packets received, 4443 bps, 55.54%, Err 0 (0.0e+00)
878.694 .... 1907 packets received, 4451 bps, 55.64%, Err 0 (0.0e+00)
880.805 .... 1915 packets received, 4459 bps, 55.74%, Err 0 (0.0e+00)
882.917 .... 1923 packets received, 4467 bps, 55.84%, Err 0 (0.0e+00)
885.031 .... 1931 packets received, 4475 bps, 55.94%, Err 0 (0.0e+00)
887.116 .... 1939 packets received, 4483 bps, 56.04%, Err 0 (0.0e+00)
889.231 .... 1947 packets received, 4491 bps, 56.13%, Err 0 (0.0e+00)
891.363 .... 1955 packets received, 4498 bps, 56.23%, Err 0 (0.0e+00)
893.465 .... 1963 packets received, 4506 bps, 56.33%, Err 0 (0.0e+00)
895.572 .... 1971 packets received, 4514 bps, 56.42%, Err 0 (0.0e+00)
897.683 .... 1979 packets received, 4522 bps, 56.52%, Err 0 (0.0e+00)
899.796 .... 1987 packets received, 4529 bps, 56.61%, Err 0 (0.0e+00)
904.347 .... 1990 packets received, 4513 bps, 56.41%, Err 0 (0.0e+00)
908.358 .... 1991 packets received, 4495 bps, 56.19%, Err 0 (0.0e+00)
912.521 .... 1992 packets received, 4477 bps, 55.96%, Err 0 (0.0e+00)
916.589 .... 1993 packets received, 4459 bps, 55.74%, Err 0 (0.0e+00)
920.840 .... 1994 packets received, 4441 bps, 55.51%, Err 0 (0.0e+00)
924.894 .... 1995 packets received, 4424 bps, 55.30%, Err 0 (0.0e+00)
929.020 .... 1996 packets received, 4406 bps, 55.08%, Err 0 (0.0e+00)
933.136 .... 1997 packets received, 4389 bps, 54.86%, Err 0 (0.0e+00)
937.188 .... 1998 packets received, 4372 bps, 54.65%, Err 0 (0.0e+00)
941.242 .... 1999 packets received, 4356 bps, 54.44%, Err 0 (0.0e+00)
945.297 .... 2000 packets received, 4339 bps, 54.24%, Err 0 (0.0e+00)
949.458 .... 2001 packets received, 4322 bps, 54.03%, Err 0 (0.0e+00)
953.588 .... 2002 packets received, 4306 bps, 53.82%, Err 0 (0.0e+00)
957.704 .... 2003 packets received, 4289 bps, 53.61%, Err 0 (0.0e+00)
961.817 .... 2004 packets received, 4273 bps, 53.41%, Err 0 (0.0e+00)
965.899 .... 2005 packets received, 4257 bps, 53.21%, Err 0 (0.0e+00)
970.070 .... 2006 packets received, 4241 bps, 53.01%, Err 0 (0.0e+00)
974.136 .... 2007 packets received, 4225 bps, 52.81%, Err 0 (0.0e+00)
978.221 .... 2008 packets received, 4210 bps, 52.62%, Err 0 (0.0e+00)
982.334 .... 2009 packets received, 4194 bps, 52.43%, Err 0 (0.0e+00)
986.370 .... 2010 packets received, 4179 bps, 52.24%, Err 0 (0.0e+00)
990.485 .... 2011 packets received, 4164 bps, 52.04%, Err 0 (0.0e+00)
994.629 .... 2012 packets received, 4148 bps, 51.85%, Err 0 (0.0e+00)
998.695 .... 2013 packets received, 4133 bps, 51.67%, Err 0 (0.0e+00)
1000.805 .... 2015 packets received, 4129 bps, 51.61%, Err 0 (0.0e+00)
1002.921 .... 2023 packets received, 4136 bps, 51.71%, Err 0 (0.0e+00)
1005.018 .... 2031 packets received, 4144 bps, 51.80%, Err 0 (0.0e+00)
1007.149 .... 2039 packets received, 4152 bps, 51.90%, Err 0 (0.0e+00)
1009.262 .... 2047 packets received, 4159 bps, 51.99%, Err 0 (0.0e+00)
1011.346 .... 2055 packets received, 4167 bps, 52.09%, Err 0 (0.0e+00)
1013.461 .... 2063 packets received, 4174 bps, 52.18%, Err 0 (0.0e+00)
1015.574 .... 2071 packets received, 4182 bps, 52.27%, Err 0 (0.0e+00)
1017.690 .... 2079 packets received, 4189 bps, 52.36%, Err 0 (0.0e+00)
1019.817 .... 2087 packets received, 4197 bps, 52.46%, Err 0 (0.0e+00)
1021.930 .... 2095 packets received, 4204 bps, 52.55%, Err 0 (0.0e+00)
1024.031 .... 2103 packets received, 4211 bps, 52.64%, Err 0 (0.0e+00)
1026.159 .... 2111 packets received, 4218 bps, 52.73%, Err 0 (0.0e+00)
1028.258 .... 2119 packets received, 4226 bps, 52.82%, Err 0 (0.0e+00)
1030.373 .... 2127 packets received, 4233 bps, 52.91%, Err 0 (0.0e+00)
1032.487 .... 2135 packets received, 4240 bps, 53.00%, Err 0 (0.0e+00)
1034.601 .... 2143 packets received, 4247 bps, 53.09%, Err 0 (0.0e+00)
1036.714 .... 2151 packets received, 4255 bps, 53.18%, Err 0 (0.0e+00)
1038.828 .... 2159 packets received, 4262 bps, 53.27%, Err 0 (0.0e+00)
1040.941 .... 2167 packets received, 4269 bps, 53.36%, Err 0 (0.0e+00)
1043.046 .... 2175 packets received, 4276 bps, 53.45%, Err 0 (0.0e+00)
1045.142 .... 2183 packets received, 4283 bps, 53.54%, Err 0 (0.0e+00)
1047.256 .... 2191 packets received, 4290 bps, 53.63%, Err 0 (0.0e+00)
1049.384 .... 2199 packets received, 4297 bps, 53.71%, Err 0 (0.0e+00)
1051.483 .... 2207 packets received, 4304 bps, 53.80%, Err 0 (0.0e+00)
1053.612 .... 2215 packets received, 4311 bps, 53.89%, Err 0 (0.0e+00)
1055.725 .... 2223 packets received, 4318 bps, 53.97%, Err 0 (0.0e+00)
1057.839 .... 2231 packets received, 4325 bps, 54.06%, Err 0 (0.0e+00)
1059.924 .... 2239 packets received, 4332 bps, 54.14%, Err 0 (0.0e+00)
1062.037 .... 2247 packets received, 4338 bps, 54.23%, Err 0 (0.0e+00)
1064.151 .... 2255 packets received, 4345 bps, 54.31%, Err 0 (0.0e+00)
1066.280 .... 2263 packets received, 4352 bps, 54.40%, Err 0 (0.0e+00)
1068.377 .... 2271 packets received, 4359 bps, 54.48%, Err 0 (0.0e+00)
1070.507 .... 2279 packets received, 4365 bps, 54.57%, Err 0 (0.0e+00)
1072.606 .... 2287 packets received, 4372 bps, 54.65%, Err 0 (0.0e+00)
1074.715 .... 2295 packets received, 4379 bps, 54.73%, Err 0 (0.0e+00)
1076.843 .... 2303 packets received, 4385 bps, 54.82%, Err 0 (0.0e+00)
1078.940 .... 2311 packets received, 4392 bps, 54.90%, Err 0 (0.0e+00)
1081.069 .... 2319 packets received, 4398 bps, 54.98%, Err 0 (0.0e+00)
1083.181 .... 2327 packets received, 4405 bps, 55.06%, Err 0 (0.0e+00)
1085.295 .... 2335 packets received, 4412 bps, 55.14%, Err 0 (0.0e+00)
1087.406 .... 2343 packets received, 4418 bps, 55.23%, Err 0 (0.0e+00)
1089.503 .... 2351 packets received, 4425 bps, 55.31%, Err 0 (0.0e+00)
1091.632 .... 2359 packets received, 4431 bps, 55.39%, Err 0 (0.0e+00)
1093.731 .... 2367 packets received, 4437 bps, 55.47%, Err 0 (0.0e+00)
1095.831 .... 2375 packets received, 4444 bps, 55.55%, Err 0 (0.0e+00)
1097.958 .... 2383 packets received, 4450 bps, 55.63%, Err 0 (0.0e+00)
1100.054 .... 2391 packets received, 4457 bps, 55.71%, Err 0 (0.0e+00)
1104.638 .... 2394 packets received, 4444 bps, 55.55%, Err 0 (0.0e+00)
1108.690 .... 2395 packets received, 4429 bps, 55.37%, Err 0 (0.0e+00)
1112.849 .... 2396 packets received, 4415 bps, 55.18%, Err 0 (0.0e+00)
1116.890 .... 2397 packets received, 4400 bps, 55.01%, Err 0 (0.0e+00)
1121.018 .... 2398 packets received, 4386 bps, 54.83%, Err 0 (0.0e+00)
1125.166 .... 2399 packets received, 4372 bps, 54.65%, Err 0 (0.0e+00)
1129.269 .... 2400 packets received, 4358 bps, 54.47%, Err 0 (0.0e+00)
1133.355 .... 2401 packets received, 4344 bps, 54.30%, Err 0 (0.0e+00)
1137.415 .... 2402 packets received, 4330 bps, 54.12%, Err 0 (0.0e+00)
1141.474 .... 2403 packets received, 4316 bps, 53.95%, Err 0 (0.0e+00)
1145.629 .... 2404 packets received, 4302 bps, 53.78%, Err 0 (0.0e+00)
1149.754 .... 2405 packets received, 4289 bps, 53.61%, Err 0 (0.0e+00)
1153.858 .... 2406 packets received, 4275 bps, 53.44%, Err 0 (0.0e+00)
1157.995 .... 2407 packets received, 4262 bps, 53.27%, Err 0 (0.0e+00)
1162.127 .... 2408 packets received, 4248 bps, 53.10%, Err 0 (0.0e+00)
1166.272 .... 2409 packets received, 4235 bps, 52.94%, Err 0 (0.0e+00)
1170.302 .... 2410 packets received, 4222 bps, 52.78%, Err 0 (0.0e+00)
1174.398 .... 2411 packets received, 4209 bps, 52.61%, Err 0 (0.0e+00)
1178.498 .... 2412 packets received, 4196 bps, 52.45%, Err 0 (0.0e+00)
1182.594 .... 2413 packets received, 4183 bps, 52.29%, Err 0 (0.0e+00)
1186.694 .... 2414 packets received, 4171 bps, 52.13%, Err 0 (0.0e+00)
1190.869 .... 2415 packets received, 4158 bps, 51.97%, Err 0 (0.0e+00)
1194.919 .... 2416 packets received, 4145 bps, 51.82%, Err 0 (0.0e+00)
1199.076 .... 2417 packets received, 4133 bps, 51.66%, Err 0 (0.0e+00)
1201.326 .... 2421 packets received, 4132 bps, 51.65%, Err 0 (0.0e+00)
1203.454 .... 2429 packets received, 4138 bps, 51.73%, Err 0 (0.0e+00)
1205.551 .... 2437 packets received, 4144 bps, 51.81%, Err 0 (0.0e+00)
1207.679 .... 2445 packets received, 4151 bps, 51.88%, Err 0 (0.0e+00)
1209.779 .... 2453 packets received, 4157 bps, 51.96%, Err 0 (0.0e+00)
1211.893 .... 2461 packets received, 4163 bps, 52.04%, Err 0 (0.0e+00)
1214.010 .... 2469 packets received, 4170 bps, 52.12%, Err 0 (0.0e+00)
1216.115 .... 2477 packets received, 4176 bps, 52.20%, Err 0 (0.0e+00)
1218.241 .... 2485 packets received, 4182 bps, 52.28%, Err 0 (0.0e+00)
1220.353 .... 2493 packets received, 4188 bps, 52.35%, Err 0 (0.0e+00)
1222.451 .... 2501 packets received, 4194 bps, 52.43%, Err 0 (0.0e+00)
1224.567 .... 2509 packets received, 4201 bps, 52.51%, Err 0 (0.0e+00)
1226.687 .... 2517 packets received, 4207 bps, 52.58%, Err 0 (0.0e+00)
1228.789 .... 2525 packets received, 4213 bps, 52.66%, Err 0 (0.0e+00)
1230.894 .... 2533 packets received, 4219 bps, 52.74%, Err 0 (0.0e+00)
1233.009 .... 2541 packets received, 4225 bps, 52.81%, Err 0 (0.0e+00)
1235.128 .... 2549 packets received, 4231 bps, 52.89%, Err 0 (0.0e+00)
1237.243 .... 2557 packets received, 4237 bps, 52.96%, Err 0 (0.0e+00)
1239.357 .... 2565 packets received, 4243 bps, 53.04%, Err 0 (0.0e+00)
1241.458 .... 2573 packets received, 4249 bps, 53.11%, Err 0 (0.0e+00)
1243.571 .... 2581 packets received, 4255 bps, 53.19%, Err 0 (0.0e+00)
1245.683 .... 2589 packets received, 4261 bps, 53.26%, Err 0 (0.0e+00)
1247.795 .... 2597 packets received, 4267 bps, 53.34%, Err 0 (0.0e+00)
1249.909 .... 2605 packets received, 4273 bps, 53.41%, Err 0 (0.0e+00)
1252.023 .... 2613 packets received, 4279 bps, 53.48%, Err 0 (0.0e+00)
1254.123 .... 2621 packets received, 4285 bps, 53.56%, Err 0 (0.0e+00)
1256.252 .... 2629 packets received, 4290 bps, 53.63%, Err 0 (0.0e+00)
1258.353 .... 2637 packets received, 4296 bps, 53.70%, Err 0 (0.0e+00)
1260.466 .... 2645 packets received, 4302 bps, 53.78%, Err 0 (0.0e+00)
1262.593 .... 2653 packets received, 4308 bps, 53.85%, Err 0 (0.0e+00)
1264.690 .... 2661 packets received, 4314 bps, 53.92%, Err 0 (0.0e+00)
1266.802 .... 2669 packets received, 4319 bps, 53.99%, Err 0 (0.0e+00)
1268.913 .... 2677 packets received, 4325 bps, 54.06%, Err 0 (0.0e+00)
1271.040 .... 2685 packets received, 4331 bps, 54.13%, Err 0 (0.0e+00)
1273.151 .... 2693 packets received, 4336 bps, 54.21%, Err 0 (0.0e+00)
1275.263 .... 2701 packets received, 4342 bps, 54.28%, Err 0 (0.0e+00)
1277.376 .... 2709 packets received, 4348 bps, 54.35%, Err 0 (0.0e+00)
1279.476 .... 2717 packets received, 4353 bps, 54.42%, Err 0 (0.0e+00)
1281.589 .... 2725 packets received, 4359 bps, 54.49%, Err 0 (0.0e+00)
1283.702 .... 2733 packets received, 4365 bps, 54.56%, Err 0 (0.0e+00)
1285.817 .... 2741 packets received, 4370 bps, 54.63%, Err 0 (0.0e+00)
1287.930 .... 2749 packets received, 4376 bps, 54.70%, Err 0 (0.0e+00)
1290.026 .... 2757 packets received, 4381 bps, 54.77%, Err 0 (0.0e+00)
1292.137 .... 2765 packets received, 4387 bps, 54.84%, Err 0 (0.0e+00)
1294.249 .... 2773 packets received, 4392 bps, 54.90%, Err 0 (0.0e+00)
1296.361 .... 2781 packets received, 4398 bps, 54.97%, Err 0 (0.0e+00)
1298.472 .... 2789 packets received, 4403 bps, 55.04%, Err 0 (0.0e+00)
1304.422 .... 2797 packets received, 4396 bps, 54.95%, Err 0 (0.0e+00)
1308.568 .... 2798 packets received, 4383 bps, 54.79%, Err 0 (0.0e+00)
1312.746 .... 2799 packets received, 4371 bps, 54.64%, Err 0 (0.0e+00)
1316.832 .... 2800 packets received, 4359 bps, 54.49%, Err 0 (0.0e+00)
1320.897 .... 2801 packets received, 4347 bps, 54.34%, Err 0 (0.0e+00)
1325.081 .... 2802 packets received, 4335 bps, 54.19%, Err 0 (0.0e+00)
1329.131 .... 2803 packets received, 4323 bps, 54.04%, Err 0 (0.0e+00)
1333.211 .... 2804 packets received, 4312 bps, 53.89%, Err 0 (0.0e+00)
1337.299 .... 2805 packets received, 4300 bps, 53.75%, Err 0 (0.0e+00)
1341.436 .... 2806 packets received, 4288 bps, 53.60%, Err 0 (0.0e+00)
1345.434 .... 2807 packets received, 4277 bps, 53.46%, Err 0 (0.0e+00)
1349.591 .... 2808 packets received, 4265 bps, 53.32%, Err 0 (0.0e+00)
1353.672 .... 2809 packets received, 4254 bps, 53.17%, Err 0 (0.0e+00)
1357.725 .... 2810 packets received, 4243 bps, 53.03%, Err 0 (0.0e+00)
1361.792 .... 2811 packets received, 4232 bps, 52.89%, Err 0 (0.0e+00)
1365.921 .... 2812 packets received, 4220 bps, 52.75%, Err 0 (0.0e+00)
1370.078 .... 2813 packets received, 4209 bps, 52.61%, Err 0 (0.0e+00)
1374.132 .... 2814 packets received, 4198 bps, 52.47%, Err 0 (0.0e+00)
1378.274 .... 2815 packets received, 4187 bps, 52.34%, Err 0 (0.0e+00)
1382.447 .... 2816 packets received, 4176 bps, 52.20%, Err 0 (0.0e+00)
1386.605 .... 2817 packets received, 4165 bps, 52.06%, Err 0 (0.0e+00)
1390.720 .... 2818 packets received, 4154 bps, 51.92%, Err 0 (0.0e+00)
1394.754 .... 2819 packets received, 4143 bps, 51.79%, Err 0 (0.0e+00)
1398.895 .... 2820 packets received, 4132 bps, 51.65%, Err 0 (0.0e+00)
1401.081 .... 2823 packets received, 4130 bps, 51.63%, Err 0 (0.0e+00)
1403.178 .... 2831 packets received, 4136 bps, 51.70%, Err 0 (0.0e+00)
1405.300 .... 2839 packets received, 4141 bps, 51.77%, Err 0 (0.0e+00)
1407.412 .... 2847 packets received, 4147 bps, 51.83%, Err 0 (0.0e+00)
1409.525 .... 2855 packets received, 4152 bps, 51.90%, Err 0 (0.0e+00)
1411.639 .... 2863 packets received, 4157 bps, 51.97%, Err 0 (0.0e+00)
1413.738 .... 2871 packets received, 4163 bps, 52.04%, Err 0 (0.0e+00)
1415.860 .... 2879 packets received, 4168 bps, 52.10%, Err 0 (0.0e+00)
1417.955 .... 2887 packets received, 4174 bps, 52.17%, Err 0 (0.0e+00)
1420.072 .... 2895 packets received, 4179 bps, 52.24%, Err 0 (0.0e+00)
1422.184 .... 2903 packets received, 4184 bps, 52.30%, Err 0 (0.0e+00)
1424.299 .... 2911 packets received, 4190 bps, 52.37%, Err 0 (0.0e+00)
1426.412 .... 2919 packets received, 4195 bps, 52.44%, Err 0 (0.0e+00)
1428.525 .... 2927 packets received, 4200 bps, 52.50%, Err 0 (0.0e+00)
1430.640 .... 2935 packets received, 4205 bps, 52.57%, Err 0 (0.0e+00)
1432.737 .... 2943 packets received, 4211 bps, 52.63%, Err 0 (0.0e+00)
1434.856 .... 2951 packets received, 4216 bps, 52.70%, Err 0 (0.0e+00)
1436.983 .... 2959 packets received, 4221 bps, 52.76%, Err 0 (0.0e+00)
1439.096 .... 2967 packets received, 4226 bps, 52.83%, Err 0 (0.0e+00)
1441.196 .... 2975 packets received, 4231 bps, 52.89%, Err 0 (0.0e+00)
1443.310 .... 2983 packets received, 4237 bps, 52.96%, Err 0 (0.0e+00)
1445.423 .... 2991 packets received, 4242 bps, 53.02%, Err 0 (0.0e+00)
1447.531 .... 2999 packets received, 4247 bps, 53.09%, Err 0 (0.0e+00)
1449.659 .... 3007 packets received, 4252 bps, 53.15%, Err 0 (0.0e+00)
1451.742 .... 3015 packets received, 4257 bps, 53.21%, Err 0 (0.0e+00)
1453.857 .... 3023 packets received, 4262 bps, 53.28%, Err 0 (0.0e+00)
1455.970 .... 3031 packets received, 4267 bps, 53.34%, Err 0 (0.0e+00)
1458.083 .... 3039 packets received, 4272 bps, 53.40%, Err 0 (0.0e+00)
1460.213 .... 3047 packets received, 4277 bps, 53.47%, Err 0 (0.0e+00)
1462.327 .... 3055 packets received, 4282 bps, 53.53%, Err 0 (0.0e+00)
1464.416 .... 3063 packets received, 4287 bps, 53.59%, Err 0 (0.0e+00)
1466.529 .... 3071 packets received, 4292 bps, 53.66%, Err 0 (0.0e+00)
1468.657 .... 3079 packets received, 4297 bps, 53.72%, Err 0 (0.0e+00)
1470.756 .... 3087 packets received, 4302 bps, 53.78%, Err 0 (0.0e+00)
1472.885 .... 3095 packets received, 4307 bps, 53.84%, Err 0 (0.0e+00)
1474.999 .... 3103 packets received, 4312 bps, 53.90%, Err 0 (0.0e+00)
1477.113 .... 3111 packets received, 4317 bps, 53.96%, Err 0 (0.0e+00)
1479.211 .... 3119 packets received, 4322 bps, 54.03%, Err 0 (0.0e+00)
1481.326 .... 3127 packets received, 4327 bps, 54.09%, Err 0 (0.0e+00)
1483.441 .... 3135 packets received, 4332 bps, 54.15%, Err 0 (0.0e+00)
1485.535 .... 3143 packets received, 4337 bps, 54.21%, Err 0 (0.0e+00)
1487.665 .... 3151 packets received, 4342 bps, 54.27%, Err 0 (0.0e+00)
1489.778 .... 3159 packets received, 4346 bps, 54.33%, Err 0 (0.0e+00)
1491.889 .... 3167 packets received, 4351 bps, 54.39%, Err 0 (0.0e+00)
1494.003 .... 3175 packets received, 4356 bps, 54.45%, Err 0 (0.0e+00)
1496.117 .... 3183 packets received, 4361 bps, 54.51%, Err 0 (0.0e+00)
1498.230 .... 3191 packets received, 4366 bps, 54.57%, Err 0 (0.0e+00)
1500.324 .... 3199 packets received, 4371 bps, 54.63%, Err 0 (0.0e+00)
1504.360 .... 3200 packets received, 4360 bps, 54.50%, Err 0 (0.0e+00)
1508.441 .... 3201 packets received, 4350 bps, 54.37%, Err 0 (0.0e+00)
1512.549 .... 3202 packets received, 4339 bps, 54.24%, Err 0 (0.0e+00)
1516.709 .... 3203 packets received, 4329 bps, 54.11%, Err 0 (0.0e+00)
1520.780 .... 3204 packets received, 4318 bps, 53.98%, Err 0 (0.0e+00)
1524.959 .... 3205 packets received, 4308 bps, 53.85%, Err 0 (0.0e+00)
1529.016 .... 3206 packets received, 4298 bps, 53.72%, Err 0 (0.0e+00)
1533.125 .... 3207 packets received, 4288 bps, 53.60%, Err 0 (0.0e+00)
1537.312 .... 3208 packets received, 4277 bps, 53.47%, Err 0 (0.0e+00)
1541.500 .... 3209 packets received, 4267 bps, 53.34%, Err 0 (0.0e+00)
1545.618 .... 3210 packets received, 4257 bps, 53.21%, Err 0 (0.0e+00)
1549.701 .... 3211 packets received, 4247 bps, 53.09%, Err 0 (0.0e+00)
1553.804 .... 3212 packets received, 4237 bps, 52.96%, Err 0 (0.0e+00)
1557.862 .... 3213 packets received, 4227 bps, 52.84%, Err 0 (0.0e+00)
1561.963 .... 3214 packets received, 4218 bps, 52.72%, Err 0 (0.0e+00)
1565.989 .... 3215 packets received, 4208 bps, 52.60%, Err 0 (0.0e+00)
1570.102 .... 3216 packets received, 4198 bps, 52.48%, Err 0 (0.0e+00)
1574.194 .... 3217 packets received, 4189 bps, 52.36%, Err 0 (0.0e+00)
1578.299 .... 3218 packets received, 4179 bps, 52.24%, Err 0 (0.0e+00)
1582.322 .... 3219 packets received, 4170 bps, 52.12%, Err 0 (0.0e+00)
1586.402 .... 3220 packets received, 4160 bps, 52.00%, Err 0 (0.0e+00)
1590.533 .... 3221 packets received, 4151 bps, 51.89%, Err 0 (0.0e+00)
1594.627 .... 3222 packets received, 4141 bps, 51.77%, Err 0 (0.0e+00)
1598.699 .... 3223 packets received, 4132 bps, 51.65%, Err 0 (0.0e+00)
1600.794 .... 3225 packets received, 4129 bps, 51.62%, Err 0 (0.0e+00)
1602.915 .... 3233 packets received, 4134 bps, 51.68%, Err 0 (0.0e+00)
1605.023 .... 3241 packets received, 4139 bps, 51.74%, Err 0 (0.0e+00)
1607.137 .... 3249 packets received, 4144 bps, 51.80%, Err 0 (0.0e+00)
1609.267 .... 3257 packets received, 4148 bps, 51.85%, Err 0 (0.0e+00)
1611.365 .... 3265 packets received, 4153 bps, 51.91%, Err 0 (0.0e+00)
1613.478 .... 3273 packets received, 4158 bps, 51.97%, Err 0 (0.0e+00)
1615.578 .... 3281 packets received, 4163 bps, 52.03%, Err 0 (0.0e+00)
1617.706 .... 3289 packets received, 4167 bps, 52.09%, Err 0 (0.0e+00)
1619.818 .... 3297 packets received, 4172 bps, 52.15%, Err 0 (0.0e+00)
1621.914 .... 3305 packets received, 4177 bps, 52.21%, Err 0 (0.0e+00)
1624.026 .... 3313 packets received, 4181 bps, 52.27%, Err 0 (0.0e+00)
1626.155 .... 3321 packets received, 4186 bps, 52.32%, Err 0 (0.0e+00)
1628.251 .... 3329 packets received, 4191 bps, 52.38%, Err 0 (0.0e+00)
1630.382 .... 3337 packets received, 4195 bps, 52.44%, Err 0 (0.0e+00)
1632.481 .... 3345 packets received, 4200 bps, 52.50%, Err 0 (0.0e+00)
1634.594 .... 3353 packets received, 4204 bps, 52.55%, Err 0 (0.0e+00)
1636.723 .... 3361 packets received, 4209 bps, 52.61%, Err 0 (0.0e+00)
1638.821 .... 3369 packets received, 4214 bps, 52.67%, Err 0 (0.0e+00)
1640.919 .... 3377 packets received, 4218 bps, 52.73%, Err 0 (0.0e+00)
1643.048 .... 3385 packets received, 4223 bps, 52.78%, Err 0 (0.0e+00)
1645.147 .... 3393 packets received, 4227 bps, 52.84%, Err 0 (0.0e+00)
1647.269 .... 3401 packets received, 4232 bps, 52.90%, Err 0 (0.0e+00)
1649.384 .... 3409 packets received, 4236 bps, 52.95%, Err 0 (0.0e+00)
1651.497 .... 3417 packets received, 4241 bps, 53.01%, Err 0 (0.0e+00)
1653.610 .... 3425 packets received, 4245 bps, 53.07%, Err 0 (0.0e+00)
1655.724 .... 3433 packets received, 4250 bps, 53.12%, Err 0 (0.0e+00)
1657.822 .... 3441 packets received, 4254 bps, 53.18%, Err 0 (0.0e+00)
1659.937 .... 3449 packets received, 4259 bps, 53.23%, Err 0 (0.0e+00)
1662.066 .... 3457 packets received, 4263 bps, 53.29%, Err 0 (0.0e+00)
1664.165 .... 3465 packets received, 4268 bps, 53.34%, Err 0 (0.0e+00)
1666.278 .... 3473 packets received, 4272 bps, 53.40%, Err 0 (0.0e+00)
1668.393 .... 3481 packets received, 4276 bps, 53.45%, Err 0 (0.0e+00)
1670.489 .... 3489 packets received, 4281 bps, 53.51%, Err 0 (0.0e+00)
1672.608 .... 3497 packets received, 4285 bps, 53.57%, Err 0 (0.0e+00)
1674.722 .... 3505 packets received, 4290 bps, 53.62%, Err 0 (0.0e+00)
1676.834 .... 3513 packets received, 4294 bps, 53.67%, Err 0 (0.0e+00)
1678.949 .... 3521 packets received, 4298 bps, 53.73%, Err 0 (0.0e+00)
1681.062 .... 3529 packets received, 4303 bps, 53.78%, Err 0 (0.0e+00)
1683.179 .... 3537 packets received, 4307 bps, 53.84%, Err 0 (0.0e+00)
1685.269 .... 3545 packets received, 4311 bps, 53.89%, Err 0 (0.0e+00)
1687.405 .... 3553 packets received, 4316 bps, 53.95%, Err 0 (0.0e+00)
1689.521 .... 3561 packets received, 4320 bps, 54.00%, Err 0 (0.0e+00)
1691.634 .... 3569 packets received, 4324 bps, 54.05%, Err 0 (0.0e+00)
1693.733 .... 3577 packets received, 4329 bps, 54.11%, Err 0 (0.0e+00)
1695.843 .... 3585 packets received, 4333 bps, 54.16%, Err 0 (0.0e+00)
1697.952 .... 3593 packets received, 4337 bps, 54.21%, Err 0 (0.0e+00)
1700.065 .... 3601 packets received, 4341 bps, 54.27%, Err 0 (0.0e+00)
1704.360 .... 3603 packets received, 4333 bps, 54.16%, Err 0 (0.0e+00)
1708.489 .... 3604 packets received, 4323 bps, 54.04%, Err 0 (0.0e+00)
1712.647 .... 3605 packets received, 4314 bps, 53.93%, Err 0 (0.0e+00)
1716.768 .... 3606 packets received, 4305 bps, 53.81%, Err 0 (0.0e+00)
1720.891 .... 3607 packets received, 4296 bps, 53.70%, Err 0 (0.0e+00)
1724.939 .... 3608 packets received, 4287 bps, 53.59%, Err 0 (0.0e+00)
1729.076 .... 3609 packets received, 4278 bps, 53.47%, Err 0 (0.0e+00)
1733.196 .... 3610 packets received, 4269 bps, 53.36%, Err 0 (0.0e+00)
1737.224 .... 3611 packets received, 4260 bps, 53.25%, Err 0 (0.0e+00)
1741.298 .... 3612 packets received, 4251 bps, 53.14%, Err 0 (0.0e+00)
1745.409 .... 3613 packets received, 4243 bps, 53.03%, Err 0 (0.0e+00)
1749.465 .... 3614 packets received, 4234 bps, 52.92%, Err 0 (0.0e+00)
1753.549 .... 3615 packets received, 4225 bps, 52.81%, Err 0 (0.0e+00)
1757.588 .... 3616 packets received, 4217 bps, 52.71%, Err 0 (0.0e+00)
1761.655 .... 3617 packets received, 4208 bps, 52.60%, Err 0 (0.0e+00)
1765.707 .... 3618 packets received, 4200 bps, 52.49%, Err 0 (0.0e+00)
1769.804 .... 3619 packets received, 4191 bps, 52.39%, Err 0 (0.0e+00)
1773.868 .... 3620 packets received, 4183 bps, 52.28%, Err 0 (0.0e+00)
1778.012 .... 3621 packets received, 4174 bps, 52.17%, Err 0 (0.0e+00)
1782.125 .... 3622 packets received, 4165 bps, 52.07%, Err 0 (0.0e+00)
1786.256 .... 3623 packets received, 4157 bps, 51.96%, Err 0 (0.0e+00)
1790.340 .... 3624 packets received, 4149 bps, 51.86%, Err 0 (0.0e+00)
1794.450 .... 3625 packets received, 4140 bps, 51.75%, Err 0 (0.0e+00)
1798.456 .... 3626 packets received, 4132 bps, 51.65%, Err 0 (0.0e+00)
1800.549 .... 3627 packets received, 4128 bps, 51.61%, Err 0 (0.0e+00)
1802.662 .... 3635 packets received, 4133 bps, 51.66%, Err 0 (0.0e+00)
1804.759 .... 3643 packets received, 4137 bps, 51.71%, Err 0 (0.0e+00)
1806.871 .... 3651 packets received, 4141 bps, 51.77%, Err 0 (0.0e+00)
1808.999 .... 3659 packets received, 4145 bps, 51.82%, Err 0 (0.0e+00)
1811.097 .... 3667 packets received, 4150 bps, 51.87%, Err 0 (0.0e+00)
1813.228 .... 3675 packets received, 4154 bps, 51.92%, Err 0 (0.0e+00)
1815.335 .... 3683 packets received, 4158 bps, 51.98%, Err 0 (0.0e+00)
1817.453 .... 3691 packets received, 4162 bps, 52.03%, Err 0 (0.0e+00)
1819.564 .... 3699 packets received, 4166 bps, 52.08%, Err 0 (0.0e+00)
1821.676 .... 3707 packets received, 4171 bps, 52.13%, Err 0 (0.0e+00)
1823.774 .... 3715 packets received, 4175 bps, 52.18%, Err 0 (0.0e+00)
1825.885 .... 3723 packets received, 4179 bps, 52.24%, Err 0 (0.0e+00)
1827.998 .... 3731 packets received, 4183 bps, 52.29%, Err 0 (0.0e+00)
1830.112 .... 3739 packets received, 4187 bps, 52.34%, Err 0 (0.0e+00)
1832.224 .... 3747 packets received, 4191 bps, 52.39%, Err 0 (0.0e+00)
1834.336 .... 3755 packets received, 4195 bps, 52.44%, Err 0 (0.0e+00)
1836.462 .... 3763 packets received, 4199 bps, 52.49%, Err 0 (0.0e+00)
1838.562 .... 3771 packets received, 4204 bps, 52.54%, Err 0 (0.0e+00)
1840.676 .... 3779 packets received, 4208 bps, 52.60%, Err 0 (0.0e+00)
1842.774 .... 3787 packets received, 4212 bps, 52.65%, Err 0 (0.0e+00)
1844.889 .... 3795 packets received, 4216 bps, 52.70%, Err 0 (0.0e+00)
1847.016 .... 3803 packets received, 4220 bps, 52.75%, Err 0 (0.0e+00)
1849.116 .... 3811 packets received, 4224 bps, 52.80%, Err 0 (0.0e+00)
1851.230 .... 3819 packets received, 4228 bps, 52.85%, Err 0 (0.0e+00)
1853.344 .... 3827 packets received, 4232 bps, 52.90%, Err 0 (0.0e+00)
1855.473 .... 3835 packets received, 4236 bps, 52.95%, Err 0 (0.0e+00)
1857.573 .... 3843 packets received, 4240 bps, 53.00%, Err 0 (0.0e+00)
1859.686 .... 3851 packets received, 4244 bps, 53.05%, Err 0 (0.0e+00)
1861.800 .... 3859 packets received, 4248 bps, 53.10%, Err 0 (0.0e+00)
1863.899 .... 3867 packets received, 4252 bps, 53.15%, Err 0 (0.0e+00)
1866.028 .... 3875 packets received, 4256 bps, 53.20%, Err 0 (0.0e+00)
1868.141 .... 3883 packets received, 4260 bps, 53.25%, Err 0 (0.0e+00)
1870.253 .... 3891 packets received, 4264 bps, 53.30%, Err 0 (0.0e+00)
1872.368 .... 3899 packets received, 4268 bps, 53.35%, Err 0 (0.0e+00)
1874.479 .... 3907 packets received, 4272 bps, 53.40%, Err 0 (0.0e+00)
1876.579 .... 3915 packets received, 4276 bps, 53.45%, Err 0 (0.0e+00)
1878.692 .... 3923 packets received, 4280 bps, 53.49%, Err 0 (0.0e+00)
1880.790 .... 3931 packets received, 4283 bps, 53.54%, Err 0 (0.0e+00)
1882.917 .... 3939 packets received, 4287 bps, 53.59%, Err 0 (0.0e+00)
1885.031 .... 3947 packets received, 4291 bps, 53.64%, Err 0 (0.0e+00)
1887.143 .... 3955 packets received, 4295 bps, 53.69%, Err 0 (0.0e+00)
1889.254 .... 3963 packets received, 4299 bps, 53.74%, Err 0 (0.0e+00)
1891.369 .... 3971 packets received, 4303 bps, 53.79%, Err 0 (0.0e+00)
1893.468 .... 3979 packets received, 4307 bps, 53.83%, Err 0 (0.0e+00)
1895.593 .... 3987 packets received, 4311 bps, 53.88%, Err 0 (0.0e+00)
1897.705 .... 3995 packets received, 4314 bps, 53.93%, Err 0 (0.0e+00)
1899.818 .... 4003 packets received, 4318 bps, 53.98%, Err 0 (0.0e+00)
1904.308 .... 4006 packets received, 4311 bps, 53.89%, Err 0 (0.0e+00)
1908.418 .... 4007 packets received, 4303 bps, 53.79%, Err 0 (0.0e+00)
1912.485 .... 4008 packets received, 4295 bps, 53.69%, Err 0 (0.0e+00)
1916.493 .... 4009 packets received, 4287 bps, 53.59%, Err 0 (0.0e+00)
1920.622 .... 4010 packets received, 4279 bps, 53.49%, Err 0 (0.0e+00)
1924.686 .... 4011 packets received, 4271 bps, 53.39%, Err 0 (0.0e+00)
1928.766 .... 4012 packets received, 4263 bps, 53.29%, Err 0 (0.0e+00)
1932.907 .... 4013 packets received, 4255 bps, 53.19%, Err 0 (0.0e+00)
1937.000 .... 4014 packets received, 4247 bps, 53.09%, Err 0 (0.0e+00)
1941.097 .... 4015 packets received, 4239 bps, 52.99%, Err 0 (0.0e+00)
1945.282 .... 4016 packets received, 4231 bps, 52.89%, Err 0 (0.0e+00)
1949.350 .... 4017 packets received, 4223 bps, 52.79%, Err 0 (0.0e+00)
1953.358 .... 4018 packets received, 4215 bps, 52.69%, Err 0 (0.0e+00)
1957.412 .... 4019 packets received, 4208 bps, 52.60%, Err 0 (0.0e+00)
1961.464 .... 4020 packets received, 4200 bps, 52.50%, Err 0 (0.0e+00)
1965.577 .... 4021 packets received, 4192 bps, 52.41%, Err 0 (0.0e+00)
1969.585 .... 4022 packets received, 4185 bps, 52.31%, Err 0 (0.0e+00)
1973.667 .... 4023 packets received, 4177 bps, 52.22%, Err 0 (0.0e+00)
1977.825 .... 4024 packets received, 4170 bps, 52.12%, Err 0 (0.0e+00)
1981.952 .... 4025 packets received, 4162 bps, 52.02%, Err 0 (0.0e+00)
1986.096 .... 4026 packets received, 4154 bps, 51.93%, Err 0 (0.0e+00)
1990.162 .... 4027 packets received, 4147 bps, 51.83%, Err 0 (0.0e+00)
1994.167 .... 4028 packets received, 4139 bps, 51.74%, Err 0 (0.0e+00)
1998.306 .... 4029 packets received, 4132 bps, 51.65%, Err 0 (0.0e+00)
2000.550 .... 4030 packets received, 4128 bps, 51.60%, Err 0 (0.0e+00)
2002.660 .... 4038 packets received, 4132 bps, 51.65%, Err 0 (0.0e+00)
2004.770 .... 4046 packets received, 4136 bps, 51.70%, Err 0 (0.0e+00)
2006.882 .... 4054 packets received, 4140 bps, 51.75%, Err 0 (0.0e+00)
2008.980 .... 4062 packets received, 4144 bps, 51.79%, Err 0 (0.0e+00)
2011.094 .... 4070 packets received, 4147 bps, 51.84%, Err 0 (0.0e+00)
2013.207 .... 4078 packets received, 4151 bps, 51.89%, Err 0 (0.0e+00)
2015.320 .... 4086 packets received, 4155 bps, 51.94%, Err 0 (0.0e+00)
2017.434 .... 4094 packets received, 4159 bps, 51.98%, Err 0 (0.0e+00)
2019.562 .... 4102 packets received, 4162 bps, 52.03%, Err 0 (0.0e+00)
2021.676 .... 4110 packets received, 4166 bps, 52.08%, Err 0 (0.0e+00)
2023.775 .... 4118 packets received, 4170 bps, 52.12%, Err 0 (0.0e+00)
2025.890 .... 4126 packets received, 4174 bps, 52.17%, Err 0 (0.0e+00)
2027.989 .... 4134 packets received, 4177 bps, 52.22%, Err 0 (0.0e+00)
2030.116 .... 4142 packets received, 4181 bps, 52.26%, Err 0 (0.0e+00)
2032.215 .... 4150 packets received, 4185 bps, 52.31%, Err 0 (0.0e+00)
2034.329 .... 4158 packets received, 4189 bps, 52.36%, Err 0 (0.0e+00)
2036.458 .... 4166 packets received, 4192 bps, 52.40%, Err 0 (0.0e+00)
2038.572 .... 4174 packets received, 4196 bps, 52.45%, Err 0 (0.0e+00)
2040.671 .... 4182 packets received, 4200 bps, 52.50%, Err 0 (0.0e+00)
2042.770 .... 4190 packets received, 4203 bps, 52.54%, Err 0 (0.0e+00)
2044.885 .... 4198 packets received, 4207 bps, 52.59%, Err 0 (0.0e+00)
2046.998 .... 4206 packets received, 4211 bps, 52.63%, Err 0 (0.0e+00)
2049.112 .... 4214 packets received, 4214 bps, 52.68%, Err 0 (0.0e+00)
2051.226 .... 4222 packets received, 4218 bps, 52.73%, Err 0 (0.0e+00)
2053.340 .... 4230 packets received, 4222 bps, 52.77%, Err 0 (0.0e+00)
2055.467 .... 4238 packets received, 4225 bps, 52.82%, Err 0 (0.0e+00)
2057.563 .... 4246 packets received, 4229 bps, 52.86%, Err 0 (0.0e+00)
2059.689 .... 4254 packets received, 4233 bps, 52.91%, Err 0 (0.0e+00)
2061.800 .... 4262 packets received, 4236 bps, 52.95%, Err 0 (0.0e+00)
2063.908 .... 4270 packets received, 4240 bps, 53.00%, Err 0 (0.0e+00)
2066.025 .... 4278 packets received, 4243 bps, 53.04%, Err 0 (0.0e+00)
2068.124 .... 4286 packets received, 4247 bps, 53.09%, Err 0 (0.0e+00)
2070.224 .... 4294 packets received, 4251 bps, 53.13%, Err 0 (0.0e+00)
2072.352 .... 4302 packets received, 4254 bps, 53.18%, Err 0 (0.0e+00)
2074.455 .... 4310 packets received, 4258 bps, 53.22%, Err 0 (0.0e+00)
2076.583 .... 4318 packets received, 4261 bps, 53.27%, Err 0 (0.0e+00)
2078.686 .... 4326 packets received, 4265 bps, 53.31%, Err 0 (0.0e+00)
2080.791 .... 4334 packets received, 4268 bps, 53.35%, Err 0 (0.0e+00)
2082.920 .... 4342 packets received, 4272 bps, 53.40%, Err 0 (0.0e+00)
2085.039 .... 4350 packets received, 4275 bps, 53.44%, Err 0 (0.0e+00)
2087.137 .... 4358 packets received, 4279 bps, 53.49%, Err 0 (0.0e+00)
2089.236 .... 4366 packets received, 4283 bps, 53.53%, Err 0 (0.0e+00)
2091.353 .... 4374 packets received, 4286 bps, 53.58%, Err 0 (0.0e+00)
2093.466 .... 4382 packets received, 4290 bps, 53.62%, Err 0 (0.0e+00)
2095.578 .... 4390 packets received, 4293 bps, 53.66%, Err 0 (0.0e+00)
2097.705 .... 4398 packets received, 4296 bps, 53.71%, Err 0 (0.0e+00)
2099.801 .... 4406 packets received, 4300 bps, 53.75%, Err 0 (0.0e+00)
2103.649 TCP disconnected.
