./selective -bfu -port 1239 -log sbfu.log 
=========================================================================
                          Station B                                 
-------------------------------------------------------------------------
Protocol.lib, version 3.0, Build: Oct 19 2009 (jiangy@public3.bta.net.cn)
Channel: 8000 bps, 270 ms propagation delay, bit error rate 0
Log file "sbfu.log", TCP port 1239, debug mask 0x00
Station B is connecting station A (TCP port 1239) ... Done.
New epoch: Sun Nov 22 11:50:09 2009
=========================================================================
Designed by JackalDire
2.391 .... 8 packets received, 7761 bps, 97.02%, Err 0 (0.0e+00)
4.504 .... 16 packets received, 7758 bps, 96.97%, Err 0 (0.0e+00)
6.621 .... 24 packets received, 7751 bps, 96.89%, Err 0 (0.0e+00)
8.743 .... 32 packets received, 7744 bps, 96.80%, Err 0 (0.0e+00)
10.854 .... 40 packets received, 7747 bps, 96.84%, Err 0 (0.0e+00)
12.965 .... 48 packets received, 7750 bps, 96.87%, Err 0 (0.0e+00)
15.077 .... 56 packets received, 7751 bps, 96.88%, Err 0 (0.0e+00)
17.184 .... 64 packets received, 7754 bps, 96.92%, Err 0 (0.0e+00)
19.308 .... 72 packets received, 7749 bps, 96.87%, Err 0 (0.0e+00)
21.419 .... 80 packets received, 7751 bps, 96.88%, Err 0 (0.0e+00)
23.530 .... 88 packets received, 7752 bps, 96.89%, Err 0 (0.0e+00)
25.644 .... 96 packets received, 7751 bps, 96.89%, Err 0 (0.0e+00)
27.760 .... 104 packets received, 7751 bps, 96.89%, Err 0 (0.0e+00)
29.873 .... 112 packets received, 7751 bps, 96.89%, Err 0 (0.0e+00)
31.975 .... 120 packets received, 7754 bps, 96.92%, Err 0 (0.0e+00)
34.093 .... 128 packets received, 7753 bps, 96.91%, Err 0 (0.0e+00)
36.209 .... 136 packets received, 7752 bps, 96.90%, Err 0 (0.0e+00)
38.304 .... 144 packets received, 7756 bps, 96.95%, Err 0 (0.0e+00)
40.416 .... 152 packets received, 7756 bps, 96.95%, Err 0 (0.0e+00)
42.541 .... 160 packets received, 7754 bps, 96.92%, Err 0 (0.0e+00)
44.636 .... 168 packets received, 7757 bps, 96.96%, Err 0 (0.0e+00)
46.761 .... 176 packets received, 7755 bps, 96.93%, Err 0 (0.0e+00)
48.881 .... 184 packets received, 7754 bps, 96.92%, Err 0 (0.0e+00)
50.974 .... 192 packets received, 7757 bps, 96.96%, Err 0 (0.0e+00)
53.107 .... 200 packets received, 7754 bps, 96.92%, Err 0 (0.0e+00)
55.214 .... 208 packets received, 7754 bps, 96.93%, Err 0 (0.0e+00)
57.319 .... 216 packets received, 7756 bps, 96.94%, Err 0 (0.0e+00)
59.420 .... 224 packets received, 7757 bps, 96.96%, Err 0 (0.0e+00)
61.548 .... 232 packets received, 7755 bps, 96.94%, Err 0 (0.0e+00)
63.655 .... 240 packets received, 7756 bps, 96.95%, Err 0 (0.0e+00)
65.767 .... 248 packets received, 7756 bps, 96.95%, Err 0 (0.0e+00)
67.858 .... 256 packets received, 7758 bps, 96.98%, Err 0 (0.0e+00)
69.988 .... 264 packets received, 7756 bps, 96.95%, Err 0 (0.0e+00)
72.098 .... 272 packets received, 7756 bps, 96.96%, Err 0 (0.0e+00)
74.223 .... 280 packets received, 7755 bps, 96.94%, Err 0 (0.0e+00)
76.335 .... 288 packets received, 7755 bps, 96.94%, Err 0 (0.0e+00)
78.432 .... 296 packets received, 7757 bps, 96.96%, Err 0 (0.0e+00)
80.543 .... 304 packets received, 7757 bps, 96.96%, Err 0 (0.0e+00)
82.653 .... 312 packets received, 7757 bps, 96.96%, Err 0 (0.0e+00)
84.763 .... 320 packets received, 7757 bps, 96.97%, Err 0 (0.0e+00)
86.891 .... 328 packets received, 7756 bps, 96.95%, Err 0 (0.0e+00)
89.003 .... 336 packets received, 7756 bps, 96.95%, Err 0 (0.0e+00)
91.115 .... 344 packets received, 7756 bps, 96.95%, Err 0 (0.0e+00)
93.225 .... 352 packets received, 7756 bps, 96.95%, Err 0 (0.0e+00)
95.320 .... 360 packets received, 7758 bps, 96.97%, Err 0 (0.0e+00)
97.447 .... 368 packets received, 7756 bps, 96.95%, Err 0 (0.0e+00)
99.558 .... 376 packets received, 7756 bps, 96.96%, Err 0 (0.0e+00)
101.668 .... 384 packets received, 7757 bps, 96.96%, Err 0 (0.0e+00)
103.795 .... 392 packets received, 7756 bps, 96.94%, Err 0 (0.0e+00)
105.891 .... 400 packets received, 7757 bps, 96.96%, Err 0 (0.0e+00)
108.005 .... 408 packets received, 7757 bps, 96.96%, Err 0 (0.0e+00)
110.119 .... 416 packets received, 7757 bps, 96.96%, Err 0 (0.0e+00)
112.218 .... 424 packets received, 7757 bps, 96.97%, Err 0 (0.0e+00)
114.345 .... 432 packets received, 7756 bps, 96.96%, Err 0 (0.0e+00)
116.461 .... 440 packets received, 7756 bps, 96.95%, Err 0 (0.0e+00)
118.560 .... 448 packets received, 7757 bps, 96.96%, Err 0 (0.0e+00)
120.687 .... 456 packets received, 7756 bps, 96.95%, Err 0 (0.0e+00)
122.799 .... 464 packets received, 7756 bps, 96.95%, Err 0 (0.0e+00)
124.913 .... 472 packets received, 7756 bps, 96.95%, Err 0 (0.0e+00)
127.000 .... 480 packets received, 7758 bps, 96.97%, Err 0 (0.0e+00)
129.125 .... 488 packets received, 7757 bps, 96.96%, Err 0 (0.0e+00)
131.238 .... 496 packets received, 7757 bps, 96.96%, Err 0 (0.0e+00)
133.347 .... 504 packets received, 7757 bps, 96.96%, Err 0 (0.0e+00)
135.458 .... 512 packets received, 7757 bps, 96.96%, Err 0 (0.0e+00)
137.572 .... 520 packets received, 7757 bps, 96.96%, Err 0 (0.0e+00)
139.684 .... 528 packets received, 7757 bps, 96.96%, Err 0 (0.0e+00)
141.797 .... 536 packets received, 7757 bps, 96.96%, Err 0 (0.0e+00)
143.911 .... 544 packets received, 7757 bps, 96.96%, Err 0 (0.0e+00)
146.027 .... 552 packets received, 7757 bps, 96.96%, Err 0 (0.0e+00)
148.142 .... 560 packets received, 7756 bps, 96.96%, Err 0 (0.0e+00)
150.257 .... 568 packets received, 7756 bps, 96.95%, Err 0 (0.0e+00)
152.372 .... 576 packets received, 7756 bps, 96.95%, Err 0 (0.0e+00)
154.473 .... 584 packets received, 7757 bps, 96.96%, Err 0 (0.0e+00)
156.573 .... 592 packets received, 7757 bps, 96.97%, Err 0 (0.0e+00)
158.704 .... 600 packets received, 7756 bps, 96.96%, Err 0 (0.0e+00)
160.813 .... 608 packets received, 7757 bps, 96.96%, Err 0 (0.0e+00)
162.914 .... 616 packets received, 7757 bps, 96.96%, Err 0 (0.0e+00)
165.029 .... 624 packets received, 7757 bps, 96.96%, Err 0 (0.0e+00)
167.143 .... 632 packets received, 7757 bps, 96.96%, Err 0 (0.0e+00)
169.241 .... 640 packets received, 7758 bps, 96.97%, Err 0 (0.0e+00)
171.356 .... 648 packets received, 7757 bps, 96.97%, Err 0 (0.0e+00)
173.485 .... 656 packets received, 7757 bps, 96.96%, Err 0 (0.0e+00)
175.601 .... 664 packets received, 7756 bps, 96.96%, Err 0 (0.0e+00)
177.716 .... 672 packets received, 7756 bps, 96.95%, Err 0 (0.0e+00)
179.800 .... 680 packets received, 7758 bps, 96.97%, Err 0 (0.0e+00)
181.929 .... 688 packets received, 7757 bps, 96.96%, Err 0 (0.0e+00)
184.033 .... 696 packets received, 7757 bps, 96.96%, Err 0 (0.0e+00)
186.144 .... 704 packets received, 7757 bps, 96.97%, Err 0 (0.0e+00)
188.273 .... 712 packets received, 7757 bps, 96.96%, Err 0 (0.0e+00)
190.373 .... 720 packets received, 7757 bps, 96.96%, Err 0 (0.0e+00)
192.475 .... 728 packets received, 7757 bps, 96.97%, Err 0 (0.0e+00)
194.603 .... 736 packets received, 7757 bps, 96.96%, Err 0 (0.0e+00)
196.705 .... 744 packets received, 7757 bps, 96.97%, Err 0 (0.0e+00)
198.820 .... 752 packets received, 7757 bps, 96.96%, Err 0 (0.0e+00)
200.923 .... 760 packets received, 7757 bps, 96.97%, Err 0 (0.0e+00)
203.054 .... 768 packets received, 7757 bps, 96.96%, Err 0 (0.0e+00)
205.145 .... 776 packets received, 7758 bps, 96.97%, Err 0 (0.0e+00)
207.260 .... 784 packets received, 7757 bps, 96.97%, Err 0 (0.0e+00)
209.369 .... 792 packets received, 7758 bps, 96.97%, Err 0 (0.0e+00)
211.488 .... 800 packets received, 7757 bps, 96.97%, Err 0 (0.0e+00)
213.604 .... 808 packets received, 7757 bps, 96.96%, Err 0 (0.0e+00)
215.719 .... 816 packets received, 7757 bps, 96.96%, Err 0 (0.0e+00)
217.831 .... 824 packets received, 7757 bps, 96.96%, Err 0 (0.0e+00)
219.942 .... 832 packets received, 7757 bps, 96.96%, Err 0 (0.0e+00)
222.054 .... 840 packets received, 7757 bps, 96.96%, Err 0 (0.0e+00)
224.169 .... 848 packets received, 7757 bps, 96.96%, Err 0 (0.0e+00)
226.268 .... 856 packets received, 7757 bps, 96.97%, Err 0 (0.0e+00)
228.383 .... 864 packets received, 7757 bps, 96.97%, Err 0 (0.0e+00)
230.505 .... 872 packets received, 7757 bps, 96.96%, Err 0 (0.0e+00)
232.605 .... 880 packets received, 7757 bps, 96.97%, Err 0 (0.0e+00)
234.719 .... 888 packets received, 7757 bps, 96.97%, Err 0 (0.0e+00)
236.821 .... 896 packets received, 7758 bps, 96.97%, Err 0 (0.0e+00)
238.948 .... 904 packets received, 7757 bps, 96.96%, Err 0 (0.0e+00)
241.056 .... 912 packets received, 7757 bps, 96.97%, Err 0 (0.0e+00)
243.184 .... 920 packets received, 7757 bps, 96.96%, Err 0 (0.0e+00)
245.291 .... 928 packets received, 7757 bps, 96.96%, Err 0 (0.0e+00)
247.419 .... 936 packets received, 7756 bps, 96.96%, Err 0 (0.0e+00)
249.502 .... 944 packets received, 7757 bps, 96.97%, Err 0 (0.0e+00)
251.613 .... 952 packets received, 7757 bps, 96.97%, Err 0 (0.0e+00)
253.726 .... 960 packets received, 7757 bps, 96.97%, Err 0 (0.0e+00)
255.854 .... 968 packets received, 7757 bps, 96.96%, Err 0 (0.0e+00)
257.967 .... 976 packets received, 7757 bps, 96.96%, Err 0 (0.0e+00)
260.064 .... 984 packets received, 7757 bps, 96.97%, Err 0 (0.0e+00)
262.192 .... 992 packets received, 7757 bps, 96.96%, Err 0 (0.0e+00)
264.303 .... 1000 packets received, 7757 bps, 96.96%, Err 0 (0.0e+00)
266.413 .... 1008 packets received, 7757 bps, 96.96%, Err 0 (0.0e+00)
268.525 .... 1016 packets received, 7757 bps, 96.96%, Err 0 (0.0e+00)
270.638 .... 1024 packets received, 7757 bps, 96.96%, Err 0 (0.0e+00)
272.750 .... 1032 packets received, 7757 bps, 96.96%, Err 0 (0.0e+00)
274.863 .... 1040 packets received, 7757 bps, 96.96%, Err 0 (0.0e+00)
276.962 .... 1048 packets received, 7757 bps, 96.97%, Err 0 (0.0e+00)
279.074 .... 1056 packets received, 7757 bps, 96.97%, Err 0 (0.0e+00)
281.188 .... 1064 packets received, 7757 bps, 96.97%, Err 0 (0.0e+00)
283.303 .... 1072 packets received, 7757 bps, 96.96%, Err 0 (0.0e+00)
285.418 .... 1080 packets received, 7757 bps, 96.96%, Err 0 (0.0e+00)
287.531 .... 1088 packets received, 7757 bps, 96.96%, Err 0 (0.0e+00)
289.628 .... 1096 packets received, 7757 bps, 96.97%, Err 0 (0.0e+00)
291.739 .... 1104 packets received, 7757 bps, 96.97%, Err 0 (0.0e+00)
293.852 .... 1112 packets received, 7757 bps, 96.97%, Err 0 (0.0e+00)
295.967 .... 1120 packets received, 7757 bps, 96.97%, Err 0 (0.0e+00)
298.085 .... 1128 packets received, 7757 bps, 96.97%, Err 0 (0.0e+00)
300.195 .... 1136 packets received, 7757 bps, 96.97%, Err 0 (0.0e+00)
302.305 .... 1144 packets received, 7757 bps, 96.97%, Err 0 (0.0e+00)
304.415 .... 1152 packets received, 7757 bps, 96.97%, Err 0 (0.0e+00)
306.524 .... 1160 packets received, 7757 bps, 96.97%, Err 0 (0.0e+00)
308.634 .... 1168 packets received, 7758 bps, 96.97%, Err 0 (0.0e+00)
310.748 .... 1176 packets received, 7757 bps, 96.97%, Err 0 (0.0e+00)
312.862 .... 1184 packets received, 7757 bps, 96.97%, Err 0 (0.0e+00)
314.974 .... 1192 packets received, 7757 bps, 96.97%, Err 0 (0.0e+00)
317.100 .... 1200 packets received, 7757 bps, 96.96%, Err 0 (0.0e+00)
319.209 .... 1208 packets received, 7757 bps, 96.96%, Err 0 (0.0e+00)
321.320 .... 1216 packets received, 7757 bps, 96.96%, Err 0 (0.0e+00)
323.432 .... 1224 packets received, 7757 bps, 96.97%, Err 0 (0.0e+00)
325.531 .... 1232 packets received, 7758 bps, 96.97%, Err 0 (0.0e+00)
327.658 .... 1240 packets received, 7757 bps, 96.96%, Err 0 (0.0e+00)
329.769 .... 1248 packets received, 7757 bps, 96.96%, Err 0 (0.0e+00)
331.882 .... 1256 packets received, 7757 bps, 96.96%, Err 0 (0.0e+00)
333.994 .... 1264 packets received, 7757 bps, 96.96%, Err 0 (0.0e+00)
336.106 .... 1272 packets received, 7757 bps, 96.96%, Err 0 (0.0e+00)
338.219 .... 1280 packets received, 7757 bps, 96.96%, Err 0 (0.0e+00)
340.331 .... 1288 packets received, 7757 bps, 96.96%, Err 0 (0.0e+00)
342.437 .... 1296 packets received, 7757 bps, 96.97%, Err 0 (0.0e+00)
344.551 .... 1304 packets received, 7757 bps, 96.97%, Err 0 (0.0e+00)
346.665 .... 1312 packets received, 7757 bps, 96.96%, Err 0 (0.0e+00)
348.779 .... 1320 packets received, 7757 bps, 96.96%, Err 0 (0.0e+00)
350.880 .... 1328 packets received, 7757 bps, 96.97%, Err 0 (0.0e+00)
353.009 .... 1336 packets received, 7757 bps, 96.96%, Err 0 (0.0e+00)
355.107 .... 1344 packets received, 7757 bps, 96.97%, Err 0 (0.0e+00)
357.207 .... 1352 packets received, 7758 bps, 96.97%, Err 0 (0.0e+00)
359.331 .... 1360 packets received, 7757 bps, 96.97%, Err 0 (0.0e+00)
361.442 .... 1368 packets received, 7757 bps, 96.97%, Err 0 (0.0e+00)
363.557 .... 1376 packets received, 7757 bps, 96.97%, Err 0 (0.0e+00)
365.661 .... 1384 packets received, 7757 bps, 96.97%, Err 0 (0.0e+00)
367.775 .... 1392 packets received, 7757 bps, 96.97%, Err 0 (0.0e+00)
369.905 .... 1400 packets received, 7757 bps, 96.96%, Err 0 (0.0e+00)
372.019 .... 1408 packets received, 7757 bps, 96.96%, Err 0 (0.0e+00)
374.116 .... 1416 packets received, 7757 bps, 96.97%, Err 0 (0.0e+00)
376.231 .... 1424 packets received, 7757 bps, 96.97%, Err 0 (0.0e+00)
378.344 .... 1432 packets received, 7757 bps, 96.97%, Err 0 (0.0e+00)
380.459 .... 1440 packets received, 7757 bps, 96.96%, Err 0 (0.0e+00)
382.574 .... 1448 packets received, 7757 bps, 96.96%, Err 0 (0.0e+00)
384.690 .... 1456 packets received, 7757 bps, 96.96%, Err 0 (0.0e+00)
386.802 .... 1464 packets received, 7757 bps, 96.96%, Err 0 (0.0e+00)
388.902 .... 1472 packets received, 7757 bps, 96.97%, Err 0 (0.0e+00)
391.001 .... 1480 packets received, 7758 bps, 96.97%, Err 0 (0.0e+00)
393.114 .... 1488 packets received, 7758 bps, 96.97%, Err 0 (0.0e+00)
395.242 .... 1496 packets received, 7757 bps, 96.97%, Err 0 (0.0e+00)
397.357 .... 1504 packets received, 7757 bps, 96.96%, Err 0 (0.0e+00)
399.455 .... 1512 packets received, 7757 bps, 96.97%, Err 0 (0.0e+00)
401.584 .... 1520 packets received, 7757 bps, 96.96%, Err 0 (0.0e+00)
403.683 .... 1528 packets received, 7757 bps, 96.97%, Err 0 (0.0e+00)
405.811 .... 1536 packets received, 7757 bps, 96.96%, Err 0 (0.0e+00)
407.894 .... 1544 packets received, 7758 bps, 96.97%, Err 0 (0.0e+00)
410.024 .... 1552 packets received, 7757 bps, 96.97%, Err 0 (0.0e+00)
412.137 .... 1560 packets received, 7757 bps, 96.97%, Err 0 (0.0e+00)
414.247 .... 1568 packets received, 7757 bps, 96.97%, Err 0 (0.0e+00)
416.360 .... 1576 packets received, 7757 bps, 96.97%, Err 0 (0.0e+00)
418.473 .... 1584 packets received, 7757 bps, 96.97%, Err 0 (0.0e+00)
420.586 .... 1592 packets received, 7757 bps, 96.97%, Err 0 (0.0e+00)
422.699 .... 1600 packets received, 7757 bps, 96.97%, Err 0 (0.0e+00)
424.812 .... 1608 packets received, 7757 bps, 96.97%, Err 0 (0.0e+00)
426.923 .... 1616 packets received, 7757 bps, 96.97%, Err 0 (0.0e+00)
429.035 .... 1624 packets received, 7757 bps, 96.97%, Err 0 (0.0e+00)
431.134 .... 1632 packets received, 7757 bps, 96.97%, Err 0 (0.0e+00)
433.249 .... 1640 packets received, 7757 bps, 96.97%, Err 0 (0.0e+00)
435.363 .... 1648 packets received, 7757 bps, 96.97%, Err 0 (0.0e+00)
437.475 .... 1656 packets received, 7757 bps, 96.97%, Err 0 (0.0e+00)
439.600 .... 1664 packets received, 7757 bps, 96.96%, Err 0 (0.0e+00)
441.710 .... 1672 packets received, 7757 bps, 96.96%, Err 0 (0.0e+00)
443.820 .... 1680 packets received, 7757 bps, 96.97%, Err 0 (0.0e+00)
445.915 .... 1688 packets received, 7758 bps, 96.97%, Err 0 (0.0e+00)
448.027 .... 1696 packets received, 7758 bps, 96.97%, Err 0 (0.0e+00)
450.137 .... 1704 packets received, 7758 bps, 96.97%, Err 0 (0.0e+00)
452.262 .... 1712 packets received, 7757 bps, 96.97%, Err 0 (0.0e+00)
454.375 .... 1720 packets received, 7757 bps, 96.97%, Err 0 (0.0e+00)
456.482 .... 1728 packets received, 7757 bps, 96.97%, Err 0 (0.0e+00)
458.606 .... 1736 packets received, 7757 bps, 96.97%, Err 0 (0.0e+00)
460.719 .... 1744 packets received, 7757 bps, 96.96%, Err 0 (0.0e+00)
462.817 .... 1752 packets received, 7757 bps, 96.97%, Err 0 (0.0e+00)
464.930 .... 1760 packets received, 7757 bps, 96.97%, Err 0 (0.0e+00)
467.039 .... 1768 packets received, 7757 bps, 96.97%, Err 0 (0.0e+00)
469.152 .... 1776 packets received, 7757 bps, 96.97%, Err 0 (0.0e+00)
471.282 .... 1784 packets received, 7757 bps, 96.96%, Err 0 (0.0e+00)
473.369 .... 1792 packets received, 7758 bps, 96.97%, Err 0 (0.0e+00)
475.495 .... 1800 packets received, 7757 bps, 96.97%, Err 0 (0.0e+00)
477.606 .... 1808 packets received, 7757 bps, 96.97%, Err 0 (0.0e+00)
479.722 .... 1816 packets received, 7757 bps, 96.97%, Err 0 (0.0e+00)
481.834 .... 1824 packets received, 7757 bps, 96.97%, Err 0 (0.0e+00)
483.945 .... 1832 packets received, 7757 bps, 96.97%, Err 0 (0.0e+00)
486.055 .... 1840 packets received, 7757 bps, 96.97%, Err 0 (0.0e+00)
488.174 .... 1848 packets received, 7757 bps, 96.97%, Err 0 (0.0e+00)
490.277 .... 1856 packets received, 7757 bps, 96.97%, Err 0 (0.0e+00)
492.397 .... 1864 packets received, 7757 bps, 96.97%, Err 0 (0.0e+00)
494.509 .... 1872 packets received, 7757 bps, 96.97%, Err 0 (0.0e+00)
496.614 .... 1880 packets received, 7757 bps, 96.97%, Err 0 (0.0e+00)
498.723 .... 1888 packets received, 7757 bps, 96.97%, Err 0 (0.0e+00)
500.837 .... 1896 packets received, 7757 bps, 96.97%, Err 0 (0.0e+00)
502.949 .... 1904 packets received, 7757 bps, 96.97%, Err 0 (0.0e+00)
505.066 .... 1912 packets received, 7757 bps, 96.97%, Err 0 (0.0e+00)
507.180 .... 1920 packets received, 7757 bps, 96.97%, Err 0 (0.0e+00)
509.280 .... 1928 packets received, 7757 bps, 96.97%, Err 0 (0.0e+00)
511.391 .... 1936 packets received, 7757 bps, 96.97%, Err 0 (0.0e+00)
513.504 .... 1944 packets received, 7757 bps, 96.97%, Err 0 (0.0e+00)
515.617 .... 1952 packets received, 7757 bps, 96.97%, Err 0 (0.0e+00)
517.710 .... 1960 packets received, 7758 bps, 96.97%, Err 0 (0.0e+00)
519.837 .... 1968 packets received, 7758 bps, 96.97%, Err 0 (0.0e+00)
521.968 .... 1976 packets received, 7757 bps, 96.97%, Err 0 (0.0e+00)
524.069 .... 1984 packets received, 7757 bps, 96.97%, Err 0 (0.0e+00)
526.184 .... 1992 packets received, 7757 bps, 96.97%, Err 0 (0.0e+00)
528.286 .... 2000 packets received, 7757 bps, 96.97%, Err 0 (0.0e+00)
530.399 .... 2008 packets received, 7757 bps, 96.97%, Err 0 (0.0e+00)
532.527 .... 2016 packets received, 7757 bps, 96.97%, Err 0 (0.0e+00)
534.626 .... 2024 packets received, 7757 bps, 96.97%, Err 0 (0.0e+00)
536.739 .... 2032 packets received, 7757 bps, 96.97%, Err 0 (0.0e+00)
538.866 .... 2040 packets received, 7757 bps, 96.97%, Err 0 (0.0e+00)
540.980 .... 2048 packets received, 7757 bps, 96.96%, Err 0 (0.0e+00)
543.076 .... 2056 packets received, 7757 bps, 96.97%, Err 0 (0.0e+00)
545.189 .... 2064 packets received, 7757 bps, 96.97%, Err 0 (0.0e+00)
547.302 .... 2072 packets received, 7757 bps, 96.97%, Err 0 (0.0e+00)
549.426 .... 2080 packets received, 7757 bps, 96.97%, Err 0 (0.0e+00)
551.498 .... 2088 packets received, 7758 bps, 96.97%, Err 0 (0.0e+00)
553.640 .... 2096 packets received, 7757 bps, 96.97%, Err 0 (0.0e+00)
555.739 .... 2104 packets received, 7758 bps, 96.97%, Err 0 (0.0e+00)
557.863 .... 2112 packets received, 7757 bps, 96.97%, Err 0 (0.0e+00)
559.976 .... 2120 packets received, 7757 bps, 96.97%, Err 0 (0.0e+00)
562.089 .... 2128 packets received, 7757 bps, 96.97%, Err 0 (0.0e+00)
564.191 .... 2136 packets received, 7757 bps, 96.97%, Err 0 (0.0e+00)
566.297 .... 2144 packets received, 7758 bps, 96.97%, Err 0 (0.0e+00)
568.429 .... 2152 packets received, 7757 bps, 96.97%, Err 0 (0.0e+00)
570.547 .... 2160 packets received, 7757 bps, 96.97%, Err 0 (0.0e+00)
572.633 .... 2168 packets received, 7758 bps, 96.97%, Err 0 (0.0e+00)
574.767 .... 2176 packets received, 7757 bps, 96.97%, Err 0 (0.0e+00)
576.882 .... 2184 packets received, 7757 bps, 96.97%, Err 0 (0.0e+00)
578.997 .... 2192 packets received, 7757 bps, 96.96%, Err 0 (0.0e+00)
581.096 .... 2200 packets received, 7757 bps, 96.97%, Err 0 (0.0e+00)
583.206 .... 2208 packets received, 7757 bps, 96.97%, Err 0 (0.0e+00)
585.316 .... 2216 packets received, 7757 bps, 96.97%, Err 0 (0.0e+00)
587.426 .... 2224 packets received, 7757 bps, 96.97%, Err 0 (0.0e+00)
589.539 .... 2232 packets received, 7757 bps, 96.97%, Err 0 (0.0e+00)
591.651 .... 2240 packets received, 7757 bps, 96.97%, Err 0 (0.0e+00)
593.762 .... 2248 packets received, 7757 bps, 96.97%, Err 0 (0.0e+00)
595.891 .... 2256 packets received, 7757 bps, 96.97%, Err 0 (0.0e+00)
597.992 .... 2264 packets received, 7757 bps, 96.97%, Err 0 (0.0e+00)
600.089 .... 2272 packets received, 7758 bps, 96.97%, Err 0 (0.0e+00)
602.201 .... 2280 packets received, 7758 bps, 96.97%, Err 0 (0.0e+00)
604.313 .... 2288 packets received, 7758 bps, 96.97%, Err 0 (0.0e+00)
606.425 .... 2296 packets received, 7758 bps, 96.97%, Err 0 (0.0e+00)
608.552 .... 2304 packets received, 7757 bps, 96.97%, Err 0 (0.0e+00)
610.663 .... 2312 packets received, 7757 bps, 96.97%, Err 0 (0.0e+00)
612.776 .... 2320 packets received, 7757 bps, 96.97%, Err 0 (0.0e+00)
614.873 .... 2328 packets received, 7758 bps, 96.97%, Err 0 (0.0e+00)
616.999 .... 2336 packets received, 7757 bps, 96.97%, Err 0 (0.0e+00)
619.112 .... 2344 packets received, 7757 bps, 96.97%, Err 0 (0.0e+00)
621.223 .... 2352 packets received, 7757 bps, 96.97%, Err 0 (0.0e+00)
623.335 .... 2360 packets received, 7757 bps, 96.97%, Err 0 (0.0e+00)
625.447 .... 2368 packets received, 7757 bps, 96.97%, Err 0 (0.0e+00)
627.547 .... 2376 packets received, 7758 bps, 96.97%, Err 0 (0.0e+00)
629.674 .... 2384 packets received, 7757 bps, 96.97%, Err 0 (0.0e+00)
631.788 .... 2392 packets received, 7757 bps, 96.97%, Err 0 (0.0e+00)
633.900 .... 2400 packets received, 7757 bps, 96.97%, Err 0 (0.0e+00)
636.012 .... 2408 packets received, 7757 bps, 96.97%, Err 0 (0.0e+00)
638.125 .... 2416 packets received, 7757 bps, 96.97%, Err 0 (0.0e+00)
640.236 .... 2424 packets received, 7757 bps, 96.97%, Err 0 (0.0e+00)
642.348 .... 2432 packets received, 7757 bps, 96.97%, Err 0 (0.0e+00)
644.461 .... 2440 packets received, 7757 bps, 96.97%, Err 0 (0.0e+00)
646.574 .... 2448 packets received, 7757 bps, 96.97%, Err 0 (0.0e+00)
648.688 .... 2456 packets received, 7757 bps, 96.97%, Err 0 (0.0e+00)
650.786 .... 2464 packets received, 7757 bps, 96.97%, Err 0 (0.0e+00)
652.913 .... 2472 packets received, 7757 bps, 96.97%, Err 0 (0.0e+00)
655.019 .... 2480 packets received, 7757 bps, 96.97%, Err 0 (0.0e+00)
657.131 .... 2488 packets received, 7757 bps, 96.97%, Err 0 (0.0e+00)
659.244 .... 2496 packets received, 7757 bps, 96.97%, Err 0 (0.0e+00)
661.356 .... 2504 packets received, 7757 bps, 96.97%, Err 0 (0.0e+00)
663.468 .... 2512 packets received, 7757 bps, 96.97%, Err 0 (0.0e+00)
665.574 .... 2520 packets received, 7757 bps, 96.97%, Err 0 (0.0e+00)
667.685 .... 2528 packets received, 7757 bps, 96.97%, Err 0 (0.0e+00)
669.798 .... 2536 packets received, 7757 bps, 96.97%, Err 0 (0.0e+00)
671.909 .... 2544 packets received, 7757 bps, 96.97%, Err 0 (0.0e+00)
674.020 .... 2552 packets received, 7757 bps, 96.97%, Err 0 (0.0e+00)
676.132 .... 2560 packets received, 7757 bps, 96.97%, Err 0 (0.0e+00)
678.241 .... 2568 packets received, 7757 bps, 96.97%, Err 0 (0.0e+00)
680.362 .... 2576 packets received, 7757 bps, 96.97%, Err 0 (0.0e+00)
682.471 .... 2584 packets received, 7757 bps, 96.97%, Err 0 (0.0e+00)
684.571 .... 2592 packets received, 7758 bps, 96.97%, Err 0 (0.0e+00)
686.695 .... 2600 packets received, 7757 bps, 96.97%, Err 0 (0.0e+00)
688.806 .... 2608 packets received, 7757 bps, 96.97%, Err 0 (0.0e+00)
690.917 .... 2616 packets received, 7757 bps, 96.97%, Err 0 (0.0e+00)
693.030 .... 2624 packets received, 7757 bps, 96.97%, Err 0 (0.0e+00)
695.144 .... 2632 packets received, 7757 bps, 96.97%, Err 0 (0.0e+00)
697.256 .... 2640 packets received, 7757 bps, 96.97%, Err 0 (0.0e+00)
699.366 .... 2648 packets received, 7757 bps, 96.97%, Err 0 (0.0e+00)
701.477 .... 2656 packets received, 7757 bps, 96.97%, Err 0 (0.0e+00)
703.590 .... 2664 packets received, 7757 bps, 96.97%, Err 0 (0.0e+00)
705.703 .... 2672 packets received, 7757 bps, 96.97%, Err 0 (0.0e+00)
707.814 .... 2680 packets received, 7757 bps, 96.97%, Err 0 (0.0e+00)
709.927 .... 2688 packets received, 7757 bps, 96.97%, Err 0 (0.0e+00)
712.024 .... 2696 packets received, 7758 bps, 96.97%, Err 0 (0.0e+00)
714.149 .... 2704 packets received, 7757 bps, 96.97%, Err 0 (0.0e+00)
716.275 .... 2712 packets received, 7757 bps, 96.97%, Err 0 (0.0e+00)
718.388 .... 2720 packets received, 7757 bps, 96.97%, Err 0 (0.0e+00)
720.486 .... 2728 packets received, 7757 bps, 96.97%, Err 0 (0.0e+00)
722.585 .... 2736 packets received, 7758 bps, 96.97%, Err 0 (0.0e+00)
724.713 .... 2744 packets received, 7757 bps, 96.97%, Err 0 (0.0e+00)
726.811 .... 2752 packets received, 7758 bps, 96.97%, Err 0 (0.0e+00)
728.939 .... 2760 packets received, 7757 bps, 96.97%, Err 0 (0.0e+00)
731.039 .... 2768 packets received, 7758 bps, 96.97%, Err 0 (0.0e+00)
733.167 .... 2776 packets received, 7757 bps, 96.97%, Err 0 (0.0e+00)
735.281 .... 2784 packets received, 7757 bps, 96.97%, Err 0 (0.0e+00)
737.380 .... 2792 packets received, 7757 bps, 96.97%, Err 0 (0.0e+00)
739.492 .... 2800 packets received, 7757 bps, 96.97%, Err 0 (0.0e+00)
741.620 .... 2808 packets received, 7757 bps, 96.97%, Err 0 (0.0e+00)
743.707 .... 2816 packets received, 7758 bps, 96.97%, Err 0 (0.0e+00)
745.819 .... 2824 packets received, 7758 bps, 96.97%, Err 0 (0.0e+00)
747.948 .... 2832 packets received, 7757 bps, 96.97%, Err 0 (0.0e+00)
750.046 .... 2840 packets received, 7758 bps, 96.97%, Err 0 (0.0e+00)
752.160 .... 2848 packets received, 7757 bps, 96.97%, Err 0 (0.0e+00)
754.268 .... 2856 packets received, 7758 bps, 96.97%, Err 0 (0.0e+00)
756.384 .... 2864 packets received, 7757 bps, 96.97%, Err 0 (0.0e+00)
758.493 .... 2872 packets received, 7758 bps, 96.97%, Err 0 (0.0e+00)
760.622 .... 2880 packets received, 7757 bps, 96.97%, Err 0 (0.0e+00)
762.721 .... 2888 packets received, 7757 bps, 96.97%, Err 0 (0.0e+00)
764.834 .... 2896 packets received, 7757 bps, 96.97%, Err 0 (0.0e+00)
766.948 .... 2904 packets received, 7757 bps, 96.97%, Err 0 (0.0e+00)
769.061 .... 2912 packets received, 7757 bps, 96.97%, Err 0 (0.0e+00)
771.174 .... 2920 packets received, 7757 bps, 96.97%, Err 0 (0.0e+00)
773.263 .... 2928 packets received, 7758 bps, 96.97%, Err 0 (0.0e+00)
775.391 .... 2936 packets received, 7758 bps, 96.97%, Err 0 (0.0e+00)
777.504 .... 2944 packets received, 7757 bps, 96.97%, Err 0 (0.0e+00)
779.603 .... 2952 packets received, 7758 bps, 96.97%, Err 0 (0.0e+00)
781.723 .... 2960 packets received, 7758 bps, 96.97%, Err 0 (0.0e+00)
783.838 .... 2968 packets received, 7758 bps, 96.97%, Err 0 (0.0e+00)
785.953 .... 2976 packets received, 7757 bps, 96.97%, Err 0 (0.0e+00)
788.081 .... 2984 packets received, 7757 bps, 96.97%, Err 0 (0.0e+00)
790.195 .... 2992 packets received, 7757 bps, 96.97%, Err 0 (0.0e+00)
792.280 .... 3000 packets received, 7758 bps, 96.97%, Err 0 (0.0e+00)
794.407 .... 3008 packets received, 7757 bps, 96.97%, Err 0 (0.0e+00)
796.521 .... 3016 packets received, 7757 bps, 96.97%, Err 0 (0.0e+00)
798.619 .... 3024 packets received, 7758 bps, 96.97%, Err 0 (0.0e+00)
800.733 .... 3032 packets received, 7758 bps, 96.97%, Err 0 (0.0e+00)
802.864 .... 3040 packets received, 7757 bps, 96.97%, Err 0 (0.0e+00)
804.964 .... 3048 packets received, 7757 bps, 96.97%, Err 0 (0.0e+00)
807.076 .... 3056 packets received, 7757 bps, 96.97%, Err 0 (0.0e+00)
809.188 .... 3064 packets received, 7757 bps, 96.97%, Err 0 (0.0e+00)
811.300 .... 3072 packets received, 7757 bps, 96.97%, Err 0 (0.0e+00)
813.412 .... 3080 packets received, 7757 bps, 96.97%, Err 0 (0.0e+00)
815.523 .... 3088 packets received, 7757 bps, 96.97%, Err 0 (0.0e+00)
817.635 .... 3096 packets received, 7757 bps, 96.97%, Err 0 (0.0e+00)
819.746 .... 3104 packets received, 7757 bps, 96.97%, Err 0 (0.0e+00)
821.846 .... 3112 packets received, 7758 bps, 96.97%, Err 0 (0.0e+00)
823.960 .... 3120 packets received, 7758 bps, 96.97%, Err 0 (0.0e+00)
826.088 .... 3128 packets received, 7757 bps, 96.97%, Err 0 (0.0e+00)
828.204 .... 3136 packets received, 7757 bps, 96.97%, Err 0 (0.0e+00)
830.318 .... 3144 packets received, 7757 bps, 96.97%, Err 0 (0.0e+00)
832.430 .... 3152 packets received, 7757 bps, 96.97%, Err 0 (0.0e+00)
834.537 .... 3160 packets received, 7757 bps, 96.97%, Err 0 (0.0e+00)
836.652 .... 3168 packets received, 7757 bps, 96.97%, Err 0 (0.0e+00)
838.762 .... 3176 packets received, 7757 bps, 96.97%, Err 0 (0.0e+00)
840.857 .... 3184 packets received, 7758 bps, 96.97%, Err 0 (0.0e+00)
842.984 .... 3192 packets received, 7757 bps, 96.97%, Err 0 (0.0e+00)
845.096 .... 3200 packets received, 7757 bps, 96.97%, Err 0 (0.0e+00)
847.199 .... 3208 packets received, 7758 bps, 96.97%, Err 0 (0.0e+00)
849.318 .... 3216 packets received, 7757 bps, 96.97%, Err 0 (0.0e+00)
851.430 .... 3224 packets received, 7757 bps, 96.97%, Err 0 (0.0e+00)
853.535 .... 3232 packets received, 7758 bps, 96.97%, Err 0 (0.0e+00)
855.649 .... 3240 packets received, 7757 bps, 96.97%, Err 0 (0.0e+00)
857.764 .... 3248 packets received, 7757 bps, 96.97%, Err 0 (0.0e+00)
859.875 .... 3256 packets received, 7757 bps, 96.97%, Err 0 (0.0e+00)
861.998 .... 3264 packets received, 7757 bps, 96.97%, Err 0 (0.0e+00)
864.096 .... 3272 packets received, 7758 bps, 96.97%, Err 0 (0.0e+00)
866.199 .... 3280 packets received, 7758 bps, 96.97%, Err 0 (0.0e+00)
868.340 .... 3288 packets received, 7757 bps, 96.97%, Err 0 (0.0e+00)
870.437 .... 3296 packets received, 7757 bps, 96.97%, Err 0 (0.0e+00)
872.550 .... 3304 packets received, 7757 bps, 96.97%, Err 0 (0.0e+00)
874.660 .... 3312 packets received, 7757 bps, 96.97%, Err 0 (0.0e+00)
876.771 .... 3320 packets received, 7757 bps, 96.97%, Err 0 (0.0e+00)
878.882 .... 3328 packets received, 7757 bps, 96.97%, Err 0 (0.0e+00)
880.993 .... 3336 packets received, 7757 bps, 96.97%, Err 0 (0.0e+00)
883.104 .... 3344 packets received, 7758 bps, 96.97%, Err 0 (0.0e+00)
885.233 .... 3352 packets received, 7757 bps, 96.97%, Err 0 (0.0e+00)
887.346 .... 3360 packets received, 7757 bps, 96.97%, Err 0 (0.0e+00)
889.459 .... 3368 packets received, 7757 bps, 96.97%, Err 0 (0.0e+00)
891.557 .... 3376 packets received, 7757 bps, 96.97%, Err 0 (0.0e+00)
893.658 .... 3384 packets received, 7758 bps, 96.97%, Err 0 (0.0e+00)
895.770 .... 3392 packets received, 7758 bps, 96.97%, Err 0 (0.0e+00)
897.895 .... 3400 packets received, 7757 bps, 96.97%, Err 0 (0.0e+00)
900.006 .... 3408 packets received, 7757 bps, 96.97%, Err 0 (0.0e+00)
902.123 .... 3416 packets received, 7757 bps, 96.97%, Err 0 (0.0e+00)
904.221 .... 3424 packets received, 7758 bps, 96.97%, Err 0 (0.0e+00)
906.338 .... 3432 packets received, 7757 bps, 96.97%, Err 0 (0.0e+00)
908.449 .... 3440 packets received, 7757 bps, 96.97%, Err 0 (0.0e+00)
910.577 .... 3448 packets received, 7757 bps, 96.97%, Err 0 (0.0e+00)
912.675 .... 3456 packets received, 7757 bps, 96.97%, Err 0 (0.0e+00)
914.803 .... 3464 packets received, 7757 bps, 96.97%, Err 0 (0.0e+00)
916.888 .... 3472 packets received, 7758 bps, 96.97%, Err 0 (0.0e+00)
919.010 .... 3480 packets received, 7757 bps, 96.97%, Err 0 (0.0e+00)
921.126 .... 3488 packets received, 7757 bps, 96.97%, Err 0 (0.0e+00)
923.242 .... 3496 packets received, 7757 bps, 96.97%, Err 0 (0.0e+00)
925.355 .... 3504 packets received, 7757 bps, 96.97%, Err 0 (0.0e+00)
927.453 .... 3512 packets received, 7758 bps, 96.97%, Err 0 (0.0e+00)
929.566 .... 3520 packets received, 7758 bps, 96.97%, Err 0 (0.0e+00)
931.683 .... 3528 packets received, 7757 bps, 96.97%, Err 0 (0.0e+00)
933.798 .... 3536 packets received, 7757 bps, 96.97%, Err 0 (0.0e+00)
935.909 .... 3544 packets received, 7757 bps, 96.97%, Err 0 (0.0e+00)
938.009 .... 3552 packets received, 7758 bps, 96.97%, Err 0 (0.0e+00)
940.138 .... 3560 packets received, 7757 bps, 96.97%, Err 0 (0.0e+00)
942.259 .... 3568 packets received, 7757 bps, 96.97%, Err 0 (0.0e+00)
944.358 .... 3576 packets received, 7757 bps, 96.97%, Err 0 (0.0e+00)
946.457 .... 3584 packets received, 7758 bps, 96.97%, Err 0 (0.0e+00)
948.571 .... 3592 packets received, 7758 bps, 96.97%, Err 0 (0.0e+00)
950.698 .... 3600 packets received, 7757 bps, 96.97%, Err 0 (0.0e+00)
952.809 .... 3608 packets received, 7757 bps, 96.97%, Err 0 (0.0e+00)
954.905 .... 3616 packets received, 7758 bps, 96.97%, Err 0 (0.0e+00)
957.016 .... 3624 packets received, 7758 bps, 96.97%, Err 0 (0.0e+00)
959.129 .... 3632 packets received, 7758 bps, 96.97%, Err 0 (0.0e+00)
961.242 .... 3640 packets received, 7758 bps, 96.97%, Err 0 (0.0e+00)
963.371 .... 3648 packets received, 7757 bps, 96.97%, Err 0 (0.0e+00)
965.486 .... 3656 packets received, 7757 bps, 96.97%, Err 0 (0.0e+00)
967.585 .... 3664 packets received, 7758 bps, 96.97%, Err 0 (0.0e+00)
969.701 .... 3672 packets received, 7757 bps, 96.97%, Err 0 (0.0e+00)
971.815 .... 3680 packets received, 7757 bps, 96.97%, Err 0 (0.0e+00)
973.928 .... 3688 packets received, 7757 bps, 96.97%, Err 0 (0.0e+00)
976.042 .... 3696 packets received, 7757 bps, 96.97%, Err 0 (0.0e+00)
978.140 .... 3704 packets received, 7758 bps, 96.97%, Err 0 (0.0e+00)
980.254 .... 3712 packets received, 7758 bps, 96.97%, Err 0 (0.0e+00)
982.367 .... 3720 packets received, 7758 bps, 96.97%, Err 0 (0.0e+00)
984.481 .... 3728 packets received, 7758 bps, 96.97%, Err 0 (0.0e+00)
986.596 .... 3736 packets received, 7757 bps, 96.97%, Err 0 (0.0e+00)
988.705 .... 3744 packets received, 7758 bps, 96.97%, Err 0 (0.0e+00)
990.816 .... 3752 packets received, 7758 bps, 96.97%, Err 0 (0.0e+00)
992.929 .... 3760 packets received, 7758 bps, 96.97%, Err 0 (0.0e+00)
995.043 .... 3768 packets received, 7757 bps, 96.97%, Err 0 (0.0e+00)
997.157 .... 3776 packets received, 7757 bps, 96.97%, Err 0 (0.0e+00)
999.272 .... 3784 packets received, 7757 bps, 96.97%, Err 0 (0.0e+00)
1001.382 .... 3792 packets received, 7757 bps, 96.97%, Err 0 (0.0e+00)
1003.491 .... 3800 packets received, 7757 bps, 96.97%, Err 0 (0.0e+00)
1005.594 .... 3808 packets received, 7758 bps, 96.97%, Err 0 (0.0e+00)
1007.704 .... 3816 packets received, 7758 bps, 96.97%, Err 0 (0.0e+00)
1009.826 .... 3824 packets received, 7757 bps, 96.97%, Err 0 (0.0e+00)
1011.928 .... 3832 packets received, 7758 bps, 96.97%, Err 0 (0.0e+00)
1014.041 .... 3840 packets received, 7758 bps, 96.97%, Err 0 (0.0e+00)
1016.155 .... 3848 packets received, 7758 bps, 96.97%, Err 0 (0.0e+00)
1018.268 .... 3856 packets received, 7758 bps, 96.97%, Err 0 (0.0e+00)
1020.396 .... 3864 packets received, 7757 bps, 96.97%, Err 0 (0.0e+00)
1022.510 .... 3872 packets received, 7757 bps, 96.97%, Err 0 (0.0e+00)
1024.612 .... 3880 packets received, 7757 bps, 96.97%, Err 0 (0.0e+00)
1026.727 .... 3888 packets received, 7757 bps, 96.97%, Err 0 (0.0e+00)
1028.839 .... 3896 packets received, 7757 bps, 96.97%, Err 0 (0.0e+00)
1030.950 .... 3904 packets received, 7757 bps, 96.97%, Err 0 (0.0e+00)
1033.061 .... 3912 packets received, 7757 bps, 96.97%, Err 0 (0.0e+00)
1035.175 .... 3920 packets received, 7757 bps, 96.97%, Err 0 (0.0e+00)
1037.285 .... 3928 packets received, 7757 bps, 96.97%, Err 0 (0.0e+00)
1039.395 .... 3936 packets received, 7757 bps, 96.97%, Err 0 (0.0e+00)
1041.505 .... 3944 packets received, 7758 bps, 96.97%, Err 0 (0.0e+00)
1043.617 .... 3952 packets received, 7758 bps, 96.97%, Err 0 (0.0e+00)
1045.726 .... 3960 packets received, 7758 bps, 96.97%, Err 0 (0.0e+00)
1047.837 .... 3968 packets received, 7758 bps, 96.97%, Err 0 (0.0e+00)
1049.946 .... 3976 packets received, 7758 bps, 96.97%, Err 0 (0.0e+00)
1052.073 .... 3984 packets received, 7757 bps, 96.97%, Err 0 (0.0e+00)
1054.175 .... 3992 packets received, 7758 bps, 96.97%, Err 0 (0.0e+00)
1056.286 .... 4000 packets received, 7758 bps, 96.97%, Err 0 (0.0e+00)
1058.388 .... 4008 packets received, 7758 bps, 96.97%, Err 0 (0.0e+00)
1060.504 .... 4016 packets received, 7758 bps, 96.97%, Err 0 (0.0e+00)
1062.632 .... 4024 packets received, 7757 bps, 96.97%, Err 0 (0.0e+00)
1064.748 .... 4032 packets received, 7757 bps, 96.97%, Err 0 (0.0e+00)
1066.841 .... 4040 packets received, 7758 bps, 96.97%, Err 0 (0.0e+00)
1068.967 .... 4048 packets received, 7757 bps, 96.97%, Err 0 (0.0e+00)
1071.072 .... 4056 packets received, 7758 bps, 96.97%, Err 0 (0.0e+00)
1073.187 .... 4064 packets received, 7757 bps, 96.97%, Err 0 (0.0e+00)
1075.277 .... 4072 packets received, 7758 bps, 96.97%, Err 0 (0.0e+00)
1077.405 .... 4080 packets received, 7758 bps, 96.97%, Err 0 (0.0e+00)
1079.537 .... 4088 packets received, 7757 bps, 96.97%, Err 0 (0.0e+00)
1081.635 .... 4096 packets received, 7757 bps, 96.97%, Err 0 (0.0e+00)
1083.760 .... 4104 packets received, 7757 bps, 96.97%, Err 0 (0.0e+00)
1085.857 .... 4112 packets received, 7758 bps, 96.97%, Err 0 (0.0e+00)
1087.984 .... 4120 packets received, 7757 bps, 96.97%, Err 0 (0.0e+00)
1090.072 .... 4128 packets received, 7758 bps, 96.97%, Err 0 (0.0e+00)
1092.199 .... 4136 packets received, 7757 bps, 96.97%, Err 0 (0.0e+00)
1094.312 .... 4144 packets received, 7757 bps, 96.97%, Err 0 (0.0e+00)
1096.429 .... 4152 packets received, 7757 bps, 96.97%, Err 0 (0.0e+00)
1098.540 .... 4160 packets received, 7757 bps, 96.97%, Err 0 (0.0e+00)
1100.637 .... 4168 packets received, 7758 bps, 96.97%, Err 0 (0.0e+00)
1102.765 .... 4176 packets received, 7757 bps, 96.97%, Err 0 (0.0e+00)
1104.877 .... 4184 packets received, 7757 bps, 96.97%, Err 0 (0.0e+00)
1106.990 .... 4192 packets received, 7757 bps, 96.97%, Err 0 (0.0e+00)
1109.102 .... 4200 packets received, 7757 bps, 96.97%, Err 0 (0.0e+00)
1111.199 .... 4208 packets received, 7758 bps, 96.97%, Err 0 (0.0e+00)
1113.310 .... 4216 packets received, 7758 bps, 96.97%, Err 0 (0.0e+00)
1115.422 .... 4224 packets received, 7758 bps, 96.97%, Err 0 (0.0e+00)
1117.536 .... 4232 packets received, 7758 bps, 96.97%, Err 0 (0.0e+00)
1119.667 .... 4240 packets received, 7757 bps, 96.97%, Err 0 (0.0e+00)
1121.779 .... 4248 packets received, 7757 bps, 96.97%, Err 0 (0.0e+00)
1123.877 .... 4256 packets received, 7757 bps, 96.97%, Err 0 (0.0e+00)
1126.003 .... 4264 packets received, 7757 bps, 96.97%, Err 0 (0.0e+00)
1128.115 .... 4272 packets received, 7757 bps, 96.97%, Err 0 (0.0e+00)
1130.213 .... 4280 packets received, 7757 bps, 96.97%, Err 0 (0.0e+00)
1132.311 .... 4288 packets received, 7758 bps, 96.97%, Err 0 (0.0e+00)
1134.438 .... 4296 packets received, 7757 bps, 96.97%, Err 0 (0.0e+00)
1136.564 .... 4304 packets received, 7757 bps, 96.97%, Err 0 (0.0e+00)
1138.660 .... 4312 packets received, 7757 bps, 96.97%, Err 0 (0.0e+00)
1140.789 .... 4320 packets received, 7757 bps, 96.97%, Err 0 (0.0e+00)
1142.876 .... 4328 packets received, 7758 bps, 96.97%, Err 0 (0.0e+00)
1145.005 .... 4336 packets received, 7757 bps, 96.97%, Err 0 (0.0e+00)
1147.102 .... 4344 packets received, 7758 bps, 96.97%, Err 0 (0.0e+00)
1149.231 .... 4352 packets received, 7757 bps, 96.97%, Err 0 (0.0e+00)
1151.344 .... 4360 packets received, 7757 bps, 96.97%, Err 0 (0.0e+00)
1153.448 .... 4368 packets received, 7757 bps, 96.97%, Err 0 (0.0e+00)
1155.566 .... 4376 packets received, 7757 bps, 96.97%, Err 0 (0.0e+00)
1157.668 .... 4384 packets received, 7757 bps, 96.97%, Err 0 (0.0e+00)
1159.779 .... 4392 packets received, 7758 bps, 96.97%, Err 0 (0.0e+00)
1161.892 .... 4400 packets received, 7757 bps, 96.97%, Err 0 (0.0e+00)
1164.004 .... 4408 packets received, 7757 bps, 96.97%, Err 0 (0.0e+00)
1166.117 .... 4416 packets received, 7757 bps, 96.97%, Err 0 (0.0e+00)
1168.230 .... 4424 packets received, 7757 bps, 96.97%, Err 0 (0.0e+00)
1170.343 .... 4432 packets received, 7757 bps, 96.97%, Err 0 (0.0e+00)
1172.455 .... 4440 packets received, 7757 bps, 96.97%, Err 0 (0.0e+00)
1174.566 .... 4448 packets received, 7757 bps, 96.97%, Err 0 (0.0e+00)
1176.664 .... 4456 packets received, 7758 bps, 96.97%, Err 0 (0.0e+00)
1178.779 .... 4464 packets received, 7758 bps, 96.97%, Err 0 (0.0e+00)
1180.893 .... 4472 packets received, 7758 bps, 96.97%, Err 0 (0.0e+00)
1183.022 .... 4480 packets received, 7757 bps, 96.97%, Err 0 (0.0e+00)
1185.134 .... 4488 packets received, 7757 bps, 96.97%, Err 0 (0.0e+00)
1187.233 .... 4496 packets received, 7758 bps, 96.97%, Err 0 (0.0e+00)
1189.364 .... 4504 packets received, 7757 bps, 96.97%, Err 0 (0.0e+00)
1191.447 .... 4512 packets received, 7758 bps, 96.97%, Err 0 (0.0e+00)
1193.560 .... 4520 packets received, 7758 bps, 96.97%, Err 0 (0.0e+00)
1195.690 .... 4528 packets received, 7757 bps, 96.97%, Err 0 (0.0e+00)
1197.789 .... 4536 packets received, 7758 bps, 96.97%, Err 0 (0.0e+00)
1199.902 .... 4544 packets received, 7758 bps, 96.97%, Err 0 (0.0e+00)
1202.017 .... 4552 packets received, 7758 bps, 96.97%, Err 0 (0.0e+00)
1204.147 .... 4560 packets received, 7757 bps, 96.97%, Err 0 (0.0e+00)
1206.244 .... 4568 packets received, 7757 bps, 96.97%, Err 0 (0.0e+00)
1208.357 .... 4576 packets received, 7757 bps, 96.97%, Err 0 (0.0e+00)
1210.470 .... 4584 packets received, 7757 bps, 96.97%, Err 0 (0.0e+00)
1212.583 .... 4592 packets received, 7757 bps, 96.97%, Err 0 (0.0e+00)
1214.696 .... 4600 packets received, 7757 bps, 96.97%, Err 0 (0.0e+00)
1216.811 .... 4608 packets received, 7757 bps, 96.97%, Err 0 (0.0e+00)
1218.923 .... 4616 packets received, 7757 bps, 96.97%, Err 0 (0.0e+00)
1221.037 .... 4624 packets received, 7757 bps, 96.97%, Err 0 (0.0e+00)
1223.134 .... 4632 packets received, 7758 bps, 96.97%, Err 0 (0.0e+00)
1225.262 .... 4640 packets received, 7757 bps, 96.97%, Err 0 (0.0e+00)
1227.358 .... 4648 packets received, 7758 bps, 96.97%, Err 0 (0.0e+00)
1229.471 .... 4656 packets received, 7758 bps, 96.97%, Err 0 (0.0e+00)
1231.585 .... 4664 packets received, 7758 bps, 96.97%, Err 0 (0.0e+00)
1233.696 .... 4672 packets received, 7758 bps, 96.97%, Err 0 (0.0e+00)
1235.808 .... 4680 packets received, 7758 bps, 96.97%, Err 0 (0.0e+00)
1237.919 .... 4688 packets received, 7758 bps, 96.97%, Err 0 (0.0e+00)
1240.030 .... 4696 packets received, 7758 bps, 96.97%, Err 0 (0.0e+00)
1242.154 .... 4704 packets received, 7757 bps, 96.97%, Err 0 (0.0e+00)
1244.264 .... 4712 packets received, 7757 bps, 96.97%, Err 0 (0.0e+00)
1246.373 .... 4720 packets received, 7757 bps, 96.97%, Err 0 (0.0e+00)
1248.486 .... 4728 packets received, 7757 bps, 96.97%, Err 0 (0.0e+00)
1250.598 .... 4736 packets received, 7757 bps, 96.97%, Err 0 (0.0e+00)
1252.707 .... 4744 packets received, 7758 bps, 96.97%, Err 0 (0.0e+00)
1254.833 .... 4752 packets received, 7757 bps, 96.97%, Err 0 (0.0e+00)
1256.931 .... 4760 packets received, 7758 bps, 96.97%, Err 0 (0.0e+00)
1259.059 .... 4768 packets received, 7757 bps, 96.97%, Err 0 (0.0e+00)
1261.163 .... 4776 packets received, 7757 bps, 96.97%, Err 0 (0.0e+00)
1263.276 .... 4784 packets received, 7757 bps, 96.97%, Err 0 (0.0e+00)
1265.388 .... 4792 packets received, 7757 bps, 96.97%, Err 0 (0.0e+00)
1267.501 .... 4800 packets received, 7757 bps, 96.97%, Err 0 (0.0e+00)
1269.615 .... 4808 packets received, 7757 bps, 96.97%, Err 0 (0.0e+00)
1271.712 .... 4816 packets received, 7758 bps, 96.97%, Err 0 (0.0e+00)
1273.839 .... 4824 packets received, 7757 bps, 96.97%, Err 0 (0.0e+00)
1275.951 .... 4832 packets received, 7757 bps, 96.97%, Err 0 (0.0e+00)
1278.047 .... 4840 packets received, 7758 bps, 96.97%, Err 0 (0.0e+00)
1280.158 .... 4848 packets received, 7758 bps, 96.97%, Err 0 (0.0e+00)
1282.269 .... 4856 packets received, 7758 bps, 96.97%, Err 0 (0.0e+00)
1284.397 .... 4864 packets received, 7757 bps, 96.97%, Err 0 (0.0e+00)
1286.496 .... 4872 packets received, 7758 bps, 96.97%, Err 0 (0.0e+00)
1288.624 .... 4880 packets received, 7757 bps, 96.97%, Err 0 (0.0e+00)
1290.721 .... 4888 packets received, 7758 bps, 96.97%, Err 0 (0.0e+00)
1292.848 .... 4896 packets received, 7757 bps, 96.97%, Err 0 (0.0e+00)
1294.961 .... 4904 packets received, 7757 bps, 96.97%, Err 0 (0.0e+00)
1297.059 .... 4912 packets received, 7758 bps, 96.97%, Err 0 (0.0e+00)
1299.188 .... 4920 packets received, 7757 bps, 96.97%, Err 0 (0.0e+00)
1301.285 .... 4928 packets received, 7757 bps, 96.97%, Err 0 (0.0e+00)
1303.397 .... 4936 packets received, 7757 bps, 96.97%, Err 0 (0.0e+00)
1305.510 .... 4944 packets received, 7757 bps, 96.97%, Err 0 (0.0e+00)
1307.607 .... 4952 packets received, 7758 bps, 96.97%, Err 0 (0.0e+00)
1309.736 .... 4960 packets received, 7757 bps, 96.97%, Err 0 (0.0e+00)
1311.834 .... 4968 packets received, 7758 bps, 96.97%, Err 0 (0.0e+00)
1313.946 .... 4976 packets received, 7758 bps, 96.97%, Err 0 (0.0e+00)
1316.072 .... 4984 packets received, 7757 bps, 96.97%, Err 0 (0.0e+00)
1318.185 .... 4992 packets received, 7757 bps, 96.97%, Err 0 (0.0e+00)
1320.299 .... 5000 packets received, 7757 bps, 96.97%, Err 0 (0.0e+00)
1322.410 .... 5008 packets received, 7757 bps, 96.97%, Err 0 (0.0e+00)
1324.521 .... 5016 packets received, 7757 bps, 96.97%, Err 0 (0.0e+00)
1326.619 .... 5024 packets received, 7758 bps, 96.97%, Err 0 (0.0e+00)
1328.732 .... 5032 packets received, 7758 bps, 96.97%, Err 0 (0.0e+00)
1330.861 .... 5040 packets received, 7757 bps, 96.97%, Err 0 (0.0e+00)
1332.958 .... 5048 packets received, 7758 bps, 96.97%, Err 0 (0.0e+00)
1335.070 .... 5056 packets received, 7758 bps, 96.97%, Err 0 (0.0e+00)
1337.183 .... 5064 packets received, 7758 bps, 96.97%, Err 0 (0.0e+00)
1339.296 .... 5072 packets received, 7758 bps, 96.97%, Err 0 (0.0e+00)
1341.411 .... 5080 packets received, 7758 bps, 96.97%, Err 0 (0.0e+00)
1343.522 .... 5088 packets received, 7758 bps, 96.97%, Err 0 (0.0e+00)
1345.636 .... 5096 packets received, 7758 bps, 96.97%, Err 0 (0.0e+00)
1347.736 .... 5104 packets received, 7758 bps, 96.97%, Err 0 (0.0e+00)
1349.866 .... 5112 packets received, 7757 bps, 96.97%, Err 0 (0.0e+00)
1351.979 .... 5120 packets received, 7757 bps, 96.97%, Err 0 (0.0e+00)
1354.091 .... 5128 packets received, 7757 bps, 96.97%, Err 0 (0.0e+00)
1356.205 .... 5136 packets received, 7757 bps, 96.97%, Err 0 (0.0e+00)
1358.318 .... 5144 packets received, 7757 bps, 96.97%, Err 0 (0.0e+00)
1360.418 .... 5152 packets received, 7758 bps, 96.97%, Err 0 (0.0e+00)
1362.547 .... 5160 packets received, 7757 bps, 96.97%, Err 0 (0.0e+00)
1364.647 .... 5168 packets received, 7757 bps, 96.97%, Err 0 (0.0e+00)
1366.745 .... 5176 packets received, 7758 bps, 96.97%, Err 0 (0.0e+00)
1368.873 .... 5184 packets received, 7757 bps, 96.97%, Err 0 (0.0e+00)
1370.986 .... 5192 packets received, 7757 bps, 96.97%, Err 0 (0.0e+00)
1373.101 .... 5200 packets received, 7757 bps, 96.97%, Err 0 (0.0e+00)
1375.199 .... 5208 packets received, 7758 bps, 96.97%, Err 0 (0.0e+00)
1377.329 .... 5216 packets received, 7757 bps, 96.97%, Err 0 (0.0e+00)
1379.442 .... 5224 packets received, 7757 bps, 96.97%, Err 0 (0.0e+00)
1381.541 .... 5232 packets received, 7758 bps, 96.97%, Err 0 (0.0e+00)
1383.656 .... 5240 packets received, 7757 bps, 96.97%, Err 0 (0.0e+00)
1385.755 .... 5248 packets received, 7758 bps, 96.97%, Err 0 (0.0e+00)
1387.868 .... 5256 packets received, 7758 bps, 96.97%, Err 0 (0.0e+00)
1389.997 .... 5264 packets received, 7757 bps, 96.97%, Err 0 (0.0e+00)
1392.095 .... 5272 packets received, 7758 bps, 96.97%, Err 0 (0.0e+00)
1394.208 .... 5280 packets received, 7758 bps, 96.97%, Err 0 (0.0e+00)
1396.321 .... 5288 packets received, 7758 bps, 96.97%, Err 0 (0.0e+00)
1398.453 .... 5296 packets received, 7757 bps, 96.97%, Err 0 (0.0e+00)
1400.557 .... 5304 packets received, 7757 bps, 96.97%, Err 0 (0.0e+00)
1402.656 .... 5312 packets received, 7758 bps, 96.97%, Err 0 (0.0e+00)
1404.761 .... 5320 packets received, 7758 bps, 96.97%, Err 0 (0.0e+00)
1406.889 .... 5328 packets received, 7757 bps, 96.97%, Err 0 (0.0e+00)
1409.000 .... 5336 packets received, 7757 bps, 96.97%, Err 0 (0.0e+00)
1411.104 .... 5344 packets received, 7758 bps, 96.97%, Err 0 (0.0e+00)
1413.216 .... 5352 packets received, 7758 bps, 96.97%, Err 0 (0.0e+00)
1415.340 .... 5360 packets received, 7757 bps, 96.97%, Err 0 (0.0e+00)
1417.459 .... 5368 packets received, 7757 bps, 96.97%, Err 0 (0.0e+00)
